[2025-09-22T00:03:42.812+0000] {local_task_job_runner.py:123} INFO - ::group::Pre task execution logs
[2025-09-22T00:03:42.831+0000] {taskinstance.py:2614} INFO - Dependencies all met for dep_context=non-requeueable deps ti=<TaskInstance: nawy_real_estate_pipeline.silver_layer_transformations scheduled__2025-09-21T00:00:00+00:00 [queued]>
[2025-09-22T00:03:42.839+0000] {taskinstance.py:2614} INFO - Dependencies all met for dep_context=requeueable deps ti=<TaskInstance: nawy_real_estate_pipeline.silver_layer_transformations scheduled__2025-09-21T00:00:00+00:00 [queued]>
[2025-09-22T00:03:42.839+0000] {taskinstance.py:2867} INFO - Starting attempt 1 of 1
[2025-09-22T00:03:42.876+0000] {taskinstance.py:2890} INFO - Executing <Task(BashOperator): silver_layer_transformations> on 2025-09-21 00:00:00+00:00
[2025-09-22T00:03:42.882+0000] {warnings.py:112} WARNING - /home/***/.local/lib/python3.12/site-packages/***/task/task_runner/standard_task_runner.py:70: DeprecationWarning: This process (pid=1508) is multi-threaded, use of fork() may lead to deadlocks in the child.
  pid = os.fork()

[2025-09-22T00:03:42.883+0000] {standard_task_runner.py:72} INFO - Started process 1510 to run task
[2025-09-22T00:03:42.883+0000] {standard_task_runner.py:104} INFO - Running: ['***', 'tasks', 'run', 'nawy_real_estate_pipeline', 'silver_layer_transformations', 'scheduled__2025-09-21T00:00:00+00:00', '--job-id', '426', '--raw', '--subdir', 'DAGS_FOLDER/nawy_dag.py', '--cfg-path', '/tmp/tmpzawov5wu']
[2025-09-22T00:03:42.885+0000] {standard_task_runner.py:105} INFO - Job 426: Subtask silver_layer_transformations
[2025-09-22T00:03:42.963+0000] {task_command.py:467} INFO - Running <TaskInstance: nawy_real_estate_pipeline.silver_layer_transformations scheduled__2025-09-21T00:00:00+00:00 [running]> on host b65782a7021d
[2025-09-22T00:03:43.246+0000] {taskinstance.py:3134} INFO - Exporting env vars: AIRFLOW_CTX_DAG_OWNER='***' AIRFLOW_CTX_DAG_ID='nawy_real_estate_pipeline' AIRFLOW_CTX_TASK_ID='silver_layer_transformations' AIRFLOW_CTX_EXECUTION_DATE='2025-09-21T00:00:00+00:00' AIRFLOW_CTX_TRY_NUMBER='1' AIRFLOW_CTX_DAG_RUN_ID='scheduled__2025-09-21T00:00:00+00:00'
[2025-09-22T00:03:43.246+0000] {logging_mixin.py:190} INFO - Task instance is in running state
[2025-09-22T00:03:43.247+0000] {logging_mixin.py:190} INFO -  Previous state of the Task instance: queued
[2025-09-22T00:03:43.247+0000] {logging_mixin.py:190} INFO - Current task name:silver_layer_transformations state:running start_date:2025-09-22 00:03:42.831846+00:00
[2025-09-22T00:03:43.248+0000] {logging_mixin.py:190} INFO - Dag name:nawy_real_estate_pipeline and current dag run status:running
[2025-09-22T00:03:43.248+0000] {taskinstance.py:732} INFO - ::endgroup::
[2025-09-22T00:03:43.249+0000] {subprocess.py:78} INFO - Tmp dir root location: /tmp
[2025-09-22T00:03:43.250+0000] {subprocess.py:88} INFO - Running command: ['/usr/bin/bash', '-c', ' cd /opt/***/dags/../include/nawy_dbt_project && dbt run -m models/silver ']
[2025-09-22T00:03:43.259+0000] {subprocess.py:99} INFO - Output:
[2025-09-22T00:03:45.967+0000] {subprocess.py:106} INFO - [0m00:03:45  Running with dbt=1.10.11
[2025-09-22T00:03:45.969+0000] {subprocess.py:106} INFO - [0m00:03:45  [[33mWARNING[0m]: Deprecated functionality
[2025-09-22T00:03:45.969+0000] {subprocess.py:106} INFO - Usage of `--models`, `--model`, and `-m` is deprecated in favor of `--select` or
[2025-09-22T00:03:45.970+0000] {subprocess.py:106} INFO - `-s`.
[2025-09-22T00:03:46.353+0000] {subprocess.py:106} INFO - [0m00:03:46  Registered adapter: postgres=1.9.1
[2025-09-22T00:03:48.625+0000] {subprocess.py:106} INFO - [0m00:03:48  Found 15 models, 1 snapshot, 2 seeds, 553 macros
[2025-09-22T00:03:48.635+0000] {subprocess.py:106} INFO - [0m00:03:48
[2025-09-22T00:03:48.636+0000] {subprocess.py:106} INFO - [0m00:03:48  Concurrency: 5 threads (target='dev')
[2025-09-22T00:03:48.637+0000] {subprocess.py:106} INFO - [0m00:03:48
[2025-09-22T00:03:49.001+0000] {subprocess.py:106} INFO - [0m00:03:49  1 of 2 START sql table model dwh.leads_transformed ............................. [RUN]
[2025-09-22T00:03:49.002+0000] {subprocess.py:106} INFO - [0m00:03:49  2 of 2 START sql table model dwh.sales_transformed ............................. [RUN]
[2025-09-22T00:03:49.658+0000] {subprocess.py:106} INFO - [0m00:03:49  2 of 2 OK created sql table model dwh.sales_transformed ........................ [[32mSELECT 1333[0m in 0.65s]
[2025-09-22T00:03:50.637+0000] {subprocess.py:106} INFO - [0m00:03:50  1 of 2 OK created sql table model dwh.leads_transformed ........................ [[32mSELECT 55845[0m in 1.63s]
[2025-09-22T00:03:50.692+0000] {subprocess.py:106} INFO - [0m00:03:50
[2025-09-22T00:03:50.692+0000] {subprocess.py:106} INFO - [0m00:03:50  Finished running 2 table models in 0 hours 0 minutes and 2.05 seconds (2.05s).
[2025-09-22T00:03:50.782+0000] {subprocess.py:106} INFO - [0m00:03:50
[2025-09-22T00:03:50.782+0000] {subprocess.py:106} INFO - [0m00:03:50  [32mCompleted successfully[0m
[2025-09-22T00:03:50.783+0000] {subprocess.py:106} INFO - [0m00:03:50
[2025-09-22T00:03:50.784+0000] {subprocess.py:106} INFO - [0m00:03:50  Done. PASS=2 WARN=0 ERROR=0 SKIP=0 NO-OP=0 TOTAL=2
[2025-09-22T00:03:50.784+0000] {subprocess.py:106} INFO - [0m00:03:50  [[33mWARNING[0m][DeprecationsSummary]: Deprecated functionality
[2025-09-22T00:03:50.785+0000] {subprocess.py:106} INFO - Summary of encountered deprecations:
[2025-09-22T00:03:50.785+0000] {subprocess.py:106} INFO - - ModelParamUsageDeprecation: 1 occurrence
[2025-09-22T00:03:50.786+0000] {subprocess.py:106} INFO - To see all deprecation instances instead of just the first occurrence of each,
[2025-09-22T00:03:50.786+0000] {subprocess.py:106} INFO - run command again with the `--show-all-deprecations` flag. You may also need to
[2025-09-22T00:03:50.787+0000] {subprocess.py:106} INFO - run with `--no-partial-parse` as some deprecations are only encountered during
[2025-09-22T00:03:50.787+0000] {subprocess.py:106} INFO - parsing.
[2025-09-22T00:03:51.899+0000] {subprocess.py:110} INFO - Command exited with return code 0
[2025-09-22T00:03:51.950+0000] {taskinstance.py:341} INFO - ::group::Post task execution logs
[2025-09-22T00:03:51.950+0000] {taskinstance.py:353} INFO - Marking task as SUCCESS. dag_id=nawy_real_estate_pipeline, task_id=silver_layer_transformations, run_id=scheduled__2025-09-21T00:00:00+00:00, execution_date=20250921T000000, start_date=20250922T000342, end_date=20250922T000351
[2025-09-22T00:03:52.017+0000] {logging_mixin.py:190} INFO - Task instance in success state
[2025-09-22T00:03:52.018+0000] {logging_mixin.py:190} INFO -  Previous state of the Task instance: running
[2025-09-22T00:03:52.018+0000] {logging_mixin.py:190} INFO - Dag name:nawy_real_estate_pipeline queued_at:2025-09-22 00:00:00.042341+00:00
[2025-09-22T00:03:52.019+0000] {logging_mixin.py:190} INFO - Task hostname:b65782a7021d operator:BashOperator
[2025-09-22T00:03:52.066+0000] {local_task_job_runner.py:266} INFO - Task exited with return code 0
[2025-09-22T00:03:52.090+0000] {taskinstance.py:3901} INFO - 1 downstream tasks scheduled from follow-on schedule check
[2025-09-22T00:03:52.118+0000] {local_task_job_runner.py:245} INFO - ::endgroup::
