[2025-09-21T23:22:17.181+0000] {local_task_job_runner.py:123} INFO - ::group::Pre task execution logs
[2025-09-21T23:22:17.227+0000] {taskinstance.py:2614} INFO - Dependencies all met for dep_context=non-requeueable deps ti=<TaskInstance: nawy_real_estate_pipeline.installing_required_dependencies manual__2025-09-20T08:09:14.175023+00:00 [queued]>
[2025-09-21T23:22:17.249+0000] {taskinstance.py:2614} INFO - Dependencies all met for dep_context=requeueable deps ti=<TaskInstance: nawy_real_estate_pipeline.installing_required_dependencies manual__2025-09-20T08:09:14.175023+00:00 [queued]>
[2025-09-21T23:22:17.250+0000] {taskinstance.py:2867} INFO - Starting attempt 2 of 2
[2025-09-21T23:22:17.365+0000] {taskinstance.py:2890} INFO - Executing <Task(BashOperator): installing_required_dependencies> on 2025-09-20 08:09:14.175023+00:00
[2025-09-21T23:22:17.374+0000] {warnings.py:112} WARNING - /home/***/.local/lib/python3.12/site-packages/***/task/task_runner/standard_task_runner.py:70: DeprecationWarning: This process (pid=458) is multi-threaded, use of fork() may lead to deadlocks in the child.
  pid = os.fork()

[2025-09-21T23:22:17.377+0000] {standard_task_runner.py:72} INFO - Started process 473 to run task
[2025-09-21T23:22:17.381+0000] {standard_task_runner.py:104} INFO - Running: ['***', 'tasks', 'run', 'nawy_real_estate_pipeline', 'installing_required_dependencies', 'manual__2025-09-20T08:09:14.175023+00:00', '--job-id', '382', '--raw', '--subdir', 'DAGS_FOLDER/nawy_dag.py', '--cfg-path', '/tmp/tmp66hxj8ip']
[2025-09-21T23:22:17.386+0000] {standard_task_runner.py:105} INFO - Job 382: Subtask installing_required_dependencies
[2025-09-21T23:22:17.576+0000] {task_command.py:467} INFO - Running <TaskInstance: nawy_real_estate_pipeline.installing_required_dependencies manual__2025-09-20T08:09:14.175023+00:00 [running]> on host b65782a7021d
[2025-09-21T23:22:17.895+0000] {taskinstance.py:3134} INFO - Exporting env vars: AIRFLOW_CTX_DAG_OWNER='***' AIRFLOW_CTX_DAG_ID='nawy_real_estate_pipeline' AIRFLOW_CTX_TASK_ID='installing_required_dependencies' AIRFLOW_CTX_EXECUTION_DATE='2025-09-20T08:09:14.175023+00:00' AIRFLOW_CTX_TRY_NUMBER='2' AIRFLOW_CTX_DAG_RUN_ID='manual__2025-09-20T08:09:14.175023+00:00'
[2025-09-21T23:22:17.898+0000] {logging_mixin.py:190} INFO - Task instance is in running state
[2025-09-21T23:22:17.899+0000] {logging_mixin.py:190} INFO -  Previous state of the Task instance: queued
[2025-09-21T23:22:17.899+0000] {logging_mixin.py:190} INFO - Current task name:installing_required_dependencies state:running start_date:2025-09-21 23:22:17.230639+00:00
[2025-09-21T23:22:17.900+0000] {logging_mixin.py:190} INFO - Dag name:nawy_real_estate_pipeline and current dag run status:running
[2025-09-21T23:22:17.901+0000] {taskinstance.py:732} INFO - ::endgroup::
[2025-09-21T23:22:17.903+0000] {subprocess.py:78} INFO - Tmp dir root location: /tmp
[2025-09-21T23:22:17.963+0000] {subprocess.py:88} INFO - Running command: ['/usr/bin/bash', '-c', ' cd /opt/***/dags/../include/nawy_dbt_project && dbt clean &&  dbt deps --no-version-check ']
[2025-09-21T23:22:17.990+0000] {subprocess.py:99} INFO - Output:
[2025-09-21T23:22:24.285+0000] {subprocess.py:106} INFO - [0m23:22:24  Running with dbt=1.10.11
[2025-09-21T23:22:24.812+0000] {subprocess.py:106} INFO - [0m23:22:24  Checking /opt/***/include/nawy_dbt_project/dbt_packages/*
[2025-09-21T23:22:24.863+0000] {subprocess.py:106} INFO - [0m23:22:24  Cleaned /opt/***/include/nawy_dbt_project/dbt_packages/*
[2025-09-21T23:22:24.865+0000] {subprocess.py:106} INFO - [0m23:22:24  Checking /opt/***/include/nawy_dbt_project/target/*
[2025-09-21T23:22:24.867+0000] {subprocess.py:106} INFO - [0m23:22:24  Cleaned /opt/***/include/nawy_dbt_project/target/*
[2025-09-21T23:22:24.868+0000] {subprocess.py:106} INFO - [0m23:22:24  Finished cleaning all paths.
[2025-09-21T23:22:32.248+0000] {subprocess.py:106} INFO - [0m23:22:32  Running with dbt=1.10.11
[2025-09-21T23:22:35.776+0000] {subprocess.py:106} INFO - [0m23:22:35  Installing dbt-labs/dbt_utils
[2025-09-21T23:22:40.305+0000] {subprocess.py:106} INFO - [0m23:22:40  Installed from version 1.3.0
[2025-09-21T23:22:40.306+0000] {subprocess.py:106} INFO - [0m23:22:40  Updated version available: 1.3.1
[2025-09-21T23:22:40.309+0000] {subprocess.py:106} INFO - [0m23:22:40
[2025-09-21T23:22:40.311+0000] {subprocess.py:106} INFO - [0m23:22:40  Updates available for packages: ['dbt-labs/dbt_utils']
[2025-09-21T23:22:40.312+0000] {subprocess.py:106} INFO - Update your versions in packages.yml, then run dbt deps
[2025-09-21T23:22:41.389+0000] {subprocess.py:110} INFO - Command exited with return code 0
[2025-09-21T23:22:41.797+0000] {taskinstance.py:341} INFO - ::group::Post task execution logs
[2025-09-21T23:22:41.798+0000] {taskinstance.py:353} INFO - Marking task as SUCCESS. dag_id=nawy_real_estate_pipeline, task_id=installing_required_dependencies, run_id=manual__2025-09-20T08:09:14.175023+00:00, execution_date=20250920T080914, start_date=20250921T232217, end_date=20250921T232241
[2025-09-21T23:22:41.981+0000] {logging_mixin.py:190} INFO - Task instance in success state
[2025-09-21T23:22:41.982+0000] {logging_mixin.py:190} INFO -  Previous state of the Task instance: running
[2025-09-21T23:22:41.983+0000] {logging_mixin.py:190} INFO - Dag name:nawy_real_estate_pipeline queued_at:2025-09-21 23:03:47.690722+00:00
[2025-09-21T23:22:41.984+0000] {logging_mixin.py:190} INFO - Task hostname:b65782a7021d operator:BashOperator
[2025-09-21T23:22:42.045+0000] {local_task_job_runner.py:266} INFO - Task exited with return code 0
[2025-09-21T23:22:42.109+0000] {taskinstance.py:3901} INFO - 1 downstream tasks scheduled from follow-on schedule check
[2025-09-21T23:22:42.151+0000] {local_task_job_runner.py:245} INFO - ::endgroup::
