[2025-09-22T00:04:29.840+0000] {local_task_job_runner.py:123} INFO - ::group::Pre task execution logs
[2025-09-22T00:04:29.861+0000] {taskinstance.py:2614} INFO - Dependencies all met for dep_context=non-requeueable deps ti=<TaskInstance: nawy_real_estate_pipeline.soda_quality_checks_gold_layer scheduled__2025-09-21T00:00:00+00:00 [queued]>
[2025-09-22T00:04:29.870+0000] {taskinstance.py:2614} INFO - Dependencies all met for dep_context=requeueable deps ti=<TaskInstance: nawy_real_estate_pipeline.soda_quality_checks_gold_layer scheduled__2025-09-21T00:00:00+00:00 [queued]>
[2025-09-22T00:04:29.871+0000] {taskinstance.py:2867} INFO - Starting attempt 1 of 1
[2025-09-22T00:04:29.911+0000] {taskinstance.py:2890} INFO - Executing <Task(BashOperator): soda_quality_checks_gold_layer> on 2025-09-21 00:00:00+00:00
[2025-09-22T00:04:29.916+0000] {warnings.py:112} WARNING - /home/***/.local/lib/python3.12/site-packages/***/task/task_runner/standard_task_runner.py:70: DeprecationWarning: This process (pid=1582) is multi-threaded, use of fork() may lead to deadlocks in the child.
  pid = os.fork()

[2025-09-22T00:04:29.918+0000] {standard_task_runner.py:72} INFO - Started process 1591 to run task
[2025-09-22T00:04:29.918+0000] {standard_task_runner.py:104} INFO - Running: ['***', 'tasks', 'run', 'nawy_real_estate_pipeline', 'soda_quality_checks_gold_layer', 'scheduled__2025-09-21T00:00:00+00:00', '--job-id', '430', '--raw', '--subdir', 'DAGS_FOLDER/nawy_dag.py', '--cfg-path', '/tmp/tmpjfwzll4_']
[2025-09-22T00:04:29.920+0000] {standard_task_runner.py:105} INFO - Job 430: Subtask soda_quality_checks_gold_layer
[2025-09-22T00:04:29.988+0000] {task_command.py:467} INFO - Running <TaskInstance: nawy_real_estate_pipeline.soda_quality_checks_gold_layer scheduled__2025-09-21T00:00:00+00:00 [running]> on host b65782a7021d
[2025-09-22T00:04:30.317+0000] {taskinstance.py:3134} INFO - Exporting env vars: AIRFLOW_CTX_DAG_OWNER='***' AIRFLOW_CTX_DAG_ID='nawy_real_estate_pipeline' AIRFLOW_CTX_TASK_ID='soda_quality_checks_gold_layer' AIRFLOW_CTX_EXECUTION_DATE='2025-09-21T00:00:00+00:00' AIRFLOW_CTX_TRY_NUMBER='1' AIRFLOW_CTX_DAG_RUN_ID='scheduled__2025-09-21T00:00:00+00:00'
[2025-09-22T00:04:30.318+0000] {logging_mixin.py:190} INFO - Task instance is in running state
[2025-09-22T00:04:30.319+0000] {logging_mixin.py:190} INFO -  Previous state of the Task instance: queued
[2025-09-22T00:04:30.320+0000] {logging_mixin.py:190} INFO - Current task name:soda_quality_checks_gold_layer state:running start_date:2025-09-22 00:04:29.861837+00:00
[2025-09-22T00:04:30.320+0000] {logging_mixin.py:190} INFO - Dag name:nawy_real_estate_pipeline and current dag run status:running
[2025-09-22T00:04:30.321+0000] {taskinstance.py:732} INFO - ::endgroup::
[2025-09-22T00:04:30.322+0000] {subprocess.py:78} INFO - Tmp dir root location: /tmp
[2025-09-22T00:04:30.323+0000] {subprocess.py:88} INFO - Running command: ['/usr/bin/bash', '-c', ' cd /opt/***/dags/../include/nawy_soda_project && soda scan  -d nawy_task_destination -c configuration.yml checks/gold || true']
[2025-09-22T00:04:30.334+0000] {subprocess.py:99} INFO - Output:
[2025-09-22T00:04:31.611+0000] {subprocess.py:106} INFO - [00:04:31] Soda Core 3.5.5
[2025-09-22T00:04:32.078+0000] {subprocess.py:106} INFO - [00:04:32] Using DefaultSampler
[2025-09-22T00:04:32.082+0000] {subprocess.py:106} INFO - [00:04:32] Using DefaultSampler
[2025-09-22T00:04:32.086+0000] {subprocess.py:106} INFO - [00:04:32] Using DefaultSampler
[2025-09-22T00:04:32.089+0000] {subprocess.py:106} INFO - [00:04:32] Using DefaultSampler
[2025-09-22T00:04:32.091+0000] {subprocess.py:106} INFO - [00:04:32] Using DefaultSampler
[2025-09-22T00:04:32.093+0000] {subprocess.py:106} INFO - [00:04:32] Using DefaultSampler
[2025-09-22T00:04:32.096+0000] {subprocess.py:106} INFO - [00:04:32] Using DefaultSampler
[2025-09-22T00:04:32.129+0000] {subprocess.py:106} INFO - [00:04:32] Using DefaultSampler
[2025-09-22T00:04:32.147+0000] {subprocess.py:106} INFO - [00:04:32] Using DefaultSampler
[2025-09-22T00:04:32.165+0000] {subprocess.py:106} INFO - [00:04:32] Using DefaultSampler
[2025-09-22T00:04:32.172+0000] {subprocess.py:106} INFO - [00:04:32] Using DefaultSampler
[2025-09-22T00:04:32.180+0000] {subprocess.py:106} INFO - [00:04:32] Using DefaultSampler
[2025-09-22T00:04:32.182+0000] {subprocess.py:106} INFO - [00:04:32] Using DefaultSampler
[2025-09-22T00:04:32.185+0000] {subprocess.py:106} INFO - [00:04:32] Using DefaultSampler
[2025-09-22T00:04:32.187+0000] {subprocess.py:106} INFO - [00:04:32] Using DefaultSampler
[2025-09-22T00:04:32.196+0000] {subprocess.py:106} INFO - [00:04:32] Using DefaultSampler
[2025-09-22T00:04:32.208+0000] {subprocess.py:106} INFO - [00:04:32] Using DefaultSampler
[2025-09-22T00:04:32.274+0000] {subprocess.py:106} INFO - [00:04:32] Using DefaultSampler
[2025-09-22T00:04:32.285+0000] {subprocess.py:106} INFO - [00:04:32] Using DefaultSampler
[2025-09-22T00:04:32.286+0000] {subprocess.py:106} INFO - [00:04:32] Scan summary:
[2025-09-22T00:04:32.286+0000] {subprocess.py:106} INFO - [00:04:32] 34/34 checks PASSED:
[2025-09-22T00:04:32.287+0000] {subprocess.py:106} INFO - [00:04:32]     sales_fact in nawy_task_destination
[2025-09-22T00:04:32.287+0000] {subprocess.py:106} INFO - [00:04:32]       every sale must have a valid lead_id map [PASSED]
[2025-09-22T00:04:32.288+0000] {subprocess.py:106} INFO - [00:04:32]       every sale must have a valid lead_type_id map [PASSED]
[2025-09-22T00:04:32.288+0000] {subprocess.py:106} INFO - [00:04:32]       every sale must have a valid lead_campaign_id map [PASSED]
[2025-09-22T00:04:32.289+0000] {subprocess.py:106} INFO - [00:04:32]       unit_value must be a non-negative number [PASSED]
[2025-09-22T00:04:32.289+0000] {subprocess.py:106} INFO - [00:04:32]       actual_value must be a  +  number [PASSED]
[2025-09-22T00:04:32.289+0000] {subprocess.py:106} INFO - [00:04:32]       expected_value must be + number [PASSED]
[2025-09-22T00:04:32.290+0000] {subprocess.py:106} INFO - [00:04:32]       years_of_payment must be + number [PASSED]
[2025-09-22T00:04:32.290+0000] {subprocess.py:106} INFO - [00:04:32]       id col cannot be null [PASSED]
[2025-09-22T00:04:32.291+0000] {subprocess.py:106} INFO - [00:04:32]       id must be unique [PASSED]
[2025-09-22T00:04:32.291+0000] {subprocess.py:106} INFO - [00:04:32]     leads_fact in nawy_task_destination
[2025-09-22T00:04:32.292+0000] {subprocess.py:106} INFO - [00:04:32]       every lead must have a valid lead_scd_id map [PASSED]
[2025-09-22T00:04:32.292+0000] {subprocess.py:106} INFO - [00:04:32]       every lead must have a valid lead_type_id map [PASSED]
[2025-09-22T00:04:32.293+0000] {subprocess.py:106} INFO - [00:04:32]       every lead must have a valid contact_method_id map [PASSED]
[2025-09-22T00:04:32.293+0000] {subprocess.py:106} INFO - [00:04:32]       customer_id should be a positive number [PASSED]
[2025-09-22T00:04:32.293+0000] {subprocess.py:106} INFO - [00:04:32]       user_id should be positive number [PASSED]
[2025-09-22T00:04:32.294+0000] {subprocess.py:106} INFO - [00:04:32]       id col cannot be null [PASSED]
[2025-09-22T00:04:32.294+0000] {subprocess.py:106} INFO - [00:04:32]       id must be unique [PASSED]
[2025-09-22T00:04:32.295+0000] {subprocess.py:106} INFO - [00:04:32]     dim_sale_category in nawy_task_destination
[2025-09-22T00:04:32.295+0000] {subprocess.py:106} INFO - [00:04:32]       category values must be lowercase [PASSED]
[2025-09-22T00:04:32.296+0000] {subprocess.py:106} INFO - [00:04:32]       category_id cannot be null [PASSED]
[2025-09-22T00:04:32.296+0000] {subprocess.py:106} INFO - [00:04:32]       category_id must be unique [PASSED]
[2025-09-22T00:04:32.296+0000] {subprocess.py:106} INFO - [00:04:32]     dim_property_type in nawy_task_destination
[2025-09-22T00:04:32.297+0000] {subprocess.py:106} INFO - [00:04:32]       type values must be lowercase [PASSED]
[2025-09-22T00:04:32.297+0000] {subprocess.py:106} INFO - [00:04:32]       property_type_id cannot be null [PASSED]
[2025-09-22T00:04:32.298+0000] {subprocess.py:106} INFO - [00:04:32]       property_type_id must be unique [PASSED]
[2025-09-22T00:04:32.298+0000] {subprocess.py:106} INFO - [00:04:32]     dim_lead_type in nawy_task_destination
[2025-09-22T00:04:32.299+0000] {subprocess.py:106} INFO - [00:04:32]       type values must be lowercase [PASSED]
[2025-09-22T00:04:32.299+0000] {subprocess.py:106} INFO - [00:04:32]       lead_type_id cannot be null [PASSED]
[2025-09-22T00:04:32.299+0000] {subprocess.py:106} INFO - [00:04:32]       lead_type_id must be unique [PASSED]
[2025-09-22T00:04:32.300+0000] {subprocess.py:106} INFO - [00:04:32]     dim_lead_scd2 in nawy_task_destination
[2025-09-22T00:04:32.300+0000] {subprocess.py:106} INFO - [00:04:32]       effective_date must be less than or equal to expiration_date [PASSED]
[2025-09-22T00:04:32.301+0000] {subprocess.py:106} INFO - [00:04:32]       Fatal Error: is_active flag must align with expiration_date [PASSED]
[2025-09-22T00:04:32.301+0000] {subprocess.py:106} INFO - [00:04:32]       status_name values must be lowercase [PASSED]
[2025-09-22T00:04:32.301+0000] {subprocess.py:106} INFO - [00:04:32]       Quality Error: last_contact_date cannot be in the future [PASSED]
[2025-09-22T00:04:32.302+0000] {subprocess.py:106} INFO - [00:04:32]        lead_scd_id cannot be null [PASSED]
[2025-09-22T00:04:32.302+0000] {subprocess.py:106} INFO - [00:04:32]        lead_scd_id must be unique [PASSED]
[2025-09-22T00:04:32.303+0000] {subprocess.py:106} INFO - [00:04:32]     dim_date in nawy_task_destination
[2025-09-22T00:04:32.303+0000] {subprocess.py:106} INFO - [00:04:32]       date_id cannot be null [PASSED]
[2025-09-22T00:04:32.304+0000] {subprocess.py:106} INFO - [00:04:32]       date_id must be unique [PASSED]
[2025-09-22T00:04:32.304+0000] {subprocess.py:106} INFO - [00:04:32]       Invalid weekday values [PASSED]
[2025-09-22T00:04:32.304+0000] {subprocess.py:106} INFO - [00:04:32] All is good. No failures. No warnings. No errors.
[2025-09-22T00:04:32.762+0000] {subprocess.py:110} INFO - Command exited with return code 0
[2025-09-22T00:04:32.825+0000] {taskinstance.py:341} INFO - ::group::Post task execution logs
[2025-09-22T00:04:32.826+0000] {taskinstance.py:353} INFO - Marking task as SUCCESS. dag_id=nawy_real_estate_pipeline, task_id=soda_quality_checks_gold_layer, run_id=scheduled__2025-09-21T00:00:00+00:00, execution_date=20250921T000000, start_date=20250922T000429, end_date=20250922T000432
[2025-09-22T00:04:32.898+0000] {logging_mixin.py:190} INFO - Task instance in success state
[2025-09-22T00:04:32.899+0000] {logging_mixin.py:190} INFO -  Previous state of the Task instance: running
[2025-09-22T00:04:32.900+0000] {logging_mixin.py:190} INFO - Dag name:nawy_real_estate_pipeline queued_at:2025-09-22 00:00:00.042341+00:00
[2025-09-22T00:04:32.900+0000] {logging_mixin.py:190} INFO - Task hostname:b65782a7021d operator:BashOperator
[2025-09-22T00:04:32.940+0000] {local_task_job_runner.py:266} INFO - Task exited with return code 0
[2025-09-22T00:04:32.956+0000] {taskinstance.py:3901} INFO - 0 downstream tasks scheduled from follow-on schedule check
[2025-09-22T00:04:32.985+0000] {local_task_job_runner.py:245} INFO - ::endgroup::
