[2025-09-21T13:56:25.812+0000] {local_task_job_runner.py:123} INFO - ::group::Pre task execution logs
[2025-09-21T13:56:25.842+0000] {taskinstance.py:2614} INFO - Dependencies all met for dep_context=non-requeueable deps ti=<TaskInstance: nawy_real_estate_pipeline.convert_excel_seeds_to_csv manual__2025-09-21T13:56:02.427086+00:00 [queued]>
[2025-09-21T13:56:25.856+0000] {taskinstance.py:2614} INFO - Dependencies all met for dep_context=requeueable deps ti=<TaskInstance: nawy_real_estate_pipeline.convert_excel_seeds_to_csv manual__2025-09-21T13:56:02.427086+00:00 [queued]>
[2025-09-21T13:56:25.857+0000] {taskinstance.py:2867} INFO - Starting attempt 1 of 1
[2025-09-21T13:56:25.926+0000] {taskinstance.py:2890} INFO - Executing <Task(PythonOperator): convert_excel_seeds_to_csv> on 2025-09-21 13:56:02.427086+00:00
[2025-09-21T13:56:25.937+0000] {warnings.py:112} WARNING - /home/***/.local/lib/python3.12/site-packages/***/task/task_runner/standard_task_runner.py:70: DeprecationWarning: This process (pid=505) is multi-threaded, use of fork() may lead to deadlocks in the child.
  pid = os.fork()

[2025-09-21T13:56:25.940+0000] {standard_task_runner.py:72} INFO - Started process 507 to run task
[2025-09-21T13:56:25.941+0000] {standard_task_runner.py:104} INFO - Running: ['***', 'tasks', 'run', 'nawy_real_estate_pipeline', 'convert_excel_seeds_to_csv', 'manual__2025-09-21T13:56:02.427086+00:00', '--job-id', '313', '--raw', '--subdir', 'DAGS_FOLDER/nawy_dag.py', '--cfg-path', '/tmp/tmpllwd9itx']
[2025-09-21T13:56:25.944+0000] {standard_task_runner.py:105} INFO - Job 313: Subtask convert_excel_seeds_to_csv
[2025-09-21T13:56:26.041+0000] {task_command.py:467} INFO - Running <TaskInstance: nawy_real_estate_pipeline.convert_excel_seeds_to_csv manual__2025-09-21T13:56:02.427086+00:00 [running]> on host b65782a7021d
[2025-09-21T13:56:26.479+0000] {taskinstance.py:3134} INFO - Exporting env vars: AIRFLOW_CTX_DAG_OWNER='***' AIRFLOW_CTX_DAG_ID='nawy_real_estate_pipeline' AIRFLOW_CTX_TASK_ID='convert_excel_seeds_to_csv' AIRFLOW_CTX_EXECUTION_DATE='2025-09-21T13:56:02.427086+00:00' AIRFLOW_CTX_TRY_NUMBER='1' AIRFLOW_CTX_DAG_RUN_ID='manual__2025-09-21T13:56:02.427086+00:00'
[2025-09-21T13:56:26.481+0000] {logging_mixin.py:190} INFO - Task instance is in running state
[2025-09-21T13:56:26.481+0000] {logging_mixin.py:190} INFO -  Previous state of the Task instance: queued
[2025-09-21T13:56:26.482+0000] {logging_mixin.py:190} INFO - Current task name:convert_excel_seeds_to_csv state:running start_date:2025-09-21 13:56:25.843769+00:00
[2025-09-21T13:56:26.483+0000] {logging_mixin.py:190} INFO - Dag name:nawy_real_estate_pipeline and current dag run status:running
[2025-09-21T13:56:26.483+0000] {taskinstance.py:732} INFO - ::endgroup::
[2025-09-21T13:56:26.489+0000] {python.py:240} INFO - Done. Returned value was: None
[2025-09-21T13:56:26.502+0000] {taskinstance.py:341} INFO - ::group::Post task execution logs
[2025-09-21T13:56:26.503+0000] {taskinstance.py:353} INFO - Marking task as SUCCESS. dag_id=nawy_real_estate_pipeline, task_id=convert_excel_seeds_to_csv, run_id=manual__2025-09-21T13:56:02.427086+00:00, execution_date=20250921T135602, start_date=20250921T135625, end_date=20250921T135626
[2025-09-21T13:56:26.615+0000] {logging_mixin.py:190} INFO - Task instance in success state
[2025-09-21T13:56:26.616+0000] {logging_mixin.py:190} INFO -  Previous state of the Task instance: running
[2025-09-21T13:56:26.617+0000] {logging_mixin.py:190} INFO - Dag name:nawy_real_estate_pipeline queued_at:2025-09-21 13:56:02.453367+00:00
[2025-09-21T13:56:26.618+0000] {logging_mixin.py:190} INFO - Task hostname:b65782a7021d operator:PythonOperator
[2025-09-21T13:56:26.641+0000] {local_task_job_runner.py:266} INFO - Task exited with return code 0
[2025-09-21T13:56:26.681+0000] {taskinstance.py:3901} INFO - 1 downstream tasks scheduled from follow-on schedule check
[2025-09-21T13:56:26.709+0000] {local_task_job_runner.py:245} INFO - ::endgroup::
