[2025-09-21T13:56:05.006+0000] {local_task_job_runner.py:123} INFO - ::group::Pre task execution logs
[2025-09-21T13:56:05.023+0000] {taskinstance.py:2614} INFO - Dependencies all met for dep_context=non-requeueable deps ti=<TaskInstance: nawy_real_estate_pipeline.installing_required_dependencies manual__2025-09-21T13:56:02.427086+00:00 [queued]>
[2025-09-21T13:56:05.031+0000] {taskinstance.py:2614} INFO - Dependencies all met for dep_context=requeueable deps ti=<TaskInstance: nawy_real_estate_pipeline.installing_required_dependencies manual__2025-09-21T13:56:02.427086+00:00 [queued]>
[2025-09-21T13:56:05.031+0000] {taskinstance.py:2867} INFO - Starting attempt 1 of 1
[2025-09-21T13:56:05.073+0000] {taskinstance.py:2890} INFO - Executing <Task(BashOperator): installing_required_dependencies> on 2025-09-21 13:56:02.427086+00:00
[2025-09-21T13:56:05.080+0000] {warnings.py:112} WARNING - /home/***/.local/lib/python3.12/site-packages/***/task/task_runner/standard_task_runner.py:70: DeprecationWarning: This process (pid=490) is multi-threaded, use of fork() may lead to deadlocks in the child.
  pid = os.fork()

[2025-09-21T13:56:05.082+0000] {standard_task_runner.py:72} INFO - Started process 492 to run task
[2025-09-21T13:56:05.082+0000] {standard_task_runner.py:104} INFO - Running: ['***', 'tasks', 'run', 'nawy_real_estate_pipeline', 'installing_required_dependencies', 'manual__2025-09-21T13:56:02.427086+00:00', '--job-id', '312', '--raw', '--subdir', 'DAGS_FOLDER/nawy_dag.py', '--cfg-path', '/tmp/tmplzw61v57']
[2025-09-21T13:56:05.084+0000] {standard_task_runner.py:105} INFO - Job 312: Subtask installing_required_dependencies
[2025-09-21T13:56:05.156+0000] {task_command.py:467} INFO - Running <TaskInstance: nawy_real_estate_pipeline.installing_required_dependencies manual__2025-09-21T13:56:02.427086+00:00 [running]> on host b65782a7021d
[2025-09-21T13:56:05.567+0000] {taskinstance.py:3134} INFO - Exporting env vars: AIRFLOW_CTX_DAG_OWNER='***' AIRFLOW_CTX_DAG_ID='nawy_real_estate_pipeline' AIRFLOW_CTX_TASK_ID='installing_required_dependencies' AIRFLOW_CTX_EXECUTION_DATE='2025-09-21T13:56:02.427086+00:00' AIRFLOW_CTX_TRY_NUMBER='1' AIRFLOW_CTX_DAG_RUN_ID='manual__2025-09-21T13:56:02.427086+00:00'
[2025-09-21T13:56:05.568+0000] {logging_mixin.py:190} INFO - Task instance is in running state
[2025-09-21T13:56:05.569+0000] {logging_mixin.py:190} INFO -  Previous state of the Task instance: queued
[2025-09-21T13:56:05.570+0000] {logging_mixin.py:190} INFO - Current task name:installing_required_dependencies state:running start_date:2025-09-21 13:56:05.024090+00:00
[2025-09-21T13:56:05.570+0000] {logging_mixin.py:190} INFO - Dag name:nawy_real_estate_pipeline and current dag run status:running
[2025-09-21T13:56:05.571+0000] {taskinstance.py:732} INFO - ::endgroup::
[2025-09-21T13:56:05.572+0000] {subprocess.py:78} INFO - Tmp dir root location: /tmp
[2025-09-21T13:56:05.602+0000] {subprocess.py:88} INFO - Running command: ['/usr/bin/bash', '-c', ' cd /opt/***/dags/../include/nawy_dbt_project && dbt clean &&  dbt deps --no-version-check ']
[2025-09-21T13:56:05.613+0000] {subprocess.py:99} INFO - Output:
[2025-09-21T13:56:08.370+0000] {subprocess.py:106} INFO - [0m13:56:08  Running with dbt=1.10.11
[2025-09-21T13:56:08.585+0000] {subprocess.py:106} INFO - [0m13:56:08  Checking /opt/***/include/nawy_dbt_project/target/*
[2025-09-21T13:56:08.711+0000] {subprocess.py:106} INFO - [0m13:56:08  Cleaned /opt/***/include/nawy_dbt_project/target/*
[2025-09-21T13:56:08.712+0000] {subprocess.py:106} INFO - [0m13:56:08  Checking /opt/***/include/nawy_dbt_project/dbt_packages/*
[2025-09-21T13:56:09.299+0000] {subprocess.py:106} INFO - [0m13:56:09  Cleaned /opt/***/include/nawy_dbt_project/dbt_packages/*
[2025-09-21T13:56:09.300+0000] {subprocess.py:106} INFO - [0m13:56:09  Finished cleaning all paths.
[2025-09-21T13:56:13.971+0000] {subprocess.py:106} INFO - [0m13:56:13  Running with dbt=1.10.11
[2025-09-21T13:56:14.916+0000] {subprocess.py:106} INFO - [0m13:56:14  Installing dbt-labs/dbt_utils
[2025-09-21T13:56:21.575+0000] {subprocess.py:106} INFO - [0m13:56:21  Installed from version 1.3.0
[2025-09-21T13:56:21.576+0000] {subprocess.py:106} INFO - [0m13:56:21  Updated version available: 1.3.1
[2025-09-21T13:56:21.579+0000] {subprocess.py:106} INFO - [0m13:56:21
[2025-09-21T13:56:21.580+0000] {subprocess.py:106} INFO - [0m13:56:21  Updates available for packages: ['dbt-labs/dbt_utils']
[2025-09-21T13:56:21.581+0000] {subprocess.py:106} INFO - Update your versions in packages.yml, then run dbt deps
[2025-09-21T13:56:22.620+0000] {subprocess.py:110} INFO - Command exited with return code 0
[2025-09-21T13:56:22.921+0000] {taskinstance.py:341} INFO - ::group::Post task execution logs
[2025-09-21T13:56:22.922+0000] {taskinstance.py:353} INFO - Marking task as SUCCESS. dag_id=nawy_real_estate_pipeline, task_id=installing_required_dependencies, run_id=manual__2025-09-21T13:56:02.427086+00:00, execution_date=20250921T135602, start_date=20250921T135605, end_date=20250921T135622
[2025-09-21T13:56:23.009+0000] {logging_mixin.py:190} INFO - Task instance in success state
[2025-09-21T13:56:23.010+0000] {logging_mixin.py:190} INFO -  Previous state of the Task instance: running
[2025-09-21T13:56:23.011+0000] {logging_mixin.py:190} INFO - Dag name:nawy_real_estate_pipeline queued_at:2025-09-21 13:56:02.453367+00:00
[2025-09-21T13:56:23.011+0000] {logging_mixin.py:190} INFO - Task hostname:b65782a7021d operator:BashOperator
[2025-09-21T13:56:23.057+0000] {local_task_job_runner.py:266} INFO - Task exited with return code 0
[2025-09-21T13:56:23.090+0000] {taskinstance.py:3901} INFO - 1 downstream tasks scheduled from follow-on schedule check
[2025-09-21T13:56:23.121+0000] {local_task_job_runner.py:245} INFO - ::endgroup::
