[2025-09-21T13:41:13.682+0000] {local_task_job_runner.py:123} INFO - ::group::Pre task execution logs
[2025-09-21T13:41:13.714+0000] {taskinstance.py:2614} INFO - Dependencies all met for dep_context=non-requeueable deps ti=<TaskInstance: nawy_real_estate_pipeline.installing_required_dependencies scheduled__2025-09-20T00:00:00+00:00 [queued]>
[2025-09-21T13:41:13.733+0000] {taskinstance.py:2614} INFO - Dependencies all met for dep_context=requeueable deps ti=<TaskInstance: nawy_real_estate_pipeline.installing_required_dependencies scheduled__2025-09-20T00:00:00+00:00 [queued]>
[2025-09-21T13:41:13.734+0000] {taskinstance.py:2867} INFO - Starting attempt 1 of 1
[2025-09-21T13:41:13.826+0000] {taskinstance.py:2890} INFO - Executing <Task(BashOperator): installing_required_dependencies> on 2025-09-20 00:00:00+00:00
[2025-09-21T13:41:13.848+0000] {standard_task_runner.py:104} INFO - Running: ['***', 'tasks', 'run', 'nawy_real_estate_pipeline', 'installing_required_dependencies', 'scheduled__2025-09-20T00:00:00+00:00', '--job-id', '299', '--raw', '--subdir', 'DAGS_FOLDER/nawy_dag.py', '--cfg-path', '/tmp/tmpum5gads4']
[2025-09-21T13:41:13.851+0000] {standard_task_runner.py:105} INFO - Job 299: Subtask installing_required_dependencies
[2025-09-21T13:41:13.918+0000] {warnings.py:112} WARNING - /home/***/.local/lib/python3.12/site-packages/***/task/task_runner/standard_task_runner.py:70: DeprecationWarning: This process (pid=154) is multi-threaded, use of fork() may lead to deadlocks in the child.
  pid = os.fork()

[2025-09-21T13:41:13.919+0000] {standard_task_runner.py:72} INFO - Started process 164 to run task
[2025-09-21T13:41:14.056+0000] {task_command.py:467} INFO - Running <TaskInstance: nawy_real_estate_pipeline.installing_required_dependencies scheduled__2025-09-20T00:00:00+00:00 [running]> on host b65782a7021d
[2025-09-21T13:41:14.887+0000] {taskinstance.py:3134} INFO - Exporting env vars: AIRFLOW_CTX_DAG_OWNER='***' AIRFLOW_CTX_DAG_ID='nawy_real_estate_pipeline' AIRFLOW_CTX_TASK_ID='installing_required_dependencies' AIRFLOW_CTX_EXECUTION_DATE='2025-09-20T00:00:00+00:00' AIRFLOW_CTX_TRY_NUMBER='1' AIRFLOW_CTX_DAG_RUN_ID='scheduled__2025-09-20T00:00:00+00:00'
[2025-09-21T13:41:14.889+0000] {logging_mixin.py:190} INFO - Task instance is in running state
[2025-09-21T13:41:14.889+0000] {logging_mixin.py:190} INFO -  Previous state of the Task instance: queued
[2025-09-21T13:41:14.890+0000] {logging_mixin.py:190} INFO - Current task name:installing_required_dependencies state:running start_date:2025-09-21 13:41:13.716005+00:00
[2025-09-21T13:41:14.891+0000] {logging_mixin.py:190} INFO - Dag name:nawy_real_estate_pipeline and current dag run status:running
[2025-09-21T13:41:14.892+0000] {taskinstance.py:732} INFO - ::endgroup::
[2025-09-21T13:41:14.893+0000] {subprocess.py:78} INFO - Tmp dir root location: /tmp
[2025-09-21T13:41:14.918+0000] {subprocess.py:88} INFO - Running command: ['/usr/bin/bash', '-c', ' cd /opt/***/dags/../include/nawy_dbt_project && dbt clean &&  dbt deps --no-version-check ']
[2025-09-21T13:41:14.949+0000] {subprocess.py:99} INFO - Output:
[2025-09-21T13:41:36.158+0000] {subprocess.py:106} INFO - [0m13:41:36  Running with dbt=1.10.11
[2025-09-21T13:41:42.514+0000] {subprocess.py:106} INFO - [0m13:41:42  Checking /opt/***/include/nawy_dbt_project/dbt_packages/*
[2025-09-21T13:41:45.832+0000] {subprocess.py:106} INFO - [0m13:41:45  Cleaned /opt/***/include/nawy_dbt_project/dbt_packages/*
[2025-09-21T13:41:45.832+0000] {subprocess.py:106} INFO - [0m13:41:45  Checking /opt/***/include/nawy_dbt_project/target/*
[2025-09-21T13:41:46.651+0000] {subprocess.py:106} INFO - [0m13:41:46  Cleaned /opt/***/include/nawy_dbt_project/target/*
[2025-09-21T13:41:46.652+0000] {subprocess.py:106} INFO - [0m13:41:46  Finished cleaning all paths.
[2025-09-21T13:41:51.892+0000] {subprocess.py:106} INFO - [0m13:41:51  Running with dbt=1.10.11
[2025-09-21T13:41:53.044+0000] {subprocess.py:106} INFO - [0m13:41:53  Installing dbt-labs/dbt_utils
[2025-09-21T13:42:00.843+0000] {subprocess.py:106} INFO - [0m13:42:00  Installed from version 1.3.0
[2025-09-21T13:42:00.845+0000] {subprocess.py:106} INFO - [0m13:42:00  Updated version available: 1.3.1
[2025-09-21T13:42:00.847+0000] {subprocess.py:106} INFO - [0m13:42:00
[2025-09-21T13:42:00.849+0000] {subprocess.py:106} INFO - [0m13:42:00  Updates available for packages: ['dbt-labs/dbt_utils']
[2025-09-21T13:42:00.849+0000] {subprocess.py:106} INFO - Update your versions in packages.yml, then run dbt deps
[2025-09-21T13:42:02.059+0000] {subprocess.py:110} INFO - Command exited with return code 0
[2025-09-21T13:42:02.478+0000] {taskinstance.py:341} INFO - ::group::Post task execution logs
[2025-09-21T13:42:02.479+0000] {taskinstance.py:353} INFO - Marking task as SUCCESS. dag_id=nawy_real_estate_pipeline, task_id=installing_required_dependencies, run_id=scheduled__2025-09-20T00:00:00+00:00, execution_date=20250920T000000, start_date=20250921T134113, end_date=20250921T134202
[2025-09-21T13:42:02.611+0000] {logging_mixin.py:190} INFO - Task instance in success state
[2025-09-21T13:42:02.612+0000] {logging_mixin.py:190} INFO -  Previous state of the Task instance: running
[2025-09-21T13:42:02.613+0000] {logging_mixin.py:190} INFO - Dag name:nawy_real_estate_pipeline queued_at:2025-09-21 13:40:37.371010+00:00
[2025-09-21T13:42:02.613+0000] {logging_mixin.py:190} INFO - Task hostname:b65782a7021d operator:BashOperator
[2025-09-21T13:42:02.657+0000] {local_task_job_runner.py:266} INFO - Task exited with return code 0
[2025-09-21T13:42:02.708+0000] {taskinstance.py:3901} INFO - 1 downstream tasks scheduled from follow-on schedule check
[2025-09-21T13:42:02.737+0000] {local_task_job_runner.py:245} INFO - ::endgroup::
