[2025-09-21T23:33:17.505+0000] {local_task_job_runner.py:123} INFO - ::group::Pre task execution logs
[2025-09-21T23:33:17.559+0000] {taskinstance.py:2614} INFO - Dependencies all met for dep_context=non-requeueable deps ti=<TaskInstance: nawy_real_estate_pipeline.build_scd2_table manual__2025-09-20T08:06:05.264697+00:00 [queued]>
[2025-09-21T23:33:17.578+0000] {taskinstance.py:2614} INFO - Dependencies all met for dep_context=requeueable deps ti=<TaskInstance: nawy_real_estate_pipeline.build_scd2_table manual__2025-09-20T08:06:05.264697+00:00 [queued]>
[2025-09-21T23:33:17.579+0000] {taskinstance.py:2867} INFO - Starting attempt 1 of 1
[2025-09-21T23:33:17.640+0000] {taskinstance.py:2890} INFO - Executing <Task(BashOperator): build_scd2_table> on 2025-09-20 08:06:05.264697+00:00
[2025-09-21T23:33:17.652+0000] {warnings.py:112} WARNING - /home/***/.local/lib/python3.12/site-packages/***/task/task_runner/standard_task_runner.py:70: DeprecationWarning: This process (pid=832) is multi-threaded, use of fork() may lead to deadlocks in the child.
  pid = os.fork()

[2025-09-21T23:33:17.655+0000] {standard_task_runner.py:72} INFO - Started process 835 to run task
[2025-09-21T23:33:17.656+0000] {standard_task_runner.py:104} INFO - Running: ['***', 'tasks', 'run', 'nawy_real_estate_pipeline', 'build_scd2_table', 'manual__2025-09-20T08:06:05.264697+00:00', '--job-id', '404', '--raw', '--subdir', 'DAGS_FOLDER/nawy_dag.py', '--cfg-path', '/tmp/tmpt71gz6jt']
[2025-09-21T23:33:17.659+0000] {standard_task_runner.py:105} INFO - Job 404: Subtask build_scd2_table
[2025-09-21T23:33:17.771+0000] {task_command.py:467} INFO - Running <TaskInstance: nawy_real_estate_pipeline.build_scd2_table manual__2025-09-20T08:06:05.264697+00:00 [running]> on host b65782a7021d
[2025-09-21T23:33:18.292+0000] {taskinstance.py:3134} INFO - Exporting env vars: AIRFLOW_CTX_DAG_OWNER='***' AIRFLOW_CTX_DAG_ID='nawy_real_estate_pipeline' AIRFLOW_CTX_TASK_ID='build_scd2_table' AIRFLOW_CTX_EXECUTION_DATE='2025-09-20T08:06:05.264697+00:00' AIRFLOW_CTX_TRY_NUMBER='1' AIRFLOW_CTX_DAG_RUN_ID='manual__2025-09-20T08:06:05.264697+00:00'
[2025-09-21T23:33:18.293+0000] {logging_mixin.py:190} INFO - Task instance is in running state
[2025-09-21T23:33:18.294+0000] {logging_mixin.py:190} INFO -  Previous state of the Task instance: queued
[2025-09-21T23:33:18.294+0000] {logging_mixin.py:190} INFO - Current task name:build_scd2_table state:running start_date:2025-09-21 23:33:17.560788+00:00
[2025-09-21T23:33:18.295+0000] {logging_mixin.py:190} INFO - Dag name:nawy_real_estate_pipeline and current dag run status:running
[2025-09-21T23:33:18.295+0000] {taskinstance.py:732} INFO - ::endgroup::
[2025-09-21T23:33:18.296+0000] {subprocess.py:78} INFO - Tmp dir root location: /tmp
[2025-09-21T23:33:18.334+0000] {subprocess.py:88} INFO - Running command: ['/usr/bin/bash', '-c', ' cd /opt/***/dags/../include/nawy_dbt_project && dbt snapshot ']
[2025-09-21T23:33:18.358+0000] {subprocess.py:99} INFO - Output:
[2025-09-21T23:33:25.434+0000] {subprocess.py:106} INFO - [0m23:33:25  Running with dbt=1.10.11
[2025-09-21T23:33:26.118+0000] {subprocess.py:106} INFO - [0m23:33:26  Registered adapter: postgres=1.9.1
[2025-09-21T23:33:28.617+0000] {subprocess.py:106} INFO - [0m23:33:28  Found 15 models, 1 snapshot, 2 seeds, 553 macros
[2025-09-21T23:33:28.622+0000] {subprocess.py:106} INFO - [0m23:33:28
[2025-09-21T23:33:28.623+0000] {subprocess.py:106} INFO - [0m23:33:28  Concurrency: 1 threads (target='dev')
[2025-09-21T23:33:28.624+0000] {subprocess.py:106} INFO - [0m23:33:28
[2025-09-21T23:33:29.423+0000] {subprocess.py:106} INFO - [0m23:33:29  1 of 1 START snapshot dwh_snapshots.leads_dim_snapshot ......................... [RUN]
[2025-09-21T23:33:31.668+0000] {subprocess.py:106} INFO - [0m23:33:31  1 of 1 OK snapshotted dwh_snapshots.leads_dim_snapshot ......................... [[32mINSERT 0 0[0m in 2.24s]
[2025-09-21T23:33:31.876+0000] {subprocess.py:106} INFO - [0m23:33:31
[2025-09-21T23:33:31.878+0000] {subprocess.py:106} INFO - [0m23:33:31  Finished running 1 snapshot in 0 hours 0 minutes and 3.25 seconds (3.25s).
[2025-09-21T23:33:32.021+0000] {subprocess.py:106} INFO - [0m23:33:32
[2025-09-21T23:33:32.022+0000] {subprocess.py:106} INFO - [0m23:33:32  [32mCompleted successfully[0m
[2025-09-21T23:33:32.024+0000] {subprocess.py:106} INFO - [0m23:33:32
[2025-09-21T23:33:32.025+0000] {subprocess.py:106} INFO - [0m23:33:32  Done. PASS=1 WARN=0 ERROR=0 SKIP=0 NO-OP=0 TOTAL=1
[2025-09-21T23:33:33.286+0000] {subprocess.py:110} INFO - Command exited with return code 0
[2025-09-21T23:33:33.377+0000] {taskinstance.py:341} INFO - ::group::Post task execution logs
[2025-09-21T23:33:33.378+0000] {taskinstance.py:353} INFO - Marking task as SUCCESS. dag_id=nawy_real_estate_pipeline, task_id=build_scd2_table, run_id=manual__2025-09-20T08:06:05.264697+00:00, execution_date=20250920T080605, start_date=20250921T233317, end_date=20250921T233333
[2025-09-21T23:33:33.453+0000] {logging_mixin.py:190} INFO - Task instance in success state
[2025-09-21T23:33:33.454+0000] {logging_mixin.py:190} INFO -  Previous state of the Task instance: running
[2025-09-21T23:33:33.455+0000] {logging_mixin.py:190} INFO - Dag name:nawy_real_estate_pipeline queued_at:2025-09-21 23:03:47.690393+00:00
[2025-09-21T23:33:33.455+0000] {logging_mixin.py:190} INFO - Task hostname:b65782a7021d operator:BashOperator
[2025-09-21T23:33:33.484+0000] {local_task_job_runner.py:266} INFO - Task exited with return code 0
[2025-09-21T23:33:33.516+0000] {taskinstance.py:3901} INFO - 1 downstream tasks scheduled from follow-on schedule check
[2025-09-21T23:33:33.785+0000] {local_task_job_runner.py:245} INFO - ::endgroup::
