[2025-09-21T13:47:22.502+0000] {local_task_job_runner.py:123} INFO - ::group::Pre task execution logs
[2025-09-21T13:47:22.531+0000] {taskinstance.py:2614} INFO - Dependencies all met for dep_context=non-requeueable deps ti=<TaskInstance: nawy_real_estate_pipeline.soda_quality_checks_silver_layer manual__2025-09-21T13:43:16.523289+00:00 [queued]>
[2025-09-21T13:47:22.542+0000] {taskinstance.py:2614} INFO - Dependencies all met for dep_context=requeueable deps ti=<TaskInstance: nawy_real_estate_pipeline.soda_quality_checks_silver_layer manual__2025-09-21T13:43:16.523289+00:00 [queued]>
[2025-09-21T13:47:22.543+0000] {taskinstance.py:2867} INFO - Starting attempt 1 of 1
[2025-09-21T13:47:22.584+0000] {taskinstance.py:2890} INFO - Executing <Task(BashOperator): soda_quality_checks_silver_layer> on 2025-09-21 13:43:16.523289+00:00
[2025-09-21T13:47:22.592+0000] {warnings.py:112} WARNING - /home/***/.local/lib/python3.12/site-packages/***/task/task_runner/standard_task_runner.py:70: DeprecationWarning: This process (pid=332) is multi-threaded, use of fork() may lead to deadlocks in the child.
  pid = os.fork()

[2025-09-21T13:47:22.595+0000] {standard_task_runner.py:72} INFO - Started process 334 to run task
[2025-09-21T13:47:22.595+0000] {standard_task_runner.py:104} INFO - Running: ['***', 'tasks', 'run', 'nawy_real_estate_pipeline', 'soda_quality_checks_silver_layer', 'manual__2025-09-21T13:43:16.523289+00:00', '--job-id', '308', '--raw', '--subdir', 'DAGS_FOLDER/nawy_dag.py', '--cfg-path', '/tmp/tmp5qt1g8o4']
[2025-09-21T13:47:22.597+0000] {standard_task_runner.py:105} INFO - Job 308: Subtask soda_quality_checks_silver_layer
[2025-09-21T13:47:22.683+0000] {task_command.py:467} INFO - Running <TaskInstance: nawy_real_estate_pipeline.soda_quality_checks_silver_layer manual__2025-09-21T13:43:16.523289+00:00 [running]> on host b65782a7021d
[2025-09-21T13:47:23.034+0000] {taskinstance.py:3134} INFO - Exporting env vars: AIRFLOW_CTX_DAG_OWNER='***' AIRFLOW_CTX_DAG_ID='nawy_real_estate_pipeline' AIRFLOW_CTX_TASK_ID='soda_quality_checks_silver_layer' AIRFLOW_CTX_EXECUTION_DATE='2025-09-21T13:43:16.523289+00:00' AIRFLOW_CTX_TRY_NUMBER='1' AIRFLOW_CTX_DAG_RUN_ID='manual__2025-09-21T13:43:16.523289+00:00'
[2025-09-21T13:47:23.035+0000] {logging_mixin.py:190} INFO - Task instance is in running state
[2025-09-21T13:47:23.035+0000] {logging_mixin.py:190} INFO -  Previous state of the Task instance: queued
[2025-09-21T13:47:23.036+0000] {logging_mixin.py:190} INFO - Current task name:soda_quality_checks_silver_layer state:running start_date:2025-09-21 13:47:22.531817+00:00
[2025-09-21T13:47:23.036+0000] {logging_mixin.py:190} INFO - Dag name:nawy_real_estate_pipeline and current dag run status:running
[2025-09-21T13:47:23.037+0000] {taskinstance.py:732} INFO - ::endgroup::
[2025-09-21T13:47:23.038+0000] {subprocess.py:78} INFO - Tmp dir root location: /tmp
[2025-09-21T13:47:23.063+0000] {subprocess.py:88} INFO - Running command: ['/usr/bin/bash', '-c', ' cd /opt/***/dags/../include/nawy_soda_project && soda scan  -d nawy_task_destination -c configuration.yml checks/silver || true']
[2025-09-21T13:47:23.078+0000] {subprocess.py:99} INFO - Output:
[2025-09-21T13:47:28.439+0000] {subprocess.py:106} INFO - [13:47:28] Soda Core 3.5.5
[2025-09-21T13:47:30.145+0000] {subprocess.py:106} INFO - [13:47:30] Using DefaultSampler
[2025-09-21T13:47:30.149+0000] {subprocess.py:106} INFO - [13:47:30] Using DefaultSampler
[2025-09-21T13:47:30.154+0000] {subprocess.py:106} INFO - [13:47:30] Using DefaultSampler
[2025-09-21T13:47:30.168+0000] {subprocess.py:106} INFO - [13:47:30] Using DefaultSampler
[2025-09-21T13:47:30.192+0000] {subprocess.py:106} INFO - [13:47:30] Using DefaultSampler
[2025-09-21T13:47:30.290+0000] {subprocess.py:106} INFO - [13:47:30] Using DefaultSampler
[2025-09-21T13:47:30.346+0000] {subprocess.py:106} INFO - [13:47:30] Using DefaultSampler
[2025-09-21T13:47:30.347+0000] {subprocess.py:106} INFO - [13:47:30] Scan summary:
[2025-09-21T13:47:30.348+0000] {subprocess.py:106} INFO - [13:47:30] 9/11 checks PASSED:
[2025-09-21T13:47:30.348+0000] {subprocess.py:106} INFO - [13:47:30]     sales_transformed in nawy_task_destination
[2025-09-21T13:47:30.349+0000] {subprocess.py:106} INFO - [13:47:30]        combination used in key generation must be unique per each record [PASSED]
[2025-09-21T13:47:30.350+0000] {subprocess.py:106} INFO - [13:47:30]       Finalized sales must have an actual_value [PASSED]
[2025-09-21T13:47:30.351+0000] {subprocess.py:106} INFO - [13:47:30]       Orphan sales entries (no lead_id) should not exist [PASSED]
[2025-09-21T13:47:30.352+0000] {subprocess.py:106} INFO - [13:47:30]       sale_id must be unique [PASSED]
[2025-09-21T13:47:30.352+0000] {subprocess.py:106} INFO - [13:47:30]     leads_transformed in nawy_task_destination
[2025-09-21T13:47:30.353+0000] {subprocess.py:106} INFO - [13:47:30]       last contact date cant be in the future [PASSED]
[2025-09-21T13:47:30.354+0000] {subprocess.py:106} INFO - [13:47:30]       all status names should be standardized to lowercase [PASSED]
[2025-09-21T13:47:30.355+0000] {subprocess.py:106} INFO - [13:47:30]       all lead_types should be standardized to lowercase [PASSED]
[2025-09-21T13:47:30.356+0000] {subprocess.py:106} INFO - [13:47:30]       lead_id cannot be null [PASSED]
[2025-09-21T13:47:30.357+0000] {subprocess.py:106} INFO - [13:47:30]       the value campaign ='(none)' is not valid here [PASSED]
[2025-09-21T13:47:30.357+0000] {subprocess.py:106} INFO - [13:47:30] 2/11 checks WARNED:
[2025-09-21T13:47:30.358+0000] {subprocess.py:106} INFO - [13:47:30]     sales_transformed in nawy_task_destination
[2025-09-21T13:47:30.359+0000] {subprocess.py:106} INFO - [13:47:30]       Contraction date must be after or on the reservation date [WARNED]
[2025-09-21T13:47:30.360+0000] {subprocess.py:106} INFO - [13:47:30]         value: 2
[2025-09-21T13:47:30.360+0000] {subprocess.py:106} INFO - [13:47:30]     leads_transformed in nawy_task_destination
[2025-09-21T13:47:30.361+0000] {subprocess.py:106} INFO - [13:47:30]       updated_at must be after or equal to the created timestamp [WARNED]
[2025-09-21T13:47:30.362+0000] {subprocess.py:106} INFO - [13:47:30]         value: 1
[2025-09-21T13:47:30.362+0000] {subprocess.py:106} INFO - [13:47:30] Only 2 warnings. 0 failures. 0 errors. 9 pass.
[2025-09-21T13:47:31.181+0000] {subprocess.py:110} INFO - Command exited with return code 0
[2025-09-21T13:47:31.252+0000] {taskinstance.py:341} INFO - ::group::Post task execution logs
[2025-09-21T13:47:31.253+0000] {taskinstance.py:353} INFO - Marking task as SUCCESS. dag_id=nawy_real_estate_pipeline, task_id=soda_quality_checks_silver_layer, run_id=manual__2025-09-21T13:43:16.523289+00:00, execution_date=20250921T134316, start_date=20250921T134722, end_date=20250921T134731
[2025-09-21T13:47:31.360+0000] {logging_mixin.py:190} INFO - Task instance in success state
[2025-09-21T13:47:31.361+0000] {logging_mixin.py:190} INFO -  Previous state of the Task instance: running
[2025-09-21T13:47:31.362+0000] {logging_mixin.py:190} INFO - Dag name:nawy_real_estate_pipeline queued_at:2025-09-21 13:43:16.537366+00:00
[2025-09-21T13:47:31.363+0000] {logging_mixin.py:190} INFO - Task hostname:b65782a7021d operator:BashOperator
[2025-09-21T13:47:31.404+0000] {local_task_job_runner.py:266} INFO - Task exited with return code 0
[2025-09-21T13:47:31.452+0000] {taskinstance.py:3901} INFO - 1 downstream tasks scheduled from follow-on schedule check
[2025-09-21T13:47:31.476+0000] {local_task_job_runner.py:245} INFO - ::endgroup::
