[2025-09-21T23:22:56.196+0000] {local_task_job_runner.py:123} INFO - ::group::Pre task execution logs
[2025-09-21T23:22:56.223+0000] {taskinstance.py:2614} INFO - Dependencies all met for dep_context=non-requeueable deps ti=<TaskInstance: nawy_real_estate_pipeline.ingesting_data_from_sheets manual__2025-09-20T08:06:05.264697+00:00 [queued]>
[2025-09-21T23:22:56.234+0000] {taskinstance.py:2614} INFO - Dependencies all met for dep_context=requeueable deps ti=<TaskInstance: nawy_real_estate_pipeline.ingesting_data_from_sheets manual__2025-09-20T08:06:05.264697+00:00 [queued]>
[2025-09-21T23:22:56.235+0000] {taskinstance.py:2867} INFO - Starting attempt 2 of 2
[2025-09-21T23:22:56.296+0000] {taskinstance.py:2890} INFO - Executing <Task(BashOperator): ingesting_data_from_sheets> on 2025-09-20 08:06:05.264697+00:00
[2025-09-21T23:22:56.302+0000] {warnings.py:112} WARNING - /home/***/.local/lib/python3.12/site-packages/***/task/task_runner/standard_task_runner.py:70: DeprecationWarning: This process (pid=546) is multi-threaded, use of fork() may lead to deadlocks in the child.
  pid = os.fork()

[2025-09-21T23:22:56.304+0000] {standard_task_runner.py:104} INFO - Running: ['***', 'tasks', 'run', 'nawy_real_estate_pipeline', 'ingesting_data_from_sheets', 'manual__2025-09-20T08:06:05.264697+00:00', '--job-id', '391', '--raw', '--subdir', 'DAGS_FOLDER/nawy_dag.py', '--cfg-path', '/tmp/tmp_57op2n4']
[2025-09-21T23:22:56.305+0000] {standard_task_runner.py:72} INFO - Started process 548 to run task
[2025-09-21T23:22:56.306+0000] {standard_task_runner.py:105} INFO - Job 391: Subtask ingesting_data_from_sheets
[2025-09-21T23:22:56.397+0000] {task_command.py:467} INFO - Running <TaskInstance: nawy_real_estate_pipeline.ingesting_data_from_sheets manual__2025-09-20T08:06:05.264697+00:00 [running]> on host b65782a7021d
[2025-09-21T23:22:56.531+0000] {taskinstance.py:3134} INFO - Exporting env vars: AIRFLOW_CTX_DAG_OWNER='***' AIRFLOW_CTX_DAG_ID='nawy_real_estate_pipeline' AIRFLOW_CTX_TASK_ID='ingesting_data_from_sheets' AIRFLOW_CTX_EXECUTION_DATE='2025-09-20T08:06:05.264697+00:00' AIRFLOW_CTX_TRY_NUMBER='2' AIRFLOW_CTX_DAG_RUN_ID='manual__2025-09-20T08:06:05.264697+00:00'
[2025-09-21T23:22:56.533+0000] {logging_mixin.py:190} INFO - Task instance is in running state
[2025-09-21T23:22:56.533+0000] {logging_mixin.py:190} INFO -  Previous state of the Task instance: queued
[2025-09-21T23:22:56.534+0000] {logging_mixin.py:190} INFO - Current task name:ingesting_data_from_sheets state:running start_date:2025-09-21 23:22:56.223821+00:00
[2025-09-21T23:22:56.535+0000] {logging_mixin.py:190} INFO - Dag name:nawy_real_estate_pipeline and current dag run status:running
[2025-09-21T23:22:56.535+0000] {taskinstance.py:732} INFO - ::endgroup::
[2025-09-21T23:22:56.536+0000] {subprocess.py:78} INFO - Tmp dir root location: /tmp
[2025-09-21T23:22:56.562+0000] {subprocess.py:88} INFO - Running command: ['/usr/bin/bash', '-c', ' cd /opt/***/dags/../include/nawy_dbt_project && dbt seed  ']
[2025-09-21T23:22:56.574+0000] {subprocess.py:99} INFO - Output:
[2025-09-21T23:23:00.046+0000] {subprocess.py:106} INFO - [0m23:23:00  Running with dbt=1.10.11
[2025-09-21T23:23:00.492+0000] {subprocess.py:106} INFO - [0m23:23:00  Registered adapter: postgres=1.9.1
[2025-09-21T23:23:02.929+0000] {subprocess.py:106} INFO - [0m23:23:02  Found 15 models, 1 snapshot, 2 seeds, 553 macros
[2025-09-21T23:23:02.936+0000] {subprocess.py:106} INFO - [0m23:23:02
[2025-09-21T23:23:02.937+0000] {subprocess.py:106} INFO - [0m23:23:02  Concurrency: 1 threads (target='dev')
[2025-09-21T23:23:02.938+0000] {subprocess.py:106} INFO - [0m23:23:02
[2025-09-21T23:23:03.630+0000] {subprocess.py:106} INFO - [0m23:23:03  1 of 2 START seed file dwh_seeds.de_leads ...................................... [RUN]
[2025-09-21T23:26:27.349+0000] {subprocess.py:106} INFO - [0m23:26:27  1 of 2 OK loaded seed file dwh_seeds.de_leads .................................. [[32mINSERT 55924[0m in 203.69s]
[2025-09-21T23:26:27.353+0000] {subprocess.py:106} INFO - [0m23:26:27  2 of 2 START seed file dwh_seeds.de_sales ...................................... [RUN]
[2025-09-21T23:26:30.748+0000] {subprocess.py:106} INFO - [0m23:26:30  2 of 2 OK loaded seed file dwh_seeds.de_sales .................................. [[32mINSERT 1567[0m in 3.39s]
[2025-09-21T23:26:30.817+0000] {subprocess.py:106} INFO - [0m23:26:30
[2025-09-21T23:26:30.819+0000] {subprocess.py:106} INFO - [0m23:26:30  Finished running 2 seeds in 0 hours 3 minutes and 27.88 seconds (207.88s).
[2025-09-21T23:26:30.930+0000] {subprocess.py:106} INFO - [0m23:26:30
[2025-09-21T23:26:30.931+0000] {subprocess.py:106} INFO - [0m23:26:30  [32mCompleted successfully[0m
[2025-09-21T23:26:30.932+0000] {subprocess.py:106} INFO - [0m23:26:30
[2025-09-21T23:26:30.933+0000] {subprocess.py:106} INFO - [0m23:26:30  Done. PASS=2 WARN=0 ERROR=0 SKIP=0 NO-OP=0 TOTAL=2
[2025-09-21T23:26:32.246+0000] {subprocess.py:110} INFO - Command exited with return code 0
[2025-09-21T23:26:32.488+0000] {taskinstance.py:341} INFO - ::group::Post task execution logs
[2025-09-21T23:26:32.488+0000] {taskinstance.py:353} INFO - Marking task as SUCCESS. dag_id=nawy_real_estate_pipeline, task_id=ingesting_data_from_sheets, run_id=manual__2025-09-20T08:06:05.264697+00:00, execution_date=20250920T080605, start_date=20250921T232256, end_date=20250921T232632
[2025-09-21T23:26:32.562+0000] {logging_mixin.py:190} INFO - Task instance in success state
[2025-09-21T23:26:32.562+0000] {logging_mixin.py:190} INFO -  Previous state of the Task instance: running
[2025-09-21T23:26:32.563+0000] {logging_mixin.py:190} INFO - Dag name:nawy_real_estate_pipeline queued_at:2025-09-21 23:03:47.690393+00:00
[2025-09-21T23:26:32.563+0000] {logging_mixin.py:190} INFO - Task hostname:b65782a7021d operator:BashOperator
[2025-09-21T23:26:32.608+0000] {local_task_job_runner.py:266} INFO - Task exited with return code 0
[2025-09-21T23:26:32.636+0000] {taskinstance.py:3901} INFO - 1 downstream tasks scheduled from follow-on schedule check
[2025-09-21T23:26:32.663+0000] {local_task_job_runner.py:245} INFO - ::endgroup::
