[2025-09-21T23:34:19.421+0000] {local_task_job_runner.py:123} INFO - ::group::Pre task execution logs
[2025-09-21T23:34:19.443+0000] {taskinstance.py:2614} INFO - Dependencies all met for dep_context=non-requeueable deps ti=<TaskInstance: nawy_real_estate_pipeline.soda_quality_checks_gold_layer manual__2025-09-21T14:23:51.132040+00:00 [queued]>
[2025-09-21T23:34:19.453+0000] {taskinstance.py:2614} INFO - Dependencies all met for dep_context=requeueable deps ti=<TaskInstance: nawy_real_estate_pipeline.soda_quality_checks_gold_layer manual__2025-09-21T14:23:51.132040+00:00 [queued]>
[2025-09-21T23:34:19.453+0000] {taskinstance.py:2867} INFO - Starting attempt 2 of 2
[2025-09-21T23:34:19.508+0000] {taskinstance.py:2890} INFO - Executing <Task(BashOperator): soda_quality_checks_gold_layer> on 2025-09-21 14:23:51.132040+00:00
[2025-09-21T23:34:19.516+0000] {warnings.py:112} WARNING - /home/***/.local/lib/python3.12/site-packages/***/task/task_runner/standard_task_runner.py:70: DeprecationWarning: This process (pid=953) is multi-threaded, use of fork() may lead to deadlocks in the child.
  pid = os.fork()

[2025-09-21T23:34:19.518+0000] {standard_task_runner.py:72} INFO - Started process 955 to run task
[2025-09-21T23:34:19.519+0000] {standard_task_runner.py:104} INFO - Running: ['***', 'tasks', 'run', 'nawy_real_estate_pipeline', 'soda_quality_checks_gold_layer', 'manual__2025-09-21T14:23:51.132040+00:00', '--job-id', '412', '--raw', '--subdir', 'DAGS_FOLDER/nawy_dag.py', '--cfg-path', '/tmp/tmpn7unt34w']
[2025-09-21T23:34:19.520+0000] {standard_task_runner.py:105} INFO - Job 412: Subtask soda_quality_checks_gold_layer
[2025-09-21T23:34:19.614+0000] {task_command.py:467} INFO - Running <TaskInstance: nawy_real_estate_pipeline.soda_quality_checks_gold_layer manual__2025-09-21T14:23:51.132040+00:00 [running]> on host b65782a7021d
[2025-09-21T23:34:19.986+0000] {taskinstance.py:3134} INFO - Exporting env vars: AIRFLOW_CTX_DAG_OWNER='***' AIRFLOW_CTX_DAG_ID='nawy_real_estate_pipeline' AIRFLOW_CTX_TASK_ID='soda_quality_checks_gold_layer' AIRFLOW_CTX_EXECUTION_DATE='2025-09-21T14:23:51.132040+00:00' AIRFLOW_CTX_TRY_NUMBER='2' AIRFLOW_CTX_DAG_RUN_ID='manual__2025-09-21T14:23:51.132040+00:00'
[2025-09-21T23:34:19.987+0000] {logging_mixin.py:190} INFO - Task instance is in running state
[2025-09-21T23:34:19.988+0000] {logging_mixin.py:190} INFO -  Previous state of the Task instance: queued
[2025-09-21T23:34:19.989+0000] {logging_mixin.py:190} INFO - Current task name:soda_quality_checks_gold_layer state:running start_date:2025-09-21 23:34:19.443835+00:00
[2025-09-21T23:34:19.989+0000] {logging_mixin.py:190} INFO - Dag name:nawy_real_estate_pipeline and current dag run status:running
[2025-09-21T23:34:19.990+0000] {taskinstance.py:732} INFO - ::endgroup::
[2025-09-21T23:34:19.991+0000] {subprocess.py:78} INFO - Tmp dir root location: /tmp
[2025-09-21T23:34:20.017+0000] {subprocess.py:88} INFO - Running command: ['/usr/bin/bash', '-c', ' cd /opt/***/dags/../include/nawy_soda_project && soda scan  -d nawy_task_destination -c configuration.yml checks/gold || true']
[2025-09-21T23:34:20.030+0000] {subprocess.py:99} INFO - Output:
[2025-09-21T23:34:21.350+0000] {subprocess.py:106} INFO - [23:34:21] Soda Core 3.5.5
[2025-09-21T23:34:21.864+0000] {subprocess.py:106} INFO - [23:34:21] Using DefaultSampler
[2025-09-21T23:34:21.869+0000] {subprocess.py:106} INFO - [23:34:21] Using DefaultSampler
[2025-09-21T23:34:21.875+0000] {subprocess.py:106} INFO - [23:34:21] Using DefaultSampler
[2025-09-21T23:34:21.880+0000] {subprocess.py:106} INFO - [23:34:21] Using DefaultSampler
[2025-09-21T23:34:21.883+0000] {subprocess.py:106} INFO - [23:34:21] Using DefaultSampler
[2025-09-21T23:34:21.886+0000] {subprocess.py:106} INFO - [23:34:21] Using DefaultSampler
[2025-09-21T23:34:21.891+0000] {subprocess.py:106} INFO - [23:34:21] Using DefaultSampler
[2025-09-21T23:34:21.935+0000] {subprocess.py:106} INFO - [23:34:21] Using DefaultSampler
[2025-09-21T23:34:21.954+0000] {subprocess.py:106} INFO - [23:34:21] Using DefaultSampler
[2025-09-21T23:34:21.976+0000] {subprocess.py:106} INFO - [23:34:21] Using DefaultSampler
[2025-09-21T23:34:21.989+0000] {subprocess.py:106} INFO - [23:34:21] Using DefaultSampler
[2025-09-21T23:34:22.001+0000] {subprocess.py:106} INFO - [23:34:22] Using DefaultSampler
[2025-09-21T23:34:22.004+0000] {subprocess.py:106} INFO - [23:34:22] Using DefaultSampler
[2025-09-21T23:34:22.007+0000] {subprocess.py:106} INFO - [23:34:22] Using DefaultSampler
[2025-09-21T23:34:22.010+0000] {subprocess.py:106} INFO - [23:34:22] Using DefaultSampler
[2025-09-21T23:34:22.025+0000] {subprocess.py:106} INFO - [23:34:22] Using DefaultSampler
[2025-09-21T23:34:22.038+0000] {subprocess.py:106} INFO - [23:34:22] Using DefaultSampler
[2025-09-21T23:34:22.105+0000] {subprocess.py:106} INFO - [23:34:22] Using DefaultSampler
[2025-09-21T23:34:22.115+0000] {subprocess.py:106} INFO - [23:34:22] Using DefaultSampler
[2025-09-21T23:34:22.116+0000] {subprocess.py:106} INFO - [23:34:22] Scan summary:
[2025-09-21T23:34:22.117+0000] {subprocess.py:106} INFO - [23:34:22] 34/34 checks PASSED:
[2025-09-21T23:34:22.117+0000] {subprocess.py:106} INFO - [23:34:22]     sales_fact in nawy_task_destination
[2025-09-21T23:34:22.118+0000] {subprocess.py:106} INFO - [23:34:22]       every sale must have a valid lead_id map [PASSED]
[2025-09-21T23:34:22.119+0000] {subprocess.py:106} INFO - [23:34:22]       every sale must have a valid lead_type_id map [PASSED]
[2025-09-21T23:34:22.119+0000] {subprocess.py:106} INFO - [23:34:22]       every sale must have a valid lead_campaign_id map [PASSED]
[2025-09-21T23:34:22.120+0000] {subprocess.py:106} INFO - [23:34:22]       unit_value must be a non-negative number [PASSED]
[2025-09-21T23:34:22.120+0000] {subprocess.py:106} INFO - [23:34:22]       actual_value must be a  +  number [PASSED]
[2025-09-21T23:34:22.121+0000] {subprocess.py:106} INFO - [23:34:22]       expected_value must be + number [PASSED]
[2025-09-21T23:34:22.121+0000] {subprocess.py:106} INFO - [23:34:22]       years_of_payment must be + number [PASSED]
[2025-09-21T23:34:22.122+0000] {subprocess.py:106} INFO - [23:34:22]       id col cannot be null [PASSED]
[2025-09-21T23:34:22.122+0000] {subprocess.py:106} INFO - [23:34:22]       id must be unique [PASSED]
[2025-09-21T23:34:22.123+0000] {subprocess.py:106} INFO - [23:34:22]     leads_fact in nawy_task_destination
[2025-09-21T23:34:22.123+0000] {subprocess.py:106} INFO - [23:34:22]       every lead must have a valid lead_scd_id map [PASSED]
[2025-09-21T23:34:22.124+0000] {subprocess.py:106} INFO - [23:34:22]       every lead must have a valid lead_type_id map [PASSED]
[2025-09-21T23:34:22.125+0000] {subprocess.py:106} INFO - [23:34:22]       every lead must have a valid contact_method_id map [PASSED]
[2025-09-21T23:34:22.125+0000] {subprocess.py:106} INFO - [23:34:22]       customer_id should be a positive number [PASSED]
[2025-09-21T23:34:22.126+0000] {subprocess.py:106} INFO - [23:34:22]       user_id should be positive number [PASSED]
[2025-09-21T23:34:22.126+0000] {subprocess.py:106} INFO - [23:34:22]       id col cannot be null [PASSED]
[2025-09-21T23:34:22.127+0000] {subprocess.py:106} INFO - [23:34:22]       id must be unique [PASSED]
[2025-09-21T23:34:22.127+0000] {subprocess.py:106} INFO - [23:34:22]     dim_sale_category in nawy_task_destination
[2025-09-21T23:34:22.128+0000] {subprocess.py:106} INFO - [23:34:22]       category values must be lowercase [PASSED]
[2025-09-21T23:34:22.128+0000] {subprocess.py:106} INFO - [23:34:22]       category_id cannot be null [PASSED]
[2025-09-21T23:34:22.129+0000] {subprocess.py:106} INFO - [23:34:22]       category_id must be unique [PASSED]
[2025-09-21T23:34:22.129+0000] {subprocess.py:106} INFO - [23:34:22]     dim_property_type in nawy_task_destination
[2025-09-21T23:34:22.130+0000] {subprocess.py:106} INFO - [23:34:22]       type values must be lowercase [PASSED]
[2025-09-21T23:34:22.130+0000] {subprocess.py:106} INFO - [23:34:22]       property_type_id cannot be null [PASSED]
[2025-09-21T23:34:22.131+0000] {subprocess.py:106} INFO - [23:34:22]       property_type_id must be unique [PASSED]
[2025-09-21T23:34:22.131+0000] {subprocess.py:106} INFO - [23:34:22]     dim_lead_type in nawy_task_destination
[2025-09-21T23:34:22.132+0000] {subprocess.py:106} INFO - [23:34:22]       type values must be lowercase [PASSED]
[2025-09-21T23:34:22.132+0000] {subprocess.py:106} INFO - [23:34:22]       lead_type_id cannot be null [PASSED]
[2025-09-21T23:34:22.133+0000] {subprocess.py:106} INFO - [23:34:22]       lead_type_id must be unique [PASSED]
[2025-09-21T23:34:22.133+0000] {subprocess.py:106} INFO - [23:34:22]     dim_lead_scd2 in nawy_task_destination
[2025-09-21T23:34:22.134+0000] {subprocess.py:106} INFO - [23:34:22]       effective_date must be less than or equal to expiration_date [PASSED]
[2025-09-21T23:34:22.135+0000] {subprocess.py:106} INFO - [23:34:22]       Fatal Error: is_active flag must align with expiration_date [PASSED]
[2025-09-21T23:34:22.135+0000] {subprocess.py:106} INFO - [23:34:22]       status_name values must be lowercase [PASSED]
[2025-09-21T23:34:22.136+0000] {subprocess.py:106} INFO - [23:34:22]       Quality Error: last_contact_date cannot be in the future [PASSED]
[2025-09-21T23:34:22.136+0000] {subprocess.py:106} INFO - [23:34:22]        lead_scd_id cannot be null [PASSED]
[2025-09-21T23:34:22.137+0000] {subprocess.py:106} INFO - [23:34:22]        lead_scd_id must be unique [PASSED]
[2025-09-21T23:34:22.137+0000] {subprocess.py:106} INFO - [23:34:22]     dim_date in nawy_task_destination
[2025-09-21T23:34:22.138+0000] {subprocess.py:106} INFO - [23:34:22]       date_id cannot be null [PASSED]
[2025-09-21T23:34:22.138+0000] {subprocess.py:106} INFO - [23:34:22]       date_id must be unique [PASSED]
[2025-09-21T23:34:22.139+0000] {subprocess.py:106} INFO - [23:34:22]       Invalid weekday values [PASSED]
[2025-09-21T23:34:22.139+0000] {subprocess.py:106} INFO - [23:34:22] All is good. No failures. No warnings. No errors.
[2025-09-21T23:34:22.591+0000] {subprocess.py:110} INFO - Command exited with return code 0
[2025-09-21T23:34:23.576+0000] {taskinstance.py:341} INFO - ::group::Post task execution logs
[2025-09-21T23:34:23.577+0000] {taskinstance.py:353} INFO - Marking task as SUCCESS. dag_id=nawy_real_estate_pipeline, task_id=soda_quality_checks_gold_layer, run_id=manual__2025-09-21T14:23:51.132040+00:00, execution_date=20250921T142351, start_date=20250921T233419, end_date=20250921T233423
[2025-09-21T23:34:23.712+0000] {logging_mixin.py:190} INFO - Task instance in success state
[2025-09-21T23:34:23.713+0000] {logging_mixin.py:190} INFO -  Previous state of the Task instance: running
[2025-09-21T23:34:23.713+0000] {logging_mixin.py:190} INFO - Dag name:nawy_real_estate_pipeline queued_at:2025-09-21 23:24:57.150382+00:00
[2025-09-21T23:34:23.714+0000] {logging_mixin.py:190} INFO - Task hostname:b65782a7021d operator:BashOperator
[2025-09-21T23:34:23.746+0000] {local_task_job_runner.py:266} INFO - Task exited with return code 0
[2025-09-21T23:34:23.763+0000] {taskinstance.py:3901} INFO - 0 downstream tasks scheduled from follow-on schedule check
[2025-09-21T23:34:23.791+0000] {local_task_job_runner.py:245} INFO - ::endgroup::
