[2025-09-21T14:28:42.394+0000] {local_task_job_runner.py:123} INFO - ::group::Pre task execution logs
[2025-09-21T14:28:42.420+0000] {taskinstance.py:2614} INFO - Dependencies all met for dep_context=non-requeueable deps ti=<TaskInstance: nawy_real_estate_pipeline.soda_quality_checks_gold_layer manual__2025-09-21T14:23:51.132040+00:00 [queued]>
[2025-09-21T14:28:42.431+0000] {taskinstance.py:2614} INFO - Dependencies all met for dep_context=requeueable deps ti=<TaskInstance: nawy_real_estate_pipeline.soda_quality_checks_gold_layer manual__2025-09-21T14:23:51.132040+00:00 [queued]>
[2025-09-21T14:28:42.432+0000] {taskinstance.py:2867} INFO - Starting attempt 1 of 1
[2025-09-21T14:28:42.695+0000] {taskinstance.py:2890} INFO - Executing <Task(BashOperator): soda_quality_checks_gold_layer> on 2025-09-21 14:23:51.132040+00:00
[2025-09-21T14:28:42.702+0000] {warnings.py:112} WARNING - /home/***/.local/lib/python3.12/site-packages/***/task/task_runner/standard_task_runner.py:70: DeprecationWarning: This process (pid=1213) is multi-threaded, use of fork() may lead to deadlocks in the child.
  pid = os.fork()

[2025-09-21T14:28:42.704+0000] {standard_task_runner.py:72} INFO - Started process 1215 to run task
[2025-09-21T14:28:42.704+0000] {standard_task_runner.py:104} INFO - Running: ['***', 'tasks', 'run', 'nawy_real_estate_pipeline', 'soda_quality_checks_gold_layer', 'manual__2025-09-21T14:23:51.132040+00:00', '--job-id', '338', '--raw', '--subdir', 'DAGS_FOLDER/nawy_dag.py', '--cfg-path', '/tmp/tmpwiepzx_u']
[2025-09-21T14:28:42.705+0000] {standard_task_runner.py:105} INFO - Job 338: Subtask soda_quality_checks_gold_layer
[2025-09-21T14:28:42.790+0000] {task_command.py:467} INFO - Running <TaskInstance: nawy_real_estate_pipeline.soda_quality_checks_gold_layer manual__2025-09-21T14:23:51.132040+00:00 [running]> on host b65782a7021d
[2025-09-21T14:28:43.249+0000] {taskinstance.py:3134} INFO - Exporting env vars: AIRFLOW_CTX_DAG_OWNER='***' AIRFLOW_CTX_DAG_ID='nawy_real_estate_pipeline' AIRFLOW_CTX_TASK_ID='soda_quality_checks_gold_layer' AIRFLOW_CTX_EXECUTION_DATE='2025-09-21T14:23:51.132040+00:00' AIRFLOW_CTX_TRY_NUMBER='1' AIRFLOW_CTX_DAG_RUN_ID='manual__2025-09-21T14:23:51.132040+00:00'
[2025-09-21T14:28:43.250+0000] {logging_mixin.py:190} INFO - Task instance is in running state
[2025-09-21T14:28:43.251+0000] {logging_mixin.py:190} INFO -  Previous state of the Task instance: queued
[2025-09-21T14:28:43.252+0000] {logging_mixin.py:190} INFO - Current task name:soda_quality_checks_gold_layer state:running start_date:2025-09-21 14:28:42.421418+00:00
[2025-09-21T14:28:43.252+0000] {logging_mixin.py:190} INFO - Dag name:nawy_real_estate_pipeline and current dag run status:running
[2025-09-21T14:28:43.253+0000] {taskinstance.py:732} INFO - ::endgroup::
[2025-09-21T14:28:43.254+0000] {subprocess.py:78} INFO - Tmp dir root location: /tmp
[2025-09-21T14:28:43.255+0000] {subprocess.py:88} INFO - Running command: ['/usr/bin/bash', '-c', ' cd /opt/***/dags/../include/nawy_soda_project && soda scan  -d nawy_task_destination -c configuration.yml checks/gold || true']
[2025-09-21T14:28:43.268+0000] {subprocess.py:99} INFO - Output:
[2025-09-21T14:28:44.556+0000] {subprocess.py:106} INFO - [14:28:44] Soda Core 3.5.5
[2025-09-21T14:28:45.112+0000] {subprocess.py:106} INFO - [14:28:45] Using DefaultSampler
[2025-09-21T14:28:45.115+0000] {subprocess.py:106} INFO - [14:28:45] Using DefaultSampler
[2025-09-21T14:28:45.120+0000] {subprocess.py:106} INFO - [14:28:45] Using DefaultSampler
[2025-09-21T14:28:45.123+0000] {subprocess.py:106} INFO - [14:28:45] Using DefaultSampler
[2025-09-21T14:28:45.126+0000] {subprocess.py:106} INFO - [14:28:45] Using DefaultSampler
[2025-09-21T14:28:45.129+0000] {subprocess.py:106} INFO - [14:28:45] Using DefaultSampler
[2025-09-21T14:28:45.131+0000] {subprocess.py:106} INFO - [14:28:45] Using DefaultSampler
[2025-09-21T14:28:45.166+0000] {subprocess.py:106} INFO - [14:28:45] Using DefaultSampler
[2025-09-21T14:28:45.185+0000] {subprocess.py:106} INFO - [14:28:45] Using DefaultSampler
[2025-09-21T14:28:45.206+0000] {subprocess.py:106} INFO - [14:28:45] Using DefaultSampler
[2025-09-21T14:28:45.216+0000] {subprocess.py:106} INFO - [14:28:45] Using DefaultSampler
[2025-09-21T14:28:45.225+0000] {subprocess.py:106} INFO - [14:28:45] Using DefaultSampler
[2025-09-21T14:28:45.231+0000] {subprocess.py:106} INFO - [14:28:45] Using DefaultSampler
[2025-09-21T14:28:45.234+0000] {subprocess.py:106} INFO - [14:28:45] Using DefaultSampler
[2025-09-21T14:28:45.237+0000] {subprocess.py:106} INFO - [14:28:45] Using DefaultSampler
[2025-09-21T14:28:45.246+0000] {subprocess.py:106} INFO - [14:28:45] Using DefaultSampler
[2025-09-21T14:28:45.258+0000] {subprocess.py:106} INFO - [14:28:45] Using DefaultSampler
[2025-09-21T14:28:45.327+0000] {subprocess.py:106} INFO - [14:28:45] Using DefaultSampler
[2025-09-21T14:28:45.341+0000] {subprocess.py:106} INFO - [14:28:45] Using DefaultSampler
[2025-09-21T14:28:45.342+0000] {subprocess.py:106} INFO - [14:28:45] Scan summary:
[2025-09-21T14:28:45.343+0000] {subprocess.py:106} INFO - [14:28:45] 34/34 checks PASSED:
[2025-09-21T14:28:45.344+0000] {subprocess.py:106} INFO - [14:28:45]     sales_fact in nawy_task_destination
[2025-09-21T14:28:45.345+0000] {subprocess.py:106} INFO - [14:28:45]       every sale must have a valid lead_id map [PASSED]
[2025-09-21T14:28:45.345+0000] {subprocess.py:106} INFO - [14:28:45]       every sale must have a valid lead_type_id map [PASSED]
[2025-09-21T14:28:45.346+0000] {subprocess.py:106} INFO - [14:28:45]       every sale must have a valid lead_campaign_id map [PASSED]
[2025-09-21T14:28:45.347+0000] {subprocess.py:106} INFO - [14:28:45]       unit_value must be a non-negative number [PASSED]
[2025-09-21T14:28:45.348+0000] {subprocess.py:106} INFO - [14:28:45]       actual_value must be a  +  number [PASSED]
[2025-09-21T14:28:45.348+0000] {subprocess.py:106} INFO - [14:28:45]       expected_value must be + number [PASSED]
[2025-09-21T14:28:45.349+0000] {subprocess.py:106} INFO - [14:28:45]       years_of_payment must be + number [PASSED]
[2025-09-21T14:28:45.350+0000] {subprocess.py:106} INFO - [14:28:45]       id col cannot be null [PASSED]
[2025-09-21T14:28:45.351+0000] {subprocess.py:106} INFO - [14:28:45]       id must be unique [PASSED]
[2025-09-21T14:28:45.352+0000] {subprocess.py:106} INFO - [14:28:45]     leads_fact in nawy_task_destination
[2025-09-21T14:28:45.352+0000] {subprocess.py:106} INFO - [14:28:45]       every lead must have a valid lead_scd_id map [PASSED]
[2025-09-21T14:28:45.353+0000] {subprocess.py:106} INFO - [14:28:45]       every lead must have a valid lead_type_id map [PASSED]
[2025-09-21T14:28:45.354+0000] {subprocess.py:106} INFO - [14:28:45]       every lead must have a valid contact_method_id map [PASSED]
[2025-09-21T14:28:45.354+0000] {subprocess.py:106} INFO - [14:28:45]       customer_id should be a positive number [PASSED]
[2025-09-21T14:28:45.355+0000] {subprocess.py:106} INFO - [14:28:45]       user_id should be positive number [PASSED]
[2025-09-21T14:28:45.355+0000] {subprocess.py:106} INFO - [14:28:45]       id col cannot be null [PASSED]
[2025-09-21T14:28:45.356+0000] {subprocess.py:106} INFO - [14:28:45]       id must be unique [PASSED]
[2025-09-21T14:28:45.357+0000] {subprocess.py:106} INFO - [14:28:45]     dim_sale_category in nawy_task_destination
[2025-09-21T14:28:45.357+0000] {subprocess.py:106} INFO - [14:28:45]       category values must be lowercase [PASSED]
[2025-09-21T14:28:45.358+0000] {subprocess.py:106} INFO - [14:28:45]       category_id cannot be null [PASSED]
[2025-09-21T14:28:45.358+0000] {subprocess.py:106} INFO - [14:28:45]       category_id must be unique [PASSED]
[2025-09-21T14:28:45.359+0000] {subprocess.py:106} INFO - [14:28:45]     dim_property_type in nawy_task_destination
[2025-09-21T14:28:45.359+0000] {subprocess.py:106} INFO - [14:28:45]       type values must be lowercase [PASSED]
[2025-09-21T14:28:45.360+0000] {subprocess.py:106} INFO - [14:28:45]       property_type_id cannot be null [PASSED]
[2025-09-21T14:28:45.360+0000] {subprocess.py:106} INFO - [14:28:45]       property_type_id must be unique [PASSED]
[2025-09-21T14:28:45.361+0000] {subprocess.py:106} INFO - [14:28:45]     dim_lead_type in nawy_task_destination
[2025-09-21T14:28:45.361+0000] {subprocess.py:106} INFO - [14:28:45]       type values must be lowercase [PASSED]
[2025-09-21T14:28:45.362+0000] {subprocess.py:106} INFO - [14:28:45]       lead_type_id cannot be null [PASSED]
[2025-09-21T14:28:45.362+0000] {subprocess.py:106} INFO - [14:28:45]       lead_type_id must be unique [PASSED]
[2025-09-21T14:28:45.363+0000] {subprocess.py:106} INFO - [14:28:45]     dim_lead_scd2 in nawy_task_destination
[2025-09-21T14:28:45.364+0000] {subprocess.py:106} INFO - [14:28:45]       effective_date must be less than or equal to expiration_date [PASSED]
[2025-09-21T14:28:45.364+0000] {subprocess.py:106} INFO - [14:28:45]       Fatal Error: is_active flag must align with expiration_date [PASSED]
[2025-09-21T14:28:45.365+0000] {subprocess.py:106} INFO - [14:28:45]       status_name values must be lowercase [PASSED]
[2025-09-21T14:28:45.366+0000] {subprocess.py:106} INFO - [14:28:45]       Quality Error: last_contact_date cannot be in the future [PASSED]
[2025-09-21T14:28:45.367+0000] {subprocess.py:106} INFO - [14:28:45]        lead_scd_id cannot be null [PASSED]
[2025-09-21T14:28:45.367+0000] {subprocess.py:106} INFO - [14:28:45]        lead_scd_id must be unique [PASSED]
[2025-09-21T14:28:45.368+0000] {subprocess.py:106} INFO - [14:28:45]     dim_date in nawy_task_destination
[2025-09-21T14:28:45.369+0000] {subprocess.py:106} INFO - [14:28:45]       date_id cannot be null [PASSED]
[2025-09-21T14:28:45.370+0000] {subprocess.py:106} INFO - [14:28:45]       date_id must be unique [PASSED]
[2025-09-21T14:28:45.370+0000] {subprocess.py:106} INFO - [14:28:45]       Invalid weekday values [PASSED]
[2025-09-21T14:28:45.371+0000] {subprocess.py:106} INFO - [14:28:45] All is good. No failures. No warnings. No errors.
[2025-09-21T14:28:45.921+0000] {subprocess.py:110} INFO - Command exited with return code 0
[2025-09-21T14:28:45.971+0000] {taskinstance.py:341} INFO - ::group::Post task execution logs
[2025-09-21T14:28:45.972+0000] {taskinstance.py:353} INFO - Marking task as SUCCESS. dag_id=nawy_real_estate_pipeline, task_id=soda_quality_checks_gold_layer, run_id=manual__2025-09-21T14:23:51.132040+00:00, execution_date=20250921T142351, start_date=20250921T142842, end_date=20250921T142845
[2025-09-21T14:28:46.071+0000] {logging_mixin.py:190} INFO - Task instance in success state
[2025-09-21T14:28:46.072+0000] {logging_mixin.py:190} INFO -  Previous state of the Task instance: running
[2025-09-21T14:28:46.072+0000] {logging_mixin.py:190} INFO - Dag name:nawy_real_estate_pipeline queued_at:2025-09-21 14:23:51.171994+00:00
[2025-09-21T14:28:46.073+0000] {logging_mixin.py:190} INFO - Task hostname:b65782a7021d operator:BashOperator
[2025-09-21T14:28:46.091+0000] {local_task_job_runner.py:266} INFO - Task exited with return code 0
[2025-09-21T14:28:46.108+0000] {taskinstance.py:3901} INFO - 0 downstream tasks scheduled from follow-on schedule check
[2025-09-21T14:28:46.139+0000] {local_task_job_runner.py:245} INFO - ::endgroup::
