[2025-09-22T00:00:15.798+0000] {processor.py:186} INFO - Started process (PID=5277) to work on /home/airflow/.local/lib/python3.12/site-packages/airflow/example_dags/example_branch_operator.py
[2025-09-22T00:00:15.799+0000] {processor.py:914} INFO - Processing file /home/airflow/.local/lib/python3.12/site-packages/airflow/example_dags/example_branch_operator.py for tasks to queue
[2025-09-22T00:00:15.802+0000] {logging_mixin.py:190} INFO - [2025-09-22T00:00:15.801+0000] {dagbag.py:588} INFO - Filling up the DagBag from /home/airflow/.local/lib/python3.12/site-packages/airflow/example_dags/example_branch_operator.py
[2025-09-22T00:00:15.839+0000] {processor.py:925} INFO - DAG(s) 'example_branch_operator' retrieved from /home/airflow/.local/lib/python3.12/site-packages/airflow/example_dags/example_branch_operator.py
[2025-09-22T00:00:15.883+0000] {logging_mixin.py:190} INFO - [2025-09-22T00:00:15.882+0000] {dag.py:3239} INFO - Sync 1 DAGs
[2025-09-22T00:00:15.920+0000] {logging_mixin.py:190} INFO - [2025-09-22T00:00:15.920+0000] {dag.py:4180} INFO - Setting next_dagrun for example_branch_operator to 2025-09-21 00:00:00+00:00, run_after=2025-09-22 00:00:00+00:00
[2025-09-22T00:00:15.982+0000] {processor.py:208} INFO - Processing /home/airflow/.local/lib/python3.12/site-packages/airflow/example_dags/example_branch_operator.py took 0.191 seconds
[2025-09-22T00:00:46.348+0000] {processor.py:186} INFO - Started process (PID=5341) to work on /home/airflow/.local/lib/python3.12/site-packages/airflow/example_dags/example_branch_operator.py
[2025-09-22T00:00:46.349+0000] {processor.py:914} INFO - Processing file /home/airflow/.local/lib/python3.12/site-packages/airflow/example_dags/example_branch_operator.py for tasks to queue
[2025-09-22T00:00:46.352+0000] {logging_mixin.py:190} INFO - [2025-09-22T00:00:46.351+0000] {dagbag.py:588} INFO - Filling up the DagBag from /home/airflow/.local/lib/python3.12/site-packages/airflow/example_dags/example_branch_operator.py
[2025-09-22T00:00:46.373+0000] {processor.py:925} INFO - DAG(s) 'example_branch_operator' retrieved from /home/airflow/.local/lib/python3.12/site-packages/airflow/example_dags/example_branch_operator.py
[2025-09-22T00:00:46.410+0000] {logging_mixin.py:190} INFO - [2025-09-22T00:00:46.410+0000] {dag.py:3239} INFO - Sync 1 DAGs
[2025-09-22T00:00:46.438+0000] {logging_mixin.py:190} INFO - [2025-09-22T00:00:46.438+0000] {dag.py:4180} INFO - Setting next_dagrun for example_branch_operator to 2025-09-21 00:00:00+00:00, run_after=2025-09-22 00:00:00+00:00
[2025-09-22T00:00:46.487+0000] {processor.py:208} INFO - Processing /home/airflow/.local/lib/python3.12/site-packages/airflow/example_dags/example_branch_operator.py took 0.147 seconds
[2025-09-22T00:01:17.268+0000] {processor.py:186} INFO - Started process (PID=5405) to work on /home/airflow/.local/lib/python3.12/site-packages/airflow/example_dags/example_branch_operator.py
[2025-09-22T00:01:17.269+0000] {processor.py:914} INFO - Processing file /home/airflow/.local/lib/python3.12/site-packages/airflow/example_dags/example_branch_operator.py for tasks to queue
[2025-09-22T00:01:17.272+0000] {logging_mixin.py:190} INFO - [2025-09-22T00:01:17.272+0000] {dagbag.py:588} INFO - Filling up the DagBag from /home/airflow/.local/lib/python3.12/site-packages/airflow/example_dags/example_branch_operator.py
[2025-09-22T00:01:17.294+0000] {processor.py:925} INFO - DAG(s) 'example_branch_operator' retrieved from /home/airflow/.local/lib/python3.12/site-packages/airflow/example_dags/example_branch_operator.py
[2025-09-22T00:01:17.335+0000] {logging_mixin.py:190} INFO - [2025-09-22T00:01:17.335+0000] {dag.py:3239} INFO - Sync 1 DAGs
[2025-09-22T00:01:17.365+0000] {logging_mixin.py:190} INFO - [2025-09-22T00:01:17.365+0000] {dag.py:4180} INFO - Setting next_dagrun for example_branch_operator to 2025-09-21 00:00:00+00:00, run_after=2025-09-22 00:00:00+00:00
[2025-09-22T00:01:17.410+0000] {processor.py:208} INFO - Processing /home/airflow/.local/lib/python3.12/site-packages/airflow/example_dags/example_branch_operator.py took 0.150 seconds
[2025-09-22T00:01:47.515+0000] {processor.py:186} INFO - Started process (PID=5469) to work on /home/airflow/.local/lib/python3.12/site-packages/airflow/example_dags/example_branch_operator.py
[2025-09-22T00:01:47.516+0000] {processor.py:914} INFO - Processing file /home/airflow/.local/lib/python3.12/site-packages/airflow/example_dags/example_branch_operator.py for tasks to queue
[2025-09-22T00:01:47.518+0000] {logging_mixin.py:190} INFO - [2025-09-22T00:01:47.518+0000] {dagbag.py:588} INFO - Filling up the DagBag from /home/airflow/.local/lib/python3.12/site-packages/airflow/example_dags/example_branch_operator.py
[2025-09-22T00:01:47.537+0000] {processor.py:925} INFO - DAG(s) 'example_branch_operator' retrieved from /home/airflow/.local/lib/python3.12/site-packages/airflow/example_dags/example_branch_operator.py
[2025-09-22T00:01:47.570+0000] {logging_mixin.py:190} INFO - [2025-09-22T00:01:47.570+0000] {dag.py:3239} INFO - Sync 1 DAGs
[2025-09-22T00:01:47.596+0000] {logging_mixin.py:190} INFO - [2025-09-22T00:01:47.596+0000] {dag.py:4180} INFO - Setting next_dagrun for example_branch_operator to 2025-09-21 00:00:00+00:00, run_after=2025-09-22 00:00:00+00:00
[2025-09-22T00:01:47.642+0000] {processor.py:208} INFO - Processing /home/airflow/.local/lib/python3.12/site-packages/airflow/example_dags/example_branch_operator.py took 0.133 seconds
[2025-09-22T00:02:18.423+0000] {processor.py:186} INFO - Started process (PID=5533) to work on /home/airflow/.local/lib/python3.12/site-packages/airflow/example_dags/example_branch_operator.py
[2025-09-22T00:02:18.425+0000] {processor.py:914} INFO - Processing file /home/airflow/.local/lib/python3.12/site-packages/airflow/example_dags/example_branch_operator.py for tasks to queue
[2025-09-22T00:02:18.427+0000] {logging_mixin.py:190} INFO - [2025-09-22T00:02:18.427+0000] {dagbag.py:588} INFO - Filling up the DagBag from /home/airflow/.local/lib/python3.12/site-packages/airflow/example_dags/example_branch_operator.py
[2025-09-22T00:02:18.447+0000] {processor.py:925} INFO - DAG(s) 'example_branch_operator' retrieved from /home/airflow/.local/lib/python3.12/site-packages/airflow/example_dags/example_branch_operator.py
[2025-09-22T00:02:18.482+0000] {logging_mixin.py:190} INFO - [2025-09-22T00:02:18.481+0000] {dag.py:3239} INFO - Sync 1 DAGs
[2025-09-22T00:02:18.509+0000] {logging_mixin.py:190} INFO - [2025-09-22T00:02:18.509+0000] {dag.py:4180} INFO - Setting next_dagrun for example_branch_operator to 2025-09-21 00:00:00+00:00, run_after=2025-09-22 00:00:00+00:00
[2025-09-22T00:02:18.550+0000] {processor.py:208} INFO - Processing /home/airflow/.local/lib/python3.12/site-packages/airflow/example_dags/example_branch_operator.py took 0.134 seconds
[2025-09-22T00:02:48.859+0000] {processor.py:186} INFO - Started process (PID=5597) to work on /home/airflow/.local/lib/python3.12/site-packages/airflow/example_dags/example_branch_operator.py
[2025-09-22T00:02:48.860+0000] {processor.py:914} INFO - Processing file /home/airflow/.local/lib/python3.12/site-packages/airflow/example_dags/example_branch_operator.py for tasks to queue
[2025-09-22T00:02:48.863+0000] {logging_mixin.py:190} INFO - [2025-09-22T00:02:48.862+0000] {dagbag.py:588} INFO - Filling up the DagBag from /home/airflow/.local/lib/python3.12/site-packages/airflow/example_dags/example_branch_operator.py
[2025-09-22T00:02:48.884+0000] {processor.py:925} INFO - DAG(s) 'example_branch_operator' retrieved from /home/airflow/.local/lib/python3.12/site-packages/airflow/example_dags/example_branch_operator.py
[2025-09-22T00:02:48.915+0000] {logging_mixin.py:190} INFO - [2025-09-22T00:02:48.915+0000] {dag.py:3239} INFO - Sync 1 DAGs
[2025-09-22T00:02:48.943+0000] {logging_mixin.py:190} INFO - [2025-09-22T00:02:48.942+0000] {dag.py:4180} INFO - Setting next_dagrun for example_branch_operator to 2025-09-21 00:00:00+00:00, run_after=2025-09-22 00:00:00+00:00
[2025-09-22T00:02:48.988+0000] {processor.py:208} INFO - Processing /home/airflow/.local/lib/python3.12/site-packages/airflow/example_dags/example_branch_operator.py took 0.136 seconds
[2025-09-22T00:03:19.270+0000] {processor.py:186} INFO - Started process (PID=5661) to work on /home/airflow/.local/lib/python3.12/site-packages/airflow/example_dags/example_branch_operator.py
[2025-09-22T00:03:19.271+0000] {processor.py:914} INFO - Processing file /home/airflow/.local/lib/python3.12/site-packages/airflow/example_dags/example_branch_operator.py for tasks to queue
[2025-09-22T00:03:19.273+0000] {logging_mixin.py:190} INFO - [2025-09-22T00:03:19.273+0000] {dagbag.py:588} INFO - Filling up the DagBag from /home/airflow/.local/lib/python3.12/site-packages/airflow/example_dags/example_branch_operator.py
[2025-09-22T00:03:19.291+0000] {processor.py:925} INFO - DAG(s) 'example_branch_operator' retrieved from /home/airflow/.local/lib/python3.12/site-packages/airflow/example_dags/example_branch_operator.py
[2025-09-22T00:03:19.320+0000] {logging_mixin.py:190} INFO - [2025-09-22T00:03:19.320+0000] {dag.py:3239} INFO - Sync 1 DAGs
[2025-09-22T00:03:19.344+0000] {logging_mixin.py:190} INFO - [2025-09-22T00:03:19.344+0000] {dag.py:4180} INFO - Setting next_dagrun for example_branch_operator to 2025-09-21 00:00:00+00:00, run_after=2025-09-22 00:00:00+00:00
[2025-09-22T00:03:19.386+0000] {processor.py:208} INFO - Processing /home/airflow/.local/lib/python3.12/site-packages/airflow/example_dags/example_branch_operator.py took 0.122 seconds
[2025-09-22T00:03:49.845+0000] {processor.py:186} INFO - Started process (PID=5719) to work on /home/airflow/.local/lib/python3.12/site-packages/airflow/example_dags/example_branch_operator.py
[2025-09-22T00:03:49.846+0000] {processor.py:914} INFO - Processing file /home/airflow/.local/lib/python3.12/site-packages/airflow/example_dags/example_branch_operator.py for tasks to queue
[2025-09-22T00:03:49.849+0000] {logging_mixin.py:190} INFO - [2025-09-22T00:03:49.848+0000] {dagbag.py:588} INFO - Filling up the DagBag from /home/airflow/.local/lib/python3.12/site-packages/airflow/example_dags/example_branch_operator.py
[2025-09-22T00:03:49.869+0000] {processor.py:925} INFO - DAG(s) 'example_branch_operator' retrieved from /home/airflow/.local/lib/python3.12/site-packages/airflow/example_dags/example_branch_operator.py
[2025-09-22T00:03:49.903+0000] {logging_mixin.py:190} INFO - [2025-09-22T00:03:49.903+0000] {dag.py:3239} INFO - Sync 1 DAGs
[2025-09-22T00:03:49.928+0000] {logging_mixin.py:190} INFO - [2025-09-22T00:03:49.927+0000] {dag.py:4180} INFO - Setting next_dagrun for example_branch_operator to 2025-09-21 00:00:00+00:00, run_after=2025-09-22 00:00:00+00:00
[2025-09-22T00:03:49.983+0000] {processor.py:208} INFO - Processing /home/airflow/.local/lib/python3.12/site-packages/airflow/example_dags/example_branch_operator.py took 0.145 seconds
[2025-09-22T00:04:20.107+0000] {processor.py:186} INFO - Started process (PID=5783) to work on /home/airflow/.local/lib/python3.12/site-packages/airflow/example_dags/example_branch_operator.py
[2025-09-22T00:04:20.108+0000] {processor.py:914} INFO - Processing file /home/airflow/.local/lib/python3.12/site-packages/airflow/example_dags/example_branch_operator.py for tasks to queue
[2025-09-22T00:04:20.111+0000] {logging_mixin.py:190} INFO - [2025-09-22T00:04:20.110+0000] {dagbag.py:588} INFO - Filling up the DagBag from /home/airflow/.local/lib/python3.12/site-packages/airflow/example_dags/example_branch_operator.py
[2025-09-22T00:04:20.131+0000] {processor.py:925} INFO - DAG(s) 'example_branch_operator' retrieved from /home/airflow/.local/lib/python3.12/site-packages/airflow/example_dags/example_branch_operator.py
[2025-09-22T00:04:20.164+0000] {logging_mixin.py:190} INFO - [2025-09-22T00:04:20.164+0000] {dag.py:3239} INFO - Sync 1 DAGs
[2025-09-22T00:04:20.191+0000] {logging_mixin.py:190} INFO - [2025-09-22T00:04:20.191+0000] {dag.py:4180} INFO - Setting next_dagrun for example_branch_operator to 2025-09-21 00:00:00+00:00, run_after=2025-09-22 00:00:00+00:00
[2025-09-22T00:04:20.236+0000] {processor.py:208} INFO - Processing /home/airflow/.local/lib/python3.12/site-packages/airflow/example_dags/example_branch_operator.py took 0.135 seconds
[2025-09-22T00:04:51.064+0000] {processor.py:186} INFO - Started process (PID=5847) to work on /home/airflow/.local/lib/python3.12/site-packages/airflow/example_dags/example_branch_operator.py
[2025-09-22T00:04:51.065+0000] {processor.py:914} INFO - Processing file /home/airflow/.local/lib/python3.12/site-packages/airflow/example_dags/example_branch_operator.py for tasks to queue
[2025-09-22T00:04:51.067+0000] {logging_mixin.py:190} INFO - [2025-09-22T00:04:51.067+0000] {dagbag.py:588} INFO - Filling up the DagBag from /home/airflow/.local/lib/python3.12/site-packages/airflow/example_dags/example_branch_operator.py
[2025-09-22T00:04:51.082+0000] {processor.py:925} INFO - DAG(s) 'example_branch_operator' retrieved from /home/airflow/.local/lib/python3.12/site-packages/airflow/example_dags/example_branch_operator.py
[2025-09-22T00:04:51.109+0000] {logging_mixin.py:190} INFO - [2025-09-22T00:04:51.109+0000] {dag.py:3239} INFO - Sync 1 DAGs
[2025-09-22T00:04:51.131+0000] {logging_mixin.py:190} INFO - [2025-09-22T00:04:51.131+0000] {dag.py:4180} INFO - Setting next_dagrun for example_branch_operator to 2025-09-21 00:00:00+00:00, run_after=2025-09-22 00:00:00+00:00
[2025-09-22T00:04:51.171+0000] {processor.py:208} INFO - Processing /home/airflow/.local/lib/python3.12/site-packages/airflow/example_dags/example_branch_operator.py took 0.112 seconds
[2025-09-22T00:05:21.328+0000] {processor.py:186} INFO - Started process (PID=5911) to work on /home/airflow/.local/lib/python3.12/site-packages/airflow/example_dags/example_branch_operator.py
[2025-09-22T00:05:21.329+0000] {processor.py:914} INFO - Processing file /home/airflow/.local/lib/python3.12/site-packages/airflow/example_dags/example_branch_operator.py for tasks to queue
[2025-09-22T00:05:21.332+0000] {logging_mixin.py:190} INFO - [2025-09-22T00:05:21.332+0000] {dagbag.py:588} INFO - Filling up the DagBag from /home/airflow/.local/lib/python3.12/site-packages/airflow/example_dags/example_branch_operator.py
[2025-09-22T00:05:21.351+0000] {processor.py:925} INFO - DAG(s) 'example_branch_operator' retrieved from /home/airflow/.local/lib/python3.12/site-packages/airflow/example_dags/example_branch_operator.py
[2025-09-22T00:05:21.382+0000] {logging_mixin.py:190} INFO - [2025-09-22T00:05:21.382+0000] {dag.py:3239} INFO - Sync 1 DAGs
[2025-09-22T00:05:21.407+0000] {logging_mixin.py:190} INFO - [2025-09-22T00:05:21.407+0000] {dag.py:4180} INFO - Setting next_dagrun for example_branch_operator to 2025-09-21 00:00:00+00:00, run_after=2025-09-22 00:00:00+00:00
[2025-09-22T00:05:21.691+0000] {processor.py:208} INFO - Processing /home/airflow/.local/lib/python3.12/site-packages/airflow/example_dags/example_branch_operator.py took 0.369 seconds
[2025-09-22T00:05:53.277+0000] {processor.py:186} INFO - Started process (PID=5969) to work on /home/airflow/.local/lib/python3.12/site-packages/airflow/example_dags/example_branch_operator.py
[2025-09-22T00:05:53.278+0000] {processor.py:914} INFO - Processing file /home/airflow/.local/lib/python3.12/site-packages/airflow/example_dags/example_branch_operator.py for tasks to queue
[2025-09-22T00:05:53.280+0000] {logging_mixin.py:190} INFO - [2025-09-22T00:05:53.280+0000] {dagbag.py:588} INFO - Filling up the DagBag from /home/airflow/.local/lib/python3.12/site-packages/airflow/example_dags/example_branch_operator.py
[2025-09-22T00:05:53.296+0000] {processor.py:925} INFO - DAG(s) 'example_branch_operator' retrieved from /home/airflow/.local/lib/python3.12/site-packages/airflow/example_dags/example_branch_operator.py
[2025-09-22T00:05:53.324+0000] {logging_mixin.py:190} INFO - [2025-09-22T00:05:53.324+0000] {dag.py:3239} INFO - Sync 1 DAGs
[2025-09-22T00:05:53.345+0000] {logging_mixin.py:190} INFO - [2025-09-22T00:05:53.345+0000] {dag.py:4180} INFO - Setting next_dagrun for example_branch_operator to 2025-09-21 00:00:00+00:00, run_after=2025-09-22 00:00:00+00:00
[2025-09-22T00:05:53.388+0000] {processor.py:208} INFO - Processing /home/airflow/.local/lib/python3.12/site-packages/airflow/example_dags/example_branch_operator.py took 0.115 seconds
[2025-09-22T00:06:26.995+0000] {processor.py:186} INFO - Started process (PID=6033) to work on /home/airflow/.local/lib/python3.12/site-packages/airflow/example_dags/example_branch_operator.py
[2025-09-22T00:06:26.996+0000] {processor.py:914} INFO - Processing file /home/airflow/.local/lib/python3.12/site-packages/airflow/example_dags/example_branch_operator.py for tasks to queue
[2025-09-22T00:06:26.998+0000] {logging_mixin.py:190} INFO - [2025-09-22T00:06:26.998+0000] {dagbag.py:588} INFO - Filling up the DagBag from /home/airflow/.local/lib/python3.12/site-packages/airflow/example_dags/example_branch_operator.py
[2025-09-22T00:06:27.016+0000] {processor.py:925} INFO - DAG(s) 'example_branch_operator' retrieved from /home/airflow/.local/lib/python3.12/site-packages/airflow/example_dags/example_branch_operator.py
[2025-09-22T00:06:27.046+0000] {logging_mixin.py:190} INFO - [2025-09-22T00:06:27.045+0000] {dag.py:3239} INFO - Sync 1 DAGs
[2025-09-22T00:06:27.069+0000] {logging_mixin.py:190} INFO - [2025-09-22T00:06:27.069+0000] {dag.py:4180} INFO - Setting next_dagrun for example_branch_operator to 2025-09-21 00:00:00+00:00, run_after=2025-09-22 00:00:00+00:00
[2025-09-22T00:06:27.114+0000] {processor.py:208} INFO - Processing /home/airflow/.local/lib/python3.12/site-packages/airflow/example_dags/example_branch_operator.py took 0.123 seconds
[2025-09-22T00:06:58.086+0000] {processor.py:186} INFO - Started process (PID=6090) to work on /home/airflow/.local/lib/python3.12/site-packages/airflow/example_dags/example_branch_operator.py
[2025-09-22T00:06:58.087+0000] {processor.py:914} INFO - Processing file /home/airflow/.local/lib/python3.12/site-packages/airflow/example_dags/example_branch_operator.py for tasks to queue
[2025-09-22T00:06:58.089+0000] {logging_mixin.py:190} INFO - [2025-09-22T00:06:58.089+0000] {dagbag.py:588} INFO - Filling up the DagBag from /home/airflow/.local/lib/python3.12/site-packages/airflow/example_dags/example_branch_operator.py
[2025-09-22T00:06:58.105+0000] {processor.py:925} INFO - DAG(s) 'example_branch_operator' retrieved from /home/airflow/.local/lib/python3.12/site-packages/airflow/example_dags/example_branch_operator.py
[2025-09-22T00:06:58.137+0000] {logging_mixin.py:190} INFO - [2025-09-22T00:06:58.136+0000] {dag.py:3239} INFO - Sync 1 DAGs
[2025-09-22T00:06:58.159+0000] {logging_mixin.py:190} INFO - [2025-09-22T00:06:58.159+0000] {dag.py:4180} INFO - Setting next_dagrun for example_branch_operator to 2025-09-21 00:00:00+00:00, run_after=2025-09-22 00:00:00+00:00
[2025-09-22T00:06:58.203+0000] {processor.py:208} INFO - Processing /home/airflow/.local/lib/python3.12/site-packages/airflow/example_dags/example_branch_operator.py took 0.121 seconds
[2025-09-22T00:07:30.526+0000] {processor.py:186} INFO - Started process (PID=6153) to work on /home/airflow/.local/lib/python3.12/site-packages/airflow/example_dags/example_branch_operator.py
[2025-09-22T00:07:30.527+0000] {processor.py:914} INFO - Processing file /home/airflow/.local/lib/python3.12/site-packages/airflow/example_dags/example_branch_operator.py for tasks to queue
[2025-09-22T00:07:30.529+0000] {logging_mixin.py:190} INFO - [2025-09-22T00:07:30.529+0000] {dagbag.py:588} INFO - Filling up the DagBag from /home/airflow/.local/lib/python3.12/site-packages/airflow/example_dags/example_branch_operator.py
[2025-09-22T00:07:30.544+0000] {processor.py:925} INFO - DAG(s) 'example_branch_operator' retrieved from /home/airflow/.local/lib/python3.12/site-packages/airflow/example_dags/example_branch_operator.py
[2025-09-22T00:07:30.572+0000] {logging_mixin.py:190} INFO - [2025-09-22T00:07:30.572+0000] {dag.py:3239} INFO - Sync 1 DAGs
[2025-09-22T00:07:30.595+0000] {logging_mixin.py:190} INFO - [2025-09-22T00:07:30.595+0000] {dag.py:4180} INFO - Setting next_dagrun for example_branch_operator to 2025-09-21 00:00:00+00:00, run_after=2025-09-22 00:00:00+00:00
[2025-09-22T00:07:30.635+0000] {processor.py:208} INFO - Processing /home/airflow/.local/lib/python3.12/site-packages/airflow/example_dags/example_branch_operator.py took 0.114 seconds
[2025-09-22T00:08:04.238+0000] {processor.py:186} INFO - Started process (PID=6217) to work on /home/airflow/.local/lib/python3.12/site-packages/airflow/example_dags/example_branch_operator.py
[2025-09-22T00:08:04.238+0000] {processor.py:914} INFO - Processing file /home/airflow/.local/lib/python3.12/site-packages/airflow/example_dags/example_branch_operator.py for tasks to queue
[2025-09-22T00:08:04.241+0000] {logging_mixin.py:190} INFO - [2025-09-22T00:08:04.240+0000] {dagbag.py:588} INFO - Filling up the DagBag from /home/airflow/.local/lib/python3.12/site-packages/airflow/example_dags/example_branch_operator.py
[2025-09-22T00:08:04.260+0000] {processor.py:925} INFO - DAG(s) 'example_branch_operator' retrieved from /home/airflow/.local/lib/python3.12/site-packages/airflow/example_dags/example_branch_operator.py
[2025-09-22T00:08:04.294+0000] {logging_mixin.py:190} INFO - [2025-09-22T00:08:04.294+0000] {dag.py:3239} INFO - Sync 1 DAGs
[2025-09-22T00:08:04.318+0000] {logging_mixin.py:190} INFO - [2025-09-22T00:08:04.318+0000] {dag.py:4180} INFO - Setting next_dagrun for example_branch_operator to 2025-09-21 00:00:00+00:00, run_after=2025-09-22 00:00:00+00:00
[2025-09-22T00:08:04.359+0000] {processor.py:208} INFO - Processing /home/airflow/.local/lib/python3.12/site-packages/airflow/example_dags/example_branch_operator.py took 0.126 seconds
[2025-09-22T00:08:36.828+0000] {processor.py:186} INFO - Started process (PID=6281) to work on /home/airflow/.local/lib/python3.12/site-packages/airflow/example_dags/example_branch_operator.py
[2025-09-22T00:08:36.829+0000] {processor.py:914} INFO - Processing file /home/airflow/.local/lib/python3.12/site-packages/airflow/example_dags/example_branch_operator.py for tasks to queue
[2025-09-22T00:08:36.831+0000] {logging_mixin.py:190} INFO - [2025-09-22T00:08:36.831+0000] {dagbag.py:588} INFO - Filling up the DagBag from /home/airflow/.local/lib/python3.12/site-packages/airflow/example_dags/example_branch_operator.py
[2025-09-22T00:08:36.846+0000] {processor.py:925} INFO - DAG(s) 'example_branch_operator' retrieved from /home/airflow/.local/lib/python3.12/site-packages/airflow/example_dags/example_branch_operator.py
[2025-09-22T00:08:36.875+0000] {logging_mixin.py:190} INFO - [2025-09-22T00:08:36.874+0000] {dag.py:3239} INFO - Sync 1 DAGs
[2025-09-22T00:08:36.897+0000] {logging_mixin.py:190} INFO - [2025-09-22T00:08:36.897+0000] {dag.py:4180} INFO - Setting next_dagrun for example_branch_operator to 2025-09-21 00:00:00+00:00, run_after=2025-09-22 00:00:00+00:00
[2025-09-22T00:08:36.940+0000] {processor.py:208} INFO - Processing /home/airflow/.local/lib/python3.12/site-packages/airflow/example_dags/example_branch_operator.py took 0.116 seconds
[2025-09-22T00:09:07.368+0000] {processor.py:186} INFO - Started process (PID=6345) to work on /home/airflow/.local/lib/python3.12/site-packages/airflow/example_dags/example_branch_operator.py
[2025-09-22T00:09:07.368+0000] {processor.py:914} INFO - Processing file /home/airflow/.local/lib/python3.12/site-packages/airflow/example_dags/example_branch_operator.py for tasks to queue
[2025-09-22T00:09:07.370+0000] {logging_mixin.py:190} INFO - [2025-09-22T00:09:07.370+0000] {dagbag.py:588} INFO - Filling up the DagBag from /home/airflow/.local/lib/python3.12/site-packages/airflow/example_dags/example_branch_operator.py
[2025-09-22T00:09:07.384+0000] {processor.py:925} INFO - DAG(s) 'example_branch_operator' retrieved from /home/airflow/.local/lib/python3.12/site-packages/airflow/example_dags/example_branch_operator.py
[2025-09-22T00:09:07.409+0000] {logging_mixin.py:190} INFO - [2025-09-22T00:09:07.409+0000] {dag.py:3239} INFO - Sync 1 DAGs
[2025-09-22T00:09:07.429+0000] {logging_mixin.py:190} INFO - [2025-09-22T00:09:07.429+0000] {dag.py:4180} INFO - Setting next_dagrun for example_branch_operator to 2025-09-21 00:00:00+00:00, run_after=2025-09-22 00:00:00+00:00
[2025-09-22T00:09:07.472+0000] {processor.py:208} INFO - Processing /home/airflow/.local/lib/python3.12/site-packages/airflow/example_dags/example_branch_operator.py took 0.109 seconds
[2025-09-22T00:09:37.540+0000] {processor.py:186} INFO - Started process (PID=6409) to work on /home/airflow/.local/lib/python3.12/site-packages/airflow/example_dags/example_branch_operator.py
[2025-09-22T00:09:37.541+0000] {processor.py:914} INFO - Processing file /home/airflow/.local/lib/python3.12/site-packages/airflow/example_dags/example_branch_operator.py for tasks to queue
[2025-09-22T00:09:37.543+0000] {logging_mixin.py:190} INFO - [2025-09-22T00:09:37.543+0000] {dagbag.py:588} INFO - Filling up the DagBag from /home/airflow/.local/lib/python3.12/site-packages/airflow/example_dags/example_branch_operator.py
[2025-09-22T00:09:37.557+0000] {processor.py:925} INFO - DAG(s) 'example_branch_operator' retrieved from /home/airflow/.local/lib/python3.12/site-packages/airflow/example_dags/example_branch_operator.py
[2025-09-22T00:09:37.582+0000] {logging_mixin.py:190} INFO - [2025-09-22T00:09:37.581+0000] {dag.py:3239} INFO - Sync 1 DAGs
[2025-09-22T00:09:37.601+0000] {logging_mixin.py:190} INFO - [2025-09-22T00:09:37.601+0000] {dag.py:4180} INFO - Setting next_dagrun for example_branch_operator to 2025-09-21 00:00:00+00:00, run_after=2025-09-22 00:00:00+00:00
[2025-09-22T00:09:37.634+0000] {processor.py:208} INFO - Processing /home/airflow/.local/lib/python3.12/site-packages/airflow/example_dags/example_branch_operator.py took 0.099 seconds
[2025-09-22T00:10:08.357+0000] {processor.py:186} INFO - Started process (PID=6474) to work on /home/airflow/.local/lib/python3.12/site-packages/airflow/example_dags/example_branch_operator.py
[2025-09-22T00:10:08.358+0000] {processor.py:914} INFO - Processing file /home/airflow/.local/lib/python3.12/site-packages/airflow/example_dags/example_branch_operator.py for tasks to queue
[2025-09-22T00:10:08.361+0000] {logging_mixin.py:190} INFO - [2025-09-22T00:10:08.360+0000] {dagbag.py:588} INFO - Filling up the DagBag from /home/airflow/.local/lib/python3.12/site-packages/airflow/example_dags/example_branch_operator.py
[2025-09-22T00:10:08.376+0000] {processor.py:925} INFO - DAG(s) 'example_branch_operator' retrieved from /home/airflow/.local/lib/python3.12/site-packages/airflow/example_dags/example_branch_operator.py
[2025-09-22T00:10:08.408+0000] {logging_mixin.py:190} INFO - [2025-09-22T00:10:08.407+0000] {dag.py:3239} INFO - Sync 1 DAGs
[2025-09-22T00:10:08.431+0000] {logging_mixin.py:190} INFO - [2025-09-22T00:10:08.431+0000] {dag.py:4180} INFO - Setting next_dagrun for example_branch_operator to 2025-09-21 00:00:00+00:00, run_after=2025-09-22 00:00:00+00:00
[2025-09-22T00:10:08.472+0000] {processor.py:208} INFO - Processing /home/airflow/.local/lib/python3.12/site-packages/airflow/example_dags/example_branch_operator.py took 0.120 seconds
[2025-09-22T00:10:39.274+0000] {processor.py:186} INFO - Started process (PID=6538) to work on /home/airflow/.local/lib/python3.12/site-packages/airflow/example_dags/example_branch_operator.py
[2025-09-22T00:10:39.275+0000] {processor.py:914} INFO - Processing file /home/airflow/.local/lib/python3.12/site-packages/airflow/example_dags/example_branch_operator.py for tasks to queue
[2025-09-22T00:10:39.277+0000] {logging_mixin.py:190} INFO - [2025-09-22T00:10:39.276+0000] {dagbag.py:588} INFO - Filling up the DagBag from /home/airflow/.local/lib/python3.12/site-packages/airflow/example_dags/example_branch_operator.py
[2025-09-22T00:10:39.291+0000] {processor.py:925} INFO - DAG(s) 'example_branch_operator' retrieved from /home/airflow/.local/lib/python3.12/site-packages/airflow/example_dags/example_branch_operator.py
[2025-09-22T00:10:39.316+0000] {logging_mixin.py:190} INFO - [2025-09-22T00:10:39.315+0000] {dag.py:3239} INFO - Sync 1 DAGs
[2025-09-22T00:10:39.336+0000] {logging_mixin.py:190} INFO - [2025-09-22T00:10:39.335+0000] {dag.py:4180} INFO - Setting next_dagrun for example_branch_operator to 2025-09-21 00:00:00+00:00, run_after=2025-09-22 00:00:00+00:00
[2025-09-22T00:10:39.371+0000] {processor.py:208} INFO - Processing /home/airflow/.local/lib/python3.12/site-packages/airflow/example_dags/example_branch_operator.py took 0.102 seconds
[2025-09-22T00:11:10.279+0000] {processor.py:186} INFO - Started process (PID=6602) to work on /home/airflow/.local/lib/python3.12/site-packages/airflow/example_dags/example_branch_operator.py
[2025-09-22T00:11:10.280+0000] {processor.py:914} INFO - Processing file /home/airflow/.local/lib/python3.12/site-packages/airflow/example_dags/example_branch_operator.py for tasks to queue
[2025-09-22T00:11:10.282+0000] {logging_mixin.py:190} INFO - [2025-09-22T00:11:10.282+0000] {dagbag.py:588} INFO - Filling up the DagBag from /home/airflow/.local/lib/python3.12/site-packages/airflow/example_dags/example_branch_operator.py
[2025-09-22T00:11:10.298+0000] {processor.py:925} INFO - DAG(s) 'example_branch_operator' retrieved from /home/airflow/.local/lib/python3.12/site-packages/airflow/example_dags/example_branch_operator.py
[2025-09-22T00:11:10.324+0000] {logging_mixin.py:190} INFO - [2025-09-22T00:11:10.324+0000] {dag.py:3239} INFO - Sync 1 DAGs
[2025-09-22T00:11:10.344+0000] {logging_mixin.py:190} INFO - [2025-09-22T00:11:10.344+0000] {dag.py:4180} INFO - Setting next_dagrun for example_branch_operator to 2025-09-21 00:00:00+00:00, run_after=2025-09-22 00:00:00+00:00
[2025-09-22T00:11:10.382+0000] {processor.py:208} INFO - Processing /home/airflow/.local/lib/python3.12/site-packages/airflow/example_dags/example_branch_operator.py took 0.109 seconds
[2025-09-22T00:11:41.136+0000] {processor.py:186} INFO - Started process (PID=6666) to work on /home/airflow/.local/lib/python3.12/site-packages/airflow/example_dags/example_branch_operator.py
[2025-09-22T00:11:41.137+0000] {processor.py:914} INFO - Processing file /home/airflow/.local/lib/python3.12/site-packages/airflow/example_dags/example_branch_operator.py for tasks to queue
[2025-09-22T00:11:41.139+0000] {logging_mixin.py:190} INFO - [2025-09-22T00:11:41.139+0000] {dagbag.py:588} INFO - Filling up the DagBag from /home/airflow/.local/lib/python3.12/site-packages/airflow/example_dags/example_branch_operator.py
[2025-09-22T00:11:41.154+0000] {processor.py:925} INFO - DAG(s) 'example_branch_operator' retrieved from /home/airflow/.local/lib/python3.12/site-packages/airflow/example_dags/example_branch_operator.py
[2025-09-22T00:11:41.180+0000] {logging_mixin.py:190} INFO - [2025-09-22T00:11:41.180+0000] {dag.py:3239} INFO - Sync 1 DAGs
[2025-09-22T00:11:41.202+0000] {logging_mixin.py:190} INFO - [2025-09-22T00:11:41.202+0000] {dag.py:4180} INFO - Setting next_dagrun for example_branch_operator to 2025-09-21 00:00:00+00:00, run_after=2025-09-22 00:00:00+00:00
[2025-09-22T00:11:41.233+0000] {processor.py:208} INFO - Processing /home/airflow/.local/lib/python3.12/site-packages/airflow/example_dags/example_branch_operator.py took 0.101 seconds
[2025-09-22T00:12:11.753+0000] {processor.py:186} INFO - Started process (PID=6730) to work on /home/airflow/.local/lib/python3.12/site-packages/airflow/example_dags/example_branch_operator.py
[2025-09-22T00:12:11.754+0000] {processor.py:914} INFO - Processing file /home/airflow/.local/lib/python3.12/site-packages/airflow/example_dags/example_branch_operator.py for tasks to queue
[2025-09-22T00:12:11.756+0000] {logging_mixin.py:190} INFO - [2025-09-22T00:12:11.756+0000] {dagbag.py:588} INFO - Filling up the DagBag from /home/airflow/.local/lib/python3.12/site-packages/airflow/example_dags/example_branch_operator.py
[2025-09-22T00:12:11.775+0000] {processor.py:925} INFO - DAG(s) 'example_branch_operator' retrieved from /home/airflow/.local/lib/python3.12/site-packages/airflow/example_dags/example_branch_operator.py
[2025-09-22T00:12:11.799+0000] {logging_mixin.py:190} INFO - [2025-09-22T00:12:11.799+0000] {dag.py:3239} INFO - Sync 1 DAGs
[2025-09-22T00:12:11.818+0000] {logging_mixin.py:190} INFO - [2025-09-22T00:12:11.818+0000] {dag.py:4180} INFO - Setting next_dagrun for example_branch_operator to 2025-09-21 00:00:00+00:00, run_after=2025-09-22 00:00:00+00:00
[2025-09-22T00:12:11.859+0000] {processor.py:208} INFO - Processing /home/airflow/.local/lib/python3.12/site-packages/airflow/example_dags/example_branch_operator.py took 0.110 seconds
[2025-09-22T00:12:42.767+0000] {processor.py:186} INFO - Started process (PID=6794) to work on /home/airflow/.local/lib/python3.12/site-packages/airflow/example_dags/example_branch_operator.py
[2025-09-22T00:12:42.769+0000] {processor.py:914} INFO - Processing file /home/airflow/.local/lib/python3.12/site-packages/airflow/example_dags/example_branch_operator.py for tasks to queue
[2025-09-22T00:12:42.771+0000] {logging_mixin.py:190} INFO - [2025-09-22T00:12:42.771+0000] {dagbag.py:588} INFO - Filling up the DagBag from /home/airflow/.local/lib/python3.12/site-packages/airflow/example_dags/example_branch_operator.py
[2025-09-22T00:12:42.787+0000] {processor.py:925} INFO - DAG(s) 'example_branch_operator' retrieved from /home/airflow/.local/lib/python3.12/site-packages/airflow/example_dags/example_branch_operator.py
[2025-09-22T00:12:42.816+0000] {logging_mixin.py:190} INFO - [2025-09-22T00:12:42.816+0000] {dag.py:3239} INFO - Sync 1 DAGs
[2025-09-22T00:12:42.842+0000] {logging_mixin.py:190} INFO - [2025-09-22T00:12:42.842+0000] {dag.py:4180} INFO - Setting next_dagrun for example_branch_operator to 2025-09-21 00:00:00+00:00, run_after=2025-09-22 00:00:00+00:00
[2025-09-22T00:12:42.885+0000] {processor.py:208} INFO - Processing /home/airflow/.local/lib/python3.12/site-packages/airflow/example_dags/example_branch_operator.py took 0.124 seconds
[2025-09-22T00:13:13.791+0000] {processor.py:186} INFO - Started process (PID=6858) to work on /home/airflow/.local/lib/python3.12/site-packages/airflow/example_dags/example_branch_operator.py
[2025-09-22T00:13:13.792+0000] {processor.py:914} INFO - Processing file /home/airflow/.local/lib/python3.12/site-packages/airflow/example_dags/example_branch_operator.py for tasks to queue
[2025-09-22T00:13:13.794+0000] {logging_mixin.py:190} INFO - [2025-09-22T00:13:13.794+0000] {dagbag.py:588} INFO - Filling up the DagBag from /home/airflow/.local/lib/python3.12/site-packages/airflow/example_dags/example_branch_operator.py
[2025-09-22T00:13:13.810+0000] {processor.py:925} INFO - DAG(s) 'example_branch_operator' retrieved from /home/airflow/.local/lib/python3.12/site-packages/airflow/example_dags/example_branch_operator.py
[2025-09-22T00:13:13.845+0000] {logging_mixin.py:190} INFO - [2025-09-22T00:13:13.845+0000] {dag.py:3239} INFO - Sync 1 DAGs
[2025-09-22T00:13:13.870+0000] {logging_mixin.py:190} INFO - [2025-09-22T00:13:13.870+0000] {dag.py:4180} INFO - Setting next_dagrun for example_branch_operator to 2025-09-21 00:00:00+00:00, run_after=2025-09-22 00:00:00+00:00
[2025-09-22T00:13:13.907+0000] {processor.py:208} INFO - Processing /home/airflow/.local/lib/python3.12/site-packages/airflow/example_dags/example_branch_operator.py took 0.121 seconds
[2025-09-22T00:13:44.001+0000] {processor.py:186} INFO - Started process (PID=6922) to work on /home/airflow/.local/lib/python3.12/site-packages/airflow/example_dags/example_branch_operator.py
[2025-09-22T00:13:44.002+0000] {processor.py:914} INFO - Processing file /home/airflow/.local/lib/python3.12/site-packages/airflow/example_dags/example_branch_operator.py for tasks to queue
[2025-09-22T00:13:44.004+0000] {logging_mixin.py:190} INFO - [2025-09-22T00:13:44.004+0000] {dagbag.py:588} INFO - Filling up the DagBag from /home/airflow/.local/lib/python3.12/site-packages/airflow/example_dags/example_branch_operator.py
[2025-09-22T00:13:44.020+0000] {processor.py:925} INFO - DAG(s) 'example_branch_operator' retrieved from /home/airflow/.local/lib/python3.12/site-packages/airflow/example_dags/example_branch_operator.py
[2025-09-22T00:13:44.047+0000] {logging_mixin.py:190} INFO - [2025-09-22T00:13:44.046+0000] {dag.py:3239} INFO - Sync 1 DAGs
[2025-09-22T00:13:44.067+0000] {logging_mixin.py:190} INFO - [2025-09-22T00:13:44.067+0000] {dag.py:4180} INFO - Setting next_dagrun for example_branch_operator to 2025-09-21 00:00:00+00:00, run_after=2025-09-22 00:00:00+00:00
[2025-09-22T00:13:44.105+0000] {processor.py:208} INFO - Processing /home/airflow/.local/lib/python3.12/site-packages/airflow/example_dags/example_branch_operator.py took 0.109 seconds
[2025-09-22T00:14:14.506+0000] {processor.py:186} INFO - Started process (PID=6986) to work on /home/airflow/.local/lib/python3.12/site-packages/airflow/example_dags/example_branch_operator.py
[2025-09-22T00:14:14.507+0000] {processor.py:914} INFO - Processing file /home/airflow/.local/lib/python3.12/site-packages/airflow/example_dags/example_branch_operator.py for tasks to queue
[2025-09-22T00:14:14.509+0000] {logging_mixin.py:190} INFO - [2025-09-22T00:14:14.508+0000] {dagbag.py:588} INFO - Filling up the DagBag from /home/airflow/.local/lib/python3.12/site-packages/airflow/example_dags/example_branch_operator.py
[2025-09-22T00:14:14.525+0000] {processor.py:925} INFO - DAG(s) 'example_branch_operator' retrieved from /home/airflow/.local/lib/python3.12/site-packages/airflow/example_dags/example_branch_operator.py
[2025-09-22T00:14:14.553+0000] {logging_mixin.py:190} INFO - [2025-09-22T00:14:14.553+0000] {dag.py:3239} INFO - Sync 1 DAGs
[2025-09-22T00:14:14.575+0000] {logging_mixin.py:190} INFO - [2025-09-22T00:14:14.575+0000] {dag.py:4180} INFO - Setting next_dagrun for example_branch_operator to 2025-09-21 00:00:00+00:00, run_after=2025-09-22 00:00:00+00:00
[2025-09-22T00:14:14.629+0000] {processor.py:208} INFO - Processing /home/airflow/.local/lib/python3.12/site-packages/airflow/example_dags/example_branch_operator.py took 0.128 seconds
[2025-09-22T00:14:45.236+0000] {processor.py:186} INFO - Started process (PID=7049) to work on /home/airflow/.local/lib/python3.12/site-packages/airflow/example_dags/example_branch_operator.py
[2025-09-22T00:14:45.237+0000] {processor.py:914} INFO - Processing file /home/airflow/.local/lib/python3.12/site-packages/airflow/example_dags/example_branch_operator.py for tasks to queue
[2025-09-22T00:14:45.239+0000] {logging_mixin.py:190} INFO - [2025-09-22T00:14:45.239+0000] {dagbag.py:588} INFO - Filling up the DagBag from /home/airflow/.local/lib/python3.12/site-packages/airflow/example_dags/example_branch_operator.py
[2025-09-22T00:14:45.255+0000] {processor.py:925} INFO - DAG(s) 'example_branch_operator' retrieved from /home/airflow/.local/lib/python3.12/site-packages/airflow/example_dags/example_branch_operator.py
[2025-09-22T00:14:45.283+0000] {logging_mixin.py:190} INFO - [2025-09-22T00:14:45.283+0000] {dag.py:3239} INFO - Sync 1 DAGs
[2025-09-22T00:14:45.304+0000] {logging_mixin.py:190} INFO - [2025-09-22T00:14:45.304+0000] {dag.py:4180} INFO - Setting next_dagrun for example_branch_operator to 2025-09-21 00:00:00+00:00, run_after=2025-09-22 00:00:00+00:00
[2025-09-22T00:14:45.340+0000] {processor.py:208} INFO - Processing /home/airflow/.local/lib/python3.12/site-packages/airflow/example_dags/example_branch_operator.py took 0.109 seconds
[2025-09-22T00:15:15.597+0000] {processor.py:186} INFO - Started process (PID=7113) to work on /home/airflow/.local/lib/python3.12/site-packages/airflow/example_dags/example_branch_operator.py
[2025-09-22T00:15:15.598+0000] {processor.py:914} INFO - Processing file /home/airflow/.local/lib/python3.12/site-packages/airflow/example_dags/example_branch_operator.py for tasks to queue
[2025-09-22T00:15:15.600+0000] {logging_mixin.py:190} INFO - [2025-09-22T00:15:15.600+0000] {dagbag.py:588} INFO - Filling up the DagBag from /home/airflow/.local/lib/python3.12/site-packages/airflow/example_dags/example_branch_operator.py
[2025-09-22T00:15:15.615+0000] {processor.py:925} INFO - DAG(s) 'example_branch_operator' retrieved from /home/airflow/.local/lib/python3.12/site-packages/airflow/example_dags/example_branch_operator.py
[2025-09-22T00:15:15.642+0000] {logging_mixin.py:190} INFO - [2025-09-22T00:15:15.642+0000] {dag.py:3239} INFO - Sync 1 DAGs
[2025-09-22T00:15:15.663+0000] {logging_mixin.py:190} INFO - [2025-09-22T00:15:15.663+0000] {dag.py:4180} INFO - Setting next_dagrun for example_branch_operator to 2025-09-21 00:00:00+00:00, run_after=2025-09-22 00:00:00+00:00
[2025-09-22T00:15:15.702+0000] {processor.py:208} INFO - Processing /home/airflow/.local/lib/python3.12/site-packages/airflow/example_dags/example_branch_operator.py took 0.110 seconds
[2025-09-22T00:15:46.454+0000] {processor.py:186} INFO - Started process (PID=7177) to work on /home/airflow/.local/lib/python3.12/site-packages/airflow/example_dags/example_branch_operator.py
[2025-09-22T00:15:46.455+0000] {processor.py:914} INFO - Processing file /home/airflow/.local/lib/python3.12/site-packages/airflow/example_dags/example_branch_operator.py for tasks to queue
[2025-09-22T00:15:46.458+0000] {logging_mixin.py:190} INFO - [2025-09-22T00:15:46.458+0000] {dagbag.py:588} INFO - Filling up the DagBag from /home/airflow/.local/lib/python3.12/site-packages/airflow/example_dags/example_branch_operator.py
[2025-09-22T00:15:46.477+0000] {processor.py:925} INFO - DAG(s) 'example_branch_operator' retrieved from /home/airflow/.local/lib/python3.12/site-packages/airflow/example_dags/example_branch_operator.py
[2025-09-22T00:15:46.506+0000] {logging_mixin.py:190} INFO - [2025-09-22T00:15:46.506+0000] {dag.py:3239} INFO - Sync 1 DAGs
[2025-09-22T00:15:46.532+0000] {logging_mixin.py:190} INFO - [2025-09-22T00:15:46.532+0000] {dag.py:4180} INFO - Setting next_dagrun for example_branch_operator to 2025-09-21 00:00:00+00:00, run_after=2025-09-22 00:00:00+00:00
[2025-09-22T00:15:46.581+0000] {processor.py:208} INFO - Processing /home/airflow/.local/lib/python3.12/site-packages/airflow/example_dags/example_branch_operator.py took 0.133 seconds
[2025-09-22T00:16:17.008+0000] {processor.py:186} INFO - Started process (PID=7241) to work on /home/airflow/.local/lib/python3.12/site-packages/airflow/example_dags/example_branch_operator.py
[2025-09-22T00:16:17.009+0000] {processor.py:914} INFO - Processing file /home/airflow/.local/lib/python3.12/site-packages/airflow/example_dags/example_branch_operator.py for tasks to queue
[2025-09-22T00:16:17.011+0000] {logging_mixin.py:190} INFO - [2025-09-22T00:16:17.011+0000] {dagbag.py:588} INFO - Filling up the DagBag from /home/airflow/.local/lib/python3.12/site-packages/airflow/example_dags/example_branch_operator.py
[2025-09-22T00:16:17.029+0000] {processor.py:925} INFO - DAG(s) 'example_branch_operator' retrieved from /home/airflow/.local/lib/python3.12/site-packages/airflow/example_dags/example_branch_operator.py
[2025-09-22T00:16:17.061+0000] {logging_mixin.py:190} INFO - [2025-09-22T00:16:17.060+0000] {dag.py:3239} INFO - Sync 1 DAGs
[2025-09-22T00:16:17.086+0000] {logging_mixin.py:190} INFO - [2025-09-22T00:16:17.086+0000] {dag.py:4180} INFO - Setting next_dagrun for example_branch_operator to 2025-09-21 00:00:00+00:00, run_after=2025-09-22 00:00:00+00:00
[2025-09-22T00:16:17.127+0000] {processor.py:208} INFO - Processing /home/airflow/.local/lib/python3.12/site-packages/airflow/example_dags/example_branch_operator.py took 0.125 seconds
[2025-09-22T00:16:48.601+0000] {processor.py:186} INFO - Started process (PID=7305) to work on /home/airflow/.local/lib/python3.12/site-packages/airflow/example_dags/example_branch_operator.py
[2025-09-22T00:16:48.602+0000] {processor.py:914} INFO - Processing file /home/airflow/.local/lib/python3.12/site-packages/airflow/example_dags/example_branch_operator.py for tasks to queue
[2025-09-22T00:16:48.604+0000] {logging_mixin.py:190} INFO - [2025-09-22T00:16:48.604+0000] {dagbag.py:588} INFO - Filling up the DagBag from /home/airflow/.local/lib/python3.12/site-packages/airflow/example_dags/example_branch_operator.py
[2025-09-22T00:16:48.621+0000] {processor.py:925} INFO - DAG(s) 'example_branch_operator' retrieved from /home/airflow/.local/lib/python3.12/site-packages/airflow/example_dags/example_branch_operator.py
[2025-09-22T00:16:48.652+0000] {logging_mixin.py:190} INFO - [2025-09-22T00:16:48.652+0000] {dag.py:3239} INFO - Sync 1 DAGs
[2025-09-22T00:16:48.676+0000] {logging_mixin.py:190} INFO - [2025-09-22T00:16:48.676+0000] {dag.py:4180} INFO - Setting next_dagrun for example_branch_operator to 2025-09-21 00:00:00+00:00, run_after=2025-09-22 00:00:00+00:00
[2025-09-22T00:16:48.739+0000] {processor.py:208} INFO - Processing /home/airflow/.local/lib/python3.12/site-packages/airflow/example_dags/example_branch_operator.py took 0.143 seconds
[2025-09-22T00:17:19.040+0000] {processor.py:186} INFO - Started process (PID=7369) to work on /home/airflow/.local/lib/python3.12/site-packages/airflow/example_dags/example_branch_operator.py
[2025-09-22T00:17:19.041+0000] {processor.py:914} INFO - Processing file /home/airflow/.local/lib/python3.12/site-packages/airflow/example_dags/example_branch_operator.py for tasks to queue
[2025-09-22T00:17:19.044+0000] {logging_mixin.py:190} INFO - [2025-09-22T00:17:19.044+0000] {dagbag.py:588} INFO - Filling up the DagBag from /home/airflow/.local/lib/python3.12/site-packages/airflow/example_dags/example_branch_operator.py
[2025-09-22T00:17:19.063+0000] {processor.py:925} INFO - DAG(s) 'example_branch_operator' retrieved from /home/airflow/.local/lib/python3.12/site-packages/airflow/example_dags/example_branch_operator.py
[2025-09-22T00:17:19.113+0000] {logging_mixin.py:190} INFO - [2025-09-22T00:17:19.113+0000] {dag.py:3239} INFO - Sync 1 DAGs
[2025-09-22T00:17:19.151+0000] {logging_mixin.py:190} INFO - [2025-09-22T00:17:19.151+0000] {dag.py:4180} INFO - Setting next_dagrun for example_branch_operator to 2025-09-21 00:00:00+00:00, run_after=2025-09-22 00:00:00+00:00
[2025-09-22T00:17:19.193+0000] {processor.py:208} INFO - Processing /home/airflow/.local/lib/python3.12/site-packages/airflow/example_dags/example_branch_operator.py took 0.160 seconds
[2025-09-22T00:17:49.969+0000] {processor.py:186} INFO - Started process (PID=7433) to work on /home/airflow/.local/lib/python3.12/site-packages/airflow/example_dags/example_branch_operator.py
[2025-09-22T00:17:49.970+0000] {processor.py:914} INFO - Processing file /home/airflow/.local/lib/python3.12/site-packages/airflow/example_dags/example_branch_operator.py for tasks to queue
[2025-09-22T00:17:49.972+0000] {logging_mixin.py:190} INFO - [2025-09-22T00:17:49.972+0000] {dagbag.py:588} INFO - Filling up the DagBag from /home/airflow/.local/lib/python3.12/site-packages/airflow/example_dags/example_branch_operator.py
[2025-09-22T00:17:49.992+0000] {processor.py:925} INFO - DAG(s) 'example_branch_operator' retrieved from /home/airflow/.local/lib/python3.12/site-packages/airflow/example_dags/example_branch_operator.py
[2025-09-22T00:17:50.024+0000] {logging_mixin.py:190} INFO - [2025-09-22T00:17:50.024+0000] {dag.py:3239} INFO - Sync 1 DAGs
[2025-09-22T00:17:50.048+0000] {logging_mixin.py:190} INFO - [2025-09-22T00:17:50.048+0000] {dag.py:4180} INFO - Setting next_dagrun for example_branch_operator to 2025-09-21 00:00:00+00:00, run_after=2025-09-22 00:00:00+00:00
[2025-09-22T00:17:50.086+0000] {processor.py:208} INFO - Processing /home/airflow/.local/lib/python3.12/site-packages/airflow/example_dags/example_branch_operator.py took 0.124 seconds
[2025-09-22T00:18:20.316+0000] {processor.py:186} INFO - Started process (PID=7497) to work on /home/airflow/.local/lib/python3.12/site-packages/airflow/example_dags/example_branch_operator.py
[2025-09-22T00:18:20.317+0000] {processor.py:914} INFO - Processing file /home/airflow/.local/lib/python3.12/site-packages/airflow/example_dags/example_branch_operator.py for tasks to queue
[2025-09-22T00:18:20.319+0000] {logging_mixin.py:190} INFO - [2025-09-22T00:18:20.319+0000] {dagbag.py:588} INFO - Filling up the DagBag from /home/airflow/.local/lib/python3.12/site-packages/airflow/example_dags/example_branch_operator.py
[2025-09-22T00:18:20.335+0000] {processor.py:925} INFO - DAG(s) 'example_branch_operator' retrieved from /home/airflow/.local/lib/python3.12/site-packages/airflow/example_dags/example_branch_operator.py
[2025-09-22T00:18:20.363+0000] {logging_mixin.py:190} INFO - [2025-09-22T00:18:20.363+0000] {dag.py:3239} INFO - Sync 1 DAGs
[2025-09-22T00:18:20.386+0000] {logging_mixin.py:190} INFO - [2025-09-22T00:18:20.386+0000] {dag.py:4180} INFO - Setting next_dagrun for example_branch_operator to 2025-09-21 00:00:00+00:00, run_after=2025-09-22 00:00:00+00:00
[2025-09-22T00:18:20.429+0000] {processor.py:208} INFO - Processing /home/airflow/.local/lib/python3.12/site-packages/airflow/example_dags/example_branch_operator.py took 0.119 seconds
[2025-09-22T00:18:50.611+0000] {processor.py:186} INFO - Started process (PID=7561) to work on /home/airflow/.local/lib/python3.12/site-packages/airflow/example_dags/example_branch_operator.py
[2025-09-22T00:18:50.612+0000] {processor.py:914} INFO - Processing file /home/airflow/.local/lib/python3.12/site-packages/airflow/example_dags/example_branch_operator.py for tasks to queue
[2025-09-22T00:18:50.614+0000] {logging_mixin.py:190} INFO - [2025-09-22T00:18:50.614+0000] {dagbag.py:588} INFO - Filling up the DagBag from /home/airflow/.local/lib/python3.12/site-packages/airflow/example_dags/example_branch_operator.py
[2025-09-22T00:18:50.629+0000] {processor.py:925} INFO - DAG(s) 'example_branch_operator' retrieved from /home/airflow/.local/lib/python3.12/site-packages/airflow/example_dags/example_branch_operator.py
[2025-09-22T00:18:50.656+0000] {logging_mixin.py:190} INFO - [2025-09-22T00:18:50.656+0000] {dag.py:3239} INFO - Sync 1 DAGs
[2025-09-22T00:18:50.677+0000] {logging_mixin.py:190} INFO - [2025-09-22T00:18:50.677+0000] {dag.py:4180} INFO - Setting next_dagrun for example_branch_operator to 2025-09-21 00:00:00+00:00, run_after=2025-09-22 00:00:00+00:00
[2025-09-22T00:18:50.723+0000] {processor.py:208} INFO - Processing /home/airflow/.local/lib/python3.12/site-packages/airflow/example_dags/example_branch_operator.py took 0.118 seconds
[2025-09-22T00:19:21.721+0000] {processor.py:186} INFO - Started process (PID=7625) to work on /home/airflow/.local/lib/python3.12/site-packages/airflow/example_dags/example_branch_operator.py
[2025-09-22T00:19:21.722+0000] {processor.py:914} INFO - Processing file /home/airflow/.local/lib/python3.12/site-packages/airflow/example_dags/example_branch_operator.py for tasks to queue
[2025-09-22T00:19:21.724+0000] {logging_mixin.py:190} INFO - [2025-09-22T00:19:21.724+0000] {dagbag.py:588} INFO - Filling up the DagBag from /home/airflow/.local/lib/python3.12/site-packages/airflow/example_dags/example_branch_operator.py
[2025-09-22T00:19:21.743+0000] {processor.py:925} INFO - DAG(s) 'example_branch_operator' retrieved from /home/airflow/.local/lib/python3.12/site-packages/airflow/example_dags/example_branch_operator.py
[2025-09-22T00:19:21.776+0000] {logging_mixin.py:190} INFO - [2025-09-22T00:19:21.776+0000] {dag.py:3239} INFO - Sync 1 DAGs
[2025-09-22T00:19:21.802+0000] {logging_mixin.py:190} INFO - [2025-09-22T00:19:21.802+0000] {dag.py:4180} INFO - Setting next_dagrun for example_branch_operator to 2025-09-21 00:00:00+00:00, run_after=2025-09-22 00:00:00+00:00
[2025-09-22T00:19:21.846+0000] {processor.py:208} INFO - Processing /home/airflow/.local/lib/python3.12/site-packages/airflow/example_dags/example_branch_operator.py took 0.131 seconds
[2025-09-22T00:19:52.478+0000] {processor.py:186} INFO - Started process (PID=7689) to work on /home/airflow/.local/lib/python3.12/site-packages/airflow/example_dags/example_branch_operator.py
[2025-09-22T00:19:52.479+0000] {processor.py:914} INFO - Processing file /home/airflow/.local/lib/python3.12/site-packages/airflow/example_dags/example_branch_operator.py for tasks to queue
[2025-09-22T00:19:52.481+0000] {logging_mixin.py:190} INFO - [2025-09-22T00:19:52.481+0000] {dagbag.py:588} INFO - Filling up the DagBag from /home/airflow/.local/lib/python3.12/site-packages/airflow/example_dags/example_branch_operator.py
[2025-09-22T00:19:52.497+0000] {processor.py:925} INFO - DAG(s) 'example_branch_operator' retrieved from /home/airflow/.local/lib/python3.12/site-packages/airflow/example_dags/example_branch_operator.py
[2025-09-22T00:19:52.523+0000] {logging_mixin.py:190} INFO - [2025-09-22T00:19:52.523+0000] {dag.py:3239} INFO - Sync 1 DAGs
[2025-09-22T00:19:52.543+0000] {logging_mixin.py:190} INFO - [2025-09-22T00:19:52.543+0000] {dag.py:4180} INFO - Setting next_dagrun for example_branch_operator to 2025-09-21 00:00:00+00:00, run_after=2025-09-22 00:00:00+00:00
[2025-09-22T00:19:52.585+0000] {processor.py:208} INFO - Processing /home/airflow/.local/lib/python3.12/site-packages/airflow/example_dags/example_branch_operator.py took 0.112 seconds
[2025-09-22T00:20:22.825+0000] {processor.py:186} INFO - Started process (PID=7753) to work on /home/airflow/.local/lib/python3.12/site-packages/airflow/example_dags/example_branch_operator.py
[2025-09-22T00:20:22.826+0000] {processor.py:914} INFO - Processing file /home/airflow/.local/lib/python3.12/site-packages/airflow/example_dags/example_branch_operator.py for tasks to queue
[2025-09-22T00:20:22.828+0000] {logging_mixin.py:190} INFO - [2025-09-22T00:20:22.828+0000] {dagbag.py:588} INFO - Filling up the DagBag from /home/airflow/.local/lib/python3.12/site-packages/airflow/example_dags/example_branch_operator.py
[2025-09-22T00:20:22.844+0000] {processor.py:925} INFO - DAG(s) 'example_branch_operator' retrieved from /home/airflow/.local/lib/python3.12/site-packages/airflow/example_dags/example_branch_operator.py
[2025-09-22T00:20:22.871+0000] {logging_mixin.py:190} INFO - [2025-09-22T00:20:22.871+0000] {dag.py:3239} INFO - Sync 1 DAGs
[2025-09-22T00:20:22.892+0000] {logging_mixin.py:190} INFO - [2025-09-22T00:20:22.892+0000] {dag.py:4180} INFO - Setting next_dagrun for example_branch_operator to 2025-09-21 00:00:00+00:00, run_after=2025-09-22 00:00:00+00:00
[2025-09-22T00:20:22.941+0000] {processor.py:208} INFO - Processing /home/airflow/.local/lib/python3.12/site-packages/airflow/example_dags/example_branch_operator.py took 0.121 seconds
[2025-09-22T00:20:53.338+0000] {processor.py:186} INFO - Started process (PID=7817) to work on /home/airflow/.local/lib/python3.12/site-packages/airflow/example_dags/example_branch_operator.py
[2025-09-22T00:20:53.339+0000] {processor.py:914} INFO - Processing file /home/airflow/.local/lib/python3.12/site-packages/airflow/example_dags/example_branch_operator.py for tasks to queue
[2025-09-22T00:20:53.341+0000] {logging_mixin.py:190} INFO - [2025-09-22T00:20:53.341+0000] {dagbag.py:588} INFO - Filling up the DagBag from /home/airflow/.local/lib/python3.12/site-packages/airflow/example_dags/example_branch_operator.py
[2025-09-22T00:20:53.357+0000] {processor.py:925} INFO - DAG(s) 'example_branch_operator' retrieved from /home/airflow/.local/lib/python3.12/site-packages/airflow/example_dags/example_branch_operator.py
[2025-09-22T00:20:53.384+0000] {logging_mixin.py:190} INFO - [2025-09-22T00:20:53.384+0000] {dag.py:3239} INFO - Sync 1 DAGs
[2025-09-22T00:20:53.406+0000] {logging_mixin.py:190} INFO - [2025-09-22T00:20:53.406+0000] {dag.py:4180} INFO - Setting next_dagrun for example_branch_operator to 2025-09-21 00:00:00+00:00, run_after=2025-09-22 00:00:00+00:00
[2025-09-22T00:20:53.454+0000] {processor.py:208} INFO - Processing /home/airflow/.local/lib/python3.12/site-packages/airflow/example_dags/example_branch_operator.py took 0.121 seconds
[2025-09-22T00:21:23.661+0000] {processor.py:186} INFO - Started process (PID=7881) to work on /home/airflow/.local/lib/python3.12/site-packages/airflow/example_dags/example_branch_operator.py
[2025-09-22T00:21:23.662+0000] {processor.py:914} INFO - Processing file /home/airflow/.local/lib/python3.12/site-packages/airflow/example_dags/example_branch_operator.py for tasks to queue
[2025-09-22T00:21:23.664+0000] {logging_mixin.py:190} INFO - [2025-09-22T00:21:23.664+0000] {dagbag.py:588} INFO - Filling up the DagBag from /home/airflow/.local/lib/python3.12/site-packages/airflow/example_dags/example_branch_operator.py
[2025-09-22T00:21:23.681+0000] {processor.py:925} INFO - DAG(s) 'example_branch_operator' retrieved from /home/airflow/.local/lib/python3.12/site-packages/airflow/example_dags/example_branch_operator.py
[2025-09-22T00:21:23.710+0000] {logging_mixin.py:190} INFO - [2025-09-22T00:21:23.710+0000] {dag.py:3239} INFO - Sync 1 DAGs
[2025-09-22T00:21:23.732+0000] {logging_mixin.py:190} INFO - [2025-09-22T00:21:23.731+0000] {dag.py:4180} INFO - Setting next_dagrun for example_branch_operator to 2025-09-21 00:00:00+00:00, run_after=2025-09-22 00:00:00+00:00
[2025-09-22T00:21:23.775+0000] {processor.py:208} INFO - Processing /home/airflow/.local/lib/python3.12/site-packages/airflow/example_dags/example_branch_operator.py took 0.119 seconds
[2025-09-22T00:21:54.549+0000] {processor.py:186} INFO - Started process (PID=7945) to work on /home/airflow/.local/lib/python3.12/site-packages/airflow/example_dags/example_branch_operator.py
[2025-09-22T00:21:54.550+0000] {processor.py:914} INFO - Processing file /home/airflow/.local/lib/python3.12/site-packages/airflow/example_dags/example_branch_operator.py for tasks to queue
[2025-09-22T00:21:54.552+0000] {logging_mixin.py:190} INFO - [2025-09-22T00:21:54.552+0000] {dagbag.py:588} INFO - Filling up the DagBag from /home/airflow/.local/lib/python3.12/site-packages/airflow/example_dags/example_branch_operator.py
[2025-09-22T00:21:54.568+0000] {processor.py:925} INFO - DAG(s) 'example_branch_operator' retrieved from /home/airflow/.local/lib/python3.12/site-packages/airflow/example_dags/example_branch_operator.py
[2025-09-22T00:21:54.594+0000] {logging_mixin.py:190} INFO - [2025-09-22T00:21:54.594+0000] {dag.py:3239} INFO - Sync 1 DAGs
[2025-09-22T00:21:54.616+0000] {logging_mixin.py:190} INFO - [2025-09-22T00:21:54.615+0000] {dag.py:4180} INFO - Setting next_dagrun for example_branch_operator to 2025-09-21 00:00:00+00:00, run_after=2025-09-22 00:00:00+00:00
[2025-09-22T00:21:54.661+0000] {processor.py:208} INFO - Processing /home/airflow/.local/lib/python3.12/site-packages/airflow/example_dags/example_branch_operator.py took 0.117 seconds
[2025-09-22T00:22:25.161+0000] {processor.py:186} INFO - Started process (PID=8009) to work on /home/airflow/.local/lib/python3.12/site-packages/airflow/example_dags/example_branch_operator.py
[2025-09-22T00:22:25.161+0000] {processor.py:914} INFO - Processing file /home/airflow/.local/lib/python3.12/site-packages/airflow/example_dags/example_branch_operator.py for tasks to queue
[2025-09-22T00:22:25.163+0000] {logging_mixin.py:190} INFO - [2025-09-22T00:22:25.163+0000] {dagbag.py:588} INFO - Filling up the DagBag from /home/airflow/.local/lib/python3.12/site-packages/airflow/example_dags/example_branch_operator.py
[2025-09-22T00:22:25.178+0000] {processor.py:925} INFO - DAG(s) 'example_branch_operator' retrieved from /home/airflow/.local/lib/python3.12/site-packages/airflow/example_dags/example_branch_operator.py
[2025-09-22T00:22:25.205+0000] {logging_mixin.py:190} INFO - [2025-09-22T00:22:25.205+0000] {dag.py:3239} INFO - Sync 1 DAGs
[2025-09-22T00:22:25.225+0000] {logging_mixin.py:190} INFO - [2025-09-22T00:22:25.225+0000] {dag.py:4180} INFO - Setting next_dagrun for example_branch_operator to 2025-09-21 00:00:00+00:00, run_after=2025-09-22 00:00:00+00:00
[2025-09-22T00:22:25.904+0000] {processor.py:208} INFO - Processing /home/airflow/.local/lib/python3.12/site-packages/airflow/example_dags/example_branch_operator.py took 0.748 seconds
[2025-09-22T00:22:56.665+0000] {processor.py:186} INFO - Started process (PID=8073) to work on /home/airflow/.local/lib/python3.12/site-packages/airflow/example_dags/example_branch_operator.py
[2025-09-22T00:22:56.666+0000] {processor.py:914} INFO - Processing file /home/airflow/.local/lib/python3.12/site-packages/airflow/example_dags/example_branch_operator.py for tasks to queue
[2025-09-22T00:22:56.668+0000] {logging_mixin.py:190} INFO - [2025-09-22T00:22:56.668+0000] {dagbag.py:588} INFO - Filling up the DagBag from /home/airflow/.local/lib/python3.12/site-packages/airflow/example_dags/example_branch_operator.py
[2025-09-22T00:22:56.683+0000] {processor.py:925} INFO - DAG(s) 'example_branch_operator' retrieved from /home/airflow/.local/lib/python3.12/site-packages/airflow/example_dags/example_branch_operator.py
[2025-09-22T00:22:56.709+0000] {logging_mixin.py:190} INFO - [2025-09-22T00:22:56.709+0000] {dag.py:3239} INFO - Sync 1 DAGs
[2025-09-22T00:22:56.729+0000] {logging_mixin.py:190} INFO - [2025-09-22T00:22:56.729+0000] {dag.py:4180} INFO - Setting next_dagrun for example_branch_operator to 2025-09-21 00:00:00+00:00, run_after=2025-09-22 00:00:00+00:00
[2025-09-22T00:22:56.774+0000] {processor.py:208} INFO - Processing /home/airflow/.local/lib/python3.12/site-packages/airflow/example_dags/example_branch_operator.py took 0.114 seconds
[2025-09-22T00:23:27.369+0000] {processor.py:186} INFO - Started process (PID=8137) to work on /home/airflow/.local/lib/python3.12/site-packages/airflow/example_dags/example_branch_operator.py
[2025-09-22T00:23:27.370+0000] {processor.py:914} INFO - Processing file /home/airflow/.local/lib/python3.12/site-packages/airflow/example_dags/example_branch_operator.py for tasks to queue
[2025-09-22T00:23:27.373+0000] {logging_mixin.py:190} INFO - [2025-09-22T00:23:27.373+0000] {dagbag.py:588} INFO - Filling up the DagBag from /home/airflow/.local/lib/python3.12/site-packages/airflow/example_dags/example_branch_operator.py
[2025-09-22T00:23:27.389+0000] {processor.py:925} INFO - DAG(s) 'example_branch_operator' retrieved from /home/airflow/.local/lib/python3.12/site-packages/airflow/example_dags/example_branch_operator.py
[2025-09-22T00:23:27.416+0000] {logging_mixin.py:190} INFO - [2025-09-22T00:23:27.416+0000] {dag.py:3239} INFO - Sync 1 DAGs
[2025-09-22T00:23:27.437+0000] {logging_mixin.py:190} INFO - [2025-09-22T00:23:27.437+0000] {dag.py:4180} INFO - Setting next_dagrun for example_branch_operator to 2025-09-21 00:00:00+00:00, run_after=2025-09-22 00:00:00+00:00
[2025-09-22T00:23:28.039+0000] {processor.py:208} INFO - Processing /home/airflow/.local/lib/python3.12/site-packages/airflow/example_dags/example_branch_operator.py took 0.676 seconds
[2025-09-22T00:23:58.283+0000] {processor.py:186} INFO - Started process (PID=8201) to work on /home/airflow/.local/lib/python3.12/site-packages/airflow/example_dags/example_branch_operator.py
[2025-09-22T00:23:58.284+0000] {processor.py:914} INFO - Processing file /home/airflow/.local/lib/python3.12/site-packages/airflow/example_dags/example_branch_operator.py for tasks to queue
[2025-09-22T00:23:58.286+0000] {logging_mixin.py:190} INFO - [2025-09-22T00:23:58.286+0000] {dagbag.py:588} INFO - Filling up the DagBag from /home/airflow/.local/lib/python3.12/site-packages/airflow/example_dags/example_branch_operator.py
[2025-09-22T00:23:58.301+0000] {processor.py:925} INFO - DAG(s) 'example_branch_operator' retrieved from /home/airflow/.local/lib/python3.12/site-packages/airflow/example_dags/example_branch_operator.py
[2025-09-22T00:23:58.327+0000] {logging_mixin.py:190} INFO - [2025-09-22T00:23:58.327+0000] {dag.py:3239} INFO - Sync 1 DAGs
[2025-09-22T00:23:58.350+0000] {logging_mixin.py:190} INFO - [2025-09-22T00:23:58.350+0000] {dag.py:4180} INFO - Setting next_dagrun for example_branch_operator to 2025-09-21 00:00:00+00:00, run_after=2025-09-22 00:00:00+00:00
[2025-09-22T00:23:58.465+0000] {processor.py:208} INFO - Processing /home/airflow/.local/lib/python3.12/site-packages/airflow/example_dags/example_branch_operator.py took 0.187 seconds
[2025-09-22T00:24:29.225+0000] {processor.py:186} INFO - Started process (PID=8265) to work on /home/airflow/.local/lib/python3.12/site-packages/airflow/example_dags/example_branch_operator.py
[2025-09-22T00:24:29.225+0000] {processor.py:914} INFO - Processing file /home/airflow/.local/lib/python3.12/site-packages/airflow/example_dags/example_branch_operator.py for tasks to queue
[2025-09-22T00:24:29.227+0000] {logging_mixin.py:190} INFO - [2025-09-22T00:24:29.227+0000] {dagbag.py:588} INFO - Filling up the DagBag from /home/airflow/.local/lib/python3.12/site-packages/airflow/example_dags/example_branch_operator.py
[2025-09-22T00:24:29.243+0000] {processor.py:925} INFO - DAG(s) 'example_branch_operator' retrieved from /home/airflow/.local/lib/python3.12/site-packages/airflow/example_dags/example_branch_operator.py
[2025-09-22T00:24:29.270+0000] {logging_mixin.py:190} INFO - [2025-09-22T00:24:29.270+0000] {dag.py:3239} INFO - Sync 1 DAGs
[2025-09-22T00:24:29.290+0000] {logging_mixin.py:190} INFO - [2025-09-22T00:24:29.290+0000] {dag.py:4180} INFO - Setting next_dagrun for example_branch_operator to 2025-09-21 00:00:00+00:00, run_after=2025-09-22 00:00:00+00:00
[2025-09-22T00:24:29.339+0000] {processor.py:208} INFO - Processing /home/airflow/.local/lib/python3.12/site-packages/airflow/example_dags/example_branch_operator.py took 0.119 seconds
[2025-09-22T00:25:00.071+0000] {processor.py:186} INFO - Started process (PID=8329) to work on /home/airflow/.local/lib/python3.12/site-packages/airflow/example_dags/example_branch_operator.py
[2025-09-22T00:25:00.072+0000] {processor.py:914} INFO - Processing file /home/airflow/.local/lib/python3.12/site-packages/airflow/example_dags/example_branch_operator.py for tasks to queue
[2025-09-22T00:25:00.074+0000] {logging_mixin.py:190} INFO - [2025-09-22T00:25:00.073+0000] {dagbag.py:588} INFO - Filling up the DagBag from /home/airflow/.local/lib/python3.12/site-packages/airflow/example_dags/example_branch_operator.py
[2025-09-22T00:25:00.089+0000] {processor.py:925} INFO - DAG(s) 'example_branch_operator' retrieved from /home/airflow/.local/lib/python3.12/site-packages/airflow/example_dags/example_branch_operator.py
[2025-09-22T00:25:00.115+0000] {logging_mixin.py:190} INFO - [2025-09-22T00:25:00.115+0000] {dag.py:3239} INFO - Sync 1 DAGs
[2025-09-22T00:25:00.134+0000] {logging_mixin.py:190} INFO - [2025-09-22T00:25:00.134+0000] {dag.py:4180} INFO - Setting next_dagrun for example_branch_operator to 2025-09-21 00:00:00+00:00, run_after=2025-09-22 00:00:00+00:00
[2025-09-22T00:25:00.317+0000] {processor.py:208} INFO - Processing /home/airflow/.local/lib/python3.12/site-packages/airflow/example_dags/example_branch_operator.py took 0.251 seconds
[2025-09-22T00:25:30.474+0000] {processor.py:186} INFO - Started process (PID=8393) to work on /home/airflow/.local/lib/python3.12/site-packages/airflow/example_dags/example_branch_operator.py
[2025-09-22T00:25:30.476+0000] {processor.py:914} INFO - Processing file /home/airflow/.local/lib/python3.12/site-packages/airflow/example_dags/example_branch_operator.py for tasks to queue
[2025-09-22T00:25:30.479+0000] {logging_mixin.py:190} INFO - [2025-09-22T00:25:30.478+0000] {dagbag.py:588} INFO - Filling up the DagBag from /home/airflow/.local/lib/python3.12/site-packages/airflow/example_dags/example_branch_operator.py
[2025-09-22T00:25:30.499+0000] {processor.py:925} INFO - DAG(s) 'example_branch_operator' retrieved from /home/airflow/.local/lib/python3.12/site-packages/airflow/example_dags/example_branch_operator.py
[2025-09-22T00:25:30.533+0000] {logging_mixin.py:190} INFO - [2025-09-22T00:25:30.533+0000] {dag.py:3239} INFO - Sync 1 DAGs
[2025-09-22T00:25:30.555+0000] {logging_mixin.py:190} INFO - [2025-09-22T00:25:30.555+0000] {dag.py:4180} INFO - Setting next_dagrun for example_branch_operator to 2025-09-21 00:00:00+00:00, run_after=2025-09-22 00:00:00+00:00
[2025-09-22T00:25:30.597+0000] {processor.py:208} INFO - Processing /home/airflow/.local/lib/python3.12/site-packages/airflow/example_dags/example_branch_operator.py took 0.128 seconds
[2025-09-22T00:26:01.366+0000] {processor.py:186} INFO - Started process (PID=8457) to work on /home/airflow/.local/lib/python3.12/site-packages/airflow/example_dags/example_branch_operator.py
[2025-09-22T00:26:01.367+0000] {processor.py:914} INFO - Processing file /home/airflow/.local/lib/python3.12/site-packages/airflow/example_dags/example_branch_operator.py for tasks to queue
[2025-09-22T00:26:01.369+0000] {logging_mixin.py:190} INFO - [2025-09-22T00:26:01.369+0000] {dagbag.py:588} INFO - Filling up the DagBag from /home/airflow/.local/lib/python3.12/site-packages/airflow/example_dags/example_branch_operator.py
[2025-09-22T00:26:01.385+0000] {processor.py:925} INFO - DAG(s) 'example_branch_operator' retrieved from /home/airflow/.local/lib/python3.12/site-packages/airflow/example_dags/example_branch_operator.py
[2025-09-22T00:26:01.412+0000] {logging_mixin.py:190} INFO - [2025-09-22T00:26:01.412+0000] {dag.py:3239} INFO - Sync 1 DAGs
[2025-09-22T00:26:01.432+0000] {logging_mixin.py:190} INFO - [2025-09-22T00:26:01.432+0000] {dag.py:4180} INFO - Setting next_dagrun for example_branch_operator to 2025-09-21 00:00:00+00:00, run_after=2025-09-22 00:00:00+00:00
[2025-09-22T00:26:01.480+0000] {processor.py:208} INFO - Processing /home/airflow/.local/lib/python3.12/site-packages/airflow/example_dags/example_branch_operator.py took 0.119 seconds
[2025-09-22T00:26:32.885+0000] {processor.py:186} INFO - Started process (PID=8521) to work on /home/airflow/.local/lib/python3.12/site-packages/airflow/example_dags/example_branch_operator.py
[2025-09-22T00:26:32.886+0000] {processor.py:914} INFO - Processing file /home/airflow/.local/lib/python3.12/site-packages/airflow/example_dags/example_branch_operator.py for tasks to queue
[2025-09-22T00:26:32.888+0000] {logging_mixin.py:190} INFO - [2025-09-22T00:26:32.888+0000] {dagbag.py:588} INFO - Filling up the DagBag from /home/airflow/.local/lib/python3.12/site-packages/airflow/example_dags/example_branch_operator.py
[2025-09-22T00:26:32.904+0000] {processor.py:925} INFO - DAG(s) 'example_branch_operator' retrieved from /home/airflow/.local/lib/python3.12/site-packages/airflow/example_dags/example_branch_operator.py
[2025-09-22T00:26:32.931+0000] {logging_mixin.py:190} INFO - [2025-09-22T00:26:32.931+0000] {dag.py:3239} INFO - Sync 1 DAGs
[2025-09-22T00:26:32.952+0000] {logging_mixin.py:190} INFO - [2025-09-22T00:26:32.952+0000] {dag.py:4180} INFO - Setting next_dagrun for example_branch_operator to 2025-09-21 00:00:00+00:00, run_after=2025-09-22 00:00:00+00:00
[2025-09-22T00:26:32.990+0000] {processor.py:208} INFO - Processing /home/airflow/.local/lib/python3.12/site-packages/airflow/example_dags/example_branch_operator.py took 0.110 seconds
[2025-09-22T00:27:03.687+0000] {processor.py:186} INFO - Started process (PID=8585) to work on /home/airflow/.local/lib/python3.12/site-packages/airflow/example_dags/example_branch_operator.py
[2025-09-22T00:27:03.688+0000] {processor.py:914} INFO - Processing file /home/airflow/.local/lib/python3.12/site-packages/airflow/example_dags/example_branch_operator.py for tasks to queue
[2025-09-22T00:27:03.690+0000] {logging_mixin.py:190} INFO - [2025-09-22T00:27:03.689+0000] {dagbag.py:588} INFO - Filling up the DagBag from /home/airflow/.local/lib/python3.12/site-packages/airflow/example_dags/example_branch_operator.py
[2025-09-22T00:27:03.705+0000] {processor.py:925} INFO - DAG(s) 'example_branch_operator' retrieved from /home/airflow/.local/lib/python3.12/site-packages/airflow/example_dags/example_branch_operator.py
[2025-09-22T00:27:03.734+0000] {logging_mixin.py:190} INFO - [2025-09-22T00:27:03.733+0000] {dag.py:3239} INFO - Sync 1 DAGs
[2025-09-22T00:27:03.756+0000] {logging_mixin.py:190} INFO - [2025-09-22T00:27:03.756+0000] {dag.py:4180} INFO - Setting next_dagrun for example_branch_operator to 2025-09-21 00:00:00+00:00, run_after=2025-09-22 00:00:00+00:00
[2025-09-22T00:27:03.797+0000] {processor.py:208} INFO - Processing /home/airflow/.local/lib/python3.12/site-packages/airflow/example_dags/example_branch_operator.py took 0.119 seconds
[2025-09-22T00:27:34.513+0000] {processor.py:186} INFO - Started process (PID=8648) to work on /home/airflow/.local/lib/python3.12/site-packages/airflow/example_dags/example_branch_operator.py
[2025-09-22T00:27:34.514+0000] {processor.py:914} INFO - Processing file /home/airflow/.local/lib/python3.12/site-packages/airflow/example_dags/example_branch_operator.py for tasks to queue
[2025-09-22T00:27:34.516+0000] {logging_mixin.py:190} INFO - [2025-09-22T00:27:34.516+0000] {dagbag.py:588} INFO - Filling up the DagBag from /home/airflow/.local/lib/python3.12/site-packages/airflow/example_dags/example_branch_operator.py
[2025-09-22T00:27:34.531+0000] {processor.py:925} INFO - DAG(s) 'example_branch_operator' retrieved from /home/airflow/.local/lib/python3.12/site-packages/airflow/example_dags/example_branch_operator.py
[2025-09-22T00:27:34.558+0000] {logging_mixin.py:190} INFO - [2025-09-22T00:27:34.558+0000] {dag.py:3239} INFO - Sync 1 DAGs
[2025-09-22T00:27:34.579+0000] {logging_mixin.py:190} INFO - [2025-09-22T00:27:34.579+0000] {dag.py:4180} INFO - Setting next_dagrun for example_branch_operator to 2025-09-21 00:00:00+00:00, run_after=2025-09-22 00:00:00+00:00
[2025-09-22T00:27:34.896+0000] {processor.py:208} INFO - Processing /home/airflow/.local/lib/python3.12/site-packages/airflow/example_dags/example_branch_operator.py took 0.388 seconds
[2025-09-22T00:28:05.977+0000] {processor.py:186} INFO - Started process (PID=8712) to work on /home/airflow/.local/lib/python3.12/site-packages/airflow/example_dags/example_branch_operator.py
[2025-09-22T00:28:05.978+0000] {processor.py:914} INFO - Processing file /home/airflow/.local/lib/python3.12/site-packages/airflow/example_dags/example_branch_operator.py for tasks to queue
[2025-09-22T00:28:05.980+0000] {logging_mixin.py:190} INFO - [2025-09-22T00:28:05.979+0000] {dagbag.py:588} INFO - Filling up the DagBag from /home/airflow/.local/lib/python3.12/site-packages/airflow/example_dags/example_branch_operator.py
[2025-09-22T00:28:05.997+0000] {processor.py:925} INFO - DAG(s) 'example_branch_operator' retrieved from /home/airflow/.local/lib/python3.12/site-packages/airflow/example_dags/example_branch_operator.py
[2025-09-22T00:28:06.025+0000] {logging_mixin.py:190} INFO - [2025-09-22T00:28:06.024+0000] {dag.py:3239} INFO - Sync 1 DAGs
[2025-09-22T00:28:06.046+0000] {logging_mixin.py:190} INFO - [2025-09-22T00:28:06.046+0000] {dag.py:4180} INFO - Setting next_dagrun for example_branch_operator to 2025-09-21 00:00:00+00:00, run_after=2025-09-22 00:00:00+00:00
[2025-09-22T00:28:06.105+0000] {processor.py:208} INFO - Processing /home/airflow/.local/lib/python3.12/site-packages/airflow/example_dags/example_branch_operator.py took 0.133 seconds
[2025-09-22T00:28:36.306+0000] {processor.py:186} INFO - Started process (PID=8776) to work on /home/airflow/.local/lib/python3.12/site-packages/airflow/example_dags/example_branch_operator.py
[2025-09-22T00:28:36.307+0000] {processor.py:914} INFO - Processing file /home/airflow/.local/lib/python3.12/site-packages/airflow/example_dags/example_branch_operator.py for tasks to queue
[2025-09-22T00:28:36.309+0000] {logging_mixin.py:190} INFO - [2025-09-22T00:28:36.309+0000] {dagbag.py:588} INFO - Filling up the DagBag from /home/airflow/.local/lib/python3.12/site-packages/airflow/example_dags/example_branch_operator.py
[2025-09-22T00:28:36.324+0000] {processor.py:925} INFO - DAG(s) 'example_branch_operator' retrieved from /home/airflow/.local/lib/python3.12/site-packages/airflow/example_dags/example_branch_operator.py
[2025-09-22T00:28:36.352+0000] {logging_mixin.py:190} INFO - [2025-09-22T00:28:36.351+0000] {dag.py:3239} INFO - Sync 1 DAGs
[2025-09-22T00:28:36.374+0000] {logging_mixin.py:190} INFO - [2025-09-22T00:28:36.374+0000] {dag.py:4180} INFO - Setting next_dagrun for example_branch_operator to 2025-09-21 00:00:00+00:00, run_after=2025-09-22 00:00:00+00:00
[2025-09-22T00:28:36.751+0000] {processor.py:208} INFO - Processing /home/airflow/.local/lib/python3.12/site-packages/airflow/example_dags/example_branch_operator.py took 0.449 seconds
[2025-09-22T00:29:07.561+0000] {processor.py:186} INFO - Started process (PID=8840) to work on /home/airflow/.local/lib/python3.12/site-packages/airflow/example_dags/example_branch_operator.py
[2025-09-22T00:29:07.562+0000] {processor.py:914} INFO - Processing file /home/airflow/.local/lib/python3.12/site-packages/airflow/example_dags/example_branch_operator.py for tasks to queue
[2025-09-22T00:29:07.564+0000] {logging_mixin.py:190} INFO - [2025-09-22T00:29:07.564+0000] {dagbag.py:588} INFO - Filling up the DagBag from /home/airflow/.local/lib/python3.12/site-packages/airflow/example_dags/example_branch_operator.py
[2025-09-22T00:29:07.580+0000] {processor.py:925} INFO - DAG(s) 'example_branch_operator' retrieved from /home/airflow/.local/lib/python3.12/site-packages/airflow/example_dags/example_branch_operator.py
[2025-09-22T00:29:07.606+0000] {logging_mixin.py:190} INFO - [2025-09-22T00:29:07.606+0000] {dag.py:3239} INFO - Sync 1 DAGs
[2025-09-22T00:29:07.629+0000] {logging_mixin.py:190} INFO - [2025-09-22T00:29:07.629+0000] {dag.py:4180} INFO - Setting next_dagrun for example_branch_operator to 2025-09-21 00:00:00+00:00, run_after=2025-09-22 00:00:00+00:00
[2025-09-22T00:29:07.925+0000] {processor.py:208} INFO - Processing /home/airflow/.local/lib/python3.12/site-packages/airflow/example_dags/example_branch_operator.py took 0.369 seconds
[2025-09-22T00:29:37.974+0000] {processor.py:186} INFO - Started process (PID=8905) to work on /home/airflow/.local/lib/python3.12/site-packages/airflow/example_dags/example_branch_operator.py
[2025-09-22T00:29:37.974+0000] {processor.py:914} INFO - Processing file /home/airflow/.local/lib/python3.12/site-packages/airflow/example_dags/example_branch_operator.py for tasks to queue
[2025-09-22T00:29:37.977+0000] {logging_mixin.py:190} INFO - [2025-09-22T00:29:37.976+0000] {dagbag.py:588} INFO - Filling up the DagBag from /home/airflow/.local/lib/python3.12/site-packages/airflow/example_dags/example_branch_operator.py
[2025-09-22T00:29:37.992+0000] {processor.py:925} INFO - DAG(s) 'example_branch_operator' retrieved from /home/airflow/.local/lib/python3.12/site-packages/airflow/example_dags/example_branch_operator.py
[2025-09-22T00:29:38.018+0000] {logging_mixin.py:190} INFO - [2025-09-22T00:29:38.018+0000] {dag.py:3239} INFO - Sync 1 DAGs
[2025-09-22T00:29:38.038+0000] {logging_mixin.py:190} INFO - [2025-09-22T00:29:38.037+0000] {dag.py:4180} INFO - Setting next_dagrun for example_branch_operator to 2025-09-21 00:00:00+00:00, run_after=2025-09-22 00:00:00+00:00
[2025-09-22T00:29:38.082+0000] {processor.py:208} INFO - Processing /home/airflow/.local/lib/python3.12/site-packages/airflow/example_dags/example_branch_operator.py took 0.114 seconds
[2025-09-22T00:30:08.439+0000] {processor.py:186} INFO - Started process (PID=8968) to work on /home/airflow/.local/lib/python3.12/site-packages/airflow/example_dags/example_branch_operator.py
[2025-09-22T00:30:08.440+0000] {processor.py:914} INFO - Processing file /home/airflow/.local/lib/python3.12/site-packages/airflow/example_dags/example_branch_operator.py for tasks to queue
[2025-09-22T00:30:08.442+0000] {logging_mixin.py:190} INFO - [2025-09-22T00:30:08.442+0000] {dagbag.py:588} INFO - Filling up the DagBag from /home/airflow/.local/lib/python3.12/site-packages/airflow/example_dags/example_branch_operator.py
[2025-09-22T00:30:08.459+0000] {processor.py:925} INFO - DAG(s) 'example_branch_operator' retrieved from /home/airflow/.local/lib/python3.12/site-packages/airflow/example_dags/example_branch_operator.py
[2025-09-22T00:30:08.485+0000] {logging_mixin.py:190} INFO - [2025-09-22T00:30:08.485+0000] {dag.py:3239} INFO - Sync 1 DAGs
[2025-09-22T00:30:08.505+0000] {logging_mixin.py:190} INFO - [2025-09-22T00:30:08.505+0000] {dag.py:4180} INFO - Setting next_dagrun for example_branch_operator to 2025-09-21 00:00:00+00:00, run_after=2025-09-22 00:00:00+00:00
[2025-09-22T00:30:08.552+0000] {processor.py:208} INFO - Processing /home/airflow/.local/lib/python3.12/site-packages/airflow/example_dags/example_branch_operator.py took 0.118 seconds
[2025-09-22T00:30:39.018+0000] {processor.py:186} INFO - Started process (PID=9032) to work on /home/airflow/.local/lib/python3.12/site-packages/airflow/example_dags/example_branch_operator.py
[2025-09-22T00:30:39.019+0000] {processor.py:914} INFO - Processing file /home/airflow/.local/lib/python3.12/site-packages/airflow/example_dags/example_branch_operator.py for tasks to queue
[2025-09-22T00:30:39.021+0000] {logging_mixin.py:190} INFO - [2025-09-22T00:30:39.021+0000] {dagbag.py:588} INFO - Filling up the DagBag from /home/airflow/.local/lib/python3.12/site-packages/airflow/example_dags/example_branch_operator.py
[2025-09-22T00:30:39.037+0000] {processor.py:925} INFO - DAG(s) 'example_branch_operator' retrieved from /home/airflow/.local/lib/python3.12/site-packages/airflow/example_dags/example_branch_operator.py
[2025-09-22T00:30:39.064+0000] {logging_mixin.py:190} INFO - [2025-09-22T00:30:39.064+0000] {dag.py:3239} INFO - Sync 1 DAGs
[2025-09-22T00:30:39.085+0000] {logging_mixin.py:190} INFO - [2025-09-22T00:30:39.084+0000] {dag.py:4180} INFO - Setting next_dagrun for example_branch_operator to 2025-09-21 00:00:00+00:00, run_after=2025-09-22 00:00:00+00:00
[2025-09-22T00:30:39.126+0000] {processor.py:208} INFO - Processing /home/airflow/.local/lib/python3.12/site-packages/airflow/example_dags/example_branch_operator.py took 0.112 seconds
[2025-09-22T00:31:09.583+0000] {processor.py:186} INFO - Started process (PID=9095) to work on /home/airflow/.local/lib/python3.12/site-packages/airflow/example_dags/example_branch_operator.py
[2025-09-22T00:31:09.587+0000] {processor.py:914} INFO - Processing file /home/airflow/.local/lib/python3.12/site-packages/airflow/example_dags/example_branch_operator.py for tasks to queue
[2025-09-22T00:31:09.590+0000] {logging_mixin.py:190} INFO - [2025-09-22T00:31:09.590+0000] {dagbag.py:588} INFO - Filling up the DagBag from /home/airflow/.local/lib/python3.12/site-packages/airflow/example_dags/example_branch_operator.py
[2025-09-22T00:31:09.609+0000] {processor.py:925} INFO - DAG(s) 'example_branch_operator' retrieved from /home/airflow/.local/lib/python3.12/site-packages/airflow/example_dags/example_branch_operator.py
[2025-09-22T00:31:09.635+0000] {logging_mixin.py:190} INFO - [2025-09-22T00:31:09.635+0000] {dag.py:3239} INFO - Sync 1 DAGs
[2025-09-22T00:31:09.656+0000] {logging_mixin.py:190} INFO - [2025-09-22T00:31:09.656+0000] {dag.py:4180} INFO - Setting next_dagrun for example_branch_operator to 2025-09-21 00:00:00+00:00, run_after=2025-09-22 00:00:00+00:00
[2025-09-22T00:31:09.721+0000] {processor.py:208} INFO - Processing /home/airflow/.local/lib/python3.12/site-packages/airflow/example_dags/example_branch_operator.py took 0.143 seconds
[2025-09-22T00:31:40.415+0000] {processor.py:186} INFO - Started process (PID=9159) to work on /home/airflow/.local/lib/python3.12/site-packages/airflow/example_dags/example_branch_operator.py
[2025-09-22T00:31:40.416+0000] {processor.py:914} INFO - Processing file /home/airflow/.local/lib/python3.12/site-packages/airflow/example_dags/example_branch_operator.py for tasks to queue
[2025-09-22T00:31:40.418+0000] {logging_mixin.py:190} INFO - [2025-09-22T00:31:40.418+0000] {dagbag.py:588} INFO - Filling up the DagBag from /home/airflow/.local/lib/python3.12/site-packages/airflow/example_dags/example_branch_operator.py
[2025-09-22T00:31:40.435+0000] {processor.py:925} INFO - DAG(s) 'example_branch_operator' retrieved from /home/airflow/.local/lib/python3.12/site-packages/airflow/example_dags/example_branch_operator.py
[2025-09-22T00:31:40.465+0000] {logging_mixin.py:190} INFO - [2025-09-22T00:31:40.464+0000] {dag.py:3239} INFO - Sync 1 DAGs
[2025-09-22T00:31:40.489+0000] {logging_mixin.py:190} INFO - [2025-09-22T00:31:40.489+0000] {dag.py:4180} INFO - Setting next_dagrun for example_branch_operator to 2025-09-21 00:00:00+00:00, run_after=2025-09-22 00:00:00+00:00
[2025-09-22T00:31:40.533+0000] {processor.py:208} INFO - Processing /home/airflow/.local/lib/python3.12/site-packages/airflow/example_dags/example_branch_operator.py took 0.123 seconds
[2025-09-22T00:32:11.418+0000] {processor.py:186} INFO - Started process (PID=9222) to work on /home/airflow/.local/lib/python3.12/site-packages/airflow/example_dags/example_branch_operator.py
[2025-09-22T00:32:11.419+0000] {processor.py:914} INFO - Processing file /home/airflow/.local/lib/python3.12/site-packages/airflow/example_dags/example_branch_operator.py for tasks to queue
[2025-09-22T00:32:11.422+0000] {logging_mixin.py:190} INFO - [2025-09-22T00:32:11.421+0000] {dagbag.py:588} INFO - Filling up the DagBag from /home/airflow/.local/lib/python3.12/site-packages/airflow/example_dags/example_branch_operator.py
[2025-09-22T00:32:11.440+0000] {processor.py:925} INFO - DAG(s) 'example_branch_operator' retrieved from /home/airflow/.local/lib/python3.12/site-packages/airflow/example_dags/example_branch_operator.py
[2025-09-22T00:32:11.470+0000] {logging_mixin.py:190} INFO - [2025-09-22T00:32:11.469+0000] {dag.py:3239} INFO - Sync 1 DAGs
[2025-09-22T00:32:11.494+0000] {logging_mixin.py:190} INFO - [2025-09-22T00:32:11.494+0000] {dag.py:4180} INFO - Setting next_dagrun for example_branch_operator to 2025-09-21 00:00:00+00:00, run_after=2025-09-22 00:00:00+00:00
[2025-09-22T00:32:11.568+0000] {processor.py:208} INFO - Processing /home/airflow/.local/lib/python3.12/site-packages/airflow/example_dags/example_branch_operator.py took 0.158 seconds
[2025-09-22T00:32:42.217+0000] {processor.py:186} INFO - Started process (PID=9286) to work on /home/airflow/.local/lib/python3.12/site-packages/airflow/example_dags/example_branch_operator.py
[2025-09-22T00:32:42.218+0000] {processor.py:914} INFO - Processing file /home/airflow/.local/lib/python3.12/site-packages/airflow/example_dags/example_branch_operator.py for tasks to queue
[2025-09-22T00:32:42.220+0000] {logging_mixin.py:190} INFO - [2025-09-22T00:32:42.220+0000] {dagbag.py:588} INFO - Filling up the DagBag from /home/airflow/.local/lib/python3.12/site-packages/airflow/example_dags/example_branch_operator.py
[2025-09-22T00:32:42.237+0000] {processor.py:925} INFO - DAG(s) 'example_branch_operator' retrieved from /home/airflow/.local/lib/python3.12/site-packages/airflow/example_dags/example_branch_operator.py
[2025-09-22T00:32:42.268+0000] {logging_mixin.py:190} INFO - [2025-09-22T00:32:42.268+0000] {dag.py:3239} INFO - Sync 1 DAGs
[2025-09-22T00:32:42.293+0000] {logging_mixin.py:190} INFO - [2025-09-22T00:32:42.293+0000] {dag.py:4180} INFO - Setting next_dagrun for example_branch_operator to 2025-09-21 00:00:00+00:00, run_after=2025-09-22 00:00:00+00:00
[2025-09-22T00:32:42.333+0000] {processor.py:208} INFO - Processing /home/airflow/.local/lib/python3.12/site-packages/airflow/example_dags/example_branch_operator.py took 0.121 seconds
[2025-09-22T00:33:12.459+0000] {processor.py:186} INFO - Started process (PID=9350) to work on /home/airflow/.local/lib/python3.12/site-packages/airflow/example_dags/example_branch_operator.py
[2025-09-22T00:33:12.460+0000] {processor.py:914} INFO - Processing file /home/airflow/.local/lib/python3.12/site-packages/airflow/example_dags/example_branch_operator.py for tasks to queue
[2025-09-22T00:33:12.462+0000] {logging_mixin.py:190} INFO - [2025-09-22T00:33:12.461+0000] {dagbag.py:588} INFO - Filling up the DagBag from /home/airflow/.local/lib/python3.12/site-packages/airflow/example_dags/example_branch_operator.py
[2025-09-22T00:33:12.480+0000] {processor.py:925} INFO - DAG(s) 'example_branch_operator' retrieved from /home/airflow/.local/lib/python3.12/site-packages/airflow/example_dags/example_branch_operator.py
[2025-09-22T00:33:12.507+0000] {logging_mixin.py:190} INFO - [2025-09-22T00:33:12.507+0000] {dag.py:3239} INFO - Sync 1 DAGs
[2025-09-22T00:33:12.529+0000] {logging_mixin.py:190} INFO - [2025-09-22T00:33:12.529+0000] {dag.py:4180} INFO - Setting next_dagrun for example_branch_operator to 2025-09-21 00:00:00+00:00, run_after=2025-09-22 00:00:00+00:00
[2025-09-22T00:33:12.573+0000] {processor.py:208} INFO - Processing /home/airflow/.local/lib/python3.12/site-packages/airflow/example_dags/example_branch_operator.py took 0.120 seconds
[2025-09-22T00:33:43.521+0000] {processor.py:186} INFO - Started process (PID=9412) to work on /home/airflow/.local/lib/python3.12/site-packages/airflow/example_dags/example_branch_operator.py
[2025-09-22T00:33:43.522+0000] {processor.py:914} INFO - Processing file /home/airflow/.local/lib/python3.12/site-packages/airflow/example_dags/example_branch_operator.py for tasks to queue
[2025-09-22T00:33:43.526+0000] {logging_mixin.py:190} INFO - [2025-09-22T00:33:43.525+0000] {dagbag.py:588} INFO - Filling up the DagBag from /home/airflow/.local/lib/python3.12/site-packages/airflow/example_dags/example_branch_operator.py
[2025-09-22T00:33:43.545+0000] {processor.py:925} INFO - DAG(s) 'example_branch_operator' retrieved from /home/airflow/.local/lib/python3.12/site-packages/airflow/example_dags/example_branch_operator.py
[2025-09-22T00:33:43.575+0000] {logging_mixin.py:190} INFO - [2025-09-22T00:33:43.574+0000] {dag.py:3239} INFO - Sync 1 DAGs
[2025-09-22T00:33:43.598+0000] {logging_mixin.py:190} INFO - [2025-09-22T00:33:43.598+0000] {dag.py:4180} INFO - Setting next_dagrun for example_branch_operator to 2025-09-21 00:00:00+00:00, run_after=2025-09-22 00:00:00+00:00
[2025-09-22T00:33:43.670+0000] {processor.py:208} INFO - Processing /home/airflow/.local/lib/python3.12/site-packages/airflow/example_dags/example_branch_operator.py took 0.155 seconds
[2025-09-22T00:34:14.451+0000] {processor.py:186} INFO - Started process (PID=9476) to work on /home/airflow/.local/lib/python3.12/site-packages/airflow/example_dags/example_branch_operator.py
[2025-09-22T00:34:14.452+0000] {processor.py:914} INFO - Processing file /home/airflow/.local/lib/python3.12/site-packages/airflow/example_dags/example_branch_operator.py for tasks to queue
[2025-09-22T00:34:14.454+0000] {logging_mixin.py:190} INFO - [2025-09-22T00:34:14.454+0000] {dagbag.py:588} INFO - Filling up the DagBag from /home/airflow/.local/lib/python3.12/site-packages/airflow/example_dags/example_branch_operator.py
[2025-09-22T00:34:14.470+0000] {processor.py:925} INFO - DAG(s) 'example_branch_operator' retrieved from /home/airflow/.local/lib/python3.12/site-packages/airflow/example_dags/example_branch_operator.py
[2025-09-22T00:34:14.496+0000] {logging_mixin.py:190} INFO - [2025-09-22T00:34:14.496+0000] {dag.py:3239} INFO - Sync 1 DAGs
[2025-09-22T00:34:14.518+0000] {logging_mixin.py:190} INFO - [2025-09-22T00:34:14.518+0000] {dag.py:4180} INFO - Setting next_dagrun for example_branch_operator to 2025-09-21 00:00:00+00:00, run_after=2025-09-22 00:00:00+00:00
[2025-09-22T00:34:14.562+0000] {processor.py:208} INFO - Processing /home/airflow/.local/lib/python3.12/site-packages/airflow/example_dags/example_branch_operator.py took 0.116 seconds
[2025-09-22T00:34:45.721+0000] {processor.py:186} INFO - Started process (PID=9535) to work on /home/airflow/.local/lib/python3.12/site-packages/airflow/example_dags/example_branch_operator.py
[2025-09-22T00:34:45.722+0000] {processor.py:914} INFO - Processing file /home/airflow/.local/lib/python3.12/site-packages/airflow/example_dags/example_branch_operator.py for tasks to queue
[2025-09-22T00:34:45.724+0000] {logging_mixin.py:190} INFO - [2025-09-22T00:34:45.724+0000] {dagbag.py:588} INFO - Filling up the DagBag from /home/airflow/.local/lib/python3.12/site-packages/airflow/example_dags/example_branch_operator.py
[2025-09-22T00:34:45.748+0000] {processor.py:925} INFO - DAG(s) 'example_branch_operator' retrieved from /home/airflow/.local/lib/python3.12/site-packages/airflow/example_dags/example_branch_operator.py
[2025-09-22T00:34:45.783+0000] {logging_mixin.py:190} INFO - [2025-09-22T00:34:45.782+0000] {dag.py:3239} INFO - Sync 1 DAGs
[2025-09-22T00:34:45.808+0000] {logging_mixin.py:190} INFO - [2025-09-22T00:34:45.807+0000] {dag.py:4180} INFO - Setting next_dagrun for example_branch_operator to 2025-09-21 00:00:00+00:00, run_after=2025-09-22 00:00:00+00:00
[2025-09-22T00:34:45.858+0000] {processor.py:208} INFO - Processing /home/airflow/.local/lib/python3.12/site-packages/airflow/example_dags/example_branch_operator.py took 0.143 seconds
[2025-09-22T00:35:16.481+0000] {processor.py:186} INFO - Started process (PID=9599) to work on /home/airflow/.local/lib/python3.12/site-packages/airflow/example_dags/example_branch_operator.py
[2025-09-22T00:35:16.482+0000] {processor.py:914} INFO - Processing file /home/airflow/.local/lib/python3.12/site-packages/airflow/example_dags/example_branch_operator.py for tasks to queue
[2025-09-22T00:35:16.484+0000] {logging_mixin.py:190} INFO - [2025-09-22T00:35:16.484+0000] {dagbag.py:588} INFO - Filling up the DagBag from /home/airflow/.local/lib/python3.12/site-packages/airflow/example_dags/example_branch_operator.py
[2025-09-22T00:35:16.499+0000] {processor.py:925} INFO - DAG(s) 'example_branch_operator' retrieved from /home/airflow/.local/lib/python3.12/site-packages/airflow/example_dags/example_branch_operator.py
[2025-09-22T00:35:16.526+0000] {logging_mixin.py:190} INFO - [2025-09-22T00:35:16.526+0000] {dag.py:3239} INFO - Sync 1 DAGs
[2025-09-22T00:35:16.548+0000] {logging_mixin.py:190} INFO - [2025-09-22T00:35:16.548+0000] {dag.py:4180} INFO - Setting next_dagrun for example_branch_operator to 2025-09-21 00:00:00+00:00, run_after=2025-09-22 00:00:00+00:00
[2025-09-22T00:35:16.586+0000] {processor.py:208} INFO - Processing /home/airflow/.local/lib/python3.12/site-packages/airflow/example_dags/example_branch_operator.py took 0.110 seconds
[2025-09-22T00:35:48.563+0000] {processor.py:186} INFO - Started process (PID=9663) to work on /home/airflow/.local/lib/python3.12/site-packages/airflow/example_dags/example_branch_operator.py
[2025-09-22T00:35:48.564+0000] {processor.py:914} INFO - Processing file /home/airflow/.local/lib/python3.12/site-packages/airflow/example_dags/example_branch_operator.py for tasks to queue
[2025-09-22T00:35:48.566+0000] {logging_mixin.py:190} INFO - [2025-09-22T00:35:48.566+0000] {dagbag.py:588} INFO - Filling up the DagBag from /home/airflow/.local/lib/python3.12/site-packages/airflow/example_dags/example_branch_operator.py
[2025-09-22T00:35:48.581+0000] {processor.py:925} INFO - DAG(s) 'example_branch_operator' retrieved from /home/airflow/.local/lib/python3.12/site-packages/airflow/example_dags/example_branch_operator.py
[2025-09-22T00:35:48.608+0000] {logging_mixin.py:190} INFO - [2025-09-22T00:35:48.608+0000] {dag.py:3239} INFO - Sync 1 DAGs
[2025-09-22T00:35:48.631+0000] {logging_mixin.py:190} INFO - [2025-09-22T00:35:48.631+0000] {dag.py:4180} INFO - Setting next_dagrun for example_branch_operator to 2025-09-21 00:00:00+00:00, run_after=2025-09-22 00:00:00+00:00
[2025-09-22T00:35:48.671+0000] {processor.py:208} INFO - Processing /home/airflow/.local/lib/python3.12/site-packages/airflow/example_dags/example_branch_operator.py took 0.113 seconds
[2025-09-22T00:36:18.836+0000] {processor.py:186} INFO - Started process (PID=9727) to work on /home/airflow/.local/lib/python3.12/site-packages/airflow/example_dags/example_branch_operator.py
[2025-09-22T00:36:18.837+0000] {processor.py:914} INFO - Processing file /home/airflow/.local/lib/python3.12/site-packages/airflow/example_dags/example_branch_operator.py for tasks to queue
[2025-09-22T00:36:18.839+0000] {logging_mixin.py:190} INFO - [2025-09-22T00:36:18.839+0000] {dagbag.py:588} INFO - Filling up the DagBag from /home/airflow/.local/lib/python3.12/site-packages/airflow/example_dags/example_branch_operator.py
[2025-09-22T00:36:18.859+0000] {processor.py:925} INFO - DAG(s) 'example_branch_operator' retrieved from /home/airflow/.local/lib/python3.12/site-packages/airflow/example_dags/example_branch_operator.py
[2025-09-22T00:36:18.895+0000] {logging_mixin.py:190} INFO - [2025-09-22T00:36:18.894+0000] {dag.py:3239} INFO - Sync 1 DAGs
[2025-09-22T00:36:18.922+0000] {logging_mixin.py:190} INFO - [2025-09-22T00:36:18.922+0000] {dag.py:4180} INFO - Setting next_dagrun for example_branch_operator to 2025-09-21 00:00:00+00:00, run_after=2025-09-22 00:00:00+00:00
[2025-09-22T00:36:18.989+0000] {processor.py:208} INFO - Processing /home/airflow/.local/lib/python3.12/site-packages/airflow/example_dags/example_branch_operator.py took 0.160 seconds
