[2025-09-22T00:00:13.266+0000] {processor.py:186} INFO - Started process (PID=5263) to work on /home/airflow/.local/lib/python3.12/site-packages/airflow/example_dags/example_python_operator.py
[2025-09-22T00:00:13.267+0000] {processor.py:914} INFO - Processing file /home/airflow/.local/lib/python3.12/site-packages/airflow/example_dags/example_python_operator.py for tasks to queue
[2025-09-22T00:00:13.270+0000] {logging_mixin.py:190} INFO - [2025-09-22T00:00:13.270+0000] {dagbag.py:588} INFO - Filling up the DagBag from /home/airflow/.local/lib/python3.12/site-packages/airflow/example_dags/example_python_operator.py
[2025-09-22T00:00:13.284+0000] {processor.py:925} INFO - DAG(s) 'example_python_operator' retrieved from /home/airflow/.local/lib/python3.12/site-packages/airflow/example_dags/example_python_operator.py
[2025-09-22T00:00:13.314+0000] {logging_mixin.py:190} INFO - [2025-09-22T00:00:13.314+0000] {dag.py:3239} INFO - Sync 1 DAGs
[2025-09-22T00:00:13.332+0000] {logging_mixin.py:190} INFO - [2025-09-22T00:00:13.332+0000] {dag.py:4180} INFO - Setting next_dagrun for example_python_operator to None, run_after=None
[2025-09-22T00:00:13.377+0000] {processor.py:208} INFO - Processing /home/airflow/.local/lib/python3.12/site-packages/airflow/example_dags/example_python_operator.py took 0.117 seconds
[2025-09-22T00:00:43.926+0000] {processor.py:186} INFO - Started process (PID=5327) to work on /home/airflow/.local/lib/python3.12/site-packages/airflow/example_dags/example_python_operator.py
[2025-09-22T00:00:43.928+0000] {processor.py:914} INFO - Processing file /home/airflow/.local/lib/python3.12/site-packages/airflow/example_dags/example_python_operator.py for tasks to queue
[2025-09-22T00:00:43.930+0000] {logging_mixin.py:190} INFO - [2025-09-22T00:00:43.930+0000] {dagbag.py:588} INFO - Filling up the DagBag from /home/airflow/.local/lib/python3.12/site-packages/airflow/example_dags/example_python_operator.py
[2025-09-22T00:00:43.945+0000] {processor.py:925} INFO - DAG(s) 'example_python_operator' retrieved from /home/airflow/.local/lib/python3.12/site-packages/airflow/example_dags/example_python_operator.py
[2025-09-22T00:00:43.970+0000] {logging_mixin.py:190} INFO - [2025-09-22T00:00:43.970+0000] {dag.py:3239} INFO - Sync 1 DAGs
[2025-09-22T00:00:43.996+0000] {logging_mixin.py:190} INFO - [2025-09-22T00:00:43.995+0000] {dag.py:4180} INFO - Setting next_dagrun for example_python_operator to None, run_after=None
[2025-09-22T00:00:44.043+0000] {processor.py:208} INFO - Processing /home/airflow/.local/lib/python3.12/site-packages/airflow/example_dags/example_python_operator.py took 0.123 seconds
[2025-09-22T00:01:14.276+0000] {processor.py:186} INFO - Started process (PID=5391) to work on /home/airflow/.local/lib/python3.12/site-packages/airflow/example_dags/example_python_operator.py
[2025-09-22T00:01:14.277+0000] {processor.py:914} INFO - Processing file /home/airflow/.local/lib/python3.12/site-packages/airflow/example_dags/example_python_operator.py for tasks to queue
[2025-09-22T00:01:14.279+0000] {logging_mixin.py:190} INFO - [2025-09-22T00:01:14.279+0000] {dagbag.py:588} INFO - Filling up the DagBag from /home/airflow/.local/lib/python3.12/site-packages/airflow/example_dags/example_python_operator.py
[2025-09-22T00:01:14.291+0000] {processor.py:925} INFO - DAG(s) 'example_python_operator' retrieved from /home/airflow/.local/lib/python3.12/site-packages/airflow/example_dags/example_python_operator.py
[2025-09-22T00:01:14.315+0000] {logging_mixin.py:190} INFO - [2025-09-22T00:01:14.315+0000] {dag.py:3239} INFO - Sync 1 DAGs
[2025-09-22T00:01:14.330+0000] {logging_mixin.py:190} INFO - [2025-09-22T00:01:14.330+0000] {dag.py:4180} INFO - Setting next_dagrun for example_python_operator to None, run_after=None
[2025-09-22T00:01:14.367+0000] {processor.py:208} INFO - Processing /home/airflow/.local/lib/python3.12/site-packages/airflow/example_dags/example_python_operator.py took 0.098 seconds
[2025-09-22T00:01:44.980+0000] {processor.py:186} INFO - Started process (PID=5455) to work on /home/airflow/.local/lib/python3.12/site-packages/airflow/example_dags/example_python_operator.py
[2025-09-22T00:01:44.981+0000] {processor.py:914} INFO - Processing file /home/airflow/.local/lib/python3.12/site-packages/airflow/example_dags/example_python_operator.py for tasks to queue
[2025-09-22T00:01:44.983+0000] {logging_mixin.py:190} INFO - [2025-09-22T00:01:44.983+0000] {dagbag.py:588} INFO - Filling up the DagBag from /home/airflow/.local/lib/python3.12/site-packages/airflow/example_dags/example_python_operator.py
[2025-09-22T00:01:44.995+0000] {processor.py:925} INFO - DAG(s) 'example_python_operator' retrieved from /home/airflow/.local/lib/python3.12/site-packages/airflow/example_dags/example_python_operator.py
[2025-09-22T00:01:45.020+0000] {logging_mixin.py:190} INFO - [2025-09-22T00:01:45.020+0000] {dag.py:3239} INFO - Sync 1 DAGs
[2025-09-22T00:01:45.037+0000] {logging_mixin.py:190} INFO - [2025-09-22T00:01:45.037+0000] {dag.py:4180} INFO - Setting next_dagrun for example_python_operator to None, run_after=None
[2025-09-22T00:01:45.091+0000] {processor.py:208} INFO - Processing /home/airflow/.local/lib/python3.12/site-packages/airflow/example_dags/example_python_operator.py took 0.116 seconds
[2025-09-22T00:02:15.413+0000] {processor.py:186} INFO - Started process (PID=5519) to work on /home/airflow/.local/lib/python3.12/site-packages/airflow/example_dags/example_python_operator.py
[2025-09-22T00:02:15.415+0000] {processor.py:914} INFO - Processing file /home/airflow/.local/lib/python3.12/site-packages/airflow/example_dags/example_python_operator.py for tasks to queue
[2025-09-22T00:02:15.417+0000] {logging_mixin.py:190} INFO - [2025-09-22T00:02:15.417+0000] {dagbag.py:588} INFO - Filling up the DagBag from /home/airflow/.local/lib/python3.12/site-packages/airflow/example_dags/example_python_operator.py
[2025-09-22T00:02:15.431+0000] {processor.py:925} INFO - DAG(s) 'example_python_operator' retrieved from /home/airflow/.local/lib/python3.12/site-packages/airflow/example_dags/example_python_operator.py
[2025-09-22T00:02:15.455+0000] {logging_mixin.py:190} INFO - [2025-09-22T00:02:15.455+0000] {dag.py:3239} INFO - Sync 1 DAGs
[2025-09-22T00:02:15.470+0000] {logging_mixin.py:190} INFO - [2025-09-22T00:02:15.470+0000] {dag.py:4180} INFO - Setting next_dagrun for example_python_operator to None, run_after=None
[2025-09-22T00:02:15.516+0000] {processor.py:208} INFO - Processing /home/airflow/.local/lib/python3.12/site-packages/airflow/example_dags/example_python_operator.py took 0.109 seconds
[2025-09-22T00:02:45.720+0000] {processor.py:186} INFO - Started process (PID=5577) to work on /home/airflow/.local/lib/python3.12/site-packages/airflow/example_dags/example_python_operator.py
[2025-09-22T00:02:45.722+0000] {processor.py:914} INFO - Processing file /home/airflow/.local/lib/python3.12/site-packages/airflow/example_dags/example_python_operator.py for tasks to queue
[2025-09-22T00:02:45.725+0000] {logging_mixin.py:190} INFO - [2025-09-22T00:02:45.724+0000] {dagbag.py:588} INFO - Filling up the DagBag from /home/airflow/.local/lib/python3.12/site-packages/airflow/example_dags/example_python_operator.py
[2025-09-22T00:02:45.744+0000] {processor.py:925} INFO - DAG(s) 'example_python_operator' retrieved from /home/airflow/.local/lib/python3.12/site-packages/airflow/example_dags/example_python_operator.py
[2025-09-22T00:02:45.782+0000] {logging_mixin.py:190} INFO - [2025-09-22T00:02:45.781+0000] {dag.py:3239} INFO - Sync 1 DAGs
[2025-09-22T00:02:45.805+0000] {logging_mixin.py:190} INFO - [2025-09-22T00:02:45.805+0000] {dag.py:4180} INFO - Setting next_dagrun for example_python_operator to None, run_after=None
[2025-09-22T00:02:45.849+0000] {processor.py:208} INFO - Processing /home/airflow/.local/lib/python3.12/site-packages/airflow/example_dags/example_python_operator.py took 0.138 seconds
[2025-09-22T00:03:16.275+0000] {processor.py:186} INFO - Started process (PID=5641) to work on /home/airflow/.local/lib/python3.12/site-packages/airflow/example_dags/example_python_operator.py
[2025-09-22T00:03:16.277+0000] {processor.py:914} INFO - Processing file /home/airflow/.local/lib/python3.12/site-packages/airflow/example_dags/example_python_operator.py for tasks to queue
[2025-09-22T00:03:16.279+0000] {logging_mixin.py:190} INFO - [2025-09-22T00:03:16.279+0000] {dagbag.py:588} INFO - Filling up the DagBag from /home/airflow/.local/lib/python3.12/site-packages/airflow/example_dags/example_python_operator.py
[2025-09-22T00:03:16.290+0000] {processor.py:925} INFO - DAG(s) 'example_python_operator' retrieved from /home/airflow/.local/lib/python3.12/site-packages/airflow/example_dags/example_python_operator.py
[2025-09-22T00:03:16.310+0000] {logging_mixin.py:190} INFO - [2025-09-22T00:03:16.310+0000] {dag.py:3239} INFO - Sync 1 DAGs
[2025-09-22T00:03:16.324+0000] {logging_mixin.py:190} INFO - [2025-09-22T00:03:16.323+0000] {dag.py:4180} INFO - Setting next_dagrun for example_python_operator to None, run_after=None
[2025-09-22T00:03:16.366+0000] {processor.py:208} INFO - Processing /home/airflow/.local/lib/python3.12/site-packages/airflow/example_dags/example_python_operator.py took 0.097 seconds
[2025-09-22T00:03:46.522+0000] {processor.py:186} INFO - Started process (PID=5705) to work on /home/airflow/.local/lib/python3.12/site-packages/airflow/example_dags/example_python_operator.py
[2025-09-22T00:03:46.523+0000] {processor.py:914} INFO - Processing file /home/airflow/.local/lib/python3.12/site-packages/airflow/example_dags/example_python_operator.py for tasks to queue
[2025-09-22T00:03:46.525+0000] {logging_mixin.py:190} INFO - [2025-09-22T00:03:46.525+0000] {dagbag.py:588} INFO - Filling up the DagBag from /home/airflow/.local/lib/python3.12/site-packages/airflow/example_dags/example_python_operator.py
[2025-09-22T00:03:46.538+0000] {processor.py:925} INFO - DAG(s) 'example_python_operator' retrieved from /home/airflow/.local/lib/python3.12/site-packages/airflow/example_dags/example_python_operator.py
[2025-09-22T00:03:46.565+0000] {logging_mixin.py:190} INFO - [2025-09-22T00:03:46.565+0000] {dag.py:3239} INFO - Sync 1 DAGs
[2025-09-22T00:03:46.581+0000] {logging_mixin.py:190} INFO - [2025-09-22T00:03:46.581+0000] {dag.py:4180} INFO - Setting next_dagrun for example_python_operator to None, run_after=None
[2025-09-22T00:03:46.651+0000] {processor.py:208} INFO - Processing /home/airflow/.local/lib/python3.12/site-packages/airflow/example_dags/example_python_operator.py took 0.136 seconds
[2025-09-22T00:04:17.173+0000] {processor.py:186} INFO - Started process (PID=5769) to work on /home/airflow/.local/lib/python3.12/site-packages/airflow/example_dags/example_python_operator.py
[2025-09-22T00:04:17.174+0000] {processor.py:914} INFO - Processing file /home/airflow/.local/lib/python3.12/site-packages/airflow/example_dags/example_python_operator.py for tasks to queue
[2025-09-22T00:04:17.177+0000] {logging_mixin.py:190} INFO - [2025-09-22T00:04:17.177+0000] {dagbag.py:588} INFO - Filling up the DagBag from /home/airflow/.local/lib/python3.12/site-packages/airflow/example_dags/example_python_operator.py
[2025-09-22T00:04:17.189+0000] {processor.py:925} INFO - DAG(s) 'example_python_operator' retrieved from /home/airflow/.local/lib/python3.12/site-packages/airflow/example_dags/example_python_operator.py
[2025-09-22T00:04:17.212+0000] {logging_mixin.py:190} INFO - [2025-09-22T00:04:17.211+0000] {dag.py:3239} INFO - Sync 1 DAGs
[2025-09-22T00:04:17.227+0000] {logging_mixin.py:190} INFO - [2025-09-22T00:04:17.227+0000] {dag.py:4180} INFO - Setting next_dagrun for example_python_operator to None, run_after=None
[2025-09-22T00:04:17.269+0000] {processor.py:208} INFO - Processing /home/airflow/.local/lib/python3.12/site-packages/airflow/example_dags/example_python_operator.py took 0.102 seconds
[2025-09-22T00:04:48.201+0000] {processor.py:186} INFO - Started process (PID=5833) to work on /home/airflow/.local/lib/python3.12/site-packages/airflow/example_dags/example_python_operator.py
[2025-09-22T00:04:48.202+0000] {processor.py:914} INFO - Processing file /home/airflow/.local/lib/python3.12/site-packages/airflow/example_dags/example_python_operator.py for tasks to queue
[2025-09-22T00:04:48.204+0000] {logging_mixin.py:190} INFO - [2025-09-22T00:04:48.204+0000] {dagbag.py:588} INFO - Filling up the DagBag from /home/airflow/.local/lib/python3.12/site-packages/airflow/example_dags/example_python_operator.py
[2025-09-22T00:04:48.215+0000] {processor.py:925} INFO - DAG(s) 'example_python_operator' retrieved from /home/airflow/.local/lib/python3.12/site-packages/airflow/example_dags/example_python_operator.py
[2025-09-22T00:04:48.235+0000] {logging_mixin.py:190} INFO - [2025-09-22T00:04:48.235+0000] {dag.py:3239} INFO - Sync 1 DAGs
[2025-09-22T00:04:48.249+0000] {logging_mixin.py:190} INFO - [2025-09-22T00:04:48.249+0000] {dag.py:4180} INFO - Setting next_dagrun for example_python_operator to None, run_after=None
[2025-09-22T00:04:48.296+0000] {processor.py:208} INFO - Processing /home/airflow/.local/lib/python3.12/site-packages/airflow/example_dags/example_python_operator.py took 0.099 seconds
[2025-09-22T00:05:19.755+0000] {processor.py:186} INFO - Started process (PID=5889) to work on /home/airflow/.local/lib/python3.12/site-packages/airflow/example_dags/example_python_operator.py
[2025-09-22T00:05:19.757+0000] {processor.py:914} INFO - Processing file /home/airflow/.local/lib/python3.12/site-packages/airflow/example_dags/example_python_operator.py for tasks to queue
[2025-09-22T00:05:19.760+0000] {logging_mixin.py:190} INFO - [2025-09-22T00:05:19.760+0000] {dagbag.py:588} INFO - Filling up the DagBag from /home/airflow/.local/lib/python3.12/site-packages/airflow/example_dags/example_python_operator.py
[2025-09-22T00:05:19.774+0000] {processor.py:925} INFO - DAG(s) 'example_python_operator' retrieved from /home/airflow/.local/lib/python3.12/site-packages/airflow/example_dags/example_python_operator.py
[2025-09-22T00:05:19.805+0000] {logging_mixin.py:190} INFO - [2025-09-22T00:05:19.804+0000] {dag.py:3239} INFO - Sync 1 DAGs
[2025-09-22T00:05:19.820+0000] {logging_mixin.py:190} INFO - [2025-09-22T00:05:19.820+0000] {dag.py:4180} INFO - Setting next_dagrun for example_python_operator to None, run_after=None
[2025-09-22T00:05:19.863+0000] {processor.py:208} INFO - Processing /home/airflow/.local/lib/python3.12/site-packages/airflow/example_dags/example_python_operator.py took 0.114 seconds
[2025-09-22T00:05:51.394+0000] {processor.py:186} INFO - Started process (PID=5943) to work on /home/airflow/.local/lib/python3.12/site-packages/airflow/example_dags/example_python_operator.py
[2025-09-22T00:05:51.395+0000] {processor.py:914} INFO - Processing file /home/airflow/.local/lib/python3.12/site-packages/airflow/example_dags/example_python_operator.py for tasks to queue
[2025-09-22T00:05:51.397+0000] {logging_mixin.py:190} INFO - [2025-09-22T00:05:51.396+0000] {dagbag.py:588} INFO - Filling up the DagBag from /home/airflow/.local/lib/python3.12/site-packages/airflow/example_dags/example_python_operator.py
[2025-09-22T00:05:51.406+0000] {processor.py:925} INFO - DAG(s) 'example_python_operator' retrieved from /home/airflow/.local/lib/python3.12/site-packages/airflow/example_dags/example_python_operator.py
[2025-09-22T00:05:51.428+0000] {logging_mixin.py:190} INFO - [2025-09-22T00:05:51.428+0000] {dag.py:3239} INFO - Sync 1 DAGs
[2025-09-22T00:05:51.441+0000] {logging_mixin.py:190} INFO - [2025-09-22T00:05:51.441+0000] {dag.py:4180} INFO - Setting next_dagrun for example_python_operator to None, run_after=None
[2025-09-22T00:05:51.480+0000] {processor.py:208} INFO - Processing /home/airflow/.local/lib/python3.12/site-packages/airflow/example_dags/example_python_operator.py took 0.092 seconds
[2025-09-22T00:06:24.079+0000] {processor.py:186} INFO - Started process (PID=6007) to work on /home/airflow/.local/lib/python3.12/site-packages/airflow/example_dags/example_python_operator.py
[2025-09-22T00:06:24.080+0000] {processor.py:914} INFO - Processing file /home/airflow/.local/lib/python3.12/site-packages/airflow/example_dags/example_python_operator.py for tasks to queue
[2025-09-22T00:06:24.082+0000] {logging_mixin.py:190} INFO - [2025-09-22T00:06:24.082+0000] {dagbag.py:588} INFO - Filling up the DagBag from /home/airflow/.local/lib/python3.12/site-packages/airflow/example_dags/example_python_operator.py
[2025-09-22T00:06:24.094+0000] {processor.py:925} INFO - DAG(s) 'example_python_operator' retrieved from /home/airflow/.local/lib/python3.12/site-packages/airflow/example_dags/example_python_operator.py
[2025-09-22T00:06:24.114+0000] {logging_mixin.py:190} INFO - [2025-09-22T00:06:24.114+0000] {dag.py:3239} INFO - Sync 1 DAGs
[2025-09-22T00:06:24.127+0000] {logging_mixin.py:190} INFO - [2025-09-22T00:06:24.127+0000] {dag.py:4180} INFO - Setting next_dagrun for example_python_operator to None, run_after=None
[2025-09-22T00:06:24.170+0000] {processor.py:208} INFO - Processing /home/airflow/.local/lib/python3.12/site-packages/airflow/example_dags/example_python_operator.py took 0.096 seconds
[2025-09-22T00:06:56.935+0000] {processor.py:186} INFO - Started process (PID=6071) to work on /home/airflow/.local/lib/python3.12/site-packages/airflow/example_dags/example_python_operator.py
[2025-09-22T00:06:56.936+0000] {processor.py:914} INFO - Processing file /home/airflow/.local/lib/python3.12/site-packages/airflow/example_dags/example_python_operator.py for tasks to queue
[2025-09-22T00:06:56.939+0000] {logging_mixin.py:190} INFO - [2025-09-22T00:06:56.938+0000] {dagbag.py:588} INFO - Filling up the DagBag from /home/airflow/.local/lib/python3.12/site-packages/airflow/example_dags/example_python_operator.py
[2025-09-22T00:06:56.953+0000] {processor.py:925} INFO - DAG(s) 'example_python_operator' retrieved from /home/airflow/.local/lib/python3.12/site-packages/airflow/example_dags/example_python_operator.py
[2025-09-22T00:06:56.977+0000] {logging_mixin.py:190} INFO - [2025-09-22T00:06:56.977+0000] {dag.py:3239} INFO - Sync 1 DAGs
[2025-09-22T00:06:56.991+0000] {logging_mixin.py:190} INFO - [2025-09-22T00:06:56.991+0000] {dag.py:4180} INFO - Setting next_dagrun for example_python_operator to None, run_after=None
[2025-09-22T00:06:57.035+0000] {processor.py:208} INFO - Processing /home/airflow/.local/lib/python3.12/site-packages/airflow/example_dags/example_python_operator.py took 0.105 seconds
[2025-09-22T00:07:29.486+0000] {processor.py:186} INFO - Started process (PID=6136) to work on /home/airflow/.local/lib/python3.12/site-packages/airflow/example_dags/example_python_operator.py
[2025-09-22T00:07:29.487+0000] {processor.py:914} INFO - Processing file /home/airflow/.local/lib/python3.12/site-packages/airflow/example_dags/example_python_operator.py for tasks to queue
[2025-09-22T00:07:29.489+0000] {logging_mixin.py:190} INFO - [2025-09-22T00:07:29.489+0000] {dagbag.py:588} INFO - Filling up the DagBag from /home/airflow/.local/lib/python3.12/site-packages/airflow/example_dags/example_python_operator.py
[2025-09-22T00:07:29.499+0000] {processor.py:925} INFO - DAG(s) 'example_python_operator' retrieved from /home/airflow/.local/lib/python3.12/site-packages/airflow/example_dags/example_python_operator.py
[2025-09-22T00:07:29.518+0000] {logging_mixin.py:190} INFO - [2025-09-22T00:07:29.518+0000] {dag.py:3239} INFO - Sync 1 DAGs
[2025-09-22T00:07:29.532+0000] {logging_mixin.py:190} INFO - [2025-09-22T00:07:29.532+0000] {dag.py:4180} INFO - Setting next_dagrun for example_python_operator to None, run_after=None
[2025-09-22T00:07:29.572+0000] {processor.py:208} INFO - Processing /home/airflow/.local/lib/python3.12/site-packages/airflow/example_dags/example_python_operator.py took 0.093 seconds
[2025-09-22T00:08:03.112+0000] {processor.py:186} INFO - Started process (PID=6200) to work on /home/airflow/.local/lib/python3.12/site-packages/airflow/example_dags/example_python_operator.py
[2025-09-22T00:08:03.113+0000] {processor.py:914} INFO - Processing file /home/airflow/.local/lib/python3.12/site-packages/airflow/example_dags/example_python_operator.py for tasks to queue
[2025-09-22T00:08:03.115+0000] {logging_mixin.py:190} INFO - [2025-09-22T00:08:03.115+0000] {dagbag.py:588} INFO - Filling up the DagBag from /home/airflow/.local/lib/python3.12/site-packages/airflow/example_dags/example_python_operator.py
[2025-09-22T00:08:03.125+0000] {processor.py:925} INFO - DAG(s) 'example_python_operator' retrieved from /home/airflow/.local/lib/python3.12/site-packages/airflow/example_dags/example_python_operator.py
[2025-09-22T00:08:03.143+0000] {logging_mixin.py:190} INFO - [2025-09-22T00:08:03.143+0000] {dag.py:3239} INFO - Sync 1 DAGs
[2025-09-22T00:08:03.155+0000] {logging_mixin.py:190} INFO - [2025-09-22T00:08:03.154+0000] {dag.py:4180} INFO - Setting next_dagrun for example_python_operator to None, run_after=None
[2025-09-22T00:08:03.193+0000] {processor.py:208} INFO - Processing /home/airflow/.local/lib/python3.12/site-packages/airflow/example_dags/example_python_operator.py took 0.086 seconds
[2025-09-22T00:08:35.835+0000] {processor.py:186} INFO - Started process (PID=6264) to work on /home/airflow/.local/lib/python3.12/site-packages/airflow/example_dags/example_python_operator.py
[2025-09-22T00:08:35.836+0000] {processor.py:914} INFO - Processing file /home/airflow/.local/lib/python3.12/site-packages/airflow/example_dags/example_python_operator.py for tasks to queue
[2025-09-22T00:08:35.838+0000] {logging_mixin.py:190} INFO - [2025-09-22T00:08:35.837+0000] {dagbag.py:588} INFO - Filling up the DagBag from /home/airflow/.local/lib/python3.12/site-packages/airflow/example_dags/example_python_operator.py
[2025-09-22T00:08:35.847+0000] {processor.py:925} INFO - DAG(s) 'example_python_operator' retrieved from /home/airflow/.local/lib/python3.12/site-packages/airflow/example_dags/example_python_operator.py
[2025-09-22T00:08:35.867+0000] {logging_mixin.py:190} INFO - [2025-09-22T00:08:35.867+0000] {dag.py:3239} INFO - Sync 1 DAGs
[2025-09-22T00:08:35.880+0000] {logging_mixin.py:190} INFO - [2025-09-22T00:08:35.880+0000] {dag.py:4180} INFO - Setting next_dagrun for example_python_operator to None, run_after=None
[2025-09-22T00:08:35.912+0000] {processor.py:208} INFO - Processing /home/airflow/.local/lib/python3.12/site-packages/airflow/example_dags/example_python_operator.py took 0.082 seconds
[2025-09-22T00:09:06.424+0000] {processor.py:186} INFO - Started process (PID=6328) to work on /home/airflow/.local/lib/python3.12/site-packages/airflow/example_dags/example_python_operator.py
[2025-09-22T00:09:06.425+0000] {processor.py:914} INFO - Processing file /home/airflow/.local/lib/python3.12/site-packages/airflow/example_dags/example_python_operator.py for tasks to queue
[2025-09-22T00:09:06.427+0000] {logging_mixin.py:190} INFO - [2025-09-22T00:09:06.426+0000] {dagbag.py:588} INFO - Filling up the DagBag from /home/airflow/.local/lib/python3.12/site-packages/airflow/example_dags/example_python_operator.py
[2025-09-22T00:09:06.436+0000] {processor.py:925} INFO - DAG(s) 'example_python_operator' retrieved from /home/airflow/.local/lib/python3.12/site-packages/airflow/example_dags/example_python_operator.py
[2025-09-22T00:09:06.454+0000] {logging_mixin.py:190} INFO - [2025-09-22T00:09:06.454+0000] {dag.py:3239} INFO - Sync 1 DAGs
[2025-09-22T00:09:06.466+0000] {logging_mixin.py:190} INFO - [2025-09-22T00:09:06.466+0000] {dag.py:4180} INFO - Setting next_dagrun for example_python_operator to None, run_after=None
[2025-09-22T00:09:06.511+0000] {processor.py:208} INFO - Processing /home/airflow/.local/lib/python3.12/site-packages/airflow/example_dags/example_python_operator.py took 0.092 seconds
[2025-09-22T00:09:36.577+0000] {processor.py:186} INFO - Started process (PID=6392) to work on /home/airflow/.local/lib/python3.12/site-packages/airflow/example_dags/example_python_operator.py
[2025-09-22T00:09:36.578+0000] {processor.py:914} INFO - Processing file /home/airflow/.local/lib/python3.12/site-packages/airflow/example_dags/example_python_operator.py for tasks to queue
[2025-09-22T00:09:36.579+0000] {logging_mixin.py:190} INFO - [2025-09-22T00:09:36.579+0000] {dagbag.py:588} INFO - Filling up the DagBag from /home/airflow/.local/lib/python3.12/site-packages/airflow/example_dags/example_python_operator.py
[2025-09-22T00:09:36.589+0000] {processor.py:925} INFO - DAG(s) 'example_python_operator' retrieved from /home/airflow/.local/lib/python3.12/site-packages/airflow/example_dags/example_python_operator.py
[2025-09-22T00:09:36.607+0000] {logging_mixin.py:190} INFO - [2025-09-22T00:09:36.607+0000] {dag.py:3239} INFO - Sync 1 DAGs
[2025-09-22T00:09:36.618+0000] {logging_mixin.py:190} INFO - [2025-09-22T00:09:36.618+0000] {dag.py:4180} INFO - Setting next_dagrun for example_python_operator to None, run_after=None
[2025-09-22T00:09:36.656+0000] {processor.py:208} INFO - Processing /home/airflow/.local/lib/python3.12/site-packages/airflow/example_dags/example_python_operator.py took 0.084 seconds
[2025-09-22T00:10:07.286+0000] {processor.py:186} INFO - Started process (PID=6456) to work on /home/airflow/.local/lib/python3.12/site-packages/airflow/example_dags/example_python_operator.py
[2025-09-22T00:10:07.287+0000] {processor.py:914} INFO - Processing file /home/airflow/.local/lib/python3.12/site-packages/airflow/example_dags/example_python_operator.py for tasks to queue
[2025-09-22T00:10:07.289+0000] {logging_mixin.py:190} INFO - [2025-09-22T00:10:07.288+0000] {dagbag.py:588} INFO - Filling up the DagBag from /home/airflow/.local/lib/python3.12/site-packages/airflow/example_dags/example_python_operator.py
[2025-09-22T00:10:07.300+0000] {processor.py:925} INFO - DAG(s) 'example_python_operator' retrieved from /home/airflow/.local/lib/python3.12/site-packages/airflow/example_dags/example_python_operator.py
[2025-09-22T00:10:07.321+0000] {logging_mixin.py:190} INFO - [2025-09-22T00:10:07.321+0000] {dag.py:3239} INFO - Sync 1 DAGs
[2025-09-22T00:10:07.334+0000] {logging_mixin.py:190} INFO - [2025-09-22T00:10:07.334+0000] {dag.py:4180} INFO - Setting next_dagrun for example_python_operator to None, run_after=None
[2025-09-22T00:10:07.375+0000] {processor.py:208} INFO - Processing /home/airflow/.local/lib/python3.12/site-packages/airflow/example_dags/example_python_operator.py took 0.094 seconds
[2025-09-22T00:10:37.625+0000] {processor.py:186} INFO - Started process (PID=6520) to work on /home/airflow/.local/lib/python3.12/site-packages/airflow/example_dags/example_python_operator.py
[2025-09-22T00:10:37.626+0000] {processor.py:914} INFO - Processing file /home/airflow/.local/lib/python3.12/site-packages/airflow/example_dags/example_python_operator.py for tasks to queue
[2025-09-22T00:10:37.628+0000] {logging_mixin.py:190} INFO - [2025-09-22T00:10:37.628+0000] {dagbag.py:588} INFO - Filling up the DagBag from /home/airflow/.local/lib/python3.12/site-packages/airflow/example_dags/example_python_operator.py
[2025-09-22T00:10:37.638+0000] {processor.py:925} INFO - DAG(s) 'example_python_operator' retrieved from /home/airflow/.local/lib/python3.12/site-packages/airflow/example_dags/example_python_operator.py
[2025-09-22T00:10:37.657+0000] {logging_mixin.py:190} INFO - [2025-09-22T00:10:37.657+0000] {dag.py:3239} INFO - Sync 1 DAGs
[2025-09-22T00:10:37.668+0000] {logging_mixin.py:190} INFO - [2025-09-22T00:10:37.668+0000] {dag.py:4180} INFO - Setting next_dagrun for example_python_operator to None, run_after=None
[2025-09-22T00:10:37.708+0000] {processor.py:208} INFO - Processing /home/airflow/.local/lib/python3.12/site-packages/airflow/example_dags/example_python_operator.py took 0.087 seconds
[2025-09-22T00:11:08.233+0000] {processor.py:186} INFO - Started process (PID=6584) to work on /home/airflow/.local/lib/python3.12/site-packages/airflow/example_dags/example_python_operator.py
[2025-09-22T00:11:08.234+0000] {processor.py:914} INFO - Processing file /home/airflow/.local/lib/python3.12/site-packages/airflow/example_dags/example_python_operator.py for tasks to queue
[2025-09-22T00:11:08.237+0000] {logging_mixin.py:190} INFO - [2025-09-22T00:11:08.236+0000] {dagbag.py:588} INFO - Filling up the DagBag from /home/airflow/.local/lib/python3.12/site-packages/airflow/example_dags/example_python_operator.py
[2025-09-22T00:11:08.247+0000] {processor.py:925} INFO - DAG(s) 'example_python_operator' retrieved from /home/airflow/.local/lib/python3.12/site-packages/airflow/example_dags/example_python_operator.py
[2025-09-22T00:11:08.266+0000] {logging_mixin.py:190} INFO - [2025-09-22T00:11:08.266+0000] {dag.py:3239} INFO - Sync 1 DAGs
[2025-09-22T00:11:08.280+0000] {logging_mixin.py:190} INFO - [2025-09-22T00:11:08.280+0000] {dag.py:4180} INFO - Setting next_dagrun for example_python_operator to None, run_after=None
[2025-09-22T00:11:08.319+0000] {processor.py:208} INFO - Processing /home/airflow/.local/lib/python3.12/site-packages/airflow/example_dags/example_python_operator.py took 0.090 seconds
[2025-09-22T00:11:39.050+0000] {processor.py:186} INFO - Started process (PID=6648) to work on /home/airflow/.local/lib/python3.12/site-packages/airflow/example_dags/example_python_operator.py
[2025-09-22T00:11:39.051+0000] {processor.py:914} INFO - Processing file /home/airflow/.local/lib/python3.12/site-packages/airflow/example_dags/example_python_operator.py for tasks to queue
[2025-09-22T00:11:39.053+0000] {logging_mixin.py:190} INFO - [2025-09-22T00:11:39.053+0000] {dagbag.py:588} INFO - Filling up the DagBag from /home/airflow/.local/lib/python3.12/site-packages/airflow/example_dags/example_python_operator.py
[2025-09-22T00:11:39.062+0000] {processor.py:925} INFO - DAG(s) 'example_python_operator' retrieved from /home/airflow/.local/lib/python3.12/site-packages/airflow/example_dags/example_python_operator.py
[2025-09-22T00:11:39.080+0000] {logging_mixin.py:190} INFO - [2025-09-22T00:11:39.080+0000] {dag.py:3239} INFO - Sync 1 DAGs
[2025-09-22T00:11:39.092+0000] {logging_mixin.py:190} INFO - [2025-09-22T00:11:39.091+0000] {dag.py:4180} INFO - Setting next_dagrun for example_python_operator to None, run_after=None
[2025-09-22T00:11:39.130+0000] {processor.py:208} INFO - Processing /home/airflow/.local/lib/python3.12/site-packages/airflow/example_dags/example_python_operator.py took 0.084 seconds
[2025-09-22T00:12:09.667+0000] {processor.py:186} INFO - Started process (PID=6712) to work on /home/airflow/.local/lib/python3.12/site-packages/airflow/example_dags/example_python_operator.py
[2025-09-22T00:12:09.668+0000] {processor.py:914} INFO - Processing file /home/airflow/.local/lib/python3.12/site-packages/airflow/example_dags/example_python_operator.py for tasks to queue
[2025-09-22T00:12:09.670+0000] {logging_mixin.py:190} INFO - [2025-09-22T00:12:09.670+0000] {dagbag.py:588} INFO - Filling up the DagBag from /home/airflow/.local/lib/python3.12/site-packages/airflow/example_dags/example_python_operator.py
[2025-09-22T00:12:09.679+0000] {processor.py:925} INFO - DAG(s) 'example_python_operator' retrieved from /home/airflow/.local/lib/python3.12/site-packages/airflow/example_dags/example_python_operator.py
[2025-09-22T00:12:09.697+0000] {logging_mixin.py:190} INFO - [2025-09-22T00:12:09.697+0000] {dag.py:3239} INFO - Sync 1 DAGs
[2025-09-22T00:12:09.709+0000] {logging_mixin.py:190} INFO - [2025-09-22T00:12:09.708+0000] {dag.py:4180} INFO - Setting next_dagrun for example_python_operator to None, run_after=None
[2025-09-22T00:12:09.754+0000] {processor.py:208} INFO - Processing /home/airflow/.local/lib/python3.12/site-packages/airflow/example_dags/example_python_operator.py took 0.091 seconds
[2025-09-22T00:12:40.490+0000] {processor.py:186} INFO - Started process (PID=6776) to work on /home/airflow/.local/lib/python3.12/site-packages/airflow/example_dags/example_python_operator.py
[2025-09-22T00:12:40.491+0000] {processor.py:914} INFO - Processing file /home/airflow/.local/lib/python3.12/site-packages/airflow/example_dags/example_python_operator.py for tasks to queue
[2025-09-22T00:12:40.494+0000] {logging_mixin.py:190} INFO - [2025-09-22T00:12:40.493+0000] {dagbag.py:588} INFO - Filling up the DagBag from /home/airflow/.local/lib/python3.12/site-packages/airflow/example_dags/example_python_operator.py
[2025-09-22T00:12:40.507+0000] {processor.py:925} INFO - DAG(s) 'example_python_operator' retrieved from /home/airflow/.local/lib/python3.12/site-packages/airflow/example_dags/example_python_operator.py
[2025-09-22T00:12:40.531+0000] {logging_mixin.py:190} INFO - [2025-09-22T00:12:40.531+0000] {dag.py:3239} INFO - Sync 1 DAGs
[2025-09-22T00:12:40.547+0000] {logging_mixin.py:190} INFO - [2025-09-22T00:12:40.547+0000] {dag.py:4180} INFO - Setting next_dagrun for example_python_operator to None, run_after=None
[2025-09-22T00:12:40.626+0000] {processor.py:208} INFO - Processing /home/airflow/.local/lib/python3.12/site-packages/airflow/example_dags/example_python_operator.py took 0.142 seconds
[2025-09-22T00:13:11.676+0000] {processor.py:186} INFO - Started process (PID=6840) to work on /home/airflow/.local/lib/python3.12/site-packages/airflow/example_dags/example_python_operator.py
[2025-09-22T00:13:11.677+0000] {processor.py:914} INFO - Processing file /home/airflow/.local/lib/python3.12/site-packages/airflow/example_dags/example_python_operator.py for tasks to queue
[2025-09-22T00:13:11.679+0000] {logging_mixin.py:190} INFO - [2025-09-22T00:13:11.679+0000] {dagbag.py:588} INFO - Filling up the DagBag from /home/airflow/.local/lib/python3.12/site-packages/airflow/example_dags/example_python_operator.py
[2025-09-22T00:13:11.690+0000] {processor.py:925} INFO - DAG(s) 'example_python_operator' retrieved from /home/airflow/.local/lib/python3.12/site-packages/airflow/example_dags/example_python_operator.py
[2025-09-22T00:13:11.709+0000] {logging_mixin.py:190} INFO - [2025-09-22T00:13:11.709+0000] {dag.py:3239} INFO - Sync 1 DAGs
[2025-09-22T00:13:11.722+0000] {logging_mixin.py:190} INFO - [2025-09-22T00:13:11.721+0000] {dag.py:4180} INFO - Setting next_dagrun for example_python_operator to None, run_after=None
[2025-09-22T00:13:11.758+0000] {processor.py:208} INFO - Processing /home/airflow/.local/lib/python3.12/site-packages/airflow/example_dags/example_python_operator.py took 0.087 seconds
[2025-09-22T00:13:42.841+0000] {processor.py:186} INFO - Started process (PID=6904) to work on /home/airflow/.local/lib/python3.12/site-packages/airflow/example_dags/example_python_operator.py
[2025-09-22T00:13:42.842+0000] {processor.py:914} INFO - Processing file /home/airflow/.local/lib/python3.12/site-packages/airflow/example_dags/example_python_operator.py for tasks to queue
[2025-09-22T00:13:42.844+0000] {logging_mixin.py:190} INFO - [2025-09-22T00:13:42.843+0000] {dagbag.py:588} INFO - Filling up the DagBag from /home/airflow/.local/lib/python3.12/site-packages/airflow/example_dags/example_python_operator.py
[2025-09-22T00:13:42.854+0000] {processor.py:925} INFO - DAG(s) 'example_python_operator' retrieved from /home/airflow/.local/lib/python3.12/site-packages/airflow/example_dags/example_python_operator.py
[2025-09-22T00:13:42.876+0000] {logging_mixin.py:190} INFO - [2025-09-22T00:13:42.875+0000] {dag.py:3239} INFO - Sync 1 DAGs
[2025-09-22T00:13:42.888+0000] {logging_mixin.py:190} INFO - [2025-09-22T00:13:42.888+0000] {dag.py:4180} INFO - Setting next_dagrun for example_python_operator to None, run_after=None
[2025-09-22T00:13:42.931+0000] {processor.py:208} INFO - Processing /home/airflow/.local/lib/python3.12/site-packages/airflow/example_dags/example_python_operator.py took 0.096 seconds
[2025-09-22T00:14:13.333+0000] {processor.py:186} INFO - Started process (PID=6968) to work on /home/airflow/.local/lib/python3.12/site-packages/airflow/example_dags/example_python_operator.py
[2025-09-22T00:14:13.334+0000] {processor.py:914} INFO - Processing file /home/airflow/.local/lib/python3.12/site-packages/airflow/example_dags/example_python_operator.py for tasks to queue
[2025-09-22T00:14:13.336+0000] {logging_mixin.py:190} INFO - [2025-09-22T00:14:13.336+0000] {dagbag.py:588} INFO - Filling up the DagBag from /home/airflow/.local/lib/python3.12/site-packages/airflow/example_dags/example_python_operator.py
[2025-09-22T00:14:13.346+0000] {processor.py:925} INFO - DAG(s) 'example_python_operator' retrieved from /home/airflow/.local/lib/python3.12/site-packages/airflow/example_dags/example_python_operator.py
[2025-09-22T00:14:13.366+0000] {logging_mixin.py:190} INFO - [2025-09-22T00:14:13.366+0000] {dag.py:3239} INFO - Sync 1 DAGs
[2025-09-22T00:14:13.379+0000] {logging_mixin.py:190} INFO - [2025-09-22T00:14:13.378+0000] {dag.py:4180} INFO - Setting next_dagrun for example_python_operator to None, run_after=None
[2025-09-22T00:14:13.426+0000] {processor.py:208} INFO - Processing /home/airflow/.local/lib/python3.12/site-packages/airflow/example_dags/example_python_operator.py took 0.098 seconds
[2025-09-22T00:14:44.134+0000] {processor.py:186} INFO - Started process (PID=7032) to work on /home/airflow/.local/lib/python3.12/site-packages/airflow/example_dags/example_python_operator.py
[2025-09-22T00:14:44.135+0000] {processor.py:914} INFO - Processing file /home/airflow/.local/lib/python3.12/site-packages/airflow/example_dags/example_python_operator.py for tasks to queue
[2025-09-22T00:14:44.137+0000] {logging_mixin.py:190} INFO - [2025-09-22T00:14:44.137+0000] {dagbag.py:588} INFO - Filling up the DagBag from /home/airflow/.local/lib/python3.12/site-packages/airflow/example_dags/example_python_operator.py
[2025-09-22T00:14:44.147+0000] {processor.py:925} INFO - DAG(s) 'example_python_operator' retrieved from /home/airflow/.local/lib/python3.12/site-packages/airflow/example_dags/example_python_operator.py
[2025-09-22T00:14:44.167+0000] {logging_mixin.py:190} INFO - [2025-09-22T00:14:44.166+0000] {dag.py:3239} INFO - Sync 1 DAGs
[2025-09-22T00:14:44.179+0000] {logging_mixin.py:190} INFO - [2025-09-22T00:14:44.179+0000] {dag.py:4180} INFO - Setting next_dagrun for example_python_operator to None, run_after=None
[2025-09-22T00:14:44.227+0000] {processor.py:208} INFO - Processing /home/airflow/.local/lib/python3.12/site-packages/airflow/example_dags/example_python_operator.py took 0.098 seconds
[2025-09-22T00:15:14.528+0000] {processor.py:186} INFO - Started process (PID=7096) to work on /home/airflow/.local/lib/python3.12/site-packages/airflow/example_dags/example_python_operator.py
[2025-09-22T00:15:14.528+0000] {processor.py:914} INFO - Processing file /home/airflow/.local/lib/python3.12/site-packages/airflow/example_dags/example_python_operator.py for tasks to queue
[2025-09-22T00:15:14.530+0000] {logging_mixin.py:190} INFO - [2025-09-22T00:15:14.530+0000] {dagbag.py:588} INFO - Filling up the DagBag from /home/airflow/.local/lib/python3.12/site-packages/airflow/example_dags/example_python_operator.py
[2025-09-22T00:15:14.540+0000] {processor.py:925} INFO - DAG(s) 'example_python_operator' retrieved from /home/airflow/.local/lib/python3.12/site-packages/airflow/example_dags/example_python_operator.py
[2025-09-22T00:15:14.560+0000] {logging_mixin.py:190} INFO - [2025-09-22T00:15:14.560+0000] {dag.py:3239} INFO - Sync 1 DAGs
[2025-09-22T00:15:14.572+0000] {logging_mixin.py:190} INFO - [2025-09-22T00:15:14.572+0000] {dag.py:4180} INFO - Setting next_dagrun for example_python_operator to None, run_after=None
[2025-09-22T00:15:14.617+0000] {processor.py:208} INFO - Processing /home/airflow/.local/lib/python3.12/site-packages/airflow/example_dags/example_python_operator.py took 0.094 seconds
[2025-09-22T00:15:45.269+0000] {processor.py:186} INFO - Started process (PID=7160) to work on /home/airflow/.local/lib/python3.12/site-packages/airflow/example_dags/example_python_operator.py
[2025-09-22T00:15:45.270+0000] {processor.py:914} INFO - Processing file /home/airflow/.local/lib/python3.12/site-packages/airflow/example_dags/example_python_operator.py for tasks to queue
[2025-09-22T00:15:45.273+0000] {logging_mixin.py:190} INFO - [2025-09-22T00:15:45.272+0000] {dagbag.py:588} INFO - Filling up the DagBag from /home/airflow/.local/lib/python3.12/site-packages/airflow/example_dags/example_python_operator.py
[2025-09-22T00:15:45.284+0000] {processor.py:925} INFO - DAG(s) 'example_python_operator' retrieved from /home/airflow/.local/lib/python3.12/site-packages/airflow/example_dags/example_python_operator.py
[2025-09-22T00:15:45.309+0000] {logging_mixin.py:190} INFO - [2025-09-22T00:15:45.309+0000] {dag.py:3239} INFO - Sync 1 DAGs
[2025-09-22T00:15:45.324+0000] {logging_mixin.py:190} INFO - [2025-09-22T00:15:45.323+0000] {dag.py:4180} INFO - Setting next_dagrun for example_python_operator to None, run_after=None
[2025-09-22T00:15:45.368+0000] {processor.py:208} INFO - Processing /home/airflow/.local/lib/python3.12/site-packages/airflow/example_dags/example_python_operator.py took 0.105 seconds
[2025-09-22T00:16:15.760+0000] {processor.py:186} INFO - Started process (PID=7224) to work on /home/airflow/.local/lib/python3.12/site-packages/airflow/example_dags/example_python_operator.py
[2025-09-22T00:16:15.761+0000] {processor.py:914} INFO - Processing file /home/airflow/.local/lib/python3.12/site-packages/airflow/example_dags/example_python_operator.py for tasks to queue
[2025-09-22T00:16:15.763+0000] {logging_mixin.py:190} INFO - [2025-09-22T00:16:15.762+0000] {dagbag.py:588} INFO - Filling up the DagBag from /home/airflow/.local/lib/python3.12/site-packages/airflow/example_dags/example_python_operator.py
[2025-09-22T00:16:15.773+0000] {processor.py:925} INFO - DAG(s) 'example_python_operator' retrieved from /home/airflow/.local/lib/python3.12/site-packages/airflow/example_dags/example_python_operator.py
[2025-09-22T00:16:15.792+0000] {logging_mixin.py:190} INFO - [2025-09-22T00:16:15.792+0000] {dag.py:3239} INFO - Sync 1 DAGs
[2025-09-22T00:16:15.806+0000] {logging_mixin.py:190} INFO - [2025-09-22T00:16:15.806+0000] {dag.py:4180} INFO - Setting next_dagrun for example_python_operator to None, run_after=None
[2025-09-22T00:16:15.852+0000] {processor.py:208} INFO - Processing /home/airflow/.local/lib/python3.12/site-packages/airflow/example_dags/example_python_operator.py took 0.097 seconds
[2025-09-22T00:16:46.297+0000] {processor.py:186} INFO - Started process (PID=7288) to work on /home/airflow/.local/lib/python3.12/site-packages/airflow/example_dags/example_python_operator.py
[2025-09-22T00:16:46.298+0000] {processor.py:914} INFO - Processing file /home/airflow/.local/lib/python3.12/site-packages/airflow/example_dags/example_python_operator.py for tasks to queue
[2025-09-22T00:16:46.300+0000] {logging_mixin.py:190} INFO - [2025-09-22T00:16:46.300+0000] {dagbag.py:588} INFO - Filling up the DagBag from /home/airflow/.local/lib/python3.12/site-packages/airflow/example_dags/example_python_operator.py
[2025-09-22T00:16:46.313+0000] {processor.py:925} INFO - DAG(s) 'example_python_operator' retrieved from /home/airflow/.local/lib/python3.12/site-packages/airflow/example_dags/example_python_operator.py
[2025-09-22T00:16:46.337+0000] {logging_mixin.py:190} INFO - [2025-09-22T00:16:46.337+0000] {dag.py:3239} INFO - Sync 1 DAGs
[2025-09-22T00:16:46.356+0000] {logging_mixin.py:190} INFO - [2025-09-22T00:16:46.355+0000] {dag.py:4180} INFO - Setting next_dagrun for example_python_operator to None, run_after=None
[2025-09-22T00:16:46.401+0000] {processor.py:208} INFO - Processing /home/airflow/.local/lib/python3.12/site-packages/airflow/example_dags/example_python_operator.py took 0.112 seconds
[2025-09-22T00:17:16.740+0000] {processor.py:186} INFO - Started process (PID=7352) to work on /home/airflow/.local/lib/python3.12/site-packages/airflow/example_dags/example_python_operator.py
[2025-09-22T00:17:16.741+0000] {processor.py:914} INFO - Processing file /home/airflow/.local/lib/python3.12/site-packages/airflow/example_dags/example_python_operator.py for tasks to queue
[2025-09-22T00:17:16.744+0000] {logging_mixin.py:190} INFO - [2025-09-22T00:17:16.743+0000] {dagbag.py:588} INFO - Filling up the DagBag from /home/airflow/.local/lib/python3.12/site-packages/airflow/example_dags/example_python_operator.py
[2025-09-22T00:17:16.756+0000] {processor.py:925} INFO - DAG(s) 'example_python_operator' retrieved from /home/airflow/.local/lib/python3.12/site-packages/airflow/example_dags/example_python_operator.py
[2025-09-22T00:17:16.780+0000] {logging_mixin.py:190} INFO - [2025-09-22T00:17:16.780+0000] {dag.py:3239} INFO - Sync 1 DAGs
[2025-09-22T00:17:16.795+0000] {logging_mixin.py:190} INFO - [2025-09-22T00:17:16.795+0000] {dag.py:4180} INFO - Setting next_dagrun for example_python_operator to None, run_after=None
[2025-09-22T00:17:16.847+0000] {processor.py:208} INFO - Processing /home/airflow/.local/lib/python3.12/site-packages/airflow/example_dags/example_python_operator.py took 0.113 seconds
[2025-09-22T00:17:47.845+0000] {processor.py:186} INFO - Started process (PID=7416) to work on /home/airflow/.local/lib/python3.12/site-packages/airflow/example_dags/example_python_operator.py
[2025-09-22T00:17:47.846+0000] {processor.py:914} INFO - Processing file /home/airflow/.local/lib/python3.12/site-packages/airflow/example_dags/example_python_operator.py for tasks to queue
[2025-09-22T00:17:47.848+0000] {logging_mixin.py:190} INFO - [2025-09-22T00:17:47.848+0000] {dagbag.py:588} INFO - Filling up the DagBag from /home/airflow/.local/lib/python3.12/site-packages/airflow/example_dags/example_python_operator.py
[2025-09-22T00:17:47.858+0000] {processor.py:925} INFO - DAG(s) 'example_python_operator' retrieved from /home/airflow/.local/lib/python3.12/site-packages/airflow/example_dags/example_python_operator.py
[2025-09-22T00:17:47.879+0000] {logging_mixin.py:190} INFO - [2025-09-22T00:17:47.879+0000] {dag.py:3239} INFO - Sync 1 DAGs
[2025-09-22T00:17:47.892+0000] {logging_mixin.py:190} INFO - [2025-09-22T00:17:47.892+0000] {dag.py:4180} INFO - Setting next_dagrun for example_python_operator to None, run_after=None
[2025-09-22T00:17:47.940+0000] {processor.py:208} INFO - Processing /home/airflow/.local/lib/python3.12/site-packages/airflow/example_dags/example_python_operator.py took 0.100 seconds
[2025-09-22T00:18:18.063+0000] {processor.py:186} INFO - Started process (PID=7480) to work on /home/airflow/.local/lib/python3.12/site-packages/airflow/example_dags/example_python_operator.py
[2025-09-22T00:18:18.064+0000] {processor.py:914} INFO - Processing file /home/airflow/.local/lib/python3.12/site-packages/airflow/example_dags/example_python_operator.py for tasks to queue
[2025-09-22T00:18:18.066+0000] {logging_mixin.py:190} INFO - [2025-09-22T00:18:18.066+0000] {dagbag.py:588} INFO - Filling up the DagBag from /home/airflow/.local/lib/python3.12/site-packages/airflow/example_dags/example_python_operator.py
[2025-09-22T00:18:18.076+0000] {processor.py:925} INFO - DAG(s) 'example_python_operator' retrieved from /home/airflow/.local/lib/python3.12/site-packages/airflow/example_dags/example_python_operator.py
[2025-09-22T00:18:18.096+0000] {logging_mixin.py:190} INFO - [2025-09-22T00:18:18.096+0000] {dag.py:3239} INFO - Sync 1 DAGs
[2025-09-22T00:18:18.108+0000] {logging_mixin.py:190} INFO - [2025-09-22T00:18:18.108+0000] {dag.py:4180} INFO - Setting next_dagrun for example_python_operator to None, run_after=None
[2025-09-22T00:18:18.150+0000] {processor.py:208} INFO - Processing /home/airflow/.local/lib/python3.12/site-packages/airflow/example_dags/example_python_operator.py took 0.092 seconds
[2025-09-22T00:18:48.482+0000] {processor.py:186} INFO - Started process (PID=7544) to work on /home/airflow/.local/lib/python3.12/site-packages/airflow/example_dags/example_python_operator.py
[2025-09-22T00:18:48.483+0000] {processor.py:914} INFO - Processing file /home/airflow/.local/lib/python3.12/site-packages/airflow/example_dags/example_python_operator.py for tasks to queue
[2025-09-22T00:18:48.485+0000] {logging_mixin.py:190} INFO - [2025-09-22T00:18:48.485+0000] {dagbag.py:588} INFO - Filling up the DagBag from /home/airflow/.local/lib/python3.12/site-packages/airflow/example_dags/example_python_operator.py
[2025-09-22T00:18:48.497+0000] {processor.py:925} INFO - DAG(s) 'example_python_operator' retrieved from /home/airflow/.local/lib/python3.12/site-packages/airflow/example_dags/example_python_operator.py
[2025-09-22T00:18:48.518+0000] {logging_mixin.py:190} INFO - [2025-09-22T00:18:48.518+0000] {dag.py:3239} INFO - Sync 1 DAGs
[2025-09-22T00:18:48.532+0000] {logging_mixin.py:190} INFO - [2025-09-22T00:18:48.532+0000] {dag.py:4180} INFO - Setting next_dagrun for example_python_operator to None, run_after=None
[2025-09-22T00:18:48.578+0000] {processor.py:208} INFO - Processing /home/airflow/.local/lib/python3.12/site-packages/airflow/example_dags/example_python_operator.py took 0.102 seconds
[2025-09-22T00:19:19.498+0000] {processor.py:186} INFO - Started process (PID=7608) to work on /home/airflow/.local/lib/python3.12/site-packages/airflow/example_dags/example_python_operator.py
[2025-09-22T00:19:19.499+0000] {processor.py:914} INFO - Processing file /home/airflow/.local/lib/python3.12/site-packages/airflow/example_dags/example_python_operator.py for tasks to queue
[2025-09-22T00:19:19.501+0000] {logging_mixin.py:190} INFO - [2025-09-22T00:19:19.501+0000] {dagbag.py:588} INFO - Filling up the DagBag from /home/airflow/.local/lib/python3.12/site-packages/airflow/example_dags/example_python_operator.py
[2025-09-22T00:19:19.511+0000] {processor.py:925} INFO - DAG(s) 'example_python_operator' retrieved from /home/airflow/.local/lib/python3.12/site-packages/airflow/example_dags/example_python_operator.py
[2025-09-22T00:19:19.532+0000] {logging_mixin.py:190} INFO - [2025-09-22T00:19:19.532+0000] {dag.py:3239} INFO - Sync 1 DAGs
[2025-09-22T00:19:19.545+0000] {logging_mixin.py:190} INFO - [2025-09-22T00:19:19.545+0000] {dag.py:4180} INFO - Setting next_dagrun for example_python_operator to None, run_after=None
[2025-09-22T00:19:19.602+0000] {processor.py:208} INFO - Processing /home/airflow/.local/lib/python3.12/site-packages/airflow/example_dags/example_python_operator.py took 0.109 seconds
[2025-09-22T00:19:50.413+0000] {processor.py:186} INFO - Started process (PID=7672) to work on /home/airflow/.local/lib/python3.12/site-packages/airflow/example_dags/example_python_operator.py
[2025-09-22T00:19:50.414+0000] {processor.py:914} INFO - Processing file /home/airflow/.local/lib/python3.12/site-packages/airflow/example_dags/example_python_operator.py for tasks to queue
[2025-09-22T00:19:50.416+0000] {logging_mixin.py:190} INFO - [2025-09-22T00:19:50.416+0000] {dagbag.py:588} INFO - Filling up the DagBag from /home/airflow/.local/lib/python3.12/site-packages/airflow/example_dags/example_python_operator.py
[2025-09-22T00:19:50.427+0000] {processor.py:925} INFO - DAG(s) 'example_python_operator' retrieved from /home/airflow/.local/lib/python3.12/site-packages/airflow/example_dags/example_python_operator.py
[2025-09-22T00:19:50.451+0000] {logging_mixin.py:190} INFO - [2025-09-22T00:19:50.451+0000] {dag.py:3239} INFO - Sync 1 DAGs
[2025-09-22T00:19:50.464+0000] {logging_mixin.py:190} INFO - [2025-09-22T00:19:50.464+0000] {dag.py:4180} INFO - Setting next_dagrun for example_python_operator to None, run_after=None
[2025-09-22T00:19:50.909+0000] {processor.py:208} INFO - Processing /home/airflow/.local/lib/python3.12/site-packages/airflow/example_dags/example_python_operator.py took 0.501 seconds
[2025-09-22T00:20:21.708+0000] {processor.py:186} INFO - Started process (PID=7736) to work on /home/airflow/.local/lib/python3.12/site-packages/airflow/example_dags/example_python_operator.py
[2025-09-22T00:20:21.709+0000] {processor.py:914} INFO - Processing file /home/airflow/.local/lib/python3.12/site-packages/airflow/example_dags/example_python_operator.py for tasks to queue
[2025-09-22T00:20:21.711+0000] {logging_mixin.py:190} INFO - [2025-09-22T00:20:21.711+0000] {dagbag.py:588} INFO - Filling up the DagBag from /home/airflow/.local/lib/python3.12/site-packages/airflow/example_dags/example_python_operator.py
[2025-09-22T00:20:21.722+0000] {processor.py:925} INFO - DAG(s) 'example_python_operator' retrieved from /home/airflow/.local/lib/python3.12/site-packages/airflow/example_dags/example_python_operator.py
[2025-09-22T00:20:21.742+0000] {logging_mixin.py:190} INFO - [2025-09-22T00:20:21.741+0000] {dag.py:3239} INFO - Sync 1 DAGs
[2025-09-22T00:20:21.755+0000] {logging_mixin.py:190} INFO - [2025-09-22T00:20:21.755+0000] {dag.py:4180} INFO - Setting next_dagrun for example_python_operator to None, run_after=None
[2025-09-22T00:20:21.828+0000] {processor.py:208} INFO - Processing /home/airflow/.local/lib/python3.12/site-packages/airflow/example_dags/example_python_operator.py took 0.125 seconds
[2025-09-22T00:20:52.190+0000] {processor.py:186} INFO - Started process (PID=7800) to work on /home/airflow/.local/lib/python3.12/site-packages/airflow/example_dags/example_python_operator.py
[2025-09-22T00:20:52.191+0000] {processor.py:914} INFO - Processing file /home/airflow/.local/lib/python3.12/site-packages/airflow/example_dags/example_python_operator.py for tasks to queue
[2025-09-22T00:20:52.194+0000] {logging_mixin.py:190} INFO - [2025-09-22T00:20:52.194+0000] {dagbag.py:588} INFO - Filling up the DagBag from /home/airflow/.local/lib/python3.12/site-packages/airflow/example_dags/example_python_operator.py
[2025-09-22T00:20:52.204+0000] {processor.py:925} INFO - DAG(s) 'example_python_operator' retrieved from /home/airflow/.local/lib/python3.12/site-packages/airflow/example_dags/example_python_operator.py
[2025-09-22T00:20:52.225+0000] {logging_mixin.py:190} INFO - [2025-09-22T00:20:52.224+0000] {dag.py:3239} INFO - Sync 1 DAGs
[2025-09-22T00:20:52.238+0000] {logging_mixin.py:190} INFO - [2025-09-22T00:20:52.237+0000] {dag.py:4180} INFO - Setting next_dagrun for example_python_operator to None, run_after=None
[2025-09-22T00:20:52.300+0000] {processor.py:208} INFO - Processing /home/airflow/.local/lib/python3.12/site-packages/airflow/example_dags/example_python_operator.py took 0.115 seconds
[2025-09-22T00:21:22.545+0000] {processor.py:186} INFO - Started process (PID=7864) to work on /home/airflow/.local/lib/python3.12/site-packages/airflow/example_dags/example_python_operator.py
[2025-09-22T00:21:22.546+0000] {processor.py:914} INFO - Processing file /home/airflow/.local/lib/python3.12/site-packages/airflow/example_dags/example_python_operator.py for tasks to queue
[2025-09-22T00:21:22.548+0000] {logging_mixin.py:190} INFO - [2025-09-22T00:21:22.548+0000] {dagbag.py:588} INFO - Filling up the DagBag from /home/airflow/.local/lib/python3.12/site-packages/airflow/example_dags/example_python_operator.py
[2025-09-22T00:21:22.558+0000] {processor.py:925} INFO - DAG(s) 'example_python_operator' retrieved from /home/airflow/.local/lib/python3.12/site-packages/airflow/example_dags/example_python_operator.py
[2025-09-22T00:21:22.577+0000] {logging_mixin.py:190} INFO - [2025-09-22T00:21:22.577+0000] {dag.py:3239} INFO - Sync 1 DAGs
[2025-09-22T00:21:22.589+0000] {logging_mixin.py:190} INFO - [2025-09-22T00:21:22.589+0000] {dag.py:4180} INFO - Setting next_dagrun for example_python_operator to None, run_after=None
[2025-09-22T00:21:22.633+0000] {processor.py:208} INFO - Processing /home/airflow/.local/lib/python3.12/site-packages/airflow/example_dags/example_python_operator.py took 0.093 seconds
[2025-09-22T00:21:53.496+0000] {processor.py:186} INFO - Started process (PID=7928) to work on /home/airflow/.local/lib/python3.12/site-packages/airflow/example_dags/example_python_operator.py
[2025-09-22T00:21:53.497+0000] {processor.py:914} INFO - Processing file /home/airflow/.local/lib/python3.12/site-packages/airflow/example_dags/example_python_operator.py for tasks to queue
[2025-09-22T00:21:53.499+0000] {logging_mixin.py:190} INFO - [2025-09-22T00:21:53.498+0000] {dagbag.py:588} INFO - Filling up the DagBag from /home/airflow/.local/lib/python3.12/site-packages/airflow/example_dags/example_python_operator.py
[2025-09-22T00:21:53.509+0000] {processor.py:925} INFO - DAG(s) 'example_python_operator' retrieved from /home/airflow/.local/lib/python3.12/site-packages/airflow/example_dags/example_python_operator.py
[2025-09-22T00:21:53.529+0000] {logging_mixin.py:190} INFO - [2025-09-22T00:21:53.528+0000] {dag.py:3239} INFO - Sync 1 DAGs
[2025-09-22T00:21:53.541+0000] {logging_mixin.py:190} INFO - [2025-09-22T00:21:53.541+0000] {dag.py:4180} INFO - Setting next_dagrun for example_python_operator to None, run_after=None
[2025-09-22T00:21:53.598+0000] {processor.py:208} INFO - Processing /home/airflow/.local/lib/python3.12/site-packages/airflow/example_dags/example_python_operator.py took 0.107 seconds
[2025-09-22T00:22:23.809+0000] {processor.py:186} INFO - Started process (PID=7992) to work on /home/airflow/.local/lib/python3.12/site-packages/airflow/example_dags/example_python_operator.py
[2025-09-22T00:22:23.810+0000] {processor.py:914} INFO - Processing file /home/airflow/.local/lib/python3.12/site-packages/airflow/example_dags/example_python_operator.py for tasks to queue
[2025-09-22T00:22:23.812+0000] {logging_mixin.py:190} INFO - [2025-09-22T00:22:23.811+0000] {dagbag.py:588} INFO - Filling up the DagBag from /home/airflow/.local/lib/python3.12/site-packages/airflow/example_dags/example_python_operator.py
[2025-09-22T00:22:23.824+0000] {processor.py:925} INFO - DAG(s) 'example_python_operator' retrieved from /home/airflow/.local/lib/python3.12/site-packages/airflow/example_dags/example_python_operator.py
[2025-09-22T00:22:23.845+0000] {logging_mixin.py:190} INFO - [2025-09-22T00:22:23.845+0000] {dag.py:3239} INFO - Sync 1 DAGs
[2025-09-22T00:22:23.857+0000] {logging_mixin.py:190} INFO - [2025-09-22T00:22:23.857+0000] {dag.py:4180} INFO - Setting next_dagrun for example_python_operator to None, run_after=None
[2025-09-22T00:22:23.919+0000] {processor.py:208} INFO - Processing /home/airflow/.local/lib/python3.12/site-packages/airflow/example_dags/example_python_operator.py took 0.115 seconds
[2025-09-22T00:22:54.511+0000] {processor.py:186} INFO - Started process (PID=8056) to work on /home/airflow/.local/lib/python3.12/site-packages/airflow/example_dags/example_python_operator.py
[2025-09-22T00:22:54.512+0000] {processor.py:914} INFO - Processing file /home/airflow/.local/lib/python3.12/site-packages/airflow/example_dags/example_python_operator.py for tasks to queue
[2025-09-22T00:22:54.514+0000] {logging_mixin.py:190} INFO - [2025-09-22T00:22:54.514+0000] {dagbag.py:588} INFO - Filling up the DagBag from /home/airflow/.local/lib/python3.12/site-packages/airflow/example_dags/example_python_operator.py
[2025-09-22T00:22:54.524+0000] {processor.py:925} INFO - DAG(s) 'example_python_operator' retrieved from /home/airflow/.local/lib/python3.12/site-packages/airflow/example_dags/example_python_operator.py
[2025-09-22T00:22:54.544+0000] {logging_mixin.py:190} INFO - [2025-09-22T00:22:54.544+0000] {dag.py:3239} INFO - Sync 1 DAGs
[2025-09-22T00:22:54.557+0000] {logging_mixin.py:190} INFO - [2025-09-22T00:22:54.557+0000] {dag.py:4180} INFO - Setting next_dagrun for example_python_operator to None, run_after=None
[2025-09-22T00:22:54.592+0000] {processor.py:208} INFO - Processing /home/airflow/.local/lib/python3.12/site-packages/airflow/example_dags/example_python_operator.py took 0.086 seconds
[2025-09-22T00:23:25.237+0000] {processor.py:186} INFO - Started process (PID=8120) to work on /home/airflow/.local/lib/python3.12/site-packages/airflow/example_dags/example_python_operator.py
[2025-09-22T00:23:25.238+0000] {processor.py:914} INFO - Processing file /home/airflow/.local/lib/python3.12/site-packages/airflow/example_dags/example_python_operator.py for tasks to queue
[2025-09-22T00:23:25.240+0000] {logging_mixin.py:190} INFO - [2025-09-22T00:23:25.240+0000] {dagbag.py:588} INFO - Filling up the DagBag from /home/airflow/.local/lib/python3.12/site-packages/airflow/example_dags/example_python_operator.py
[2025-09-22T00:23:25.250+0000] {processor.py:925} INFO - DAG(s) 'example_python_operator' retrieved from /home/airflow/.local/lib/python3.12/site-packages/airflow/example_dags/example_python_operator.py
[2025-09-22T00:23:25.270+0000] {logging_mixin.py:190} INFO - [2025-09-22T00:23:25.270+0000] {dag.py:3239} INFO - Sync 1 DAGs
[2025-09-22T00:23:25.283+0000] {logging_mixin.py:190} INFO - [2025-09-22T00:23:25.282+0000] {dag.py:4180} INFO - Setting next_dagrun for example_python_operator to None, run_after=None
[2025-09-22T00:23:25.341+0000] {processor.py:208} INFO - Processing /home/airflow/.local/lib/python3.12/site-packages/airflow/example_dags/example_python_operator.py took 0.109 seconds
[2025-09-22T00:23:56.192+0000] {processor.py:186} INFO - Started process (PID=8184) to work on /home/airflow/.local/lib/python3.12/site-packages/airflow/example_dags/example_python_operator.py
[2025-09-22T00:23:56.193+0000] {processor.py:914} INFO - Processing file /home/airflow/.local/lib/python3.12/site-packages/airflow/example_dags/example_python_operator.py for tasks to queue
[2025-09-22T00:23:56.195+0000] {logging_mixin.py:190} INFO - [2025-09-22T00:23:56.195+0000] {dagbag.py:588} INFO - Filling up the DagBag from /home/airflow/.local/lib/python3.12/site-packages/airflow/example_dags/example_python_operator.py
[2025-09-22T00:23:56.205+0000] {processor.py:925} INFO - DAG(s) 'example_python_operator' retrieved from /home/airflow/.local/lib/python3.12/site-packages/airflow/example_dags/example_python_operator.py
[2025-09-22T00:23:56.228+0000] {logging_mixin.py:190} INFO - [2025-09-22T00:23:56.228+0000] {dag.py:3239} INFO - Sync 1 DAGs
[2025-09-22T00:23:56.240+0000] {logging_mixin.py:190} INFO - [2025-09-22T00:23:56.240+0000] {dag.py:4180} INFO - Setting next_dagrun for example_python_operator to None, run_after=None
[2025-09-22T00:23:56.281+0000] {processor.py:208} INFO - Processing /home/airflow/.local/lib/python3.12/site-packages/airflow/example_dags/example_python_operator.py took 0.094 seconds
[2025-09-22T00:24:26.427+0000] {processor.py:186} INFO - Started process (PID=8248) to work on /home/airflow/.local/lib/python3.12/site-packages/airflow/example_dags/example_python_operator.py
[2025-09-22T00:24:26.430+0000] {processor.py:914} INFO - Processing file /home/airflow/.local/lib/python3.12/site-packages/airflow/example_dags/example_python_operator.py for tasks to queue
[2025-09-22T00:24:26.432+0000] {logging_mixin.py:190} INFO - [2025-09-22T00:24:26.431+0000] {dagbag.py:588} INFO - Filling up the DagBag from /home/airflow/.local/lib/python3.12/site-packages/airflow/example_dags/example_python_operator.py
[2025-09-22T00:24:26.442+0000] {processor.py:925} INFO - DAG(s) 'example_python_operator' retrieved from /home/airflow/.local/lib/python3.12/site-packages/airflow/example_dags/example_python_operator.py
[2025-09-22T00:24:26.462+0000] {logging_mixin.py:190} INFO - [2025-09-22T00:24:26.461+0000] {dag.py:3239} INFO - Sync 1 DAGs
[2025-09-22T00:24:26.474+0000] {logging_mixin.py:190} INFO - [2025-09-22T00:24:26.474+0000] {dag.py:4180} INFO - Setting next_dagrun for example_python_operator to None, run_after=None
[2025-09-22T00:24:26.515+0000] {processor.py:208} INFO - Processing /home/airflow/.local/lib/python3.12/site-packages/airflow/example_dags/example_python_operator.py took 0.093 seconds
[2025-09-22T00:24:57.113+0000] {processor.py:186} INFO - Started process (PID=8312) to work on /home/airflow/.local/lib/python3.12/site-packages/airflow/example_dags/example_python_operator.py
[2025-09-22T00:24:57.114+0000] {processor.py:914} INFO - Processing file /home/airflow/.local/lib/python3.12/site-packages/airflow/example_dags/example_python_operator.py for tasks to queue
[2025-09-22T00:24:57.116+0000] {logging_mixin.py:190} INFO - [2025-09-22T00:24:57.116+0000] {dagbag.py:588} INFO - Filling up the DagBag from /home/airflow/.local/lib/python3.12/site-packages/airflow/example_dags/example_python_operator.py
[2025-09-22T00:24:57.126+0000] {processor.py:925} INFO - DAG(s) 'example_python_operator' retrieved from /home/airflow/.local/lib/python3.12/site-packages/airflow/example_dags/example_python_operator.py
[2025-09-22T00:24:57.146+0000] {logging_mixin.py:190} INFO - [2025-09-22T00:24:57.146+0000] {dag.py:3239} INFO - Sync 1 DAGs
[2025-09-22T00:24:57.158+0000] {logging_mixin.py:190} INFO - [2025-09-22T00:24:57.158+0000] {dag.py:4180} INFO - Setting next_dagrun for example_python_operator to None, run_after=None
[2025-09-22T00:24:57.194+0000] {processor.py:208} INFO - Processing /home/airflow/.local/lib/python3.12/site-packages/airflow/example_dags/example_python_operator.py took 0.086 seconds
[2025-09-22T00:25:27.376+0000] {processor.py:186} INFO - Started process (PID=8376) to work on /home/airflow/.local/lib/python3.12/site-packages/airflow/example_dags/example_python_operator.py
[2025-09-22T00:25:27.377+0000] {processor.py:914} INFO - Processing file /home/airflow/.local/lib/python3.12/site-packages/airflow/example_dags/example_python_operator.py for tasks to queue
[2025-09-22T00:25:27.380+0000] {logging_mixin.py:190} INFO - [2025-09-22T00:25:27.379+0000] {dagbag.py:588} INFO - Filling up the DagBag from /home/airflow/.local/lib/python3.12/site-packages/airflow/example_dags/example_python_operator.py
[2025-09-22T00:25:27.390+0000] {processor.py:925} INFO - DAG(s) 'example_python_operator' retrieved from /home/airflow/.local/lib/python3.12/site-packages/airflow/example_dags/example_python_operator.py
[2025-09-22T00:25:27.410+0000] {logging_mixin.py:190} INFO - [2025-09-22T00:25:27.410+0000] {dag.py:3239} INFO - Sync 1 DAGs
[2025-09-22T00:25:27.422+0000] {logging_mixin.py:190} INFO - [2025-09-22T00:25:27.422+0000] {dag.py:4180} INFO - Setting next_dagrun for example_python_operator to None, run_after=None
[2025-09-22T00:25:27.462+0000] {processor.py:208} INFO - Processing /home/airflow/.local/lib/python3.12/site-packages/airflow/example_dags/example_python_operator.py took 0.091 seconds
[2025-09-22T00:25:58.275+0000] {processor.py:186} INFO - Started process (PID=8440) to work on /home/airflow/.local/lib/python3.12/site-packages/airflow/example_dags/example_python_operator.py
[2025-09-22T00:25:58.276+0000] {processor.py:914} INFO - Processing file /home/airflow/.local/lib/python3.12/site-packages/airflow/example_dags/example_python_operator.py for tasks to queue
[2025-09-22T00:25:58.278+0000] {logging_mixin.py:190} INFO - [2025-09-22T00:25:58.277+0000] {dagbag.py:588} INFO - Filling up the DagBag from /home/airflow/.local/lib/python3.12/site-packages/airflow/example_dags/example_python_operator.py
[2025-09-22T00:25:58.288+0000] {processor.py:925} INFO - DAG(s) 'example_python_operator' retrieved from /home/airflow/.local/lib/python3.12/site-packages/airflow/example_dags/example_python_operator.py
[2025-09-22T00:25:58.308+0000] {logging_mixin.py:190} INFO - [2025-09-22T00:25:58.308+0000] {dag.py:3239} INFO - Sync 1 DAGs
[2025-09-22T00:25:58.321+0000] {logging_mixin.py:190} INFO - [2025-09-22T00:25:58.321+0000] {dag.py:4180} INFO - Setting next_dagrun for example_python_operator to None, run_after=None
[2025-09-22T00:25:58.380+0000] {processor.py:208} INFO - Processing /home/airflow/.local/lib/python3.12/site-packages/airflow/example_dags/example_python_operator.py took 0.110 seconds
[2025-09-22T00:26:29.054+0000] {processor.py:186} INFO - Started process (PID=8502) to work on /home/airflow/.local/lib/python3.12/site-packages/airflow/example_dags/example_python_operator.py
[2025-09-22T00:26:29.055+0000] {processor.py:914} INFO - Processing file /home/airflow/.local/lib/python3.12/site-packages/airflow/example_dags/example_python_operator.py for tasks to queue
[2025-09-22T00:26:29.057+0000] {logging_mixin.py:190} INFO - [2025-09-22T00:26:29.056+0000] {dagbag.py:588} INFO - Filling up the DagBag from /home/airflow/.local/lib/python3.12/site-packages/airflow/example_dags/example_python_operator.py
[2025-09-22T00:26:29.068+0000] {processor.py:925} INFO - DAG(s) 'example_python_operator' retrieved from /home/airflow/.local/lib/python3.12/site-packages/airflow/example_dags/example_python_operator.py
[2025-09-22T00:26:29.090+0000] {logging_mixin.py:190} INFO - [2025-09-22T00:26:29.090+0000] {dag.py:3239} INFO - Sync 1 DAGs
[2025-09-22T00:26:29.103+0000] {logging_mixin.py:190} INFO - [2025-09-22T00:26:29.103+0000] {dag.py:4180} INFO - Setting next_dagrun for example_python_operator to None, run_after=None
[2025-09-22T00:26:29.150+0000] {processor.py:208} INFO - Processing /home/airflow/.local/lib/python3.12/site-packages/airflow/example_dags/example_python_operator.py took 0.101 seconds
[2025-09-22T00:27:02.048+0000] {processor.py:186} INFO - Started process (PID=8561) to work on /home/airflow/.local/lib/python3.12/site-packages/airflow/example_dags/example_python_operator.py
[2025-09-22T00:27:02.050+0000] {processor.py:914} INFO - Processing file /home/airflow/.local/lib/python3.12/site-packages/airflow/example_dags/example_python_operator.py for tasks to queue
[2025-09-22T00:27:02.053+0000] {logging_mixin.py:190} INFO - [2025-09-22T00:27:02.052+0000] {dagbag.py:588} INFO - Filling up the DagBag from /home/airflow/.local/lib/python3.12/site-packages/airflow/example_dags/example_python_operator.py
[2025-09-22T00:27:02.065+0000] {processor.py:925} INFO - DAG(s) 'example_python_operator' retrieved from /home/airflow/.local/lib/python3.12/site-packages/airflow/example_dags/example_python_operator.py
[2025-09-22T00:27:02.087+0000] {logging_mixin.py:190} INFO - [2025-09-22T00:27:02.087+0000] {dag.py:3239} INFO - Sync 1 DAGs
[2025-09-22T00:27:02.103+0000] {logging_mixin.py:190} INFO - [2025-09-22T00:27:02.103+0000] {dag.py:4180} INFO - Setting next_dagrun for example_python_operator to None, run_after=None
[2025-09-22T00:27:02.140+0000] {processor.py:208} INFO - Processing /home/airflow/.local/lib/python3.12/site-packages/airflow/example_dags/example_python_operator.py took 0.097 seconds
[2025-09-22T00:27:33.400+0000] {processor.py:186} INFO - Started process (PID=8625) to work on /home/airflow/.local/lib/python3.12/site-packages/airflow/example_dags/example_python_operator.py
[2025-09-22T00:27:33.401+0000] {processor.py:914} INFO - Processing file /home/airflow/.local/lib/python3.12/site-packages/airflow/example_dags/example_python_operator.py for tasks to queue
[2025-09-22T00:27:33.403+0000] {logging_mixin.py:190} INFO - [2025-09-22T00:27:33.403+0000] {dagbag.py:588} INFO - Filling up the DagBag from /home/airflow/.local/lib/python3.12/site-packages/airflow/example_dags/example_python_operator.py
[2025-09-22T00:27:33.418+0000] {processor.py:925} INFO - DAG(s) 'example_python_operator' retrieved from /home/airflow/.local/lib/python3.12/site-packages/airflow/example_dags/example_python_operator.py
[2025-09-22T00:27:33.443+0000] {logging_mixin.py:190} INFO - [2025-09-22T00:27:33.443+0000] {dag.py:3239} INFO - Sync 1 DAGs
[2025-09-22T00:27:33.460+0000] {logging_mixin.py:190} INFO - [2025-09-22T00:27:33.460+0000] {dag.py:4180} INFO - Setting next_dagrun for example_python_operator to None, run_after=None
[2025-09-22T00:27:33.501+0000] {processor.py:208} INFO - Processing /home/airflow/.local/lib/python3.12/site-packages/airflow/example_dags/example_python_operator.py took 0.107 seconds
[2025-09-22T00:28:03.817+0000] {processor.py:186} INFO - Started process (PID=8689) to work on /home/airflow/.local/lib/python3.12/site-packages/airflow/example_dags/example_python_operator.py
[2025-09-22T00:28:03.818+0000] {processor.py:914} INFO - Processing file /home/airflow/.local/lib/python3.12/site-packages/airflow/example_dags/example_python_operator.py for tasks to queue
[2025-09-22T00:28:03.820+0000] {logging_mixin.py:190} INFO - [2025-09-22T00:28:03.820+0000] {dagbag.py:588} INFO - Filling up the DagBag from /home/airflow/.local/lib/python3.12/site-packages/airflow/example_dags/example_python_operator.py
[2025-09-22T00:28:03.831+0000] {processor.py:925} INFO - DAG(s) 'example_python_operator' retrieved from /home/airflow/.local/lib/python3.12/site-packages/airflow/example_dags/example_python_operator.py
[2025-09-22T00:28:03.850+0000] {logging_mixin.py:190} INFO - [2025-09-22T00:28:03.850+0000] {dag.py:3239} INFO - Sync 1 DAGs
[2025-09-22T00:28:03.862+0000] {logging_mixin.py:190} INFO - [2025-09-22T00:28:03.862+0000] {dag.py:4180} INFO - Setting next_dagrun for example_python_operator to None, run_after=None
[2025-09-22T00:28:03.899+0000] {processor.py:208} INFO - Processing /home/airflow/.local/lib/python3.12/site-packages/airflow/example_dags/example_python_operator.py took 0.088 seconds
[2025-09-22T00:28:34.206+0000] {processor.py:186} INFO - Started process (PID=8759) to work on /home/airflow/.local/lib/python3.12/site-packages/airflow/example_dags/example_python_operator.py
[2025-09-22T00:28:34.207+0000] {processor.py:914} INFO - Processing file /home/airflow/.local/lib/python3.12/site-packages/airflow/example_dags/example_python_operator.py for tasks to queue
[2025-09-22T00:28:34.209+0000] {logging_mixin.py:190} INFO - [2025-09-22T00:28:34.208+0000] {dagbag.py:588} INFO - Filling up the DagBag from /home/airflow/.local/lib/python3.12/site-packages/airflow/example_dags/example_python_operator.py
[2025-09-22T00:28:34.219+0000] {processor.py:925} INFO - DAG(s) 'example_python_operator' retrieved from /home/airflow/.local/lib/python3.12/site-packages/airflow/example_dags/example_python_operator.py
[2025-09-22T00:28:34.239+0000] {logging_mixin.py:190} INFO - [2025-09-22T00:28:34.239+0000] {dag.py:3239} INFO - Sync 1 DAGs
[2025-09-22T00:28:34.252+0000] {logging_mixin.py:190} INFO - [2025-09-22T00:28:34.252+0000] {dag.py:4180} INFO - Setting next_dagrun for example_python_operator to None, run_after=None
[2025-09-22T00:28:34.296+0000] {processor.py:208} INFO - Processing /home/airflow/.local/lib/python3.12/site-packages/airflow/example_dags/example_python_operator.py took 0.095 seconds
[2025-09-22T00:29:04.466+0000] {processor.py:186} INFO - Started process (PID=8823) to work on /home/airflow/.local/lib/python3.12/site-packages/airflow/example_dags/example_python_operator.py
[2025-09-22T00:29:04.466+0000] {processor.py:914} INFO - Processing file /home/airflow/.local/lib/python3.12/site-packages/airflow/example_dags/example_python_operator.py for tasks to queue
[2025-09-22T00:29:04.468+0000] {logging_mixin.py:190} INFO - [2025-09-22T00:29:04.468+0000] {dagbag.py:588} INFO - Filling up the DagBag from /home/airflow/.local/lib/python3.12/site-packages/airflow/example_dags/example_python_operator.py
[2025-09-22T00:29:04.478+0000] {processor.py:925} INFO - DAG(s) 'example_python_operator' retrieved from /home/airflow/.local/lib/python3.12/site-packages/airflow/example_dags/example_python_operator.py
[2025-09-22T00:29:04.498+0000] {logging_mixin.py:190} INFO - [2025-09-22T00:29:04.498+0000] {dag.py:3239} INFO - Sync 1 DAGs
[2025-09-22T00:29:04.511+0000] {logging_mixin.py:190} INFO - [2025-09-22T00:29:04.510+0000] {dag.py:4180} INFO - Setting next_dagrun for example_python_operator to None, run_after=None
[2025-09-22T00:29:04.549+0000] {processor.py:208} INFO - Processing /home/airflow/.local/lib/python3.12/site-packages/airflow/example_dags/example_python_operator.py took 0.088 seconds
[2025-09-22T00:29:34.685+0000] {processor.py:186} INFO - Started process (PID=8887) to work on /home/airflow/.local/lib/python3.12/site-packages/airflow/example_dags/example_python_operator.py
[2025-09-22T00:29:34.686+0000] {processor.py:914} INFO - Processing file /home/airflow/.local/lib/python3.12/site-packages/airflow/example_dags/example_python_operator.py for tasks to queue
[2025-09-22T00:29:34.688+0000] {logging_mixin.py:190} INFO - [2025-09-22T00:29:34.688+0000] {dagbag.py:588} INFO - Filling up the DagBag from /home/airflow/.local/lib/python3.12/site-packages/airflow/example_dags/example_python_operator.py
[2025-09-22T00:29:34.699+0000] {processor.py:925} INFO - DAG(s) 'example_python_operator' retrieved from /home/airflow/.local/lib/python3.12/site-packages/airflow/example_dags/example_python_operator.py
[2025-09-22T00:29:34.720+0000] {logging_mixin.py:190} INFO - [2025-09-22T00:29:34.720+0000] {dag.py:3239} INFO - Sync 1 DAGs
[2025-09-22T00:29:34.733+0000] {logging_mixin.py:190} INFO - [2025-09-22T00:29:34.733+0000] {dag.py:4180} INFO - Setting next_dagrun for example_python_operator to None, run_after=None
[2025-09-22T00:29:34.774+0000] {processor.py:208} INFO - Processing /home/airflow/.local/lib/python3.12/site-packages/airflow/example_dags/example_python_operator.py took 0.094 seconds
[2025-09-22T00:30:05.331+0000] {processor.py:186} INFO - Started process (PID=8950) to work on /home/airflow/.local/lib/python3.12/site-packages/airflow/example_dags/example_python_operator.py
[2025-09-22T00:30:05.332+0000] {processor.py:914} INFO - Processing file /home/airflow/.local/lib/python3.12/site-packages/airflow/example_dags/example_python_operator.py for tasks to queue
[2025-09-22T00:30:05.334+0000] {logging_mixin.py:190} INFO - [2025-09-22T00:30:05.334+0000] {dagbag.py:588} INFO - Filling up the DagBag from /home/airflow/.local/lib/python3.12/site-packages/airflow/example_dags/example_python_operator.py
[2025-09-22T00:30:05.345+0000] {processor.py:925} INFO - DAG(s) 'example_python_operator' retrieved from /home/airflow/.local/lib/python3.12/site-packages/airflow/example_dags/example_python_operator.py
[2025-09-22T00:30:05.366+0000] {logging_mixin.py:190} INFO - [2025-09-22T00:30:05.366+0000] {dag.py:3239} INFO - Sync 1 DAGs
[2025-09-22T00:30:05.378+0000] {logging_mixin.py:190} INFO - [2025-09-22T00:30:05.378+0000] {dag.py:4180} INFO - Setting next_dagrun for example_python_operator to None, run_after=None
[2025-09-22T00:30:05.419+0000] {processor.py:208} INFO - Processing /home/airflow/.local/lib/python3.12/site-packages/airflow/example_dags/example_python_operator.py took 0.093 seconds
[2025-09-22T00:30:35.703+0000] {processor.py:186} INFO - Started process (PID=9013) to work on /home/airflow/.local/lib/python3.12/site-packages/airflow/example_dags/example_python_operator.py
[2025-09-22T00:30:35.704+0000] {processor.py:914} INFO - Processing file /home/airflow/.local/lib/python3.12/site-packages/airflow/example_dags/example_python_operator.py for tasks to queue
[2025-09-22T00:30:35.706+0000] {logging_mixin.py:190} INFO - [2025-09-22T00:30:35.706+0000] {dagbag.py:588} INFO - Filling up the DagBag from /home/airflow/.local/lib/python3.12/site-packages/airflow/example_dags/example_python_operator.py
[2025-09-22T00:30:35.716+0000] {processor.py:925} INFO - DAG(s) 'example_python_operator' retrieved from /home/airflow/.local/lib/python3.12/site-packages/airflow/example_dags/example_python_operator.py
[2025-09-22T00:30:35.736+0000] {logging_mixin.py:190} INFO - [2025-09-22T00:30:35.735+0000] {dag.py:3239} INFO - Sync 1 DAGs
[2025-09-22T00:30:35.748+0000] {logging_mixin.py:190} INFO - [2025-09-22T00:30:35.747+0000] {dag.py:4180} INFO - Setting next_dagrun for example_python_operator to None, run_after=None
[2025-09-22T00:30:35.792+0000] {processor.py:208} INFO - Processing /home/airflow/.local/lib/python3.12/site-packages/airflow/example_dags/example_python_operator.py took 0.093 seconds
[2025-09-22T00:31:05.886+0000] {processor.py:186} INFO - Started process (PID=9077) to work on /home/airflow/.local/lib/python3.12/site-packages/airflow/example_dags/example_python_operator.py
[2025-09-22T00:31:05.887+0000] {processor.py:914} INFO - Processing file /home/airflow/.local/lib/python3.12/site-packages/airflow/example_dags/example_python_operator.py for tasks to queue
[2025-09-22T00:31:05.889+0000] {logging_mixin.py:190} INFO - [2025-09-22T00:31:05.888+0000] {dagbag.py:588} INFO - Filling up the DagBag from /home/airflow/.local/lib/python3.12/site-packages/airflow/example_dags/example_python_operator.py
[2025-09-22T00:31:05.899+0000] {processor.py:925} INFO - DAG(s) 'example_python_operator' retrieved from /home/airflow/.local/lib/python3.12/site-packages/airflow/example_dags/example_python_operator.py
[2025-09-22T00:31:05.918+0000] {logging_mixin.py:190} INFO - [2025-09-22T00:31:05.918+0000] {dag.py:3239} INFO - Sync 1 DAGs
[2025-09-22T00:31:05.933+0000] {logging_mixin.py:190} INFO - [2025-09-22T00:31:05.932+0000] {dag.py:4180} INFO - Setting next_dagrun for example_python_operator to None, run_after=None
[2025-09-22T00:31:05.989+0000] {processor.py:208} INFO - Processing /home/airflow/.local/lib/python3.12/site-packages/airflow/example_dags/example_python_operator.py took 0.108 seconds
[2025-09-22T00:31:36.275+0000] {processor.py:186} INFO - Started process (PID=9141) to work on /home/airflow/.local/lib/python3.12/site-packages/airflow/example_dags/example_python_operator.py
[2025-09-22T00:31:36.276+0000] {processor.py:914} INFO - Processing file /home/airflow/.local/lib/python3.12/site-packages/airflow/example_dags/example_python_operator.py for tasks to queue
[2025-09-22T00:31:36.279+0000] {logging_mixin.py:190} INFO - [2025-09-22T00:31:36.279+0000] {dagbag.py:588} INFO - Filling up the DagBag from /home/airflow/.local/lib/python3.12/site-packages/airflow/example_dags/example_python_operator.py
[2025-09-22T00:31:36.295+0000] {processor.py:925} INFO - DAG(s) 'example_python_operator' retrieved from /home/airflow/.local/lib/python3.12/site-packages/airflow/example_dags/example_python_operator.py
[2025-09-22T00:31:36.324+0000] {logging_mixin.py:190} INFO - [2025-09-22T00:31:36.323+0000] {dag.py:3239} INFO - Sync 1 DAGs
[2025-09-22T00:31:36.347+0000] {logging_mixin.py:190} INFO - [2025-09-22T00:31:36.347+0000] {dag.py:4180} INFO - Setting next_dagrun for example_python_operator to None, run_after=None
[2025-09-22T00:31:36.392+0000] {processor.py:208} INFO - Processing /home/airflow/.local/lib/python3.12/site-packages/airflow/example_dags/example_python_operator.py took 0.127 seconds
[2025-09-22T00:32:08.941+0000] {processor.py:186} INFO - Started process (PID=9201) to work on /home/airflow/.local/lib/python3.12/site-packages/airflow/example_dags/example_python_operator.py
[2025-09-22T00:32:08.942+0000] {processor.py:914} INFO - Processing file /home/airflow/.local/lib/python3.12/site-packages/airflow/example_dags/example_python_operator.py for tasks to queue
[2025-09-22T00:32:08.944+0000] {logging_mixin.py:190} INFO - [2025-09-22T00:32:08.944+0000] {dagbag.py:588} INFO - Filling up the DagBag from /home/airflow/.local/lib/python3.12/site-packages/airflow/example_dags/example_python_operator.py
[2025-09-22T00:32:08.962+0000] {processor.py:925} INFO - DAG(s) 'example_python_operator' retrieved from /home/airflow/.local/lib/python3.12/site-packages/airflow/example_dags/example_python_operator.py
[2025-09-22T00:32:08.985+0000] {logging_mixin.py:190} INFO - [2025-09-22T00:32:08.984+0000] {dag.py:3239} INFO - Sync 1 DAGs
[2025-09-22T00:32:08.999+0000] {logging_mixin.py:190} INFO - [2025-09-22T00:32:08.998+0000] {dag.py:4180} INFO - Setting next_dagrun for example_python_operator to None, run_after=None
[2025-09-22T00:32:09.042+0000] {processor.py:208} INFO - Processing /home/airflow/.local/lib/python3.12/site-packages/airflow/example_dags/example_python_operator.py took 0.106 seconds
[2025-09-22T00:32:39.824+0000] {processor.py:186} INFO - Started process (PID=9263) to work on /home/airflow/.local/lib/python3.12/site-packages/airflow/example_dags/example_python_operator.py
[2025-09-22T00:32:39.825+0000] {processor.py:914} INFO - Processing file /home/airflow/.local/lib/python3.12/site-packages/airflow/example_dags/example_python_operator.py for tasks to queue
[2025-09-22T00:32:39.827+0000] {logging_mixin.py:190} INFO - [2025-09-22T00:32:39.827+0000] {dagbag.py:588} INFO - Filling up the DagBag from /home/airflow/.local/lib/python3.12/site-packages/airflow/example_dags/example_python_operator.py
[2025-09-22T00:32:39.838+0000] {processor.py:925} INFO - DAG(s) 'example_python_operator' retrieved from /home/airflow/.local/lib/python3.12/site-packages/airflow/example_dags/example_python_operator.py
[2025-09-22T00:32:39.860+0000] {logging_mixin.py:190} INFO - [2025-09-22T00:32:39.859+0000] {dag.py:3239} INFO - Sync 1 DAGs
[2025-09-22T00:32:39.872+0000] {logging_mixin.py:190} INFO - [2025-09-22T00:32:39.872+0000] {dag.py:4180} INFO - Setting next_dagrun for example_python_operator to None, run_after=None
[2025-09-22T00:32:39.914+0000] {processor.py:208} INFO - Processing /home/airflow/.local/lib/python3.12/site-packages/airflow/example_dags/example_python_operator.py took 0.095 seconds
[2025-09-22T00:33:10.930+0000] {processor.py:186} INFO - Started process (PID=9327) to work on /home/airflow/.local/lib/python3.12/site-packages/airflow/example_dags/example_python_operator.py
[2025-09-22T00:33:10.931+0000] {processor.py:914} INFO - Processing file /home/airflow/.local/lib/python3.12/site-packages/airflow/example_dags/example_python_operator.py for tasks to queue
[2025-09-22T00:33:10.933+0000] {logging_mixin.py:190} INFO - [2025-09-22T00:33:10.933+0000] {dagbag.py:588} INFO - Filling up the DagBag from /home/airflow/.local/lib/python3.12/site-packages/airflow/example_dags/example_python_operator.py
[2025-09-22T00:33:10.946+0000] {processor.py:925} INFO - DAG(s) 'example_python_operator' retrieved from /home/airflow/.local/lib/python3.12/site-packages/airflow/example_dags/example_python_operator.py
[2025-09-22T00:33:10.968+0000] {logging_mixin.py:190} INFO - [2025-09-22T00:33:10.967+0000] {dag.py:3239} INFO - Sync 1 DAGs
[2025-09-22T00:33:10.982+0000] {logging_mixin.py:190} INFO - [2025-09-22T00:33:10.982+0000] {dag.py:4180} INFO - Setting next_dagrun for example_python_operator to None, run_after=None
[2025-09-22T00:33:11.022+0000] {processor.py:208} INFO - Processing /home/airflow/.local/lib/python3.12/site-packages/airflow/example_dags/example_python_operator.py took 0.099 seconds
[2025-09-22T00:33:42.123+0000] {processor.py:186} INFO - Started process (PID=9391) to work on /home/airflow/.local/lib/python3.12/site-packages/airflow/example_dags/example_python_operator.py
[2025-09-22T00:33:42.124+0000] {processor.py:914} INFO - Processing file /home/airflow/.local/lib/python3.12/site-packages/airflow/example_dags/example_python_operator.py for tasks to queue
[2025-09-22T00:33:42.127+0000] {logging_mixin.py:190} INFO - [2025-09-22T00:33:42.126+0000] {dagbag.py:588} INFO - Filling up the DagBag from /home/airflow/.local/lib/python3.12/site-packages/airflow/example_dags/example_python_operator.py
[2025-09-22T00:33:42.138+0000] {processor.py:925} INFO - DAG(s) 'example_python_operator' retrieved from /home/airflow/.local/lib/python3.12/site-packages/airflow/example_dags/example_python_operator.py
[2025-09-22T00:33:42.159+0000] {logging_mixin.py:190} INFO - [2025-09-22T00:33:42.159+0000] {dag.py:3239} INFO - Sync 1 DAGs
[2025-09-22T00:33:42.172+0000] {logging_mixin.py:190} INFO - [2025-09-22T00:33:42.172+0000] {dag.py:4180} INFO - Setting next_dagrun for example_python_operator to None, run_after=None
[2025-09-22T00:33:42.220+0000] {processor.py:208} INFO - Processing /home/airflow/.local/lib/python3.12/site-packages/airflow/example_dags/example_python_operator.py took 0.102 seconds
[2025-09-22T00:34:13.029+0000] {processor.py:186} INFO - Started process (PID=9454) to work on /home/airflow/.local/lib/python3.12/site-packages/airflow/example_dags/example_python_operator.py
[2025-09-22T00:34:13.030+0000] {processor.py:914} INFO - Processing file /home/airflow/.local/lib/python3.12/site-packages/airflow/example_dags/example_python_operator.py for tasks to queue
[2025-09-22T00:34:13.032+0000] {logging_mixin.py:190} INFO - [2025-09-22T00:34:13.032+0000] {dagbag.py:588} INFO - Filling up the DagBag from /home/airflow/.local/lib/python3.12/site-packages/airflow/example_dags/example_python_operator.py
[2025-09-22T00:34:13.044+0000] {processor.py:925} INFO - DAG(s) 'example_python_operator' retrieved from /home/airflow/.local/lib/python3.12/site-packages/airflow/example_dags/example_python_operator.py
[2025-09-22T00:34:13.066+0000] {logging_mixin.py:190} INFO - [2025-09-22T00:34:13.066+0000] {dag.py:3239} INFO - Sync 1 DAGs
[2025-09-22T00:34:13.080+0000] {logging_mixin.py:190} INFO - [2025-09-22T00:34:13.080+0000] {dag.py:4180} INFO - Setting next_dagrun for example_python_operator to None, run_after=None
[2025-09-22T00:34:13.128+0000] {processor.py:208} INFO - Processing /home/airflow/.local/lib/python3.12/site-packages/airflow/example_dags/example_python_operator.py took 0.106 seconds
[2025-09-22T00:34:43.582+0000] {processor.py:186} INFO - Started process (PID=9515) to work on /home/airflow/.local/lib/python3.12/site-packages/airflow/example_dags/example_python_operator.py
[2025-09-22T00:34:43.583+0000] {processor.py:914} INFO - Processing file /home/airflow/.local/lib/python3.12/site-packages/airflow/example_dags/example_python_operator.py for tasks to queue
[2025-09-22T00:34:43.585+0000] {logging_mixin.py:190} INFO - [2025-09-22T00:34:43.585+0000] {dagbag.py:588} INFO - Filling up the DagBag from /home/airflow/.local/lib/python3.12/site-packages/airflow/example_dags/example_python_operator.py
[2025-09-22T00:34:43.596+0000] {processor.py:925} INFO - DAG(s) 'example_python_operator' retrieved from /home/airflow/.local/lib/python3.12/site-packages/airflow/example_dags/example_python_operator.py
[2025-09-22T00:34:43.617+0000] {logging_mixin.py:190} INFO - [2025-09-22T00:34:43.617+0000] {dag.py:3239} INFO - Sync 1 DAGs
[2025-09-22T00:34:43.632+0000] {logging_mixin.py:190} INFO - [2025-09-22T00:34:43.632+0000] {dag.py:4180} INFO - Setting next_dagrun for example_python_operator to None, run_after=None
[2025-09-22T00:34:43.676+0000] {processor.py:208} INFO - Processing /home/airflow/.local/lib/python3.12/site-packages/airflow/example_dags/example_python_operator.py took 0.100 seconds
[2025-09-22T00:35:14.119+0000] {processor.py:186} INFO - Started process (PID=9578) to work on /home/airflow/.local/lib/python3.12/site-packages/airflow/example_dags/example_python_operator.py
[2025-09-22T00:35:14.120+0000] {processor.py:914} INFO - Processing file /home/airflow/.local/lib/python3.12/site-packages/airflow/example_dags/example_python_operator.py for tasks to queue
[2025-09-22T00:35:14.122+0000] {logging_mixin.py:190} INFO - [2025-09-22T00:35:14.121+0000] {dagbag.py:588} INFO - Filling up the DagBag from /home/airflow/.local/lib/python3.12/site-packages/airflow/example_dags/example_python_operator.py
[2025-09-22T00:35:14.132+0000] {processor.py:925} INFO - DAG(s) 'example_python_operator' retrieved from /home/airflow/.local/lib/python3.12/site-packages/airflow/example_dags/example_python_operator.py
[2025-09-22T00:35:14.152+0000] {logging_mixin.py:190} INFO - [2025-09-22T00:35:14.152+0000] {dag.py:3239} INFO - Sync 1 DAGs
[2025-09-22T00:35:14.165+0000] {logging_mixin.py:190} INFO - [2025-09-22T00:35:14.165+0000] {dag.py:4180} INFO - Setting next_dagrun for example_python_operator to None, run_after=None
[2025-09-22T00:35:14.661+0000] {processor.py:208} INFO - Processing /home/airflow/.local/lib/python3.12/site-packages/airflow/example_dags/example_python_operator.py took 0.547 seconds
[2025-09-22T00:35:45.321+0000] {processor.py:186} INFO - Started process (PID=9642) to work on /home/airflow/.local/lib/python3.12/site-packages/airflow/example_dags/example_python_operator.py
[2025-09-22T00:35:45.323+0000] {processor.py:914} INFO - Processing file /home/airflow/.local/lib/python3.12/site-packages/airflow/example_dags/example_python_operator.py for tasks to queue
[2025-09-22T00:35:45.325+0000] {logging_mixin.py:190} INFO - [2025-09-22T00:35:45.324+0000] {dagbag.py:588} INFO - Filling up the DagBag from /home/airflow/.local/lib/python3.12/site-packages/airflow/example_dags/example_python_operator.py
[2025-09-22T00:35:45.338+0000] {processor.py:925} INFO - DAG(s) 'example_python_operator' retrieved from /home/airflow/.local/lib/python3.12/site-packages/airflow/example_dags/example_python_operator.py
[2025-09-22T00:35:45.361+0000] {logging_mixin.py:190} INFO - [2025-09-22T00:35:45.361+0000] {dag.py:3239} INFO - Sync 1 DAGs
[2025-09-22T00:35:45.378+0000] {logging_mixin.py:190} INFO - [2025-09-22T00:35:45.377+0000] {dag.py:4180} INFO - Setting next_dagrun for example_python_operator to None, run_after=None
[2025-09-22T00:35:45.476+0000] {processor.py:208} INFO - Processing /home/airflow/.local/lib/python3.12/site-packages/airflow/example_dags/example_python_operator.py took 0.160 seconds
[2025-09-22T00:36:15.680+0000] {processor.py:186} INFO - Started process (PID=9706) to work on /home/airflow/.local/lib/python3.12/site-packages/airflow/example_dags/example_python_operator.py
[2025-09-22T00:36:15.681+0000] {processor.py:914} INFO - Processing file /home/airflow/.local/lib/python3.12/site-packages/airflow/example_dags/example_python_operator.py for tasks to queue
[2025-09-22T00:36:15.683+0000] {logging_mixin.py:190} INFO - [2025-09-22T00:36:15.682+0000] {dagbag.py:588} INFO - Filling up the DagBag from /home/airflow/.local/lib/python3.12/site-packages/airflow/example_dags/example_python_operator.py
[2025-09-22T00:36:15.693+0000] {processor.py:925} INFO - DAG(s) 'example_python_operator' retrieved from /home/airflow/.local/lib/python3.12/site-packages/airflow/example_dags/example_python_operator.py
[2025-09-22T00:36:15.712+0000] {logging_mixin.py:190} INFO - [2025-09-22T00:36:15.712+0000] {dag.py:3239} INFO - Sync 1 DAGs
[2025-09-22T00:36:15.724+0000] {logging_mixin.py:190} INFO - [2025-09-22T00:36:15.724+0000] {dag.py:4180} INFO - Setting next_dagrun for example_python_operator to None, run_after=None
[2025-09-22T00:36:15.780+0000] {processor.py:208} INFO - Processing /home/airflow/.local/lib/python3.12/site-packages/airflow/example_dags/example_python_operator.py took 0.105 seconds
