[2025-09-22T00:00:26.208+0000] {processor.py:186} INFO - Started process (PID=5295) to work on /home/airflow/.local/lib/python3.12/site-packages/airflow/example_dags/example_branch_labels.py
[2025-09-22T00:00:26.209+0000] {processor.py:914} INFO - Processing file /home/airflow/.local/lib/python3.12/site-packages/airflow/example_dags/example_branch_labels.py for tasks to queue
[2025-09-22T00:00:26.211+0000] {logging_mixin.py:190} INFO - [2025-09-22T00:00:26.211+0000] {dagbag.py:588} INFO - Filling up the DagBag from /home/airflow/.local/lib/python3.12/site-packages/airflow/example_dags/example_branch_labels.py
[2025-09-22T00:00:26.222+0000] {processor.py:925} INFO - DAG(s) 'example_branch_labels' retrieved from /home/airflow/.local/lib/python3.12/site-packages/airflow/example_dags/example_branch_labels.py
[2025-09-22T00:00:26.244+0000] {logging_mixin.py:190} INFO - [2025-09-22T00:00:26.244+0000] {dag.py:3239} INFO - Sync 1 DAGs
[2025-09-22T00:00:26.273+0000] {logging_mixin.py:190} INFO - [2025-09-22T00:00:26.273+0000] {dag.py:4180} INFO - Setting next_dagrun for example_branch_labels to 2025-09-21 00:00:00+00:00, run_after=2025-09-22 00:00:00+00:00
[2025-09-22T00:00:26.324+0000] {processor.py:208} INFO - Processing /home/airflow/.local/lib/python3.12/site-packages/airflow/example_dags/example_branch_labels.py took 0.123 seconds
[2025-09-22T00:00:58.728+0000] {processor.py:186} INFO - Started process (PID=5359) to work on /home/airflow/.local/lib/python3.12/site-packages/airflow/example_dags/example_branch_labels.py
[2025-09-22T00:00:58.730+0000] {processor.py:914} INFO - Processing file /home/airflow/.local/lib/python3.12/site-packages/airflow/example_dags/example_branch_labels.py for tasks to queue
[2025-09-22T00:00:58.732+0000] {logging_mixin.py:190} INFO - [2025-09-22T00:00:58.732+0000] {dagbag.py:588} INFO - Filling up the DagBag from /home/airflow/.local/lib/python3.12/site-packages/airflow/example_dags/example_branch_labels.py
[2025-09-22T00:00:58.744+0000] {processor.py:925} INFO - DAG(s) 'example_branch_labels' retrieved from /home/airflow/.local/lib/python3.12/site-packages/airflow/example_dags/example_branch_labels.py
[2025-09-22T00:00:58.767+0000] {logging_mixin.py:190} INFO - [2025-09-22T00:00:58.767+0000] {dag.py:3239} INFO - Sync 1 DAGs
[2025-09-22T00:00:58.797+0000] {logging_mixin.py:190} INFO - [2025-09-22T00:00:58.797+0000] {dag.py:4180} INFO - Setting next_dagrun for example_branch_labels to 2025-09-21 00:00:00+00:00, run_after=2025-09-22 00:00:00+00:00
[2025-09-22T00:00:58.854+0000] {processor.py:208} INFO - Processing /home/airflow/.local/lib/python3.12/site-packages/airflow/example_dags/example_branch_labels.py took 0.134 seconds
[2025-09-22T00:01:30.378+0000] {processor.py:186} INFO - Started process (PID=5423) to work on /home/airflow/.local/lib/python3.12/site-packages/airflow/example_dags/example_branch_labels.py
[2025-09-22T00:01:30.379+0000] {processor.py:914} INFO - Processing file /home/airflow/.local/lib/python3.12/site-packages/airflow/example_dags/example_branch_labels.py for tasks to queue
[2025-09-22T00:01:30.382+0000] {logging_mixin.py:190} INFO - [2025-09-22T00:01:30.381+0000] {dagbag.py:588} INFO - Filling up the DagBag from /home/airflow/.local/lib/python3.12/site-packages/airflow/example_dags/example_branch_labels.py
[2025-09-22T00:01:30.396+0000] {processor.py:925} INFO - DAG(s) 'example_branch_labels' retrieved from /home/airflow/.local/lib/python3.12/site-packages/airflow/example_dags/example_branch_labels.py
[2025-09-22T00:01:30.419+0000] {logging_mixin.py:190} INFO - [2025-09-22T00:01:30.419+0000] {dag.py:3239} INFO - Sync 1 DAGs
[2025-09-22T00:01:30.452+0000] {logging_mixin.py:190} INFO - [2025-09-22T00:01:30.451+0000] {dag.py:4180} INFO - Setting next_dagrun for example_branch_labels to 2025-09-21 00:00:00+00:00, run_after=2025-09-22 00:00:00+00:00
[2025-09-22T00:01:30.502+0000] {processor.py:208} INFO - Processing /home/airflow/.local/lib/python3.12/site-packages/airflow/example_dags/example_branch_labels.py took 0.131 seconds
[2025-09-22T00:02:02.845+0000] {processor.py:186} INFO - Started process (PID=5490) to work on /home/airflow/.local/lib/python3.12/site-packages/airflow/example_dags/example_branch_labels.py
[2025-09-22T00:02:02.846+0000] {processor.py:914} INFO - Processing file /home/airflow/.local/lib/python3.12/site-packages/airflow/example_dags/example_branch_labels.py for tasks to queue
[2025-09-22T00:02:02.848+0000] {logging_mixin.py:190} INFO - [2025-09-22T00:02:02.848+0000] {dagbag.py:588} INFO - Filling up the DagBag from /home/airflow/.local/lib/python3.12/site-packages/airflow/example_dags/example_branch_labels.py
[2025-09-22T00:02:02.859+0000] {processor.py:925} INFO - DAG(s) 'example_branch_labels' retrieved from /home/airflow/.local/lib/python3.12/site-packages/airflow/example_dags/example_branch_labels.py
[2025-09-22T00:02:02.882+0000] {logging_mixin.py:190} INFO - [2025-09-22T00:02:02.882+0000] {dag.py:3239} INFO - Sync 1 DAGs
[2025-09-22T00:02:02.911+0000] {logging_mixin.py:190} INFO - [2025-09-22T00:02:02.911+0000] {dag.py:4180} INFO - Setting next_dagrun for example_branch_labels to 2025-09-21 00:00:00+00:00, run_after=2025-09-22 00:00:00+00:00
[2025-09-22T00:02:02.963+0000] {processor.py:208} INFO - Processing /home/airflow/.local/lib/python3.12/site-packages/airflow/example_dags/example_branch_labels.py took 0.125 seconds
[2025-09-22T00:02:36.510+0000] {processor.py:186} INFO - Started process (PID=5558) to work on /home/airflow/.local/lib/python3.12/site-packages/airflow/example_dags/example_branch_labels.py
[2025-09-22T00:02:36.511+0000] {processor.py:914} INFO - Processing file /home/airflow/.local/lib/python3.12/site-packages/airflow/example_dags/example_branch_labels.py for tasks to queue
[2025-09-22T00:02:36.514+0000] {logging_mixin.py:190} INFO - [2025-09-22T00:02:36.514+0000] {dagbag.py:588} INFO - Filling up the DagBag from /home/airflow/.local/lib/python3.12/site-packages/airflow/example_dags/example_branch_labels.py
[2025-09-22T00:02:36.528+0000] {processor.py:925} INFO - DAG(s) 'example_branch_labels' retrieved from /home/airflow/.local/lib/python3.12/site-packages/airflow/example_dags/example_branch_labels.py
[2025-09-22T00:02:36.553+0000] {logging_mixin.py:190} INFO - [2025-09-22T00:02:36.553+0000] {dag.py:3239} INFO - Sync 1 DAGs
[2025-09-22T00:02:36.580+0000] {logging_mixin.py:190} INFO - [2025-09-22T00:02:36.580+0000] {dag.py:4180} INFO - Setting next_dagrun for example_branch_labels to 2025-09-21 00:00:00+00:00, run_after=2025-09-22 00:00:00+00:00
[2025-09-22T00:02:36.625+0000] {processor.py:208} INFO - Processing /home/airflow/.local/lib/python3.12/site-packages/airflow/example_dags/example_branch_labels.py took 0.124 seconds
[2025-09-22T00:03:09.317+0000] {processor.py:186} INFO - Started process (PID=5622) to work on /home/airflow/.local/lib/python3.12/site-packages/airflow/example_dags/example_branch_labels.py
[2025-09-22T00:03:09.318+0000] {processor.py:914} INFO - Processing file /home/airflow/.local/lib/python3.12/site-packages/airflow/example_dags/example_branch_labels.py for tasks to queue
[2025-09-22T00:03:09.321+0000] {logging_mixin.py:190} INFO - [2025-09-22T00:03:09.320+0000] {dagbag.py:588} INFO - Filling up the DagBag from /home/airflow/.local/lib/python3.12/site-packages/airflow/example_dags/example_branch_labels.py
[2025-09-22T00:03:09.331+0000] {processor.py:925} INFO - DAG(s) 'example_branch_labels' retrieved from /home/airflow/.local/lib/python3.12/site-packages/airflow/example_dags/example_branch_labels.py
[2025-09-22T00:03:09.352+0000] {logging_mixin.py:190} INFO - [2025-09-22T00:03:09.352+0000] {dag.py:3239} INFO - Sync 1 DAGs
[2025-09-22T00:03:09.377+0000] {logging_mixin.py:190} INFO - [2025-09-22T00:03:09.377+0000] {dag.py:4180} INFO - Setting next_dagrun for example_branch_labels to 2025-09-21 00:00:00+00:00, run_after=2025-09-22 00:00:00+00:00
[2025-09-22T00:03:09.421+0000] {processor.py:208} INFO - Processing /home/airflow/.local/lib/python3.12/site-packages/airflow/example_dags/example_branch_labels.py took 0.110 seconds
[2025-09-22T00:03:40.848+0000] {processor.py:186} INFO - Started process (PID=5687) to work on /home/airflow/.local/lib/python3.12/site-packages/airflow/example_dags/example_branch_labels.py
[2025-09-22T00:03:40.849+0000] {processor.py:914} INFO - Processing file /home/airflow/.local/lib/python3.12/site-packages/airflow/example_dags/example_branch_labels.py for tasks to queue
[2025-09-22T00:03:40.851+0000] {logging_mixin.py:190} INFO - [2025-09-22T00:03:40.851+0000] {dagbag.py:588} INFO - Filling up the DagBag from /home/airflow/.local/lib/python3.12/site-packages/airflow/example_dags/example_branch_labels.py
[2025-09-22T00:03:40.861+0000] {processor.py:925} INFO - DAG(s) 'example_branch_labels' retrieved from /home/airflow/.local/lib/python3.12/site-packages/airflow/example_dags/example_branch_labels.py
[2025-09-22T00:03:40.882+0000] {logging_mixin.py:190} INFO - [2025-09-22T00:03:40.882+0000] {dag.py:3239} INFO - Sync 1 DAGs
[2025-09-22T00:03:40.908+0000] {logging_mixin.py:190} INFO - [2025-09-22T00:03:40.908+0000] {dag.py:4180} INFO - Setting next_dagrun for example_branch_labels to 2025-09-21 00:00:00+00:00, run_after=2025-09-22 00:00:00+00:00
[2025-09-22T00:03:40.952+0000] {processor.py:208} INFO - Processing /home/airflow/.local/lib/python3.12/site-packages/airflow/example_dags/example_branch_labels.py took 0.109 seconds
[2025-09-22T00:04:13.812+0000] {processor.py:186} INFO - Started process (PID=5754) to work on /home/airflow/.local/lib/python3.12/site-packages/airflow/example_dags/example_branch_labels.py
[2025-09-22T00:04:13.813+0000] {processor.py:914} INFO - Processing file /home/airflow/.local/lib/python3.12/site-packages/airflow/example_dags/example_branch_labels.py for tasks to queue
[2025-09-22T00:04:13.815+0000] {logging_mixin.py:190} INFO - [2025-09-22T00:04:13.815+0000] {dagbag.py:588} INFO - Filling up the DagBag from /home/airflow/.local/lib/python3.12/site-packages/airflow/example_dags/example_branch_labels.py
[2025-09-22T00:04:13.826+0000] {processor.py:925} INFO - DAG(s) 'example_branch_labels' retrieved from /home/airflow/.local/lib/python3.12/site-packages/airflow/example_dags/example_branch_labels.py
[2025-09-22T00:04:13.845+0000] {logging_mixin.py:190} INFO - [2025-09-22T00:04:13.845+0000] {dag.py:3239} INFO - Sync 1 DAGs
[2025-09-22T00:04:13.870+0000] {logging_mixin.py:190} INFO - [2025-09-22T00:04:13.870+0000] {dag.py:4180} INFO - Setting next_dagrun for example_branch_labels to 2025-09-21 00:00:00+00:00, run_after=2025-09-22 00:00:00+00:00
[2025-09-22T00:04:13.914+0000] {processor.py:208} INFO - Processing /home/airflow/.local/lib/python3.12/site-packages/airflow/example_dags/example_branch_labels.py took 0.107 seconds
[2025-09-22T00:04:46.788+0000] {processor.py:186} INFO - Started process (PID=5818) to work on /home/airflow/.local/lib/python3.12/site-packages/airflow/example_dags/example_branch_labels.py
[2025-09-22T00:04:46.789+0000] {processor.py:914} INFO - Processing file /home/airflow/.local/lib/python3.12/site-packages/airflow/example_dags/example_branch_labels.py for tasks to queue
[2025-09-22T00:04:46.791+0000] {logging_mixin.py:190} INFO - [2025-09-22T00:04:46.791+0000] {dagbag.py:588} INFO - Filling up the DagBag from /home/airflow/.local/lib/python3.12/site-packages/airflow/example_dags/example_branch_labels.py
[2025-09-22T00:04:46.800+0000] {processor.py:925} INFO - DAG(s) 'example_branch_labels' retrieved from /home/airflow/.local/lib/python3.12/site-packages/airflow/example_dags/example_branch_labels.py
[2025-09-22T00:04:46.819+0000] {logging_mixin.py:190} INFO - [2025-09-22T00:04:46.819+0000] {dag.py:3239} INFO - Sync 1 DAGs
[2025-09-22T00:04:46.842+0000] {logging_mixin.py:190} INFO - [2025-09-22T00:04:46.842+0000] {dag.py:4180} INFO - Setting next_dagrun for example_branch_labels to 2025-09-21 00:00:00+00:00, run_after=2025-09-22 00:00:00+00:00
[2025-09-22T00:04:46.884+0000] {processor.py:208} INFO - Processing /home/airflow/.local/lib/python3.12/site-packages/airflow/example_dags/example_branch_labels.py took 0.101 seconds
[2025-09-22T00:05:19.008+0000] {processor.py:186} INFO - Started process (PID=5882) to work on /home/airflow/.local/lib/python3.12/site-packages/airflow/example_dags/example_branch_labels.py
[2025-09-22T00:05:19.009+0000] {processor.py:914} INFO - Processing file /home/airflow/.local/lib/python3.12/site-packages/airflow/example_dags/example_branch_labels.py for tasks to queue
[2025-09-22T00:05:19.011+0000] {logging_mixin.py:190} INFO - [2025-09-22T00:05:19.011+0000] {dagbag.py:588} INFO - Filling up the DagBag from /home/airflow/.local/lib/python3.12/site-packages/airflow/example_dags/example_branch_labels.py
[2025-09-22T00:05:19.020+0000] {processor.py:925} INFO - DAG(s) 'example_branch_labels' retrieved from /home/airflow/.local/lib/python3.12/site-packages/airflow/example_dags/example_branch_labels.py
[2025-09-22T00:05:19.038+0000] {logging_mixin.py:190} INFO - [2025-09-22T00:05:19.038+0000] {dag.py:3239} INFO - Sync 1 DAGs
[2025-09-22T00:05:19.060+0000] {logging_mixin.py:190} INFO - [2025-09-22T00:05:19.060+0000] {dag.py:4180} INFO - Setting next_dagrun for example_branch_labels to 2025-09-21 00:00:00+00:00, run_after=2025-09-22 00:00:00+00:00
[2025-09-22T00:05:19.097+0000] {processor.py:208} INFO - Processing /home/airflow/.local/lib/python3.12/site-packages/airflow/example_dags/example_branch_labels.py took 0.093 seconds
[2025-09-22T00:05:51.949+0000] {processor.py:186} INFO - Started process (PID=5952) to work on /home/airflow/.local/lib/python3.12/site-packages/airflow/example_dags/example_branch_labels.py
[2025-09-22T00:05:51.950+0000] {processor.py:914} INFO - Processing file /home/airflow/.local/lib/python3.12/site-packages/airflow/example_dags/example_branch_labels.py for tasks to queue
[2025-09-22T00:05:51.952+0000] {logging_mixin.py:190} INFO - [2025-09-22T00:05:51.952+0000] {dagbag.py:588} INFO - Filling up the DagBag from /home/airflow/.local/lib/python3.12/site-packages/airflow/example_dags/example_branch_labels.py
[2025-09-22T00:05:51.960+0000] {processor.py:925} INFO - DAG(s) 'example_branch_labels' retrieved from /home/airflow/.local/lib/python3.12/site-packages/airflow/example_dags/example_branch_labels.py
[2025-09-22T00:05:51.978+0000] {logging_mixin.py:190} INFO - [2025-09-22T00:05:51.977+0000] {dag.py:3239} INFO - Sync 1 DAGs
[2025-09-22T00:05:51.999+0000] {logging_mixin.py:190} INFO - [2025-09-22T00:05:51.999+0000] {dag.py:4180} INFO - Setting next_dagrun for example_branch_labels to 2025-09-21 00:00:00+00:00, run_after=2025-09-22 00:00:00+00:00
[2025-09-22T00:05:52.038+0000] {processor.py:208} INFO - Processing /home/airflow/.local/lib/python3.12/site-packages/airflow/example_dags/example_branch_labels.py took 0.094 seconds
[2025-09-22T00:06:25.866+0000] {processor.py:186} INFO - Started process (PID=6021) to work on /home/airflow/.local/lib/python3.12/site-packages/airflow/example_dags/example_branch_labels.py
[2025-09-22T00:06:25.867+0000] {processor.py:914} INFO - Processing file /home/airflow/.local/lib/python3.12/site-packages/airflow/example_dags/example_branch_labels.py for tasks to queue
[2025-09-22T00:06:25.869+0000] {logging_mixin.py:190} INFO - [2025-09-22T00:06:25.869+0000] {dagbag.py:588} INFO - Filling up the DagBag from /home/airflow/.local/lib/python3.12/site-packages/airflow/example_dags/example_branch_labels.py
[2025-09-22T00:06:25.877+0000] {processor.py:925} INFO - DAG(s) 'example_branch_labels' retrieved from /home/airflow/.local/lib/python3.12/site-packages/airflow/example_dags/example_branch_labels.py
[2025-09-22T00:06:25.893+0000] {logging_mixin.py:190} INFO - [2025-09-22T00:06:25.893+0000] {dag.py:3239} INFO - Sync 1 DAGs
[2025-09-22T00:06:25.914+0000] {logging_mixin.py:190} INFO - [2025-09-22T00:06:25.914+0000] {dag.py:4180} INFO - Setting next_dagrun for example_branch_labels to 2025-09-21 00:00:00+00:00, run_after=2025-09-22 00:00:00+00:00
[2025-09-22T00:06:25.952+0000] {processor.py:208} INFO - Processing /home/airflow/.local/lib/python3.12/site-packages/airflow/example_dags/example_branch_labels.py took 0.091 seconds
[2025-09-22T00:06:58.237+0000] {processor.py:186} INFO - Started process (PID=6092) to work on /home/airflow/.local/lib/python3.12/site-packages/airflow/example_dags/example_branch_labels.py
[2025-09-22T00:06:58.238+0000] {processor.py:914} INFO - Processing file /home/airflow/.local/lib/python3.12/site-packages/airflow/example_dags/example_branch_labels.py for tasks to queue
[2025-09-22T00:06:58.240+0000] {logging_mixin.py:190} INFO - [2025-09-22T00:06:58.240+0000] {dagbag.py:588} INFO - Filling up the DagBag from /home/airflow/.local/lib/python3.12/site-packages/airflow/example_dags/example_branch_labels.py
[2025-09-22T00:06:58.248+0000] {processor.py:925} INFO - DAG(s) 'example_branch_labels' retrieved from /home/airflow/.local/lib/python3.12/site-packages/airflow/example_dags/example_branch_labels.py
[2025-09-22T00:06:58.266+0000] {logging_mixin.py:190} INFO - [2025-09-22T00:06:58.266+0000] {dag.py:3239} INFO - Sync 1 DAGs
[2025-09-22T00:06:58.287+0000] {logging_mixin.py:190} INFO - [2025-09-22T00:06:58.287+0000] {dag.py:4180} INFO - Setting next_dagrun for example_branch_labels to 2025-09-21 00:00:00+00:00, run_after=2025-09-22 00:00:00+00:00
[2025-09-22T00:06:58.325+0000] {processor.py:208} INFO - Processing /home/airflow/.local/lib/python3.12/site-packages/airflow/example_dags/example_branch_labels.py took 0.094 seconds
[2025-09-22T00:07:30.788+0000] {processor.py:186} INFO - Started process (PID=6157) to work on /home/airflow/.local/lib/python3.12/site-packages/airflow/example_dags/example_branch_labels.py
[2025-09-22T00:07:30.789+0000] {processor.py:914} INFO - Processing file /home/airflow/.local/lib/python3.12/site-packages/airflow/example_dags/example_branch_labels.py for tasks to queue
[2025-09-22T00:07:30.791+0000] {logging_mixin.py:190} INFO - [2025-09-22T00:07:30.791+0000] {dagbag.py:588} INFO - Filling up the DagBag from /home/airflow/.local/lib/python3.12/site-packages/airflow/example_dags/example_branch_labels.py
[2025-09-22T00:07:30.800+0000] {processor.py:925} INFO - DAG(s) 'example_branch_labels' retrieved from /home/airflow/.local/lib/python3.12/site-packages/airflow/example_dags/example_branch_labels.py
[2025-09-22T00:07:30.819+0000] {logging_mixin.py:190} INFO - [2025-09-22T00:07:30.819+0000] {dag.py:3239} INFO - Sync 1 DAGs
[2025-09-22T00:07:30.844+0000] {logging_mixin.py:190} INFO - [2025-09-22T00:07:30.844+0000] {dag.py:4180} INFO - Setting next_dagrun for example_branch_labels to 2025-09-21 00:00:00+00:00, run_after=2025-09-22 00:00:00+00:00
[2025-09-22T00:07:30.891+0000] {processor.py:208} INFO - Processing /home/airflow/.local/lib/python3.12/site-packages/airflow/example_dags/example_branch_labels.py took 0.108 seconds
[2025-09-22T00:08:04.520+0000] {processor.py:186} INFO - Started process (PID=6221) to work on /home/airflow/.local/lib/python3.12/site-packages/airflow/example_dags/example_branch_labels.py
[2025-09-22T00:08:04.521+0000] {processor.py:914} INFO - Processing file /home/airflow/.local/lib/python3.12/site-packages/airflow/example_dags/example_branch_labels.py for tasks to queue
[2025-09-22T00:08:04.523+0000] {logging_mixin.py:190} INFO - [2025-09-22T00:08:04.523+0000] {dagbag.py:588} INFO - Filling up the DagBag from /home/airflow/.local/lib/python3.12/site-packages/airflow/example_dags/example_branch_labels.py
[2025-09-22T00:08:04.534+0000] {processor.py:925} INFO - DAG(s) 'example_branch_labels' retrieved from /home/airflow/.local/lib/python3.12/site-packages/airflow/example_dags/example_branch_labels.py
[2025-09-22T00:08:04.553+0000] {logging_mixin.py:190} INFO - [2025-09-22T00:08:04.553+0000] {dag.py:3239} INFO - Sync 1 DAGs
[2025-09-22T00:08:04.575+0000] {logging_mixin.py:190} INFO - [2025-09-22T00:08:04.575+0000] {dag.py:4180} INFO - Setting next_dagrun for example_branch_labels to 2025-09-21 00:00:00+00:00, run_after=2025-09-22 00:00:00+00:00
[2025-09-22T00:08:04.614+0000] {processor.py:208} INFO - Processing /home/airflow/.local/lib/python3.12/site-packages/airflow/example_dags/example_branch_labels.py took 0.102 seconds
[2025-09-22T00:08:37.089+0000] {processor.py:186} INFO - Started process (PID=6285) to work on /home/airflow/.local/lib/python3.12/site-packages/airflow/example_dags/example_branch_labels.py
[2025-09-22T00:08:37.090+0000] {processor.py:914} INFO - Processing file /home/airflow/.local/lib/python3.12/site-packages/airflow/example_dags/example_branch_labels.py for tasks to queue
[2025-09-22T00:08:37.092+0000] {logging_mixin.py:190} INFO - [2025-09-22T00:08:37.092+0000] {dagbag.py:588} INFO - Filling up the DagBag from /home/airflow/.local/lib/python3.12/site-packages/airflow/example_dags/example_branch_labels.py
[2025-09-22T00:08:37.101+0000] {processor.py:925} INFO - DAG(s) 'example_branch_labels' retrieved from /home/airflow/.local/lib/python3.12/site-packages/airflow/example_dags/example_branch_labels.py
[2025-09-22T00:08:37.120+0000] {logging_mixin.py:190} INFO - [2025-09-22T00:08:37.120+0000] {dag.py:3239} INFO - Sync 1 DAGs
[2025-09-22T00:08:37.144+0000] {logging_mixin.py:190} INFO - [2025-09-22T00:08:37.143+0000] {dag.py:4180} INFO - Setting next_dagrun for example_branch_labels to 2025-09-21 00:00:00+00:00, run_after=2025-09-22 00:00:00+00:00
[2025-09-22T00:08:37.181+0000] {processor.py:208} INFO - Processing /home/airflow/.local/lib/python3.12/site-packages/airflow/example_dags/example_branch_labels.py took 0.098 seconds
[2025-09-22T00:09:07.617+0000] {processor.py:186} INFO - Started process (PID=6349) to work on /home/airflow/.local/lib/python3.12/site-packages/airflow/example_dags/example_branch_labels.py
[2025-09-22T00:09:07.618+0000] {processor.py:914} INFO - Processing file /home/airflow/.local/lib/python3.12/site-packages/airflow/example_dags/example_branch_labels.py for tasks to queue
[2025-09-22T00:09:07.620+0000] {logging_mixin.py:190} INFO - [2025-09-22T00:09:07.620+0000] {dagbag.py:588} INFO - Filling up the DagBag from /home/airflow/.local/lib/python3.12/site-packages/airflow/example_dags/example_branch_labels.py
[2025-09-22T00:09:07.629+0000] {processor.py:925} INFO - DAG(s) 'example_branch_labels' retrieved from /home/airflow/.local/lib/python3.12/site-packages/airflow/example_dags/example_branch_labels.py
[2025-09-22T00:09:07.645+0000] {logging_mixin.py:190} INFO - [2025-09-22T00:09:07.645+0000] {dag.py:3239} INFO - Sync 1 DAGs
[2025-09-22T00:09:07.667+0000] {logging_mixin.py:190} INFO - [2025-09-22T00:09:07.667+0000] {dag.py:4180} INFO - Setting next_dagrun for example_branch_labels to 2025-09-21 00:00:00+00:00, run_after=2025-09-22 00:00:00+00:00
[2025-09-22T00:09:07.707+0000] {processor.py:208} INFO - Processing /home/airflow/.local/lib/python3.12/site-packages/airflow/example_dags/example_branch_labels.py took 0.094 seconds
[2025-09-22T00:09:36.162+0000] {processor.py:186} INFO - Started process (PID=6413) to work on /home/airflow/.local/lib/python3.12/site-packages/airflow/example_dags/example_branch_labels.py
[2025-09-22T00:09:36.164+0000] {processor.py:914} INFO - Processing file /home/airflow/.local/lib/python3.12/site-packages/airflow/example_dags/example_branch_labels.py for tasks to queue
[2025-09-22T00:09:36.165+0000] {logging_mixin.py:190} INFO - [2025-09-22T00:09:36.165+0000] {dagbag.py:588} INFO - Filling up the DagBag from /home/airflow/.local/lib/python3.12/site-packages/airflow/example_dags/example_branch_labels.py
[2025-09-22T00:09:36.173+0000] {processor.py:925} INFO - DAG(s) 'example_branch_labels' retrieved from /home/airflow/.local/lib/python3.12/site-packages/airflow/example_dags/example_branch_labels.py
[2025-09-22T00:09:36.190+0000] {logging_mixin.py:190} INFO - [2025-09-22T00:09:36.190+0000] {dag.py:3239} INFO - Sync 1 DAGs
[2025-09-22T00:09:36.208+0000] {logging_mixin.py:190} INFO - [2025-09-22T00:09:36.208+0000] {dag.py:4180} INFO - Setting next_dagrun for example_branch_labels to 2025-09-21 00:00:00+00:00, run_after=2025-09-22 00:00:00+00:00
[2025-09-22T00:09:36.249+0000] {processor.py:208} INFO - Processing /home/airflow/.local/lib/python3.12/site-packages/airflow/example_dags/example_branch_labels.py took 0.093 seconds
[2025-09-22T00:10:09.691+0000] {processor.py:186} INFO - Started process (PID=6477) to work on /home/airflow/.local/lib/python3.12/site-packages/airflow/example_dags/example_branch_labels.py
[2025-09-22T00:10:09.692+0000] {processor.py:914} INFO - Processing file /home/airflow/.local/lib/python3.12/site-packages/airflow/example_dags/example_branch_labels.py for tasks to queue
[2025-09-22T00:10:09.694+0000] {logging_mixin.py:190} INFO - [2025-09-22T00:10:09.694+0000] {dagbag.py:588} INFO - Filling up the DagBag from /home/airflow/.local/lib/python3.12/site-packages/airflow/example_dags/example_branch_labels.py
[2025-09-22T00:10:09.704+0000] {processor.py:925} INFO - DAG(s) 'example_branch_labels' retrieved from /home/airflow/.local/lib/python3.12/site-packages/airflow/example_dags/example_branch_labels.py
[2025-09-22T00:10:09.726+0000] {logging_mixin.py:190} INFO - [2025-09-22T00:10:09.725+0000] {dag.py:3239} INFO - Sync 1 DAGs
[2025-09-22T00:10:09.747+0000] {logging_mixin.py:190} INFO - [2025-09-22T00:10:09.747+0000] {dag.py:4180} INFO - Setting next_dagrun for example_branch_labels to 2025-09-21 00:00:00+00:00, run_after=2025-09-22 00:00:00+00:00
[2025-09-22T00:10:10.491+0000] {processor.py:208} INFO - Processing /home/airflow/.local/lib/python3.12/site-packages/airflow/example_dags/example_branch_labels.py took 0.805 seconds
[2025-09-22T00:10:44.353+0000] {processor.py:186} INFO - Started process (PID=6541) to work on /home/airflow/.local/lib/python3.12/site-packages/airflow/example_dags/example_branch_labels.py
[2025-09-22T00:10:44.354+0000] {processor.py:914} INFO - Processing file /home/airflow/.local/lib/python3.12/site-packages/airflow/example_dags/example_branch_labels.py for tasks to queue
[2025-09-22T00:10:44.356+0000] {logging_mixin.py:190} INFO - [2025-09-22T00:10:44.355+0000] {dagbag.py:588} INFO - Filling up the DagBag from /home/airflow/.local/lib/python3.12/site-packages/airflow/example_dags/example_branch_labels.py
[2025-09-22T00:10:44.363+0000] {processor.py:925} INFO - DAG(s) 'example_branch_labels' retrieved from /home/airflow/.local/lib/python3.12/site-packages/airflow/example_dags/example_branch_labels.py
[2025-09-22T00:10:44.381+0000] {logging_mixin.py:190} INFO - [2025-09-22T00:10:44.381+0000] {dag.py:3239} INFO - Sync 1 DAGs
[2025-09-22T00:10:44.400+0000] {logging_mixin.py:190} INFO - [2025-09-22T00:10:44.399+0000] {dag.py:4180} INFO - Setting next_dagrun for example_branch_labels to 2025-09-21 00:00:00+00:00, run_after=2025-09-22 00:00:00+00:00
[2025-09-22T00:10:44.434+0000] {processor.py:208} INFO - Processing /home/airflow/.local/lib/python3.12/site-packages/airflow/example_dags/example_branch_labels.py took 0.086 seconds
[2025-09-22T00:11:18.581+0000] {processor.py:186} INFO - Started process (PID=6613) to work on /home/airflow/.local/lib/python3.12/site-packages/airflow/example_dags/example_branch_labels.py
[2025-09-22T00:11:18.582+0000] {processor.py:914} INFO - Processing file /home/airflow/.local/lib/python3.12/site-packages/airflow/example_dags/example_branch_labels.py for tasks to queue
[2025-09-22T00:11:18.584+0000] {logging_mixin.py:190} INFO - [2025-09-22T00:11:18.584+0000] {dagbag.py:588} INFO - Filling up the DagBag from /home/airflow/.local/lib/python3.12/site-packages/airflow/example_dags/example_branch_labels.py
[2025-09-22T00:11:18.592+0000] {processor.py:925} INFO - DAG(s) 'example_branch_labels' retrieved from /home/airflow/.local/lib/python3.12/site-packages/airflow/example_dags/example_branch_labels.py
[2025-09-22T00:11:18.609+0000] {logging_mixin.py:190} INFO - [2025-09-22T00:11:18.609+0000] {dag.py:3239} INFO - Sync 1 DAGs
[2025-09-22T00:11:18.629+0000] {logging_mixin.py:190} INFO - [2025-09-22T00:11:18.629+0000] {dag.py:4180} INFO - Setting next_dagrun for example_branch_labels to 2025-09-21 00:00:00+00:00, run_after=2025-09-22 00:00:00+00:00
[2025-09-22T00:11:18.674+0000] {processor.py:208} INFO - Processing /home/airflow/.local/lib/python3.12/site-packages/airflow/example_dags/example_branch_labels.py took 0.099 seconds
[2025-09-22T00:11:50.350+0000] {processor.py:186} INFO - Started process (PID=6677) to work on /home/airflow/.local/lib/python3.12/site-packages/airflow/example_dags/example_branch_labels.py
[2025-09-22T00:11:50.351+0000] {processor.py:914} INFO - Processing file /home/airflow/.local/lib/python3.12/site-packages/airflow/example_dags/example_branch_labels.py for tasks to queue
[2025-09-22T00:11:50.353+0000] {logging_mixin.py:190} INFO - [2025-09-22T00:11:50.353+0000] {dagbag.py:588} INFO - Filling up the DagBag from /home/airflow/.local/lib/python3.12/site-packages/airflow/example_dags/example_branch_labels.py
[2025-09-22T00:11:50.362+0000] {processor.py:925} INFO - DAG(s) 'example_branch_labels' retrieved from /home/airflow/.local/lib/python3.12/site-packages/airflow/example_dags/example_branch_labels.py
[2025-09-22T00:11:50.380+0000] {logging_mixin.py:190} INFO - [2025-09-22T00:11:50.380+0000] {dag.py:3239} INFO - Sync 1 DAGs
[2025-09-22T00:11:50.402+0000] {logging_mixin.py:190} INFO - [2025-09-22T00:11:50.401+0000] {dag.py:4180} INFO - Setting next_dagrun for example_branch_labels to 2025-09-21 00:00:00+00:00, run_after=2025-09-22 00:00:00+00:00
[2025-09-22T00:11:50.443+0000] {processor.py:208} INFO - Processing /home/airflow/.local/lib/python3.12/site-packages/airflow/example_dags/example_branch_labels.py took 0.100 seconds
[2025-09-22T00:12:22.361+0000] {processor.py:186} INFO - Started process (PID=6740) to work on /home/airflow/.local/lib/python3.12/site-packages/airflow/example_dags/example_branch_labels.py
[2025-09-22T00:12:22.362+0000] {processor.py:914} INFO - Processing file /home/airflow/.local/lib/python3.12/site-packages/airflow/example_dags/example_branch_labels.py for tasks to queue
[2025-09-22T00:12:22.364+0000] {logging_mixin.py:190} INFO - [2025-09-22T00:12:22.364+0000] {dagbag.py:588} INFO - Filling up the DagBag from /home/airflow/.local/lib/python3.12/site-packages/airflow/example_dags/example_branch_labels.py
[2025-09-22T00:12:22.373+0000] {processor.py:925} INFO - DAG(s) 'example_branch_labels' retrieved from /home/airflow/.local/lib/python3.12/site-packages/airflow/example_dags/example_branch_labels.py
[2025-09-22T00:12:22.391+0000] {logging_mixin.py:190} INFO - [2025-09-22T00:12:22.391+0000] {dag.py:3239} INFO - Sync 1 DAGs
[2025-09-22T00:12:22.415+0000] {logging_mixin.py:190} INFO - [2025-09-22T00:12:22.415+0000] {dag.py:4180} INFO - Setting next_dagrun for example_branch_labels to 2025-09-21 00:00:00+00:00, run_after=2025-09-22 00:00:00+00:00
[2025-09-22T00:12:22.469+0000] {processor.py:208} INFO - Processing /home/airflow/.local/lib/python3.12/site-packages/airflow/example_dags/example_branch_labels.py took 0.113 seconds
[2025-09-22T00:12:53.304+0000] {processor.py:186} INFO - Started process (PID=6804) to work on /home/airflow/.local/lib/python3.12/site-packages/airflow/example_dags/example_branch_labels.py
[2025-09-22T00:12:53.305+0000] {processor.py:914} INFO - Processing file /home/airflow/.local/lib/python3.12/site-packages/airflow/example_dags/example_branch_labels.py for tasks to queue
[2025-09-22T00:12:53.307+0000] {logging_mixin.py:190} INFO - [2025-09-22T00:12:53.306+0000] {dagbag.py:588} INFO - Filling up the DagBag from /home/airflow/.local/lib/python3.12/site-packages/airflow/example_dags/example_branch_labels.py
[2025-09-22T00:12:53.316+0000] {processor.py:925} INFO - DAG(s) 'example_branch_labels' retrieved from /home/airflow/.local/lib/python3.12/site-packages/airflow/example_dags/example_branch_labels.py
[2025-09-22T00:12:53.335+0000] {logging_mixin.py:190} INFO - [2025-09-22T00:12:53.335+0000] {dag.py:3239} INFO - Sync 1 DAGs
[2025-09-22T00:12:53.356+0000] {logging_mixin.py:190} INFO - [2025-09-22T00:12:53.356+0000] {dag.py:4180} INFO - Setting next_dagrun for example_branch_labels to 2025-09-21 00:00:00+00:00, run_after=2025-09-22 00:00:00+00:00
[2025-09-22T00:12:53.395+0000] {processor.py:208} INFO - Processing /home/airflow/.local/lib/python3.12/site-packages/airflow/example_dags/example_branch_labels.py took 0.096 seconds
[2025-09-22T00:13:24.130+0000] {processor.py:186} INFO - Started process (PID=6868) to work on /home/airflow/.local/lib/python3.12/site-packages/airflow/example_dags/example_branch_labels.py
[2025-09-22T00:13:24.131+0000] {processor.py:914} INFO - Processing file /home/airflow/.local/lib/python3.12/site-packages/airflow/example_dags/example_branch_labels.py for tasks to queue
[2025-09-22T00:13:24.133+0000] {logging_mixin.py:190} INFO - [2025-09-22T00:13:24.133+0000] {dagbag.py:588} INFO - Filling up the DagBag from /home/airflow/.local/lib/python3.12/site-packages/airflow/example_dags/example_branch_labels.py
[2025-09-22T00:13:24.142+0000] {processor.py:925} INFO - DAG(s) 'example_branch_labels' retrieved from /home/airflow/.local/lib/python3.12/site-packages/airflow/example_dags/example_branch_labels.py
[2025-09-22T00:13:24.160+0000] {logging_mixin.py:190} INFO - [2025-09-22T00:13:24.160+0000] {dag.py:3239} INFO - Sync 1 DAGs
[2025-09-22T00:13:24.182+0000] {logging_mixin.py:190} INFO - [2025-09-22T00:13:24.181+0000] {dag.py:4180} INFO - Setting next_dagrun for example_branch_labels to 2025-09-21 00:00:00+00:00, run_after=2025-09-22 00:00:00+00:00
[2025-09-22T00:13:24.230+0000] {processor.py:208} INFO - Processing /home/airflow/.local/lib/python3.12/site-packages/airflow/example_dags/example_branch_labels.py took 0.106 seconds
[2025-09-22T00:13:54.348+0000] {processor.py:186} INFO - Started process (PID=6932) to work on /home/airflow/.local/lib/python3.12/site-packages/airflow/example_dags/example_branch_labels.py
[2025-09-22T00:13:54.349+0000] {processor.py:914} INFO - Processing file /home/airflow/.local/lib/python3.12/site-packages/airflow/example_dags/example_branch_labels.py for tasks to queue
[2025-09-22T00:13:54.351+0000] {logging_mixin.py:190} INFO - [2025-09-22T00:13:54.350+0000] {dagbag.py:588} INFO - Filling up the DagBag from /home/airflow/.local/lib/python3.12/site-packages/airflow/example_dags/example_branch_labels.py
[2025-09-22T00:13:54.360+0000] {processor.py:925} INFO - DAG(s) 'example_branch_labels' retrieved from /home/airflow/.local/lib/python3.12/site-packages/airflow/example_dags/example_branch_labels.py
[2025-09-22T00:13:54.379+0000] {logging_mixin.py:190} INFO - [2025-09-22T00:13:54.379+0000] {dag.py:3239} INFO - Sync 1 DAGs
[2025-09-22T00:13:54.400+0000] {logging_mixin.py:190} INFO - [2025-09-22T00:13:54.400+0000] {dag.py:4180} INFO - Setting next_dagrun for example_branch_labels to 2025-09-21 00:00:00+00:00, run_after=2025-09-22 00:00:00+00:00
[2025-09-22T00:13:54.448+0000] {processor.py:208} INFO - Processing /home/airflow/.local/lib/python3.12/site-packages/airflow/example_dags/example_branch_labels.py took 0.106 seconds
[2025-09-22T00:14:25.259+0000] {processor.py:186} INFO - Started process (PID=6996) to work on /home/airflow/.local/lib/python3.12/site-packages/airflow/example_dags/example_branch_labels.py
[2025-09-22T00:14:25.260+0000] {processor.py:914} INFO - Processing file /home/airflow/.local/lib/python3.12/site-packages/airflow/example_dags/example_branch_labels.py for tasks to queue
[2025-09-22T00:14:25.262+0000] {logging_mixin.py:190} INFO - [2025-09-22T00:14:25.262+0000] {dagbag.py:588} INFO - Filling up the DagBag from /home/airflow/.local/lib/python3.12/site-packages/airflow/example_dags/example_branch_labels.py
[2025-09-22T00:14:25.270+0000] {processor.py:925} INFO - DAG(s) 'example_branch_labels' retrieved from /home/airflow/.local/lib/python3.12/site-packages/airflow/example_dags/example_branch_labels.py
[2025-09-22T00:14:25.288+0000] {logging_mixin.py:190} INFO - [2025-09-22T00:14:25.288+0000] {dag.py:3239} INFO - Sync 1 DAGs
[2025-09-22T00:14:25.308+0000] {logging_mixin.py:190} INFO - [2025-09-22T00:14:25.308+0000] {dag.py:4180} INFO - Setting next_dagrun for example_branch_labels to 2025-09-21 00:00:00+00:00, run_after=2025-09-22 00:00:00+00:00
[2025-09-22T00:14:25.349+0000] {processor.py:208} INFO - Processing /home/airflow/.local/lib/python3.12/site-packages/airflow/example_dags/example_branch_labels.py took 0.095 seconds
[2025-09-22T00:14:56.606+0000] {processor.py:186} INFO - Started process (PID=7060) to work on /home/airflow/.local/lib/python3.12/site-packages/airflow/example_dags/example_branch_labels.py
[2025-09-22T00:14:56.607+0000] {processor.py:914} INFO - Processing file /home/airflow/.local/lib/python3.12/site-packages/airflow/example_dags/example_branch_labels.py for tasks to queue
[2025-09-22T00:14:56.609+0000] {logging_mixin.py:190} INFO - [2025-09-22T00:14:56.609+0000] {dagbag.py:588} INFO - Filling up the DagBag from /home/airflow/.local/lib/python3.12/site-packages/airflow/example_dags/example_branch_labels.py
[2025-09-22T00:14:56.618+0000] {processor.py:925} INFO - DAG(s) 'example_branch_labels' retrieved from /home/airflow/.local/lib/python3.12/site-packages/airflow/example_dags/example_branch_labels.py
[2025-09-22T00:14:56.640+0000] {logging_mixin.py:190} INFO - [2025-09-22T00:14:56.639+0000] {dag.py:3239} INFO - Sync 1 DAGs
[2025-09-22T00:14:56.662+0000] {logging_mixin.py:190} INFO - [2025-09-22T00:14:56.662+0000] {dag.py:4180} INFO - Setting next_dagrun for example_branch_labels to 2025-09-21 00:00:00+00:00, run_after=2025-09-22 00:00:00+00:00
[2025-09-22T00:14:56.705+0000] {processor.py:208} INFO - Processing /home/airflow/.local/lib/python3.12/site-packages/airflow/example_dags/example_branch_labels.py took 0.105 seconds
[2025-09-22T00:15:28.032+0000] {processor.py:186} INFO - Started process (PID=7124) to work on /home/airflow/.local/lib/python3.12/site-packages/airflow/example_dags/example_branch_labels.py
[2025-09-22T00:15:28.033+0000] {processor.py:914} INFO - Processing file /home/airflow/.local/lib/python3.12/site-packages/airflow/example_dags/example_branch_labels.py for tasks to queue
[2025-09-22T00:15:28.035+0000] {logging_mixin.py:190} INFO - [2025-09-22T00:15:28.035+0000] {dagbag.py:588} INFO - Filling up the DagBag from /home/airflow/.local/lib/python3.12/site-packages/airflow/example_dags/example_branch_labels.py
[2025-09-22T00:15:28.046+0000] {processor.py:925} INFO - DAG(s) 'example_branch_labels' retrieved from /home/airflow/.local/lib/python3.12/site-packages/airflow/example_dags/example_branch_labels.py
[2025-09-22T00:15:28.066+0000] {logging_mixin.py:190} INFO - [2025-09-22T00:15:28.066+0000] {dag.py:3239} INFO - Sync 1 DAGs
[2025-09-22T00:15:28.090+0000] {logging_mixin.py:190} INFO - [2025-09-22T00:15:28.089+0000] {dag.py:4180} INFO - Setting next_dagrun for example_branch_labels to 2025-09-21 00:00:00+00:00, run_after=2025-09-22 00:00:00+00:00
[2025-09-22T00:15:28.137+0000] {processor.py:208} INFO - Processing /home/airflow/.local/lib/python3.12/site-packages/airflow/example_dags/example_branch_labels.py took 0.110 seconds
[2025-09-22T00:15:58.969+0000] {processor.py:186} INFO - Started process (PID=7188) to work on /home/airflow/.local/lib/python3.12/site-packages/airflow/example_dags/example_branch_labels.py
[2025-09-22T00:15:58.969+0000] {processor.py:914} INFO - Processing file /home/airflow/.local/lib/python3.12/site-packages/airflow/example_dags/example_branch_labels.py for tasks to queue
[2025-09-22T00:15:58.972+0000] {logging_mixin.py:190} INFO - [2025-09-22T00:15:58.971+0000] {dagbag.py:588} INFO - Filling up the DagBag from /home/airflow/.local/lib/python3.12/site-packages/airflow/example_dags/example_branch_labels.py
[2025-09-22T00:15:58.983+0000] {processor.py:925} INFO - DAG(s) 'example_branch_labels' retrieved from /home/airflow/.local/lib/python3.12/site-packages/airflow/example_dags/example_branch_labels.py
[2025-09-22T00:15:59.010+0000] {logging_mixin.py:190} INFO - [2025-09-22T00:15:59.009+0000] {dag.py:3239} INFO - Sync 1 DAGs
[2025-09-22T00:15:59.042+0000] {logging_mixin.py:190} INFO - [2025-09-22T00:15:59.042+0000] {dag.py:4180} INFO - Setting next_dagrun for example_branch_labels to 2025-09-21 00:00:00+00:00, run_after=2025-09-22 00:00:00+00:00
[2025-09-22T00:15:59.088+0000] {processor.py:208} INFO - Processing /home/airflow/.local/lib/python3.12/site-packages/airflow/example_dags/example_branch_labels.py took 0.128 seconds
[2025-09-22T00:16:30.503+0000] {processor.py:186} INFO - Started process (PID=7252) to work on /home/airflow/.local/lib/python3.12/site-packages/airflow/example_dags/example_branch_labels.py
[2025-09-22T00:16:30.504+0000] {processor.py:914} INFO - Processing file /home/airflow/.local/lib/python3.12/site-packages/airflow/example_dags/example_branch_labels.py for tasks to queue
[2025-09-22T00:16:30.507+0000] {logging_mixin.py:190} INFO - [2025-09-22T00:16:30.506+0000] {dagbag.py:588} INFO - Filling up the DagBag from /home/airflow/.local/lib/python3.12/site-packages/airflow/example_dags/example_branch_labels.py
[2025-09-22T00:16:30.518+0000] {processor.py:925} INFO - DAG(s) 'example_branch_labels' retrieved from /home/airflow/.local/lib/python3.12/site-packages/airflow/example_dags/example_branch_labels.py
[2025-09-22T00:16:30.539+0000] {logging_mixin.py:190} INFO - [2025-09-22T00:16:30.539+0000] {dag.py:3239} INFO - Sync 1 DAGs
[2025-09-22T00:16:30.576+0000] {logging_mixin.py:190} INFO - [2025-09-22T00:16:30.576+0000] {dag.py:4180} INFO - Setting next_dagrun for example_branch_labels to 2025-09-21 00:00:00+00:00, run_after=2025-09-22 00:00:00+00:00
[2025-09-22T00:16:30.622+0000] {processor.py:208} INFO - Processing /home/airflow/.local/lib/python3.12/site-packages/airflow/example_dags/example_branch_labels.py took 0.125 seconds
[2025-09-22T00:17:02.119+0000] {processor.py:186} INFO - Started process (PID=7316) to work on /home/airflow/.local/lib/python3.12/site-packages/airflow/example_dags/example_branch_labels.py
[2025-09-22T00:17:02.120+0000] {processor.py:914} INFO - Processing file /home/airflow/.local/lib/python3.12/site-packages/airflow/example_dags/example_branch_labels.py for tasks to queue
[2025-09-22T00:17:02.123+0000] {logging_mixin.py:190} INFO - [2025-09-22T00:17:02.122+0000] {dagbag.py:588} INFO - Filling up the DagBag from /home/airflow/.local/lib/python3.12/site-packages/airflow/example_dags/example_branch_labels.py
[2025-09-22T00:17:02.132+0000] {processor.py:925} INFO - DAG(s) 'example_branch_labels' retrieved from /home/airflow/.local/lib/python3.12/site-packages/airflow/example_dags/example_branch_labels.py
[2025-09-22T00:17:02.151+0000] {logging_mixin.py:190} INFO - [2025-09-22T00:17:02.151+0000] {dag.py:3239} INFO - Sync 1 DAGs
[2025-09-22T00:17:02.176+0000] {logging_mixin.py:190} INFO - [2025-09-22T00:17:02.176+0000] {dag.py:4180} INFO - Setting next_dagrun for example_branch_labels to 2025-09-21 00:00:00+00:00, run_after=2025-09-22 00:00:00+00:00
[2025-09-22T00:17:02.225+0000] {processor.py:208} INFO - Processing /home/airflow/.local/lib/python3.12/site-packages/airflow/example_dags/example_branch_labels.py took 0.111 seconds
[2025-09-22T00:17:33.512+0000] {processor.py:186} INFO - Started process (PID=7386) to work on /home/airflow/.local/lib/python3.12/site-packages/airflow/example_dags/example_branch_labels.py
[2025-09-22T00:17:33.514+0000] {processor.py:914} INFO - Processing file /home/airflow/.local/lib/python3.12/site-packages/airflow/example_dags/example_branch_labels.py for tasks to queue
[2025-09-22T00:17:33.516+0000] {logging_mixin.py:190} INFO - [2025-09-22T00:17:33.516+0000] {dagbag.py:588} INFO - Filling up the DagBag from /home/airflow/.local/lib/python3.12/site-packages/airflow/example_dags/example_branch_labels.py
[2025-09-22T00:17:33.526+0000] {processor.py:925} INFO - DAG(s) 'example_branch_labels' retrieved from /home/airflow/.local/lib/python3.12/site-packages/airflow/example_dags/example_branch_labels.py
[2025-09-22T00:17:33.547+0000] {logging_mixin.py:190} INFO - [2025-09-22T00:17:33.547+0000] {dag.py:3239} INFO - Sync 1 DAGs
[2025-09-22T00:17:33.572+0000] {logging_mixin.py:190} INFO - [2025-09-22T00:17:33.571+0000] {dag.py:4180} INFO - Setting next_dagrun for example_branch_labels to 2025-09-21 00:00:00+00:00, run_after=2025-09-22 00:00:00+00:00
[2025-09-22T00:17:33.611+0000] {processor.py:208} INFO - Processing /home/airflow/.local/lib/python3.12/site-packages/airflow/example_dags/example_branch_labels.py took 0.105 seconds
[2025-09-22T00:18:05.417+0000] {processor.py:186} INFO - Started process (PID=7450) to work on /home/airflow/.local/lib/python3.12/site-packages/airflow/example_dags/example_branch_labels.py
[2025-09-22T00:18:05.418+0000] {processor.py:914} INFO - Processing file /home/airflow/.local/lib/python3.12/site-packages/airflow/example_dags/example_branch_labels.py for tasks to queue
[2025-09-22T00:18:05.421+0000] {logging_mixin.py:190} INFO - [2025-09-22T00:18:05.420+0000] {dagbag.py:588} INFO - Filling up the DagBag from /home/airflow/.local/lib/python3.12/site-packages/airflow/example_dags/example_branch_labels.py
[2025-09-22T00:18:05.432+0000] {processor.py:925} INFO - DAG(s) 'example_branch_labels' retrieved from /home/airflow/.local/lib/python3.12/site-packages/airflow/example_dags/example_branch_labels.py
[2025-09-22T00:18:05.456+0000] {logging_mixin.py:190} INFO - [2025-09-22T00:18:05.456+0000] {dag.py:3239} INFO - Sync 1 DAGs
[2025-09-22T00:18:05.478+0000] {logging_mixin.py:190} INFO - [2025-09-22T00:18:05.478+0000] {dag.py:4180} INFO - Setting next_dagrun for example_branch_labels to 2025-09-21 00:00:00+00:00, run_after=2025-09-22 00:00:00+00:00
[2025-09-22T00:18:05.519+0000] {processor.py:208} INFO - Processing /home/airflow/.local/lib/python3.12/site-packages/airflow/example_dags/example_branch_labels.py took 0.111 seconds
[2025-09-22T00:18:36.807+0000] {processor.py:186} INFO - Started process (PID=7514) to work on /home/airflow/.local/lib/python3.12/site-packages/airflow/example_dags/example_branch_labels.py
[2025-09-22T00:18:36.808+0000] {processor.py:914} INFO - Processing file /home/airflow/.local/lib/python3.12/site-packages/airflow/example_dags/example_branch_labels.py for tasks to queue
[2025-09-22T00:18:36.810+0000] {logging_mixin.py:190} INFO - [2025-09-22T00:18:36.809+0000] {dagbag.py:588} INFO - Filling up the DagBag from /home/airflow/.local/lib/python3.12/site-packages/airflow/example_dags/example_branch_labels.py
[2025-09-22T00:18:36.818+0000] {processor.py:925} INFO - DAG(s) 'example_branch_labels' retrieved from /home/airflow/.local/lib/python3.12/site-packages/airflow/example_dags/example_branch_labels.py
[2025-09-22T00:18:36.837+0000] {logging_mixin.py:190} INFO - [2025-09-22T00:18:36.837+0000] {dag.py:3239} INFO - Sync 1 DAGs
[2025-09-22T00:18:36.857+0000] {logging_mixin.py:190} INFO - [2025-09-22T00:18:36.857+0000] {dag.py:4180} INFO - Setting next_dagrun for example_branch_labels to 2025-09-21 00:00:00+00:00, run_after=2025-09-22 00:00:00+00:00
[2025-09-22T00:18:36.896+0000] {processor.py:208} INFO - Processing /home/airflow/.local/lib/python3.12/site-packages/airflow/example_dags/example_branch_labels.py took 0.094 seconds
[2025-09-22T00:19:08.103+0000] {processor.py:186} INFO - Started process (PID=7578) to work on /home/airflow/.local/lib/python3.12/site-packages/airflow/example_dags/example_branch_labels.py
[2025-09-22T00:19:08.104+0000] {processor.py:914} INFO - Processing file /home/airflow/.local/lib/python3.12/site-packages/airflow/example_dags/example_branch_labels.py for tasks to queue
[2025-09-22T00:19:08.105+0000] {logging_mixin.py:190} INFO - [2025-09-22T00:19:08.105+0000] {dagbag.py:588} INFO - Filling up the DagBag from /home/airflow/.local/lib/python3.12/site-packages/airflow/example_dags/example_branch_labels.py
[2025-09-22T00:19:08.114+0000] {processor.py:925} INFO - DAG(s) 'example_branch_labels' retrieved from /home/airflow/.local/lib/python3.12/site-packages/airflow/example_dags/example_branch_labels.py
[2025-09-22T00:19:08.133+0000] {logging_mixin.py:190} INFO - [2025-09-22T00:19:08.133+0000] {dag.py:3239} INFO - Sync 1 DAGs
[2025-09-22T00:19:08.154+0000] {logging_mixin.py:190} INFO - [2025-09-22T00:19:08.154+0000] {dag.py:4180} INFO - Setting next_dagrun for example_branch_labels to 2025-09-21 00:00:00+00:00, run_after=2025-09-22 00:00:00+00:00
[2025-09-22T00:19:08.207+0000] {processor.py:208} INFO - Processing /home/airflow/.local/lib/python3.12/site-packages/airflow/example_dags/example_branch_labels.py took 0.110 seconds
[2025-09-22T00:19:39.241+0000] {processor.py:186} INFO - Started process (PID=7642) to work on /home/airflow/.local/lib/python3.12/site-packages/airflow/example_dags/example_branch_labels.py
[2025-09-22T00:19:39.242+0000] {processor.py:914} INFO - Processing file /home/airflow/.local/lib/python3.12/site-packages/airflow/example_dags/example_branch_labels.py for tasks to queue
[2025-09-22T00:19:39.244+0000] {logging_mixin.py:190} INFO - [2025-09-22T00:19:39.244+0000] {dagbag.py:588} INFO - Filling up the DagBag from /home/airflow/.local/lib/python3.12/site-packages/airflow/example_dags/example_branch_labels.py
[2025-09-22T00:19:39.252+0000] {processor.py:925} INFO - DAG(s) 'example_branch_labels' retrieved from /home/airflow/.local/lib/python3.12/site-packages/airflow/example_dags/example_branch_labels.py
[2025-09-22T00:19:39.274+0000] {logging_mixin.py:190} INFO - [2025-09-22T00:19:39.273+0000] {dag.py:3239} INFO - Sync 1 DAGs
[2025-09-22T00:19:39.294+0000] {logging_mixin.py:190} INFO - [2025-09-22T00:19:39.294+0000] {dag.py:4180} INFO - Setting next_dagrun for example_branch_labels to 2025-09-21 00:00:00+00:00, run_after=2025-09-22 00:00:00+00:00
[2025-09-22T00:19:39.341+0000] {processor.py:208} INFO - Processing /home/airflow/.local/lib/python3.12/site-packages/airflow/example_dags/example_branch_labels.py took 0.105 seconds
[2025-09-22T00:20:10.229+0000] {processor.py:186} INFO - Started process (PID=7706) to work on /home/airflow/.local/lib/python3.12/site-packages/airflow/example_dags/example_branch_labels.py
[2025-09-22T00:20:10.230+0000] {processor.py:914} INFO - Processing file /home/airflow/.local/lib/python3.12/site-packages/airflow/example_dags/example_branch_labels.py for tasks to queue
[2025-09-22T00:20:10.232+0000] {logging_mixin.py:190} INFO - [2025-09-22T00:20:10.232+0000] {dagbag.py:588} INFO - Filling up the DagBag from /home/airflow/.local/lib/python3.12/site-packages/airflow/example_dags/example_branch_labels.py
[2025-09-22T00:20:10.240+0000] {processor.py:925} INFO - DAG(s) 'example_branch_labels' retrieved from /home/airflow/.local/lib/python3.12/site-packages/airflow/example_dags/example_branch_labels.py
[2025-09-22T00:20:10.258+0000] {logging_mixin.py:190} INFO - [2025-09-22T00:20:10.257+0000] {dag.py:3239} INFO - Sync 1 DAGs
[2025-09-22T00:20:10.279+0000] {logging_mixin.py:190} INFO - [2025-09-22T00:20:10.278+0000] {dag.py:4180} INFO - Setting next_dagrun for example_branch_labels to 2025-09-21 00:00:00+00:00, run_after=2025-09-22 00:00:00+00:00
[2025-09-22T00:20:10.319+0000] {processor.py:208} INFO - Processing /home/airflow/.local/lib/python3.12/site-packages/airflow/example_dags/example_branch_labels.py took 0.095 seconds
[2025-09-22T00:20:41.284+0000] {processor.py:186} INFO - Started process (PID=7770) to work on /home/airflow/.local/lib/python3.12/site-packages/airflow/example_dags/example_branch_labels.py
[2025-09-22T00:20:41.285+0000] {processor.py:914} INFO - Processing file /home/airflow/.local/lib/python3.12/site-packages/airflow/example_dags/example_branch_labels.py for tasks to queue
[2025-09-22T00:20:41.287+0000] {logging_mixin.py:190} INFO - [2025-09-22T00:20:41.287+0000] {dagbag.py:588} INFO - Filling up the DagBag from /home/airflow/.local/lib/python3.12/site-packages/airflow/example_dags/example_branch_labels.py
[2025-09-22T00:20:41.295+0000] {processor.py:925} INFO - DAG(s) 'example_branch_labels' retrieved from /home/airflow/.local/lib/python3.12/site-packages/airflow/example_dags/example_branch_labels.py
[2025-09-22T00:20:41.315+0000] {logging_mixin.py:190} INFO - [2025-09-22T00:20:41.315+0000] {dag.py:3239} INFO - Sync 1 DAGs
[2025-09-22T00:20:41.336+0000] {logging_mixin.py:190} INFO - [2025-09-22T00:20:41.336+0000] {dag.py:4180} INFO - Setting next_dagrun for example_branch_labels to 2025-09-21 00:00:00+00:00, run_after=2025-09-22 00:00:00+00:00
[2025-09-22T00:20:41.381+0000] {processor.py:208} INFO - Processing /home/airflow/.local/lib/python3.12/site-packages/airflow/example_dags/example_branch_labels.py took 0.101 seconds
[2025-09-22T00:21:12.818+0000] {processor.py:186} INFO - Started process (PID=7834) to work on /home/airflow/.local/lib/python3.12/site-packages/airflow/example_dags/example_branch_labels.py
[2025-09-22T00:21:12.819+0000] {processor.py:914} INFO - Processing file /home/airflow/.local/lib/python3.12/site-packages/airflow/example_dags/example_branch_labels.py for tasks to queue
[2025-09-22T00:21:12.821+0000] {logging_mixin.py:190} INFO - [2025-09-22T00:21:12.821+0000] {dagbag.py:588} INFO - Filling up the DagBag from /home/airflow/.local/lib/python3.12/site-packages/airflow/example_dags/example_branch_labels.py
[2025-09-22T00:21:12.829+0000] {processor.py:925} INFO - DAG(s) 'example_branch_labels' retrieved from /home/airflow/.local/lib/python3.12/site-packages/airflow/example_dags/example_branch_labels.py
[2025-09-22T00:21:12.847+0000] {logging_mixin.py:190} INFO - [2025-09-22T00:21:12.847+0000] {dag.py:3239} INFO - Sync 1 DAGs
[2025-09-22T00:21:12.867+0000] {logging_mixin.py:190} INFO - [2025-09-22T00:21:12.867+0000] {dag.py:4180} INFO - Setting next_dagrun for example_branch_labels to 2025-09-21 00:00:00+00:00, run_after=2025-09-22 00:00:00+00:00
[2025-09-22T00:21:12.908+0000] {processor.py:208} INFO - Processing /home/airflow/.local/lib/python3.12/site-packages/airflow/example_dags/example_branch_labels.py took 0.095 seconds
[2025-09-22T00:21:44.083+0000] {processor.py:186} INFO - Started process (PID=7898) to work on /home/airflow/.local/lib/python3.12/site-packages/airflow/example_dags/example_branch_labels.py
[2025-09-22T00:21:44.084+0000] {processor.py:914} INFO - Processing file /home/airflow/.local/lib/python3.12/site-packages/airflow/example_dags/example_branch_labels.py for tasks to queue
[2025-09-22T00:21:44.086+0000] {logging_mixin.py:190} INFO - [2025-09-22T00:21:44.086+0000] {dagbag.py:588} INFO - Filling up the DagBag from /home/airflow/.local/lib/python3.12/site-packages/airflow/example_dags/example_branch_labels.py
[2025-09-22T00:21:44.094+0000] {processor.py:925} INFO - DAG(s) 'example_branch_labels' retrieved from /home/airflow/.local/lib/python3.12/site-packages/airflow/example_dags/example_branch_labels.py
[2025-09-22T00:21:44.113+0000] {logging_mixin.py:190} INFO - [2025-09-22T00:21:44.112+0000] {dag.py:3239} INFO - Sync 1 DAGs
[2025-09-22T00:21:44.134+0000] {logging_mixin.py:190} INFO - [2025-09-22T00:21:44.133+0000] {dag.py:4180} INFO - Setting next_dagrun for example_branch_labels to 2025-09-21 00:00:00+00:00, run_after=2025-09-22 00:00:00+00:00
[2025-09-22T00:21:44.173+0000] {processor.py:208} INFO - Processing /home/airflow/.local/lib/python3.12/site-packages/airflow/example_dags/example_branch_labels.py took 0.095 seconds
[2025-09-22T00:22:15.016+0000] {processor.py:186} INFO - Started process (PID=7962) to work on /home/airflow/.local/lib/python3.12/site-packages/airflow/example_dags/example_branch_labels.py
[2025-09-22T00:22:15.017+0000] {processor.py:914} INFO - Processing file /home/airflow/.local/lib/python3.12/site-packages/airflow/example_dags/example_branch_labels.py for tasks to queue
[2025-09-22T00:22:15.019+0000] {logging_mixin.py:190} INFO - [2025-09-22T00:22:15.019+0000] {dagbag.py:588} INFO - Filling up the DagBag from /home/airflow/.local/lib/python3.12/site-packages/airflow/example_dags/example_branch_labels.py
[2025-09-22T00:22:15.029+0000] {processor.py:925} INFO - DAG(s) 'example_branch_labels' retrieved from /home/airflow/.local/lib/python3.12/site-packages/airflow/example_dags/example_branch_labels.py
[2025-09-22T00:22:15.047+0000] {logging_mixin.py:190} INFO - [2025-09-22T00:22:15.047+0000] {dag.py:3239} INFO - Sync 1 DAGs
[2025-09-22T00:22:15.067+0000] {logging_mixin.py:190} INFO - [2025-09-22T00:22:15.067+0000] {dag.py:4180} INFO - Setting next_dagrun for example_branch_labels to 2025-09-21 00:00:00+00:00, run_after=2025-09-22 00:00:00+00:00
[2025-09-22T00:22:15.106+0000] {processor.py:208} INFO - Processing /home/airflow/.local/lib/python3.12/site-packages/airflow/example_dags/example_branch_labels.py took 0.096 seconds
[2025-09-22T00:22:46.362+0000] {processor.py:186} INFO - Started process (PID=8026) to work on /home/airflow/.local/lib/python3.12/site-packages/airflow/example_dags/example_branch_labels.py
[2025-09-22T00:22:46.363+0000] {processor.py:914} INFO - Processing file /home/airflow/.local/lib/python3.12/site-packages/airflow/example_dags/example_branch_labels.py for tasks to queue
[2025-09-22T00:22:46.365+0000] {logging_mixin.py:190} INFO - [2025-09-22T00:22:46.364+0000] {dagbag.py:588} INFO - Filling up the DagBag from /home/airflow/.local/lib/python3.12/site-packages/airflow/example_dags/example_branch_labels.py
[2025-09-22T00:22:46.373+0000] {processor.py:925} INFO - DAG(s) 'example_branch_labels' retrieved from /home/airflow/.local/lib/python3.12/site-packages/airflow/example_dags/example_branch_labels.py
[2025-09-22T00:22:46.391+0000] {logging_mixin.py:190} INFO - [2025-09-22T00:22:46.391+0000] {dag.py:3239} INFO - Sync 1 DAGs
[2025-09-22T00:22:46.412+0000] {logging_mixin.py:190} INFO - [2025-09-22T00:22:46.411+0000] {dag.py:4180} INFO - Setting next_dagrun for example_branch_labels to 2025-09-21 00:00:00+00:00, run_after=2025-09-22 00:00:00+00:00
[2025-09-22T00:22:46.451+0000] {processor.py:208} INFO - Processing /home/airflow/.local/lib/python3.12/site-packages/airflow/example_dags/example_branch_labels.py took 0.094 seconds
[2025-09-22T00:23:17.114+0000] {processor.py:186} INFO - Started process (PID=8090) to work on /home/airflow/.local/lib/python3.12/site-packages/airflow/example_dags/example_branch_labels.py
[2025-09-22T00:23:17.115+0000] {processor.py:914} INFO - Processing file /home/airflow/.local/lib/python3.12/site-packages/airflow/example_dags/example_branch_labels.py for tasks to queue
[2025-09-22T00:23:17.117+0000] {logging_mixin.py:190} INFO - [2025-09-22T00:23:17.117+0000] {dagbag.py:588} INFO - Filling up the DagBag from /home/airflow/.local/lib/python3.12/site-packages/airflow/example_dags/example_branch_labels.py
[2025-09-22T00:23:17.125+0000] {processor.py:925} INFO - DAG(s) 'example_branch_labels' retrieved from /home/airflow/.local/lib/python3.12/site-packages/airflow/example_dags/example_branch_labels.py
[2025-09-22T00:23:17.143+0000] {logging_mixin.py:190} INFO - [2025-09-22T00:23:17.143+0000] {dag.py:3239} INFO - Sync 1 DAGs
[2025-09-22T00:23:17.163+0000] {logging_mixin.py:190} INFO - [2025-09-22T00:23:17.163+0000] {dag.py:4180} INFO - Setting next_dagrun for example_branch_labels to 2025-09-21 00:00:00+00:00, run_after=2025-09-22 00:00:00+00:00
[2025-09-22T00:23:17.204+0000] {processor.py:208} INFO - Processing /home/airflow/.local/lib/python3.12/site-packages/airflow/example_dags/example_branch_labels.py took 0.095 seconds
[2025-09-22T00:23:48.502+0000] {processor.py:186} INFO - Started process (PID=8154) to work on /home/airflow/.local/lib/python3.12/site-packages/airflow/example_dags/example_branch_labels.py
[2025-09-22T00:23:48.503+0000] {processor.py:914} INFO - Processing file /home/airflow/.local/lib/python3.12/site-packages/airflow/example_dags/example_branch_labels.py for tasks to queue
[2025-09-22T00:23:48.505+0000] {logging_mixin.py:190} INFO - [2025-09-22T00:23:48.505+0000] {dagbag.py:588} INFO - Filling up the DagBag from /home/airflow/.local/lib/python3.12/site-packages/airflow/example_dags/example_branch_labels.py
[2025-09-22T00:23:48.515+0000] {processor.py:925} INFO - DAG(s) 'example_branch_labels' retrieved from /home/airflow/.local/lib/python3.12/site-packages/airflow/example_dags/example_branch_labels.py
[2025-09-22T00:23:48.534+0000] {logging_mixin.py:190} INFO - [2025-09-22T00:23:48.534+0000] {dag.py:3239} INFO - Sync 1 DAGs
[2025-09-22T00:23:48.555+0000] {logging_mixin.py:190} INFO - [2025-09-22T00:23:48.555+0000] {dag.py:4180} INFO - Setting next_dagrun for example_branch_labels to 2025-09-21 00:00:00+00:00, run_after=2025-09-22 00:00:00+00:00
[2025-09-22T00:23:48.603+0000] {processor.py:208} INFO - Processing /home/airflow/.local/lib/python3.12/site-packages/airflow/example_dags/example_branch_labels.py took 0.106 seconds
[2025-09-22T00:24:19.789+0000] {processor.py:186} INFO - Started process (PID=8218) to work on /home/airflow/.local/lib/python3.12/site-packages/airflow/example_dags/example_branch_labels.py
[2025-09-22T00:24:19.790+0000] {processor.py:914} INFO - Processing file /home/airflow/.local/lib/python3.12/site-packages/airflow/example_dags/example_branch_labels.py for tasks to queue
[2025-09-22T00:24:19.792+0000] {logging_mixin.py:190} INFO - [2025-09-22T00:24:19.792+0000] {dagbag.py:588} INFO - Filling up the DagBag from /home/airflow/.local/lib/python3.12/site-packages/airflow/example_dags/example_branch_labels.py
[2025-09-22T00:24:19.802+0000] {processor.py:925} INFO - DAG(s) 'example_branch_labels' retrieved from /home/airflow/.local/lib/python3.12/site-packages/airflow/example_dags/example_branch_labels.py
[2025-09-22T00:24:19.822+0000] {logging_mixin.py:190} INFO - [2025-09-22T00:24:19.821+0000] {dag.py:3239} INFO - Sync 1 DAGs
[2025-09-22T00:24:19.843+0000] {logging_mixin.py:190} INFO - [2025-09-22T00:24:19.843+0000] {dag.py:4180} INFO - Setting next_dagrun for example_branch_labels to 2025-09-21 00:00:00+00:00, run_after=2025-09-22 00:00:00+00:00
[2025-09-22T00:24:19.881+0000] {processor.py:208} INFO - Processing /home/airflow/.local/lib/python3.12/site-packages/airflow/example_dags/example_branch_labels.py took 0.098 seconds
[2025-09-22T00:24:50.854+0000] {processor.py:186} INFO - Started process (PID=8282) to work on /home/airflow/.local/lib/python3.12/site-packages/airflow/example_dags/example_branch_labels.py
[2025-09-22T00:24:50.854+0000] {processor.py:914} INFO - Processing file /home/airflow/.local/lib/python3.12/site-packages/airflow/example_dags/example_branch_labels.py for tasks to queue
[2025-09-22T00:24:50.856+0000] {logging_mixin.py:190} INFO - [2025-09-22T00:24:50.856+0000] {dagbag.py:588} INFO - Filling up the DagBag from /home/airflow/.local/lib/python3.12/site-packages/airflow/example_dags/example_branch_labels.py
[2025-09-22T00:24:50.865+0000] {processor.py:925} INFO - DAG(s) 'example_branch_labels' retrieved from /home/airflow/.local/lib/python3.12/site-packages/airflow/example_dags/example_branch_labels.py
[2025-09-22T00:24:50.884+0000] {logging_mixin.py:190} INFO - [2025-09-22T00:24:50.884+0000] {dag.py:3239} INFO - Sync 1 DAGs
[2025-09-22T00:24:50.905+0000] {logging_mixin.py:190} INFO - [2025-09-22T00:24:50.905+0000] {dag.py:4180} INFO - Setting next_dagrun for example_branch_labels to 2025-09-21 00:00:00+00:00, run_after=2025-09-22 00:00:00+00:00
[2025-09-22T00:24:50.950+0000] {processor.py:208} INFO - Processing /home/airflow/.local/lib/python3.12/site-packages/airflow/example_dags/example_branch_labels.py took 0.102 seconds
[2025-09-22T00:25:21.869+0000] {processor.py:186} INFO - Started process (PID=8346) to work on /home/airflow/.local/lib/python3.12/site-packages/airflow/example_dags/example_branch_labels.py
[2025-09-22T00:25:21.870+0000] {processor.py:914} INFO - Processing file /home/airflow/.local/lib/python3.12/site-packages/airflow/example_dags/example_branch_labels.py for tasks to queue
[2025-09-22T00:25:21.872+0000] {logging_mixin.py:190} INFO - [2025-09-22T00:25:21.871+0000] {dagbag.py:588} INFO - Filling up the DagBag from /home/airflow/.local/lib/python3.12/site-packages/airflow/example_dags/example_branch_labels.py
[2025-09-22T00:25:21.880+0000] {processor.py:925} INFO - DAG(s) 'example_branch_labels' retrieved from /home/airflow/.local/lib/python3.12/site-packages/airflow/example_dags/example_branch_labels.py
[2025-09-22T00:25:21.898+0000] {logging_mixin.py:190} INFO - [2025-09-22T00:25:21.898+0000] {dag.py:3239} INFO - Sync 1 DAGs
[2025-09-22T00:25:21.923+0000] {logging_mixin.py:190} INFO - [2025-09-22T00:25:21.923+0000] {dag.py:4180} INFO - Setting next_dagrun for example_branch_labels to 2025-09-21 00:00:00+00:00, run_after=2025-09-22 00:00:00+00:00
[2025-09-22T00:25:21.969+0000] {processor.py:208} INFO - Processing /home/airflow/.local/lib/python3.12/site-packages/airflow/example_dags/example_branch_labels.py took 0.109 seconds
[2025-09-22T00:25:53.029+0000] {processor.py:186} INFO - Started process (PID=8410) to work on /home/airflow/.local/lib/python3.12/site-packages/airflow/example_dags/example_branch_labels.py
[2025-09-22T00:25:53.030+0000] {processor.py:914} INFO - Processing file /home/airflow/.local/lib/python3.12/site-packages/airflow/example_dags/example_branch_labels.py for tasks to queue
[2025-09-22T00:25:53.032+0000] {logging_mixin.py:190} INFO - [2025-09-22T00:25:53.032+0000] {dagbag.py:588} INFO - Filling up the DagBag from /home/airflow/.local/lib/python3.12/site-packages/airflow/example_dags/example_branch_labels.py
[2025-09-22T00:25:53.042+0000] {processor.py:925} INFO - DAG(s) 'example_branch_labels' retrieved from /home/airflow/.local/lib/python3.12/site-packages/airflow/example_dags/example_branch_labels.py
[2025-09-22T00:25:53.060+0000] {logging_mixin.py:190} INFO - [2025-09-22T00:25:53.060+0000] {dag.py:3239} INFO - Sync 1 DAGs
[2025-09-22T00:25:53.081+0000] {logging_mixin.py:190} INFO - [2025-09-22T00:25:53.081+0000] {dag.py:4180} INFO - Setting next_dagrun for example_branch_labels to 2025-09-21 00:00:00+00:00, run_after=2025-09-22 00:00:00+00:00
[2025-09-22T00:25:53.118+0000] {processor.py:208} INFO - Processing /home/airflow/.local/lib/python3.12/site-packages/airflow/example_dags/example_branch_labels.py took 0.094 seconds
[2025-09-22T00:26:23.959+0000] {processor.py:186} INFO - Started process (PID=8474) to work on /home/airflow/.local/lib/python3.12/site-packages/airflow/example_dags/example_branch_labels.py
[2025-09-22T00:26:23.959+0000] {processor.py:914} INFO - Processing file /home/airflow/.local/lib/python3.12/site-packages/airflow/example_dags/example_branch_labels.py for tasks to queue
[2025-09-22T00:26:23.961+0000] {logging_mixin.py:190} INFO - [2025-09-22T00:26:23.961+0000] {dagbag.py:588} INFO - Filling up the DagBag from /home/airflow/.local/lib/python3.12/site-packages/airflow/example_dags/example_branch_labels.py
[2025-09-22T00:26:23.970+0000] {processor.py:925} INFO - DAG(s) 'example_branch_labels' retrieved from /home/airflow/.local/lib/python3.12/site-packages/airflow/example_dags/example_branch_labels.py
[2025-09-22T00:26:23.987+0000] {logging_mixin.py:190} INFO - [2025-09-22T00:26:23.987+0000] {dag.py:3239} INFO - Sync 1 DAGs
[2025-09-22T00:26:24.007+0000] {logging_mixin.py:190} INFO - [2025-09-22T00:26:24.007+0000] {dag.py:4180} INFO - Setting next_dagrun for example_branch_labels to 2025-09-21 00:00:00+00:00, run_after=2025-09-22 00:00:00+00:00
[2025-09-22T00:26:25.037+0000] {processor.py:208} INFO - Processing /home/airflow/.local/lib/python3.12/site-packages/airflow/example_dags/example_branch_labels.py took 1.084 seconds
[2025-09-22T00:26:55.750+0000] {processor.py:186} INFO - Started process (PID=8542) to work on /home/airflow/.local/lib/python3.12/site-packages/airflow/example_dags/example_branch_labels.py
[2025-09-22T00:26:55.751+0000] {processor.py:914} INFO - Processing file /home/airflow/.local/lib/python3.12/site-packages/airflow/example_dags/example_branch_labels.py for tasks to queue
[2025-09-22T00:26:55.753+0000] {logging_mixin.py:190} INFO - [2025-09-22T00:26:55.753+0000] {dagbag.py:588} INFO - Filling up the DagBag from /home/airflow/.local/lib/python3.12/site-packages/airflow/example_dags/example_branch_labels.py
[2025-09-22T00:26:55.762+0000] {processor.py:925} INFO - DAG(s) 'example_branch_labels' retrieved from /home/airflow/.local/lib/python3.12/site-packages/airflow/example_dags/example_branch_labels.py
[2025-09-22T00:26:55.780+0000] {logging_mixin.py:190} INFO - [2025-09-22T00:26:55.780+0000] {dag.py:3239} INFO - Sync 1 DAGs
[2025-09-22T00:26:55.801+0000] {logging_mixin.py:190} INFO - [2025-09-22T00:26:55.800+0000] {dag.py:4180} INFO - Setting next_dagrun for example_branch_labels to 2025-09-21 00:00:00+00:00, run_after=2025-09-22 00:00:00+00:00
[2025-09-22T00:26:55.841+0000] {processor.py:208} INFO - Processing /home/airflow/.local/lib/python3.12/site-packages/airflow/example_dags/example_branch_labels.py took 0.096 seconds
[2025-09-22T00:27:26.489+0000] {processor.py:186} INFO - Started process (PID=8606) to work on /home/airflow/.local/lib/python3.12/site-packages/airflow/example_dags/example_branch_labels.py
[2025-09-22T00:27:26.489+0000] {processor.py:914} INFO - Processing file /home/airflow/.local/lib/python3.12/site-packages/airflow/example_dags/example_branch_labels.py for tasks to queue
[2025-09-22T00:27:26.491+0000] {logging_mixin.py:190} INFO - [2025-09-22T00:27:26.491+0000] {dagbag.py:588} INFO - Filling up the DagBag from /home/airflow/.local/lib/python3.12/site-packages/airflow/example_dags/example_branch_labels.py
[2025-09-22T00:27:26.500+0000] {processor.py:925} INFO - DAG(s) 'example_branch_labels' retrieved from /home/airflow/.local/lib/python3.12/site-packages/airflow/example_dags/example_branch_labels.py
[2025-09-22T00:27:26.518+0000] {logging_mixin.py:190} INFO - [2025-09-22T00:27:26.518+0000] {dag.py:3239} INFO - Sync 1 DAGs
[2025-09-22T00:27:26.540+0000] {logging_mixin.py:190} INFO - [2025-09-22T00:27:26.539+0000] {dag.py:4180} INFO - Setting next_dagrun for example_branch_labels to 2025-09-21 00:00:00+00:00, run_after=2025-09-22 00:00:00+00:00
[2025-09-22T00:27:26.579+0000] {processor.py:208} INFO - Processing /home/airflow/.local/lib/python3.12/site-packages/airflow/example_dags/example_branch_labels.py took 0.095 seconds
[2025-09-22T00:27:57.519+0000] {processor.py:186} INFO - Started process (PID=8670) to work on /home/airflow/.local/lib/python3.12/site-packages/airflow/example_dags/example_branch_labels.py
[2025-09-22T00:27:57.520+0000] {processor.py:914} INFO - Processing file /home/airflow/.local/lib/python3.12/site-packages/airflow/example_dags/example_branch_labels.py for tasks to queue
[2025-09-22T00:27:57.522+0000] {logging_mixin.py:190} INFO - [2025-09-22T00:27:57.522+0000] {dagbag.py:588} INFO - Filling up the DagBag from /home/airflow/.local/lib/python3.12/site-packages/airflow/example_dags/example_branch_labels.py
[2025-09-22T00:27:57.533+0000] {processor.py:925} INFO - DAG(s) 'example_branch_labels' retrieved from /home/airflow/.local/lib/python3.12/site-packages/airflow/example_dags/example_branch_labels.py
[2025-09-22T00:27:57.551+0000] {logging_mixin.py:190} INFO - [2025-09-22T00:27:57.551+0000] {dag.py:3239} INFO - Sync 1 DAGs
[2025-09-22T00:27:57.573+0000] {logging_mixin.py:190} INFO - [2025-09-22T00:27:57.573+0000] {dag.py:4180} INFO - Setting next_dagrun for example_branch_labels to 2025-09-21 00:00:00+00:00, run_after=2025-09-22 00:00:00+00:00
[2025-09-22T00:27:57.640+0000] {processor.py:208} INFO - Processing /home/airflow/.local/lib/python3.12/site-packages/airflow/example_dags/example_branch_labels.py took 0.126 seconds
[2025-09-22T00:28:28.365+0000] {processor.py:186} INFO - Started process (PID=8734) to work on /home/airflow/.local/lib/python3.12/site-packages/airflow/example_dags/example_branch_labels.py
[2025-09-22T00:28:28.366+0000] {processor.py:914} INFO - Processing file /home/airflow/.local/lib/python3.12/site-packages/airflow/example_dags/example_branch_labels.py for tasks to queue
[2025-09-22T00:28:28.369+0000] {logging_mixin.py:190} INFO - [2025-09-22T00:28:28.368+0000] {dagbag.py:588} INFO - Filling up the DagBag from /home/airflow/.local/lib/python3.12/site-packages/airflow/example_dags/example_branch_labels.py
[2025-09-22T00:28:28.378+0000] {processor.py:925} INFO - DAG(s) 'example_branch_labels' retrieved from /home/airflow/.local/lib/python3.12/site-packages/airflow/example_dags/example_branch_labels.py
[2025-09-22T00:28:28.397+0000] {logging_mixin.py:190} INFO - [2025-09-22T00:28:28.396+0000] {dag.py:3239} INFO - Sync 1 DAGs
[2025-09-22T00:28:28.422+0000] {logging_mixin.py:190} INFO - [2025-09-22T00:28:28.422+0000] {dag.py:4180} INFO - Setting next_dagrun for example_branch_labels to 2025-09-21 00:00:00+00:00, run_after=2025-09-22 00:00:00+00:00
[2025-09-22T00:28:28.519+0000] {processor.py:208} INFO - Processing /home/airflow/.local/lib/python3.12/site-packages/airflow/example_dags/example_branch_labels.py took 0.160 seconds
[2025-09-22T00:29:00.131+0000] {processor.py:186} INFO - Started process (PID=8799) to work on /home/airflow/.local/lib/python3.12/site-packages/airflow/example_dags/example_branch_labels.py
[2025-09-22T00:29:00.132+0000] {processor.py:914} INFO - Processing file /home/airflow/.local/lib/python3.12/site-packages/airflow/example_dags/example_branch_labels.py for tasks to queue
[2025-09-22T00:29:00.134+0000] {logging_mixin.py:190} INFO - [2025-09-22T00:29:00.134+0000] {dagbag.py:588} INFO - Filling up the DagBag from /home/airflow/.local/lib/python3.12/site-packages/airflow/example_dags/example_branch_labels.py
[2025-09-22T00:29:00.142+0000] {processor.py:925} INFO - DAG(s) 'example_branch_labels' retrieved from /home/airflow/.local/lib/python3.12/site-packages/airflow/example_dags/example_branch_labels.py
[2025-09-22T00:29:00.161+0000] {logging_mixin.py:190} INFO - [2025-09-22T00:29:00.160+0000] {dag.py:3239} INFO - Sync 1 DAGs
[2025-09-22T00:29:00.182+0000] {logging_mixin.py:190} INFO - [2025-09-22T00:29:00.182+0000] {dag.py:4180} INFO - Setting next_dagrun for example_branch_labels to 2025-09-21 00:00:00+00:00, run_after=2025-09-22 00:00:00+00:00
[2025-09-22T00:29:00.245+0000] {processor.py:208} INFO - Processing /home/airflow/.local/lib/python3.12/site-packages/airflow/example_dags/example_branch_labels.py took 0.120 seconds
[2025-09-22T00:29:30.707+0000] {processor.py:186} INFO - Started process (PID=8863) to work on /home/airflow/.local/lib/python3.12/site-packages/airflow/example_dags/example_branch_labels.py
[2025-09-22T00:29:30.708+0000] {processor.py:914} INFO - Processing file /home/airflow/.local/lib/python3.12/site-packages/airflow/example_dags/example_branch_labels.py for tasks to queue
[2025-09-22T00:29:30.710+0000] {logging_mixin.py:190} INFO - [2025-09-22T00:29:30.710+0000] {dagbag.py:588} INFO - Filling up the DagBag from /home/airflow/.local/lib/python3.12/site-packages/airflow/example_dags/example_branch_labels.py
[2025-09-22T00:29:30.719+0000] {processor.py:925} INFO - DAG(s) 'example_branch_labels' retrieved from /home/airflow/.local/lib/python3.12/site-packages/airflow/example_dags/example_branch_labels.py
[2025-09-22T00:29:30.736+0000] {logging_mixin.py:190} INFO - [2025-09-22T00:29:30.736+0000] {dag.py:3239} INFO - Sync 1 DAGs
[2025-09-22T00:29:30.757+0000] {logging_mixin.py:190} INFO - [2025-09-22T00:29:30.757+0000] {dag.py:4180} INFO - Setting next_dagrun for example_branch_labels to 2025-09-21 00:00:00+00:00, run_after=2025-09-22 00:00:00+00:00
[2025-09-22T00:29:30.800+0000] {processor.py:208} INFO - Processing /home/airflow/.local/lib/python3.12/site-packages/airflow/example_dags/example_branch_labels.py took 0.098 seconds
[2025-09-22T00:30:01.826+0000] {processor.py:186} INFO - Started process (PID=8927) to work on /home/airflow/.local/lib/python3.12/site-packages/airflow/example_dags/example_branch_labels.py
[2025-09-22T00:30:01.827+0000] {processor.py:914} INFO - Processing file /home/airflow/.local/lib/python3.12/site-packages/airflow/example_dags/example_branch_labels.py for tasks to queue
[2025-09-22T00:30:01.829+0000] {logging_mixin.py:190} INFO - [2025-09-22T00:30:01.829+0000] {dagbag.py:588} INFO - Filling up the DagBag from /home/airflow/.local/lib/python3.12/site-packages/airflow/example_dags/example_branch_labels.py
[2025-09-22T00:30:01.838+0000] {processor.py:925} INFO - DAG(s) 'example_branch_labels' retrieved from /home/airflow/.local/lib/python3.12/site-packages/airflow/example_dags/example_branch_labels.py
[2025-09-22T00:30:01.856+0000] {logging_mixin.py:190} INFO - [2025-09-22T00:30:01.856+0000] {dag.py:3239} INFO - Sync 1 DAGs
[2025-09-22T00:30:01.877+0000] {logging_mixin.py:190} INFO - [2025-09-22T00:30:01.877+0000] {dag.py:4180} INFO - Setting next_dagrun for example_branch_labels to 2025-09-21 00:00:00+00:00, run_after=2025-09-22 00:00:00+00:00
[2025-09-22T00:30:01.917+0000] {processor.py:208} INFO - Processing /home/airflow/.local/lib/python3.12/site-packages/airflow/example_dags/example_branch_labels.py took 0.096 seconds
[2025-09-22T00:30:32.623+0000] {processor.py:186} INFO - Started process (PID=8991) to work on /home/airflow/.local/lib/python3.12/site-packages/airflow/example_dags/example_branch_labels.py
[2025-09-22T00:30:32.624+0000] {processor.py:914} INFO - Processing file /home/airflow/.local/lib/python3.12/site-packages/airflow/example_dags/example_branch_labels.py for tasks to queue
[2025-09-22T00:30:32.626+0000] {logging_mixin.py:190} INFO - [2025-09-22T00:30:32.626+0000] {dagbag.py:588} INFO - Filling up the DagBag from /home/airflow/.local/lib/python3.12/site-packages/airflow/example_dags/example_branch_labels.py
[2025-09-22T00:30:32.634+0000] {processor.py:925} INFO - DAG(s) 'example_branch_labels' retrieved from /home/airflow/.local/lib/python3.12/site-packages/airflow/example_dags/example_branch_labels.py
[2025-09-22T00:30:32.652+0000] {logging_mixin.py:190} INFO - [2025-09-22T00:30:32.652+0000] {dag.py:3239} INFO - Sync 1 DAGs
[2025-09-22T00:30:32.673+0000] {logging_mixin.py:190} INFO - [2025-09-22T00:30:32.673+0000] {dag.py:4180} INFO - Setting next_dagrun for example_branch_labels to 2025-09-21 00:00:00+00:00, run_after=2025-09-22 00:00:00+00:00
[2025-09-22T00:30:32.714+0000] {processor.py:208} INFO - Processing /home/airflow/.local/lib/python3.12/site-packages/airflow/example_dags/example_branch_labels.py took 0.096 seconds
[2025-09-22T00:31:03.679+0000] {processor.py:186} INFO - Started process (PID=9055) to work on /home/airflow/.local/lib/python3.12/site-packages/airflow/example_dags/example_branch_labels.py
[2025-09-22T00:31:03.680+0000] {processor.py:914} INFO - Processing file /home/airflow/.local/lib/python3.12/site-packages/airflow/example_dags/example_branch_labels.py for tasks to queue
[2025-09-22T00:31:03.682+0000] {logging_mixin.py:190} INFO - [2025-09-22T00:31:03.682+0000] {dagbag.py:588} INFO - Filling up the DagBag from /home/airflow/.local/lib/python3.12/site-packages/airflow/example_dags/example_branch_labels.py
[2025-09-22T00:31:03.691+0000] {processor.py:925} INFO - DAG(s) 'example_branch_labels' retrieved from /home/airflow/.local/lib/python3.12/site-packages/airflow/example_dags/example_branch_labels.py
[2025-09-22T00:31:03.708+0000] {logging_mixin.py:190} INFO - [2025-09-22T00:31:03.708+0000] {dag.py:3239} INFO - Sync 1 DAGs
[2025-09-22T00:31:03.730+0000] {logging_mixin.py:190} INFO - [2025-09-22T00:31:03.729+0000] {dag.py:4180} INFO - Setting next_dagrun for example_branch_labels to 2025-09-21 00:00:00+00:00, run_after=2025-09-22 00:00:00+00:00
[2025-09-22T00:31:03.769+0000] {processor.py:208} INFO - Processing /home/airflow/.local/lib/python3.12/site-packages/airflow/example_dags/example_branch_labels.py took 0.094 seconds
[2025-09-22T00:31:34.977+0000] {processor.py:186} INFO - Started process (PID=9125) to work on /home/airflow/.local/lib/python3.12/site-packages/airflow/example_dags/example_branch_labels.py
[2025-09-22T00:31:34.978+0000] {processor.py:914} INFO - Processing file /home/airflow/.local/lib/python3.12/site-packages/airflow/example_dags/example_branch_labels.py for tasks to queue
[2025-09-22T00:31:34.980+0000] {logging_mixin.py:190} INFO - [2025-09-22T00:31:34.980+0000] {dagbag.py:588} INFO - Filling up the DagBag from /home/airflow/.local/lib/python3.12/site-packages/airflow/example_dags/example_branch_labels.py
[2025-09-22T00:31:34.989+0000] {processor.py:925} INFO - DAG(s) 'example_branch_labels' retrieved from /home/airflow/.local/lib/python3.12/site-packages/airflow/example_dags/example_branch_labels.py
[2025-09-22T00:31:35.008+0000] {logging_mixin.py:190} INFO - [2025-09-22T00:31:35.007+0000] {dag.py:3239} INFO - Sync 1 DAGs
[2025-09-22T00:31:35.029+0000] {logging_mixin.py:190} INFO - [2025-09-22T00:31:35.029+0000] {dag.py:4180} INFO - Setting next_dagrun for example_branch_labels to 2025-09-21 00:00:00+00:00, run_after=2025-09-22 00:00:00+00:00
[2025-09-22T00:31:35.074+0000] {processor.py:208} INFO - Processing /home/airflow/.local/lib/python3.12/site-packages/airflow/example_dags/example_branch_labels.py took 0.103 seconds
[2025-09-22T00:32:08.130+0000] {processor.py:186} INFO - Started process (PID=9191) to work on /home/airflow/.local/lib/python3.12/site-packages/airflow/example_dags/example_branch_labels.py
[2025-09-22T00:32:08.131+0000] {processor.py:914} INFO - Processing file /home/airflow/.local/lib/python3.12/site-packages/airflow/example_dags/example_branch_labels.py for tasks to queue
[2025-09-22T00:32:08.133+0000] {logging_mixin.py:190} INFO - [2025-09-22T00:32:08.133+0000] {dagbag.py:588} INFO - Filling up the DagBag from /home/airflow/.local/lib/python3.12/site-packages/airflow/example_dags/example_branch_labels.py
[2025-09-22T00:32:08.142+0000] {processor.py:925} INFO - DAG(s) 'example_branch_labels' retrieved from /home/airflow/.local/lib/python3.12/site-packages/airflow/example_dags/example_branch_labels.py
[2025-09-22T00:32:08.162+0000] {logging_mixin.py:190} INFO - [2025-09-22T00:32:08.162+0000] {dag.py:3239} INFO - Sync 1 DAGs
[2025-09-22T00:32:08.185+0000] {logging_mixin.py:190} INFO - [2025-09-22T00:32:08.184+0000] {dag.py:4180} INFO - Setting next_dagrun for example_branch_labels to 2025-09-21 00:00:00+00:00, run_after=2025-09-22 00:00:00+00:00
[2025-09-22T00:32:08.229+0000] {processor.py:208} INFO - Processing /home/airflow/.local/lib/python3.12/site-packages/airflow/example_dags/example_branch_labels.py took 0.108 seconds
[2025-09-22T00:32:39.947+0000] {processor.py:186} INFO - Started process (PID=9265) to work on /home/airflow/.local/lib/python3.12/site-packages/airflow/example_dags/example_branch_labels.py
[2025-09-22T00:32:39.948+0000] {processor.py:914} INFO - Processing file /home/airflow/.local/lib/python3.12/site-packages/airflow/example_dags/example_branch_labels.py for tasks to queue
[2025-09-22T00:32:39.950+0000] {logging_mixin.py:190} INFO - [2025-09-22T00:32:39.950+0000] {dagbag.py:588} INFO - Filling up the DagBag from /home/airflow/.local/lib/python3.12/site-packages/airflow/example_dags/example_branch_labels.py
[2025-09-22T00:32:39.959+0000] {processor.py:925} INFO - DAG(s) 'example_branch_labels' retrieved from /home/airflow/.local/lib/python3.12/site-packages/airflow/example_dags/example_branch_labels.py
[2025-09-22T00:32:39.979+0000] {logging_mixin.py:190} INFO - [2025-09-22T00:32:39.979+0000] {dag.py:3239} INFO - Sync 1 DAGs
[2025-09-22T00:32:40.001+0000] {logging_mixin.py:190} INFO - [2025-09-22T00:32:40.001+0000] {dag.py:4180} INFO - Setting next_dagrun for example_branch_labels to 2025-09-21 00:00:00+00:00, run_after=2025-09-22 00:00:00+00:00
[2025-09-22T00:32:40.046+0000] {processor.py:208} INFO - Processing /home/airflow/.local/lib/python3.12/site-packages/airflow/example_dags/example_branch_labels.py took 0.104 seconds
[2025-09-22T00:33:11.058+0000] {processor.py:186} INFO - Started process (PID=9329) to work on /home/airflow/.local/lib/python3.12/site-packages/airflow/example_dags/example_branch_labels.py
[2025-09-22T00:33:11.059+0000] {processor.py:914} INFO - Processing file /home/airflow/.local/lib/python3.12/site-packages/airflow/example_dags/example_branch_labels.py for tasks to queue
[2025-09-22T00:33:11.061+0000] {logging_mixin.py:190} INFO - [2025-09-22T00:33:11.060+0000] {dagbag.py:588} INFO - Filling up the DagBag from /home/airflow/.local/lib/python3.12/site-packages/airflow/example_dags/example_branch_labels.py
[2025-09-22T00:33:11.070+0000] {processor.py:925} INFO - DAG(s) 'example_branch_labels' retrieved from /home/airflow/.local/lib/python3.12/site-packages/airflow/example_dags/example_branch_labels.py
[2025-09-22T00:33:11.091+0000] {logging_mixin.py:190} INFO - [2025-09-22T00:33:11.090+0000] {dag.py:3239} INFO - Sync 1 DAGs
[2025-09-22T00:33:11.112+0000] {logging_mixin.py:190} INFO - [2025-09-22T00:33:11.112+0000] {dag.py:4180} INFO - Setting next_dagrun for example_branch_labels to 2025-09-21 00:00:00+00:00, run_after=2025-09-22 00:00:00+00:00
[2025-09-22T00:33:11.157+0000] {processor.py:208} INFO - Processing /home/airflow/.local/lib/python3.12/site-packages/airflow/example_dags/example_branch_labels.py took 0.105 seconds
[2025-09-22T00:33:42.749+0000] {processor.py:186} INFO - Started process (PID=9400) to work on /home/airflow/.local/lib/python3.12/site-packages/airflow/example_dags/example_branch_labels.py
[2025-09-22T00:33:42.750+0000] {processor.py:914} INFO - Processing file /home/airflow/.local/lib/python3.12/site-packages/airflow/example_dags/example_branch_labels.py for tasks to queue
[2025-09-22T00:33:42.752+0000] {logging_mixin.py:190} INFO - [2025-09-22T00:33:42.752+0000] {dagbag.py:588} INFO - Filling up the DagBag from /home/airflow/.local/lib/python3.12/site-packages/airflow/example_dags/example_branch_labels.py
[2025-09-22T00:33:42.761+0000] {processor.py:925} INFO - DAG(s) 'example_branch_labels' retrieved from /home/airflow/.local/lib/python3.12/site-packages/airflow/example_dags/example_branch_labels.py
[2025-09-22T00:33:42.780+0000] {logging_mixin.py:190} INFO - [2025-09-22T00:33:42.780+0000] {dag.py:3239} INFO - Sync 1 DAGs
[2025-09-22T00:33:42.801+0000] {logging_mixin.py:190} INFO - [2025-09-22T00:33:42.801+0000] {dag.py:4180} INFO - Setting next_dagrun for example_branch_labels to 2025-09-21 00:00:00+00:00, run_after=2025-09-22 00:00:00+00:00
[2025-09-22T00:33:42.840+0000] {processor.py:208} INFO - Processing /home/airflow/.local/lib/python3.12/site-packages/airflow/example_dags/example_branch_labels.py took 0.096 seconds
[2025-09-22T00:34:14.171+0000] {processor.py:186} INFO - Started process (PID=9472) to work on /home/airflow/.local/lib/python3.12/site-packages/airflow/example_dags/example_branch_labels.py
[2025-09-22T00:34:14.172+0000] {processor.py:914} INFO - Processing file /home/airflow/.local/lib/python3.12/site-packages/airflow/example_dags/example_branch_labels.py for tasks to queue
[2025-09-22T00:34:14.174+0000] {logging_mixin.py:190} INFO - [2025-09-22T00:34:14.173+0000] {dagbag.py:588} INFO - Filling up the DagBag from /home/airflow/.local/lib/python3.12/site-packages/airflow/example_dags/example_branch_labels.py
[2025-09-22T00:34:14.182+0000] {processor.py:925} INFO - DAG(s) 'example_branch_labels' retrieved from /home/airflow/.local/lib/python3.12/site-packages/airflow/example_dags/example_branch_labels.py
[2025-09-22T00:34:14.200+0000] {logging_mixin.py:190} INFO - [2025-09-22T00:34:14.200+0000] {dag.py:3239} INFO - Sync 1 DAGs
[2025-09-22T00:34:14.220+0000] {logging_mixin.py:190} INFO - [2025-09-22T00:34:14.220+0000] {dag.py:4180} INFO - Setting next_dagrun for example_branch_labels to 2025-09-21 00:00:00+00:00, run_after=2025-09-22 00:00:00+00:00
[2025-09-22T00:34:14.262+0000] {processor.py:208} INFO - Processing /home/airflow/.local/lib/python3.12/site-packages/airflow/example_dags/example_branch_labels.py took 0.096 seconds
[2025-09-22T00:34:45.891+0000] {processor.py:186} INFO - Started process (PID=9537) to work on /home/airflow/.local/lib/python3.12/site-packages/airflow/example_dags/example_branch_labels.py
[2025-09-22T00:34:45.892+0000] {processor.py:914} INFO - Processing file /home/airflow/.local/lib/python3.12/site-packages/airflow/example_dags/example_branch_labels.py for tasks to queue
[2025-09-22T00:34:45.894+0000] {logging_mixin.py:190} INFO - [2025-09-22T00:34:45.894+0000] {dagbag.py:588} INFO - Filling up the DagBag from /home/airflow/.local/lib/python3.12/site-packages/airflow/example_dags/example_branch_labels.py
[2025-09-22T00:34:45.904+0000] {processor.py:925} INFO - DAG(s) 'example_branch_labels' retrieved from /home/airflow/.local/lib/python3.12/site-packages/airflow/example_dags/example_branch_labels.py
[2025-09-22T00:34:45.922+0000] {logging_mixin.py:190} INFO - [2025-09-22T00:34:45.922+0000] {dag.py:3239} INFO - Sync 1 DAGs
[2025-09-22T00:34:45.944+0000] {logging_mixin.py:190} INFO - [2025-09-22T00:34:45.944+0000] {dag.py:4180} INFO - Setting next_dagrun for example_branch_labels to 2025-09-21 00:00:00+00:00, run_after=2025-09-22 00:00:00+00:00
[2025-09-22T00:34:45.991+0000] {processor.py:208} INFO - Processing /home/airflow/.local/lib/python3.12/site-packages/airflow/example_dags/example_branch_labels.py took 0.105 seconds
[2025-09-22T00:35:16.673+0000] {processor.py:186} INFO - Started process (PID=9602) to work on /home/airflow/.local/lib/python3.12/site-packages/airflow/example_dags/example_branch_labels.py
[2025-09-22T00:35:16.674+0000] {processor.py:914} INFO - Processing file /home/airflow/.local/lib/python3.12/site-packages/airflow/example_dags/example_branch_labels.py for tasks to queue
[2025-09-22T00:35:16.676+0000] {logging_mixin.py:190} INFO - [2025-09-22T00:35:16.675+0000] {dagbag.py:588} INFO - Filling up the DagBag from /home/airflow/.local/lib/python3.12/site-packages/airflow/example_dags/example_branch_labels.py
[2025-09-22T00:35:16.684+0000] {processor.py:925} INFO - DAG(s) 'example_branch_labels' retrieved from /home/airflow/.local/lib/python3.12/site-packages/airflow/example_dags/example_branch_labels.py
[2025-09-22T00:35:16.703+0000] {logging_mixin.py:190} INFO - [2025-09-22T00:35:16.703+0000] {dag.py:3239} INFO - Sync 1 DAGs
[2025-09-22T00:35:16.726+0000] {logging_mixin.py:190} INFO - [2025-09-22T00:35:16.726+0000] {dag.py:4180} INFO - Setting next_dagrun for example_branch_labels to 2025-09-21 00:00:00+00:00, run_after=2025-09-22 00:00:00+00:00
[2025-09-22T00:35:16.772+0000] {processor.py:208} INFO - Processing /home/airflow/.local/lib/python3.12/site-packages/airflow/example_dags/example_branch_labels.py took 0.104 seconds
[2025-09-22T00:35:48.893+0000] {processor.py:186} INFO - Started process (PID=9668) to work on /home/airflow/.local/lib/python3.12/site-packages/airflow/example_dags/example_branch_labels.py
[2025-09-22T00:35:48.894+0000] {processor.py:914} INFO - Processing file /home/airflow/.local/lib/python3.12/site-packages/airflow/example_dags/example_branch_labels.py for tasks to queue
[2025-09-22T00:35:48.897+0000] {logging_mixin.py:190} INFO - [2025-09-22T00:35:48.896+0000] {dagbag.py:588} INFO - Filling up the DagBag from /home/airflow/.local/lib/python3.12/site-packages/airflow/example_dags/example_branch_labels.py
[2025-09-22T00:35:48.908+0000] {processor.py:925} INFO - DAG(s) 'example_branch_labels' retrieved from /home/airflow/.local/lib/python3.12/site-packages/airflow/example_dags/example_branch_labels.py
[2025-09-22T00:35:48.929+0000] {logging_mixin.py:190} INFO - [2025-09-22T00:35:48.928+0000] {dag.py:3239} INFO - Sync 1 DAGs
[2025-09-22T00:35:48.952+0000] {logging_mixin.py:190} INFO - [2025-09-22T00:35:48.952+0000] {dag.py:4180} INFO - Setting next_dagrun for example_branch_labels to 2025-09-21 00:00:00+00:00, run_after=2025-09-22 00:00:00+00:00
[2025-09-22T00:35:49.000+0000] {processor.py:208} INFO - Processing /home/airflow/.local/lib/python3.12/site-packages/airflow/example_dags/example_branch_labels.py took 0.116 seconds
[2025-09-22T00:36:19.177+0000] {processor.py:186} INFO - Started process (PID=9732) to work on /home/airflow/.local/lib/python3.12/site-packages/airflow/example_dags/example_branch_labels.py
[2025-09-22T00:36:19.178+0000] {processor.py:914} INFO - Processing file /home/airflow/.local/lib/python3.12/site-packages/airflow/example_dags/example_branch_labels.py for tasks to queue
[2025-09-22T00:36:19.181+0000] {logging_mixin.py:190} INFO - [2025-09-22T00:36:19.181+0000] {dagbag.py:588} INFO - Filling up the DagBag from /home/airflow/.local/lib/python3.12/site-packages/airflow/example_dags/example_branch_labels.py
[2025-09-22T00:36:19.190+0000] {processor.py:925} INFO - DAG(s) 'example_branch_labels' retrieved from /home/airflow/.local/lib/python3.12/site-packages/airflow/example_dags/example_branch_labels.py
[2025-09-22T00:36:19.210+0000] {logging_mixin.py:190} INFO - [2025-09-22T00:36:19.210+0000] {dag.py:3239} INFO - Sync 1 DAGs
[2025-09-22T00:36:19.236+0000] {logging_mixin.py:190} INFO - [2025-09-22T00:36:19.236+0000] {dag.py:4180} INFO - Setting next_dagrun for example_branch_labels to 2025-09-21 00:00:00+00:00, run_after=2025-09-22 00:00:00+00:00
[2025-09-22T00:36:19.285+0000] {processor.py:208} INFO - Processing /home/airflow/.local/lib/python3.12/site-packages/airflow/example_dags/example_branch_labels.py took 0.114 seconds
