[2025-09-22T00:00:29.124+0000] {processor.py:186} INFO - Started process (PID=5311) to work on /home/airflow/.local/lib/python3.12/site-packages/airflow/example_dags/example_workday_timetable.py
[2025-09-22T00:00:29.125+0000] {processor.py:914} INFO - Processing file /home/airflow/.local/lib/python3.12/site-packages/airflow/example_dags/example_workday_timetable.py for tasks to queue
[2025-09-22T00:00:29.128+0000] {logging_mixin.py:190} INFO - [2025-09-22T00:00:29.127+0000] {dagbag.py:588} INFO - Filling up the DagBag from /home/airflow/.local/lib/python3.12/site-packages/airflow/example_dags/example_workday_timetable.py
[2025-09-22T00:00:29.134+0000] {processor.py:925} INFO - DAG(s) 'example_workday_timetable' retrieved from /home/airflow/.local/lib/python3.12/site-packages/airflow/example_dags/example_workday_timetable.py
[2025-09-22T00:00:29.154+0000] {logging_mixin.py:190} INFO - [2025-09-22T00:00:29.153+0000] {dag.py:3239} INFO - Sync 1 DAGs
[2025-09-22T00:00:29.226+0000] {logging_mixin.py:190} INFO - [2025-09-22T00:00:29.226+0000] {dag.py:4180} INFO - Setting next_dagrun for example_workday_timetable to 2021-01-04 00:00:00+00:00, run_after=2021-01-05 00:00:00+00:00
[2025-09-22T00:00:29.286+0000] {processor.py:208} INFO - Processing /home/airflow/.local/lib/python3.12/site-packages/airflow/example_dags/example_workday_timetable.py took 0.168 seconds
[2025-09-22T00:01:00.051+0000] {processor.py:186} INFO - Started process (PID=5371) to work on /home/airflow/.local/lib/python3.12/site-packages/airflow/example_dags/example_workday_timetable.py
[2025-09-22T00:01:00.052+0000] {processor.py:914} INFO - Processing file /home/airflow/.local/lib/python3.12/site-packages/airflow/example_dags/example_workday_timetable.py for tasks to queue
[2025-09-22T00:01:00.055+0000] {logging_mixin.py:190} INFO - [2025-09-22T00:01:00.055+0000] {dagbag.py:588} INFO - Filling up the DagBag from /home/airflow/.local/lib/python3.12/site-packages/airflow/example_dags/example_workday_timetable.py
[2025-09-22T00:01:00.062+0000] {processor.py:925} INFO - DAG(s) 'example_workday_timetable' retrieved from /home/airflow/.local/lib/python3.12/site-packages/airflow/example_dags/example_workday_timetable.py
[2025-09-22T00:01:00.085+0000] {logging_mixin.py:190} INFO - [2025-09-22T00:01:00.085+0000] {dag.py:3239} INFO - Sync 1 DAGs
[2025-09-22T00:01:00.170+0000] {logging_mixin.py:190} INFO - [2025-09-22T00:01:00.170+0000] {dag.py:4180} INFO - Setting next_dagrun for example_workday_timetable to 2021-01-04 00:00:00+00:00, run_after=2021-01-05 00:00:00+00:00
[2025-09-22T00:01:00.245+0000] {processor.py:208} INFO - Processing /home/airflow/.local/lib/python3.12/site-packages/airflow/example_dags/example_workday_timetable.py took 0.201 seconds
[2025-09-22T00:01:31.441+0000] {processor.py:186} INFO - Started process (PID=5429) to work on /home/airflow/.local/lib/python3.12/site-packages/airflow/example_dags/example_workday_timetable.py
[2025-09-22T00:01:31.442+0000] {processor.py:914} INFO - Processing file /home/airflow/.local/lib/python3.12/site-packages/airflow/example_dags/example_workday_timetable.py for tasks to queue
[2025-09-22T00:01:31.445+0000] {logging_mixin.py:190} INFO - [2025-09-22T00:01:31.445+0000] {dagbag.py:588} INFO - Filling up the DagBag from /home/airflow/.local/lib/python3.12/site-packages/airflow/example_dags/example_workday_timetable.py
[2025-09-22T00:01:31.453+0000] {processor.py:925} INFO - DAG(s) 'example_workday_timetable' retrieved from /home/airflow/.local/lib/python3.12/site-packages/airflow/example_dags/example_workday_timetable.py
[2025-09-22T00:01:31.477+0000] {logging_mixin.py:190} INFO - [2025-09-22T00:01:31.476+0000] {dag.py:3239} INFO - Sync 1 DAGs
[2025-09-22T00:01:31.571+0000] {logging_mixin.py:190} INFO - [2025-09-22T00:01:31.570+0000] {dag.py:4180} INFO - Setting next_dagrun for example_workday_timetable to 2021-01-04 00:00:00+00:00, run_after=2021-01-05 00:00:00+00:00
[2025-09-22T00:01:31.618+0000] {processor.py:208} INFO - Processing /home/airflow/.local/lib/python3.12/site-packages/airflow/example_dags/example_workday_timetable.py took 0.185 seconds
[2025-09-22T00:02:02.406+0000] {processor.py:186} INFO - Started process (PID=5484) to work on /home/airflow/.local/lib/python3.12/site-packages/airflow/example_dags/example_workday_timetable.py
[2025-09-22T00:02:02.407+0000] {processor.py:914} INFO - Processing file /home/airflow/.local/lib/python3.12/site-packages/airflow/example_dags/example_workday_timetable.py for tasks to queue
[2025-09-22T00:02:02.409+0000] {logging_mixin.py:190} INFO - [2025-09-22T00:02:02.409+0000] {dagbag.py:588} INFO - Filling up the DagBag from /home/airflow/.local/lib/python3.12/site-packages/airflow/example_dags/example_workday_timetable.py
[2025-09-22T00:02:02.415+0000] {processor.py:925} INFO - DAG(s) 'example_workday_timetable' retrieved from /home/airflow/.local/lib/python3.12/site-packages/airflow/example_dags/example_workday_timetable.py
[2025-09-22T00:02:02.435+0000] {logging_mixin.py:190} INFO - [2025-09-22T00:02:02.434+0000] {dag.py:3239} INFO - Sync 1 DAGs
[2025-09-22T00:02:02.498+0000] {logging_mixin.py:190} INFO - [2025-09-22T00:02:02.498+0000] {dag.py:4180} INFO - Setting next_dagrun for example_workday_timetable to 2021-01-04 00:00:00+00:00, run_after=2021-01-05 00:00:00+00:00
[2025-09-22T00:02:02.536+0000] {processor.py:208} INFO - Processing /home/airflow/.local/lib/python3.12/site-packages/airflow/example_dags/example_workday_timetable.py took 0.137 seconds
[2025-09-22T00:02:34.729+0000] {processor.py:186} INFO - Started process (PID=5548) to work on /home/airflow/.local/lib/python3.12/site-packages/airflow/example_dags/example_workday_timetable.py
[2025-09-22T00:02:34.730+0000] {processor.py:914} INFO - Processing file /home/airflow/.local/lib/python3.12/site-packages/airflow/example_dags/example_workday_timetable.py for tasks to queue
[2025-09-22T00:02:34.732+0000] {logging_mixin.py:190} INFO - [2025-09-22T00:02:34.732+0000] {dagbag.py:588} INFO - Filling up the DagBag from /home/airflow/.local/lib/python3.12/site-packages/airflow/example_dags/example_workday_timetable.py
[2025-09-22T00:02:34.738+0000] {processor.py:925} INFO - DAG(s) 'example_workday_timetable' retrieved from /home/airflow/.local/lib/python3.12/site-packages/airflow/example_dags/example_workday_timetable.py
[2025-09-22T00:02:34.758+0000] {logging_mixin.py:190} INFO - [2025-09-22T00:02:34.758+0000] {dag.py:3239} INFO - Sync 1 DAGs
[2025-09-22T00:02:34.828+0000] {logging_mixin.py:190} INFO - [2025-09-22T00:02:34.828+0000] {dag.py:4180} INFO - Setting next_dagrun for example_workday_timetable to 2021-01-04 00:00:00+00:00, run_after=2021-01-05 00:00:00+00:00
[2025-09-22T00:02:34.868+0000] {processor.py:208} INFO - Processing /home/airflow/.local/lib/python3.12/site-packages/airflow/example_dags/example_workday_timetable.py took 0.145 seconds
[2025-09-22T00:03:07.759+0000] {processor.py:186} INFO - Started process (PID=5612) to work on /home/airflow/.local/lib/python3.12/site-packages/airflow/example_dags/example_workday_timetable.py
[2025-09-22T00:03:07.760+0000] {processor.py:914} INFO - Processing file /home/airflow/.local/lib/python3.12/site-packages/airflow/example_dags/example_workday_timetable.py for tasks to queue
[2025-09-22T00:03:07.763+0000] {logging_mixin.py:190} INFO - [2025-09-22T00:03:07.762+0000] {dagbag.py:588} INFO - Filling up the DagBag from /home/airflow/.local/lib/python3.12/site-packages/airflow/example_dags/example_workday_timetable.py
[2025-09-22T00:03:07.769+0000] {processor.py:925} INFO - DAG(s) 'example_workday_timetable' retrieved from /home/airflow/.local/lib/python3.12/site-packages/airflow/example_dags/example_workday_timetable.py
[2025-09-22T00:03:07.790+0000] {logging_mixin.py:190} INFO - [2025-09-22T00:03:07.790+0000] {dag.py:3239} INFO - Sync 1 DAGs
[2025-09-22T00:03:07.870+0000] {logging_mixin.py:190} INFO - [2025-09-22T00:03:07.870+0000] {dag.py:4180} INFO - Setting next_dagrun for example_workday_timetable to 2021-01-04 00:00:00+00:00, run_after=2021-01-05 00:00:00+00:00
[2025-09-22T00:03:08.658+0000] {processor.py:208} INFO - Processing /home/airflow/.local/lib/python3.12/site-packages/airflow/example_dags/example_workday_timetable.py took 0.906 seconds
[2025-09-22T00:03:39.978+0000] {processor.py:186} INFO - Started process (PID=5676) to work on /home/airflow/.local/lib/python3.12/site-packages/airflow/example_dags/example_workday_timetable.py
[2025-09-22T00:03:39.979+0000] {processor.py:914} INFO - Processing file /home/airflow/.local/lib/python3.12/site-packages/airflow/example_dags/example_workday_timetable.py for tasks to queue
[2025-09-22T00:03:39.981+0000] {logging_mixin.py:190} INFO - [2025-09-22T00:03:39.980+0000] {dagbag.py:588} INFO - Filling up the DagBag from /home/airflow/.local/lib/python3.12/site-packages/airflow/example_dags/example_workday_timetable.py
[2025-09-22T00:03:39.985+0000] {processor.py:925} INFO - DAG(s) 'example_workday_timetable' retrieved from /home/airflow/.local/lib/python3.12/site-packages/airflow/example_dags/example_workday_timetable.py
[2025-09-22T00:03:40.001+0000] {logging_mixin.py:190} INFO - [2025-09-22T00:03:40.001+0000] {dag.py:3239} INFO - Sync 1 DAGs
[2025-09-22T00:03:40.056+0000] {logging_mixin.py:190} INFO - [2025-09-22T00:03:40.056+0000] {dag.py:4180} INFO - Setting next_dagrun for example_workday_timetable to 2021-01-04 00:00:00+00:00, run_after=2021-01-05 00:00:00+00:00
[2025-09-22T00:03:40.092+0000] {processor.py:208} INFO - Processing /home/airflow/.local/lib/python3.12/site-packages/airflow/example_dags/example_workday_timetable.py took 0.119 seconds
[2025-09-22T00:04:12.723+0000] {processor.py:186} INFO - Started process (PID=5740) to work on /home/airflow/.local/lib/python3.12/site-packages/airflow/example_dags/example_workday_timetable.py
[2025-09-22T00:04:12.724+0000] {processor.py:914} INFO - Processing file /home/airflow/.local/lib/python3.12/site-packages/airflow/example_dags/example_workday_timetable.py for tasks to queue
[2025-09-22T00:04:12.726+0000] {logging_mixin.py:190} INFO - [2025-09-22T00:04:12.725+0000] {dagbag.py:588} INFO - Filling up the DagBag from /home/airflow/.local/lib/python3.12/site-packages/airflow/example_dags/example_workday_timetable.py
[2025-09-22T00:04:12.730+0000] {processor.py:925} INFO - DAG(s) 'example_workday_timetable' retrieved from /home/airflow/.local/lib/python3.12/site-packages/airflow/example_dags/example_workday_timetable.py
[2025-09-22T00:04:12.746+0000] {logging_mixin.py:190} INFO - [2025-09-22T00:04:12.746+0000] {dag.py:3239} INFO - Sync 1 DAGs
[2025-09-22T00:04:12.804+0000] {logging_mixin.py:190} INFO - [2025-09-22T00:04:12.804+0000] {dag.py:4180} INFO - Setting next_dagrun for example_workday_timetable to 2021-01-04 00:00:00+00:00, run_after=2021-01-05 00:00:00+00:00
[2025-09-22T00:04:12.876+0000] {processor.py:208} INFO - Processing /home/airflow/.local/lib/python3.12/site-packages/airflow/example_dags/example_workday_timetable.py took 0.159 seconds
[2025-09-22T00:04:45.767+0000] {processor.py:186} INFO - Started process (PID=5804) to work on /home/airflow/.local/lib/python3.12/site-packages/airflow/example_dags/example_workday_timetable.py
[2025-09-22T00:04:45.768+0000] {processor.py:914} INFO - Processing file /home/airflow/.local/lib/python3.12/site-packages/airflow/example_dags/example_workday_timetable.py for tasks to queue
[2025-09-22T00:04:45.770+0000] {logging_mixin.py:190} INFO - [2025-09-22T00:04:45.770+0000] {dagbag.py:588} INFO - Filling up the DagBag from /home/airflow/.local/lib/python3.12/site-packages/airflow/example_dags/example_workday_timetable.py
[2025-09-22T00:04:45.775+0000] {processor.py:925} INFO - DAG(s) 'example_workday_timetable' retrieved from /home/airflow/.local/lib/python3.12/site-packages/airflow/example_dags/example_workday_timetable.py
[2025-09-22T00:04:45.791+0000] {logging_mixin.py:190} INFO - [2025-09-22T00:04:45.791+0000] {dag.py:3239} INFO - Sync 1 DAGs
[2025-09-22T00:04:45.854+0000] {logging_mixin.py:190} INFO - [2025-09-22T00:04:45.854+0000] {dag.py:4180} INFO - Setting next_dagrun for example_workday_timetable to 2021-01-04 00:00:00+00:00, run_after=2021-01-05 00:00:00+00:00
[2025-09-22T00:04:45.905+0000] {processor.py:208} INFO - Processing /home/airflow/.local/lib/python3.12/site-packages/airflow/example_dags/example_workday_timetable.py took 0.144 seconds
[2025-09-22T00:05:17.999+0000] {processor.py:186} INFO - Started process (PID=5868) to work on /home/airflow/.local/lib/python3.12/site-packages/airflow/example_dags/example_workday_timetable.py
[2025-09-22T00:05:18.000+0000] {processor.py:914} INFO - Processing file /home/airflow/.local/lib/python3.12/site-packages/airflow/example_dags/example_workday_timetable.py for tasks to queue
[2025-09-22T00:05:18.002+0000] {logging_mixin.py:190} INFO - [2025-09-22T00:05:18.002+0000] {dagbag.py:588} INFO - Filling up the DagBag from /home/airflow/.local/lib/python3.12/site-packages/airflow/example_dags/example_workday_timetable.py
[2025-09-22T00:05:18.007+0000] {processor.py:925} INFO - DAG(s) 'example_workday_timetable' retrieved from /home/airflow/.local/lib/python3.12/site-packages/airflow/example_dags/example_workday_timetable.py
[2025-09-22T00:05:18.023+0000] {logging_mixin.py:190} INFO - [2025-09-22T00:05:18.023+0000] {dag.py:3239} INFO - Sync 1 DAGs
[2025-09-22T00:05:18.081+0000] {logging_mixin.py:190} INFO - [2025-09-22T00:05:18.081+0000] {dag.py:4180} INFO - Setting next_dagrun for example_workday_timetable to 2021-01-04 00:00:00+00:00, run_after=2021-01-05 00:00:00+00:00
[2025-09-22T00:05:18.122+0000] {processor.py:208} INFO - Processing /home/airflow/.local/lib/python3.12/site-packages/airflow/example_dags/example_workday_timetable.py took 0.128 seconds
[2025-09-22T00:05:50.593+0000] {processor.py:186} INFO - Started process (PID=5932) to work on /home/airflow/.local/lib/python3.12/site-packages/airflow/example_dags/example_workday_timetable.py
[2025-09-22T00:05:50.594+0000] {processor.py:914} INFO - Processing file /home/airflow/.local/lib/python3.12/site-packages/airflow/example_dags/example_workday_timetable.py for tasks to queue
[2025-09-22T00:05:50.596+0000] {logging_mixin.py:190} INFO - [2025-09-22T00:05:50.595+0000] {dagbag.py:588} INFO - Filling up the DagBag from /home/airflow/.local/lib/python3.12/site-packages/airflow/example_dags/example_workday_timetable.py
[2025-09-22T00:05:50.601+0000] {processor.py:925} INFO - DAG(s) 'example_workday_timetable' retrieved from /home/airflow/.local/lib/python3.12/site-packages/airflow/example_dags/example_workday_timetable.py
[2025-09-22T00:05:50.616+0000] {logging_mixin.py:190} INFO - [2025-09-22T00:05:50.616+0000] {dag.py:3239} INFO - Sync 1 DAGs
[2025-09-22T00:05:50.675+0000] {logging_mixin.py:190} INFO - [2025-09-22T00:05:50.675+0000] {dag.py:4180} INFO - Setting next_dagrun for example_workday_timetable to 2021-01-04 00:00:00+00:00, run_after=2021-01-05 00:00:00+00:00
[2025-09-22T00:05:50.720+0000] {processor.py:208} INFO - Processing /home/airflow/.local/lib/python3.12/site-packages/airflow/example_dags/example_workday_timetable.py took 0.132 seconds
[2025-09-22T00:06:23.260+0000] {processor.py:186} INFO - Started process (PID=5996) to work on /home/airflow/.local/lib/python3.12/site-packages/airflow/example_dags/example_workday_timetable.py
[2025-09-22T00:06:23.261+0000] {processor.py:914} INFO - Processing file /home/airflow/.local/lib/python3.12/site-packages/airflow/example_dags/example_workday_timetable.py for tasks to queue
[2025-09-22T00:06:23.263+0000] {logging_mixin.py:190} INFO - [2025-09-22T00:06:23.263+0000] {dagbag.py:588} INFO - Filling up the DagBag from /home/airflow/.local/lib/python3.12/site-packages/airflow/example_dags/example_workday_timetable.py
[2025-09-22T00:06:23.268+0000] {processor.py:925} INFO - DAG(s) 'example_workday_timetable' retrieved from /home/airflow/.local/lib/python3.12/site-packages/airflow/example_dags/example_workday_timetable.py
[2025-09-22T00:06:23.283+0000] {logging_mixin.py:190} INFO - [2025-09-22T00:06:23.283+0000] {dag.py:3239} INFO - Sync 1 DAGs
[2025-09-22T00:06:23.337+0000] {logging_mixin.py:190} INFO - [2025-09-22T00:06:23.337+0000] {dag.py:4180} INFO - Setting next_dagrun for example_workday_timetable to 2021-01-04 00:00:00+00:00, run_after=2021-01-05 00:00:00+00:00
[2025-09-22T00:06:23.372+0000] {processor.py:208} INFO - Processing /home/airflow/.local/lib/python3.12/site-packages/airflow/example_dags/example_workday_timetable.py took 0.117 seconds
[2025-09-22T00:06:56.171+0000] {processor.py:186} INFO - Started process (PID=6060) to work on /home/airflow/.local/lib/python3.12/site-packages/airflow/example_dags/example_workday_timetable.py
[2025-09-22T00:06:56.172+0000] {processor.py:914} INFO - Processing file /home/airflow/.local/lib/python3.12/site-packages/airflow/example_dags/example_workday_timetable.py for tasks to queue
[2025-09-22T00:06:56.174+0000] {logging_mixin.py:190} INFO - [2025-09-22T00:06:56.174+0000] {dagbag.py:588} INFO - Filling up the DagBag from /home/airflow/.local/lib/python3.12/site-packages/airflow/example_dags/example_workday_timetable.py
[2025-09-22T00:06:56.178+0000] {processor.py:925} INFO - DAG(s) 'example_workday_timetable' retrieved from /home/airflow/.local/lib/python3.12/site-packages/airflow/example_dags/example_workday_timetable.py
[2025-09-22T00:06:56.194+0000] {logging_mixin.py:190} INFO - [2025-09-22T00:06:56.194+0000] {dag.py:3239} INFO - Sync 1 DAGs
[2025-09-22T00:06:56.248+0000] {logging_mixin.py:190} INFO - [2025-09-22T00:06:56.248+0000] {dag.py:4180} INFO - Setting next_dagrun for example_workday_timetable to 2021-01-04 00:00:00+00:00, run_after=2021-01-05 00:00:00+00:00
[2025-09-22T00:06:56.283+0000] {processor.py:208} INFO - Processing /home/airflow/.local/lib/python3.12/site-packages/airflow/example_dags/example_workday_timetable.py took 0.117 seconds
[2025-09-22T00:07:28.671+0000] {processor.py:186} INFO - Started process (PID=6125) to work on /home/airflow/.local/lib/python3.12/site-packages/airflow/example_dags/example_workday_timetable.py
[2025-09-22T00:07:28.672+0000] {processor.py:914} INFO - Processing file /home/airflow/.local/lib/python3.12/site-packages/airflow/example_dags/example_workday_timetable.py for tasks to queue
[2025-09-22T00:07:28.674+0000] {logging_mixin.py:190} INFO - [2025-09-22T00:07:28.674+0000] {dagbag.py:588} INFO - Filling up the DagBag from /home/airflow/.local/lib/python3.12/site-packages/airflow/example_dags/example_workday_timetable.py
[2025-09-22T00:07:28.679+0000] {processor.py:925} INFO - DAG(s) 'example_workday_timetable' retrieved from /home/airflow/.local/lib/python3.12/site-packages/airflow/example_dags/example_workday_timetable.py
[2025-09-22T00:07:28.695+0000] {logging_mixin.py:190} INFO - [2025-09-22T00:07:28.695+0000] {dag.py:3239} INFO - Sync 1 DAGs
[2025-09-22T00:07:28.754+0000] {logging_mixin.py:190} INFO - [2025-09-22T00:07:28.753+0000] {dag.py:4180} INFO - Setting next_dagrun for example_workday_timetable to 2021-01-04 00:00:00+00:00, run_after=2021-01-05 00:00:00+00:00
[2025-09-22T00:07:28.789+0000] {processor.py:208} INFO - Processing /home/airflow/.local/lib/python3.12/site-packages/airflow/example_dags/example_workday_timetable.py took 0.123 seconds
[2025-09-22T00:08:02.318+0000] {processor.py:186} INFO - Started process (PID=6189) to work on /home/airflow/.local/lib/python3.12/site-packages/airflow/example_dags/example_workday_timetable.py
[2025-09-22T00:08:02.319+0000] {processor.py:914} INFO - Processing file /home/airflow/.local/lib/python3.12/site-packages/airflow/example_dags/example_workday_timetable.py for tasks to queue
[2025-09-22T00:08:02.321+0000] {logging_mixin.py:190} INFO - [2025-09-22T00:08:02.321+0000] {dagbag.py:588} INFO - Filling up the DagBag from /home/airflow/.local/lib/python3.12/site-packages/airflow/example_dags/example_workday_timetable.py
[2025-09-22T00:08:02.326+0000] {processor.py:925} INFO - DAG(s) 'example_workday_timetable' retrieved from /home/airflow/.local/lib/python3.12/site-packages/airflow/example_dags/example_workday_timetable.py
[2025-09-22T00:08:02.342+0000] {logging_mixin.py:190} INFO - [2025-09-22T00:08:02.342+0000] {dag.py:3239} INFO - Sync 1 DAGs
[2025-09-22T00:08:02.395+0000] {logging_mixin.py:190} INFO - [2025-09-22T00:08:02.395+0000] {dag.py:4180} INFO - Setting next_dagrun for example_workday_timetable to 2021-01-04 00:00:00+00:00, run_after=2021-01-05 00:00:00+00:00
[2025-09-22T00:08:02.439+0000] {processor.py:208} INFO - Processing /home/airflow/.local/lib/python3.12/site-packages/airflow/example_dags/example_workday_timetable.py took 0.126 seconds
[2025-09-22T00:08:35.020+0000] {processor.py:186} INFO - Started process (PID=6253) to work on /home/airflow/.local/lib/python3.12/site-packages/airflow/example_dags/example_workday_timetable.py
[2025-09-22T00:08:35.021+0000] {processor.py:914} INFO - Processing file /home/airflow/.local/lib/python3.12/site-packages/airflow/example_dags/example_workday_timetable.py for tasks to queue
[2025-09-22T00:08:35.023+0000] {logging_mixin.py:190} INFO - [2025-09-22T00:08:35.023+0000] {dagbag.py:588} INFO - Filling up the DagBag from /home/airflow/.local/lib/python3.12/site-packages/airflow/example_dags/example_workday_timetable.py
[2025-09-22T00:08:35.028+0000] {processor.py:925} INFO - DAG(s) 'example_workday_timetable' retrieved from /home/airflow/.local/lib/python3.12/site-packages/airflow/example_dags/example_workday_timetable.py
[2025-09-22T00:08:35.047+0000] {logging_mixin.py:190} INFO - [2025-09-22T00:08:35.047+0000] {dag.py:3239} INFO - Sync 1 DAGs
[2025-09-22T00:08:35.104+0000] {logging_mixin.py:190} INFO - [2025-09-22T00:08:35.104+0000] {dag.py:4180} INFO - Setting next_dagrun for example_workday_timetable to 2021-01-04 00:00:00+00:00, run_after=2021-01-05 00:00:00+00:00
[2025-09-22T00:08:35.149+0000] {processor.py:208} INFO - Processing /home/airflow/.local/lib/python3.12/site-packages/airflow/example_dags/example_workday_timetable.py took 0.134 seconds
[2025-09-22T00:09:05.509+0000] {processor.py:186} INFO - Started process (PID=6317) to work on /home/airflow/.local/lib/python3.12/site-packages/airflow/example_dags/example_workday_timetable.py
[2025-09-22T00:09:05.510+0000] {processor.py:914} INFO - Processing file /home/airflow/.local/lib/python3.12/site-packages/airflow/example_dags/example_workday_timetable.py for tasks to queue
[2025-09-22T00:09:05.512+0000] {logging_mixin.py:190} INFO - [2025-09-22T00:09:05.511+0000] {dagbag.py:588} INFO - Filling up the DagBag from /home/airflow/.local/lib/python3.12/site-packages/airflow/example_dags/example_workday_timetable.py
[2025-09-22T00:09:05.516+0000] {processor.py:925} INFO - DAG(s) 'example_workday_timetable' retrieved from /home/airflow/.local/lib/python3.12/site-packages/airflow/example_dags/example_workday_timetable.py
[2025-09-22T00:09:05.532+0000] {logging_mixin.py:190} INFO - [2025-09-22T00:09:05.532+0000] {dag.py:3239} INFO - Sync 1 DAGs
[2025-09-22T00:09:05.591+0000] {logging_mixin.py:190} INFO - [2025-09-22T00:09:05.590+0000] {dag.py:4180} INFO - Setting next_dagrun for example_workday_timetable to 2021-01-04 00:00:00+00:00, run_after=2021-01-05 00:00:00+00:00
[2025-09-22T00:09:05.624+0000] {processor.py:208} INFO - Processing /home/airflow/.local/lib/python3.12/site-packages/airflow/example_dags/example_workday_timetable.py took 0.120 seconds
[2025-09-22T00:09:35.665+0000] {processor.py:186} INFO - Started process (PID=6381) to work on /home/airflow/.local/lib/python3.12/site-packages/airflow/example_dags/example_workday_timetable.py
[2025-09-22T00:09:35.666+0000] {processor.py:914} INFO - Processing file /home/airflow/.local/lib/python3.12/site-packages/airflow/example_dags/example_workday_timetable.py for tasks to queue
[2025-09-22T00:09:35.668+0000] {logging_mixin.py:190} INFO - [2025-09-22T00:09:35.668+0000] {dagbag.py:588} INFO - Filling up the DagBag from /home/airflow/.local/lib/python3.12/site-packages/airflow/example_dags/example_workday_timetable.py
[2025-09-22T00:09:35.673+0000] {processor.py:925} INFO - DAG(s) 'example_workday_timetable' retrieved from /home/airflow/.local/lib/python3.12/site-packages/airflow/example_dags/example_workday_timetable.py
[2025-09-22T00:09:35.688+0000] {logging_mixin.py:190} INFO - [2025-09-22T00:09:35.688+0000] {dag.py:3239} INFO - Sync 1 DAGs
[2025-09-22T00:09:35.742+0000] {logging_mixin.py:190} INFO - [2025-09-22T00:09:35.741+0000] {dag.py:4180} INFO - Setting next_dagrun for example_workday_timetable to 2021-01-04 00:00:00+00:00, run_after=2021-01-05 00:00:00+00:00
[2025-09-22T00:09:35.806+0000] {processor.py:208} INFO - Processing /home/airflow/.local/lib/python3.12/site-packages/airflow/example_dags/example_workday_timetable.py took 0.146 seconds
[2025-09-22T00:10:06.500+0000] {processor.py:186} INFO - Started process (PID=6445) to work on /home/airflow/.local/lib/python3.12/site-packages/airflow/example_dags/example_workday_timetable.py
[2025-09-22T00:10:06.501+0000] {processor.py:914} INFO - Processing file /home/airflow/.local/lib/python3.12/site-packages/airflow/example_dags/example_workday_timetable.py for tasks to queue
[2025-09-22T00:10:06.503+0000] {logging_mixin.py:190} INFO - [2025-09-22T00:10:06.503+0000] {dagbag.py:588} INFO - Filling up the DagBag from /home/airflow/.local/lib/python3.12/site-packages/airflow/example_dags/example_workday_timetable.py
[2025-09-22T00:10:06.508+0000] {processor.py:925} INFO - DAG(s) 'example_workday_timetable' retrieved from /home/airflow/.local/lib/python3.12/site-packages/airflow/example_dags/example_workday_timetable.py
[2025-09-22T00:10:06.523+0000] {logging_mixin.py:190} INFO - [2025-09-22T00:10:06.523+0000] {dag.py:3239} INFO - Sync 1 DAGs
[2025-09-22T00:10:06.573+0000] {logging_mixin.py:190} INFO - [2025-09-22T00:10:06.572+0000] {dag.py:4180} INFO - Setting next_dagrun for example_workday_timetable to 2021-01-04 00:00:00+00:00, run_after=2021-01-05 00:00:00+00:00
[2025-09-22T00:10:06.614+0000] {processor.py:208} INFO - Processing /home/airflow/.local/lib/python3.12/site-packages/airflow/example_dags/example_workday_timetable.py took 0.119 seconds
[2025-09-22T00:10:36.844+0000] {processor.py:186} INFO - Started process (PID=6509) to work on /home/airflow/.local/lib/python3.12/site-packages/airflow/example_dags/example_workday_timetable.py
[2025-09-22T00:10:36.845+0000] {processor.py:914} INFO - Processing file /home/airflow/.local/lib/python3.12/site-packages/airflow/example_dags/example_workday_timetable.py for tasks to queue
[2025-09-22T00:10:36.847+0000] {logging_mixin.py:190} INFO - [2025-09-22T00:10:36.847+0000] {dagbag.py:588} INFO - Filling up the DagBag from /home/airflow/.local/lib/python3.12/site-packages/airflow/example_dags/example_workday_timetable.py
[2025-09-22T00:10:36.851+0000] {processor.py:925} INFO - DAG(s) 'example_workday_timetable' retrieved from /home/airflow/.local/lib/python3.12/site-packages/airflow/example_dags/example_workday_timetable.py
[2025-09-22T00:10:36.869+0000] {logging_mixin.py:190} INFO - [2025-09-22T00:10:36.869+0000] {dag.py:3239} INFO - Sync 1 DAGs
[2025-09-22T00:10:36.919+0000] {logging_mixin.py:190} INFO - [2025-09-22T00:10:36.919+0000] {dag.py:4180} INFO - Setting next_dagrun for example_workday_timetable to 2021-01-04 00:00:00+00:00, run_after=2021-01-05 00:00:00+00:00
[2025-09-22T00:10:36.963+0000] {processor.py:208} INFO - Processing /home/airflow/.local/lib/python3.12/site-packages/airflow/example_dags/example_workday_timetable.py took 0.124 seconds
[2025-09-22T00:11:07.476+0000] {processor.py:186} INFO - Started process (PID=6573) to work on /home/airflow/.local/lib/python3.12/site-packages/airflow/example_dags/example_workday_timetable.py
[2025-09-22T00:11:07.477+0000] {processor.py:914} INFO - Processing file /home/airflow/.local/lib/python3.12/site-packages/airflow/example_dags/example_workday_timetable.py for tasks to queue
[2025-09-22T00:11:07.479+0000] {logging_mixin.py:190} INFO - [2025-09-22T00:11:07.478+0000] {dagbag.py:588} INFO - Filling up the DagBag from /home/airflow/.local/lib/python3.12/site-packages/airflow/example_dags/example_workday_timetable.py
[2025-09-22T00:11:07.483+0000] {processor.py:925} INFO - DAG(s) 'example_workday_timetable' retrieved from /home/airflow/.local/lib/python3.12/site-packages/airflow/example_dags/example_workday_timetable.py
[2025-09-22T00:11:07.498+0000] {logging_mixin.py:190} INFO - [2025-09-22T00:11:07.498+0000] {dag.py:3239} INFO - Sync 1 DAGs
[2025-09-22T00:11:07.548+0000] {logging_mixin.py:190} INFO - [2025-09-22T00:11:07.548+0000] {dag.py:4180} INFO - Setting next_dagrun for example_workday_timetable to 2021-01-04 00:00:00+00:00, run_after=2021-01-05 00:00:00+00:00
[2025-09-22T00:11:07.603+0000] {processor.py:208} INFO - Processing /home/airflow/.local/lib/python3.12/site-packages/airflow/example_dags/example_workday_timetable.py took 0.132 seconds
[2025-09-22T00:11:38.279+0000] {processor.py:186} INFO - Started process (PID=6637) to work on /home/airflow/.local/lib/python3.12/site-packages/airflow/example_dags/example_workday_timetable.py
[2025-09-22T00:11:38.280+0000] {processor.py:914} INFO - Processing file /home/airflow/.local/lib/python3.12/site-packages/airflow/example_dags/example_workday_timetable.py for tasks to queue
[2025-09-22T00:11:38.282+0000] {logging_mixin.py:190} INFO - [2025-09-22T00:11:38.281+0000] {dagbag.py:588} INFO - Filling up the DagBag from /home/airflow/.local/lib/python3.12/site-packages/airflow/example_dags/example_workday_timetable.py
[2025-09-22T00:11:38.286+0000] {processor.py:925} INFO - DAG(s) 'example_workday_timetable' retrieved from /home/airflow/.local/lib/python3.12/site-packages/airflow/example_dags/example_workday_timetable.py
[2025-09-22T00:11:38.301+0000] {logging_mixin.py:190} INFO - [2025-09-22T00:11:38.301+0000] {dag.py:3239} INFO - Sync 1 DAGs
[2025-09-22T00:11:38.353+0000] {logging_mixin.py:190} INFO - [2025-09-22T00:11:38.353+0000] {dag.py:4180} INFO - Setting next_dagrun for example_workday_timetable to 2021-01-04 00:00:00+00:00, run_after=2021-01-05 00:00:00+00:00
[2025-09-22T00:11:38.392+0000] {processor.py:208} INFO - Processing /home/airflow/.local/lib/python3.12/site-packages/airflow/example_dags/example_workday_timetable.py took 0.118 seconds
[2025-09-22T00:12:08.888+0000] {processor.py:186} INFO - Started process (PID=6701) to work on /home/airflow/.local/lib/python3.12/site-packages/airflow/example_dags/example_workday_timetable.py
[2025-09-22T00:12:08.889+0000] {processor.py:914} INFO - Processing file /home/airflow/.local/lib/python3.12/site-packages/airflow/example_dags/example_workday_timetable.py for tasks to queue
[2025-09-22T00:12:08.891+0000] {logging_mixin.py:190} INFO - [2025-09-22T00:12:08.890+0000] {dagbag.py:588} INFO - Filling up the DagBag from /home/airflow/.local/lib/python3.12/site-packages/airflow/example_dags/example_workday_timetable.py
[2025-09-22T00:12:08.896+0000] {processor.py:925} INFO - DAG(s) 'example_workday_timetable' retrieved from /home/airflow/.local/lib/python3.12/site-packages/airflow/example_dags/example_workday_timetable.py
[2025-09-22T00:12:08.912+0000] {logging_mixin.py:190} INFO - [2025-09-22T00:12:08.912+0000] {dag.py:3239} INFO - Sync 1 DAGs
[2025-09-22T00:12:08.968+0000] {logging_mixin.py:190} INFO - [2025-09-22T00:12:08.968+0000] {dag.py:4180} INFO - Setting next_dagrun for example_workday_timetable to 2021-01-04 00:00:00+00:00, run_after=2021-01-05 00:00:00+00:00
[2025-09-22T00:12:09.010+0000] {processor.py:208} INFO - Processing /home/airflow/.local/lib/python3.12/site-packages/airflow/example_dags/example_workday_timetable.py took 0.127 seconds
[2025-09-22T00:12:39.593+0000] {processor.py:186} INFO - Started process (PID=6765) to work on /home/airflow/.local/lib/python3.12/site-packages/airflow/example_dags/example_workday_timetable.py
[2025-09-22T00:12:39.594+0000] {processor.py:914} INFO - Processing file /home/airflow/.local/lib/python3.12/site-packages/airflow/example_dags/example_workday_timetable.py for tasks to queue
[2025-09-22T00:12:39.597+0000] {logging_mixin.py:190} INFO - [2025-09-22T00:12:39.597+0000] {dagbag.py:588} INFO - Filling up the DagBag from /home/airflow/.local/lib/python3.12/site-packages/airflow/example_dags/example_workday_timetable.py
[2025-09-22T00:12:39.602+0000] {processor.py:925} INFO - DAG(s) 'example_workday_timetable' retrieved from /home/airflow/.local/lib/python3.12/site-packages/airflow/example_dags/example_workday_timetable.py
[2025-09-22T00:12:39.620+0000] {logging_mixin.py:190} INFO - [2025-09-22T00:12:39.620+0000] {dag.py:3239} INFO - Sync 1 DAGs
[2025-09-22T00:12:39.679+0000] {logging_mixin.py:190} INFO - [2025-09-22T00:12:39.679+0000] {dag.py:4180} INFO - Setting next_dagrun for example_workday_timetable to 2021-01-04 00:00:00+00:00, run_after=2021-01-05 00:00:00+00:00
[2025-09-22T00:12:39.746+0000] {processor.py:208} INFO - Processing /home/airflow/.local/lib/python3.12/site-packages/airflow/example_dags/example_workday_timetable.py took 0.158 seconds
[2025-09-22T00:13:10.819+0000] {processor.py:186} INFO - Started process (PID=6829) to work on /home/airflow/.local/lib/python3.12/site-packages/airflow/example_dags/example_workday_timetable.py
[2025-09-22T00:13:10.820+0000] {processor.py:914} INFO - Processing file /home/airflow/.local/lib/python3.12/site-packages/airflow/example_dags/example_workday_timetable.py for tasks to queue
[2025-09-22T00:13:10.822+0000] {logging_mixin.py:190} INFO - [2025-09-22T00:13:10.822+0000] {dagbag.py:588} INFO - Filling up the DagBag from /home/airflow/.local/lib/python3.12/site-packages/airflow/example_dags/example_workday_timetable.py
[2025-09-22T00:13:10.827+0000] {processor.py:925} INFO - DAG(s) 'example_workday_timetable' retrieved from /home/airflow/.local/lib/python3.12/site-packages/airflow/example_dags/example_workday_timetable.py
[2025-09-22T00:13:10.844+0000] {logging_mixin.py:190} INFO - [2025-09-22T00:13:10.844+0000] {dag.py:3239} INFO - Sync 1 DAGs
[2025-09-22T00:13:10.905+0000] {logging_mixin.py:190} INFO - [2025-09-22T00:13:10.905+0000] {dag.py:4180} INFO - Setting next_dagrun for example_workday_timetable to 2021-01-04 00:00:00+00:00, run_after=2021-01-05 00:00:00+00:00
[2025-09-22T00:13:10.963+0000] {processor.py:208} INFO - Processing /home/airflow/.local/lib/python3.12/site-packages/airflow/example_dags/example_workday_timetable.py took 0.149 seconds
[2025-09-22T00:13:41.331+0000] {processor.py:186} INFO - Started process (PID=6893) to work on /home/airflow/.local/lib/python3.12/site-packages/airflow/example_dags/example_workday_timetable.py
[2025-09-22T00:13:41.332+0000] {processor.py:914} INFO - Processing file /home/airflow/.local/lib/python3.12/site-packages/airflow/example_dags/example_workday_timetable.py for tasks to queue
[2025-09-22T00:13:41.334+0000] {logging_mixin.py:190} INFO - [2025-09-22T00:13:41.334+0000] {dagbag.py:588} INFO - Filling up the DagBag from /home/airflow/.local/lib/python3.12/site-packages/airflow/example_dags/example_workday_timetable.py
[2025-09-22T00:13:41.339+0000] {processor.py:925} INFO - DAG(s) 'example_workday_timetable' retrieved from /home/airflow/.local/lib/python3.12/site-packages/airflow/example_dags/example_workday_timetable.py
[2025-09-22T00:13:41.355+0000] {logging_mixin.py:190} INFO - [2025-09-22T00:13:41.354+0000] {dag.py:3239} INFO - Sync 1 DAGs
[2025-09-22T00:13:41.408+0000] {logging_mixin.py:190} INFO - [2025-09-22T00:13:41.407+0000] {dag.py:4180} INFO - Setting next_dagrun for example_workday_timetable to 2021-01-04 00:00:00+00:00, run_after=2021-01-05 00:00:00+00:00
[2025-09-22T00:13:41.459+0000] {processor.py:208} INFO - Processing /home/airflow/.local/lib/python3.12/site-packages/airflow/example_dags/example_workday_timetable.py took 0.133 seconds
[2025-09-22T00:14:11.501+0000] {processor.py:186} INFO - Started process (PID=6957) to work on /home/airflow/.local/lib/python3.12/site-packages/airflow/example_dags/example_workday_timetable.py
[2025-09-22T00:14:11.502+0000] {processor.py:914} INFO - Processing file /home/airflow/.local/lib/python3.12/site-packages/airflow/example_dags/example_workday_timetable.py for tasks to queue
[2025-09-22T00:14:11.504+0000] {logging_mixin.py:190} INFO - [2025-09-22T00:14:11.504+0000] {dagbag.py:588} INFO - Filling up the DagBag from /home/airflow/.local/lib/python3.12/site-packages/airflow/example_dags/example_workday_timetable.py
[2025-09-22T00:14:11.509+0000] {processor.py:925} INFO - DAG(s) 'example_workday_timetable' retrieved from /home/airflow/.local/lib/python3.12/site-packages/airflow/example_dags/example_workday_timetable.py
[2025-09-22T00:14:11.526+0000] {logging_mixin.py:190} INFO - [2025-09-22T00:14:11.525+0000] {dag.py:3239} INFO - Sync 1 DAGs
[2025-09-22T00:14:11.579+0000] {logging_mixin.py:190} INFO - [2025-09-22T00:14:11.579+0000] {dag.py:4180} INFO - Setting next_dagrun for example_workday_timetable to 2021-01-04 00:00:00+00:00, run_after=2021-01-05 00:00:00+00:00
[2025-09-22T00:14:11.622+0000] {processor.py:208} INFO - Processing /home/airflow/.local/lib/python3.12/site-packages/airflow/example_dags/example_workday_timetable.py took 0.126 seconds
[2025-09-22T00:14:42.336+0000] {processor.py:186} INFO - Started process (PID=7021) to work on /home/airflow/.local/lib/python3.12/site-packages/airflow/example_dags/example_workday_timetable.py
[2025-09-22T00:14:42.337+0000] {processor.py:914} INFO - Processing file /home/airflow/.local/lib/python3.12/site-packages/airflow/example_dags/example_workday_timetable.py for tasks to queue
[2025-09-22T00:14:42.339+0000] {logging_mixin.py:190} INFO - [2025-09-22T00:14:42.339+0000] {dagbag.py:588} INFO - Filling up the DagBag from /home/airflow/.local/lib/python3.12/site-packages/airflow/example_dags/example_workday_timetable.py
[2025-09-22T00:14:42.344+0000] {processor.py:925} INFO - DAG(s) 'example_workday_timetable' retrieved from /home/airflow/.local/lib/python3.12/site-packages/airflow/example_dags/example_workday_timetable.py
[2025-09-22T00:14:42.360+0000] {logging_mixin.py:190} INFO - [2025-09-22T00:14:42.360+0000] {dag.py:3239} INFO - Sync 1 DAGs
[2025-09-22T00:14:42.418+0000] {logging_mixin.py:190} INFO - [2025-09-22T00:14:42.418+0000] {dag.py:4180} INFO - Setting next_dagrun for example_workday_timetable to 2021-01-04 00:00:00+00:00, run_after=2021-01-05 00:00:00+00:00
[2025-09-22T00:14:42.470+0000] {processor.py:208} INFO - Processing /home/airflow/.local/lib/python3.12/site-packages/airflow/example_dags/example_workday_timetable.py took 0.139 seconds
[2025-09-22T00:15:12.767+0000] {processor.py:186} INFO - Started process (PID=7085) to work on /home/airflow/.local/lib/python3.12/site-packages/airflow/example_dags/example_workday_timetable.py
[2025-09-22T00:15:12.768+0000] {processor.py:914} INFO - Processing file /home/airflow/.local/lib/python3.12/site-packages/airflow/example_dags/example_workday_timetable.py for tasks to queue
[2025-09-22T00:15:12.771+0000] {logging_mixin.py:190} INFO - [2025-09-22T00:15:12.770+0000] {dagbag.py:588} INFO - Filling up the DagBag from /home/airflow/.local/lib/python3.12/site-packages/airflow/example_dags/example_workday_timetable.py
[2025-09-22T00:15:12.776+0000] {processor.py:925} INFO - DAG(s) 'example_workday_timetable' retrieved from /home/airflow/.local/lib/python3.12/site-packages/airflow/example_dags/example_workday_timetable.py
[2025-09-22T00:15:12.792+0000] {logging_mixin.py:190} INFO - [2025-09-22T00:15:12.792+0000] {dag.py:3239} INFO - Sync 1 DAGs
[2025-09-22T00:15:12.847+0000] {logging_mixin.py:190} INFO - [2025-09-22T00:15:12.847+0000] {dag.py:4180} INFO - Setting next_dagrun for example_workday_timetable to 2021-01-04 00:00:00+00:00, run_after=2021-01-05 00:00:00+00:00
[2025-09-22T00:15:12.904+0000] {processor.py:208} INFO - Processing /home/airflow/.local/lib/python3.12/site-packages/airflow/example_dags/example_workday_timetable.py took 0.142 seconds
[2025-09-22T00:15:43.452+0000] {processor.py:186} INFO - Started process (PID=7149) to work on /home/airflow/.local/lib/python3.12/site-packages/airflow/example_dags/example_workday_timetable.py
[2025-09-22T00:15:43.453+0000] {processor.py:914} INFO - Processing file /home/airflow/.local/lib/python3.12/site-packages/airflow/example_dags/example_workday_timetable.py for tasks to queue
[2025-09-22T00:15:43.455+0000] {logging_mixin.py:190} INFO - [2025-09-22T00:15:43.455+0000] {dagbag.py:588} INFO - Filling up the DagBag from /home/airflow/.local/lib/python3.12/site-packages/airflow/example_dags/example_workday_timetable.py
[2025-09-22T00:15:43.461+0000] {processor.py:925} INFO - DAG(s) 'example_workday_timetable' retrieved from /home/airflow/.local/lib/python3.12/site-packages/airflow/example_dags/example_workday_timetable.py
[2025-09-22T00:15:43.479+0000] {logging_mixin.py:190} INFO - [2025-09-22T00:15:43.479+0000] {dag.py:3239} INFO - Sync 1 DAGs
[2025-09-22T00:15:43.546+0000] {logging_mixin.py:190} INFO - [2025-09-22T00:15:43.546+0000] {dag.py:4180} INFO - Setting next_dagrun for example_workday_timetable to 2021-01-04 00:00:00+00:00, run_after=2021-01-05 00:00:00+00:00
[2025-09-22T00:15:43.589+0000] {processor.py:208} INFO - Processing /home/airflow/.local/lib/python3.12/site-packages/airflow/example_dags/example_workday_timetable.py took 0.143 seconds
[2025-09-22T00:16:13.927+0000] {processor.py:186} INFO - Started process (PID=7213) to work on /home/airflow/.local/lib/python3.12/site-packages/airflow/example_dags/example_workday_timetable.py
[2025-09-22T00:16:13.928+0000] {processor.py:914} INFO - Processing file /home/airflow/.local/lib/python3.12/site-packages/airflow/example_dags/example_workday_timetable.py for tasks to queue
[2025-09-22T00:16:13.930+0000] {logging_mixin.py:190} INFO - [2025-09-22T00:16:13.930+0000] {dagbag.py:588} INFO - Filling up the DagBag from /home/airflow/.local/lib/python3.12/site-packages/airflow/example_dags/example_workday_timetable.py
[2025-09-22T00:16:13.936+0000] {processor.py:925} INFO - DAG(s) 'example_workday_timetable' retrieved from /home/airflow/.local/lib/python3.12/site-packages/airflow/example_dags/example_workday_timetable.py
[2025-09-22T00:16:13.957+0000] {logging_mixin.py:190} INFO - [2025-09-22T00:16:13.957+0000] {dag.py:3239} INFO - Sync 1 DAGs
[2025-09-22T00:16:14.026+0000] {logging_mixin.py:190} INFO - [2025-09-22T00:16:14.025+0000] {dag.py:4180} INFO - Setting next_dagrun for example_workday_timetable to 2021-01-04 00:00:00+00:00, run_after=2021-01-05 00:00:00+00:00
[2025-09-22T00:16:14.065+0000] {processor.py:208} INFO - Processing /home/airflow/.local/lib/python3.12/site-packages/airflow/example_dags/example_workday_timetable.py took 0.145 seconds
[2025-09-22T00:16:44.457+0000] {processor.py:186} INFO - Started process (PID=7277) to work on /home/airflow/.local/lib/python3.12/site-packages/airflow/example_dags/example_workday_timetable.py
[2025-09-22T00:16:44.458+0000] {processor.py:914} INFO - Processing file /home/airflow/.local/lib/python3.12/site-packages/airflow/example_dags/example_workday_timetable.py for tasks to queue
[2025-09-22T00:16:44.460+0000] {logging_mixin.py:190} INFO - [2025-09-22T00:16:44.460+0000] {dagbag.py:588} INFO - Filling up the DagBag from /home/airflow/.local/lib/python3.12/site-packages/airflow/example_dags/example_workday_timetable.py
[2025-09-22T00:16:44.465+0000] {processor.py:925} INFO - DAG(s) 'example_workday_timetable' retrieved from /home/airflow/.local/lib/python3.12/site-packages/airflow/example_dags/example_workday_timetable.py
[2025-09-22T00:16:44.483+0000] {logging_mixin.py:190} INFO - [2025-09-22T00:16:44.482+0000] {dag.py:3239} INFO - Sync 1 DAGs
[2025-09-22T00:16:44.544+0000] {logging_mixin.py:190} INFO - [2025-09-22T00:16:44.544+0000] {dag.py:4180} INFO - Setting next_dagrun for example_workday_timetable to 2021-01-04 00:00:00+00:00, run_after=2021-01-05 00:00:00+00:00
[2025-09-22T00:16:44.581+0000] {processor.py:208} INFO - Processing /home/airflow/.local/lib/python3.12/site-packages/airflow/example_dags/example_workday_timetable.py took 0.129 seconds
[2025-09-22T00:17:14.783+0000] {processor.py:186} INFO - Started process (PID=7341) to work on /home/airflow/.local/lib/python3.12/site-packages/airflow/example_dags/example_workday_timetable.py
[2025-09-22T00:17:14.784+0000] {processor.py:914} INFO - Processing file /home/airflow/.local/lib/python3.12/site-packages/airflow/example_dags/example_workday_timetable.py for tasks to queue
[2025-09-22T00:17:14.787+0000] {logging_mixin.py:190} INFO - [2025-09-22T00:17:14.786+0000] {dagbag.py:588} INFO - Filling up the DagBag from /home/airflow/.local/lib/python3.12/site-packages/airflow/example_dags/example_workday_timetable.py
[2025-09-22T00:17:14.792+0000] {processor.py:925} INFO - DAG(s) 'example_workday_timetable' retrieved from /home/airflow/.local/lib/python3.12/site-packages/airflow/example_dags/example_workday_timetable.py
[2025-09-22T00:17:14.808+0000] {logging_mixin.py:190} INFO - [2025-09-22T00:17:14.808+0000] {dag.py:3239} INFO - Sync 1 DAGs
[2025-09-22T00:17:14.878+0000] {logging_mixin.py:190} INFO - [2025-09-22T00:17:14.878+0000] {dag.py:4180} INFO - Setting next_dagrun for example_workday_timetable to 2021-01-04 00:00:00+00:00, run_after=2021-01-05 00:00:00+00:00
[2025-09-22T00:17:14.929+0000] {processor.py:208} INFO - Processing /home/airflow/.local/lib/python3.12/site-packages/airflow/example_dags/example_workday_timetable.py took 0.151 seconds
[2025-09-22T00:17:44.969+0000] {processor.py:186} INFO - Started process (PID=7405) to work on /home/airflow/.local/lib/python3.12/site-packages/airflow/example_dags/example_workday_timetable.py
[2025-09-22T00:17:44.970+0000] {processor.py:914} INFO - Processing file /home/airflow/.local/lib/python3.12/site-packages/airflow/example_dags/example_workday_timetable.py for tasks to queue
[2025-09-22T00:17:44.973+0000] {logging_mixin.py:190} INFO - [2025-09-22T00:17:44.972+0000] {dagbag.py:588} INFO - Filling up the DagBag from /home/airflow/.local/lib/python3.12/site-packages/airflow/example_dags/example_workday_timetable.py
[2025-09-22T00:17:44.979+0000] {processor.py:925} INFO - DAG(s) 'example_workday_timetable' retrieved from /home/airflow/.local/lib/python3.12/site-packages/airflow/example_dags/example_workday_timetable.py
[2025-09-22T00:17:44.998+0000] {logging_mixin.py:190} INFO - [2025-09-22T00:17:44.998+0000] {dag.py:3239} INFO - Sync 1 DAGs
[2025-09-22T00:17:45.063+0000] {logging_mixin.py:190} INFO - [2025-09-22T00:17:45.063+0000] {dag.py:4180} INFO - Setting next_dagrun for example_workday_timetable to 2021-01-04 00:00:00+00:00, run_after=2021-01-05 00:00:00+00:00
[2025-09-22T00:17:45.113+0000] {processor.py:208} INFO - Processing /home/airflow/.local/lib/python3.12/site-packages/airflow/example_dags/example_workday_timetable.py took 0.150 seconds
[2025-09-22T00:18:15.219+0000] {processor.py:186} INFO - Started process (PID=7469) to work on /home/airflow/.local/lib/python3.12/site-packages/airflow/example_dags/example_workday_timetable.py
[2025-09-22T00:18:15.220+0000] {processor.py:914} INFO - Processing file /home/airflow/.local/lib/python3.12/site-packages/airflow/example_dags/example_workday_timetable.py for tasks to queue
[2025-09-22T00:18:15.222+0000] {logging_mixin.py:190} INFO - [2025-09-22T00:18:15.222+0000] {dagbag.py:588} INFO - Filling up the DagBag from /home/airflow/.local/lib/python3.12/site-packages/airflow/example_dags/example_workday_timetable.py
[2025-09-22T00:18:15.228+0000] {processor.py:925} INFO - DAG(s) 'example_workday_timetable' retrieved from /home/airflow/.local/lib/python3.12/site-packages/airflow/example_dags/example_workday_timetable.py
[2025-09-22T00:18:15.247+0000] {logging_mixin.py:190} INFO - [2025-09-22T00:18:15.246+0000] {dag.py:3239} INFO - Sync 1 DAGs
[2025-09-22T00:18:15.319+0000] {logging_mixin.py:190} INFO - [2025-09-22T00:18:15.318+0000] {dag.py:4180} INFO - Setting next_dagrun for example_workday_timetable to 2021-01-04 00:00:00+00:00, run_after=2021-01-05 00:00:00+00:00
[2025-09-22T00:18:15.363+0000] {processor.py:208} INFO - Processing /home/airflow/.local/lib/python3.12/site-packages/airflow/example_dags/example_workday_timetable.py took 0.150 seconds
[2025-09-22T00:18:45.525+0000] {processor.py:186} INFO - Started process (PID=7533) to work on /home/airflow/.local/lib/python3.12/site-packages/airflow/example_dags/example_workday_timetable.py
[2025-09-22T00:18:45.526+0000] {processor.py:914} INFO - Processing file /home/airflow/.local/lib/python3.12/site-packages/airflow/example_dags/example_workday_timetable.py for tasks to queue
[2025-09-22T00:18:45.528+0000] {logging_mixin.py:190} INFO - [2025-09-22T00:18:45.527+0000] {dagbag.py:588} INFO - Filling up the DagBag from /home/airflow/.local/lib/python3.12/site-packages/airflow/example_dags/example_workday_timetable.py
[2025-09-22T00:18:45.534+0000] {processor.py:925} INFO - DAG(s) 'example_workday_timetable' retrieved from /home/airflow/.local/lib/python3.12/site-packages/airflow/example_dags/example_workday_timetable.py
[2025-09-22T00:18:45.555+0000] {logging_mixin.py:190} INFO - [2025-09-22T00:18:45.555+0000] {dag.py:3239} INFO - Sync 1 DAGs
[2025-09-22T00:18:45.612+0000] {logging_mixin.py:190} INFO - [2025-09-22T00:18:45.612+0000] {dag.py:4180} INFO - Setting next_dagrun for example_workday_timetable to 2021-01-04 00:00:00+00:00, run_after=2021-01-05 00:00:00+00:00
[2025-09-22T00:18:45.655+0000] {processor.py:208} INFO - Processing /home/airflow/.local/lib/python3.12/site-packages/airflow/example_dags/example_workday_timetable.py took 0.136 seconds
[2025-09-22T00:19:15.827+0000] {processor.py:186} INFO - Started process (PID=7597) to work on /home/airflow/.local/lib/python3.12/site-packages/airflow/example_dags/example_workday_timetable.py
[2025-09-22T00:19:15.829+0000] {processor.py:914} INFO - Processing file /home/airflow/.local/lib/python3.12/site-packages/airflow/example_dags/example_workday_timetable.py for tasks to queue
[2025-09-22T00:19:15.831+0000] {logging_mixin.py:190} INFO - [2025-09-22T00:19:15.831+0000] {dagbag.py:588} INFO - Filling up the DagBag from /home/airflow/.local/lib/python3.12/site-packages/airflow/example_dags/example_workday_timetable.py
[2025-09-22T00:19:15.836+0000] {processor.py:925} INFO - DAG(s) 'example_workday_timetable' retrieved from /home/airflow/.local/lib/python3.12/site-packages/airflow/example_dags/example_workday_timetable.py
[2025-09-22T00:19:15.852+0000] {logging_mixin.py:190} INFO - [2025-09-22T00:19:15.852+0000] {dag.py:3239} INFO - Sync 1 DAGs
[2025-09-22T00:19:15.906+0000] {logging_mixin.py:190} INFO - [2025-09-22T00:19:15.906+0000] {dag.py:4180} INFO - Setting next_dagrun for example_workday_timetable to 2021-01-04 00:00:00+00:00, run_after=2021-01-05 00:00:00+00:00
[2025-09-22T00:19:15.949+0000] {processor.py:208} INFO - Processing /home/airflow/.local/lib/python3.12/site-packages/airflow/example_dags/example_workday_timetable.py took 0.127 seconds
[2025-09-22T00:19:46.560+0000] {processor.py:186} INFO - Started process (PID=7661) to work on /home/airflow/.local/lib/python3.12/site-packages/airflow/example_dags/example_workday_timetable.py
[2025-09-22T00:19:46.561+0000] {processor.py:914} INFO - Processing file /home/airflow/.local/lib/python3.12/site-packages/airflow/example_dags/example_workday_timetable.py for tasks to queue
[2025-09-22T00:19:46.563+0000] {logging_mixin.py:190} INFO - [2025-09-22T00:19:46.563+0000] {dagbag.py:588} INFO - Filling up the DagBag from /home/airflow/.local/lib/python3.12/site-packages/airflow/example_dags/example_workday_timetable.py
[2025-09-22T00:19:46.568+0000] {processor.py:925} INFO - DAG(s) 'example_workday_timetable' retrieved from /home/airflow/.local/lib/python3.12/site-packages/airflow/example_dags/example_workday_timetable.py
[2025-09-22T00:19:46.584+0000] {logging_mixin.py:190} INFO - [2025-09-22T00:19:46.584+0000] {dag.py:3239} INFO - Sync 1 DAGs
[2025-09-22T00:19:46.641+0000] {logging_mixin.py:190} INFO - [2025-09-22T00:19:46.641+0000] {dag.py:4180} INFO - Setting next_dagrun for example_workday_timetable to 2021-01-04 00:00:00+00:00, run_after=2021-01-05 00:00:00+00:00
[2025-09-22T00:19:46.705+0000] {processor.py:208} INFO - Processing /home/airflow/.local/lib/python3.12/site-packages/airflow/example_dags/example_workday_timetable.py took 0.151 seconds
[2025-09-22T00:20:16.914+0000] {processor.py:186} INFO - Started process (PID=7725) to work on /home/airflow/.local/lib/python3.12/site-packages/airflow/example_dags/example_workday_timetable.py
[2025-09-22T00:20:16.915+0000] {processor.py:914} INFO - Processing file /home/airflow/.local/lib/python3.12/site-packages/airflow/example_dags/example_workday_timetable.py for tasks to queue
[2025-09-22T00:20:16.917+0000] {logging_mixin.py:190} INFO - [2025-09-22T00:20:16.917+0000] {dagbag.py:588} INFO - Filling up the DagBag from /home/airflow/.local/lib/python3.12/site-packages/airflow/example_dags/example_workday_timetable.py
[2025-09-22T00:20:16.922+0000] {processor.py:925} INFO - DAG(s) 'example_workday_timetable' retrieved from /home/airflow/.local/lib/python3.12/site-packages/airflow/example_dags/example_workday_timetable.py
[2025-09-22T00:20:16.939+0000] {logging_mixin.py:190} INFO - [2025-09-22T00:20:16.938+0000] {dag.py:3239} INFO - Sync 1 DAGs
[2025-09-22T00:20:16.992+0000] {logging_mixin.py:190} INFO - [2025-09-22T00:20:16.992+0000] {dag.py:4180} INFO - Setting next_dagrun for example_workday_timetable to 2021-01-04 00:00:00+00:00, run_after=2021-01-05 00:00:00+00:00
[2025-09-22T00:20:17.047+0000] {processor.py:208} INFO - Processing /home/airflow/.local/lib/python3.12/site-packages/airflow/example_dags/example_workday_timetable.py took 0.138 seconds
[2025-09-22T00:20:47.427+0000] {processor.py:186} INFO - Started process (PID=7789) to work on /home/airflow/.local/lib/python3.12/site-packages/airflow/example_dags/example_workday_timetable.py
[2025-09-22T00:20:47.428+0000] {processor.py:914} INFO - Processing file /home/airflow/.local/lib/python3.12/site-packages/airflow/example_dags/example_workday_timetable.py for tasks to queue
[2025-09-22T00:20:47.430+0000] {logging_mixin.py:190} INFO - [2025-09-22T00:20:47.429+0000] {dagbag.py:588} INFO - Filling up the DagBag from /home/airflow/.local/lib/python3.12/site-packages/airflow/example_dags/example_workday_timetable.py
[2025-09-22T00:20:47.434+0000] {processor.py:925} INFO - DAG(s) 'example_workday_timetable' retrieved from /home/airflow/.local/lib/python3.12/site-packages/airflow/example_dags/example_workday_timetable.py
[2025-09-22T00:20:47.451+0000] {logging_mixin.py:190} INFO - [2025-09-22T00:20:47.451+0000] {dag.py:3239} INFO - Sync 1 DAGs
[2025-09-22T00:20:47.514+0000] {logging_mixin.py:190} INFO - [2025-09-22T00:20:47.514+0000] {dag.py:4180} INFO - Setting next_dagrun for example_workday_timetable to 2021-01-04 00:00:00+00:00, run_after=2021-01-05 00:00:00+00:00
[2025-09-22T00:20:47.582+0000] {processor.py:208} INFO - Processing /home/airflow/.local/lib/python3.12/site-packages/airflow/example_dags/example_workday_timetable.py took 0.160 seconds
[2025-09-22T00:21:17.625+0000] {processor.py:186} INFO - Started process (PID=7853) to work on /home/airflow/.local/lib/python3.12/site-packages/airflow/example_dags/example_workday_timetable.py
[2025-09-22T00:21:17.626+0000] {processor.py:914} INFO - Processing file /home/airflow/.local/lib/python3.12/site-packages/airflow/example_dags/example_workday_timetable.py for tasks to queue
[2025-09-22T00:21:17.628+0000] {logging_mixin.py:190} INFO - [2025-09-22T00:21:17.628+0000] {dagbag.py:588} INFO - Filling up the DagBag from /home/airflow/.local/lib/python3.12/site-packages/airflow/example_dags/example_workday_timetable.py
[2025-09-22T00:21:17.633+0000] {processor.py:925} INFO - DAG(s) 'example_workday_timetable' retrieved from /home/airflow/.local/lib/python3.12/site-packages/airflow/example_dags/example_workday_timetable.py
[2025-09-22T00:21:17.650+0000] {logging_mixin.py:190} INFO - [2025-09-22T00:21:17.649+0000] {dag.py:3239} INFO - Sync 1 DAGs
[2025-09-22T00:21:17.704+0000] {logging_mixin.py:190} INFO - [2025-09-22T00:21:17.704+0000] {dag.py:4180} INFO - Setting next_dagrun for example_workday_timetable to 2021-01-04 00:00:00+00:00, run_after=2021-01-05 00:00:00+00:00
[2025-09-22T00:21:17.738+0000] {processor.py:208} INFO - Processing /home/airflow/.local/lib/python3.12/site-packages/airflow/example_dags/example_workday_timetable.py took 0.118 seconds
[2025-09-22T00:21:48.415+0000] {processor.py:186} INFO - Started process (PID=7917) to work on /home/airflow/.local/lib/python3.12/site-packages/airflow/example_dags/example_workday_timetable.py
[2025-09-22T00:21:48.416+0000] {processor.py:914} INFO - Processing file /home/airflow/.local/lib/python3.12/site-packages/airflow/example_dags/example_workday_timetable.py for tasks to queue
[2025-09-22T00:21:48.418+0000] {logging_mixin.py:190} INFO - [2025-09-22T00:21:48.418+0000] {dagbag.py:588} INFO - Filling up the DagBag from /home/airflow/.local/lib/python3.12/site-packages/airflow/example_dags/example_workday_timetable.py
[2025-09-22T00:21:48.423+0000] {processor.py:925} INFO - DAG(s) 'example_workday_timetable' retrieved from /home/airflow/.local/lib/python3.12/site-packages/airflow/example_dags/example_workday_timetable.py
[2025-09-22T00:21:48.439+0000] {logging_mixin.py:190} INFO - [2025-09-22T00:21:48.439+0000] {dag.py:3239} INFO - Sync 1 DAGs
[2025-09-22T00:21:48.495+0000] {logging_mixin.py:190} INFO - [2025-09-22T00:21:48.495+0000] {dag.py:4180} INFO - Setting next_dagrun for example_workday_timetable to 2021-01-04 00:00:00+00:00, run_after=2021-01-05 00:00:00+00:00
[2025-09-22T00:21:48.538+0000] {processor.py:208} INFO - Processing /home/airflow/.local/lib/python3.12/site-packages/airflow/example_dags/example_workday_timetable.py took 0.129 seconds
[2025-09-22T00:22:18.955+0000] {processor.py:186} INFO - Started process (PID=7980) to work on /home/airflow/.local/lib/python3.12/site-packages/airflow/example_dags/example_workday_timetable.py
[2025-09-22T00:22:18.956+0000] {processor.py:914} INFO - Processing file /home/airflow/.local/lib/python3.12/site-packages/airflow/example_dags/example_workday_timetable.py for tasks to queue
[2025-09-22T00:22:18.959+0000] {logging_mixin.py:190} INFO - [2025-09-22T00:22:18.959+0000] {dagbag.py:588} INFO - Filling up the DagBag from /home/airflow/.local/lib/python3.12/site-packages/airflow/example_dags/example_workday_timetable.py
[2025-09-22T00:22:18.963+0000] {processor.py:925} INFO - DAG(s) 'example_workday_timetable' retrieved from /home/airflow/.local/lib/python3.12/site-packages/airflow/example_dags/example_workday_timetable.py
[2025-09-22T00:22:18.979+0000] {logging_mixin.py:190} INFO - [2025-09-22T00:22:18.979+0000] {dag.py:3239} INFO - Sync 1 DAGs
[2025-09-22T00:22:19.031+0000] {logging_mixin.py:190} INFO - [2025-09-22T00:22:19.031+0000] {dag.py:4180} INFO - Setting next_dagrun for example_workday_timetable to 2021-01-04 00:00:00+00:00, run_after=2021-01-05 00:00:00+00:00
[2025-09-22T00:22:19.077+0000] {processor.py:208} INFO - Processing /home/airflow/.local/lib/python3.12/site-packages/airflow/example_dags/example_workday_timetable.py took 0.126 seconds
[2025-09-22T00:22:50.070+0000] {processor.py:186} INFO - Started process (PID=8044) to work on /home/airflow/.local/lib/python3.12/site-packages/airflow/example_dags/example_workday_timetable.py
[2025-09-22T00:22:50.071+0000] {processor.py:914} INFO - Processing file /home/airflow/.local/lib/python3.12/site-packages/airflow/example_dags/example_workday_timetable.py for tasks to queue
[2025-09-22T00:22:50.073+0000] {logging_mixin.py:190} INFO - [2025-09-22T00:22:50.073+0000] {dagbag.py:588} INFO - Filling up the DagBag from /home/airflow/.local/lib/python3.12/site-packages/airflow/example_dags/example_workday_timetable.py
[2025-09-22T00:22:50.079+0000] {processor.py:925} INFO - DAG(s) 'example_workday_timetable' retrieved from /home/airflow/.local/lib/python3.12/site-packages/airflow/example_dags/example_workday_timetable.py
[2025-09-22T00:22:50.097+0000] {logging_mixin.py:190} INFO - [2025-09-22T00:22:50.097+0000] {dag.py:3239} INFO - Sync 1 DAGs
[2025-09-22T00:22:50.151+0000] {logging_mixin.py:190} INFO - [2025-09-22T00:22:50.150+0000] {dag.py:4180} INFO - Setting next_dagrun for example_workday_timetable to 2021-01-04 00:00:00+00:00, run_after=2021-01-05 00:00:00+00:00
[2025-09-22T00:22:50.191+0000] {processor.py:208} INFO - Processing /home/airflow/.local/lib/python3.12/site-packages/airflow/example_dags/example_workday_timetable.py took 0.127 seconds
[2025-09-22T00:23:21.444+0000] {processor.py:186} INFO - Started process (PID=8108) to work on /home/airflow/.local/lib/python3.12/site-packages/airflow/example_dags/example_workday_timetable.py
[2025-09-22T00:23:21.445+0000] {processor.py:914} INFO - Processing file /home/airflow/.local/lib/python3.12/site-packages/airflow/example_dags/example_workday_timetable.py for tasks to queue
[2025-09-22T00:23:21.448+0000] {logging_mixin.py:190} INFO - [2025-09-22T00:23:21.447+0000] {dagbag.py:588} INFO - Filling up the DagBag from /home/airflow/.local/lib/python3.12/site-packages/airflow/example_dags/example_workday_timetable.py
[2025-09-22T00:23:21.452+0000] {processor.py:925} INFO - DAG(s) 'example_workday_timetable' retrieved from /home/airflow/.local/lib/python3.12/site-packages/airflow/example_dags/example_workday_timetable.py
[2025-09-22T00:23:21.469+0000] {logging_mixin.py:190} INFO - [2025-09-22T00:23:21.469+0000] {dag.py:3239} INFO - Sync 1 DAGs
[2025-09-22T00:23:21.523+0000] {logging_mixin.py:190} INFO - [2025-09-22T00:23:21.523+0000] {dag.py:4180} INFO - Setting next_dagrun for example_workday_timetable to 2021-01-04 00:00:00+00:00, run_after=2021-01-05 00:00:00+00:00
[2025-09-22T00:23:21.573+0000] {processor.py:208} INFO - Processing /home/airflow/.local/lib/python3.12/site-packages/airflow/example_dags/example_workday_timetable.py took 0.134 seconds
[2025-09-22T00:23:52.213+0000] {processor.py:186} INFO - Started process (PID=8172) to work on /home/airflow/.local/lib/python3.12/site-packages/airflow/example_dags/example_workday_timetable.py
[2025-09-22T00:23:52.214+0000] {processor.py:914} INFO - Processing file /home/airflow/.local/lib/python3.12/site-packages/airflow/example_dags/example_workday_timetable.py for tasks to queue
[2025-09-22T00:23:52.216+0000] {logging_mixin.py:190} INFO - [2025-09-22T00:23:52.215+0000] {dagbag.py:588} INFO - Filling up the DagBag from /home/airflow/.local/lib/python3.12/site-packages/airflow/example_dags/example_workday_timetable.py
[2025-09-22T00:23:52.221+0000] {processor.py:925} INFO - DAG(s) 'example_workday_timetable' retrieved from /home/airflow/.local/lib/python3.12/site-packages/airflow/example_dags/example_workday_timetable.py
[2025-09-22T00:23:52.237+0000] {logging_mixin.py:190} INFO - [2025-09-22T00:23:52.237+0000] {dag.py:3239} INFO - Sync 1 DAGs
[2025-09-22T00:23:52.290+0000] {logging_mixin.py:190} INFO - [2025-09-22T00:23:52.290+0000] {dag.py:4180} INFO - Setting next_dagrun for example_workday_timetable to 2021-01-04 00:00:00+00:00, run_after=2021-01-05 00:00:00+00:00
[2025-09-22T00:23:52.736+0000] {processor.py:208} INFO - Processing /home/airflow/.local/lib/python3.12/site-packages/airflow/example_dags/example_workday_timetable.py took 0.528 seconds
[2025-09-22T00:24:23.326+0000] {processor.py:186} INFO - Started process (PID=8230) to work on /home/airflow/.local/lib/python3.12/site-packages/airflow/example_dags/example_workday_timetable.py
[2025-09-22T00:24:23.328+0000] {processor.py:914} INFO - Processing file /home/airflow/.local/lib/python3.12/site-packages/airflow/example_dags/example_workday_timetable.py for tasks to queue
[2025-09-22T00:24:23.330+0000] {logging_mixin.py:190} INFO - [2025-09-22T00:24:23.330+0000] {dagbag.py:588} INFO - Filling up the DagBag from /home/airflow/.local/lib/python3.12/site-packages/airflow/example_dags/example_workday_timetable.py
[2025-09-22T00:24:23.336+0000] {processor.py:925} INFO - DAG(s) 'example_workday_timetable' retrieved from /home/airflow/.local/lib/python3.12/site-packages/airflow/example_dags/example_workday_timetable.py
[2025-09-22T00:24:23.352+0000] {logging_mixin.py:190} INFO - [2025-09-22T00:24:23.352+0000] {dag.py:3239} INFO - Sync 1 DAGs
[2025-09-22T00:24:23.404+0000] {logging_mixin.py:190} INFO - [2025-09-22T00:24:23.404+0000] {dag.py:4180} INFO - Setting next_dagrun for example_workday_timetable to 2021-01-04 00:00:00+00:00, run_after=2021-01-05 00:00:00+00:00
[2025-09-22T00:24:23.449+0000] {processor.py:208} INFO - Processing /home/airflow/.local/lib/python3.12/site-packages/airflow/example_dags/example_workday_timetable.py took 0.129 seconds
[2025-09-22T00:24:53.957+0000] {processor.py:186} INFO - Started process (PID=8290) to work on /home/airflow/.local/lib/python3.12/site-packages/airflow/example_dags/example_workday_timetable.py
[2025-09-22T00:24:53.958+0000] {processor.py:914} INFO - Processing file /home/airflow/.local/lib/python3.12/site-packages/airflow/example_dags/example_workday_timetable.py for tasks to queue
[2025-09-22T00:24:53.960+0000] {logging_mixin.py:190} INFO - [2025-09-22T00:24:53.960+0000] {dagbag.py:588} INFO - Filling up the DagBag from /home/airflow/.local/lib/python3.12/site-packages/airflow/example_dags/example_workday_timetable.py
[2025-09-22T00:24:53.965+0000] {processor.py:925} INFO - DAG(s) 'example_workday_timetable' retrieved from /home/airflow/.local/lib/python3.12/site-packages/airflow/example_dags/example_workday_timetable.py
[2025-09-22T00:24:53.981+0000] {logging_mixin.py:190} INFO - [2025-09-22T00:24:53.981+0000] {dag.py:3239} INFO - Sync 1 DAGs
[2025-09-22T00:24:54.037+0000] {logging_mixin.py:190} INFO - [2025-09-22T00:24:54.037+0000] {dag.py:4180} INFO - Setting next_dagrun for example_workday_timetable to 2021-01-04 00:00:00+00:00, run_after=2021-01-05 00:00:00+00:00
[2025-09-22T00:24:54.084+0000] {processor.py:208} INFO - Processing /home/airflow/.local/lib/python3.12/site-packages/airflow/example_dags/example_workday_timetable.py took 0.132 seconds
[2025-09-22T00:25:24.954+0000] {processor.py:186} INFO - Started process (PID=8354) to work on /home/airflow/.local/lib/python3.12/site-packages/airflow/example_dags/example_workday_timetable.py
[2025-09-22T00:25:24.955+0000] {processor.py:914} INFO - Processing file /home/airflow/.local/lib/python3.12/site-packages/airflow/example_dags/example_workday_timetable.py for tasks to queue
[2025-09-22T00:25:24.958+0000] {logging_mixin.py:190} INFO - [2025-09-22T00:25:24.957+0000] {dagbag.py:588} INFO - Filling up the DagBag from /home/airflow/.local/lib/python3.12/site-packages/airflow/example_dags/example_workday_timetable.py
[2025-09-22T00:25:24.963+0000] {processor.py:925} INFO - DAG(s) 'example_workday_timetable' retrieved from /home/airflow/.local/lib/python3.12/site-packages/airflow/example_dags/example_workday_timetable.py
[2025-09-22T00:25:24.981+0000] {logging_mixin.py:190} INFO - [2025-09-22T00:25:24.981+0000] {dag.py:3239} INFO - Sync 1 DAGs
[2025-09-22T00:25:25.040+0000] {logging_mixin.py:190} INFO - [2025-09-22T00:25:25.040+0000] {dag.py:4180} INFO - Setting next_dagrun for example_workday_timetable to 2021-01-04 00:00:00+00:00, run_after=2021-01-05 00:00:00+00:00
[2025-09-22T00:25:25.084+0000] {processor.py:208} INFO - Processing /home/airflow/.local/lib/python3.12/site-packages/airflow/example_dags/example_workday_timetable.py took 0.135 seconds
[2025-09-22T00:25:55.486+0000] {processor.py:186} INFO - Started process (PID=8416) to work on /home/airflow/.local/lib/python3.12/site-packages/airflow/example_dags/example_workday_timetable.py
[2025-09-22T00:25:55.488+0000] {processor.py:914} INFO - Processing file /home/airflow/.local/lib/python3.12/site-packages/airflow/example_dags/example_workday_timetable.py for tasks to queue
[2025-09-22T00:25:55.490+0000] {logging_mixin.py:190} INFO - [2025-09-22T00:25:55.490+0000] {dagbag.py:588} INFO - Filling up the DagBag from /home/airflow/.local/lib/python3.12/site-packages/airflow/example_dags/example_workday_timetable.py
[2025-09-22T00:25:55.495+0000] {processor.py:925} INFO - DAG(s) 'example_workday_timetable' retrieved from /home/airflow/.local/lib/python3.12/site-packages/airflow/example_dags/example_workday_timetable.py
[2025-09-22T00:25:55.513+0000] {logging_mixin.py:190} INFO - [2025-09-22T00:25:55.513+0000] {dag.py:3239} INFO - Sync 1 DAGs
[2025-09-22T00:25:55.575+0000] {logging_mixin.py:190} INFO - [2025-09-22T00:25:55.575+0000] {dag.py:4180} INFO - Setting next_dagrun for example_workday_timetable to 2021-01-04 00:00:00+00:00, run_after=2021-01-05 00:00:00+00:00
[2025-09-22T00:25:55.632+0000] {processor.py:208} INFO - Processing /home/airflow/.local/lib/python3.12/site-packages/airflow/example_dags/example_workday_timetable.py took 0.151 seconds
[2025-09-22T00:26:26.408+0000] {processor.py:186} INFO - Started process (PID=8480) to work on /home/airflow/.local/lib/python3.12/site-packages/airflow/example_dags/example_workday_timetable.py
[2025-09-22T00:26:26.409+0000] {processor.py:914} INFO - Processing file /home/airflow/.local/lib/python3.12/site-packages/airflow/example_dags/example_workday_timetable.py for tasks to queue
[2025-09-22T00:26:26.411+0000] {logging_mixin.py:190} INFO - [2025-09-22T00:26:26.411+0000] {dagbag.py:588} INFO - Filling up the DagBag from /home/airflow/.local/lib/python3.12/site-packages/airflow/example_dags/example_workday_timetable.py
[2025-09-22T00:26:26.416+0000] {processor.py:925} INFO - DAG(s) 'example_workday_timetable' retrieved from /home/airflow/.local/lib/python3.12/site-packages/airflow/example_dags/example_workday_timetable.py
[2025-09-22T00:26:26.433+0000] {logging_mixin.py:190} INFO - [2025-09-22T00:26:26.433+0000] {dag.py:3239} INFO - Sync 1 DAGs
[2025-09-22T00:26:26.486+0000] {logging_mixin.py:190} INFO - [2025-09-22T00:26:26.486+0000] {dag.py:4180} INFO - Setting next_dagrun for example_workday_timetable to 2021-01-04 00:00:00+00:00, run_after=2021-01-05 00:00:00+00:00
[2025-09-22T00:26:27.453+0000] {processor.py:208} INFO - Processing /home/airflow/.local/lib/python3.12/site-packages/airflow/example_dags/example_workday_timetable.py took 1.051 seconds
[2025-09-22T00:26:57.963+0000] {processor.py:186} INFO - Started process (PID=8545) to work on /home/airflow/.local/lib/python3.12/site-packages/airflow/example_dags/example_workday_timetable.py
[2025-09-22T00:26:57.964+0000] {processor.py:914} INFO - Processing file /home/airflow/.local/lib/python3.12/site-packages/airflow/example_dags/example_workday_timetable.py for tasks to queue
[2025-09-22T00:26:57.966+0000] {logging_mixin.py:190} INFO - [2025-09-22T00:26:57.965+0000] {dagbag.py:588} INFO - Filling up the DagBag from /home/airflow/.local/lib/python3.12/site-packages/airflow/example_dags/example_workday_timetable.py
[2025-09-22T00:26:57.971+0000] {processor.py:925} INFO - DAG(s) 'example_workday_timetable' retrieved from /home/airflow/.local/lib/python3.12/site-packages/airflow/example_dags/example_workday_timetable.py
[2025-09-22T00:26:57.987+0000] {logging_mixin.py:190} INFO - [2025-09-22T00:26:57.986+0000] {dag.py:3239} INFO - Sync 1 DAGs
[2025-09-22T00:26:58.039+0000] {logging_mixin.py:190} INFO - [2025-09-22T00:26:58.039+0000] {dag.py:4180} INFO - Setting next_dagrun for example_workday_timetable to 2021-01-04 00:00:00+00:00, run_after=2021-01-05 00:00:00+00:00
[2025-09-22T00:26:58.444+0000] {processor.py:208} INFO - Processing /home/airflow/.local/lib/python3.12/site-packages/airflow/example_dags/example_workday_timetable.py took 0.486 seconds
[2025-09-22T00:27:28.719+0000] {processor.py:186} INFO - Started process (PID=8609) to work on /home/airflow/.local/lib/python3.12/site-packages/airflow/example_dags/example_workday_timetable.py
[2025-09-22T00:27:28.720+0000] {processor.py:914} INFO - Processing file /home/airflow/.local/lib/python3.12/site-packages/airflow/example_dags/example_workday_timetable.py for tasks to queue
[2025-09-22T00:27:28.723+0000] {logging_mixin.py:190} INFO - [2025-09-22T00:27:28.722+0000] {dagbag.py:588} INFO - Filling up the DagBag from /home/airflow/.local/lib/python3.12/site-packages/airflow/example_dags/example_workday_timetable.py
[2025-09-22T00:27:28.727+0000] {processor.py:925} INFO - DAG(s) 'example_workday_timetable' retrieved from /home/airflow/.local/lib/python3.12/site-packages/airflow/example_dags/example_workday_timetable.py
[2025-09-22T00:27:28.744+0000] {logging_mixin.py:190} INFO - [2025-09-22T00:27:28.744+0000] {dag.py:3239} INFO - Sync 1 DAGs
[2025-09-22T00:27:28.798+0000] {logging_mixin.py:190} INFO - [2025-09-22T00:27:28.798+0000] {dag.py:4180} INFO - Setting next_dagrun for example_workday_timetable to 2021-01-04 00:00:00+00:00, run_after=2021-01-05 00:00:00+00:00
[2025-09-22T00:27:28.841+0000] {processor.py:208} INFO - Processing /home/airflow/.local/lib/python3.12/site-packages/airflow/example_dags/example_workday_timetable.py took 0.128 seconds
[2025-09-22T00:27:59.779+0000] {processor.py:186} INFO - Started process (PID=8673) to work on /home/airflow/.local/lib/python3.12/site-packages/airflow/example_dags/example_workday_timetable.py
[2025-09-22T00:27:59.780+0000] {processor.py:914} INFO - Processing file /home/airflow/.local/lib/python3.12/site-packages/airflow/example_dags/example_workday_timetable.py for tasks to queue
[2025-09-22T00:27:59.782+0000] {logging_mixin.py:190} INFO - [2025-09-22T00:27:59.781+0000] {dagbag.py:588} INFO - Filling up the DagBag from /home/airflow/.local/lib/python3.12/site-packages/airflow/example_dags/example_workday_timetable.py
[2025-09-22T00:27:59.787+0000] {processor.py:925} INFO - DAG(s) 'example_workday_timetable' retrieved from /home/airflow/.local/lib/python3.12/site-packages/airflow/example_dags/example_workday_timetable.py
[2025-09-22T00:27:59.807+0000] {logging_mixin.py:190} INFO - [2025-09-22T00:27:59.807+0000] {dag.py:3239} INFO - Sync 1 DAGs
[2025-09-22T00:27:59.867+0000] {logging_mixin.py:190} INFO - [2025-09-22T00:27:59.867+0000] {dag.py:4180} INFO - Setting next_dagrun for example_workday_timetable to 2021-01-04 00:00:00+00:00, run_after=2021-01-05 00:00:00+00:00
[2025-09-22T00:27:59.907+0000] {processor.py:208} INFO - Processing /home/airflow/.local/lib/python3.12/site-packages/airflow/example_dags/example_workday_timetable.py took 0.135 seconds
[2025-09-22T00:28:30.620+0000] {processor.py:186} INFO - Started process (PID=8737) to work on /home/airflow/.local/lib/python3.12/site-packages/airflow/example_dags/example_workday_timetable.py
[2025-09-22T00:28:30.621+0000] {processor.py:914} INFO - Processing file /home/airflow/.local/lib/python3.12/site-packages/airflow/example_dags/example_workday_timetable.py for tasks to queue
[2025-09-22T00:28:30.624+0000] {logging_mixin.py:190} INFO - [2025-09-22T00:28:30.623+0000] {dagbag.py:588} INFO - Filling up the DagBag from /home/airflow/.local/lib/python3.12/site-packages/airflow/example_dags/example_workday_timetable.py
[2025-09-22T00:28:30.629+0000] {processor.py:925} INFO - DAG(s) 'example_workday_timetable' retrieved from /home/airflow/.local/lib/python3.12/site-packages/airflow/example_dags/example_workday_timetable.py
[2025-09-22T00:28:30.649+0000] {logging_mixin.py:190} INFO - [2025-09-22T00:28:30.648+0000] {dag.py:3239} INFO - Sync 1 DAGs
[2025-09-22T00:28:30.707+0000] {logging_mixin.py:190} INFO - [2025-09-22T00:28:30.707+0000] {dag.py:4180} INFO - Setting next_dagrun for example_workday_timetable to 2021-01-04 00:00:00+00:00, run_after=2021-01-05 00:00:00+00:00
[2025-09-22T00:28:30.753+0000] {processor.py:208} INFO - Processing /home/airflow/.local/lib/python3.12/site-packages/airflow/example_dags/example_workday_timetable.py took 0.139 seconds
[2025-09-22T00:29:01.309+0000] {processor.py:186} INFO - Started process (PID=8801) to work on /home/airflow/.local/lib/python3.12/site-packages/airflow/example_dags/example_workday_timetable.py
[2025-09-22T00:29:01.310+0000] {processor.py:914} INFO - Processing file /home/airflow/.local/lib/python3.12/site-packages/airflow/example_dags/example_workday_timetable.py for tasks to queue
[2025-09-22T00:29:01.312+0000] {logging_mixin.py:190} INFO - [2025-09-22T00:29:01.312+0000] {dagbag.py:588} INFO - Filling up the DagBag from /home/airflow/.local/lib/python3.12/site-packages/airflow/example_dags/example_workday_timetable.py
[2025-09-22T00:29:01.317+0000] {processor.py:925} INFO - DAG(s) 'example_workday_timetable' retrieved from /home/airflow/.local/lib/python3.12/site-packages/airflow/example_dags/example_workday_timetable.py
[2025-09-22T00:29:01.333+0000] {logging_mixin.py:190} INFO - [2025-09-22T00:29:01.333+0000] {dag.py:3239} INFO - Sync 1 DAGs
[2025-09-22T00:29:01.386+0000] {logging_mixin.py:190} INFO - [2025-09-22T00:29:01.386+0000] {dag.py:4180} INFO - Setting next_dagrun for example_workday_timetable to 2021-01-04 00:00:00+00:00, run_after=2021-01-05 00:00:00+00:00
[2025-09-22T00:29:01.423+0000] {processor.py:208} INFO - Processing /home/airflow/.local/lib/python3.12/site-packages/airflow/example_dags/example_workday_timetable.py took 0.119 seconds
[2025-09-22T00:29:31.933+0000] {processor.py:186} INFO - Started process (PID=8865) to work on /home/airflow/.local/lib/python3.12/site-packages/airflow/example_dags/example_workday_timetable.py
[2025-09-22T00:29:31.934+0000] {processor.py:914} INFO - Processing file /home/airflow/.local/lib/python3.12/site-packages/airflow/example_dags/example_workday_timetable.py for tasks to queue
[2025-09-22T00:29:31.936+0000] {logging_mixin.py:190} INFO - [2025-09-22T00:29:31.936+0000] {dagbag.py:588} INFO - Filling up the DagBag from /home/airflow/.local/lib/python3.12/site-packages/airflow/example_dags/example_workday_timetable.py
[2025-09-22T00:29:31.941+0000] {processor.py:925} INFO - DAG(s) 'example_workday_timetable' retrieved from /home/airflow/.local/lib/python3.12/site-packages/airflow/example_dags/example_workday_timetable.py
[2025-09-22T00:29:31.957+0000] {logging_mixin.py:190} INFO - [2025-09-22T00:29:31.957+0000] {dag.py:3239} INFO - Sync 1 DAGs
[2025-09-22T00:29:32.010+0000] {logging_mixin.py:190} INFO - [2025-09-22T00:29:32.010+0000] {dag.py:4180} INFO - Setting next_dagrun for example_workday_timetable to 2021-01-04 00:00:00+00:00, run_after=2021-01-05 00:00:00+00:00
[2025-09-22T00:29:32.052+0000] {processor.py:208} INFO - Processing /home/airflow/.local/lib/python3.12/site-packages/airflow/example_dags/example_workday_timetable.py took 0.123 seconds
[2025-09-22T00:30:02.976+0000] {processor.py:186} INFO - Started process (PID=8929) to work on /home/airflow/.local/lib/python3.12/site-packages/airflow/example_dags/example_workday_timetable.py
[2025-09-22T00:30:02.977+0000] {processor.py:914} INFO - Processing file /home/airflow/.local/lib/python3.12/site-packages/airflow/example_dags/example_workday_timetable.py for tasks to queue
[2025-09-22T00:30:02.979+0000] {logging_mixin.py:190} INFO - [2025-09-22T00:30:02.979+0000] {dagbag.py:588} INFO - Filling up the DagBag from /home/airflow/.local/lib/python3.12/site-packages/airflow/example_dags/example_workday_timetable.py
[2025-09-22T00:30:02.984+0000] {processor.py:925} INFO - DAG(s) 'example_workday_timetable' retrieved from /home/airflow/.local/lib/python3.12/site-packages/airflow/example_dags/example_workday_timetable.py
[2025-09-22T00:30:03.000+0000] {logging_mixin.py:190} INFO - [2025-09-22T00:30:03.000+0000] {dag.py:3239} INFO - Sync 1 DAGs
[2025-09-22T00:30:03.056+0000] {logging_mixin.py:190} INFO - [2025-09-22T00:30:03.056+0000] {dag.py:4180} INFO - Setting next_dagrun for example_workday_timetable to 2021-01-04 00:00:00+00:00, run_after=2021-01-05 00:00:00+00:00
[2025-09-22T00:30:03.096+0000] {processor.py:208} INFO - Processing /home/airflow/.local/lib/python3.12/site-packages/airflow/example_dags/example_workday_timetable.py took 0.125 seconds
[2025-09-22T00:30:33.780+0000] {processor.py:186} INFO - Started process (PID=8993) to work on /home/airflow/.local/lib/python3.12/site-packages/airflow/example_dags/example_workday_timetable.py
[2025-09-22T00:30:33.781+0000] {processor.py:914} INFO - Processing file /home/airflow/.local/lib/python3.12/site-packages/airflow/example_dags/example_workday_timetable.py for tasks to queue
[2025-09-22T00:30:33.783+0000] {logging_mixin.py:190} INFO - [2025-09-22T00:30:33.783+0000] {dagbag.py:588} INFO - Filling up the DagBag from /home/airflow/.local/lib/python3.12/site-packages/airflow/example_dags/example_workday_timetable.py
[2025-09-22T00:30:33.788+0000] {processor.py:925} INFO - DAG(s) 'example_workday_timetable' retrieved from /home/airflow/.local/lib/python3.12/site-packages/airflow/example_dags/example_workday_timetable.py
[2025-09-22T00:30:33.804+0000] {logging_mixin.py:190} INFO - [2025-09-22T00:30:33.804+0000] {dag.py:3239} INFO - Sync 1 DAGs
[2025-09-22T00:30:33.857+0000] {logging_mixin.py:190} INFO - [2025-09-22T00:30:33.857+0000] {dag.py:4180} INFO - Setting next_dagrun for example_workday_timetable to 2021-01-04 00:00:00+00:00, run_after=2021-01-05 00:00:00+00:00
[2025-09-22T00:30:33.898+0000] {processor.py:208} INFO - Processing /home/airflow/.local/lib/python3.12/site-packages/airflow/example_dags/example_workday_timetable.py took 0.122 seconds
[2025-09-22T00:31:04.842+0000] {processor.py:186} INFO - Started process (PID=9063) to work on /home/airflow/.local/lib/python3.12/site-packages/airflow/example_dags/example_workday_timetable.py
[2025-09-22T00:31:04.843+0000] {processor.py:914} INFO - Processing file /home/airflow/.local/lib/python3.12/site-packages/airflow/example_dags/example_workday_timetable.py for tasks to queue
[2025-09-22T00:31:04.845+0000] {logging_mixin.py:190} INFO - [2025-09-22T00:31:04.845+0000] {dagbag.py:588} INFO - Filling up the DagBag from /home/airflow/.local/lib/python3.12/site-packages/airflow/example_dags/example_workday_timetable.py
[2025-09-22T00:31:04.850+0000] {processor.py:925} INFO - DAG(s) 'example_workday_timetable' retrieved from /home/airflow/.local/lib/python3.12/site-packages/airflow/example_dags/example_workday_timetable.py
[2025-09-22T00:31:04.866+0000] {logging_mixin.py:190} INFO - [2025-09-22T00:31:04.866+0000] {dag.py:3239} INFO - Sync 1 DAGs
[2025-09-22T00:31:04.919+0000] {logging_mixin.py:190} INFO - [2025-09-22T00:31:04.919+0000] {dag.py:4180} INFO - Setting next_dagrun for example_workday_timetable to 2021-01-04 00:00:00+00:00, run_after=2021-01-05 00:00:00+00:00
[2025-09-22T00:31:04.965+0000] {processor.py:208} INFO - Processing /home/airflow/.local/lib/python3.12/site-packages/airflow/example_dags/example_workday_timetable.py took 0.128 seconds
[2025-09-22T00:31:35.111+0000] {processor.py:186} INFO - Started process (PID=9127) to work on /home/airflow/.local/lib/python3.12/site-packages/airflow/example_dags/example_workday_timetable.py
[2025-09-22T00:31:35.112+0000] {processor.py:914} INFO - Processing file /home/airflow/.local/lib/python3.12/site-packages/airflow/example_dags/example_workday_timetable.py for tasks to queue
[2025-09-22T00:31:35.114+0000] {logging_mixin.py:190} INFO - [2025-09-22T00:31:35.114+0000] {dagbag.py:588} INFO - Filling up the DagBag from /home/airflow/.local/lib/python3.12/site-packages/airflow/example_dags/example_workday_timetable.py
[2025-09-22T00:31:35.119+0000] {processor.py:925} INFO - DAG(s) 'example_workday_timetable' retrieved from /home/airflow/.local/lib/python3.12/site-packages/airflow/example_dags/example_workday_timetable.py
[2025-09-22T00:31:35.137+0000] {logging_mixin.py:190} INFO - [2025-09-22T00:31:35.137+0000] {dag.py:3239} INFO - Sync 1 DAGs
[2025-09-22T00:31:35.193+0000] {logging_mixin.py:190} INFO - [2025-09-22T00:31:35.193+0000] {dag.py:4180} INFO - Setting next_dagrun for example_workday_timetable to 2021-01-04 00:00:00+00:00, run_after=2021-01-05 00:00:00+00:00
[2025-09-22T00:31:35.237+0000] {processor.py:208} INFO - Processing /home/airflow/.local/lib/python3.12/site-packages/airflow/example_dags/example_workday_timetable.py took 0.131 seconds
[2025-09-22T00:32:05.524+0000] {processor.py:186} INFO - Started process (PID=9184) to work on /home/airflow/.local/lib/python3.12/site-packages/airflow/example_dags/example_workday_timetable.py
[2025-09-22T00:32:05.525+0000] {processor.py:914} INFO - Processing file /home/airflow/.local/lib/python3.12/site-packages/airflow/example_dags/example_workday_timetable.py for tasks to queue
[2025-09-22T00:32:05.527+0000] {logging_mixin.py:190} INFO - [2025-09-22T00:32:05.527+0000] {dagbag.py:588} INFO - Filling up the DagBag from /home/airflow/.local/lib/python3.12/site-packages/airflow/example_dags/example_workday_timetable.py
[2025-09-22T00:32:05.532+0000] {processor.py:925} INFO - DAG(s) 'example_workday_timetable' retrieved from /home/airflow/.local/lib/python3.12/site-packages/airflow/example_dags/example_workday_timetable.py
[2025-09-22T00:32:05.549+0000] {logging_mixin.py:190} INFO - [2025-09-22T00:32:05.549+0000] {dag.py:3239} INFO - Sync 1 DAGs
[2025-09-22T00:32:05.604+0000] {logging_mixin.py:190} INFO - [2025-09-22T00:32:05.604+0000] {dag.py:4180} INFO - Setting next_dagrun for example_workday_timetable to 2021-01-04 00:00:00+00:00, run_after=2021-01-05 00:00:00+00:00
[2025-09-22T00:32:06.647+0000] {processor.py:208} INFO - Processing /home/airflow/.local/lib/python3.12/site-packages/airflow/example_dags/example_workday_timetable.py took 1.127 seconds
[2025-09-22T00:32:37.108+0000] {processor.py:186} INFO - Started process (PID=9248) to work on /home/airflow/.local/lib/python3.12/site-packages/airflow/example_dags/example_workday_timetable.py
[2025-09-22T00:32:37.109+0000] {processor.py:914} INFO - Processing file /home/airflow/.local/lib/python3.12/site-packages/airflow/example_dags/example_workday_timetable.py for tasks to queue
[2025-09-22T00:32:37.111+0000] {logging_mixin.py:190} INFO - [2025-09-22T00:32:37.110+0000] {dagbag.py:588} INFO - Filling up the DagBag from /home/airflow/.local/lib/python3.12/site-packages/airflow/example_dags/example_workday_timetable.py
[2025-09-22T00:32:37.116+0000] {processor.py:925} INFO - DAG(s) 'example_workday_timetable' retrieved from /home/airflow/.local/lib/python3.12/site-packages/airflow/example_dags/example_workday_timetable.py
[2025-09-22T00:32:37.133+0000] {logging_mixin.py:190} INFO - [2025-09-22T00:32:37.132+0000] {dag.py:3239} INFO - Sync 1 DAGs
[2025-09-22T00:32:37.187+0000] {logging_mixin.py:190} INFO - [2025-09-22T00:32:37.187+0000] {dag.py:4180} INFO - Setting next_dagrun for example_workday_timetable to 2021-01-04 00:00:00+00:00, run_after=2021-01-05 00:00:00+00:00
[2025-09-22T00:32:37.232+0000] {processor.py:208} INFO - Processing /home/airflow/.local/lib/python3.12/site-packages/airflow/example_dags/example_workday_timetable.py took 0.129 seconds
[2025-09-22T00:33:07.308+0000] {processor.py:186} INFO - Started process (PID=9313) to work on /home/airflow/.local/lib/python3.12/site-packages/airflow/example_dags/example_workday_timetable.py
[2025-09-22T00:33:07.309+0000] {processor.py:914} INFO - Processing file /home/airflow/.local/lib/python3.12/site-packages/airflow/example_dags/example_workday_timetable.py for tasks to queue
[2025-09-22T00:33:07.311+0000] {logging_mixin.py:190} INFO - [2025-09-22T00:33:07.310+0000] {dagbag.py:588} INFO - Filling up the DagBag from /home/airflow/.local/lib/python3.12/site-packages/airflow/example_dags/example_workday_timetable.py
[2025-09-22T00:33:07.318+0000] {processor.py:925} INFO - DAG(s) 'example_workday_timetable' retrieved from /home/airflow/.local/lib/python3.12/site-packages/airflow/example_dags/example_workday_timetable.py
[2025-09-22T00:33:07.337+0000] {logging_mixin.py:190} INFO - [2025-09-22T00:33:07.337+0000] {dag.py:3239} INFO - Sync 1 DAGs
[2025-09-22T00:33:07.398+0000] {logging_mixin.py:190} INFO - [2025-09-22T00:33:07.398+0000] {dag.py:4180} INFO - Setting next_dagrun for example_workday_timetable to 2021-01-04 00:00:00+00:00, run_after=2021-01-05 00:00:00+00:00
[2025-09-22T00:33:07.441+0000] {processor.py:208} INFO - Processing /home/airflow/.local/lib/python3.12/site-packages/airflow/example_dags/example_workday_timetable.py took 0.139 seconds
[2025-09-22T00:33:37.526+0000] {processor.py:186} INFO - Started process (PID=9376) to work on /home/airflow/.local/lib/python3.12/site-packages/airflow/example_dags/example_workday_timetable.py
[2025-09-22T00:33:37.528+0000] {processor.py:914} INFO - Processing file /home/airflow/.local/lib/python3.12/site-packages/airflow/example_dags/example_workday_timetable.py for tasks to queue
[2025-09-22T00:33:37.531+0000] {logging_mixin.py:190} INFO - [2025-09-22T00:33:37.531+0000] {dagbag.py:588} INFO - Filling up the DagBag from /home/airflow/.local/lib/python3.12/site-packages/airflow/example_dags/example_workday_timetable.py
[2025-09-22T00:33:37.540+0000] {processor.py:925} INFO - DAG(s) 'example_workday_timetable' retrieved from /home/airflow/.local/lib/python3.12/site-packages/airflow/example_dags/example_workday_timetable.py
[2025-09-22T00:33:37.560+0000] {logging_mixin.py:190} INFO - [2025-09-22T00:33:37.560+0000] {dag.py:3239} INFO - Sync 1 DAGs
[2025-09-22T00:33:37.621+0000] {logging_mixin.py:190} INFO - [2025-09-22T00:33:37.621+0000] {dag.py:4180} INFO - Setting next_dagrun for example_workday_timetable to 2021-01-04 00:00:00+00:00, run_after=2021-01-05 00:00:00+00:00
[2025-09-22T00:33:37.660+0000] {processor.py:208} INFO - Processing /home/airflow/.local/lib/python3.12/site-packages/airflow/example_dags/example_workday_timetable.py took 0.142 seconds
[2025-09-22T00:34:08.260+0000] {processor.py:186} INFO - Started process (PID=9440) to work on /home/airflow/.local/lib/python3.12/site-packages/airflow/example_dags/example_workday_timetable.py
[2025-09-22T00:34:08.261+0000] {processor.py:914} INFO - Processing file /home/airflow/.local/lib/python3.12/site-packages/airflow/example_dags/example_workday_timetable.py for tasks to queue
[2025-09-22T00:34:08.263+0000] {logging_mixin.py:190} INFO - [2025-09-22T00:34:08.263+0000] {dagbag.py:588} INFO - Filling up the DagBag from /home/airflow/.local/lib/python3.12/site-packages/airflow/example_dags/example_workday_timetable.py
[2025-09-22T00:34:08.269+0000] {processor.py:925} INFO - DAG(s) 'example_workday_timetable' retrieved from /home/airflow/.local/lib/python3.12/site-packages/airflow/example_dags/example_workday_timetable.py
[2025-09-22T00:34:08.286+0000] {logging_mixin.py:190} INFO - [2025-09-22T00:34:08.286+0000] {dag.py:3239} INFO - Sync 1 DAGs
[2025-09-22T00:34:08.345+0000] {logging_mixin.py:190} INFO - [2025-09-22T00:34:08.345+0000] {dag.py:4180} INFO - Setting next_dagrun for example_workday_timetable to 2021-01-04 00:00:00+00:00, run_after=2021-01-05 00:00:00+00:00
[2025-09-22T00:34:08.380+0000] {processor.py:208} INFO - Processing /home/airflow/.local/lib/python3.12/site-packages/airflow/example_dags/example_workday_timetable.py took 0.124 seconds
[2025-09-22T00:34:38.592+0000] {processor.py:186} INFO - Started process (PID=9504) to work on /home/airflow/.local/lib/python3.12/site-packages/airflow/example_dags/example_workday_timetable.py
[2025-09-22T00:34:38.593+0000] {processor.py:914} INFO - Processing file /home/airflow/.local/lib/python3.12/site-packages/airflow/example_dags/example_workday_timetable.py for tasks to queue
[2025-09-22T00:34:38.595+0000] {logging_mixin.py:190} INFO - [2025-09-22T00:34:38.594+0000] {dagbag.py:588} INFO - Filling up the DagBag from /home/airflow/.local/lib/python3.12/site-packages/airflow/example_dags/example_workday_timetable.py
[2025-09-22T00:34:38.600+0000] {processor.py:925} INFO - DAG(s) 'example_workday_timetable' retrieved from /home/airflow/.local/lib/python3.12/site-packages/airflow/example_dags/example_workday_timetable.py
[2025-09-22T00:34:38.618+0000] {logging_mixin.py:190} INFO - [2025-09-22T00:34:38.618+0000] {dag.py:3239} INFO - Sync 1 DAGs
[2025-09-22T00:34:38.697+0000] {logging_mixin.py:190} INFO - [2025-09-22T00:34:38.697+0000] {dag.py:4180} INFO - Setting next_dagrun for example_workday_timetable to 2021-01-04 00:00:00+00:00, run_after=2021-01-05 00:00:00+00:00
[2025-09-22T00:34:38.746+0000] {processor.py:208} INFO - Processing /home/airflow/.local/lib/python3.12/site-packages/airflow/example_dags/example_workday_timetable.py took 0.159 seconds
[2025-09-22T00:35:08.857+0000] {processor.py:186} INFO - Started process (PID=9568) to work on /home/airflow/.local/lib/python3.12/site-packages/airflow/example_dags/example_workday_timetable.py
[2025-09-22T00:35:08.858+0000] {processor.py:914} INFO - Processing file /home/airflow/.local/lib/python3.12/site-packages/airflow/example_dags/example_workday_timetable.py for tasks to queue
[2025-09-22T00:35:08.861+0000] {logging_mixin.py:190} INFO - [2025-09-22T00:35:08.861+0000] {dagbag.py:588} INFO - Filling up the DagBag from /home/airflow/.local/lib/python3.12/site-packages/airflow/example_dags/example_workday_timetable.py
[2025-09-22T00:35:08.866+0000] {processor.py:925} INFO - DAG(s) 'example_workday_timetable' retrieved from /home/airflow/.local/lib/python3.12/site-packages/airflow/example_dags/example_workday_timetable.py
[2025-09-22T00:35:08.883+0000] {logging_mixin.py:190} INFO - [2025-09-22T00:35:08.883+0000] {dag.py:3239} INFO - Sync 1 DAGs
[2025-09-22T00:35:08.939+0000] {logging_mixin.py:190} INFO - [2025-09-22T00:35:08.939+0000] {dag.py:4180} INFO - Setting next_dagrun for example_workday_timetable to 2021-01-04 00:00:00+00:00, run_after=2021-01-05 00:00:00+00:00
[2025-09-22T00:35:08.996+0000] {processor.py:208} INFO - Processing /home/airflow/.local/lib/python3.12/site-packages/airflow/example_dags/example_workday_timetable.py took 0.143 seconds
[2025-09-22T00:35:39.597+0000] {processor.py:186} INFO - Started process (PID=9632) to work on /home/airflow/.local/lib/python3.12/site-packages/airflow/example_dags/example_workday_timetable.py
[2025-09-22T00:35:39.598+0000] {processor.py:914} INFO - Processing file /home/airflow/.local/lib/python3.12/site-packages/airflow/example_dags/example_workday_timetable.py for tasks to queue
[2025-09-22T00:35:39.601+0000] {logging_mixin.py:190} INFO - [2025-09-22T00:35:39.601+0000] {dagbag.py:588} INFO - Filling up the DagBag from /home/airflow/.local/lib/python3.12/site-packages/airflow/example_dags/example_workday_timetable.py
[2025-09-22T00:35:39.610+0000] {processor.py:925} INFO - DAG(s) 'example_workday_timetable' retrieved from /home/airflow/.local/lib/python3.12/site-packages/airflow/example_dags/example_workday_timetable.py
[2025-09-22T00:35:39.634+0000] {logging_mixin.py:190} INFO - [2025-09-22T00:35:39.634+0000] {dag.py:3239} INFO - Sync 1 DAGs
[2025-09-22T00:35:39.710+0000] {logging_mixin.py:190} INFO - [2025-09-22T00:35:39.710+0000] {dag.py:4180} INFO - Setting next_dagrun for example_workday_timetable to 2021-01-04 00:00:00+00:00, run_after=2021-01-05 00:00:00+00:00
[2025-09-22T00:35:39.763+0000] {processor.py:208} INFO - Processing /home/airflow/.local/lib/python3.12/site-packages/airflow/example_dags/example_workday_timetable.py took 0.172 seconds
[2025-09-22T00:36:09.837+0000] {processor.py:186} INFO - Started process (PID=9696) to work on /home/airflow/.local/lib/python3.12/site-packages/airflow/example_dags/example_workday_timetable.py
[2025-09-22T00:36:09.838+0000] {processor.py:914} INFO - Processing file /home/airflow/.local/lib/python3.12/site-packages/airflow/example_dags/example_workday_timetable.py for tasks to queue
[2025-09-22T00:36:09.841+0000] {logging_mixin.py:190} INFO - [2025-09-22T00:36:09.840+0000] {dagbag.py:588} INFO - Filling up the DagBag from /home/airflow/.local/lib/python3.12/site-packages/airflow/example_dags/example_workday_timetable.py
[2025-09-22T00:36:09.846+0000] {processor.py:925} INFO - DAG(s) 'example_workday_timetable' retrieved from /home/airflow/.local/lib/python3.12/site-packages/airflow/example_dags/example_workday_timetable.py
[2025-09-22T00:36:09.868+0000] {logging_mixin.py:190} INFO - [2025-09-22T00:36:09.868+0000] {dag.py:3239} INFO - Sync 1 DAGs
[2025-09-22T00:36:09.945+0000] {logging_mixin.py:190} INFO - [2025-09-22T00:36:09.945+0000] {dag.py:4180} INFO - Setting next_dagrun for example_workday_timetable to 2021-01-04 00:00:00+00:00, run_after=2021-01-05 00:00:00+00:00
[2025-09-22T00:36:09.986+0000] {processor.py:208} INFO - Processing /home/airflow/.local/lib/python3.12/site-packages/airflow/example_dags/example_workday_timetable.py took 0.154 seconds
