[2025-09-22T00:00:28.962+0000] {processor.py:186} INFO - Started process (PID=5310) to work on /home/airflow/.local/lib/python3.12/site-packages/airflow/example_dags/example_bash_operator.py
[2025-09-22T00:00:28.963+0000] {processor.py:914} INFO - Processing file /home/airflow/.local/lib/python3.12/site-packages/airflow/example_dags/example_bash_operator.py for tasks to queue
[2025-09-22T00:00:28.965+0000] {logging_mixin.py:190} INFO - [2025-09-22T00:00:28.965+0000] {dagbag.py:588} INFO - Filling up the DagBag from /home/airflow/.local/lib/python3.12/site-packages/airflow/example_dags/example_bash_operator.py
[2025-09-22T00:00:28.984+0000] {processor.py:925} INFO - DAG(s) 'example_bash_operator' retrieved from /home/airflow/.local/lib/python3.12/site-packages/airflow/example_dags/example_bash_operator.py
[2025-09-22T00:00:29.014+0000] {logging_mixin.py:190} INFO - [2025-09-22T00:00:29.013+0000] {dag.py:3239} INFO - Sync 1 DAGs
[2025-09-22T00:00:29.039+0000] {logging_mixin.py:190} INFO - [2025-09-22T00:00:29.038+0000] {dag.py:4180} INFO - Setting next_dagrun for example_bash_operator to 2025-09-21 00:00:00+00:00, run_after=2025-09-22 00:00:00+00:00
[2025-09-22T00:00:29.077+0000] {processor.py:208} INFO - Processing /home/airflow/.local/lib/python3.12/site-packages/airflow/example_dags/example_bash_operator.py took 0.122 seconds
[2025-09-22T00:01:00.101+0000] {processor.py:186} INFO - Started process (PID=5372) to work on /home/airflow/.local/lib/python3.12/site-packages/airflow/example_dags/example_bash_operator.py
[2025-09-22T00:01:00.103+0000] {processor.py:914} INFO - Processing file /home/airflow/.local/lib/python3.12/site-packages/airflow/example_dags/example_bash_operator.py for tasks to queue
[2025-09-22T00:01:00.105+0000] {logging_mixin.py:190} INFO - [2025-09-22T00:01:00.105+0000] {dagbag.py:588} INFO - Filling up the DagBag from /home/airflow/.local/lib/python3.12/site-packages/airflow/example_dags/example_bash_operator.py
[2025-09-22T00:01:00.120+0000] {processor.py:925} INFO - DAG(s) 'example_bash_operator' retrieved from /home/airflow/.local/lib/python3.12/site-packages/airflow/example_dags/example_bash_operator.py
[2025-09-22T00:01:00.156+0000] {logging_mixin.py:190} INFO - [2025-09-22T00:01:00.155+0000] {dag.py:3239} INFO - Sync 1 DAGs
[2025-09-22T00:01:00.191+0000] {logging_mixin.py:190} INFO - [2025-09-22T00:01:00.190+0000] {dag.py:4180} INFO - Setting next_dagrun for example_bash_operator to 2025-09-21 00:00:00+00:00, run_after=2025-09-22 00:00:00+00:00
[2025-09-22T00:01:00.245+0000] {processor.py:208} INFO - Processing /home/airflow/.local/lib/python3.12/site-packages/airflow/example_dags/example_bash_operator.py took 0.152 seconds
[2025-09-22T00:01:31.540+0000] {processor.py:186} INFO - Started process (PID=5430) to work on /home/airflow/.local/lib/python3.12/site-packages/airflow/example_dags/example_bash_operator.py
[2025-09-22T00:01:31.541+0000] {processor.py:914} INFO - Processing file /home/airflow/.local/lib/python3.12/site-packages/airflow/example_dags/example_bash_operator.py for tasks to queue
[2025-09-22T00:01:31.544+0000] {logging_mixin.py:190} INFO - [2025-09-22T00:01:31.544+0000] {dagbag.py:588} INFO - Filling up the DagBag from /home/airflow/.local/lib/python3.12/site-packages/airflow/example_dags/example_bash_operator.py
[2025-09-22T00:01:31.564+0000] {processor.py:925} INFO - DAG(s) 'example_bash_operator' retrieved from /home/airflow/.local/lib/python3.12/site-packages/airflow/example_dags/example_bash_operator.py
[2025-09-22T00:01:31.607+0000] {logging_mixin.py:190} INFO - [2025-09-22T00:01:31.606+0000] {dag.py:3239} INFO - Sync 1 DAGs
[2025-09-22T00:01:31.643+0000] {logging_mixin.py:190} INFO - [2025-09-22T00:01:31.642+0000] {dag.py:4180} INFO - Setting next_dagrun for example_bash_operator to 2025-09-21 00:00:00+00:00, run_after=2025-09-22 00:00:00+00:00
[2025-09-22T00:01:31.698+0000] {processor.py:208} INFO - Processing /home/airflow/.local/lib/python3.12/site-packages/airflow/example_dags/example_bash_operator.py took 0.166 seconds
[2025-09-22T00:02:02.435+0000] {processor.py:186} INFO - Started process (PID=5485) to work on /home/airflow/.local/lib/python3.12/site-packages/airflow/example_dags/example_bash_operator.py
[2025-09-22T00:02:02.436+0000] {processor.py:914} INFO - Processing file /home/airflow/.local/lib/python3.12/site-packages/airflow/example_dags/example_bash_operator.py for tasks to queue
[2025-09-22T00:02:02.439+0000] {logging_mixin.py:190} INFO - [2025-09-22T00:02:02.438+0000] {dagbag.py:588} INFO - Filling up the DagBag from /home/airflow/.local/lib/python3.12/site-packages/airflow/example_dags/example_bash_operator.py
[2025-09-22T00:02:02.451+0000] {processor.py:925} INFO - DAG(s) 'example_bash_operator' retrieved from /home/airflow/.local/lib/python3.12/site-packages/airflow/example_dags/example_bash_operator.py
[2025-09-22T00:02:02.480+0000] {logging_mixin.py:190} INFO - [2025-09-22T00:02:02.480+0000] {dag.py:3239} INFO - Sync 1 DAGs
[2025-09-22T00:02:02.504+0000] {logging_mixin.py:190} INFO - [2025-09-22T00:02:02.504+0000] {dag.py:4180} INFO - Setting next_dagrun for example_bash_operator to 2025-09-21 00:00:00+00:00, run_after=2025-09-22 00:00:00+00:00
[2025-09-22T00:02:02.563+0000] {processor.py:208} INFO - Processing /home/airflow/.local/lib/python3.12/site-packages/airflow/example_dags/example_bash_operator.py took 0.134 seconds
[2025-09-22T00:02:34.913+0000] {processor.py:186} INFO - Started process (PID=5549) to work on /home/airflow/.local/lib/python3.12/site-packages/airflow/example_dags/example_bash_operator.py
[2025-09-22T00:02:34.914+0000] {processor.py:914} INFO - Processing file /home/airflow/.local/lib/python3.12/site-packages/airflow/example_dags/example_bash_operator.py for tasks to queue
[2025-09-22T00:02:34.916+0000] {logging_mixin.py:190} INFO - [2025-09-22T00:02:34.916+0000] {dagbag.py:588} INFO - Filling up the DagBag from /home/airflow/.local/lib/python3.12/site-packages/airflow/example_dags/example_bash_operator.py
[2025-09-22T00:02:34.931+0000] {processor.py:925} INFO - DAG(s) 'example_bash_operator' retrieved from /home/airflow/.local/lib/python3.12/site-packages/airflow/example_dags/example_bash_operator.py
[2025-09-22T00:02:34.972+0000] {logging_mixin.py:190} INFO - [2025-09-22T00:02:34.972+0000] {dag.py:3239} INFO - Sync 1 DAGs
[2025-09-22T00:02:35.001+0000] {logging_mixin.py:190} INFO - [2025-09-22T00:02:35.001+0000] {dag.py:4180} INFO - Setting next_dagrun for example_bash_operator to 2025-09-21 00:00:00+00:00, run_after=2025-09-22 00:00:00+00:00
[2025-09-22T00:02:35.046+0000] {processor.py:208} INFO - Processing /home/airflow/.local/lib/python3.12/site-packages/airflow/example_dags/example_bash_operator.py took 0.139 seconds
[2025-09-22T00:03:07.992+0000] {processor.py:186} INFO - Started process (PID=5613) to work on /home/airflow/.local/lib/python3.12/site-packages/airflow/example_dags/example_bash_operator.py
[2025-09-22T00:03:07.994+0000] {processor.py:914} INFO - Processing file /home/airflow/.local/lib/python3.12/site-packages/airflow/example_dags/example_bash_operator.py for tasks to queue
[2025-09-22T00:03:07.996+0000] {logging_mixin.py:190} INFO - [2025-09-22T00:03:07.996+0000] {dagbag.py:588} INFO - Filling up the DagBag from /home/airflow/.local/lib/python3.12/site-packages/airflow/example_dags/example_bash_operator.py
[2025-09-22T00:03:08.009+0000] {processor.py:925} INFO - DAG(s) 'example_bash_operator' retrieved from /home/airflow/.local/lib/python3.12/site-packages/airflow/example_dags/example_bash_operator.py
[2025-09-22T00:03:08.038+0000] {logging_mixin.py:190} INFO - [2025-09-22T00:03:08.038+0000] {dag.py:3239} INFO - Sync 1 DAGs
[2025-09-22T00:03:08.064+0000] {logging_mixin.py:190} INFO - [2025-09-22T00:03:08.063+0000] {dag.py:4180} INFO - Setting next_dagrun for example_bash_operator to 2025-09-21 00:00:00+00:00, run_after=2025-09-22 00:00:00+00:00
[2025-09-22T00:03:08.685+0000] {processor.py:208} INFO - Processing /home/airflow/.local/lib/python3.12/site-packages/airflow/example_dags/example_bash_operator.py took 0.698 seconds
[2025-09-22T00:03:40.013+0000] {processor.py:186} INFO - Started process (PID=5677) to work on /home/airflow/.local/lib/python3.12/site-packages/airflow/example_dags/example_bash_operator.py
[2025-09-22T00:03:40.014+0000] {processor.py:914} INFO - Processing file /home/airflow/.local/lib/python3.12/site-packages/airflow/example_dags/example_bash_operator.py for tasks to queue
[2025-09-22T00:03:40.016+0000] {logging_mixin.py:190} INFO - [2025-09-22T00:03:40.016+0000] {dagbag.py:588} INFO - Filling up the DagBag from /home/airflow/.local/lib/python3.12/site-packages/airflow/example_dags/example_bash_operator.py
[2025-09-22T00:03:40.027+0000] {processor.py:925} INFO - DAG(s) 'example_bash_operator' retrieved from /home/airflow/.local/lib/python3.12/site-packages/airflow/example_dags/example_bash_operator.py
[2025-09-22T00:03:40.054+0000] {logging_mixin.py:190} INFO - [2025-09-22T00:03:40.053+0000] {dag.py:3239} INFO - Sync 1 DAGs
[2025-09-22T00:03:40.075+0000] {logging_mixin.py:190} INFO - [2025-09-22T00:03:40.075+0000] {dag.py:4180} INFO - Setting next_dagrun for example_bash_operator to 2025-09-21 00:00:00+00:00, run_after=2025-09-22 00:00:00+00:00
[2025-09-22T00:03:40.118+0000] {processor.py:208} INFO - Processing /home/airflow/.local/lib/python3.12/site-packages/airflow/example_dags/example_bash_operator.py took 0.110 seconds
[2025-09-22T00:04:12.739+0000] {processor.py:186} INFO - Started process (PID=5741) to work on /home/airflow/.local/lib/python3.12/site-packages/airflow/example_dags/example_bash_operator.py
[2025-09-22T00:04:12.740+0000] {processor.py:914} INFO - Processing file /home/airflow/.local/lib/python3.12/site-packages/airflow/example_dags/example_bash_operator.py for tasks to queue
[2025-09-22T00:04:12.742+0000] {logging_mixin.py:190} INFO - [2025-09-22T00:04:12.741+0000] {dagbag.py:588} INFO - Filling up the DagBag from /home/airflow/.local/lib/python3.12/site-packages/airflow/example_dags/example_bash_operator.py
[2025-09-22T00:04:12.754+0000] {processor.py:925} INFO - DAG(s) 'example_bash_operator' retrieved from /home/airflow/.local/lib/python3.12/site-packages/airflow/example_dags/example_bash_operator.py
[2025-09-22T00:04:12.779+0000] {logging_mixin.py:190} INFO - [2025-09-22T00:04:12.779+0000] {dag.py:3239} INFO - Sync 1 DAGs
[2025-09-22T00:04:12.801+0000] {logging_mixin.py:190} INFO - [2025-09-22T00:04:12.801+0000] {dag.py:4180} INFO - Setting next_dagrun for example_bash_operator to 2025-09-21 00:00:00+00:00, run_after=2025-09-22 00:00:00+00:00
[2025-09-22T00:04:12.850+0000] {processor.py:208} INFO - Processing /home/airflow/.local/lib/python3.12/site-packages/airflow/example_dags/example_bash_operator.py took 0.117 seconds
[2025-09-22T00:04:45.791+0000] {processor.py:186} INFO - Started process (PID=5805) to work on /home/airflow/.local/lib/python3.12/site-packages/airflow/example_dags/example_bash_operator.py
[2025-09-22T00:04:45.791+0000] {processor.py:914} INFO - Processing file /home/airflow/.local/lib/python3.12/site-packages/airflow/example_dags/example_bash_operator.py for tasks to queue
[2025-09-22T00:04:45.793+0000] {logging_mixin.py:190} INFO - [2025-09-22T00:04:45.793+0000] {dagbag.py:588} INFO - Filling up the DagBag from /home/airflow/.local/lib/python3.12/site-packages/airflow/example_dags/example_bash_operator.py
[2025-09-22T00:04:45.805+0000] {processor.py:925} INFO - DAG(s) 'example_bash_operator' retrieved from /home/airflow/.local/lib/python3.12/site-packages/airflow/example_dags/example_bash_operator.py
[2025-09-22T00:04:45.833+0000] {logging_mixin.py:190} INFO - [2025-09-22T00:04:45.832+0000] {dag.py:3239} INFO - Sync 1 DAGs
[2025-09-22T00:04:45.856+0000] {logging_mixin.py:190} INFO - [2025-09-22T00:04:45.856+0000] {dag.py:4180} INFO - Setting next_dagrun for example_bash_operator to 2025-09-21 00:00:00+00:00, run_after=2025-09-22 00:00:00+00:00
[2025-09-22T00:04:45.924+0000] {processor.py:208} INFO - Processing /home/airflow/.local/lib/python3.12/site-packages/airflow/example_dags/example_bash_operator.py took 0.139 seconds
[2025-09-22T00:05:18.021+0000] {processor.py:186} INFO - Started process (PID=5869) to work on /home/airflow/.local/lib/python3.12/site-packages/airflow/example_dags/example_bash_operator.py
[2025-09-22T00:05:18.021+0000] {processor.py:914} INFO - Processing file /home/airflow/.local/lib/python3.12/site-packages/airflow/example_dags/example_bash_operator.py for tasks to queue
[2025-09-22T00:05:18.023+0000] {logging_mixin.py:190} INFO - [2025-09-22T00:05:18.023+0000] {dagbag.py:588} INFO - Filling up the DagBag from /home/airflow/.local/lib/python3.12/site-packages/airflow/example_dags/example_bash_operator.py
[2025-09-22T00:05:18.037+0000] {processor.py:925} INFO - DAG(s) 'example_bash_operator' retrieved from /home/airflow/.local/lib/python3.12/site-packages/airflow/example_dags/example_bash_operator.py
[2025-09-22T00:05:18.062+0000] {logging_mixin.py:190} INFO - [2025-09-22T00:05:18.062+0000] {dag.py:3239} INFO - Sync 1 DAGs
[2025-09-22T00:05:18.083+0000] {logging_mixin.py:190} INFO - [2025-09-22T00:05:18.083+0000] {dag.py:4180} INFO - Setting next_dagrun for example_bash_operator to 2025-09-21 00:00:00+00:00, run_after=2025-09-22 00:00:00+00:00
[2025-09-22T00:05:18.149+0000] {processor.py:208} INFO - Processing /home/airflow/.local/lib/python3.12/site-packages/airflow/example_dags/example_bash_operator.py took 0.134 seconds
[2025-09-22T00:05:50.617+0000] {processor.py:186} INFO - Started process (PID=5933) to work on /home/airflow/.local/lib/python3.12/site-packages/airflow/example_dags/example_bash_operator.py
[2025-09-22T00:05:50.618+0000] {processor.py:914} INFO - Processing file /home/airflow/.local/lib/python3.12/site-packages/airflow/example_dags/example_bash_operator.py for tasks to queue
[2025-09-22T00:05:50.620+0000] {logging_mixin.py:190} INFO - [2025-09-22T00:05:50.620+0000] {dagbag.py:588} INFO - Filling up the DagBag from /home/airflow/.local/lib/python3.12/site-packages/airflow/example_dags/example_bash_operator.py
[2025-09-22T00:05:50.631+0000] {processor.py:925} INFO - DAG(s) 'example_bash_operator' retrieved from /home/airflow/.local/lib/python3.12/site-packages/airflow/example_dags/example_bash_operator.py
[2025-09-22T00:05:50.657+0000] {logging_mixin.py:190} INFO - [2025-09-22T00:05:50.657+0000] {dag.py:3239} INFO - Sync 1 DAGs
[2025-09-22T00:05:50.680+0000] {logging_mixin.py:190} INFO - [2025-09-22T00:05:50.680+0000] {dag.py:4180} INFO - Setting next_dagrun for example_bash_operator to 2025-09-21 00:00:00+00:00, run_after=2025-09-22 00:00:00+00:00
[2025-09-22T00:05:50.743+0000] {processor.py:208} INFO - Processing /home/airflow/.local/lib/python3.12/site-packages/airflow/example_dags/example_bash_operator.py took 0.130 seconds
[2025-09-22T00:06:23.287+0000] {processor.py:186} INFO - Started process (PID=5997) to work on /home/airflow/.local/lib/python3.12/site-packages/airflow/example_dags/example_bash_operator.py
[2025-09-22T00:06:23.288+0000] {processor.py:914} INFO - Processing file /home/airflow/.local/lib/python3.12/site-packages/airflow/example_dags/example_bash_operator.py for tasks to queue
[2025-09-22T00:06:23.290+0000] {logging_mixin.py:190} INFO - [2025-09-22T00:06:23.290+0000] {dagbag.py:588} INFO - Filling up the DagBag from /home/airflow/.local/lib/python3.12/site-packages/airflow/example_dags/example_bash_operator.py
[2025-09-22T00:06:23.301+0000] {processor.py:925} INFO - DAG(s) 'example_bash_operator' retrieved from /home/airflow/.local/lib/python3.12/site-packages/airflow/example_dags/example_bash_operator.py
[2025-09-22T00:06:23.326+0000] {logging_mixin.py:190} INFO - [2025-09-22T00:06:23.326+0000] {dag.py:3239} INFO - Sync 1 DAGs
[2025-09-22T00:06:23.348+0000] {logging_mixin.py:190} INFO - [2025-09-22T00:06:23.348+0000] {dag.py:4180} INFO - Setting next_dagrun for example_bash_operator to 2025-09-21 00:00:00+00:00, run_after=2025-09-22 00:00:00+00:00
[2025-09-22T00:06:23.400+0000] {processor.py:208} INFO - Processing /home/airflow/.local/lib/python3.12/site-packages/airflow/example_dags/example_bash_operator.py took 0.118 seconds
[2025-09-22T00:06:56.199+0000] {processor.py:186} INFO - Started process (PID=6061) to work on /home/airflow/.local/lib/python3.12/site-packages/airflow/example_dags/example_bash_operator.py
[2025-09-22T00:06:56.200+0000] {processor.py:914} INFO - Processing file /home/airflow/.local/lib/python3.12/site-packages/airflow/example_dags/example_bash_operator.py for tasks to queue
[2025-09-22T00:06:56.201+0000] {logging_mixin.py:190} INFO - [2025-09-22T00:06:56.201+0000] {dagbag.py:588} INFO - Filling up the DagBag from /home/airflow/.local/lib/python3.12/site-packages/airflow/example_dags/example_bash_operator.py
[2025-09-22T00:06:56.212+0000] {processor.py:925} INFO - DAG(s) 'example_bash_operator' retrieved from /home/airflow/.local/lib/python3.12/site-packages/airflow/example_dags/example_bash_operator.py
[2025-09-22T00:06:56.238+0000] {logging_mixin.py:190} INFO - [2025-09-22T00:06:56.238+0000] {dag.py:3239} INFO - Sync 1 DAGs
[2025-09-22T00:06:56.257+0000] {logging_mixin.py:190} INFO - [2025-09-22T00:06:56.257+0000] {dag.py:4180} INFO - Setting next_dagrun for example_bash_operator to 2025-09-21 00:00:00+00:00, run_after=2025-09-22 00:00:00+00:00
[2025-09-22T00:06:56.303+0000] {processor.py:208} INFO - Processing /home/airflow/.local/lib/python3.12/site-packages/airflow/example_dags/example_bash_operator.py took 0.109 seconds
[2025-09-22T00:07:28.698+0000] {processor.py:186} INFO - Started process (PID=6126) to work on /home/airflow/.local/lib/python3.12/site-packages/airflow/example_dags/example_bash_operator.py
[2025-09-22T00:07:28.699+0000] {processor.py:914} INFO - Processing file /home/airflow/.local/lib/python3.12/site-packages/airflow/example_dags/example_bash_operator.py for tasks to queue
[2025-09-22T00:07:28.701+0000] {logging_mixin.py:190} INFO - [2025-09-22T00:07:28.701+0000] {dagbag.py:588} INFO - Filling up the DagBag from /home/airflow/.local/lib/python3.12/site-packages/airflow/example_dags/example_bash_operator.py
[2025-09-22T00:07:28.712+0000] {processor.py:925} INFO - DAG(s) 'example_bash_operator' retrieved from /home/airflow/.local/lib/python3.12/site-packages/airflow/example_dags/example_bash_operator.py
[2025-09-22T00:07:28.740+0000] {logging_mixin.py:190} INFO - [2025-09-22T00:07:28.740+0000] {dag.py:3239} INFO - Sync 1 DAGs
[2025-09-22T00:07:28.762+0000] {logging_mixin.py:190} INFO - [2025-09-22T00:07:28.762+0000] {dag.py:4180} INFO - Setting next_dagrun for example_bash_operator to 2025-09-21 00:00:00+00:00, run_after=2025-09-22 00:00:00+00:00
[2025-09-22T00:07:28.815+0000] {processor.py:208} INFO - Processing /home/airflow/.local/lib/python3.12/site-packages/airflow/example_dags/example_bash_operator.py took 0.123 seconds
[2025-09-22T00:08:02.437+0000] {processor.py:186} INFO - Started process (PID=6190) to work on /home/airflow/.local/lib/python3.12/site-packages/airflow/example_dags/example_bash_operator.py
[2025-09-22T00:08:02.438+0000] {processor.py:914} INFO - Processing file /home/airflow/.local/lib/python3.12/site-packages/airflow/example_dags/example_bash_operator.py for tasks to queue
[2025-09-22T00:08:02.440+0000] {logging_mixin.py:190} INFO - [2025-09-22T00:08:02.439+0000] {dagbag.py:588} INFO - Filling up the DagBag from /home/airflow/.local/lib/python3.12/site-packages/airflow/example_dags/example_bash_operator.py
[2025-09-22T00:08:02.451+0000] {processor.py:925} INFO - DAG(s) 'example_bash_operator' retrieved from /home/airflow/.local/lib/python3.12/site-packages/airflow/example_dags/example_bash_operator.py
[2025-09-22T00:08:02.475+0000] {logging_mixin.py:190} INFO - [2025-09-22T00:08:02.475+0000] {dag.py:3239} INFO - Sync 1 DAGs
[2025-09-22T00:08:02.495+0000] {logging_mixin.py:190} INFO - [2025-09-22T00:08:02.495+0000] {dag.py:4180} INFO - Setting next_dagrun for example_bash_operator to 2025-09-21 00:00:00+00:00, run_after=2025-09-22 00:00:00+00:00
[2025-09-22T00:08:02.552+0000] {processor.py:208} INFO - Processing /home/airflow/.local/lib/python3.12/site-packages/airflow/example_dags/example_bash_operator.py took 0.120 seconds
[2025-09-22T00:08:35.050+0000] {processor.py:186} INFO - Started process (PID=6254) to work on /home/airflow/.local/lib/python3.12/site-packages/airflow/example_dags/example_bash_operator.py
[2025-09-22T00:08:35.051+0000] {processor.py:914} INFO - Processing file /home/airflow/.local/lib/python3.12/site-packages/airflow/example_dags/example_bash_operator.py for tasks to queue
[2025-09-22T00:08:35.053+0000] {logging_mixin.py:190} INFO - [2025-09-22T00:08:35.053+0000] {dagbag.py:588} INFO - Filling up the DagBag from /home/airflow/.local/lib/python3.12/site-packages/airflow/example_dags/example_bash_operator.py
[2025-09-22T00:08:35.064+0000] {processor.py:925} INFO - DAG(s) 'example_bash_operator' retrieved from /home/airflow/.local/lib/python3.12/site-packages/airflow/example_dags/example_bash_operator.py
[2025-09-22T00:08:35.090+0000] {logging_mixin.py:190} INFO - [2025-09-22T00:08:35.090+0000] {dag.py:3239} INFO - Sync 1 DAGs
[2025-09-22T00:08:35.111+0000] {logging_mixin.py:190} INFO - [2025-09-22T00:08:35.111+0000] {dag.py:4180} INFO - Setting next_dagrun for example_bash_operator to 2025-09-21 00:00:00+00:00, run_after=2025-09-22 00:00:00+00:00
[2025-09-22T00:08:35.166+0000] {processor.py:208} INFO - Processing /home/airflow/.local/lib/python3.12/site-packages/airflow/example_dags/example_bash_operator.py took 0.121 seconds
[2025-09-22T00:09:05.547+0000] {processor.py:186} INFO - Started process (PID=6318) to work on /home/airflow/.local/lib/python3.12/site-packages/airflow/example_dags/example_bash_operator.py
[2025-09-22T00:09:05.547+0000] {processor.py:914} INFO - Processing file /home/airflow/.local/lib/python3.12/site-packages/airflow/example_dags/example_bash_operator.py for tasks to queue
[2025-09-22T00:09:05.549+0000] {logging_mixin.py:190} INFO - [2025-09-22T00:09:05.549+0000] {dagbag.py:588} INFO - Filling up the DagBag from /home/airflow/.local/lib/python3.12/site-packages/airflow/example_dags/example_bash_operator.py
[2025-09-22T00:09:05.561+0000] {processor.py:925} INFO - DAG(s) 'example_bash_operator' retrieved from /home/airflow/.local/lib/python3.12/site-packages/airflow/example_dags/example_bash_operator.py
[2025-09-22T00:09:05.588+0000] {logging_mixin.py:190} INFO - [2025-09-22T00:09:05.588+0000] {dag.py:3239} INFO - Sync 1 DAGs
[2025-09-22T00:09:05.609+0000] {logging_mixin.py:190} INFO - [2025-09-22T00:09:05.609+0000] {dag.py:4180} INFO - Setting next_dagrun for example_bash_operator to 2025-09-21 00:00:00+00:00, run_after=2025-09-22 00:00:00+00:00
[2025-09-22T00:09:05.653+0000] {processor.py:208} INFO - Processing /home/airflow/.local/lib/python3.12/site-packages/airflow/example_dags/example_bash_operator.py took 0.111 seconds
[2025-09-22T00:09:35.692+0000] {processor.py:186} INFO - Started process (PID=6382) to work on /home/airflow/.local/lib/python3.12/site-packages/airflow/example_dags/example_bash_operator.py
[2025-09-22T00:09:35.693+0000] {processor.py:914} INFO - Processing file /home/airflow/.local/lib/python3.12/site-packages/airflow/example_dags/example_bash_operator.py for tasks to queue
[2025-09-22T00:09:35.695+0000] {logging_mixin.py:190} INFO - [2025-09-22T00:09:35.695+0000] {dagbag.py:588} INFO - Filling up the DagBag from /home/airflow/.local/lib/python3.12/site-packages/airflow/example_dags/example_bash_operator.py
[2025-09-22T00:09:35.706+0000] {processor.py:925} INFO - DAG(s) 'example_bash_operator' retrieved from /home/airflow/.local/lib/python3.12/site-packages/airflow/example_dags/example_bash_operator.py
[2025-09-22T00:09:35.730+0000] {logging_mixin.py:190} INFO - [2025-09-22T00:09:35.730+0000] {dag.py:3239} INFO - Sync 1 DAGs
[2025-09-22T00:09:35.751+0000] {logging_mixin.py:190} INFO - [2025-09-22T00:09:35.750+0000] {dag.py:4180} INFO - Setting next_dagrun for example_bash_operator to 2025-09-21 00:00:00+00:00, run_after=2025-09-22 00:00:00+00:00
[2025-09-22T00:09:35.821+0000] {processor.py:208} INFO - Processing /home/airflow/.local/lib/python3.12/site-packages/airflow/example_dags/example_bash_operator.py took 0.134 seconds
[2025-09-22T00:10:06.528+0000] {processor.py:186} INFO - Started process (PID=6446) to work on /home/airflow/.local/lib/python3.12/site-packages/airflow/example_dags/example_bash_operator.py
[2025-09-22T00:10:06.529+0000] {processor.py:914} INFO - Processing file /home/airflow/.local/lib/python3.12/site-packages/airflow/example_dags/example_bash_operator.py for tasks to queue
[2025-09-22T00:10:06.531+0000] {logging_mixin.py:190} INFO - [2025-09-22T00:10:06.530+0000] {dagbag.py:588} INFO - Filling up the DagBag from /home/airflow/.local/lib/python3.12/site-packages/airflow/example_dags/example_bash_operator.py
[2025-09-22T00:10:06.541+0000] {processor.py:925} INFO - DAG(s) 'example_bash_operator' retrieved from /home/airflow/.local/lib/python3.12/site-packages/airflow/example_dags/example_bash_operator.py
[2025-09-22T00:10:06.563+0000] {logging_mixin.py:190} INFO - [2025-09-22T00:10:06.563+0000] {dag.py:3239} INFO - Sync 1 DAGs
[2025-09-22T00:10:06.582+0000] {logging_mixin.py:190} INFO - [2025-09-22T00:10:06.582+0000] {dag.py:4180} INFO - Setting next_dagrun for example_bash_operator to 2025-09-21 00:00:00+00:00, run_after=2025-09-22 00:00:00+00:00
[2025-09-22T00:10:06.642+0000] {processor.py:208} INFO - Processing /home/airflow/.local/lib/python3.12/site-packages/airflow/example_dags/example_bash_operator.py took 0.119 seconds
[2025-09-22T00:10:36.874+0000] {processor.py:186} INFO - Started process (PID=6510) to work on /home/airflow/.local/lib/python3.12/site-packages/airflow/example_dags/example_bash_operator.py
[2025-09-22T00:10:36.875+0000] {processor.py:914} INFO - Processing file /home/airflow/.local/lib/python3.12/site-packages/airflow/example_dags/example_bash_operator.py for tasks to queue
[2025-09-22T00:10:36.876+0000] {logging_mixin.py:190} INFO - [2025-09-22T00:10:36.876+0000] {dagbag.py:588} INFO - Filling up the DagBag from /home/airflow/.local/lib/python3.12/site-packages/airflow/example_dags/example_bash_operator.py
[2025-09-22T00:10:36.887+0000] {processor.py:925} INFO - DAG(s) 'example_bash_operator' retrieved from /home/airflow/.local/lib/python3.12/site-packages/airflow/example_dags/example_bash_operator.py
[2025-09-22T00:10:36.913+0000] {logging_mixin.py:190} INFO - [2025-09-22T00:10:36.913+0000] {dag.py:3239} INFO - Sync 1 DAGs
[2025-09-22T00:10:36.932+0000] {logging_mixin.py:190} INFO - [2025-09-22T00:10:36.932+0000] {dag.py:4180} INFO - Setting next_dagrun for example_bash_operator to 2025-09-21 00:00:00+00:00, run_after=2025-09-22 00:00:00+00:00
[2025-09-22T00:10:36.990+0000] {processor.py:208} INFO - Processing /home/airflow/.local/lib/python3.12/site-packages/airflow/example_dags/example_bash_operator.py took 0.121 seconds
[2025-09-22T00:11:07.485+0000] {processor.py:186} INFO - Started process (PID=6574) to work on /home/airflow/.local/lib/python3.12/site-packages/airflow/example_dags/example_bash_operator.py
[2025-09-22T00:11:07.486+0000] {processor.py:914} INFO - Processing file /home/airflow/.local/lib/python3.12/site-packages/airflow/example_dags/example_bash_operator.py for tasks to queue
[2025-09-22T00:11:07.488+0000] {logging_mixin.py:190} INFO - [2025-09-22T00:11:07.488+0000] {dagbag.py:588} INFO - Filling up the DagBag from /home/airflow/.local/lib/python3.12/site-packages/airflow/example_dags/example_bash_operator.py
[2025-09-22T00:11:07.498+0000] {processor.py:925} INFO - DAG(s) 'example_bash_operator' retrieved from /home/airflow/.local/lib/python3.12/site-packages/airflow/example_dags/example_bash_operator.py
[2025-09-22T00:11:07.520+0000] {logging_mixin.py:190} INFO - [2025-09-22T00:11:07.520+0000] {dag.py:3239} INFO - Sync 1 DAGs
[2025-09-22T00:11:07.540+0000] {logging_mixin.py:190} INFO - [2025-09-22T00:11:07.540+0000] {dag.py:4180} INFO - Setting next_dagrun for example_bash_operator to 2025-09-21 00:00:00+00:00, run_after=2025-09-22 00:00:00+00:00
[2025-09-22T00:11:07.577+0000] {processor.py:208} INFO - Processing /home/airflow/.local/lib/python3.12/site-packages/airflow/example_dags/example_bash_operator.py took 0.097 seconds
[2025-09-22T00:11:38.307+0000] {processor.py:186} INFO - Started process (PID=6638) to work on /home/airflow/.local/lib/python3.12/site-packages/airflow/example_dags/example_bash_operator.py
[2025-09-22T00:11:38.308+0000] {processor.py:914} INFO - Processing file /home/airflow/.local/lib/python3.12/site-packages/airflow/example_dags/example_bash_operator.py for tasks to queue
[2025-09-22T00:11:38.310+0000] {logging_mixin.py:190} INFO - [2025-09-22T00:11:38.310+0000] {dagbag.py:588} INFO - Filling up the DagBag from /home/airflow/.local/lib/python3.12/site-packages/airflow/example_dags/example_bash_operator.py
[2025-09-22T00:11:38.320+0000] {processor.py:925} INFO - DAG(s) 'example_bash_operator' retrieved from /home/airflow/.local/lib/python3.12/site-packages/airflow/example_dags/example_bash_operator.py
[2025-09-22T00:11:38.343+0000] {logging_mixin.py:190} INFO - [2025-09-22T00:11:38.343+0000] {dag.py:3239} INFO - Sync 1 DAGs
[2025-09-22T00:11:38.363+0000] {logging_mixin.py:190} INFO - [2025-09-22T00:11:38.363+0000] {dag.py:4180} INFO - Setting next_dagrun for example_bash_operator to 2025-09-21 00:00:00+00:00, run_after=2025-09-22 00:00:00+00:00
[2025-09-22T00:11:38.418+0000] {processor.py:208} INFO - Processing /home/airflow/.local/lib/python3.12/site-packages/airflow/example_dags/example_bash_operator.py took 0.116 seconds
[2025-09-22T00:12:08.917+0000] {processor.py:186} INFO - Started process (PID=6702) to work on /home/airflow/.local/lib/python3.12/site-packages/airflow/example_dags/example_bash_operator.py
[2025-09-22T00:12:08.918+0000] {processor.py:914} INFO - Processing file /home/airflow/.local/lib/python3.12/site-packages/airflow/example_dags/example_bash_operator.py for tasks to queue
[2025-09-22T00:12:08.920+0000] {logging_mixin.py:190} INFO - [2025-09-22T00:12:08.920+0000] {dagbag.py:588} INFO - Filling up the DagBag from /home/airflow/.local/lib/python3.12/site-packages/airflow/example_dags/example_bash_operator.py
[2025-09-22T00:12:08.931+0000] {processor.py:925} INFO - DAG(s) 'example_bash_operator' retrieved from /home/airflow/.local/lib/python3.12/site-packages/airflow/example_dags/example_bash_operator.py
[2025-09-22T00:12:08.955+0000] {logging_mixin.py:190} INFO - [2025-09-22T00:12:08.955+0000] {dag.py:3239} INFO - Sync 1 DAGs
[2025-09-22T00:12:08.976+0000] {logging_mixin.py:190} INFO - [2025-09-22T00:12:08.976+0000] {dag.py:4180} INFO - Setting next_dagrun for example_bash_operator to 2025-09-21 00:00:00+00:00, run_after=2025-09-22 00:00:00+00:00
[2025-09-22T00:12:09.036+0000] {processor.py:208} INFO - Processing /home/airflow/.local/lib/python3.12/site-packages/airflow/example_dags/example_bash_operator.py took 0.124 seconds
[2025-09-22T00:12:39.625+0000] {processor.py:186} INFO - Started process (PID=6766) to work on /home/airflow/.local/lib/python3.12/site-packages/airflow/example_dags/example_bash_operator.py
[2025-09-22T00:12:39.626+0000] {processor.py:914} INFO - Processing file /home/airflow/.local/lib/python3.12/site-packages/airflow/example_dags/example_bash_operator.py for tasks to queue
[2025-09-22T00:12:39.628+0000] {logging_mixin.py:190} INFO - [2025-09-22T00:12:39.628+0000] {dagbag.py:588} INFO - Filling up the DagBag from /home/airflow/.local/lib/python3.12/site-packages/airflow/example_dags/example_bash_operator.py
[2025-09-22T00:12:39.641+0000] {processor.py:925} INFO - DAG(s) 'example_bash_operator' retrieved from /home/airflow/.local/lib/python3.12/site-packages/airflow/example_dags/example_bash_operator.py
[2025-09-22T00:12:39.667+0000] {logging_mixin.py:190} INFO - [2025-09-22T00:12:39.667+0000] {dag.py:3239} INFO - Sync 1 DAGs
[2025-09-22T00:12:39.689+0000] {logging_mixin.py:190} INFO - [2025-09-22T00:12:39.689+0000] {dag.py:4180} INFO - Setting next_dagrun for example_bash_operator to 2025-09-21 00:00:00+00:00, run_after=2025-09-22 00:00:00+00:00
[2025-09-22T00:12:39.769+0000] {processor.py:208} INFO - Processing /home/airflow/.local/lib/python3.12/site-packages/airflow/example_dags/example_bash_operator.py took 0.149 seconds
[2025-09-22T00:13:10.825+0000] {processor.py:186} INFO - Started process (PID=6830) to work on /home/airflow/.local/lib/python3.12/site-packages/airflow/example_dags/example_bash_operator.py
[2025-09-22T00:13:10.826+0000] {processor.py:914} INFO - Processing file /home/airflow/.local/lib/python3.12/site-packages/airflow/example_dags/example_bash_operator.py for tasks to queue
[2025-09-22T00:13:10.828+0000] {logging_mixin.py:190} INFO - [2025-09-22T00:13:10.828+0000] {dagbag.py:588} INFO - Filling up the DagBag from /home/airflow/.local/lib/python3.12/site-packages/airflow/example_dags/example_bash_operator.py
[2025-09-22T00:13:10.840+0000] {processor.py:925} INFO - DAG(s) 'example_bash_operator' retrieved from /home/airflow/.local/lib/python3.12/site-packages/airflow/example_dags/example_bash_operator.py
[2025-09-22T00:13:10.867+0000] {logging_mixin.py:190} INFO - [2025-09-22T00:13:10.867+0000] {dag.py:3239} INFO - Sync 1 DAGs
[2025-09-22T00:13:10.892+0000] {logging_mixin.py:190} INFO - [2025-09-22T00:13:10.892+0000] {dag.py:4180} INFO - Setting next_dagrun for example_bash_operator to 2025-09-21 00:00:00+00:00, run_after=2025-09-22 00:00:00+00:00
[2025-09-22T00:13:10.940+0000] {processor.py:208} INFO - Processing /home/airflow/.local/lib/python3.12/site-packages/airflow/example_dags/example_bash_operator.py took 0.120 seconds
[2025-09-22T00:13:41.335+0000] {processor.py:186} INFO - Started process (PID=6894) to work on /home/airflow/.local/lib/python3.12/site-packages/airflow/example_dags/example_bash_operator.py
[2025-09-22T00:13:41.336+0000] {processor.py:914} INFO - Processing file /home/airflow/.local/lib/python3.12/site-packages/airflow/example_dags/example_bash_operator.py for tasks to queue
[2025-09-22T00:13:41.338+0000] {logging_mixin.py:190} INFO - [2025-09-22T00:13:41.338+0000] {dagbag.py:588} INFO - Filling up the DagBag from /home/airflow/.local/lib/python3.12/site-packages/airflow/example_dags/example_bash_operator.py
[2025-09-22T00:13:41.349+0000] {processor.py:925} INFO - DAG(s) 'example_bash_operator' retrieved from /home/airflow/.local/lib/python3.12/site-packages/airflow/example_dags/example_bash_operator.py
[2025-09-22T00:13:41.374+0000] {logging_mixin.py:190} INFO - [2025-09-22T00:13:41.373+0000] {dag.py:3239} INFO - Sync 1 DAGs
[2025-09-22T00:13:41.394+0000] {logging_mixin.py:190} INFO - [2025-09-22T00:13:41.394+0000] {dag.py:4180} INFO - Setting next_dagrun for example_bash_operator to 2025-09-21 00:00:00+00:00, run_after=2025-09-22 00:00:00+00:00
[2025-09-22T00:13:41.431+0000] {processor.py:208} INFO - Processing /home/airflow/.local/lib/python3.12/site-packages/airflow/example_dags/example_bash_operator.py took 0.101 seconds
[2025-09-22T00:14:11.625+0000] {processor.py:186} INFO - Started process (PID=6958) to work on /home/airflow/.local/lib/python3.12/site-packages/airflow/example_dags/example_bash_operator.py
[2025-09-22T00:14:11.626+0000] {processor.py:914} INFO - Processing file /home/airflow/.local/lib/python3.12/site-packages/airflow/example_dags/example_bash_operator.py for tasks to queue
[2025-09-22T00:14:11.628+0000] {logging_mixin.py:190} INFO - [2025-09-22T00:14:11.627+0000] {dagbag.py:588} INFO - Filling up the DagBag from /home/airflow/.local/lib/python3.12/site-packages/airflow/example_dags/example_bash_operator.py
[2025-09-22T00:14:11.639+0000] {processor.py:925} INFO - DAG(s) 'example_bash_operator' retrieved from /home/airflow/.local/lib/python3.12/site-packages/airflow/example_dags/example_bash_operator.py
[2025-09-22T00:14:11.665+0000] {logging_mixin.py:190} INFO - [2025-09-22T00:14:11.664+0000] {dag.py:3239} INFO - Sync 1 DAGs
[2025-09-22T00:14:11.686+0000] {logging_mixin.py:190} INFO - [2025-09-22T00:14:11.686+0000] {dag.py:4180} INFO - Setting next_dagrun for example_bash_operator to 2025-09-21 00:00:00+00:00, run_after=2025-09-22 00:00:00+00:00
[2025-09-22T00:14:11.725+0000] {processor.py:208} INFO - Processing /home/airflow/.local/lib/python3.12/site-packages/airflow/example_dags/example_bash_operator.py took 0.105 seconds
[2025-09-22T00:14:42.359+0000] {processor.py:186} INFO - Started process (PID=7022) to work on /home/airflow/.local/lib/python3.12/site-packages/airflow/example_dags/example_bash_operator.py
[2025-09-22T00:14:42.360+0000] {processor.py:914} INFO - Processing file /home/airflow/.local/lib/python3.12/site-packages/airflow/example_dags/example_bash_operator.py for tasks to queue
[2025-09-22T00:14:42.362+0000] {logging_mixin.py:190} INFO - [2025-09-22T00:14:42.362+0000] {dagbag.py:588} INFO - Filling up the DagBag from /home/airflow/.local/lib/python3.12/site-packages/airflow/example_dags/example_bash_operator.py
[2025-09-22T00:14:42.374+0000] {processor.py:925} INFO - DAG(s) 'example_bash_operator' retrieved from /home/airflow/.local/lib/python3.12/site-packages/airflow/example_dags/example_bash_operator.py
[2025-09-22T00:14:42.399+0000] {logging_mixin.py:190} INFO - [2025-09-22T00:14:42.399+0000] {dag.py:3239} INFO - Sync 1 DAGs
[2025-09-22T00:14:42.422+0000] {logging_mixin.py:190} INFO - [2025-09-22T00:14:42.422+0000] {dag.py:4180} INFO - Setting next_dagrun for example_bash_operator to 2025-09-21 00:00:00+00:00, run_after=2025-09-22 00:00:00+00:00
[2025-09-22T00:14:42.488+0000] {processor.py:208} INFO - Processing /home/airflow/.local/lib/python3.12/site-packages/airflow/example_dags/example_bash_operator.py took 0.134 seconds
[2025-09-22T00:15:12.796+0000] {processor.py:186} INFO - Started process (PID=7086) to work on /home/airflow/.local/lib/python3.12/site-packages/airflow/example_dags/example_bash_operator.py
[2025-09-22T00:15:12.797+0000] {processor.py:914} INFO - Processing file /home/airflow/.local/lib/python3.12/site-packages/airflow/example_dags/example_bash_operator.py for tasks to queue
[2025-09-22T00:15:12.799+0000] {logging_mixin.py:190} INFO - [2025-09-22T00:15:12.799+0000] {dagbag.py:588} INFO - Filling up the DagBag from /home/airflow/.local/lib/python3.12/site-packages/airflow/example_dags/example_bash_operator.py
[2025-09-22T00:15:12.810+0000] {processor.py:925} INFO - DAG(s) 'example_bash_operator' retrieved from /home/airflow/.local/lib/python3.12/site-packages/airflow/example_dags/example_bash_operator.py
[2025-09-22T00:15:12.835+0000] {logging_mixin.py:190} INFO - [2025-09-22T00:15:12.835+0000] {dag.py:3239} INFO - Sync 1 DAGs
[2025-09-22T00:15:12.855+0000] {logging_mixin.py:190} INFO - [2025-09-22T00:15:12.855+0000] {dag.py:4180} INFO - Setting next_dagrun for example_bash_operator to 2025-09-21 00:00:00+00:00, run_after=2025-09-22 00:00:00+00:00
[2025-09-22T00:15:12.921+0000] {processor.py:208} INFO - Processing /home/airflow/.local/lib/python3.12/site-packages/airflow/example_dags/example_bash_operator.py took 0.130 seconds
[2025-09-22T00:15:43.474+0000] {processor.py:186} INFO - Started process (PID=7150) to work on /home/airflow/.local/lib/python3.12/site-packages/airflow/example_dags/example_bash_operator.py
[2025-09-22T00:15:43.475+0000] {processor.py:914} INFO - Processing file /home/airflow/.local/lib/python3.12/site-packages/airflow/example_dags/example_bash_operator.py for tasks to queue
[2025-09-22T00:15:43.477+0000] {logging_mixin.py:190} INFO - [2025-09-22T00:15:43.477+0000] {dagbag.py:588} INFO - Filling up the DagBag from /home/airflow/.local/lib/python3.12/site-packages/airflow/example_dags/example_bash_operator.py
[2025-09-22T00:15:43.490+0000] {processor.py:925} INFO - DAG(s) 'example_bash_operator' retrieved from /home/airflow/.local/lib/python3.12/site-packages/airflow/example_dags/example_bash_operator.py
[2025-09-22T00:15:43.522+0000] {logging_mixin.py:190} INFO - [2025-09-22T00:15:43.521+0000] {dag.py:3239} INFO - Sync 1 DAGs
[2025-09-22T00:15:43.547+0000] {logging_mixin.py:190} INFO - [2025-09-22T00:15:43.547+0000] {dag.py:4180} INFO - Setting next_dagrun for example_bash_operator to 2025-09-21 00:00:00+00:00, run_after=2025-09-22 00:00:00+00:00
[2025-09-22T00:15:43.608+0000] {processor.py:208} INFO - Processing /home/airflow/.local/lib/python3.12/site-packages/airflow/example_dags/example_bash_operator.py took 0.140 seconds
[2025-09-22T00:16:13.953+0000] {processor.py:186} INFO - Started process (PID=7214) to work on /home/airflow/.local/lib/python3.12/site-packages/airflow/example_dags/example_bash_operator.py
[2025-09-22T00:16:13.954+0000] {processor.py:914} INFO - Processing file /home/airflow/.local/lib/python3.12/site-packages/airflow/example_dags/example_bash_operator.py for tasks to queue
[2025-09-22T00:16:13.956+0000] {logging_mixin.py:190} INFO - [2025-09-22T00:16:13.956+0000] {dagbag.py:588} INFO - Filling up the DagBag from /home/airflow/.local/lib/python3.12/site-packages/airflow/example_dags/example_bash_operator.py
[2025-09-22T00:16:13.971+0000] {processor.py:925} INFO - DAG(s) 'example_bash_operator' retrieved from /home/airflow/.local/lib/python3.12/site-packages/airflow/example_dags/example_bash_operator.py
[2025-09-22T00:16:14.001+0000] {logging_mixin.py:190} INFO - [2025-09-22T00:16:14.001+0000] {dag.py:3239} INFO - Sync 1 DAGs
[2025-09-22T00:16:14.027+0000] {logging_mixin.py:190} INFO - [2025-09-22T00:16:14.027+0000] {dag.py:4180} INFO - Setting next_dagrun for example_bash_operator to 2025-09-21 00:00:00+00:00, run_after=2025-09-22 00:00:00+00:00
[2025-09-22T00:16:14.094+0000] {processor.py:208} INFO - Processing /home/airflow/.local/lib/python3.12/site-packages/airflow/example_dags/example_bash_operator.py took 0.148 seconds
[2025-09-22T00:16:44.497+0000] {processor.py:186} INFO - Started process (PID=7278) to work on /home/airflow/.local/lib/python3.12/site-packages/airflow/example_dags/example_bash_operator.py
[2025-09-22T00:16:44.498+0000] {processor.py:914} INFO - Processing file /home/airflow/.local/lib/python3.12/site-packages/airflow/example_dags/example_bash_operator.py for tasks to queue
[2025-09-22T00:16:44.500+0000] {logging_mixin.py:190} INFO - [2025-09-22T00:16:44.500+0000] {dagbag.py:588} INFO - Filling up the DagBag from /home/airflow/.local/lib/python3.12/site-packages/airflow/example_dags/example_bash_operator.py
[2025-09-22T00:16:44.512+0000] {processor.py:925} INFO - DAG(s) 'example_bash_operator' retrieved from /home/airflow/.local/lib/python3.12/site-packages/airflow/example_dags/example_bash_operator.py
[2025-09-22T00:16:44.539+0000] {logging_mixin.py:190} INFO - [2025-09-22T00:16:44.538+0000] {dag.py:3239} INFO - Sync 1 DAGs
[2025-09-22T00:16:44.559+0000] {logging_mixin.py:190} INFO - [2025-09-22T00:16:44.559+0000] {dag.py:4180} INFO - Setting next_dagrun for example_bash_operator to 2025-09-21 00:00:00+00:00, run_after=2025-09-22 00:00:00+00:00
[2025-09-22T00:16:44.611+0000] {processor.py:208} INFO - Processing /home/airflow/.local/lib/python3.12/site-packages/airflow/example_dags/example_bash_operator.py took 0.120 seconds
[2025-09-22T00:17:14.807+0000] {processor.py:186} INFO - Started process (PID=7342) to work on /home/airflow/.local/lib/python3.12/site-packages/airflow/example_dags/example_bash_operator.py
[2025-09-22T00:17:14.808+0000] {processor.py:914} INFO - Processing file /home/airflow/.local/lib/python3.12/site-packages/airflow/example_dags/example_bash_operator.py for tasks to queue
[2025-09-22T00:17:14.810+0000] {logging_mixin.py:190} INFO - [2025-09-22T00:17:14.810+0000] {dagbag.py:588} INFO - Filling up the DagBag from /home/airflow/.local/lib/python3.12/site-packages/airflow/example_dags/example_bash_operator.py
[2025-09-22T00:17:14.822+0000] {processor.py:925} INFO - DAG(s) 'example_bash_operator' retrieved from /home/airflow/.local/lib/python3.12/site-packages/airflow/example_dags/example_bash_operator.py
[2025-09-22T00:17:14.854+0000] {logging_mixin.py:190} INFO - [2025-09-22T00:17:14.854+0000] {dag.py:3239} INFO - Sync 1 DAGs
[2025-09-22T00:17:14.882+0000] {logging_mixin.py:190} INFO - [2025-09-22T00:17:14.881+0000] {dag.py:4180} INFO - Setting next_dagrun for example_bash_operator to 2025-09-21 00:00:00+00:00, run_after=2025-09-22 00:00:00+00:00
[2025-09-22T00:17:14.929+0000] {processor.py:208} INFO - Processing /home/airflow/.local/lib/python3.12/site-packages/airflow/example_dags/example_bash_operator.py took 0.127 seconds
[2025-09-22T00:17:45.001+0000] {processor.py:186} INFO - Started process (PID=7406) to work on /home/airflow/.local/lib/python3.12/site-packages/airflow/example_dags/example_bash_operator.py
[2025-09-22T00:17:45.003+0000] {processor.py:914} INFO - Processing file /home/airflow/.local/lib/python3.12/site-packages/airflow/example_dags/example_bash_operator.py for tasks to queue
[2025-09-22T00:17:45.005+0000] {logging_mixin.py:190} INFO - [2025-09-22T00:17:45.005+0000] {dagbag.py:588} INFO - Filling up the DagBag from /home/airflow/.local/lib/python3.12/site-packages/airflow/example_dags/example_bash_operator.py
[2025-09-22T00:17:45.018+0000] {processor.py:925} INFO - DAG(s) 'example_bash_operator' retrieved from /home/airflow/.local/lib/python3.12/site-packages/airflow/example_dags/example_bash_operator.py
[2025-09-22T00:17:45.047+0000] {logging_mixin.py:190} INFO - [2025-09-22T00:17:45.047+0000] {dag.py:3239} INFO - Sync 1 DAGs
[2025-09-22T00:17:45.072+0000] {logging_mixin.py:190} INFO - [2025-09-22T00:17:45.072+0000] {dag.py:4180} INFO - Setting next_dagrun for example_bash_operator to 2025-09-21 00:00:00+00:00, run_after=2025-09-22 00:00:00+00:00
[2025-09-22T00:17:45.142+0000] {processor.py:208} INFO - Processing /home/airflow/.local/lib/python3.12/site-packages/airflow/example_dags/example_bash_operator.py took 0.146 seconds
[2025-09-22T00:18:15.241+0000] {processor.py:186} INFO - Started process (PID=7470) to work on /home/airflow/.local/lib/python3.12/site-packages/airflow/example_dags/example_bash_operator.py
[2025-09-22T00:18:15.243+0000] {processor.py:914} INFO - Processing file /home/airflow/.local/lib/python3.12/site-packages/airflow/example_dags/example_bash_operator.py for tasks to queue
[2025-09-22T00:18:15.245+0000] {logging_mixin.py:190} INFO - [2025-09-22T00:18:15.245+0000] {dagbag.py:588} INFO - Filling up the DagBag from /home/airflow/.local/lib/python3.12/site-packages/airflow/example_dags/example_bash_operator.py
[2025-09-22T00:18:15.258+0000] {processor.py:925} INFO - DAG(s) 'example_bash_operator' retrieved from /home/airflow/.local/lib/python3.12/site-packages/airflow/example_dags/example_bash_operator.py
[2025-09-22T00:18:15.289+0000] {logging_mixin.py:190} INFO - [2025-09-22T00:18:15.289+0000] {dag.py:3239} INFO - Sync 1 DAGs
[2025-09-22T00:18:15.318+0000] {logging_mixin.py:190} INFO - [2025-09-22T00:18:15.318+0000] {dag.py:4180} INFO - Setting next_dagrun for example_bash_operator to 2025-09-21 00:00:00+00:00, run_after=2025-09-22 00:00:00+00:00
[2025-09-22T00:18:15.385+0000] {processor.py:208} INFO - Processing /home/airflow/.local/lib/python3.12/site-packages/airflow/example_dags/example_bash_operator.py took 0.149 seconds
[2025-09-22T00:18:45.699+0000] {processor.py:186} INFO - Started process (PID=7534) to work on /home/airflow/.local/lib/python3.12/site-packages/airflow/example_dags/example_bash_operator.py
[2025-09-22T00:18:45.700+0000] {processor.py:914} INFO - Processing file /home/airflow/.local/lib/python3.12/site-packages/airflow/example_dags/example_bash_operator.py for tasks to queue
[2025-09-22T00:18:45.702+0000] {logging_mixin.py:190} INFO - [2025-09-22T00:18:45.702+0000] {dagbag.py:588} INFO - Filling up the DagBag from /home/airflow/.local/lib/python3.12/site-packages/airflow/example_dags/example_bash_operator.py
[2025-09-22T00:18:45.713+0000] {processor.py:925} INFO - DAG(s) 'example_bash_operator' retrieved from /home/airflow/.local/lib/python3.12/site-packages/airflow/example_dags/example_bash_operator.py
[2025-09-22T00:18:45.737+0000] {logging_mixin.py:190} INFO - [2025-09-22T00:18:45.737+0000] {dag.py:3239} INFO - Sync 1 DAGs
[2025-09-22T00:18:45.757+0000] {logging_mixin.py:190} INFO - [2025-09-22T00:18:45.757+0000] {dag.py:4180} INFO - Setting next_dagrun for example_bash_operator to 2025-09-21 00:00:00+00:00, run_after=2025-09-22 00:00:00+00:00
[2025-09-22T00:18:45.807+0000] {processor.py:208} INFO - Processing /home/airflow/.local/lib/python3.12/site-packages/airflow/example_dags/example_bash_operator.py took 0.113 seconds
[2025-09-22T00:19:15.859+0000] {processor.py:186} INFO - Started process (PID=7598) to work on /home/airflow/.local/lib/python3.12/site-packages/airflow/example_dags/example_bash_operator.py
[2025-09-22T00:19:15.860+0000] {processor.py:914} INFO - Processing file /home/airflow/.local/lib/python3.12/site-packages/airflow/example_dags/example_bash_operator.py for tasks to queue
[2025-09-22T00:19:15.862+0000] {logging_mixin.py:190} INFO - [2025-09-22T00:19:15.861+0000] {dagbag.py:588} INFO - Filling up the DagBag from /home/airflow/.local/lib/python3.12/site-packages/airflow/example_dags/example_bash_operator.py
[2025-09-22T00:19:15.873+0000] {processor.py:925} INFO - DAG(s) 'example_bash_operator' retrieved from /home/airflow/.local/lib/python3.12/site-packages/airflow/example_dags/example_bash_operator.py
[2025-09-22T00:19:15.898+0000] {logging_mixin.py:190} INFO - [2025-09-22T00:19:15.898+0000] {dag.py:3239} INFO - Sync 1 DAGs
[2025-09-22T00:19:15.918+0000] {logging_mixin.py:190} INFO - [2025-09-22T00:19:15.918+0000] {dag.py:4180} INFO - Setting next_dagrun for example_bash_operator to 2025-09-21 00:00:00+00:00, run_after=2025-09-22 00:00:00+00:00
[2025-09-22T00:19:15.978+0000] {processor.py:208} INFO - Processing /home/airflow/.local/lib/python3.12/site-packages/airflow/example_dags/example_bash_operator.py took 0.124 seconds
[2025-09-22T00:19:46.589+0000] {processor.py:186} INFO - Started process (PID=7662) to work on /home/airflow/.local/lib/python3.12/site-packages/airflow/example_dags/example_bash_operator.py
[2025-09-22T00:19:46.591+0000] {processor.py:914} INFO - Processing file /home/airflow/.local/lib/python3.12/site-packages/airflow/example_dags/example_bash_operator.py for tasks to queue
[2025-09-22T00:19:46.593+0000] {logging_mixin.py:190} INFO - [2025-09-22T00:19:46.593+0000] {dagbag.py:588} INFO - Filling up the DagBag from /home/airflow/.local/lib/python3.12/site-packages/airflow/example_dags/example_bash_operator.py
[2025-09-22T00:19:46.604+0000] {processor.py:925} INFO - DAG(s) 'example_bash_operator' retrieved from /home/airflow/.local/lib/python3.12/site-packages/airflow/example_dags/example_bash_operator.py
[2025-09-22T00:19:46.629+0000] {logging_mixin.py:190} INFO - [2025-09-22T00:19:46.629+0000] {dag.py:3239} INFO - Sync 1 DAGs
[2025-09-22T00:19:46.651+0000] {logging_mixin.py:190} INFO - [2025-09-22T00:19:46.651+0000] {dag.py:4180} INFO - Setting next_dagrun for example_bash_operator to 2025-09-21 00:00:00+00:00, run_after=2025-09-22 00:00:00+00:00
[2025-09-22T00:19:46.721+0000] {processor.py:208} INFO - Processing /home/airflow/.local/lib/python3.12/site-packages/airflow/example_dags/example_bash_operator.py took 0.138 seconds
[2025-09-22T00:20:16.918+0000] {processor.py:186} INFO - Started process (PID=7726) to work on /home/airflow/.local/lib/python3.12/site-packages/airflow/example_dags/example_bash_operator.py
[2025-09-22T00:20:16.918+0000] {processor.py:914} INFO - Processing file /home/airflow/.local/lib/python3.12/site-packages/airflow/example_dags/example_bash_operator.py for tasks to queue
[2025-09-22T00:20:16.920+0000] {logging_mixin.py:190} INFO - [2025-09-22T00:20:16.920+0000] {dagbag.py:588} INFO - Filling up the DagBag from /home/airflow/.local/lib/python3.12/site-packages/airflow/example_dags/example_bash_operator.py
[2025-09-22T00:20:16.932+0000] {processor.py:925} INFO - DAG(s) 'example_bash_operator' retrieved from /home/airflow/.local/lib/python3.12/site-packages/airflow/example_dags/example_bash_operator.py
[2025-09-22T00:20:16.956+0000] {logging_mixin.py:190} INFO - [2025-09-22T00:20:16.956+0000] {dag.py:3239} INFO - Sync 1 DAGs
[2025-09-22T00:20:16.977+0000] {logging_mixin.py:190} INFO - [2025-09-22T00:20:16.977+0000] {dag.py:4180} INFO - Setting next_dagrun for example_bash_operator to 2025-09-21 00:00:00+00:00, run_after=2025-09-22 00:00:00+00:00
[2025-09-22T00:20:17.018+0000] {processor.py:208} INFO - Processing /home/airflow/.local/lib/python3.12/site-packages/airflow/example_dags/example_bash_operator.py took 0.106 seconds
[2025-09-22T00:20:47.563+0000] {processor.py:186} INFO - Started process (PID=7790) to work on /home/airflow/.local/lib/python3.12/site-packages/airflow/example_dags/example_bash_operator.py
[2025-09-22T00:20:47.564+0000] {processor.py:914} INFO - Processing file /home/airflow/.local/lib/python3.12/site-packages/airflow/example_dags/example_bash_operator.py for tasks to queue
[2025-09-22T00:20:47.566+0000] {logging_mixin.py:190} INFO - [2025-09-22T00:20:47.566+0000] {dagbag.py:588} INFO - Filling up the DagBag from /home/airflow/.local/lib/python3.12/site-packages/airflow/example_dags/example_bash_operator.py
[2025-09-22T00:20:47.577+0000] {processor.py:925} INFO - DAG(s) 'example_bash_operator' retrieved from /home/airflow/.local/lib/python3.12/site-packages/airflow/example_dags/example_bash_operator.py
[2025-09-22T00:20:47.603+0000] {logging_mixin.py:190} INFO - [2025-09-22T00:20:47.603+0000] {dag.py:3239} INFO - Sync 1 DAGs
[2025-09-22T00:20:47.624+0000] {logging_mixin.py:190} INFO - [2025-09-22T00:20:47.624+0000] {dag.py:4180} INFO - Setting next_dagrun for example_bash_operator to 2025-09-21 00:00:00+00:00, run_after=2025-09-22 00:00:00+00:00
[2025-09-22T00:20:47.667+0000] {processor.py:208} INFO - Processing /home/airflow/.local/lib/python3.12/site-packages/airflow/example_dags/example_bash_operator.py took 0.109 seconds
[2025-09-22T00:21:17.753+0000] {processor.py:186} INFO - Started process (PID=7854) to work on /home/airflow/.local/lib/python3.12/site-packages/airflow/example_dags/example_bash_operator.py
[2025-09-22T00:21:17.754+0000] {processor.py:914} INFO - Processing file /home/airflow/.local/lib/python3.12/site-packages/airflow/example_dags/example_bash_operator.py for tasks to queue
[2025-09-22T00:21:17.756+0000] {logging_mixin.py:190} INFO - [2025-09-22T00:21:17.755+0000] {dagbag.py:588} INFO - Filling up the DagBag from /home/airflow/.local/lib/python3.12/site-packages/airflow/example_dags/example_bash_operator.py
[2025-09-22T00:21:17.767+0000] {processor.py:925} INFO - DAG(s) 'example_bash_operator' retrieved from /home/airflow/.local/lib/python3.12/site-packages/airflow/example_dags/example_bash_operator.py
[2025-09-22T00:21:17.791+0000] {logging_mixin.py:190} INFO - [2025-09-22T00:21:17.791+0000] {dag.py:3239} INFO - Sync 1 DAGs
[2025-09-22T00:21:17.811+0000] {logging_mixin.py:190} INFO - [2025-09-22T00:21:17.811+0000] {dag.py:4180} INFO - Setting next_dagrun for example_bash_operator to 2025-09-21 00:00:00+00:00, run_after=2025-09-22 00:00:00+00:00
[2025-09-22T00:21:17.857+0000] {processor.py:208} INFO - Processing /home/airflow/.local/lib/python3.12/site-packages/airflow/example_dags/example_bash_operator.py took 0.110 seconds
[2025-09-22T00:21:48.572+0000] {processor.py:186} INFO - Started process (PID=7918) to work on /home/airflow/.local/lib/python3.12/site-packages/airflow/example_dags/example_bash_operator.py
[2025-09-22T00:21:48.573+0000] {processor.py:914} INFO - Processing file /home/airflow/.local/lib/python3.12/site-packages/airflow/example_dags/example_bash_operator.py for tasks to queue
[2025-09-22T00:21:48.575+0000] {logging_mixin.py:190} INFO - [2025-09-22T00:21:48.575+0000] {dagbag.py:588} INFO - Filling up the DagBag from /home/airflow/.local/lib/python3.12/site-packages/airflow/example_dags/example_bash_operator.py
[2025-09-22T00:21:48.586+0000] {processor.py:925} INFO - DAG(s) 'example_bash_operator' retrieved from /home/airflow/.local/lib/python3.12/site-packages/airflow/example_dags/example_bash_operator.py
[2025-09-22T00:21:48.611+0000] {logging_mixin.py:190} INFO - [2025-09-22T00:21:48.611+0000] {dag.py:3239} INFO - Sync 1 DAGs
[2025-09-22T00:21:48.632+0000] {logging_mixin.py:190} INFO - [2025-09-22T00:21:48.632+0000] {dag.py:4180} INFO - Setting next_dagrun for example_bash_operator to 2025-09-21 00:00:00+00:00, run_after=2025-09-22 00:00:00+00:00
[2025-09-22T00:21:48.671+0000] {processor.py:208} INFO - Processing /home/airflow/.local/lib/python3.12/site-packages/airflow/example_dags/example_bash_operator.py took 0.104 seconds
[2025-09-22T00:22:19.114+0000] {processor.py:186} INFO - Started process (PID=7981) to work on /home/airflow/.local/lib/python3.12/site-packages/airflow/example_dags/example_bash_operator.py
[2025-09-22T00:22:19.115+0000] {processor.py:914} INFO - Processing file /home/airflow/.local/lib/python3.12/site-packages/airflow/example_dags/example_bash_operator.py for tasks to queue
[2025-09-22T00:22:19.117+0000] {logging_mixin.py:190} INFO - [2025-09-22T00:22:19.117+0000] {dagbag.py:588} INFO - Filling up the DagBag from /home/airflow/.local/lib/python3.12/site-packages/airflow/example_dags/example_bash_operator.py
[2025-09-22T00:22:19.128+0000] {processor.py:925} INFO - DAG(s) 'example_bash_operator' retrieved from /home/airflow/.local/lib/python3.12/site-packages/airflow/example_dags/example_bash_operator.py
[2025-09-22T00:22:19.153+0000] {logging_mixin.py:190} INFO - [2025-09-22T00:22:19.152+0000] {dag.py:3239} INFO - Sync 1 DAGs
[2025-09-22T00:22:19.174+0000] {logging_mixin.py:190} INFO - [2025-09-22T00:22:19.174+0000] {dag.py:4180} INFO - Setting next_dagrun for example_bash_operator to 2025-09-21 00:00:00+00:00, run_after=2025-09-22 00:00:00+00:00
[2025-09-22T00:22:19.245+0000] {processor.py:208} INFO - Processing /home/airflow/.local/lib/python3.12/site-packages/airflow/example_dags/example_bash_operator.py took 0.135 seconds
[2025-09-22T00:22:50.229+0000] {processor.py:186} INFO - Started process (PID=8045) to work on /home/airflow/.local/lib/python3.12/site-packages/airflow/example_dags/example_bash_operator.py
[2025-09-22T00:22:50.230+0000] {processor.py:914} INFO - Processing file /home/airflow/.local/lib/python3.12/site-packages/airflow/example_dags/example_bash_operator.py for tasks to queue
[2025-09-22T00:22:50.232+0000] {logging_mixin.py:190} INFO - [2025-09-22T00:22:50.231+0000] {dagbag.py:588} INFO - Filling up the DagBag from /home/airflow/.local/lib/python3.12/site-packages/airflow/example_dags/example_bash_operator.py
[2025-09-22T00:22:50.243+0000] {processor.py:925} INFO - DAG(s) 'example_bash_operator' retrieved from /home/airflow/.local/lib/python3.12/site-packages/airflow/example_dags/example_bash_operator.py
[2025-09-22T00:22:50.267+0000] {logging_mixin.py:190} INFO - [2025-09-22T00:22:50.267+0000] {dag.py:3239} INFO - Sync 1 DAGs
[2025-09-22T00:22:50.287+0000] {logging_mixin.py:190} INFO - [2025-09-22T00:22:50.287+0000] {dag.py:4180} INFO - Setting next_dagrun for example_bash_operator to 2025-09-21 00:00:00+00:00, run_after=2025-09-22 00:00:00+00:00
[2025-09-22T00:22:50.344+0000] {processor.py:208} INFO - Processing /home/airflow/.local/lib/python3.12/site-packages/airflow/example_dags/example_bash_operator.py took 0.121 seconds
[2025-09-22T00:23:21.475+0000] {processor.py:186} INFO - Started process (PID=8109) to work on /home/airflow/.local/lib/python3.12/site-packages/airflow/example_dags/example_bash_operator.py
[2025-09-22T00:23:21.475+0000] {processor.py:914} INFO - Processing file /home/airflow/.local/lib/python3.12/site-packages/airflow/example_dags/example_bash_operator.py for tasks to queue
[2025-09-22T00:23:21.477+0000] {logging_mixin.py:190} INFO - [2025-09-22T00:23:21.477+0000] {dagbag.py:588} INFO - Filling up the DagBag from /home/airflow/.local/lib/python3.12/site-packages/airflow/example_dags/example_bash_operator.py
[2025-09-22T00:23:21.489+0000] {processor.py:925} INFO - DAG(s) 'example_bash_operator' retrieved from /home/airflow/.local/lib/python3.12/site-packages/airflow/example_dags/example_bash_operator.py
[2025-09-22T00:23:21.513+0000] {logging_mixin.py:190} INFO - [2025-09-22T00:23:21.513+0000] {dag.py:3239} INFO - Sync 1 DAGs
[2025-09-22T00:23:21.534+0000] {logging_mixin.py:190} INFO - [2025-09-22T00:23:21.534+0000] {dag.py:4180} INFO - Setting next_dagrun for example_bash_operator to 2025-09-21 00:00:00+00:00, run_after=2025-09-22 00:00:00+00:00
[2025-09-22T00:23:21.597+0000] {processor.py:208} INFO - Processing /home/airflow/.local/lib/python3.12/site-packages/airflow/example_dags/example_bash_operator.py took 0.128 seconds
[2025-09-22T00:23:52.479+0000] {processor.py:186} INFO - Started process (PID=8173) to work on /home/airflow/.local/lib/python3.12/site-packages/airflow/example_dags/example_bash_operator.py
[2025-09-22T00:23:52.480+0000] {processor.py:914} INFO - Processing file /home/airflow/.local/lib/python3.12/site-packages/airflow/example_dags/example_bash_operator.py for tasks to queue
[2025-09-22T00:23:52.482+0000] {logging_mixin.py:190} INFO - [2025-09-22T00:23:52.481+0000] {dagbag.py:588} INFO - Filling up the DagBag from /home/airflow/.local/lib/python3.12/site-packages/airflow/example_dags/example_bash_operator.py
[2025-09-22T00:23:52.492+0000] {processor.py:925} INFO - DAG(s) 'example_bash_operator' retrieved from /home/airflow/.local/lib/python3.12/site-packages/airflow/example_dags/example_bash_operator.py
[2025-09-22T00:23:52.517+0000] {logging_mixin.py:190} INFO - [2025-09-22T00:23:52.516+0000] {dag.py:3239} INFO - Sync 1 DAGs
[2025-09-22T00:23:52.536+0000] {logging_mixin.py:190} INFO - [2025-09-22T00:23:52.536+0000] {dag.py:4180} INFO - Setting next_dagrun for example_bash_operator to 2025-09-21 00:00:00+00:00, run_after=2025-09-22 00:00:00+00:00
[2025-09-22T00:23:53.248+0000] {processor.py:208} INFO - Processing /home/airflow/.local/lib/python3.12/site-packages/airflow/example_dags/example_bash_operator.py took 0.774 seconds
[2025-09-22T00:24:23.644+0000] {processor.py:186} INFO - Started process (PID=8237) to work on /home/airflow/.local/lib/python3.12/site-packages/airflow/example_dags/example_bash_operator.py
[2025-09-22T00:24:23.645+0000] {processor.py:914} INFO - Processing file /home/airflow/.local/lib/python3.12/site-packages/airflow/example_dags/example_bash_operator.py for tasks to queue
[2025-09-22T00:24:23.647+0000] {logging_mixin.py:190} INFO - [2025-09-22T00:24:23.647+0000] {dagbag.py:588} INFO - Filling up the DagBag from /home/airflow/.local/lib/python3.12/site-packages/airflow/example_dags/example_bash_operator.py
[2025-09-22T00:24:23.659+0000] {processor.py:925} INFO - DAG(s) 'example_bash_operator' retrieved from /home/airflow/.local/lib/python3.12/site-packages/airflow/example_dags/example_bash_operator.py
[2025-09-22T00:24:23.685+0000] {logging_mixin.py:190} INFO - [2025-09-22T00:24:23.685+0000] {dag.py:3239} INFO - Sync 1 DAGs
[2025-09-22T00:24:23.713+0000] {logging_mixin.py:190} INFO - [2025-09-22T00:24:23.713+0000] {dag.py:4180} INFO - Setting next_dagrun for example_bash_operator to 2025-09-21 00:00:00+00:00, run_after=2025-09-22 00:00:00+00:00
[2025-09-22T00:24:23.760+0000] {processor.py:208} INFO - Processing /home/airflow/.local/lib/python3.12/site-packages/airflow/example_dags/example_bash_operator.py took 0.121 seconds
[2025-09-22T00:24:54.016+0000] {processor.py:186} INFO - Started process (PID=8291) to work on /home/airflow/.local/lib/python3.12/site-packages/airflow/example_dags/example_bash_operator.py
[2025-09-22T00:24:54.017+0000] {processor.py:914} INFO - Processing file /home/airflow/.local/lib/python3.12/site-packages/airflow/example_dags/example_bash_operator.py for tasks to queue
[2025-09-22T00:24:54.019+0000] {logging_mixin.py:190} INFO - [2025-09-22T00:24:54.018+0000] {dagbag.py:588} INFO - Filling up the DagBag from /home/airflow/.local/lib/python3.12/site-packages/airflow/example_dags/example_bash_operator.py
[2025-09-22T00:24:54.030+0000] {processor.py:925} INFO - DAG(s) 'example_bash_operator' retrieved from /home/airflow/.local/lib/python3.12/site-packages/airflow/example_dags/example_bash_operator.py
[2025-09-22T00:24:54.054+0000] {logging_mixin.py:190} INFO - [2025-09-22T00:24:54.054+0000] {dag.py:3239} INFO - Sync 1 DAGs
[2025-09-22T00:24:54.074+0000] {logging_mixin.py:190} INFO - [2025-09-22T00:24:54.074+0000] {dag.py:4180} INFO - Setting next_dagrun for example_bash_operator to 2025-09-21 00:00:00+00:00, run_after=2025-09-22 00:00:00+00:00
[2025-09-22T00:24:54.114+0000] {processor.py:208} INFO - Processing /home/airflow/.local/lib/python3.12/site-packages/airflow/example_dags/example_bash_operator.py took 0.103 seconds
[2025-09-22T00:25:24.998+0000] {processor.py:186} INFO - Started process (PID=8355) to work on /home/airflow/.local/lib/python3.12/site-packages/airflow/example_dags/example_bash_operator.py
[2025-09-22T00:25:24.999+0000] {processor.py:914} INFO - Processing file /home/airflow/.local/lib/python3.12/site-packages/airflow/example_dags/example_bash_operator.py for tasks to queue
[2025-09-22T00:25:25.001+0000] {logging_mixin.py:190} INFO - [2025-09-22T00:25:25.001+0000] {dagbag.py:588} INFO - Filling up the DagBag from /home/airflow/.local/lib/python3.12/site-packages/airflow/example_dags/example_bash_operator.py
[2025-09-22T00:25:25.013+0000] {processor.py:925} INFO - DAG(s) 'example_bash_operator' retrieved from /home/airflow/.local/lib/python3.12/site-packages/airflow/example_dags/example_bash_operator.py
[2025-09-22T00:25:25.038+0000] {logging_mixin.py:190} INFO - [2025-09-22T00:25:25.038+0000] {dag.py:3239} INFO - Sync 1 DAGs
[2025-09-22T00:25:25.060+0000] {logging_mixin.py:190} INFO - [2025-09-22T00:25:25.059+0000] {dag.py:4180} INFO - Setting next_dagrun for example_bash_operator to 2025-09-21 00:00:00+00:00, run_after=2025-09-22 00:00:00+00:00
[2025-09-22T00:25:25.112+0000] {processor.py:208} INFO - Processing /home/airflow/.local/lib/python3.12/site-packages/airflow/example_dags/example_bash_operator.py took 0.119 seconds
[2025-09-22T00:25:55.486+0000] {processor.py:186} INFO - Started process (PID=8417) to work on /home/airflow/.local/lib/python3.12/site-packages/airflow/example_dags/example_bash_operator.py
[2025-09-22T00:25:55.488+0000] {processor.py:914} INFO - Processing file /home/airflow/.local/lib/python3.12/site-packages/airflow/example_dags/example_bash_operator.py for tasks to queue
[2025-09-22T00:25:55.490+0000] {logging_mixin.py:190} INFO - [2025-09-22T00:25:55.490+0000] {dagbag.py:588} INFO - Filling up the DagBag from /home/airflow/.local/lib/python3.12/site-packages/airflow/example_dags/example_bash_operator.py
[2025-09-22T00:25:55.504+0000] {processor.py:925} INFO - DAG(s) 'example_bash_operator' retrieved from /home/airflow/.local/lib/python3.12/site-packages/airflow/example_dags/example_bash_operator.py
[2025-09-22T00:25:55.531+0000] {logging_mixin.py:190} INFO - [2025-09-22T00:25:55.530+0000] {dag.py:3239} INFO - Sync 1 DAGs
[2025-09-22T00:25:55.553+0000] {logging_mixin.py:190} INFO - [2025-09-22T00:25:55.552+0000] {dag.py:4180} INFO - Setting next_dagrun for example_bash_operator to 2025-09-21 00:00:00+00:00, run_after=2025-09-22 00:00:00+00:00
[2025-09-22T00:25:55.609+0000] {processor.py:208} INFO - Processing /home/airflow/.local/lib/python3.12/site-packages/airflow/example_dags/example_bash_operator.py took 0.129 seconds
[2025-09-22T00:26:26.409+0000] {processor.py:186} INFO - Started process (PID=8481) to work on /home/airflow/.local/lib/python3.12/site-packages/airflow/example_dags/example_bash_operator.py
[2025-09-22T00:26:26.410+0000] {processor.py:914} INFO - Processing file /home/airflow/.local/lib/python3.12/site-packages/airflow/example_dags/example_bash_operator.py for tasks to queue
[2025-09-22T00:26:26.412+0000] {logging_mixin.py:190} INFO - [2025-09-22T00:26:26.412+0000] {dagbag.py:588} INFO - Filling up the DagBag from /home/airflow/.local/lib/python3.12/site-packages/airflow/example_dags/example_bash_operator.py
[2025-09-22T00:26:26.424+0000] {processor.py:925} INFO - DAG(s) 'example_bash_operator' retrieved from /home/airflow/.local/lib/python3.12/site-packages/airflow/example_dags/example_bash_operator.py
[2025-09-22T00:26:26.448+0000] {logging_mixin.py:190} INFO - [2025-09-22T00:26:26.448+0000] {dag.py:3239} INFO - Sync 1 DAGs
[2025-09-22T00:26:26.468+0000] {logging_mixin.py:190} INFO - [2025-09-22T00:26:26.468+0000] {dag.py:4180} INFO - Setting next_dagrun for example_bash_operator to 2025-09-21 00:00:00+00:00, run_after=2025-09-22 00:00:00+00:00
[2025-09-22T00:26:26.510+0000] {processor.py:208} INFO - Processing /home/airflow/.local/lib/python3.12/site-packages/airflow/example_dags/example_bash_operator.py took 0.107 seconds
[2025-09-22T00:26:56.894+0000] {processor.py:186} INFO - Started process (PID=8544) to work on /home/airflow/.local/lib/python3.12/site-packages/airflow/example_dags/example_bash_operator.py
[2025-09-22T00:26:56.895+0000] {processor.py:914} INFO - Processing file /home/airflow/.local/lib/python3.12/site-packages/airflow/example_dags/example_bash_operator.py for tasks to queue
[2025-09-22T00:26:56.897+0000] {logging_mixin.py:190} INFO - [2025-09-22T00:26:56.897+0000] {dagbag.py:588} INFO - Filling up the DagBag from /home/airflow/.local/lib/python3.12/site-packages/airflow/example_dags/example_bash_operator.py
[2025-09-22T00:26:56.908+0000] {processor.py:925} INFO - DAG(s) 'example_bash_operator' retrieved from /home/airflow/.local/lib/python3.12/site-packages/airflow/example_dags/example_bash_operator.py
[2025-09-22T00:26:56.932+0000] {logging_mixin.py:190} INFO - [2025-09-22T00:26:56.932+0000] {dag.py:3239} INFO - Sync 1 DAGs
[2025-09-22T00:26:56.952+0000] {logging_mixin.py:190} INFO - [2025-09-22T00:26:56.951+0000] {dag.py:4180} INFO - Setting next_dagrun for example_bash_operator to 2025-09-21 00:00:00+00:00, run_after=2025-09-22 00:00:00+00:00
[2025-09-22T00:26:57.320+0000] {processor.py:208} INFO - Processing /home/airflow/.local/lib/python3.12/site-packages/airflow/example_dags/example_bash_operator.py took 0.431 seconds
[2025-09-22T00:27:27.653+0000] {processor.py:186} INFO - Started process (PID=8608) to work on /home/airflow/.local/lib/python3.12/site-packages/airflow/example_dags/example_bash_operator.py
[2025-09-22T00:27:27.654+0000] {processor.py:914} INFO - Processing file /home/airflow/.local/lib/python3.12/site-packages/airflow/example_dags/example_bash_operator.py for tasks to queue
[2025-09-22T00:27:27.655+0000] {logging_mixin.py:190} INFO - [2025-09-22T00:27:27.655+0000] {dagbag.py:588} INFO - Filling up the DagBag from /home/airflow/.local/lib/python3.12/site-packages/airflow/example_dags/example_bash_operator.py
[2025-09-22T00:27:27.669+0000] {processor.py:925} INFO - DAG(s) 'example_bash_operator' retrieved from /home/airflow/.local/lib/python3.12/site-packages/airflow/example_dags/example_bash_operator.py
[2025-09-22T00:27:27.692+0000] {logging_mixin.py:190} INFO - [2025-09-22T00:27:27.692+0000] {dag.py:3239} INFO - Sync 1 DAGs
[2025-09-22T00:27:27.711+0000] {logging_mixin.py:190} INFO - [2025-09-22T00:27:27.711+0000] {dag.py:4180} INFO - Setting next_dagrun for example_bash_operator to 2025-09-21 00:00:00+00:00, run_after=2025-09-22 00:00:00+00:00
[2025-09-22T00:27:27.763+0000] {processor.py:208} INFO - Processing /home/airflow/.local/lib/python3.12/site-packages/airflow/example_dags/example_bash_operator.py took 0.115 seconds
[2025-09-22T00:27:58.688+0000] {processor.py:186} INFO - Started process (PID=8672) to work on /home/airflow/.local/lib/python3.12/site-packages/airflow/example_dags/example_bash_operator.py
[2025-09-22T00:27:58.689+0000] {processor.py:914} INFO - Processing file /home/airflow/.local/lib/python3.12/site-packages/airflow/example_dags/example_bash_operator.py for tasks to queue
[2025-09-22T00:27:58.691+0000] {logging_mixin.py:190} INFO - [2025-09-22T00:27:58.691+0000] {dagbag.py:588} INFO - Filling up the DagBag from /home/airflow/.local/lib/python3.12/site-packages/airflow/example_dags/example_bash_operator.py
[2025-09-22T00:27:58.702+0000] {processor.py:925} INFO - DAG(s) 'example_bash_operator' retrieved from /home/airflow/.local/lib/python3.12/site-packages/airflow/example_dags/example_bash_operator.py
[2025-09-22T00:27:58.726+0000] {logging_mixin.py:190} INFO - [2025-09-22T00:27:58.726+0000] {dag.py:3239} INFO - Sync 1 DAGs
[2025-09-22T00:27:58.746+0000] {logging_mixin.py:190} INFO - [2025-09-22T00:27:58.745+0000] {dag.py:4180} INFO - Setting next_dagrun for example_bash_operator to 2025-09-21 00:00:00+00:00, run_after=2025-09-22 00:00:00+00:00
[2025-09-22T00:27:58.790+0000] {processor.py:208} INFO - Processing /home/airflow/.local/lib/python3.12/site-packages/airflow/example_dags/example_bash_operator.py took 0.107 seconds
[2025-09-22T00:28:29.573+0000] {processor.py:186} INFO - Started process (PID=8736) to work on /home/airflow/.local/lib/python3.12/site-packages/airflow/example_dags/example_bash_operator.py
[2025-09-22T00:28:29.574+0000] {processor.py:914} INFO - Processing file /home/airflow/.local/lib/python3.12/site-packages/airflow/example_dags/example_bash_operator.py for tasks to queue
[2025-09-22T00:28:29.576+0000] {logging_mixin.py:190} INFO - [2025-09-22T00:28:29.576+0000] {dagbag.py:588} INFO - Filling up the DagBag from /home/airflow/.local/lib/python3.12/site-packages/airflow/example_dags/example_bash_operator.py
[2025-09-22T00:28:29.587+0000] {processor.py:925} INFO - DAG(s) 'example_bash_operator' retrieved from /home/airflow/.local/lib/python3.12/site-packages/airflow/example_dags/example_bash_operator.py
[2025-09-22T00:28:29.611+0000] {logging_mixin.py:190} INFO - [2025-09-22T00:28:29.610+0000] {dag.py:3239} INFO - Sync 1 DAGs
[2025-09-22T00:28:29.630+0000] {logging_mixin.py:190} INFO - [2025-09-22T00:28:29.630+0000] {dag.py:4180} INFO - Setting next_dagrun for example_bash_operator to 2025-09-21 00:00:00+00:00, run_after=2025-09-22 00:00:00+00:00
[2025-09-22T00:28:29.671+0000] {processor.py:208} INFO - Processing /home/airflow/.local/lib/python3.12/site-packages/airflow/example_dags/example_bash_operator.py took 0.103 seconds
[2025-09-22T00:29:00.111+0000] {processor.py:186} INFO - Started process (PID=8798) to work on /home/airflow/.local/lib/python3.12/site-packages/airflow/example_dags/example_bash_operator.py
[2025-09-22T00:29:00.112+0000] {processor.py:914} INFO - Processing file /home/airflow/.local/lib/python3.12/site-packages/airflow/example_dags/example_bash_operator.py for tasks to queue
[2025-09-22T00:29:00.114+0000] {logging_mixin.py:190} INFO - [2025-09-22T00:29:00.113+0000] {dagbag.py:588} INFO - Filling up the DagBag from /home/airflow/.local/lib/python3.12/site-packages/airflow/example_dags/example_bash_operator.py
[2025-09-22T00:29:00.125+0000] {processor.py:925} INFO - DAG(s) 'example_bash_operator' retrieved from /home/airflow/.local/lib/python3.12/site-packages/airflow/example_dags/example_bash_operator.py
[2025-09-22T00:29:00.149+0000] {logging_mixin.py:190} INFO - [2025-09-22T00:29:00.149+0000] {dag.py:3239} INFO - Sync 1 DAGs
[2025-09-22T00:29:00.170+0000] {logging_mixin.py:190} INFO - [2025-09-22T00:29:00.170+0000] {dag.py:4180} INFO - Setting next_dagrun for example_bash_operator to 2025-09-21 00:00:00+00:00, run_after=2025-09-22 00:00:00+00:00
[2025-09-22T00:29:00.216+0000] {processor.py:208} INFO - Processing /home/airflow/.local/lib/python3.12/site-packages/airflow/example_dags/example_bash_operator.py took 0.111 seconds
[2025-09-22T00:29:30.572+0000] {processor.py:186} INFO - Started process (PID=8862) to work on /home/airflow/.local/lib/python3.12/site-packages/airflow/example_dags/example_bash_operator.py
[2025-09-22T00:29:30.572+0000] {processor.py:914} INFO - Processing file /home/airflow/.local/lib/python3.12/site-packages/airflow/example_dags/example_bash_operator.py for tasks to queue
[2025-09-22T00:29:30.574+0000] {logging_mixin.py:190} INFO - [2025-09-22T00:29:30.574+0000] {dagbag.py:588} INFO - Filling up the DagBag from /home/airflow/.local/lib/python3.12/site-packages/airflow/example_dags/example_bash_operator.py
[2025-09-22T00:29:30.585+0000] {processor.py:925} INFO - DAG(s) 'example_bash_operator' retrieved from /home/airflow/.local/lib/python3.12/site-packages/airflow/example_dags/example_bash_operator.py
[2025-09-22T00:29:30.610+0000] {logging_mixin.py:190} INFO - [2025-09-22T00:29:30.610+0000] {dag.py:3239} INFO - Sync 1 DAGs
[2025-09-22T00:29:30.630+0000] {logging_mixin.py:190} INFO - [2025-09-22T00:29:30.630+0000] {dag.py:4180} INFO - Setting next_dagrun for example_bash_operator to 2025-09-21 00:00:00+00:00, run_after=2025-09-22 00:00:00+00:00
[2025-09-22T00:29:30.673+0000] {processor.py:208} INFO - Processing /home/airflow/.local/lib/python3.12/site-packages/airflow/example_dags/example_bash_operator.py took 0.106 seconds
[2025-09-22T00:30:00.911+0000] {processor.py:186} INFO - Started process (PID=8921) to work on /home/airflow/.local/lib/python3.12/site-packages/airflow/example_dags/example_bash_operator.py
[2025-09-22T00:30:00.912+0000] {processor.py:914} INFO - Processing file /home/airflow/.local/lib/python3.12/site-packages/airflow/example_dags/example_bash_operator.py for tasks to queue
[2025-09-22T00:30:00.914+0000] {logging_mixin.py:190} INFO - [2025-09-22T00:30:00.914+0000] {dagbag.py:588} INFO - Filling up the DagBag from /home/airflow/.local/lib/python3.12/site-packages/airflow/example_dags/example_bash_operator.py
[2025-09-22T00:30:00.925+0000] {processor.py:925} INFO - DAG(s) 'example_bash_operator' retrieved from /home/airflow/.local/lib/python3.12/site-packages/airflow/example_dags/example_bash_operator.py
[2025-09-22T00:30:00.949+0000] {logging_mixin.py:190} INFO - [2025-09-22T00:30:00.949+0000] {dag.py:3239} INFO - Sync 1 DAGs
[2025-09-22T00:30:00.970+0000] {logging_mixin.py:190} INFO - [2025-09-22T00:30:00.970+0000] {dag.py:4180} INFO - Setting next_dagrun for example_bash_operator to 2025-09-21 00:00:00+00:00, run_after=2025-09-22 00:00:00+00:00
[2025-09-22T00:30:01.012+0000] {processor.py:208} INFO - Processing /home/airflow/.local/lib/python3.12/site-packages/airflow/example_dags/example_bash_operator.py took 0.105 seconds
[2025-09-22T00:30:31.260+0000] {processor.py:186} INFO - Started process (PID=8985) to work on /home/airflow/.local/lib/python3.12/site-packages/airflow/example_dags/example_bash_operator.py
[2025-09-22T00:30:31.260+0000] {processor.py:914} INFO - Processing file /home/airflow/.local/lib/python3.12/site-packages/airflow/example_dags/example_bash_operator.py for tasks to queue
[2025-09-22T00:30:31.262+0000] {logging_mixin.py:190} INFO - [2025-09-22T00:30:31.262+0000] {dagbag.py:588} INFO - Filling up the DagBag from /home/airflow/.local/lib/python3.12/site-packages/airflow/example_dags/example_bash_operator.py
[2025-09-22T00:30:31.276+0000] {processor.py:925} INFO - DAG(s) 'example_bash_operator' retrieved from /home/airflow/.local/lib/python3.12/site-packages/airflow/example_dags/example_bash_operator.py
[2025-09-22T00:30:31.299+0000] {logging_mixin.py:190} INFO - [2025-09-22T00:30:31.299+0000] {dag.py:3239} INFO - Sync 1 DAGs
[2025-09-22T00:30:31.319+0000] {logging_mixin.py:190} INFO - [2025-09-22T00:30:31.319+0000] {dag.py:4180} INFO - Setting next_dagrun for example_bash_operator to 2025-09-21 00:00:00+00:00, run_after=2025-09-22 00:00:00+00:00
[2025-09-22T00:30:31.736+0000] {processor.py:208} INFO - Processing /home/airflow/.local/lib/python3.12/site-packages/airflow/example_dags/example_bash_operator.py took 0.482 seconds
[2025-09-22T00:31:02.726+0000] {processor.py:186} INFO - Started process (PID=9049) to work on /home/airflow/.local/lib/python3.12/site-packages/airflow/example_dags/example_bash_operator.py
[2025-09-22T00:31:02.727+0000] {processor.py:914} INFO - Processing file /home/airflow/.local/lib/python3.12/site-packages/airflow/example_dags/example_bash_operator.py for tasks to queue
[2025-09-22T00:31:02.731+0000] {logging_mixin.py:190} INFO - [2025-09-22T00:31:02.730+0000] {dagbag.py:588} INFO - Filling up the DagBag from /home/airflow/.local/lib/python3.12/site-packages/airflow/example_dags/example_bash_operator.py
[2025-09-22T00:31:02.741+0000] {processor.py:925} INFO - DAG(s) 'example_bash_operator' retrieved from /home/airflow/.local/lib/python3.12/site-packages/airflow/example_dags/example_bash_operator.py
[2025-09-22T00:31:02.769+0000] {logging_mixin.py:190} INFO - [2025-09-22T00:31:02.769+0000] {dag.py:3239} INFO - Sync 1 DAGs
[2025-09-22T00:31:02.792+0000] {logging_mixin.py:190} INFO - [2025-09-22T00:31:02.792+0000] {dag.py:4180} INFO - Setting next_dagrun for example_bash_operator to 2025-09-21 00:00:00+00:00, run_after=2025-09-22 00:00:00+00:00
[2025-09-22T00:31:02.831+0000] {processor.py:208} INFO - Processing /home/airflow/.local/lib/python3.12/site-packages/airflow/example_dags/example_bash_operator.py took 0.109 seconds
[2025-09-22T00:31:33.020+0000] {processor.py:186} INFO - Started process (PID=9113) to work on /home/airflow/.local/lib/python3.12/site-packages/airflow/example_dags/example_bash_operator.py
[2025-09-22T00:31:33.021+0000] {processor.py:914} INFO - Processing file /home/airflow/.local/lib/python3.12/site-packages/airflow/example_dags/example_bash_operator.py for tasks to queue
[2025-09-22T00:31:33.024+0000] {logging_mixin.py:190} INFO - [2025-09-22T00:31:33.023+0000] {dagbag.py:588} INFO - Filling up the DagBag from /home/airflow/.local/lib/python3.12/site-packages/airflow/example_dags/example_bash_operator.py
[2025-09-22T00:31:33.035+0000] {processor.py:925} INFO - DAG(s) 'example_bash_operator' retrieved from /home/airflow/.local/lib/python3.12/site-packages/airflow/example_dags/example_bash_operator.py
[2025-09-22T00:31:33.059+0000] {logging_mixin.py:190} INFO - [2025-09-22T00:31:33.059+0000] {dag.py:3239} INFO - Sync 1 DAGs
[2025-09-22T00:31:33.080+0000] {logging_mixin.py:190} INFO - [2025-09-22T00:31:33.080+0000] {dag.py:4180} INFO - Setting next_dagrun for example_bash_operator to 2025-09-21 00:00:00+00:00, run_after=2025-09-22 00:00:00+00:00
[2025-09-22T00:31:33.124+0000] {processor.py:208} INFO - Processing /home/airflow/.local/lib/python3.12/site-packages/airflow/example_dags/example_bash_operator.py took 0.109 seconds
[2025-09-22T00:32:03.378+0000] {processor.py:186} INFO - Started process (PID=9177) to work on /home/airflow/.local/lib/python3.12/site-packages/airflow/example_dags/example_bash_operator.py
[2025-09-22T00:32:03.379+0000] {processor.py:914} INFO - Processing file /home/airflow/.local/lib/python3.12/site-packages/airflow/example_dags/example_bash_operator.py for tasks to queue
[2025-09-22T00:32:03.381+0000] {logging_mixin.py:190} INFO - [2025-09-22T00:32:03.381+0000] {dagbag.py:588} INFO - Filling up the DagBag from /home/airflow/.local/lib/python3.12/site-packages/airflow/example_dags/example_bash_operator.py
[2025-09-22T00:32:03.392+0000] {processor.py:925} INFO - DAG(s) 'example_bash_operator' retrieved from /home/airflow/.local/lib/python3.12/site-packages/airflow/example_dags/example_bash_operator.py
[2025-09-22T00:32:03.416+0000] {logging_mixin.py:190} INFO - [2025-09-22T00:32:03.416+0000] {dag.py:3239} INFO - Sync 1 DAGs
[2025-09-22T00:32:03.436+0000] {logging_mixin.py:190} INFO - [2025-09-22T00:32:03.436+0000] {dag.py:4180} INFO - Setting next_dagrun for example_bash_operator to 2025-09-21 00:00:00+00:00, run_after=2025-09-22 00:00:00+00:00
[2025-09-22T00:32:03.474+0000] {processor.py:208} INFO - Processing /home/airflow/.local/lib/python3.12/site-packages/airflow/example_dags/example_bash_operator.py took 0.101 seconds
[2025-09-22T00:32:33.969+0000] {processor.py:186} INFO - Started process (PID=9241) to work on /home/airflow/.local/lib/python3.12/site-packages/airflow/example_dags/example_bash_operator.py
[2025-09-22T00:32:33.970+0000] {processor.py:914} INFO - Processing file /home/airflow/.local/lib/python3.12/site-packages/airflow/example_dags/example_bash_operator.py for tasks to queue
[2025-09-22T00:32:33.972+0000] {logging_mixin.py:190} INFO - [2025-09-22T00:32:33.972+0000] {dagbag.py:588} INFO - Filling up the DagBag from /home/airflow/.local/lib/python3.12/site-packages/airflow/example_dags/example_bash_operator.py
[2025-09-22T00:32:33.985+0000] {processor.py:925} INFO - DAG(s) 'example_bash_operator' retrieved from /home/airflow/.local/lib/python3.12/site-packages/airflow/example_dags/example_bash_operator.py
[2025-09-22T00:32:34.011+0000] {logging_mixin.py:190} INFO - [2025-09-22T00:32:34.011+0000] {dag.py:3239} INFO - Sync 1 DAGs
[2025-09-22T00:32:34.033+0000] {logging_mixin.py:190} INFO - [2025-09-22T00:32:34.033+0000] {dag.py:4180} INFO - Setting next_dagrun for example_bash_operator to 2025-09-21 00:00:00+00:00, run_after=2025-09-22 00:00:00+00:00
[2025-09-22T00:32:34.077+0000] {processor.py:208} INFO - Processing /home/airflow/.local/lib/python3.12/site-packages/airflow/example_dags/example_bash_operator.py took 0.113 seconds
[2025-09-22T00:33:04.146+0000] {processor.py:186} INFO - Started process (PID=9305) to work on /home/airflow/.local/lib/python3.12/site-packages/airflow/example_dags/example_bash_operator.py
[2025-09-22T00:33:04.147+0000] {processor.py:914} INFO - Processing file /home/airflow/.local/lib/python3.12/site-packages/airflow/example_dags/example_bash_operator.py for tasks to queue
[2025-09-22T00:33:04.149+0000] {logging_mixin.py:190} INFO - [2025-09-22T00:33:04.149+0000] {dagbag.py:588} INFO - Filling up the DagBag from /home/airflow/.local/lib/python3.12/site-packages/airflow/example_dags/example_bash_operator.py
[2025-09-22T00:33:04.162+0000] {processor.py:925} INFO - DAG(s) 'example_bash_operator' retrieved from /home/airflow/.local/lib/python3.12/site-packages/airflow/example_dags/example_bash_operator.py
[2025-09-22T00:33:04.189+0000] {logging_mixin.py:190} INFO - [2025-09-22T00:33:04.189+0000] {dag.py:3239} INFO - Sync 1 DAGs
[2025-09-22T00:33:04.210+0000] {logging_mixin.py:190} INFO - [2025-09-22T00:33:04.210+0000] {dag.py:4180} INFO - Setting next_dagrun for example_bash_operator to 2025-09-21 00:00:00+00:00, run_after=2025-09-22 00:00:00+00:00
[2025-09-22T00:33:04.253+0000] {processor.py:208} INFO - Processing /home/airflow/.local/lib/python3.12/site-packages/airflow/example_dags/example_bash_operator.py took 0.113 seconds
[2025-09-22T00:33:34.403+0000] {processor.py:186} INFO - Started process (PID=9369) to work on /home/airflow/.local/lib/python3.12/site-packages/airflow/example_dags/example_bash_operator.py
[2025-09-22T00:33:34.404+0000] {processor.py:914} INFO - Processing file /home/airflow/.local/lib/python3.12/site-packages/airflow/example_dags/example_bash_operator.py for tasks to queue
[2025-09-22T00:33:34.407+0000] {logging_mixin.py:190} INFO - [2025-09-22T00:33:34.407+0000] {dagbag.py:588} INFO - Filling up the DagBag from /home/airflow/.local/lib/python3.12/site-packages/airflow/example_dags/example_bash_operator.py
[2025-09-22T00:33:34.432+0000] {processor.py:925} INFO - DAG(s) 'example_bash_operator' retrieved from /home/airflow/.local/lib/python3.12/site-packages/airflow/example_dags/example_bash_operator.py
[2025-09-22T00:33:34.469+0000] {logging_mixin.py:190} INFO - [2025-09-22T00:33:34.469+0000] {dag.py:3239} INFO - Sync 1 DAGs
[2025-09-22T00:33:34.492+0000] {logging_mixin.py:190} INFO - [2025-09-22T00:33:34.492+0000] {dag.py:4180} INFO - Setting next_dagrun for example_bash_operator to 2025-09-21 00:00:00+00:00, run_after=2025-09-22 00:00:00+00:00
[2025-09-22T00:33:34.534+0000] {processor.py:208} INFO - Processing /home/airflow/.local/lib/python3.12/site-packages/airflow/example_dags/example_bash_operator.py took 0.136 seconds
[2025-09-22T00:34:05.124+0000] {processor.py:186} INFO - Started process (PID=9439) to work on /home/airflow/.local/lib/python3.12/site-packages/airflow/example_dags/example_bash_operator.py
[2025-09-22T00:34:05.125+0000] {processor.py:914} INFO - Processing file /home/airflow/.local/lib/python3.12/site-packages/airflow/example_dags/example_bash_operator.py for tasks to queue
[2025-09-22T00:34:05.127+0000] {logging_mixin.py:190} INFO - [2025-09-22T00:34:05.127+0000] {dagbag.py:588} INFO - Filling up the DagBag from /home/airflow/.local/lib/python3.12/site-packages/airflow/example_dags/example_bash_operator.py
[2025-09-22T00:34:05.139+0000] {processor.py:925} INFO - DAG(s) 'example_bash_operator' retrieved from /home/airflow/.local/lib/python3.12/site-packages/airflow/example_dags/example_bash_operator.py
[2025-09-22T00:34:05.166+0000] {logging_mixin.py:190} INFO - [2025-09-22T00:34:05.165+0000] {dag.py:3239} INFO - Sync 1 DAGs
[2025-09-22T00:34:05.189+0000] {logging_mixin.py:190} INFO - [2025-09-22T00:34:05.189+0000] {dag.py:4180} INFO - Setting next_dagrun for example_bash_operator to 2025-09-21 00:00:00+00:00, run_after=2025-09-22 00:00:00+00:00
[2025-09-22T00:34:05.238+0000] {processor.py:208} INFO - Processing /home/airflow/.local/lib/python3.12/site-packages/airflow/example_dags/example_bash_operator.py took 0.119 seconds
[2025-09-22T00:34:35.497+0000] {processor.py:186} INFO - Started process (PID=9503) to work on /home/airflow/.local/lib/python3.12/site-packages/airflow/example_dags/example_bash_operator.py
[2025-09-22T00:34:35.498+0000] {processor.py:914} INFO - Processing file /home/airflow/.local/lib/python3.12/site-packages/airflow/example_dags/example_bash_operator.py for tasks to queue
[2025-09-22T00:34:35.500+0000] {logging_mixin.py:190} INFO - [2025-09-22T00:34:35.500+0000] {dagbag.py:588} INFO - Filling up the DagBag from /home/airflow/.local/lib/python3.12/site-packages/airflow/example_dags/example_bash_operator.py
[2025-09-22T00:34:35.511+0000] {processor.py:925} INFO - DAG(s) 'example_bash_operator' retrieved from /home/airflow/.local/lib/python3.12/site-packages/airflow/example_dags/example_bash_operator.py
[2025-09-22T00:34:35.535+0000] {logging_mixin.py:190} INFO - [2025-09-22T00:34:35.535+0000] {dag.py:3239} INFO - Sync 1 DAGs
[2025-09-22T00:34:35.555+0000] {logging_mixin.py:190} INFO - [2025-09-22T00:34:35.555+0000] {dag.py:4180} INFO - Setting next_dagrun for example_bash_operator to 2025-09-21 00:00:00+00:00, run_after=2025-09-22 00:00:00+00:00
[2025-09-22T00:34:35.595+0000] {processor.py:208} INFO - Processing /home/airflow/.local/lib/python3.12/site-packages/airflow/example_dags/example_bash_operator.py took 0.103 seconds
[2025-09-22T00:35:05.789+0000] {processor.py:186} INFO - Started process (PID=9567) to work on /home/airflow/.local/lib/python3.12/site-packages/airflow/example_dags/example_bash_operator.py
[2025-09-22T00:35:05.790+0000] {processor.py:914} INFO - Processing file /home/airflow/.local/lib/python3.12/site-packages/airflow/example_dags/example_bash_operator.py for tasks to queue
[2025-09-22T00:35:05.792+0000] {logging_mixin.py:190} INFO - [2025-09-22T00:35:05.791+0000] {dagbag.py:588} INFO - Filling up the DagBag from /home/airflow/.local/lib/python3.12/site-packages/airflow/example_dags/example_bash_operator.py
[2025-09-22T00:35:05.804+0000] {processor.py:925} INFO - DAG(s) 'example_bash_operator' retrieved from /home/airflow/.local/lib/python3.12/site-packages/airflow/example_dags/example_bash_operator.py
[2025-09-22T00:35:05.829+0000] {logging_mixin.py:190} INFO - [2025-09-22T00:35:05.829+0000] {dag.py:3239} INFO - Sync 1 DAGs
[2025-09-22T00:35:05.853+0000] {logging_mixin.py:190} INFO - [2025-09-22T00:35:05.853+0000] {dag.py:4180} INFO - Setting next_dagrun for example_bash_operator to 2025-09-21 00:00:00+00:00, run_after=2025-09-22 00:00:00+00:00
[2025-09-22T00:35:05.900+0000] {processor.py:208} INFO - Processing /home/airflow/.local/lib/python3.12/site-packages/airflow/example_dags/example_bash_operator.py took 0.117 seconds
[2025-09-22T00:35:36.552+0000] {processor.py:186} INFO - Started process (PID=9631) to work on /home/airflow/.local/lib/python3.12/site-packages/airflow/example_dags/example_bash_operator.py
[2025-09-22T00:35:36.553+0000] {processor.py:914} INFO - Processing file /home/airflow/.local/lib/python3.12/site-packages/airflow/example_dags/example_bash_operator.py for tasks to queue
[2025-09-22T00:35:36.555+0000] {logging_mixin.py:190} INFO - [2025-09-22T00:35:36.555+0000] {dagbag.py:588} INFO - Filling up the DagBag from /home/airflow/.local/lib/python3.12/site-packages/airflow/example_dags/example_bash_operator.py
[2025-09-22T00:35:36.568+0000] {processor.py:925} INFO - DAG(s) 'example_bash_operator' retrieved from /home/airflow/.local/lib/python3.12/site-packages/airflow/example_dags/example_bash_operator.py
[2025-09-22T00:35:36.591+0000] {logging_mixin.py:190} INFO - [2025-09-22T00:35:36.591+0000] {dag.py:3239} INFO - Sync 1 DAGs
[2025-09-22T00:35:36.611+0000] {logging_mixin.py:190} INFO - [2025-09-22T00:35:36.611+0000] {dag.py:4180} INFO - Setting next_dagrun for example_bash_operator to 2025-09-21 00:00:00+00:00, run_after=2025-09-22 00:00:00+00:00
[2025-09-22T00:35:36.650+0000] {processor.py:208} INFO - Processing /home/airflow/.local/lib/python3.12/site-packages/airflow/example_dags/example_bash_operator.py took 0.104 seconds
[2025-09-22T00:36:06.781+0000] {processor.py:186} INFO - Started process (PID=9695) to work on /home/airflow/.local/lib/python3.12/site-packages/airflow/example_dags/example_bash_operator.py
[2025-09-22T00:36:06.782+0000] {processor.py:914} INFO - Processing file /home/airflow/.local/lib/python3.12/site-packages/airflow/example_dags/example_bash_operator.py for tasks to queue
[2025-09-22T00:36:06.784+0000] {logging_mixin.py:190} INFO - [2025-09-22T00:36:06.783+0000] {dagbag.py:588} INFO - Filling up the DagBag from /home/airflow/.local/lib/python3.12/site-packages/airflow/example_dags/example_bash_operator.py
[2025-09-22T00:36:06.794+0000] {processor.py:925} INFO - DAG(s) 'example_bash_operator' retrieved from /home/airflow/.local/lib/python3.12/site-packages/airflow/example_dags/example_bash_operator.py
[2025-09-22T00:36:06.820+0000] {logging_mixin.py:190} INFO - [2025-09-22T00:36:06.820+0000] {dag.py:3239} INFO - Sync 1 DAGs
[2025-09-22T00:36:06.840+0000] {logging_mixin.py:190} INFO - [2025-09-22T00:36:06.840+0000] {dag.py:4180} INFO - Setting next_dagrun for example_bash_operator to 2025-09-21 00:00:00+00:00, run_after=2025-09-22 00:00:00+00:00
[2025-09-22T00:36:06.881+0000] {processor.py:208} INFO - Processing /home/airflow/.local/lib/python3.12/site-packages/airflow/example_dags/example_bash_operator.py took 0.106 seconds
