[2025-09-22T00:00:14.658+0000] {processor.py:186} INFO - Started process (PID=5268) to work on /home/airflow/.local/lib/python3.12/site-packages/airflow/example_dags/example_skip_dag.py
[2025-09-22T00:00:14.659+0000] {processor.py:914} INFO - Processing file /home/airflow/.local/lib/python3.12/site-packages/airflow/example_dags/example_skip_dag.py for tasks to queue
[2025-09-22T00:00:14.663+0000] {logging_mixin.py:190} INFO - [2025-09-22T00:00:14.662+0000] {dagbag.py:588} INFO - Filling up the DagBag from /home/airflow/.local/lib/python3.12/site-packages/airflow/example_dags/example_skip_dag.py
[2025-09-22T00:00:14.902+0000] {processor.py:925} INFO - DAG(s) 'example_skip_dag' retrieved from /home/airflow/.local/lib/python3.12/site-packages/airflow/example_dags/example_skip_dag.py
[2025-09-22T00:00:14.936+0000] {logging_mixin.py:190} INFO - [2025-09-22T00:00:14.935+0000] {dag.py:3239} INFO - Sync 1 DAGs
[2025-09-22T00:00:14.969+0000] {logging_mixin.py:190} INFO - [2025-09-22T00:00:14.969+0000] {dag.py:4180} INFO - Setting next_dagrun for example_skip_dag to 2025-09-21 00:00:00+00:00, run_after=2025-09-22 00:00:00+00:00
[2025-09-22T00:00:15.095+0000] {processor.py:208} INFO - Processing /home/airflow/.local/lib/python3.12/site-packages/airflow/example_dags/example_skip_dag.py took 0.446 seconds
[2025-09-22T00:00:45.270+0000] {processor.py:186} INFO - Started process (PID=5332) to work on /home/airflow/.local/lib/python3.12/site-packages/airflow/example_dags/example_skip_dag.py
[2025-09-22T00:00:45.273+0000] {processor.py:914} INFO - Processing file /home/airflow/.local/lib/python3.12/site-packages/airflow/example_dags/example_skip_dag.py for tasks to queue
[2025-09-22T00:00:45.278+0000] {logging_mixin.py:190} INFO - [2025-09-22T00:00:45.278+0000] {dagbag.py:588} INFO - Filling up the DagBag from /home/airflow/.local/lib/python3.12/site-packages/airflow/example_dags/example_skip_dag.py
[2025-09-22T00:00:45.295+0000] {processor.py:925} INFO - DAG(s) 'example_skip_dag' retrieved from /home/airflow/.local/lib/python3.12/site-packages/airflow/example_dags/example_skip_dag.py
[2025-09-22T00:00:45.330+0000] {logging_mixin.py:190} INFO - [2025-09-22T00:00:45.330+0000] {dag.py:3239} INFO - Sync 1 DAGs
[2025-09-22T00:00:45.372+0000] {logging_mixin.py:190} INFO - [2025-09-22T00:00:45.372+0000] {dag.py:4180} INFO - Setting next_dagrun for example_skip_dag to 2025-09-21 00:00:00+00:00, run_after=2025-09-22 00:00:00+00:00
[2025-09-22T00:00:45.437+0000] {processor.py:208} INFO - Processing /home/airflow/.local/lib/python3.12/site-packages/airflow/example_dags/example_skip_dag.py took 0.183 seconds
[2025-09-22T00:01:15.547+0000] {processor.py:186} INFO - Started process (PID=5396) to work on /home/airflow/.local/lib/python3.12/site-packages/airflow/example_dags/example_skip_dag.py
[2025-09-22T00:01:15.548+0000] {processor.py:914} INFO - Processing file /home/airflow/.local/lib/python3.12/site-packages/airflow/example_dags/example_skip_dag.py for tasks to queue
[2025-09-22T00:01:15.553+0000] {logging_mixin.py:190} INFO - [2025-09-22T00:01:15.553+0000] {dagbag.py:588} INFO - Filling up the DagBag from /home/airflow/.local/lib/python3.12/site-packages/airflow/example_dags/example_skip_dag.py
[2025-09-22T00:01:15.566+0000] {processor.py:925} INFO - DAG(s) 'example_skip_dag' retrieved from /home/airflow/.local/lib/python3.12/site-packages/airflow/example_dags/example_skip_dag.py
[2025-09-22T00:01:15.596+0000] {logging_mixin.py:190} INFO - [2025-09-22T00:01:15.596+0000] {dag.py:3239} INFO - Sync 1 DAGs
[2025-09-22T00:01:15.625+0000] {logging_mixin.py:190} INFO - [2025-09-22T00:01:15.624+0000] {dag.py:4180} INFO - Setting next_dagrun for example_skip_dag to 2025-09-21 00:00:00+00:00, run_after=2025-09-22 00:00:00+00:00
[2025-09-22T00:01:15.681+0000] {processor.py:208} INFO - Processing /home/airflow/.local/lib/python3.12/site-packages/airflow/example_dags/example_skip_dag.py took 0.143 seconds
[2025-09-22T00:01:46.943+0000] {processor.py:186} INFO - Started process (PID=5460) to work on /home/airflow/.local/lib/python3.12/site-packages/airflow/example_dags/example_skip_dag.py
[2025-09-22T00:01:46.944+0000] {processor.py:914} INFO - Processing file /home/airflow/.local/lib/python3.12/site-packages/airflow/example_dags/example_skip_dag.py for tasks to queue
[2025-09-22T00:01:46.946+0000] {logging_mixin.py:190} INFO - [2025-09-22T00:01:46.946+0000] {dagbag.py:588} INFO - Filling up the DagBag from /home/airflow/.local/lib/python3.12/site-packages/airflow/example_dags/example_skip_dag.py
[2025-09-22T00:01:46.953+0000] {processor.py:925} INFO - DAG(s) 'example_skip_dag' retrieved from /home/airflow/.local/lib/python3.12/site-packages/airflow/example_dags/example_skip_dag.py
[2025-09-22T00:01:46.975+0000] {logging_mixin.py:190} INFO - [2025-09-22T00:01:46.975+0000] {dag.py:3239} INFO - Sync 1 DAGs
[2025-09-22T00:01:46.999+0000] {logging_mixin.py:190} INFO - [2025-09-22T00:01:46.999+0000] {dag.py:4180} INFO - Setting next_dagrun for example_skip_dag to 2025-09-21 00:00:00+00:00, run_after=2025-09-22 00:00:00+00:00
[2025-09-22T00:01:47.072+0000] {processor.py:208} INFO - Processing /home/airflow/.local/lib/python3.12/site-packages/airflow/example_dags/example_skip_dag.py took 0.135 seconds
[2025-09-22T00:02:17.833+0000] {processor.py:186} INFO - Started process (PID=5524) to work on /home/airflow/.local/lib/python3.12/site-packages/airflow/example_dags/example_skip_dag.py
[2025-09-22T00:02:17.835+0000] {processor.py:914} INFO - Processing file /home/airflow/.local/lib/python3.12/site-packages/airflow/example_dags/example_skip_dag.py for tasks to queue
[2025-09-22T00:02:17.838+0000] {logging_mixin.py:190} INFO - [2025-09-22T00:02:17.837+0000] {dagbag.py:588} INFO - Filling up the DagBag from /home/airflow/.local/lib/python3.12/site-packages/airflow/example_dags/example_skip_dag.py
[2025-09-22T00:02:17.848+0000] {processor.py:925} INFO - DAG(s) 'example_skip_dag' retrieved from /home/airflow/.local/lib/python3.12/site-packages/airflow/example_dags/example_skip_dag.py
[2025-09-22T00:02:17.871+0000] {logging_mixin.py:190} INFO - [2025-09-22T00:02:17.871+0000] {dag.py:3239} INFO - Sync 1 DAGs
[2025-09-22T00:02:17.902+0000] {logging_mixin.py:190} INFO - [2025-09-22T00:02:17.902+0000] {dag.py:4180} INFO - Setting next_dagrun for example_skip_dag to 2025-09-21 00:00:00+00:00, run_after=2025-09-22 00:00:00+00:00
[2025-09-22T00:02:17.946+0000] {processor.py:208} INFO - Processing /home/airflow/.local/lib/python3.12/site-packages/airflow/example_dags/example_skip_dag.py took 0.119 seconds
[2025-09-22T00:02:48.082+0000] {processor.py:186} INFO - Started process (PID=5588) to work on /home/airflow/.local/lib/python3.12/site-packages/airflow/example_dags/example_skip_dag.py
[2025-09-22T00:02:48.083+0000] {processor.py:914} INFO - Processing file /home/airflow/.local/lib/python3.12/site-packages/airflow/example_dags/example_skip_dag.py for tasks to queue
[2025-09-22T00:02:48.085+0000] {logging_mixin.py:190} INFO - [2025-09-22T00:02:48.085+0000] {dagbag.py:588} INFO - Filling up the DagBag from /home/airflow/.local/lib/python3.12/site-packages/airflow/example_dags/example_skip_dag.py
[2025-09-22T00:02:48.093+0000] {processor.py:925} INFO - DAG(s) 'example_skip_dag' retrieved from /home/airflow/.local/lib/python3.12/site-packages/airflow/example_dags/example_skip_dag.py
[2025-09-22T00:02:48.117+0000] {logging_mixin.py:190} INFO - [2025-09-22T00:02:48.116+0000] {dag.py:3239} INFO - Sync 1 DAGs
[2025-09-22T00:02:48.145+0000] {logging_mixin.py:190} INFO - [2025-09-22T00:02:48.145+0000] {dag.py:4180} INFO - Setting next_dagrun for example_skip_dag to 2025-09-21 00:00:00+00:00, run_after=2025-09-22 00:00:00+00:00
[2025-09-22T00:02:48.218+0000] {processor.py:208} INFO - Processing /home/airflow/.local/lib/python3.12/site-packages/airflow/example_dags/example_skip_dag.py took 0.142 seconds
[2025-09-22T00:03:18.646+0000] {processor.py:186} INFO - Started process (PID=5646) to work on /home/airflow/.local/lib/python3.12/site-packages/airflow/example_dags/example_skip_dag.py
[2025-09-22T00:03:18.647+0000] {processor.py:914} INFO - Processing file /home/airflow/.local/lib/python3.12/site-packages/airflow/example_dags/example_skip_dag.py for tasks to queue
[2025-09-22T00:03:18.650+0000] {logging_mixin.py:190} INFO - [2025-09-22T00:03:18.650+0000] {dagbag.py:588} INFO - Filling up the DagBag from /home/airflow/.local/lib/python3.12/site-packages/airflow/example_dags/example_skip_dag.py
[2025-09-22T00:03:18.659+0000] {processor.py:925} INFO - DAG(s) 'example_skip_dag' retrieved from /home/airflow/.local/lib/python3.12/site-packages/airflow/example_dags/example_skip_dag.py
[2025-09-22T00:03:18.683+0000] {logging_mixin.py:190} INFO - [2025-09-22T00:03:18.683+0000] {dag.py:3239} INFO - Sync 1 DAGs
[2025-09-22T00:03:18.713+0000] {logging_mixin.py:190} INFO - [2025-09-22T00:03:18.713+0000] {dag.py:4180} INFO - Setting next_dagrun for example_skip_dag to 2025-09-21 00:00:00+00:00, run_after=2025-09-22 00:00:00+00:00
[2025-09-22T00:03:18.753+0000] {processor.py:208} INFO - Processing /home/airflow/.local/lib/python3.12/site-packages/airflow/example_dags/example_skip_dag.py took 0.113 seconds
[2025-09-22T00:03:48.950+0000] {processor.py:186} INFO - Started process (PID=5710) to work on /home/airflow/.local/lib/python3.12/site-packages/airflow/example_dags/example_skip_dag.py
[2025-09-22T00:03:48.951+0000] {processor.py:914} INFO - Processing file /home/airflow/.local/lib/python3.12/site-packages/airflow/example_dags/example_skip_dag.py for tasks to queue
[2025-09-22T00:03:48.954+0000] {logging_mixin.py:190} INFO - [2025-09-22T00:03:48.954+0000] {dagbag.py:588} INFO - Filling up the DagBag from /home/airflow/.local/lib/python3.12/site-packages/airflow/example_dags/example_skip_dag.py
[2025-09-22T00:03:48.968+0000] {processor.py:925} INFO - DAG(s) 'example_skip_dag' retrieved from /home/airflow/.local/lib/python3.12/site-packages/airflow/example_dags/example_skip_dag.py
[2025-09-22T00:03:48.992+0000] {logging_mixin.py:190} INFO - [2025-09-22T00:03:48.992+0000] {dag.py:3239} INFO - Sync 1 DAGs
[2025-09-22T00:03:49.024+0000] {logging_mixin.py:190} INFO - [2025-09-22T00:03:49.024+0000] {dag.py:4180} INFO - Setting next_dagrun for example_skip_dag to 2025-09-21 00:00:00+00:00, run_after=2025-09-22 00:00:00+00:00
[2025-09-22T00:03:49.067+0000] {processor.py:208} INFO - Processing /home/airflow/.local/lib/python3.12/site-packages/airflow/example_dags/example_skip_dag.py took 0.125 seconds
[2025-09-22T00:04:19.528+0000] {processor.py:186} INFO - Started process (PID=5774) to work on /home/airflow/.local/lib/python3.12/site-packages/airflow/example_dags/example_skip_dag.py
[2025-09-22T00:04:19.529+0000] {processor.py:914} INFO - Processing file /home/airflow/.local/lib/python3.12/site-packages/airflow/example_dags/example_skip_dag.py for tasks to queue
[2025-09-22T00:04:19.531+0000] {logging_mixin.py:190} INFO - [2025-09-22T00:04:19.531+0000] {dagbag.py:588} INFO - Filling up the DagBag from /home/airflow/.local/lib/python3.12/site-packages/airflow/example_dags/example_skip_dag.py
[2025-09-22T00:04:19.539+0000] {processor.py:925} INFO - DAG(s) 'example_skip_dag' retrieved from /home/airflow/.local/lib/python3.12/site-packages/airflow/example_dags/example_skip_dag.py
[2025-09-22T00:04:19.561+0000] {logging_mixin.py:190} INFO - [2025-09-22T00:04:19.561+0000] {dag.py:3239} INFO - Sync 1 DAGs
[2025-09-22T00:04:19.586+0000] {logging_mixin.py:190} INFO - [2025-09-22T00:04:19.586+0000] {dag.py:4180} INFO - Setting next_dagrun for example_skip_dag to 2025-09-21 00:00:00+00:00, run_after=2025-09-22 00:00:00+00:00
[2025-09-22T00:04:19.642+0000] {processor.py:208} INFO - Processing /home/airflow/.local/lib/python3.12/site-packages/airflow/example_dags/example_skip_dag.py took 0.120 seconds
[2025-09-22T00:04:50.569+0000] {processor.py:186} INFO - Started process (PID=5838) to work on /home/airflow/.local/lib/python3.12/site-packages/airflow/example_dags/example_skip_dag.py
[2025-09-22T00:04:50.570+0000] {processor.py:914} INFO - Processing file /home/airflow/.local/lib/python3.12/site-packages/airflow/example_dags/example_skip_dag.py for tasks to queue
[2025-09-22T00:04:50.572+0000] {logging_mixin.py:190} INFO - [2025-09-22T00:04:50.572+0000] {dagbag.py:588} INFO - Filling up the DagBag from /home/airflow/.local/lib/python3.12/site-packages/airflow/example_dags/example_skip_dag.py
[2025-09-22T00:04:50.579+0000] {processor.py:925} INFO - DAG(s) 'example_skip_dag' retrieved from /home/airflow/.local/lib/python3.12/site-packages/airflow/example_dags/example_skip_dag.py
[2025-09-22T00:04:50.597+0000] {logging_mixin.py:190} INFO - [2025-09-22T00:04:50.597+0000] {dag.py:3239} INFO - Sync 1 DAGs
[2025-09-22T00:04:50.617+0000] {logging_mixin.py:190} INFO - [2025-09-22T00:04:50.617+0000] {dag.py:4180} INFO - Setting next_dagrun for example_skip_dag to 2025-09-21 00:00:00+00:00, run_after=2025-09-22 00:00:00+00:00
[2025-09-22T00:04:50.651+0000] {processor.py:208} INFO - Processing /home/airflow/.local/lib/python3.12/site-packages/airflow/example_dags/example_skip_dag.py took 0.087 seconds
[2025-09-22T00:05:20.748+0000] {processor.py:186} INFO - Started process (PID=5902) to work on /home/airflow/.local/lib/python3.12/site-packages/airflow/example_dags/example_skip_dag.py
[2025-09-22T00:05:20.749+0000] {processor.py:914} INFO - Processing file /home/airflow/.local/lib/python3.12/site-packages/airflow/example_dags/example_skip_dag.py for tasks to queue
[2025-09-22T00:05:20.751+0000] {logging_mixin.py:190} INFO - [2025-09-22T00:05:20.751+0000] {dagbag.py:588} INFO - Filling up the DagBag from /home/airflow/.local/lib/python3.12/site-packages/airflow/example_dags/example_skip_dag.py
[2025-09-22T00:05:20.759+0000] {processor.py:925} INFO - DAG(s) 'example_skip_dag' retrieved from /home/airflow/.local/lib/python3.12/site-packages/airflow/example_dags/example_skip_dag.py
[2025-09-22T00:05:20.782+0000] {logging_mixin.py:190} INFO - [2025-09-22T00:05:20.782+0000] {dag.py:3239} INFO - Sync 1 DAGs
[2025-09-22T00:05:20.807+0000] {logging_mixin.py:190} INFO - [2025-09-22T00:05:20.807+0000] {dag.py:4180} INFO - Setting next_dagrun for example_skip_dag to 2025-09-21 00:00:00+00:00, run_after=2025-09-22 00:00:00+00:00
[2025-09-22T00:05:20.856+0000] {processor.py:208} INFO - Processing /home/airflow/.local/lib/python3.12/site-packages/airflow/example_dags/example_skip_dag.py took 0.114 seconds
[2025-09-22T00:05:52.735+0000] {processor.py:186} INFO - Started process (PID=5960) to work on /home/airflow/.local/lib/python3.12/site-packages/airflow/example_dags/example_skip_dag.py
[2025-09-22T00:05:52.736+0000] {processor.py:914} INFO - Processing file /home/airflow/.local/lib/python3.12/site-packages/airflow/example_dags/example_skip_dag.py for tasks to queue
[2025-09-22T00:05:52.738+0000] {logging_mixin.py:190} INFO - [2025-09-22T00:05:52.737+0000] {dagbag.py:588} INFO - Filling up the DagBag from /home/airflow/.local/lib/python3.12/site-packages/airflow/example_dags/example_skip_dag.py
[2025-09-22T00:05:52.744+0000] {processor.py:925} INFO - DAG(s) 'example_skip_dag' retrieved from /home/airflow/.local/lib/python3.12/site-packages/airflow/example_dags/example_skip_dag.py
[2025-09-22T00:05:52.762+0000] {logging_mixin.py:190} INFO - [2025-09-22T00:05:52.762+0000] {dag.py:3239} INFO - Sync 1 DAGs
[2025-09-22T00:05:52.783+0000] {logging_mixin.py:190} INFO - [2025-09-22T00:05:52.782+0000] {dag.py:4180} INFO - Setting next_dagrun for example_skip_dag to 2025-09-21 00:00:00+00:00, run_after=2025-09-22 00:00:00+00:00
[2025-09-22T00:05:52.831+0000] {processor.py:208} INFO - Processing /home/airflow/.local/lib/python3.12/site-packages/airflow/example_dags/example_skip_dag.py took 0.101 seconds
[2025-09-22T00:06:25.483+0000] {processor.py:186} INFO - Started process (PID=6015) to work on /home/airflow/.local/lib/python3.12/site-packages/airflow/example_dags/example_skip_dag.py
[2025-09-22T00:06:25.484+0000] {processor.py:914} INFO - Processing file /home/airflow/.local/lib/python3.12/site-packages/airflow/example_dags/example_skip_dag.py for tasks to queue
[2025-09-22T00:06:25.486+0000] {logging_mixin.py:190} INFO - [2025-09-22T00:06:25.486+0000] {dagbag.py:588} INFO - Filling up the DagBag from /home/airflow/.local/lib/python3.12/site-packages/airflow/example_dags/example_skip_dag.py
[2025-09-22T00:06:25.493+0000] {processor.py:925} INFO - DAG(s) 'example_skip_dag' retrieved from /home/airflow/.local/lib/python3.12/site-packages/airflow/example_dags/example_skip_dag.py
[2025-09-22T00:06:25.512+0000] {logging_mixin.py:190} INFO - [2025-09-22T00:06:25.512+0000] {dag.py:3239} INFO - Sync 1 DAGs
[2025-09-22T00:06:25.535+0000] {logging_mixin.py:190} INFO - [2025-09-22T00:06:25.535+0000] {dag.py:4180} INFO - Setting next_dagrun for example_skip_dag to 2025-09-21 00:00:00+00:00, run_after=2025-09-22 00:00:00+00:00
[2025-09-22T00:06:25.572+0000] {processor.py:208} INFO - Processing /home/airflow/.local/lib/python3.12/site-packages/airflow/example_dags/example_skip_dag.py took 0.093 seconds
[2025-09-22T00:06:57.420+0000] {processor.py:186} INFO - Started process (PID=6079) to work on /home/airflow/.local/lib/python3.12/site-packages/airflow/example_dags/example_skip_dag.py
[2025-09-22T00:06:57.420+0000] {processor.py:914} INFO - Processing file /home/airflow/.local/lib/python3.12/site-packages/airflow/example_dags/example_skip_dag.py for tasks to queue
[2025-09-22T00:06:57.422+0000] {logging_mixin.py:190} INFO - [2025-09-22T00:06:57.422+0000] {dagbag.py:588} INFO - Filling up the DagBag from /home/airflow/.local/lib/python3.12/site-packages/airflow/example_dags/example_skip_dag.py
[2025-09-22T00:06:57.428+0000] {processor.py:925} INFO - DAG(s) 'example_skip_dag' retrieved from /home/airflow/.local/lib/python3.12/site-packages/airflow/example_dags/example_skip_dag.py
[2025-09-22T00:06:57.445+0000] {logging_mixin.py:190} INFO - [2025-09-22T00:06:57.445+0000] {dag.py:3239} INFO - Sync 1 DAGs
[2025-09-22T00:06:57.465+0000] {logging_mixin.py:190} INFO - [2025-09-22T00:06:57.465+0000] {dag.py:4180} INFO - Setting next_dagrun for example_skip_dag to 2025-09-21 00:00:00+00:00, run_after=2025-09-22 00:00:00+00:00
[2025-09-22T00:06:57.503+0000] {processor.py:208} INFO - Processing /home/airflow/.local/lib/python3.12/site-packages/airflow/example_dags/example_skip_dag.py took 0.088 seconds
[2025-09-22T00:07:29.982+0000] {processor.py:186} INFO - Started process (PID=6144) to work on /home/airflow/.local/lib/python3.12/site-packages/airflow/example_dags/example_skip_dag.py
[2025-09-22T00:07:29.983+0000] {processor.py:914} INFO - Processing file /home/airflow/.local/lib/python3.12/site-packages/airflow/example_dags/example_skip_dag.py for tasks to queue
[2025-09-22T00:07:29.985+0000] {logging_mixin.py:190} INFO - [2025-09-22T00:07:29.984+0000] {dagbag.py:588} INFO - Filling up the DagBag from /home/airflow/.local/lib/python3.12/site-packages/airflow/example_dags/example_skip_dag.py
[2025-09-22T00:07:29.991+0000] {processor.py:925} INFO - DAG(s) 'example_skip_dag' retrieved from /home/airflow/.local/lib/python3.12/site-packages/airflow/example_dags/example_skip_dag.py
[2025-09-22T00:07:30.010+0000] {logging_mixin.py:190} INFO - [2025-09-22T00:07:30.010+0000] {dag.py:3239} INFO - Sync 1 DAGs
[2025-09-22T00:07:30.031+0000] {logging_mixin.py:190} INFO - [2025-09-22T00:07:30.031+0000] {dag.py:4180} INFO - Setting next_dagrun for example_skip_dag to 2025-09-21 00:00:00+00:00, run_after=2025-09-22 00:00:00+00:00
[2025-09-22T00:07:30.076+0000] {processor.py:208} INFO - Processing /home/airflow/.local/lib/python3.12/site-packages/airflow/example_dags/example_skip_dag.py took 0.099 seconds
[2025-09-22T00:08:03.612+0000] {processor.py:186} INFO - Started process (PID=6208) to work on /home/airflow/.local/lib/python3.12/site-packages/airflow/example_dags/example_skip_dag.py
[2025-09-22T00:08:03.613+0000] {processor.py:914} INFO - Processing file /home/airflow/.local/lib/python3.12/site-packages/airflow/example_dags/example_skip_dag.py for tasks to queue
[2025-09-22T00:08:03.615+0000] {logging_mixin.py:190} INFO - [2025-09-22T00:08:03.615+0000] {dagbag.py:588} INFO - Filling up the DagBag from /home/airflow/.local/lib/python3.12/site-packages/airflow/example_dags/example_skip_dag.py
[2025-09-22T00:08:03.623+0000] {processor.py:925} INFO - DAG(s) 'example_skip_dag' retrieved from /home/airflow/.local/lib/python3.12/site-packages/airflow/example_dags/example_skip_dag.py
[2025-09-22T00:08:03.647+0000] {logging_mixin.py:190} INFO - [2025-09-22T00:08:03.646+0000] {dag.py:3239} INFO - Sync 1 DAGs
[2025-09-22T00:08:03.669+0000] {logging_mixin.py:190} INFO - [2025-09-22T00:08:03.669+0000] {dag.py:4180} INFO - Setting next_dagrun for example_skip_dag to 2025-09-21 00:00:00+00:00, run_after=2025-09-22 00:00:00+00:00
[2025-09-22T00:08:03.720+0000] {processor.py:208} INFO - Processing /home/airflow/.local/lib/python3.12/site-packages/airflow/example_dags/example_skip_dag.py took 0.114 seconds
[2025-09-22T00:08:36.316+0000] {processor.py:186} INFO - Started process (PID=6272) to work on /home/airflow/.local/lib/python3.12/site-packages/airflow/example_dags/example_skip_dag.py
[2025-09-22T00:08:36.317+0000] {processor.py:914} INFO - Processing file /home/airflow/.local/lib/python3.12/site-packages/airflow/example_dags/example_skip_dag.py for tasks to queue
[2025-09-22T00:08:36.319+0000] {logging_mixin.py:190} INFO - [2025-09-22T00:08:36.319+0000] {dagbag.py:588} INFO - Filling up the DagBag from /home/airflow/.local/lib/python3.12/site-packages/airflow/example_dags/example_skip_dag.py
[2025-09-22T00:08:36.326+0000] {processor.py:925} INFO - DAG(s) 'example_skip_dag' retrieved from /home/airflow/.local/lib/python3.12/site-packages/airflow/example_dags/example_skip_dag.py
[2025-09-22T00:08:36.344+0000] {logging_mixin.py:190} INFO - [2025-09-22T00:08:36.344+0000] {dag.py:3239} INFO - Sync 1 DAGs
[2025-09-22T00:08:36.363+0000] {logging_mixin.py:190} INFO - [2025-09-22T00:08:36.363+0000] {dag.py:4180} INFO - Setting next_dagrun for example_skip_dag to 2025-09-21 00:00:00+00:00, run_after=2025-09-22 00:00:00+00:00
[2025-09-22T00:08:36.402+0000] {processor.py:208} INFO - Processing /home/airflow/.local/lib/python3.12/site-packages/airflow/example_dags/example_skip_dag.py took 0.091 seconds
[2025-09-22T00:09:06.876+0000] {processor.py:186} INFO - Started process (PID=6336) to work on /home/airflow/.local/lib/python3.12/site-packages/airflow/example_dags/example_skip_dag.py
[2025-09-22T00:09:06.877+0000] {processor.py:914} INFO - Processing file /home/airflow/.local/lib/python3.12/site-packages/airflow/example_dags/example_skip_dag.py for tasks to queue
[2025-09-22T00:09:06.879+0000] {logging_mixin.py:190} INFO - [2025-09-22T00:09:06.878+0000] {dagbag.py:588} INFO - Filling up the DagBag from /home/airflow/.local/lib/python3.12/site-packages/airflow/example_dags/example_skip_dag.py
[2025-09-22T00:09:06.885+0000] {processor.py:925} INFO - DAG(s) 'example_skip_dag' retrieved from /home/airflow/.local/lib/python3.12/site-packages/airflow/example_dags/example_skip_dag.py
[2025-09-22T00:09:06.902+0000] {logging_mixin.py:190} INFO - [2025-09-22T00:09:06.902+0000] {dag.py:3239} INFO - Sync 1 DAGs
[2025-09-22T00:09:06.921+0000] {logging_mixin.py:190} INFO - [2025-09-22T00:09:06.921+0000] {dag.py:4180} INFO - Setting next_dagrun for example_skip_dag to 2025-09-21 00:00:00+00:00, run_after=2025-09-22 00:00:00+00:00
[2025-09-22T00:09:06.964+0000] {processor.py:208} INFO - Processing /home/airflow/.local/lib/python3.12/site-packages/airflow/example_dags/example_skip_dag.py took 0.092 seconds
[2025-09-22T00:09:37.051+0000] {processor.py:186} INFO - Started process (PID=6400) to work on /home/airflow/.local/lib/python3.12/site-packages/airflow/example_dags/example_skip_dag.py
[2025-09-22T00:09:37.052+0000] {processor.py:914} INFO - Processing file /home/airflow/.local/lib/python3.12/site-packages/airflow/example_dags/example_skip_dag.py for tasks to queue
[2025-09-22T00:09:37.054+0000] {logging_mixin.py:190} INFO - [2025-09-22T00:09:37.054+0000] {dagbag.py:588} INFO - Filling up the DagBag from /home/airflow/.local/lib/python3.12/site-packages/airflow/example_dags/example_skip_dag.py
[2025-09-22T00:09:37.060+0000] {processor.py:925} INFO - DAG(s) 'example_skip_dag' retrieved from /home/airflow/.local/lib/python3.12/site-packages/airflow/example_dags/example_skip_dag.py
[2025-09-22T00:09:37.077+0000] {logging_mixin.py:190} INFO - [2025-09-22T00:09:37.076+0000] {dag.py:3239} INFO - Sync 1 DAGs
[2025-09-22T00:09:37.094+0000] {logging_mixin.py:190} INFO - [2025-09-22T00:09:37.094+0000] {dag.py:4180} INFO - Setting next_dagrun for example_skip_dag to 2025-09-21 00:00:00+00:00, run_after=2025-09-22 00:00:00+00:00
[2025-09-22T00:09:37.135+0000] {processor.py:208} INFO - Processing /home/airflow/.local/lib/python3.12/site-packages/airflow/example_dags/example_skip_dag.py took 0.089 seconds
[2025-09-22T00:10:07.815+0000] {processor.py:186} INFO - Started process (PID=6465) to work on /home/airflow/.local/lib/python3.12/site-packages/airflow/example_dags/example_skip_dag.py
[2025-09-22T00:10:07.816+0000] {processor.py:914} INFO - Processing file /home/airflow/.local/lib/python3.12/site-packages/airflow/example_dags/example_skip_dag.py for tasks to queue
[2025-09-22T00:10:07.818+0000] {logging_mixin.py:190} INFO - [2025-09-22T00:10:07.818+0000] {dagbag.py:588} INFO - Filling up the DagBag from /home/airflow/.local/lib/python3.12/site-packages/airflow/example_dags/example_skip_dag.py
[2025-09-22T00:10:07.824+0000] {processor.py:925} INFO - DAG(s) 'example_skip_dag' retrieved from /home/airflow/.local/lib/python3.12/site-packages/airflow/example_dags/example_skip_dag.py
[2025-09-22T00:10:07.841+0000] {logging_mixin.py:190} INFO - [2025-09-22T00:10:07.841+0000] {dag.py:3239} INFO - Sync 1 DAGs
[2025-09-22T00:10:07.860+0000] {logging_mixin.py:190} INFO - [2025-09-22T00:10:07.860+0000] {dag.py:4180} INFO - Setting next_dagrun for example_skip_dag to 2025-09-21 00:00:00+00:00, run_after=2025-09-22 00:00:00+00:00
[2025-09-22T00:10:07.898+0000] {processor.py:208} INFO - Processing /home/airflow/.local/lib/python3.12/site-packages/airflow/example_dags/example_skip_dag.py took 0.087 seconds
[2025-09-22T00:10:38.803+0000] {processor.py:186} INFO - Started process (PID=6529) to work on /home/airflow/.local/lib/python3.12/site-packages/airflow/example_dags/example_skip_dag.py
[2025-09-22T00:10:38.804+0000] {processor.py:914} INFO - Processing file /home/airflow/.local/lib/python3.12/site-packages/airflow/example_dags/example_skip_dag.py for tasks to queue
[2025-09-22T00:10:38.806+0000] {logging_mixin.py:190} INFO - [2025-09-22T00:10:38.806+0000] {dagbag.py:588} INFO - Filling up the DagBag from /home/airflow/.local/lib/python3.12/site-packages/airflow/example_dags/example_skip_dag.py
[2025-09-22T00:10:38.812+0000] {processor.py:925} INFO - DAG(s) 'example_skip_dag' retrieved from /home/airflow/.local/lib/python3.12/site-packages/airflow/example_dags/example_skip_dag.py
[2025-09-22T00:10:38.830+0000] {logging_mixin.py:190} INFO - [2025-09-22T00:10:38.830+0000] {dag.py:3239} INFO - Sync 1 DAGs
[2025-09-22T00:10:38.848+0000] {logging_mixin.py:190} INFO - [2025-09-22T00:10:38.848+0000] {dag.py:4180} INFO - Setting next_dagrun for example_skip_dag to 2025-09-21 00:00:00+00:00, run_after=2025-09-22 00:00:00+00:00
[2025-09-22T00:10:38.879+0000] {processor.py:208} INFO - Processing /home/airflow/.local/lib/python3.12/site-packages/airflow/example_dags/example_skip_dag.py took 0.081 seconds
[2025-09-22T00:11:09.792+0000] {processor.py:186} INFO - Started process (PID=6593) to work on /home/airflow/.local/lib/python3.12/site-packages/airflow/example_dags/example_skip_dag.py
[2025-09-22T00:11:09.793+0000] {processor.py:914} INFO - Processing file /home/airflow/.local/lib/python3.12/site-packages/airflow/example_dags/example_skip_dag.py for tasks to queue
[2025-09-22T00:11:09.795+0000] {logging_mixin.py:190} INFO - [2025-09-22T00:11:09.795+0000] {dagbag.py:588} INFO - Filling up the DagBag from /home/airflow/.local/lib/python3.12/site-packages/airflow/example_dags/example_skip_dag.py
[2025-09-22T00:11:09.802+0000] {processor.py:925} INFO - DAG(s) 'example_skip_dag' retrieved from /home/airflow/.local/lib/python3.12/site-packages/airflow/example_dags/example_skip_dag.py
[2025-09-22T00:11:09.821+0000] {logging_mixin.py:190} INFO - [2025-09-22T00:11:09.821+0000] {dag.py:3239} INFO - Sync 1 DAGs
[2025-09-22T00:11:09.840+0000] {logging_mixin.py:190} INFO - [2025-09-22T00:11:09.840+0000] {dag.py:4180} INFO - Setting next_dagrun for example_skip_dag to 2025-09-21 00:00:00+00:00, run_after=2025-09-22 00:00:00+00:00
[2025-09-22T00:11:09.881+0000] {processor.py:208} INFO - Processing /home/airflow/.local/lib/python3.12/site-packages/airflow/example_dags/example_skip_dag.py took 0.094 seconds
[2025-09-22T00:11:40.667+0000] {processor.py:186} INFO - Started process (PID=6657) to work on /home/airflow/.local/lib/python3.12/site-packages/airflow/example_dags/example_skip_dag.py
[2025-09-22T00:11:40.668+0000] {processor.py:914} INFO - Processing file /home/airflow/.local/lib/python3.12/site-packages/airflow/example_dags/example_skip_dag.py for tasks to queue
[2025-09-22T00:11:40.670+0000] {logging_mixin.py:190} INFO - [2025-09-22T00:11:40.669+0000] {dagbag.py:588} INFO - Filling up the DagBag from /home/airflow/.local/lib/python3.12/site-packages/airflow/example_dags/example_skip_dag.py
[2025-09-22T00:11:40.676+0000] {processor.py:925} INFO - DAG(s) 'example_skip_dag' retrieved from /home/airflow/.local/lib/python3.12/site-packages/airflow/example_dags/example_skip_dag.py
[2025-09-22T00:11:40.692+0000] {logging_mixin.py:190} INFO - [2025-09-22T00:11:40.692+0000] {dag.py:3239} INFO - Sync 1 DAGs
[2025-09-22T00:11:40.712+0000] {logging_mixin.py:190} INFO - [2025-09-22T00:11:40.712+0000] {dag.py:4180} INFO - Setting next_dagrun for example_skip_dag to 2025-09-21 00:00:00+00:00, run_after=2025-09-22 00:00:00+00:00
[2025-09-22T00:11:40.748+0000] {processor.py:208} INFO - Processing /home/airflow/.local/lib/python3.12/site-packages/airflow/example_dags/example_skip_dag.py took 0.085 seconds
[2025-09-22T00:12:11.252+0000] {processor.py:186} INFO - Started process (PID=6721) to work on /home/airflow/.local/lib/python3.12/site-packages/airflow/example_dags/example_skip_dag.py
[2025-09-22T00:12:11.253+0000] {processor.py:914} INFO - Processing file /home/airflow/.local/lib/python3.12/site-packages/airflow/example_dags/example_skip_dag.py for tasks to queue
[2025-09-22T00:12:11.255+0000] {logging_mixin.py:190} INFO - [2025-09-22T00:12:11.255+0000] {dagbag.py:588} INFO - Filling up the DagBag from /home/airflow/.local/lib/python3.12/site-packages/airflow/example_dags/example_skip_dag.py
[2025-09-22T00:12:11.261+0000] {processor.py:925} INFO - DAG(s) 'example_skip_dag' retrieved from /home/airflow/.local/lib/python3.12/site-packages/airflow/example_dags/example_skip_dag.py
[2025-09-22T00:12:11.279+0000] {logging_mixin.py:190} INFO - [2025-09-22T00:12:11.279+0000] {dag.py:3239} INFO - Sync 1 DAGs
[2025-09-22T00:12:11.298+0000] {logging_mixin.py:190} INFO - [2025-09-22T00:12:11.298+0000] {dag.py:4180} INFO - Setting next_dagrun for example_skip_dag to 2025-09-21 00:00:00+00:00, run_after=2025-09-22 00:00:00+00:00
[2025-09-22T00:12:11.337+0000] {processor.py:208} INFO - Processing /home/airflow/.local/lib/python3.12/site-packages/airflow/example_dags/example_skip_dag.py took 0.089 seconds
[2025-09-22T00:12:42.208+0000] {processor.py:186} INFO - Started process (PID=6785) to work on /home/airflow/.local/lib/python3.12/site-packages/airflow/example_dags/example_skip_dag.py
[2025-09-22T00:12:42.209+0000] {processor.py:914} INFO - Processing file /home/airflow/.local/lib/python3.12/site-packages/airflow/example_dags/example_skip_dag.py for tasks to queue
[2025-09-22T00:12:42.211+0000] {logging_mixin.py:190} INFO - [2025-09-22T00:12:42.211+0000] {dagbag.py:588} INFO - Filling up the DagBag from /home/airflow/.local/lib/python3.12/site-packages/airflow/example_dags/example_skip_dag.py
[2025-09-22T00:12:42.219+0000] {processor.py:925} INFO - DAG(s) 'example_skip_dag' retrieved from /home/airflow/.local/lib/python3.12/site-packages/airflow/example_dags/example_skip_dag.py
[2025-09-22T00:12:42.242+0000] {logging_mixin.py:190} INFO - [2025-09-22T00:12:42.241+0000] {dag.py:3239} INFO - Sync 1 DAGs
[2025-09-22T00:12:42.277+0000] {logging_mixin.py:190} INFO - [2025-09-22T00:12:42.277+0000] {dag.py:4180} INFO - Setting next_dagrun for example_skip_dag to 2025-09-21 00:00:00+00:00, run_after=2025-09-22 00:00:00+00:00
[2025-09-22T00:12:42.325+0000] {processor.py:208} INFO - Processing /home/airflow/.local/lib/python3.12/site-packages/airflow/example_dags/example_skip_dag.py took 0.123 seconds
[2025-09-22T00:13:13.264+0000] {processor.py:186} INFO - Started process (PID=6849) to work on /home/airflow/.local/lib/python3.12/site-packages/airflow/example_dags/example_skip_dag.py
[2025-09-22T00:13:13.265+0000] {processor.py:914} INFO - Processing file /home/airflow/.local/lib/python3.12/site-packages/airflow/example_dags/example_skip_dag.py for tasks to queue
[2025-09-22T00:13:13.267+0000] {logging_mixin.py:190} INFO - [2025-09-22T00:13:13.267+0000] {dagbag.py:588} INFO - Filling up the DagBag from /home/airflow/.local/lib/python3.12/site-packages/airflow/example_dags/example_skip_dag.py
[2025-09-22T00:13:13.274+0000] {processor.py:925} INFO - DAG(s) 'example_skip_dag' retrieved from /home/airflow/.local/lib/python3.12/site-packages/airflow/example_dags/example_skip_dag.py
[2025-09-22T00:13:13.293+0000] {logging_mixin.py:190} INFO - [2025-09-22T00:13:13.293+0000] {dag.py:3239} INFO - Sync 1 DAGs
[2025-09-22T00:13:13.313+0000] {logging_mixin.py:190} INFO - [2025-09-22T00:13:13.313+0000] {dag.py:4180} INFO - Setting next_dagrun for example_skip_dag to 2025-09-21 00:00:00+00:00, run_after=2025-09-22 00:00:00+00:00
[2025-09-22T00:13:13.355+0000] {processor.py:208} INFO - Processing /home/airflow/.local/lib/python3.12/site-packages/airflow/example_dags/example_skip_dag.py took 0.096 seconds
[2025-09-22T00:13:43.498+0000] {processor.py:186} INFO - Started process (PID=6913) to work on /home/airflow/.local/lib/python3.12/site-packages/airflow/example_dags/example_skip_dag.py
[2025-09-22T00:13:43.499+0000] {processor.py:914} INFO - Processing file /home/airflow/.local/lib/python3.12/site-packages/airflow/example_dags/example_skip_dag.py for tasks to queue
[2025-09-22T00:13:43.501+0000] {logging_mixin.py:190} INFO - [2025-09-22T00:13:43.501+0000] {dagbag.py:588} INFO - Filling up the DagBag from /home/airflow/.local/lib/python3.12/site-packages/airflow/example_dags/example_skip_dag.py
[2025-09-22T00:13:43.508+0000] {processor.py:925} INFO - DAG(s) 'example_skip_dag' retrieved from /home/airflow/.local/lib/python3.12/site-packages/airflow/example_dags/example_skip_dag.py
[2025-09-22T00:13:43.527+0000] {logging_mixin.py:190} INFO - [2025-09-22T00:13:43.527+0000] {dag.py:3239} INFO - Sync 1 DAGs
[2025-09-22T00:13:43.548+0000] {logging_mixin.py:190} INFO - [2025-09-22T00:13:43.548+0000] {dag.py:4180} INFO - Setting next_dagrun for example_skip_dag to 2025-09-21 00:00:00+00:00, run_after=2025-09-22 00:00:00+00:00
[2025-09-22T00:13:43.586+0000] {processor.py:208} INFO - Processing /home/airflow/.local/lib/python3.12/site-packages/airflow/example_dags/example_skip_dag.py took 0.093 seconds
[2025-09-22T00:14:13.937+0000] {processor.py:186} INFO - Started process (PID=6977) to work on /home/airflow/.local/lib/python3.12/site-packages/airflow/example_dags/example_skip_dag.py
[2025-09-22T00:14:13.938+0000] {processor.py:914} INFO - Processing file /home/airflow/.local/lib/python3.12/site-packages/airflow/example_dags/example_skip_dag.py for tasks to queue
[2025-09-22T00:14:13.940+0000] {logging_mixin.py:190} INFO - [2025-09-22T00:14:13.940+0000] {dagbag.py:588} INFO - Filling up the DagBag from /home/airflow/.local/lib/python3.12/site-packages/airflow/example_dags/example_skip_dag.py
[2025-09-22T00:14:13.947+0000] {processor.py:925} INFO - DAG(s) 'example_skip_dag' retrieved from /home/airflow/.local/lib/python3.12/site-packages/airflow/example_dags/example_skip_dag.py
[2025-09-22T00:14:13.967+0000] {logging_mixin.py:190} INFO - [2025-09-22T00:14:13.967+0000] {dag.py:3239} INFO - Sync 1 DAGs
[2025-09-22T00:14:13.987+0000] {logging_mixin.py:190} INFO - [2025-09-22T00:14:13.987+0000] {dag.py:4180} INFO - Setting next_dagrun for example_skip_dag to 2025-09-21 00:00:00+00:00, run_after=2025-09-22 00:00:00+00:00
[2025-09-22T00:14:14.025+0000] {processor.py:208} INFO - Processing /home/airflow/.local/lib/python3.12/site-packages/airflow/example_dags/example_skip_dag.py took 0.093 seconds
[2025-09-22T00:14:44.668+0000] {processor.py:186} INFO - Started process (PID=7040) to work on /home/airflow/.local/lib/python3.12/site-packages/airflow/example_dags/example_skip_dag.py
[2025-09-22T00:14:44.669+0000] {processor.py:914} INFO - Processing file /home/airflow/.local/lib/python3.12/site-packages/airflow/example_dags/example_skip_dag.py for tasks to queue
[2025-09-22T00:14:44.671+0000] {logging_mixin.py:190} INFO - [2025-09-22T00:14:44.671+0000] {dagbag.py:588} INFO - Filling up the DagBag from /home/airflow/.local/lib/python3.12/site-packages/airflow/example_dags/example_skip_dag.py
[2025-09-22T00:14:44.678+0000] {processor.py:925} INFO - DAG(s) 'example_skip_dag' retrieved from /home/airflow/.local/lib/python3.12/site-packages/airflow/example_dags/example_skip_dag.py
[2025-09-22T00:14:44.697+0000] {logging_mixin.py:190} INFO - [2025-09-22T00:14:44.697+0000] {dag.py:3239} INFO - Sync 1 DAGs
[2025-09-22T00:14:44.719+0000] {logging_mixin.py:190} INFO - [2025-09-22T00:14:44.719+0000] {dag.py:4180} INFO - Setting next_dagrun for example_skip_dag to 2025-09-21 00:00:00+00:00, run_after=2025-09-22 00:00:00+00:00
[2025-09-22T00:14:44.764+0000] {processor.py:208} INFO - Processing /home/airflow/.local/lib/python3.12/site-packages/airflow/example_dags/example_skip_dag.py took 0.101 seconds
[2025-09-22T00:15:15.074+0000] {processor.py:186} INFO - Started process (PID=7104) to work on /home/airflow/.local/lib/python3.12/site-packages/airflow/example_dags/example_skip_dag.py
[2025-09-22T00:15:15.075+0000] {processor.py:914} INFO - Processing file /home/airflow/.local/lib/python3.12/site-packages/airflow/example_dags/example_skip_dag.py for tasks to queue
[2025-09-22T00:15:15.077+0000] {logging_mixin.py:190} INFO - [2025-09-22T00:15:15.076+0000] {dagbag.py:588} INFO - Filling up the DagBag from /home/airflow/.local/lib/python3.12/site-packages/airflow/example_dags/example_skip_dag.py
[2025-09-22T00:15:15.083+0000] {processor.py:925} INFO - DAG(s) 'example_skip_dag' retrieved from /home/airflow/.local/lib/python3.12/site-packages/airflow/example_dags/example_skip_dag.py
[2025-09-22T00:15:15.103+0000] {logging_mixin.py:190} INFO - [2025-09-22T00:15:15.103+0000] {dag.py:3239} INFO - Sync 1 DAGs
[2025-09-22T00:15:15.123+0000] {logging_mixin.py:190} INFO - [2025-09-22T00:15:15.123+0000] {dag.py:4180} INFO - Setting next_dagrun for example_skip_dag to 2025-09-21 00:00:00+00:00, run_after=2025-09-22 00:00:00+00:00
[2025-09-22T00:15:15.164+0000] {processor.py:208} INFO - Processing /home/airflow/.local/lib/python3.12/site-packages/airflow/example_dags/example_skip_dag.py took 0.095 seconds
[2025-09-22T00:15:45.851+0000] {processor.py:186} INFO - Started process (PID=7168) to work on /home/airflow/.local/lib/python3.12/site-packages/airflow/example_dags/example_skip_dag.py
[2025-09-22T00:15:45.852+0000] {processor.py:914} INFO - Processing file /home/airflow/.local/lib/python3.12/site-packages/airflow/example_dags/example_skip_dag.py for tasks to queue
[2025-09-22T00:15:45.854+0000] {logging_mixin.py:190} INFO - [2025-09-22T00:15:45.854+0000] {dagbag.py:588} INFO - Filling up the DagBag from /home/airflow/.local/lib/python3.12/site-packages/airflow/example_dags/example_skip_dag.py
[2025-09-22T00:15:45.862+0000] {processor.py:925} INFO - DAG(s) 'example_skip_dag' retrieved from /home/airflow/.local/lib/python3.12/site-packages/airflow/example_dags/example_skip_dag.py
[2025-09-22T00:15:45.884+0000] {logging_mixin.py:190} INFO - [2025-09-22T00:15:45.884+0000] {dag.py:3239} INFO - Sync 1 DAGs
[2025-09-22T00:15:45.911+0000] {logging_mixin.py:190} INFO - [2025-09-22T00:15:45.911+0000] {dag.py:4180} INFO - Setting next_dagrun for example_skip_dag to 2025-09-21 00:00:00+00:00, run_after=2025-09-22 00:00:00+00:00
[2025-09-22T00:15:45.977+0000] {processor.py:208} INFO - Processing /home/airflow/.local/lib/python3.12/site-packages/airflow/example_dags/example_skip_dag.py took 0.132 seconds
[2025-09-22T00:16:16.325+0000] {processor.py:186} INFO - Started process (PID=7232) to work on /home/airflow/.local/lib/python3.12/site-packages/airflow/example_dags/example_skip_dag.py
[2025-09-22T00:16:16.326+0000] {processor.py:914} INFO - Processing file /home/airflow/.local/lib/python3.12/site-packages/airflow/example_dags/example_skip_dag.py for tasks to queue
[2025-09-22T00:16:16.328+0000] {logging_mixin.py:190} INFO - [2025-09-22T00:16:16.328+0000] {dagbag.py:588} INFO - Filling up the DagBag from /home/airflow/.local/lib/python3.12/site-packages/airflow/example_dags/example_skip_dag.py
[2025-09-22T00:16:16.338+0000] {processor.py:925} INFO - DAG(s) 'example_skip_dag' retrieved from /home/airflow/.local/lib/python3.12/site-packages/airflow/example_dags/example_skip_dag.py
[2025-09-22T00:16:16.360+0000] {logging_mixin.py:190} INFO - [2025-09-22T00:16:16.360+0000] {dag.py:3239} INFO - Sync 1 DAGs
[2025-09-22T00:16:16.385+0000] {logging_mixin.py:190} INFO - [2025-09-22T00:16:16.385+0000] {dag.py:4180} INFO - Setting next_dagrun for example_skip_dag to 2025-09-21 00:00:00+00:00, run_after=2025-09-22 00:00:00+00:00
[2025-09-22T00:16:16.432+0000] {processor.py:208} INFO - Processing /home/airflow/.local/lib/python3.12/site-packages/airflow/example_dags/example_skip_dag.py took 0.113 seconds
[2025-09-22T00:16:47.959+0000] {processor.py:186} INFO - Started process (PID=7296) to work on /home/airflow/.local/lib/python3.12/site-packages/airflow/example_dags/example_skip_dag.py
[2025-09-22T00:16:47.960+0000] {processor.py:914} INFO - Processing file /home/airflow/.local/lib/python3.12/site-packages/airflow/example_dags/example_skip_dag.py for tasks to queue
[2025-09-22T00:16:47.962+0000] {logging_mixin.py:190} INFO - [2025-09-22T00:16:47.962+0000] {dagbag.py:588} INFO - Filling up the DagBag from /home/airflow/.local/lib/python3.12/site-packages/airflow/example_dags/example_skip_dag.py
[2025-09-22T00:16:47.970+0000] {processor.py:925} INFO - DAG(s) 'example_skip_dag' retrieved from /home/airflow/.local/lib/python3.12/site-packages/airflow/example_dags/example_skip_dag.py
[2025-09-22T00:16:47.992+0000] {logging_mixin.py:190} INFO - [2025-09-22T00:16:47.992+0000] {dag.py:3239} INFO - Sync 1 DAGs
[2025-09-22T00:16:48.015+0000] {logging_mixin.py:190} INFO - [2025-09-22T00:16:48.015+0000] {dag.py:4180} INFO - Setting next_dagrun for example_skip_dag to 2025-09-21 00:00:00+00:00, run_after=2025-09-22 00:00:00+00:00
[2025-09-22T00:16:48.063+0000] {processor.py:208} INFO - Processing /home/airflow/.local/lib/python3.12/site-packages/airflow/example_dags/example_skip_dag.py took 0.110 seconds
[2025-09-22T00:17:18.444+0000] {processor.py:186} INFO - Started process (PID=7360) to work on /home/airflow/.local/lib/python3.12/site-packages/airflow/example_dags/example_skip_dag.py
[2025-09-22T00:17:18.445+0000] {processor.py:914} INFO - Processing file /home/airflow/.local/lib/python3.12/site-packages/airflow/example_dags/example_skip_dag.py for tasks to queue
[2025-09-22T00:17:18.447+0000] {logging_mixin.py:190} INFO - [2025-09-22T00:17:18.447+0000] {dagbag.py:588} INFO - Filling up the DagBag from /home/airflow/.local/lib/python3.12/site-packages/airflow/example_dags/example_skip_dag.py
[2025-09-22T00:17:18.455+0000] {processor.py:925} INFO - DAG(s) 'example_skip_dag' retrieved from /home/airflow/.local/lib/python3.12/site-packages/airflow/example_dags/example_skip_dag.py
[2025-09-22T00:17:18.475+0000] {logging_mixin.py:190} INFO - [2025-09-22T00:17:18.475+0000] {dag.py:3239} INFO - Sync 1 DAGs
[2025-09-22T00:17:18.500+0000] {logging_mixin.py:190} INFO - [2025-09-22T00:17:18.500+0000] {dag.py:4180} INFO - Setting next_dagrun for example_skip_dag to 2025-09-21 00:00:00+00:00, run_after=2025-09-22 00:00:00+00:00
[2025-09-22T00:17:18.548+0000] {processor.py:208} INFO - Processing /home/airflow/.local/lib/python3.12/site-packages/airflow/example_dags/example_skip_dag.py took 0.110 seconds
[2025-09-22T00:17:49.378+0000] {processor.py:186} INFO - Started process (PID=7424) to work on /home/airflow/.local/lib/python3.12/site-packages/airflow/example_dags/example_skip_dag.py
[2025-09-22T00:17:49.379+0000] {processor.py:914} INFO - Processing file /home/airflow/.local/lib/python3.12/site-packages/airflow/example_dags/example_skip_dag.py for tasks to queue
[2025-09-22T00:17:49.381+0000] {logging_mixin.py:190} INFO - [2025-09-22T00:17:49.380+0000] {dagbag.py:588} INFO - Filling up the DagBag from /home/airflow/.local/lib/python3.12/site-packages/airflow/example_dags/example_skip_dag.py
[2025-09-22T00:17:49.387+0000] {processor.py:925} INFO - DAG(s) 'example_skip_dag' retrieved from /home/airflow/.local/lib/python3.12/site-packages/airflow/example_dags/example_skip_dag.py
[2025-09-22T00:17:49.406+0000] {logging_mixin.py:190} INFO - [2025-09-22T00:17:49.406+0000] {dag.py:3239} INFO - Sync 1 DAGs
[2025-09-22T00:17:49.426+0000] {logging_mixin.py:190} INFO - [2025-09-22T00:17:49.426+0000] {dag.py:4180} INFO - Setting next_dagrun for example_skip_dag to 2025-09-21 00:00:00+00:00, run_after=2025-09-22 00:00:00+00:00
[2025-09-22T00:17:49.492+0000] {processor.py:208} INFO - Processing /home/airflow/.local/lib/python3.12/site-packages/airflow/example_dags/example_skip_dag.py took 0.122 seconds
[2025-09-22T00:18:19.634+0000] {processor.py:186} INFO - Started process (PID=7488) to work on /home/airflow/.local/lib/python3.12/site-packages/airflow/example_dags/example_skip_dag.py
[2025-09-22T00:18:19.635+0000] {processor.py:914} INFO - Processing file /home/airflow/.local/lib/python3.12/site-packages/airflow/example_dags/example_skip_dag.py for tasks to queue
[2025-09-22T00:18:19.637+0000] {logging_mixin.py:190} INFO - [2025-09-22T00:18:19.637+0000] {dagbag.py:588} INFO - Filling up the DagBag from /home/airflow/.local/lib/python3.12/site-packages/airflow/example_dags/example_skip_dag.py
[2025-09-22T00:18:19.643+0000] {processor.py:925} INFO - DAG(s) 'example_skip_dag' retrieved from /home/airflow/.local/lib/python3.12/site-packages/airflow/example_dags/example_skip_dag.py
[2025-09-22T00:18:19.662+0000] {logging_mixin.py:190} INFO - [2025-09-22T00:18:19.662+0000] {dag.py:3239} INFO - Sync 1 DAGs
[2025-09-22T00:18:19.683+0000] {logging_mixin.py:190} INFO - [2025-09-22T00:18:19.683+0000] {dag.py:4180} INFO - Setting next_dagrun for example_skip_dag to 2025-09-21 00:00:00+00:00, run_after=2025-09-22 00:00:00+00:00
[2025-09-22T00:18:19.756+0000] {processor.py:208} INFO - Processing /home/airflow/.local/lib/python3.12/site-packages/airflow/example_dags/example_skip_dag.py took 0.127 seconds
[2025-09-22T00:18:50.032+0000] {processor.py:186} INFO - Started process (PID=7552) to work on /home/airflow/.local/lib/python3.12/site-packages/airflow/example_dags/example_skip_dag.py
[2025-09-22T00:18:50.033+0000] {processor.py:914} INFO - Processing file /home/airflow/.local/lib/python3.12/site-packages/airflow/example_dags/example_skip_dag.py for tasks to queue
[2025-09-22T00:18:50.035+0000] {logging_mixin.py:190} INFO - [2025-09-22T00:18:50.035+0000] {dagbag.py:588} INFO - Filling up the DagBag from /home/airflow/.local/lib/python3.12/site-packages/airflow/example_dags/example_skip_dag.py
[2025-09-22T00:18:50.041+0000] {processor.py:925} INFO - DAG(s) 'example_skip_dag' retrieved from /home/airflow/.local/lib/python3.12/site-packages/airflow/example_dags/example_skip_dag.py
[2025-09-22T00:18:50.060+0000] {logging_mixin.py:190} INFO - [2025-09-22T00:18:50.060+0000] {dag.py:3239} INFO - Sync 1 DAGs
[2025-09-22T00:18:50.080+0000] {logging_mixin.py:190} INFO - [2025-09-22T00:18:50.080+0000] {dag.py:4180} INFO - Setting next_dagrun for example_skip_dag to 2025-09-21 00:00:00+00:00, run_after=2025-09-22 00:00:00+00:00
[2025-09-22T00:18:50.122+0000] {processor.py:208} INFO - Processing /home/airflow/.local/lib/python3.12/site-packages/airflow/example_dags/example_skip_dag.py took 0.095 seconds
[2025-09-22T00:19:21.083+0000] {processor.py:186} INFO - Started process (PID=7616) to work on /home/airflow/.local/lib/python3.12/site-packages/airflow/example_dags/example_skip_dag.py
[2025-09-22T00:19:21.084+0000] {processor.py:914} INFO - Processing file /home/airflow/.local/lib/python3.12/site-packages/airflow/example_dags/example_skip_dag.py for tasks to queue
[2025-09-22T00:19:21.087+0000] {logging_mixin.py:190} INFO - [2025-09-22T00:19:21.086+0000] {dagbag.py:588} INFO - Filling up the DagBag from /home/airflow/.local/lib/python3.12/site-packages/airflow/example_dags/example_skip_dag.py
[2025-09-22T00:19:21.094+0000] {processor.py:925} INFO - DAG(s) 'example_skip_dag' retrieved from /home/airflow/.local/lib/python3.12/site-packages/airflow/example_dags/example_skip_dag.py
[2025-09-22T00:19:21.117+0000] {logging_mixin.py:190} INFO - [2025-09-22T00:19:21.117+0000] {dag.py:3239} INFO - Sync 1 DAGs
[2025-09-22T00:19:21.140+0000] {logging_mixin.py:190} INFO - [2025-09-22T00:19:21.140+0000] {dag.py:4180} INFO - Setting next_dagrun for example_skip_dag to 2025-09-21 00:00:00+00:00, run_after=2025-09-22 00:00:00+00:00
[2025-09-22T00:19:21.180+0000] {processor.py:208} INFO - Processing /home/airflow/.local/lib/python3.12/site-packages/airflow/example_dags/example_skip_dag.py took 0.103 seconds
[2025-09-22T00:19:51.883+0000] {processor.py:186} INFO - Started process (PID=7680) to work on /home/airflow/.local/lib/python3.12/site-packages/airflow/example_dags/example_skip_dag.py
[2025-09-22T00:19:51.884+0000] {processor.py:914} INFO - Processing file /home/airflow/.local/lib/python3.12/site-packages/airflow/example_dags/example_skip_dag.py for tasks to queue
[2025-09-22T00:19:51.886+0000] {logging_mixin.py:190} INFO - [2025-09-22T00:19:51.886+0000] {dagbag.py:588} INFO - Filling up the DagBag from /home/airflow/.local/lib/python3.12/site-packages/airflow/example_dags/example_skip_dag.py
[2025-09-22T00:19:51.893+0000] {processor.py:925} INFO - DAG(s) 'example_skip_dag' retrieved from /home/airflow/.local/lib/python3.12/site-packages/airflow/example_dags/example_skip_dag.py
[2025-09-22T00:19:51.912+0000] {logging_mixin.py:190} INFO - [2025-09-22T00:19:51.912+0000] {dag.py:3239} INFO - Sync 1 DAGs
[2025-09-22T00:19:51.930+0000] {logging_mixin.py:190} INFO - [2025-09-22T00:19:51.930+0000] {dag.py:4180} INFO - Setting next_dagrun for example_skip_dag to 2025-09-21 00:00:00+00:00, run_after=2025-09-22 00:00:00+00:00
[2025-09-22T00:19:51.987+0000] {processor.py:208} INFO - Processing /home/airflow/.local/lib/python3.12/site-packages/airflow/example_dags/example_skip_dag.py took 0.109 seconds
[2025-09-22T00:20:22.275+0000] {processor.py:186} INFO - Started process (PID=7744) to work on /home/airflow/.local/lib/python3.12/site-packages/airflow/example_dags/example_skip_dag.py
[2025-09-22T00:20:22.276+0000] {processor.py:914} INFO - Processing file /home/airflow/.local/lib/python3.12/site-packages/airflow/example_dags/example_skip_dag.py for tasks to queue
[2025-09-22T00:20:22.278+0000] {logging_mixin.py:190} INFO - [2025-09-22T00:20:22.278+0000] {dagbag.py:588} INFO - Filling up the DagBag from /home/airflow/.local/lib/python3.12/site-packages/airflow/example_dags/example_skip_dag.py
[2025-09-22T00:20:22.285+0000] {processor.py:925} INFO - DAG(s) 'example_skip_dag' retrieved from /home/airflow/.local/lib/python3.12/site-packages/airflow/example_dags/example_skip_dag.py
[2025-09-22T00:20:22.304+0000] {logging_mixin.py:190} INFO - [2025-09-22T00:20:22.303+0000] {dag.py:3239} INFO - Sync 1 DAGs
[2025-09-22T00:20:22.323+0000] {logging_mixin.py:190} INFO - [2025-09-22T00:20:22.323+0000] {dag.py:4180} INFO - Setting next_dagrun for example_skip_dag to 2025-09-21 00:00:00+00:00, run_after=2025-09-22 00:00:00+00:00
[2025-09-22T00:20:22.366+0000] {processor.py:208} INFO - Processing /home/airflow/.local/lib/python3.12/site-packages/airflow/example_dags/example_skip_dag.py took 0.098 seconds
[2025-09-22T00:20:52.773+0000] {processor.py:186} INFO - Started process (PID=7808) to work on /home/airflow/.local/lib/python3.12/site-packages/airflow/example_dags/example_skip_dag.py
[2025-09-22T00:20:52.774+0000] {processor.py:914} INFO - Processing file /home/airflow/.local/lib/python3.12/site-packages/airflow/example_dags/example_skip_dag.py for tasks to queue
[2025-09-22T00:20:52.776+0000] {logging_mixin.py:190} INFO - [2025-09-22T00:20:52.776+0000] {dagbag.py:588} INFO - Filling up the DagBag from /home/airflow/.local/lib/python3.12/site-packages/airflow/example_dags/example_skip_dag.py
[2025-09-22T00:20:52.783+0000] {processor.py:925} INFO - DAG(s) 'example_skip_dag' retrieved from /home/airflow/.local/lib/python3.12/site-packages/airflow/example_dags/example_skip_dag.py
[2025-09-22T00:20:52.801+0000] {logging_mixin.py:190} INFO - [2025-09-22T00:20:52.801+0000] {dag.py:3239} INFO - Sync 1 DAGs
[2025-09-22T00:20:52.825+0000] {logging_mixin.py:190} INFO - [2025-09-22T00:20:52.825+0000] {dag.py:4180} INFO - Setting next_dagrun for example_skip_dag to 2025-09-21 00:00:00+00:00, run_after=2025-09-22 00:00:00+00:00
[2025-09-22T00:20:52.869+0000] {processor.py:208} INFO - Processing /home/airflow/.local/lib/python3.12/site-packages/airflow/example_dags/example_skip_dag.py took 0.101 seconds
[2025-09-22T00:21:23.094+0000] {processor.py:186} INFO - Started process (PID=7872) to work on /home/airflow/.local/lib/python3.12/site-packages/airflow/example_dags/example_skip_dag.py
[2025-09-22T00:21:23.095+0000] {processor.py:914} INFO - Processing file /home/airflow/.local/lib/python3.12/site-packages/airflow/example_dags/example_skip_dag.py for tasks to queue
[2025-09-22T00:21:23.097+0000] {logging_mixin.py:190} INFO - [2025-09-22T00:21:23.096+0000] {dagbag.py:588} INFO - Filling up the DagBag from /home/airflow/.local/lib/python3.12/site-packages/airflow/example_dags/example_skip_dag.py
[2025-09-22T00:21:23.103+0000] {processor.py:925} INFO - DAG(s) 'example_skip_dag' retrieved from /home/airflow/.local/lib/python3.12/site-packages/airflow/example_dags/example_skip_dag.py
[2025-09-22T00:21:23.122+0000] {logging_mixin.py:190} INFO - [2025-09-22T00:21:23.122+0000] {dag.py:3239} INFO - Sync 1 DAGs
[2025-09-22T00:21:23.143+0000] {logging_mixin.py:190} INFO - [2025-09-22T00:21:23.142+0000] {dag.py:4180} INFO - Setting next_dagrun for example_skip_dag to 2025-09-21 00:00:00+00:00, run_after=2025-09-22 00:00:00+00:00
[2025-09-22T00:21:23.184+0000] {processor.py:208} INFO - Processing /home/airflow/.local/lib/python3.12/site-packages/airflow/example_dags/example_skip_dag.py took 0.095 seconds
[2025-09-22T00:21:54.028+0000] {processor.py:186} INFO - Started process (PID=7936) to work on /home/airflow/.local/lib/python3.12/site-packages/airflow/example_dags/example_skip_dag.py
[2025-09-22T00:21:54.029+0000] {processor.py:914} INFO - Processing file /home/airflow/.local/lib/python3.12/site-packages/airflow/example_dags/example_skip_dag.py for tasks to queue
[2025-09-22T00:21:54.031+0000] {logging_mixin.py:190} INFO - [2025-09-22T00:21:54.031+0000] {dagbag.py:588} INFO - Filling up the DagBag from /home/airflow/.local/lib/python3.12/site-packages/airflow/example_dags/example_skip_dag.py
[2025-09-22T00:21:54.038+0000] {processor.py:925} INFO - DAG(s) 'example_skip_dag' retrieved from /home/airflow/.local/lib/python3.12/site-packages/airflow/example_dags/example_skip_dag.py
[2025-09-22T00:21:54.058+0000] {logging_mixin.py:190} INFO - [2025-09-22T00:21:54.058+0000] {dag.py:3239} INFO - Sync 1 DAGs
[2025-09-22T00:21:54.082+0000] {logging_mixin.py:190} INFO - [2025-09-22T00:21:54.082+0000] {dag.py:4180} INFO - Setting next_dagrun for example_skip_dag to 2025-09-21 00:00:00+00:00, run_after=2025-09-22 00:00:00+00:00
[2025-09-22T00:21:54.130+0000] {processor.py:208} INFO - Processing /home/airflow/.local/lib/python3.12/site-packages/airflow/example_dags/example_skip_dag.py took 0.107 seconds
[2025-09-22T00:22:24.339+0000] {processor.py:186} INFO - Started process (PID=8000) to work on /home/airflow/.local/lib/python3.12/site-packages/airflow/example_dags/example_skip_dag.py
[2025-09-22T00:22:24.340+0000] {processor.py:914} INFO - Processing file /home/airflow/.local/lib/python3.12/site-packages/airflow/example_dags/example_skip_dag.py for tasks to queue
[2025-09-22T00:22:24.344+0000] {logging_mixin.py:190} INFO - [2025-09-22T00:22:24.343+0000] {dagbag.py:588} INFO - Filling up the DagBag from /home/airflow/.local/lib/python3.12/site-packages/airflow/example_dags/example_skip_dag.py
[2025-09-22T00:22:24.352+0000] {processor.py:925} INFO - DAG(s) 'example_skip_dag' retrieved from /home/airflow/.local/lib/python3.12/site-packages/airflow/example_dags/example_skip_dag.py
[2025-09-22T00:22:24.375+0000] {logging_mixin.py:190} INFO - [2025-09-22T00:22:24.375+0000] {dag.py:3239} INFO - Sync 1 DAGs
[2025-09-22T00:22:24.396+0000] {logging_mixin.py:190} INFO - [2025-09-22T00:22:24.396+0000] {dag.py:4180} INFO - Setting next_dagrun for example_skip_dag to 2025-09-21 00:00:00+00:00, run_after=2025-09-22 00:00:00+00:00
[2025-09-22T00:22:24.436+0000] {processor.py:208} INFO - Processing /home/airflow/.local/lib/python3.12/site-packages/airflow/example_dags/example_skip_dag.py took 0.102 seconds
[2025-09-22T00:22:55.034+0000] {processor.py:186} INFO - Started process (PID=8064) to work on /home/airflow/.local/lib/python3.12/site-packages/airflow/example_dags/example_skip_dag.py
[2025-09-22T00:22:55.035+0000] {processor.py:914} INFO - Processing file /home/airflow/.local/lib/python3.12/site-packages/airflow/example_dags/example_skip_dag.py for tasks to queue
[2025-09-22T00:22:55.037+0000] {logging_mixin.py:190} INFO - [2025-09-22T00:22:55.037+0000] {dagbag.py:588} INFO - Filling up the DagBag from /home/airflow/.local/lib/python3.12/site-packages/airflow/example_dags/example_skip_dag.py
[2025-09-22T00:22:55.044+0000] {processor.py:925} INFO - DAG(s) 'example_skip_dag' retrieved from /home/airflow/.local/lib/python3.12/site-packages/airflow/example_dags/example_skip_dag.py
[2025-09-22T00:22:55.063+0000] {logging_mixin.py:190} INFO - [2025-09-22T00:22:55.063+0000] {dag.py:3239} INFO - Sync 1 DAGs
[2025-09-22T00:22:55.082+0000] {logging_mixin.py:190} INFO - [2025-09-22T00:22:55.082+0000] {dag.py:4180} INFO - Setting next_dagrun for example_skip_dag to 2025-09-21 00:00:00+00:00, run_after=2025-09-22 00:00:00+00:00
[2025-09-22T00:22:55.125+0000] {processor.py:208} INFO - Processing /home/airflow/.local/lib/python3.12/site-packages/airflow/example_dags/example_skip_dag.py took 0.096 seconds
[2025-09-22T00:23:25.769+0000] {processor.py:186} INFO - Started process (PID=8128) to work on /home/airflow/.local/lib/python3.12/site-packages/airflow/example_dags/example_skip_dag.py
[2025-09-22T00:23:25.769+0000] {processor.py:914} INFO - Processing file /home/airflow/.local/lib/python3.12/site-packages/airflow/example_dags/example_skip_dag.py for tasks to queue
[2025-09-22T00:23:25.771+0000] {logging_mixin.py:190} INFO - [2025-09-22T00:23:25.771+0000] {dagbag.py:588} INFO - Filling up the DagBag from /home/airflow/.local/lib/python3.12/site-packages/airflow/example_dags/example_skip_dag.py
[2025-09-22T00:23:25.778+0000] {processor.py:925} INFO - DAG(s) 'example_skip_dag' retrieved from /home/airflow/.local/lib/python3.12/site-packages/airflow/example_dags/example_skip_dag.py
[2025-09-22T00:23:25.797+0000] {logging_mixin.py:190} INFO - [2025-09-22T00:23:25.796+0000] {dag.py:3239} INFO - Sync 1 DAGs
[2025-09-22T00:23:25.816+0000] {logging_mixin.py:190} INFO - [2025-09-22T00:23:25.816+0000] {dag.py:4180} INFO - Setting next_dagrun for example_skip_dag to 2025-09-21 00:00:00+00:00, run_after=2025-09-22 00:00:00+00:00
[2025-09-22T00:23:25.858+0000] {processor.py:208} INFO - Processing /home/airflow/.local/lib/python3.12/site-packages/airflow/example_dags/example_skip_dag.py took 0.094 seconds
[2025-09-22T00:23:56.691+0000] {processor.py:186} INFO - Started process (PID=8192) to work on /home/airflow/.local/lib/python3.12/site-packages/airflow/example_dags/example_skip_dag.py
[2025-09-22T00:23:56.692+0000] {processor.py:914} INFO - Processing file /home/airflow/.local/lib/python3.12/site-packages/airflow/example_dags/example_skip_dag.py for tasks to queue
[2025-09-22T00:23:56.694+0000] {logging_mixin.py:190} INFO - [2025-09-22T00:23:56.694+0000] {dagbag.py:588} INFO - Filling up the DagBag from /home/airflow/.local/lib/python3.12/site-packages/airflow/example_dags/example_skip_dag.py
[2025-09-22T00:23:56.701+0000] {processor.py:925} INFO - DAG(s) 'example_skip_dag' retrieved from /home/airflow/.local/lib/python3.12/site-packages/airflow/example_dags/example_skip_dag.py
[2025-09-22T00:23:56.720+0000] {logging_mixin.py:190} INFO - [2025-09-22T00:23:56.719+0000] {dag.py:3239} INFO - Sync 1 DAGs
[2025-09-22T00:23:56.739+0000] {logging_mixin.py:190} INFO - [2025-09-22T00:23:56.739+0000] {dag.py:4180} INFO - Setting next_dagrun for example_skip_dag to 2025-09-21 00:00:00+00:00, run_after=2025-09-22 00:00:00+00:00
[2025-09-22T00:23:56.774+0000] {processor.py:208} INFO - Processing /home/airflow/.local/lib/python3.12/site-packages/airflow/example_dags/example_skip_dag.py took 0.088 seconds
[2025-09-22T00:24:27.686+0000] {processor.py:186} INFO - Started process (PID=8256) to work on /home/airflow/.local/lib/python3.12/site-packages/airflow/example_dags/example_skip_dag.py
[2025-09-22T00:24:27.687+0000] {processor.py:914} INFO - Processing file /home/airflow/.local/lib/python3.12/site-packages/airflow/example_dags/example_skip_dag.py for tasks to queue
[2025-09-22T00:24:27.690+0000] {logging_mixin.py:190} INFO - [2025-09-22T00:24:27.690+0000] {dagbag.py:588} INFO - Filling up the DagBag from /home/airflow/.local/lib/python3.12/site-packages/airflow/example_dags/example_skip_dag.py
[2025-09-22T00:24:27.699+0000] {processor.py:925} INFO - DAG(s) 'example_skip_dag' retrieved from /home/airflow/.local/lib/python3.12/site-packages/airflow/example_dags/example_skip_dag.py
[2025-09-22T00:24:27.724+0000] {logging_mixin.py:190} INFO - [2025-09-22T00:24:27.724+0000] {dag.py:3239} INFO - Sync 1 DAGs
[2025-09-22T00:24:27.745+0000] {logging_mixin.py:190} INFO - [2025-09-22T00:24:27.745+0000] {dag.py:4180} INFO - Setting next_dagrun for example_skip_dag to 2025-09-21 00:00:00+00:00, run_after=2025-09-22 00:00:00+00:00
[2025-09-22T00:24:27.787+0000] {processor.py:208} INFO - Processing /home/airflow/.local/lib/python3.12/site-packages/airflow/example_dags/example_skip_dag.py took 0.108 seconds
[2025-09-22T00:24:58.666+0000] {processor.py:186} INFO - Started process (PID=8320) to work on /home/airflow/.local/lib/python3.12/site-packages/airflow/example_dags/example_skip_dag.py
[2025-09-22T00:24:58.667+0000] {processor.py:914} INFO - Processing file /home/airflow/.local/lib/python3.12/site-packages/airflow/example_dags/example_skip_dag.py for tasks to queue
[2025-09-22T00:24:58.672+0000] {logging_mixin.py:190} INFO - [2025-09-22T00:24:58.672+0000] {dagbag.py:588} INFO - Filling up the DagBag from /home/airflow/.local/lib/python3.12/site-packages/airflow/example_dags/example_skip_dag.py
[2025-09-22T00:24:58.679+0000] {processor.py:925} INFO - DAG(s) 'example_skip_dag' retrieved from /home/airflow/.local/lib/python3.12/site-packages/airflow/example_dags/example_skip_dag.py
[2025-09-22T00:24:58.698+0000] {logging_mixin.py:190} INFO - [2025-09-22T00:24:58.698+0000] {dag.py:3239} INFO - Sync 1 DAGs
[2025-09-22T00:24:58.718+0000] {logging_mixin.py:190} INFO - [2025-09-22T00:24:58.718+0000] {dag.py:4180} INFO - Setting next_dagrun for example_skip_dag to 2025-09-21 00:00:00+00:00, run_after=2025-09-22 00:00:00+00:00
[2025-09-22T00:24:58.758+0000] {processor.py:208} INFO - Processing /home/airflow/.local/lib/python3.12/site-packages/airflow/example_dags/example_skip_dag.py took 0.097 seconds
[2025-09-22T00:25:28.915+0000] {processor.py:186} INFO - Started process (PID=8384) to work on /home/airflow/.local/lib/python3.12/site-packages/airflow/example_dags/example_skip_dag.py
[2025-09-22T00:25:28.916+0000] {processor.py:914} INFO - Processing file /home/airflow/.local/lib/python3.12/site-packages/airflow/example_dags/example_skip_dag.py for tasks to queue
[2025-09-22T00:25:28.918+0000] {logging_mixin.py:190} INFO - [2025-09-22T00:25:28.918+0000] {dagbag.py:588} INFO - Filling up the DagBag from /home/airflow/.local/lib/python3.12/site-packages/airflow/example_dags/example_skip_dag.py
[2025-09-22T00:25:28.925+0000] {processor.py:925} INFO - DAG(s) 'example_skip_dag' retrieved from /home/airflow/.local/lib/python3.12/site-packages/airflow/example_dags/example_skip_dag.py
[2025-09-22T00:25:28.948+0000] {logging_mixin.py:190} INFO - [2025-09-22T00:25:28.947+0000] {dag.py:3239} INFO - Sync 1 DAGs
[2025-09-22T00:25:28.968+0000] {logging_mixin.py:190} INFO - [2025-09-22T00:25:28.968+0000] {dag.py:4180} INFO - Setting next_dagrun for example_skip_dag to 2025-09-21 00:00:00+00:00, run_after=2025-09-22 00:00:00+00:00
[2025-09-22T00:25:29.014+0000] {processor.py:208} INFO - Processing /home/airflow/.local/lib/python3.12/site-packages/airflow/example_dags/example_skip_dag.py took 0.103 seconds
[2025-09-22T00:25:59.859+0000] {processor.py:186} INFO - Started process (PID=8448) to work on /home/airflow/.local/lib/python3.12/site-packages/airflow/example_dags/example_skip_dag.py
[2025-09-22T00:25:59.860+0000] {processor.py:914} INFO - Processing file /home/airflow/.local/lib/python3.12/site-packages/airflow/example_dags/example_skip_dag.py for tasks to queue
[2025-09-22T00:25:59.862+0000] {logging_mixin.py:190} INFO - [2025-09-22T00:25:59.861+0000] {dagbag.py:588} INFO - Filling up the DagBag from /home/airflow/.local/lib/python3.12/site-packages/airflow/example_dags/example_skip_dag.py
[2025-09-22T00:25:59.869+0000] {processor.py:925} INFO - DAG(s) 'example_skip_dag' retrieved from /home/airflow/.local/lib/python3.12/site-packages/airflow/example_dags/example_skip_dag.py
[2025-09-22T00:25:59.887+0000] {logging_mixin.py:190} INFO - [2025-09-22T00:25:59.887+0000] {dag.py:3239} INFO - Sync 1 DAGs
[2025-09-22T00:25:59.907+0000] {logging_mixin.py:190} INFO - [2025-09-22T00:25:59.907+0000] {dag.py:4180} INFO - Setting next_dagrun for example_skip_dag to 2025-09-21 00:00:00+00:00, run_after=2025-09-22 00:00:00+00:00
[2025-09-22T00:25:59.952+0000] {processor.py:208} INFO - Processing /home/airflow/.local/lib/python3.12/site-packages/airflow/example_dags/example_skip_dag.py took 0.099 seconds
[2025-09-22T00:26:30.280+0000] {processor.py:186} INFO - Started process (PID=8512) to work on /home/airflow/.local/lib/python3.12/site-packages/airflow/example_dags/example_skip_dag.py
[2025-09-22T00:26:30.281+0000] {processor.py:914} INFO - Processing file /home/airflow/.local/lib/python3.12/site-packages/airflow/example_dags/example_skip_dag.py for tasks to queue
[2025-09-22T00:26:30.283+0000] {logging_mixin.py:190} INFO - [2025-09-22T00:26:30.283+0000] {dagbag.py:588} INFO - Filling up the DagBag from /home/airflow/.local/lib/python3.12/site-packages/airflow/example_dags/example_skip_dag.py
[2025-09-22T00:26:30.291+0000] {processor.py:925} INFO - DAG(s) 'example_skip_dag' retrieved from /home/airflow/.local/lib/python3.12/site-packages/airflow/example_dags/example_skip_dag.py
[2025-09-22T00:26:30.311+0000] {logging_mixin.py:190} INFO - [2025-09-22T00:26:30.310+0000] {dag.py:3239} INFO - Sync 1 DAGs
[2025-09-22T00:26:30.333+0000] {logging_mixin.py:190} INFO - [2025-09-22T00:26:30.333+0000] {dag.py:4180} INFO - Setting next_dagrun for example_skip_dag to 2025-09-21 00:00:00+00:00, run_after=2025-09-22 00:00:00+00:00
[2025-09-22T00:26:30.374+0000] {processor.py:208} INFO - Processing /home/airflow/.local/lib/python3.12/site-packages/airflow/example_dags/example_skip_dag.py took 0.100 seconds
[2025-09-22T00:27:02.556+0000] {processor.py:186} INFO - Started process (PID=8569) to work on /home/airflow/.local/lib/python3.12/site-packages/airflow/example_dags/example_skip_dag.py
[2025-09-22T00:27:02.557+0000] {processor.py:914} INFO - Processing file /home/airflow/.local/lib/python3.12/site-packages/airflow/example_dags/example_skip_dag.py for tasks to queue
[2025-09-22T00:27:02.559+0000] {logging_mixin.py:190} INFO - [2025-09-22T00:27:02.559+0000] {dagbag.py:588} INFO - Filling up the DagBag from /home/airflow/.local/lib/python3.12/site-packages/airflow/example_dags/example_skip_dag.py
[2025-09-22T00:27:02.567+0000] {processor.py:925} INFO - DAG(s) 'example_skip_dag' retrieved from /home/airflow/.local/lib/python3.12/site-packages/airflow/example_dags/example_skip_dag.py
[2025-09-22T00:27:02.588+0000] {logging_mixin.py:190} INFO - [2025-09-22T00:27:02.588+0000] {dag.py:3239} INFO - Sync 1 DAGs
[2025-09-22T00:27:02.611+0000] {logging_mixin.py:190} INFO - [2025-09-22T00:27:02.611+0000] {dag.py:4180} INFO - Setting next_dagrun for example_skip_dag to 2025-09-21 00:00:00+00:00, run_after=2025-09-22 00:00:00+00:00
[2025-09-22T00:27:02.658+0000] {processor.py:208} INFO - Processing /home/airflow/.local/lib/python3.12/site-packages/airflow/example_dags/example_skip_dag.py took 0.107 seconds
[2025-09-22T00:27:33.923+0000] {processor.py:186} INFO - Started process (PID=8633) to work on /home/airflow/.local/lib/python3.12/site-packages/airflow/example_dags/example_skip_dag.py
[2025-09-22T00:27:33.924+0000] {processor.py:914} INFO - Processing file /home/airflow/.local/lib/python3.12/site-packages/airflow/example_dags/example_skip_dag.py for tasks to queue
[2025-09-22T00:27:33.926+0000] {logging_mixin.py:190} INFO - [2025-09-22T00:27:33.926+0000] {dagbag.py:588} INFO - Filling up the DagBag from /home/airflow/.local/lib/python3.12/site-packages/airflow/example_dags/example_skip_dag.py
[2025-09-22T00:27:33.933+0000] {processor.py:925} INFO - DAG(s) 'example_skip_dag' retrieved from /home/airflow/.local/lib/python3.12/site-packages/airflow/example_dags/example_skip_dag.py
[2025-09-22T00:27:33.962+0000] {logging_mixin.py:190} INFO - [2025-09-22T00:27:33.962+0000] {dag.py:3239} INFO - Sync 1 DAGs
[2025-09-22T00:27:33.988+0000] {logging_mixin.py:190} INFO - [2025-09-22T00:27:33.987+0000] {dag.py:4180} INFO - Setting next_dagrun for example_skip_dag to 2025-09-21 00:00:00+00:00, run_after=2025-09-22 00:00:00+00:00
[2025-09-22T00:27:34.047+0000] {processor.py:208} INFO - Processing /home/airflow/.local/lib/python3.12/site-packages/airflow/example_dags/example_skip_dag.py took 0.131 seconds
[2025-09-22T00:28:04.354+0000] {processor.py:186} INFO - Started process (PID=8703) to work on /home/airflow/.local/lib/python3.12/site-packages/airflow/example_dags/example_skip_dag.py
[2025-09-22T00:28:04.355+0000] {processor.py:914} INFO - Processing file /home/airflow/.local/lib/python3.12/site-packages/airflow/example_dags/example_skip_dag.py for tasks to queue
[2025-09-22T00:28:04.357+0000] {logging_mixin.py:190} INFO - [2025-09-22T00:28:04.357+0000] {dagbag.py:588} INFO - Filling up the DagBag from /home/airflow/.local/lib/python3.12/site-packages/airflow/example_dags/example_skip_dag.py
[2025-09-22T00:28:04.364+0000] {processor.py:925} INFO - DAG(s) 'example_skip_dag' retrieved from /home/airflow/.local/lib/python3.12/site-packages/airflow/example_dags/example_skip_dag.py
[2025-09-22T00:28:04.385+0000] {logging_mixin.py:190} INFO - [2025-09-22T00:28:04.385+0000] {dag.py:3239} INFO - Sync 1 DAGs
[2025-09-22T00:28:04.407+0000] {logging_mixin.py:190} INFO - [2025-09-22T00:28:04.407+0000] {dag.py:4180} INFO - Setting next_dagrun for example_skip_dag to 2025-09-21 00:00:00+00:00, run_after=2025-09-22 00:00:00+00:00
[2025-09-22T00:28:04.453+0000] {processor.py:208} INFO - Processing /home/airflow/.local/lib/python3.12/site-packages/airflow/example_dags/example_skip_dag.py took 0.104 seconds
[2025-09-22T00:28:34.717+0000] {processor.py:186} INFO - Started process (PID=8767) to work on /home/airflow/.local/lib/python3.12/site-packages/airflow/example_dags/example_skip_dag.py
[2025-09-22T00:28:34.717+0000] {processor.py:914} INFO - Processing file /home/airflow/.local/lib/python3.12/site-packages/airflow/example_dags/example_skip_dag.py for tasks to queue
[2025-09-22T00:28:34.720+0000] {logging_mixin.py:190} INFO - [2025-09-22T00:28:34.719+0000] {dagbag.py:588} INFO - Filling up the DagBag from /home/airflow/.local/lib/python3.12/site-packages/airflow/example_dags/example_skip_dag.py
[2025-09-22T00:28:34.727+0000] {processor.py:925} INFO - DAG(s) 'example_skip_dag' retrieved from /home/airflow/.local/lib/python3.12/site-packages/airflow/example_dags/example_skip_dag.py
[2025-09-22T00:28:34.746+0000] {logging_mixin.py:190} INFO - [2025-09-22T00:28:34.745+0000] {dag.py:3239} INFO - Sync 1 DAGs
[2025-09-22T00:28:34.765+0000] {logging_mixin.py:190} INFO - [2025-09-22T00:28:34.765+0000] {dag.py:4180} INFO - Setting next_dagrun for example_skip_dag to 2025-09-21 00:00:00+00:00, run_after=2025-09-22 00:00:00+00:00
[2025-09-22T00:28:34.813+0000] {processor.py:208} INFO - Processing /home/airflow/.local/lib/python3.12/site-packages/airflow/example_dags/example_skip_dag.py took 0.102 seconds
[2025-09-22T00:29:04.997+0000] {processor.py:186} INFO - Started process (PID=8831) to work on /home/airflow/.local/lib/python3.12/site-packages/airflow/example_dags/example_skip_dag.py
[2025-09-22T00:29:04.998+0000] {processor.py:914} INFO - Processing file /home/airflow/.local/lib/python3.12/site-packages/airflow/example_dags/example_skip_dag.py for tasks to queue
[2025-09-22T00:29:05.000+0000] {logging_mixin.py:190} INFO - [2025-09-22T00:29:05.000+0000] {dagbag.py:588} INFO - Filling up the DagBag from /home/airflow/.local/lib/python3.12/site-packages/airflow/example_dags/example_skip_dag.py
[2025-09-22T00:29:05.007+0000] {processor.py:925} INFO - DAG(s) 'example_skip_dag' retrieved from /home/airflow/.local/lib/python3.12/site-packages/airflow/example_dags/example_skip_dag.py
[2025-09-22T00:29:05.026+0000] {logging_mixin.py:190} INFO - [2025-09-22T00:29:05.026+0000] {dag.py:3239} INFO - Sync 1 DAGs
[2025-09-22T00:29:05.045+0000] {logging_mixin.py:190} INFO - [2025-09-22T00:29:05.045+0000] {dag.py:4180} INFO - Setting next_dagrun for example_skip_dag to 2025-09-21 00:00:00+00:00, run_after=2025-09-22 00:00:00+00:00
[2025-09-22T00:29:05.119+0000] {processor.py:208} INFO - Processing /home/airflow/.local/lib/python3.12/site-packages/airflow/example_dags/example_skip_dag.py took 0.127 seconds
[2025-09-22T00:29:35.357+0000] {processor.py:186} INFO - Started process (PID=8895) to work on /home/airflow/.local/lib/python3.12/site-packages/airflow/example_dags/example_skip_dag.py
[2025-09-22T00:29:35.358+0000] {processor.py:914} INFO - Processing file /home/airflow/.local/lib/python3.12/site-packages/airflow/example_dags/example_skip_dag.py for tasks to queue
[2025-09-22T00:29:35.360+0000] {logging_mixin.py:190} INFO - [2025-09-22T00:29:35.360+0000] {dagbag.py:588} INFO - Filling up the DagBag from /home/airflow/.local/lib/python3.12/site-packages/airflow/example_dags/example_skip_dag.py
[2025-09-22T00:29:35.367+0000] {processor.py:925} INFO - DAG(s) 'example_skip_dag' retrieved from /home/airflow/.local/lib/python3.12/site-packages/airflow/example_dags/example_skip_dag.py
[2025-09-22T00:29:35.393+0000] {logging_mixin.py:190} INFO - [2025-09-22T00:29:35.393+0000] {dag.py:3239} INFO - Sync 1 DAGs
[2025-09-22T00:29:35.415+0000] {logging_mixin.py:190} INFO - [2025-09-22T00:29:35.415+0000] {dag.py:4180} INFO - Setting next_dagrun for example_skip_dag to 2025-09-21 00:00:00+00:00, run_after=2025-09-22 00:00:00+00:00
[2025-09-22T00:29:35.457+0000] {processor.py:208} INFO - Processing /home/airflow/.local/lib/python3.12/site-packages/airflow/example_dags/example_skip_dag.py took 0.104 seconds
[2025-09-22T00:30:06.897+0000] {processor.py:186} INFO - Started process (PID=8959) to work on /home/airflow/.local/lib/python3.12/site-packages/airflow/example_dags/example_skip_dag.py
[2025-09-22T00:30:06.898+0000] {processor.py:914} INFO - Processing file /home/airflow/.local/lib/python3.12/site-packages/airflow/example_dags/example_skip_dag.py for tasks to queue
[2025-09-22T00:30:06.900+0000] {logging_mixin.py:190} INFO - [2025-09-22T00:30:06.899+0000] {dagbag.py:588} INFO - Filling up the DagBag from /home/airflow/.local/lib/python3.12/site-packages/airflow/example_dags/example_skip_dag.py
[2025-09-22T00:30:06.907+0000] {processor.py:925} INFO - DAG(s) 'example_skip_dag' retrieved from /home/airflow/.local/lib/python3.12/site-packages/airflow/example_dags/example_skip_dag.py
[2025-09-22T00:30:06.925+0000] {logging_mixin.py:190} INFO - [2025-09-22T00:30:06.925+0000] {dag.py:3239} INFO - Sync 1 DAGs
[2025-09-22T00:30:06.945+0000] {logging_mixin.py:190} INFO - [2025-09-22T00:30:06.945+0000] {dag.py:4180} INFO - Setting next_dagrun for example_skip_dag to 2025-09-21 00:00:00+00:00, run_after=2025-09-22 00:00:00+00:00
[2025-09-22T00:30:06.980+0000] {processor.py:208} INFO - Processing /home/airflow/.local/lib/python3.12/site-packages/airflow/example_dags/example_skip_dag.py took 0.088 seconds
[2025-09-22T00:30:37.750+0000] {processor.py:186} INFO - Started process (PID=9022) to work on /home/airflow/.local/lib/python3.12/site-packages/airflow/example_dags/example_skip_dag.py
[2025-09-22T00:30:37.751+0000] {processor.py:914} INFO - Processing file /home/airflow/.local/lib/python3.12/site-packages/airflow/example_dags/example_skip_dag.py for tasks to queue
[2025-09-22T00:30:37.753+0000] {logging_mixin.py:190} INFO - [2025-09-22T00:30:37.753+0000] {dagbag.py:588} INFO - Filling up the DagBag from /home/airflow/.local/lib/python3.12/site-packages/airflow/example_dags/example_skip_dag.py
[2025-09-22T00:30:37.761+0000] {processor.py:925} INFO - DAG(s) 'example_skip_dag' retrieved from /home/airflow/.local/lib/python3.12/site-packages/airflow/example_dags/example_skip_dag.py
[2025-09-22T00:30:37.780+0000] {logging_mixin.py:190} INFO - [2025-09-22T00:30:37.780+0000] {dag.py:3239} INFO - Sync 1 DAGs
[2025-09-22T00:30:37.799+0000] {logging_mixin.py:190} INFO - [2025-09-22T00:30:37.799+0000] {dag.py:4180} INFO - Setting next_dagrun for example_skip_dag to 2025-09-21 00:00:00+00:00, run_after=2025-09-22 00:00:00+00:00
[2025-09-22T00:30:37.842+0000] {processor.py:208} INFO - Processing /home/airflow/.local/lib/python3.12/site-packages/airflow/example_dags/example_skip_dag.py took 0.101 seconds
[2025-09-22T00:31:08.001+0000] {processor.py:186} INFO - Started process (PID=9086) to work on /home/airflow/.local/lib/python3.12/site-packages/airflow/example_dags/example_skip_dag.py
[2025-09-22T00:31:08.002+0000] {processor.py:914} INFO - Processing file /home/airflow/.local/lib/python3.12/site-packages/airflow/example_dags/example_skip_dag.py for tasks to queue
[2025-09-22T00:31:08.004+0000] {logging_mixin.py:190} INFO - [2025-09-22T00:31:08.004+0000] {dagbag.py:588} INFO - Filling up the DagBag from /home/airflow/.local/lib/python3.12/site-packages/airflow/example_dags/example_skip_dag.py
[2025-09-22T00:31:08.011+0000] {processor.py:925} INFO - DAG(s) 'example_skip_dag' retrieved from /home/airflow/.local/lib/python3.12/site-packages/airflow/example_dags/example_skip_dag.py
[2025-09-22T00:31:08.030+0000] {logging_mixin.py:190} INFO - [2025-09-22T00:31:08.029+0000] {dag.py:3239} INFO - Sync 1 DAGs
[2025-09-22T00:31:08.049+0000] {logging_mixin.py:190} INFO - [2025-09-22T00:31:08.049+0000] {dag.py:4180} INFO - Setting next_dagrun for example_skip_dag to 2025-09-21 00:00:00+00:00, run_after=2025-09-22 00:00:00+00:00
[2025-09-22T00:31:08.090+0000] {processor.py:208} INFO - Processing /home/airflow/.local/lib/python3.12/site-packages/airflow/example_dags/example_skip_dag.py took 0.094 seconds
[2025-09-22T00:31:38.774+0000] {processor.py:186} INFO - Started process (PID=9149) to work on /home/airflow/.local/lib/python3.12/site-packages/airflow/example_dags/example_skip_dag.py
[2025-09-22T00:31:38.775+0000] {processor.py:914} INFO - Processing file /home/airflow/.local/lib/python3.12/site-packages/airflow/example_dags/example_skip_dag.py for tasks to queue
[2025-09-22T00:31:38.777+0000] {logging_mixin.py:190} INFO - [2025-09-22T00:31:38.777+0000] {dagbag.py:588} INFO - Filling up the DagBag from /home/airflow/.local/lib/python3.12/site-packages/airflow/example_dags/example_skip_dag.py
[2025-09-22T00:31:38.785+0000] {processor.py:925} INFO - DAG(s) 'example_skip_dag' retrieved from /home/airflow/.local/lib/python3.12/site-packages/airflow/example_dags/example_skip_dag.py
[2025-09-22T00:31:38.810+0000] {logging_mixin.py:190} INFO - [2025-09-22T00:31:38.809+0000] {dag.py:3239} INFO - Sync 1 DAGs
[2025-09-22T00:31:38.837+0000] {logging_mixin.py:190} INFO - [2025-09-22T00:31:38.837+0000] {dag.py:4180} INFO - Setting next_dagrun for example_skip_dag to 2025-09-21 00:00:00+00:00, run_after=2025-09-22 00:00:00+00:00
[2025-09-22T00:31:38.883+0000] {processor.py:208} INFO - Processing /home/airflow/.local/lib/python3.12/site-packages/airflow/example_dags/example_skip_dag.py took 0.115 seconds
[2025-09-22T00:32:09.778+0000] {processor.py:186} INFO - Started process (PID=9213) to work on /home/airflow/.local/lib/python3.12/site-packages/airflow/example_dags/example_skip_dag.py
[2025-09-22T00:32:09.780+0000] {processor.py:914} INFO - Processing file /home/airflow/.local/lib/python3.12/site-packages/airflow/example_dags/example_skip_dag.py for tasks to queue
[2025-09-22T00:32:09.783+0000] {logging_mixin.py:190} INFO - [2025-09-22T00:32:09.782+0000] {dagbag.py:588} INFO - Filling up the DagBag from /home/airflow/.local/lib/python3.12/site-packages/airflow/example_dags/example_skip_dag.py
[2025-09-22T00:32:09.792+0000] {processor.py:925} INFO - DAG(s) 'example_skip_dag' retrieved from /home/airflow/.local/lib/python3.12/site-packages/airflow/example_dags/example_skip_dag.py
[2025-09-22T00:32:09.815+0000] {logging_mixin.py:190} INFO - [2025-09-22T00:32:09.814+0000] {dag.py:3239} INFO - Sync 1 DAGs
[2025-09-22T00:32:09.836+0000] {logging_mixin.py:190} INFO - [2025-09-22T00:32:09.836+0000] {dag.py:4180} INFO - Setting next_dagrun for example_skip_dag to 2025-09-21 00:00:00+00:00, run_after=2025-09-22 00:00:00+00:00
[2025-09-22T00:32:09.883+0000] {processor.py:208} INFO - Processing /home/airflow/.local/lib/python3.12/site-packages/airflow/example_dags/example_skip_dag.py took 0.112 seconds
[2025-09-22T00:32:41.391+0000] {processor.py:186} INFO - Started process (PID=9273) to work on /home/airflow/.local/lib/python3.12/site-packages/airflow/example_dags/example_skip_dag.py
[2025-09-22T00:32:41.392+0000] {processor.py:914} INFO - Processing file /home/airflow/.local/lib/python3.12/site-packages/airflow/example_dags/example_skip_dag.py for tasks to queue
[2025-09-22T00:32:41.395+0000] {logging_mixin.py:190} INFO - [2025-09-22T00:32:41.395+0000] {dagbag.py:588} INFO - Filling up the DagBag from /home/airflow/.local/lib/python3.12/site-packages/airflow/example_dags/example_skip_dag.py
[2025-09-22T00:32:41.402+0000] {processor.py:925} INFO - DAG(s) 'example_skip_dag' retrieved from /home/airflow/.local/lib/python3.12/site-packages/airflow/example_dags/example_skip_dag.py
[2025-09-22T00:32:41.422+0000] {logging_mixin.py:190} INFO - [2025-09-22T00:32:41.422+0000] {dag.py:3239} INFO - Sync 1 DAGs
[2025-09-22T00:32:41.447+0000] {logging_mixin.py:190} INFO - [2025-09-22T00:32:41.447+0000] {dag.py:4180} INFO - Setting next_dagrun for example_skip_dag to 2025-09-21 00:00:00+00:00, run_after=2025-09-22 00:00:00+00:00
[2025-09-22T00:32:41.492+0000] {processor.py:208} INFO - Processing /home/airflow/.local/lib/python3.12/site-packages/airflow/example_dags/example_skip_dag.py took 0.107 seconds
[2025-09-22T00:33:11.596+0000] {processor.py:186} INFO - Started process (PID=9337) to work on /home/airflow/.local/lib/python3.12/site-packages/airflow/example_dags/example_skip_dag.py
[2025-09-22T00:33:11.597+0000] {processor.py:914} INFO - Processing file /home/airflow/.local/lib/python3.12/site-packages/airflow/example_dags/example_skip_dag.py for tasks to queue
[2025-09-22T00:33:11.599+0000] {logging_mixin.py:190} INFO - [2025-09-22T00:33:11.599+0000] {dagbag.py:588} INFO - Filling up the DagBag from /home/airflow/.local/lib/python3.12/site-packages/airflow/example_dags/example_skip_dag.py
[2025-09-22T00:33:11.606+0000] {processor.py:925} INFO - DAG(s) 'example_skip_dag' retrieved from /home/airflow/.local/lib/python3.12/site-packages/airflow/example_dags/example_skip_dag.py
[2025-09-22T00:33:11.625+0000] {logging_mixin.py:190} INFO - [2025-09-22T00:33:11.625+0000] {dag.py:3239} INFO - Sync 1 DAGs
[2025-09-22T00:33:11.647+0000] {logging_mixin.py:190} INFO - [2025-09-22T00:33:11.647+0000] {dag.py:4180} INFO - Setting next_dagrun for example_skip_dag to 2025-09-21 00:00:00+00:00, run_after=2025-09-22 00:00:00+00:00
[2025-09-22T00:33:11.691+0000] {processor.py:208} INFO - Processing /home/airflow/.local/lib/python3.12/site-packages/airflow/example_dags/example_skip_dag.py took 0.100 seconds
[2025-09-22T00:33:42.669+0000] {processor.py:186} INFO - Started process (PID=9399) to work on /home/airflow/.local/lib/python3.12/site-packages/airflow/example_dags/example_skip_dag.py
[2025-09-22T00:33:42.670+0000] {processor.py:914} INFO - Processing file /home/airflow/.local/lib/python3.12/site-packages/airflow/example_dags/example_skip_dag.py for tasks to queue
[2025-09-22T00:33:42.672+0000] {logging_mixin.py:190} INFO - [2025-09-22T00:33:42.672+0000] {dagbag.py:588} INFO - Filling up the DagBag from /home/airflow/.local/lib/python3.12/site-packages/airflow/example_dags/example_skip_dag.py
[2025-09-22T00:33:42.679+0000] {processor.py:925} INFO - DAG(s) 'example_skip_dag' retrieved from /home/airflow/.local/lib/python3.12/site-packages/airflow/example_dags/example_skip_dag.py
[2025-09-22T00:33:42.699+0000] {logging_mixin.py:190} INFO - [2025-09-22T00:33:42.699+0000] {dag.py:3239} INFO - Sync 1 DAGs
[2025-09-22T00:33:42.719+0000] {logging_mixin.py:190} INFO - [2025-09-22T00:33:42.719+0000] {dag.py:4180} INFO - Setting next_dagrun for example_skip_dag to 2025-09-21 00:00:00+00:00, run_after=2025-09-22 00:00:00+00:00
[2025-09-22T00:33:42.753+0000] {processor.py:208} INFO - Processing /home/airflow/.local/lib/python3.12/site-packages/airflow/example_dags/example_skip_dag.py took 0.090 seconds
[2025-09-22T00:34:13.647+0000] {processor.py:186} INFO - Started process (PID=9463) to work on /home/airflow/.local/lib/python3.12/site-packages/airflow/example_dags/example_skip_dag.py
[2025-09-22T00:34:13.648+0000] {processor.py:914} INFO - Processing file /home/airflow/.local/lib/python3.12/site-packages/airflow/example_dags/example_skip_dag.py for tasks to queue
[2025-09-22T00:34:13.650+0000] {logging_mixin.py:190} INFO - [2025-09-22T00:34:13.650+0000] {dagbag.py:588} INFO - Filling up the DagBag from /home/airflow/.local/lib/python3.12/site-packages/airflow/example_dags/example_skip_dag.py
[2025-09-22T00:34:13.657+0000] {processor.py:925} INFO - DAG(s) 'example_skip_dag' retrieved from /home/airflow/.local/lib/python3.12/site-packages/airflow/example_dags/example_skip_dag.py
[2025-09-22T00:34:13.679+0000] {logging_mixin.py:190} INFO - [2025-09-22T00:34:13.679+0000] {dag.py:3239} INFO - Sync 1 DAGs
[2025-09-22T00:34:13.706+0000] {logging_mixin.py:190} INFO - [2025-09-22T00:34:13.706+0000] {dag.py:4180} INFO - Setting next_dagrun for example_skip_dag to 2025-09-21 00:00:00+00:00, run_after=2025-09-22 00:00:00+00:00
[2025-09-22T00:34:13.749+0000] {processor.py:208} INFO - Processing /home/airflow/.local/lib/python3.12/site-packages/airflow/example_dags/example_skip_dag.py took 0.107 seconds
[2025-09-22T00:34:45.091+0000] {processor.py:186} INFO - Started process (PID=9526) to work on /home/airflow/.local/lib/python3.12/site-packages/airflow/example_dags/example_skip_dag.py
[2025-09-22T00:34:45.092+0000] {processor.py:914} INFO - Processing file /home/airflow/.local/lib/python3.12/site-packages/airflow/example_dags/example_skip_dag.py for tasks to queue
[2025-09-22T00:34:45.094+0000] {logging_mixin.py:190} INFO - [2025-09-22T00:34:45.094+0000] {dagbag.py:588} INFO - Filling up the DagBag from /home/airflow/.local/lib/python3.12/site-packages/airflow/example_dags/example_skip_dag.py
[2025-09-22T00:34:45.102+0000] {processor.py:925} INFO - DAG(s) 'example_skip_dag' retrieved from /home/airflow/.local/lib/python3.12/site-packages/airflow/example_dags/example_skip_dag.py
[2025-09-22T00:34:45.123+0000] {logging_mixin.py:190} INFO - [2025-09-22T00:34:45.123+0000] {dag.py:3239} INFO - Sync 1 DAGs
[2025-09-22T00:34:45.146+0000] {logging_mixin.py:190} INFO - [2025-09-22T00:34:45.146+0000] {dag.py:4180} INFO - Setting next_dagrun for example_skip_dag to 2025-09-21 00:00:00+00:00, run_after=2025-09-22 00:00:00+00:00
[2025-09-22T00:34:45.192+0000] {processor.py:208} INFO - Processing /home/airflow/.local/lib/python3.12/site-packages/airflow/example_dags/example_skip_dag.py took 0.107 seconds
[2025-09-22T00:35:15.964+0000] {processor.py:186} INFO - Started process (PID=9590) to work on /home/airflow/.local/lib/python3.12/site-packages/airflow/example_dags/example_skip_dag.py
[2025-09-22T00:35:15.965+0000] {processor.py:914} INFO - Processing file /home/airflow/.local/lib/python3.12/site-packages/airflow/example_dags/example_skip_dag.py for tasks to queue
[2025-09-22T00:35:15.967+0000] {logging_mixin.py:190} INFO - [2025-09-22T00:35:15.967+0000] {dagbag.py:588} INFO - Filling up the DagBag from /home/airflow/.local/lib/python3.12/site-packages/airflow/example_dags/example_skip_dag.py
[2025-09-22T00:35:15.974+0000] {processor.py:925} INFO - DAG(s) 'example_skip_dag' retrieved from /home/airflow/.local/lib/python3.12/site-packages/airflow/example_dags/example_skip_dag.py
[2025-09-22T00:35:15.994+0000] {logging_mixin.py:190} INFO - [2025-09-22T00:35:15.994+0000] {dag.py:3239} INFO - Sync 1 DAGs
[2025-09-22T00:35:16.015+0000] {logging_mixin.py:190} INFO - [2025-09-22T00:35:16.015+0000] {dag.py:4180} INFO - Setting next_dagrun for example_skip_dag to 2025-09-21 00:00:00+00:00, run_after=2025-09-22 00:00:00+00:00
[2025-09-22T00:35:16.057+0000] {processor.py:208} INFO - Processing /home/airflow/.local/lib/python3.12/site-packages/airflow/example_dags/example_skip_dag.py took 0.097 seconds
[2025-09-22T00:35:46.765+0000] {processor.py:186} INFO - Started process (PID=9652) to work on /home/airflow/.local/lib/python3.12/site-packages/airflow/example_dags/example_skip_dag.py
[2025-09-22T00:35:46.766+0000] {processor.py:914} INFO - Processing file /home/airflow/.local/lib/python3.12/site-packages/airflow/example_dags/example_skip_dag.py for tasks to queue
[2025-09-22T00:35:46.768+0000] {logging_mixin.py:190} INFO - [2025-09-22T00:35:46.768+0000] {dagbag.py:588} INFO - Filling up the DagBag from /home/airflow/.local/lib/python3.12/site-packages/airflow/example_dags/example_skip_dag.py
[2025-09-22T00:35:46.775+0000] {processor.py:925} INFO - DAG(s) 'example_skip_dag' retrieved from /home/airflow/.local/lib/python3.12/site-packages/airflow/example_dags/example_skip_dag.py
[2025-09-22T00:35:46.796+0000] {logging_mixin.py:190} INFO - [2025-09-22T00:35:46.796+0000] {dag.py:3239} INFO - Sync 1 DAGs
[2025-09-22T00:35:46.818+0000] {logging_mixin.py:190} INFO - [2025-09-22T00:35:46.818+0000] {dag.py:4180} INFO - Setting next_dagrun for example_skip_dag to 2025-09-21 00:00:00+00:00, run_after=2025-09-22 00:00:00+00:00
[2025-09-22T00:35:46.869+0000] {processor.py:208} INFO - Processing /home/airflow/.local/lib/python3.12/site-packages/airflow/example_dags/example_skip_dag.py took 0.109 seconds
[2025-09-22T00:36:17.620+0000] {processor.py:186} INFO - Started process (PID=9716) to work on /home/airflow/.local/lib/python3.12/site-packages/airflow/example_dags/example_skip_dag.py
[2025-09-22T00:36:17.621+0000] {processor.py:914} INFO - Processing file /home/airflow/.local/lib/python3.12/site-packages/airflow/example_dags/example_skip_dag.py for tasks to queue
[2025-09-22T00:36:17.623+0000] {logging_mixin.py:190} INFO - [2025-09-22T00:36:17.623+0000] {dagbag.py:588} INFO - Filling up the DagBag from /home/airflow/.local/lib/python3.12/site-packages/airflow/example_dags/example_skip_dag.py
[2025-09-22T00:36:17.630+0000] {processor.py:925} INFO - DAG(s) 'example_skip_dag' retrieved from /home/airflow/.local/lib/python3.12/site-packages/airflow/example_dags/example_skip_dag.py
[2025-09-22T00:36:17.652+0000] {logging_mixin.py:190} INFO - [2025-09-22T00:36:17.651+0000] {dag.py:3239} INFO - Sync 1 DAGs
[2025-09-22T00:36:17.673+0000] {logging_mixin.py:190} INFO - [2025-09-22T00:36:17.673+0000] {dag.py:4180} INFO - Setting next_dagrun for example_skip_dag to 2025-09-21 00:00:00+00:00, run_after=2025-09-22 00:00:00+00:00
[2025-09-22T00:36:17.709+0000] {processor.py:208} INFO - Processing /home/airflow/.local/lib/python3.12/site-packages/airflow/example_dags/example_skip_dag.py took 0.095 seconds
