[2025-09-22T00:00:13.604+0000] {processor.py:186} INFO - Started process (PID=5266) to work on /home/airflow/.local/lib/python3.12/site-packages/airflow/example_dags/example_bash_decorator.py
[2025-09-22T00:00:13.606+0000] {processor.py:914} INFO - Processing file /home/airflow/.local/lib/python3.12/site-packages/airflow/example_dags/example_bash_decorator.py for tasks to queue
[2025-09-22T00:00:13.609+0000] {logging_mixin.py:190} INFO - [2025-09-22T00:00:13.609+0000] {dagbag.py:588} INFO - Filling up the DagBag from /home/airflow/.local/lib/python3.12/site-packages/airflow/example_dags/example_bash_decorator.py
[2025-09-22T00:00:13.631+0000] {processor.py:925} INFO - DAG(s) 'example_bash_decorator' retrieved from /home/airflow/.local/lib/python3.12/site-packages/airflow/example_dags/example_bash_decorator.py
[2025-09-22T00:00:13.673+0000] {logging_mixin.py:190} INFO - [2025-09-22T00:00:13.673+0000] {dag.py:3239} INFO - Sync 1 DAGs
[2025-09-22T00:00:13.710+0000] {logging_mixin.py:190} INFO - [2025-09-22T00:00:13.709+0000] {dag.py:4180} INFO - Setting next_dagrun for example_bash_decorator to None, run_after=None
[2025-09-22T00:00:13.784+0000] {processor.py:208} INFO - Processing /home/airflow/.local/lib/python3.12/site-packages/airflow/example_dags/example_bash_decorator.py took 0.188 seconds
[2025-09-22T00:00:44.195+0000] {processor.py:186} INFO - Started process (PID=5330) to work on /home/airflow/.local/lib/python3.12/site-packages/airflow/example_dags/example_bash_decorator.py
[2025-09-22T00:00:44.196+0000] {processor.py:914} INFO - Processing file /home/airflow/.local/lib/python3.12/site-packages/airflow/example_dags/example_bash_decorator.py for tasks to queue
[2025-09-22T00:00:44.198+0000] {logging_mixin.py:190} INFO - [2025-09-22T00:00:44.198+0000] {dagbag.py:588} INFO - Filling up the DagBag from /home/airflow/.local/lib/python3.12/site-packages/airflow/example_dags/example_bash_decorator.py
[2025-09-22T00:00:44.215+0000] {processor.py:925} INFO - DAG(s) 'example_bash_decorator' retrieved from /home/airflow/.local/lib/python3.12/site-packages/airflow/example_dags/example_bash_decorator.py
[2025-09-22T00:00:44.242+0000] {logging_mixin.py:190} INFO - [2025-09-22T00:00:44.241+0000] {dag.py:3239} INFO - Sync 1 DAGs
[2025-09-22T00:00:44.257+0000] {logging_mixin.py:190} INFO - [2025-09-22T00:00:44.256+0000] {dag.py:4180} INFO - Setting next_dagrun for example_bash_decorator to None, run_after=None
[2025-09-22T00:00:44.301+0000] {processor.py:208} INFO - Processing /home/airflow/.local/lib/python3.12/site-packages/airflow/example_dags/example_bash_decorator.py took 0.112 seconds
[2025-09-22T00:01:14.505+0000] {processor.py:186} INFO - Started process (PID=5394) to work on /home/airflow/.local/lib/python3.12/site-packages/airflow/example_dags/example_bash_decorator.py
[2025-09-22T00:01:14.506+0000] {processor.py:914} INFO - Processing file /home/airflow/.local/lib/python3.12/site-packages/airflow/example_dags/example_bash_decorator.py for tasks to queue
[2025-09-22T00:01:14.509+0000] {logging_mixin.py:190} INFO - [2025-09-22T00:01:14.508+0000] {dagbag.py:588} INFO - Filling up the DagBag from /home/airflow/.local/lib/python3.12/site-packages/airflow/example_dags/example_bash_decorator.py
[2025-09-22T00:01:14.522+0000] {processor.py:925} INFO - DAG(s) 'example_bash_decorator' retrieved from /home/airflow/.local/lib/python3.12/site-packages/airflow/example_dags/example_bash_decorator.py
[2025-09-22T00:01:14.545+0000] {logging_mixin.py:190} INFO - [2025-09-22T00:01:14.545+0000] {dag.py:3239} INFO - Sync 1 DAGs
[2025-09-22T00:01:14.561+0000] {logging_mixin.py:190} INFO - [2025-09-22T00:01:14.560+0000] {dag.py:4180} INFO - Setting next_dagrun for example_bash_decorator to None, run_after=None
[2025-09-22T00:01:15.418+0000] {processor.py:208} INFO - Processing /home/airflow/.local/lib/python3.12/site-packages/airflow/example_dags/example_bash_decorator.py took 0.919 seconds
[2025-09-22T00:01:46.289+0000] {processor.py:186} INFO - Started process (PID=5458) to work on /home/airflow/.local/lib/python3.12/site-packages/airflow/example_dags/example_bash_decorator.py
[2025-09-22T00:01:46.290+0000] {processor.py:914} INFO - Processing file /home/airflow/.local/lib/python3.12/site-packages/airflow/example_dags/example_bash_decorator.py for tasks to queue
[2025-09-22T00:01:46.292+0000] {logging_mixin.py:190} INFO - [2025-09-22T00:01:46.292+0000] {dagbag.py:588} INFO - Filling up the DagBag from /home/airflow/.local/lib/python3.12/site-packages/airflow/example_dags/example_bash_decorator.py
[2025-09-22T00:01:46.307+0000] {processor.py:925} INFO - DAG(s) 'example_bash_decorator' retrieved from /home/airflow/.local/lib/python3.12/site-packages/airflow/example_dags/example_bash_decorator.py
[2025-09-22T00:01:46.330+0000] {logging_mixin.py:190} INFO - [2025-09-22T00:01:46.330+0000] {dag.py:3239} INFO - Sync 1 DAGs
[2025-09-22T00:01:46.344+0000] {logging_mixin.py:190} INFO - [2025-09-22T00:01:46.344+0000] {dag.py:4180} INFO - Setting next_dagrun for example_bash_decorator to None, run_after=None
[2025-09-22T00:01:46.902+0000] {processor.py:208} INFO - Processing /home/airflow/.local/lib/python3.12/site-packages/airflow/example_dags/example_bash_decorator.py took 0.619 seconds
[2025-09-22T00:02:17.675+0000] {processor.py:186} INFO - Started process (PID=5522) to work on /home/airflow/.local/lib/python3.12/site-packages/airflow/example_dags/example_bash_decorator.py
[2025-09-22T00:02:17.676+0000] {processor.py:914} INFO - Processing file /home/airflow/.local/lib/python3.12/site-packages/airflow/example_dags/example_bash_decorator.py for tasks to queue
[2025-09-22T00:02:17.679+0000] {logging_mixin.py:190} INFO - [2025-09-22T00:02:17.678+0000] {dagbag.py:588} INFO - Filling up the DagBag from /home/airflow/.local/lib/python3.12/site-packages/airflow/example_dags/example_bash_decorator.py
[2025-09-22T00:02:17.696+0000] {processor.py:925} INFO - DAG(s) 'example_bash_decorator' retrieved from /home/airflow/.local/lib/python3.12/site-packages/airflow/example_dags/example_bash_decorator.py
[2025-09-22T00:02:17.733+0000] {logging_mixin.py:190} INFO - [2025-09-22T00:02:17.732+0000] {dag.py:3239} INFO - Sync 1 DAGs
[2025-09-22T00:02:17.751+0000] {logging_mixin.py:190} INFO - [2025-09-22T00:02:17.750+0000] {dag.py:4180} INFO - Setting next_dagrun for example_bash_decorator to None, run_after=None
[2025-09-22T00:02:17.824+0000] {processor.py:208} INFO - Processing /home/airflow/.local/lib/python3.12/site-packages/airflow/example_dags/example_bash_decorator.py took 0.156 seconds
[2025-09-22T00:02:47.940+0000] {processor.py:186} INFO - Started process (PID=5586) to work on /home/airflow/.local/lib/python3.12/site-packages/airflow/example_dags/example_bash_decorator.py
[2025-09-22T00:02:47.941+0000] {processor.py:914} INFO - Processing file /home/airflow/.local/lib/python3.12/site-packages/airflow/example_dags/example_bash_decorator.py for tasks to queue
[2025-09-22T00:02:47.944+0000] {logging_mixin.py:190} INFO - [2025-09-22T00:02:47.943+0000] {dagbag.py:588} INFO - Filling up the DagBag from /home/airflow/.local/lib/python3.12/site-packages/airflow/example_dags/example_bash_decorator.py
[2025-09-22T00:02:47.959+0000] {processor.py:925} INFO - DAG(s) 'example_bash_decorator' retrieved from /home/airflow/.local/lib/python3.12/site-packages/airflow/example_dags/example_bash_decorator.py
[2025-09-22T00:02:47.986+0000] {logging_mixin.py:190} INFO - [2025-09-22T00:02:47.986+0000] {dag.py:3239} INFO - Sync 1 DAGs
[2025-09-22T00:02:48.001+0000] {logging_mixin.py:190} INFO - [2025-09-22T00:02:48.001+0000] {dag.py:4180} INFO - Setting next_dagrun for example_bash_decorator to None, run_after=None
[2025-09-22T00:02:48.074+0000] {processor.py:208} INFO - Processing /home/airflow/.local/lib/python3.12/site-packages/airflow/example_dags/example_bash_decorator.py took 0.140 seconds
[2025-09-22T00:03:18.509+0000] {processor.py:186} INFO - Started process (PID=5644) to work on /home/airflow/.local/lib/python3.12/site-packages/airflow/example_dags/example_bash_decorator.py
[2025-09-22T00:03:18.510+0000] {processor.py:914} INFO - Processing file /home/airflow/.local/lib/python3.12/site-packages/airflow/example_dags/example_bash_decorator.py for tasks to queue
[2025-09-22T00:03:18.513+0000] {logging_mixin.py:190} INFO - [2025-09-22T00:03:18.512+0000] {dagbag.py:588} INFO - Filling up the DagBag from /home/airflow/.local/lib/python3.12/site-packages/airflow/example_dags/example_bash_decorator.py
[2025-09-22T00:03:18.528+0000] {processor.py:925} INFO - DAG(s) 'example_bash_decorator' retrieved from /home/airflow/.local/lib/python3.12/site-packages/airflow/example_dags/example_bash_decorator.py
[2025-09-22T00:03:18.556+0000] {logging_mixin.py:190} INFO - [2025-09-22T00:03:18.556+0000] {dag.py:3239} INFO - Sync 1 DAGs
[2025-09-22T00:03:18.572+0000] {logging_mixin.py:190} INFO - [2025-09-22T00:03:18.572+0000] {dag.py:4180} INFO - Setting next_dagrun for example_bash_decorator to None, run_after=None
[2025-09-22T00:03:18.639+0000] {processor.py:208} INFO - Processing /home/airflow/.local/lib/python3.12/site-packages/airflow/example_dags/example_bash_decorator.py took 0.136 seconds
[2025-09-22T00:03:48.776+0000] {processor.py:186} INFO - Started process (PID=5708) to work on /home/airflow/.local/lib/python3.12/site-packages/airflow/example_dags/example_bash_decorator.py
[2025-09-22T00:03:48.776+0000] {processor.py:914} INFO - Processing file /home/airflow/.local/lib/python3.12/site-packages/airflow/example_dags/example_bash_decorator.py for tasks to queue
[2025-09-22T00:03:48.779+0000] {logging_mixin.py:190} INFO - [2025-09-22T00:03:48.779+0000] {dagbag.py:588} INFO - Filling up the DagBag from /home/airflow/.local/lib/python3.12/site-packages/airflow/example_dags/example_bash_decorator.py
[2025-09-22T00:03:48.799+0000] {processor.py:925} INFO - DAG(s) 'example_bash_decorator' retrieved from /home/airflow/.local/lib/python3.12/site-packages/airflow/example_dags/example_bash_decorator.py
[2025-09-22T00:03:48.844+0000] {logging_mixin.py:190} INFO - [2025-09-22T00:03:48.844+0000] {dag.py:3239} INFO - Sync 1 DAGs
[2025-09-22T00:03:48.868+0000] {logging_mixin.py:190} INFO - [2025-09-22T00:03:48.867+0000] {dag.py:4180} INFO - Setting next_dagrun for example_bash_decorator to None, run_after=None
[2025-09-22T00:03:48.937+0000] {processor.py:208} INFO - Processing /home/airflow/.local/lib/python3.12/site-packages/airflow/example_dags/example_bash_decorator.py took 0.168 seconds
[2025-09-22T00:04:19.396+0000] {processor.py:186} INFO - Started process (PID=5772) to work on /home/airflow/.local/lib/python3.12/site-packages/airflow/example_dags/example_bash_decorator.py
[2025-09-22T00:04:19.397+0000] {processor.py:914} INFO - Processing file /home/airflow/.local/lib/python3.12/site-packages/airflow/example_dags/example_bash_decorator.py for tasks to queue
[2025-09-22T00:04:19.399+0000] {logging_mixin.py:190} INFO - [2025-09-22T00:04:19.399+0000] {dagbag.py:588} INFO - Filling up the DagBag from /home/airflow/.local/lib/python3.12/site-packages/airflow/example_dags/example_bash_decorator.py
[2025-09-22T00:04:19.414+0000] {processor.py:925} INFO - DAG(s) 'example_bash_decorator' retrieved from /home/airflow/.local/lib/python3.12/site-packages/airflow/example_dags/example_bash_decorator.py
[2025-09-22T00:04:19.438+0000] {logging_mixin.py:190} INFO - [2025-09-22T00:04:19.438+0000] {dag.py:3239} INFO - Sync 1 DAGs
[2025-09-22T00:04:19.453+0000] {logging_mixin.py:190} INFO - [2025-09-22T00:04:19.453+0000] {dag.py:4180} INFO - Setting next_dagrun for example_bash_decorator to None, run_after=None
[2025-09-22T00:04:19.527+0000] {processor.py:208} INFO - Processing /home/airflow/.local/lib/python3.12/site-packages/airflow/example_dags/example_bash_decorator.py took 0.137 seconds
[2025-09-22T00:04:50.457+0000] {processor.py:186} INFO - Started process (PID=5836) to work on /home/airflow/.local/lib/python3.12/site-packages/airflow/example_dags/example_bash_decorator.py
[2025-09-22T00:04:50.458+0000] {processor.py:914} INFO - Processing file /home/airflow/.local/lib/python3.12/site-packages/airflow/example_dags/example_bash_decorator.py for tasks to queue
[2025-09-22T00:04:50.460+0000] {logging_mixin.py:190} INFO - [2025-09-22T00:04:50.460+0000] {dagbag.py:588} INFO - Filling up the DagBag from /home/airflow/.local/lib/python3.12/site-packages/airflow/example_dags/example_bash_decorator.py
[2025-09-22T00:04:50.472+0000] {processor.py:925} INFO - DAG(s) 'example_bash_decorator' retrieved from /home/airflow/.local/lib/python3.12/site-packages/airflow/example_dags/example_bash_decorator.py
[2025-09-22T00:04:50.492+0000] {logging_mixin.py:190} INFO - [2025-09-22T00:04:50.492+0000] {dag.py:3239} INFO - Sync 1 DAGs
[2025-09-22T00:04:50.504+0000] {logging_mixin.py:190} INFO - [2025-09-22T00:04:50.503+0000] {dag.py:4180} INFO - Setting next_dagrun for example_bash_decorator to None, run_after=None
[2025-09-22T00:04:50.565+0000] {processor.py:208} INFO - Processing /home/airflow/.local/lib/python3.12/site-packages/airflow/example_dags/example_bash_decorator.py took 0.113 seconds
[2025-09-22T00:05:20.624+0000] {processor.py:186} INFO - Started process (PID=5900) to work on /home/airflow/.local/lib/python3.12/site-packages/airflow/example_dags/example_bash_decorator.py
[2025-09-22T00:05:20.625+0000] {processor.py:914} INFO - Processing file /home/airflow/.local/lib/python3.12/site-packages/airflow/example_dags/example_bash_decorator.py for tasks to queue
[2025-09-22T00:05:20.627+0000] {logging_mixin.py:190} INFO - [2025-09-22T00:05:20.627+0000] {dagbag.py:588} INFO - Filling up the DagBag from /home/airflow/.local/lib/python3.12/site-packages/airflow/example_dags/example_bash_decorator.py
[2025-09-22T00:05:20.640+0000] {processor.py:925} INFO - DAG(s) 'example_bash_decorator' retrieved from /home/airflow/.local/lib/python3.12/site-packages/airflow/example_dags/example_bash_decorator.py
[2025-09-22T00:05:20.661+0000] {logging_mixin.py:190} INFO - [2025-09-22T00:05:20.661+0000] {dag.py:3239} INFO - Sync 1 DAGs
[2025-09-22T00:05:20.673+0000] {logging_mixin.py:190} INFO - [2025-09-22T00:05:20.673+0000] {dag.py:4180} INFO - Setting next_dagrun for example_bash_decorator to None, run_after=None
[2025-09-22T00:05:20.732+0000] {processor.py:208} INFO - Processing /home/airflow/.local/lib/python3.12/site-packages/airflow/example_dags/example_bash_decorator.py took 0.113 seconds
[2025-09-22T00:05:52.576+0000] {processor.py:186} INFO - Started process (PID=5958) to work on /home/airflow/.local/lib/python3.12/site-packages/airflow/example_dags/example_bash_decorator.py
[2025-09-22T00:05:52.577+0000] {processor.py:914} INFO - Processing file /home/airflow/.local/lib/python3.12/site-packages/airflow/example_dags/example_bash_decorator.py for tasks to queue
[2025-09-22T00:05:52.579+0000] {logging_mixin.py:190} INFO - [2025-09-22T00:05:52.578+0000] {dagbag.py:588} INFO - Filling up the DagBag from /home/airflow/.local/lib/python3.12/site-packages/airflow/example_dags/example_bash_decorator.py
[2025-09-22T00:05:52.591+0000] {processor.py:925} INFO - DAG(s) 'example_bash_decorator' retrieved from /home/airflow/.local/lib/python3.12/site-packages/airflow/example_dags/example_bash_decorator.py
[2025-09-22T00:05:52.614+0000] {logging_mixin.py:190} INFO - [2025-09-22T00:05:52.614+0000] {dag.py:3239} INFO - Sync 1 DAGs
[2025-09-22T00:05:52.627+0000] {logging_mixin.py:190} INFO - [2025-09-22T00:05:52.626+0000] {dag.py:4180} INFO - Setting next_dagrun for example_bash_decorator to None, run_after=None
[2025-09-22T00:05:52.665+0000] {processor.py:208} INFO - Processing /home/airflow/.local/lib/python3.12/site-packages/airflow/example_dags/example_bash_decorator.py took 0.095 seconds
[2025-09-22T00:06:25.362+0000] {processor.py:186} INFO - Started process (PID=6013) to work on /home/airflow/.local/lib/python3.12/site-packages/airflow/example_dags/example_bash_decorator.py
[2025-09-22T00:06:25.363+0000] {processor.py:914} INFO - Processing file /home/airflow/.local/lib/python3.12/site-packages/airflow/example_dags/example_bash_decorator.py for tasks to queue
[2025-09-22T00:06:25.365+0000] {logging_mixin.py:190} INFO - [2025-09-22T00:06:25.365+0000] {dagbag.py:588} INFO - Filling up the DagBag from /home/airflow/.local/lib/python3.12/site-packages/airflow/example_dags/example_bash_decorator.py
[2025-09-22T00:06:25.378+0000] {processor.py:925} INFO - DAG(s) 'example_bash_decorator' retrieved from /home/airflow/.local/lib/python3.12/site-packages/airflow/example_dags/example_bash_decorator.py
[2025-09-22T00:06:25.399+0000] {logging_mixin.py:190} INFO - [2025-09-22T00:06:25.399+0000] {dag.py:3239} INFO - Sync 1 DAGs
[2025-09-22T00:06:25.412+0000] {logging_mixin.py:190} INFO - [2025-09-22T00:06:25.411+0000] {dag.py:4180} INFO - Setting next_dagrun for example_bash_decorator to None, run_after=None
[2025-09-22T00:06:25.451+0000] {processor.py:208} INFO - Processing /home/airflow/.local/lib/python3.12/site-packages/airflow/example_dags/example_bash_decorator.py took 0.094 seconds
[2025-09-22T00:06:57.310+0000] {processor.py:186} INFO - Started process (PID=6077) to work on /home/airflow/.local/lib/python3.12/site-packages/airflow/example_dags/example_bash_decorator.py
[2025-09-22T00:06:57.311+0000] {processor.py:914} INFO - Processing file /home/airflow/.local/lib/python3.12/site-packages/airflow/example_dags/example_bash_decorator.py for tasks to queue
[2025-09-22T00:06:57.313+0000] {logging_mixin.py:190} INFO - [2025-09-22T00:06:57.312+0000] {dagbag.py:588} INFO - Filling up the DagBag from /home/airflow/.local/lib/python3.12/site-packages/airflow/example_dags/example_bash_decorator.py
[2025-09-22T00:06:57.324+0000] {processor.py:925} INFO - DAG(s) 'example_bash_decorator' retrieved from /home/airflow/.local/lib/python3.12/site-packages/airflow/example_dags/example_bash_decorator.py
[2025-09-22T00:06:57.344+0000] {logging_mixin.py:190} INFO - [2025-09-22T00:06:57.344+0000] {dag.py:3239} INFO - Sync 1 DAGs
[2025-09-22T00:06:57.356+0000] {logging_mixin.py:190} INFO - [2025-09-22T00:06:57.356+0000] {dag.py:4180} INFO - Setting next_dagrun for example_bash_decorator to None, run_after=None
[2025-09-22T00:06:57.389+0000] {processor.py:208} INFO - Processing /home/airflow/.local/lib/python3.12/site-packages/airflow/example_dags/example_bash_decorator.py took 0.084 seconds
[2025-09-22T00:07:29.855+0000] {processor.py:186} INFO - Started process (PID=6142) to work on /home/airflow/.local/lib/python3.12/site-packages/airflow/example_dags/example_bash_decorator.py
[2025-09-22T00:07:29.856+0000] {processor.py:914} INFO - Processing file /home/airflow/.local/lib/python3.12/site-packages/airflow/example_dags/example_bash_decorator.py for tasks to queue
[2025-09-22T00:07:29.858+0000] {logging_mixin.py:190} INFO - [2025-09-22T00:07:29.857+0000] {dagbag.py:588} INFO - Filling up the DagBag from /home/airflow/.local/lib/python3.12/site-packages/airflow/example_dags/example_bash_decorator.py
[2025-09-22T00:07:29.870+0000] {processor.py:925} INFO - DAG(s) 'example_bash_decorator' retrieved from /home/airflow/.local/lib/python3.12/site-packages/airflow/example_dags/example_bash_decorator.py
[2025-09-22T00:07:29.891+0000] {logging_mixin.py:190} INFO - [2025-09-22T00:07:29.891+0000] {dag.py:3239} INFO - Sync 1 DAGs
[2025-09-22T00:07:29.903+0000] {logging_mixin.py:190} INFO - [2025-09-22T00:07:29.903+0000] {dag.py:4180} INFO - Setting next_dagrun for example_bash_decorator to None, run_after=None
[2025-09-22T00:07:29.949+0000] {processor.py:208} INFO - Processing /home/airflow/.local/lib/python3.12/site-packages/airflow/example_dags/example_bash_decorator.py took 0.099 seconds
[2025-09-22T00:08:03.475+0000] {processor.py:186} INFO - Started process (PID=6206) to work on /home/airflow/.local/lib/python3.12/site-packages/airflow/example_dags/example_bash_decorator.py
[2025-09-22T00:08:03.476+0000] {processor.py:914} INFO - Processing file /home/airflow/.local/lib/python3.12/site-packages/airflow/example_dags/example_bash_decorator.py for tasks to queue
[2025-09-22T00:08:03.478+0000] {logging_mixin.py:190} INFO - [2025-09-22T00:08:03.478+0000] {dagbag.py:588} INFO - Filling up the DagBag from /home/airflow/.local/lib/python3.12/site-packages/airflow/example_dags/example_bash_decorator.py
[2025-09-22T00:08:03.495+0000] {processor.py:925} INFO - DAG(s) 'example_bash_decorator' retrieved from /home/airflow/.local/lib/python3.12/site-packages/airflow/example_dags/example_bash_decorator.py
[2025-09-22T00:08:03.519+0000] {logging_mixin.py:190} INFO - [2025-09-22T00:08:03.519+0000] {dag.py:3239} INFO - Sync 1 DAGs
[2025-09-22T00:08:03.533+0000] {logging_mixin.py:190} INFO - [2025-09-22T00:08:03.533+0000] {dag.py:4180} INFO - Setting next_dagrun for example_bash_decorator to None, run_after=None
[2025-09-22T00:08:03.573+0000] {processor.py:208} INFO - Processing /home/airflow/.local/lib/python3.12/site-packages/airflow/example_dags/example_bash_decorator.py took 0.105 seconds
[2025-09-22T00:08:36.170+0000] {processor.py:186} INFO - Started process (PID=6270) to work on /home/airflow/.local/lib/python3.12/site-packages/airflow/example_dags/example_bash_decorator.py
[2025-09-22T00:08:36.170+0000] {processor.py:914} INFO - Processing file /home/airflow/.local/lib/python3.12/site-packages/airflow/example_dags/example_bash_decorator.py for tasks to queue
[2025-09-22T00:08:36.172+0000] {logging_mixin.py:190} INFO - [2025-09-22T00:08:36.172+0000] {dagbag.py:588} INFO - Filling up the DagBag from /home/airflow/.local/lib/python3.12/site-packages/airflow/example_dags/example_bash_decorator.py
[2025-09-22T00:08:36.187+0000] {processor.py:925} INFO - DAG(s) 'example_bash_decorator' retrieved from /home/airflow/.local/lib/python3.12/site-packages/airflow/example_dags/example_bash_decorator.py
[2025-09-22T00:08:36.208+0000] {logging_mixin.py:190} INFO - [2025-09-22T00:08:36.208+0000] {dag.py:3239} INFO - Sync 1 DAGs
[2025-09-22T00:08:36.220+0000] {logging_mixin.py:190} INFO - [2025-09-22T00:08:36.220+0000] {dag.py:4180} INFO - Setting next_dagrun for example_bash_decorator to None, run_after=None
[2025-09-22T00:08:36.286+0000] {processor.py:208} INFO - Processing /home/airflow/.local/lib/python3.12/site-packages/airflow/example_dags/example_bash_decorator.py took 0.121 seconds
[2025-09-22T00:09:06.767+0000] {processor.py:186} INFO - Started process (PID=6334) to work on /home/airflow/.local/lib/python3.12/site-packages/airflow/example_dags/example_bash_decorator.py
[2025-09-22T00:09:06.768+0000] {processor.py:914} INFO - Processing file /home/airflow/.local/lib/python3.12/site-packages/airflow/example_dags/example_bash_decorator.py for tasks to queue
[2025-09-22T00:09:06.770+0000] {logging_mixin.py:190} INFO - [2025-09-22T00:09:06.770+0000] {dagbag.py:588} INFO - Filling up the DagBag from /home/airflow/.local/lib/python3.12/site-packages/airflow/example_dags/example_bash_decorator.py
[2025-09-22T00:09:06.781+0000] {processor.py:925} INFO - DAG(s) 'example_bash_decorator' retrieved from /home/airflow/.local/lib/python3.12/site-packages/airflow/example_dags/example_bash_decorator.py
[2025-09-22T00:09:06.802+0000] {logging_mixin.py:190} INFO - [2025-09-22T00:09:06.801+0000] {dag.py:3239} INFO - Sync 1 DAGs
[2025-09-22T00:09:06.814+0000] {logging_mixin.py:190} INFO - [2025-09-22T00:09:06.813+0000] {dag.py:4180} INFO - Setting next_dagrun for example_bash_decorator to None, run_after=None
[2025-09-22T00:09:06.847+0000] {processor.py:208} INFO - Processing /home/airflow/.local/lib/python3.12/site-packages/airflow/example_dags/example_bash_decorator.py took 0.084 seconds
[2025-09-22T00:09:36.921+0000] {processor.py:186} INFO - Started process (PID=6398) to work on /home/airflow/.local/lib/python3.12/site-packages/airflow/example_dags/example_bash_decorator.py
[2025-09-22T00:09:36.922+0000] {processor.py:914} INFO - Processing file /home/airflow/.local/lib/python3.12/site-packages/airflow/example_dags/example_bash_decorator.py for tasks to queue
[2025-09-22T00:09:36.924+0000] {logging_mixin.py:190} INFO - [2025-09-22T00:09:36.924+0000] {dagbag.py:588} INFO - Filling up the DagBag from /home/airflow/.local/lib/python3.12/site-packages/airflow/example_dags/example_bash_decorator.py
[2025-09-22T00:09:36.936+0000] {processor.py:925} INFO - DAG(s) 'example_bash_decorator' retrieved from /home/airflow/.local/lib/python3.12/site-packages/airflow/example_dags/example_bash_decorator.py
[2025-09-22T00:09:36.956+0000] {logging_mixin.py:190} INFO - [2025-09-22T00:09:36.956+0000] {dag.py:3239} INFO - Sync 1 DAGs
[2025-09-22T00:09:36.967+0000] {logging_mixin.py:190} INFO - [2025-09-22T00:09:36.967+0000] {dag.py:4180} INFO - Setting next_dagrun for example_bash_decorator to None, run_after=None
[2025-09-22T00:09:37.015+0000] {processor.py:208} INFO - Processing /home/airflow/.local/lib/python3.12/site-packages/airflow/example_dags/example_bash_decorator.py took 0.098 seconds
[2025-09-22T00:10:07.698+0000] {processor.py:186} INFO - Started process (PID=6463) to work on /home/airflow/.local/lib/python3.12/site-packages/airflow/example_dags/example_bash_decorator.py
[2025-09-22T00:10:07.699+0000] {processor.py:914} INFO - Processing file /home/airflow/.local/lib/python3.12/site-packages/airflow/example_dags/example_bash_decorator.py for tasks to queue
[2025-09-22T00:10:07.701+0000] {logging_mixin.py:190} INFO - [2025-09-22T00:10:07.701+0000] {dagbag.py:588} INFO - Filling up the DagBag from /home/airflow/.local/lib/python3.12/site-packages/airflow/example_dags/example_bash_decorator.py
[2025-09-22T00:10:07.712+0000] {processor.py:925} INFO - DAG(s) 'example_bash_decorator' retrieved from /home/airflow/.local/lib/python3.12/site-packages/airflow/example_dags/example_bash_decorator.py
[2025-09-22T00:10:07.732+0000] {logging_mixin.py:190} INFO - [2025-09-22T00:10:07.732+0000] {dag.py:3239} INFO - Sync 1 DAGs
[2025-09-22T00:10:07.744+0000] {logging_mixin.py:190} INFO - [2025-09-22T00:10:07.744+0000] {dag.py:4180} INFO - Setting next_dagrun for example_bash_decorator to None, run_after=None
[2025-09-22T00:10:07.784+0000] {processor.py:208} INFO - Processing /home/airflow/.local/lib/python3.12/site-packages/airflow/example_dags/example_bash_decorator.py took 0.091 seconds
[2025-09-22T00:10:38.206+0000] {processor.py:186} INFO - Started process (PID=6527) to work on /home/airflow/.local/lib/python3.12/site-packages/airflow/example_dags/example_bash_decorator.py
[2025-09-22T00:10:38.207+0000] {processor.py:914} INFO - Processing file /home/airflow/.local/lib/python3.12/site-packages/airflow/example_dags/example_bash_decorator.py for tasks to queue
[2025-09-22T00:10:38.208+0000] {logging_mixin.py:190} INFO - [2025-09-22T00:10:38.208+0000] {dagbag.py:588} INFO - Filling up the DagBag from /home/airflow/.local/lib/python3.12/site-packages/airflow/example_dags/example_bash_decorator.py
[2025-09-22T00:10:38.220+0000] {processor.py:925} INFO - DAG(s) 'example_bash_decorator' retrieved from /home/airflow/.local/lib/python3.12/site-packages/airflow/example_dags/example_bash_decorator.py
[2025-09-22T00:10:38.240+0000] {logging_mixin.py:190} INFO - [2025-09-22T00:10:38.239+0000] {dag.py:3239} INFO - Sync 1 DAGs
[2025-09-22T00:10:38.252+0000] {logging_mixin.py:190} INFO - [2025-09-22T00:10:38.252+0000] {dag.py:4180} INFO - Setting next_dagrun for example_bash_decorator to None, run_after=None
[2025-09-22T00:10:38.748+0000] {processor.py:208} INFO - Processing /home/airflow/.local/lib/python3.12/site-packages/airflow/example_dags/example_bash_decorator.py took 0.547 seconds
[2025-09-22T00:11:09.676+0000] {processor.py:186} INFO - Started process (PID=6591) to work on /home/airflow/.local/lib/python3.12/site-packages/airflow/example_dags/example_bash_decorator.py
[2025-09-22T00:11:09.677+0000] {processor.py:914} INFO - Processing file /home/airflow/.local/lib/python3.12/site-packages/airflow/example_dags/example_bash_decorator.py for tasks to queue
[2025-09-22T00:11:09.679+0000] {logging_mixin.py:190} INFO - [2025-09-22T00:11:09.679+0000] {dagbag.py:588} INFO - Filling up the DagBag from /home/airflow/.local/lib/python3.12/site-packages/airflow/example_dags/example_bash_decorator.py
[2025-09-22T00:11:09.691+0000] {processor.py:925} INFO - DAG(s) 'example_bash_decorator' retrieved from /home/airflow/.local/lib/python3.12/site-packages/airflow/example_dags/example_bash_decorator.py
[2025-09-22T00:11:09.710+0000] {logging_mixin.py:190} INFO - [2025-09-22T00:11:09.710+0000] {dag.py:3239} INFO - Sync 1 DAGs
[2025-09-22T00:11:09.721+0000] {logging_mixin.py:190} INFO - [2025-09-22T00:11:09.721+0000] {dag.py:4180} INFO - Setting next_dagrun for example_bash_decorator to None, run_after=None
[2025-09-22T00:11:09.790+0000] {processor.py:208} INFO - Processing /home/airflow/.local/lib/python3.12/site-packages/airflow/example_dags/example_bash_decorator.py took 0.118 seconds
[2025-09-22T00:11:40.530+0000] {processor.py:186} INFO - Started process (PID=6655) to work on /home/airflow/.local/lib/python3.12/site-packages/airflow/example_dags/example_bash_decorator.py
[2025-09-22T00:11:40.531+0000] {processor.py:914} INFO - Processing file /home/airflow/.local/lib/python3.12/site-packages/airflow/example_dags/example_bash_decorator.py for tasks to queue
[2025-09-22T00:11:40.533+0000] {logging_mixin.py:190} INFO - [2025-09-22T00:11:40.533+0000] {dagbag.py:588} INFO - Filling up the DagBag from /home/airflow/.local/lib/python3.12/site-packages/airflow/example_dags/example_bash_decorator.py
[2025-09-22T00:11:40.545+0000] {processor.py:925} INFO - DAG(s) 'example_bash_decorator' retrieved from /home/airflow/.local/lib/python3.12/site-packages/airflow/example_dags/example_bash_decorator.py
[2025-09-22T00:11:40.564+0000] {logging_mixin.py:190} INFO - [2025-09-22T00:11:40.563+0000] {dag.py:3239} INFO - Sync 1 DAGs
[2025-09-22T00:11:40.575+0000] {logging_mixin.py:190} INFO - [2025-09-22T00:11:40.575+0000] {dag.py:4180} INFO - Setting next_dagrun for example_bash_decorator to None, run_after=None
[2025-09-22T00:11:40.646+0000] {processor.py:208} INFO - Processing /home/airflow/.local/lib/python3.12/site-packages/airflow/example_dags/example_bash_decorator.py took 0.120 seconds
[2025-09-22T00:12:11.139+0000] {processor.py:186} INFO - Started process (PID=6719) to work on /home/airflow/.local/lib/python3.12/site-packages/airflow/example_dags/example_bash_decorator.py
[2025-09-22T00:12:11.140+0000] {processor.py:914} INFO - Processing file /home/airflow/.local/lib/python3.12/site-packages/airflow/example_dags/example_bash_decorator.py for tasks to queue
[2025-09-22T00:12:11.141+0000] {logging_mixin.py:190} INFO - [2025-09-22T00:12:11.141+0000] {dagbag.py:588} INFO - Filling up the DagBag from /home/airflow/.local/lib/python3.12/site-packages/airflow/example_dags/example_bash_decorator.py
[2025-09-22T00:12:11.153+0000] {processor.py:925} INFO - DAG(s) 'example_bash_decorator' retrieved from /home/airflow/.local/lib/python3.12/site-packages/airflow/example_dags/example_bash_decorator.py
[2025-09-22T00:12:11.171+0000] {logging_mixin.py:190} INFO - [2025-09-22T00:12:11.171+0000] {dag.py:3239} INFO - Sync 1 DAGs
[2025-09-22T00:12:11.182+0000] {logging_mixin.py:190} INFO - [2025-09-22T00:12:11.182+0000] {dag.py:4180} INFO - Setting next_dagrun for example_bash_decorator to None, run_after=None
[2025-09-22T00:12:11.257+0000] {processor.py:208} INFO - Processing /home/airflow/.local/lib/python3.12/site-packages/airflow/example_dags/example_bash_decorator.py took 0.123 seconds
[2025-09-22T00:12:42.072+0000] {processor.py:186} INFO - Started process (PID=6783) to work on /home/airflow/.local/lib/python3.12/site-packages/airflow/example_dags/example_bash_decorator.py
[2025-09-22T00:12:42.074+0000] {processor.py:914} INFO - Processing file /home/airflow/.local/lib/python3.12/site-packages/airflow/example_dags/example_bash_decorator.py for tasks to queue
[2025-09-22T00:12:42.076+0000] {logging_mixin.py:190} INFO - [2025-09-22T00:12:42.076+0000] {dagbag.py:588} INFO - Filling up the DagBag from /home/airflow/.local/lib/python3.12/site-packages/airflow/example_dags/example_bash_decorator.py
[2025-09-22T00:12:42.090+0000] {processor.py:925} INFO - DAG(s) 'example_bash_decorator' retrieved from /home/airflow/.local/lib/python3.12/site-packages/airflow/example_dags/example_bash_decorator.py
[2025-09-22T00:12:42.113+0000] {logging_mixin.py:190} INFO - [2025-09-22T00:12:42.113+0000] {dag.py:3239} INFO - Sync 1 DAGs
[2025-09-22T00:12:42.129+0000] {logging_mixin.py:190} INFO - [2025-09-22T00:12:42.129+0000] {dag.py:4180} INFO - Setting next_dagrun for example_bash_decorator to None, run_after=None
[2025-09-22T00:12:42.205+0000] {processor.py:208} INFO - Processing /home/airflow/.local/lib/python3.12/site-packages/airflow/example_dags/example_bash_decorator.py took 0.138 seconds
[2025-09-22T00:13:13.146+0000] {processor.py:186} INFO - Started process (PID=6847) to work on /home/airflow/.local/lib/python3.12/site-packages/airflow/example_dags/example_bash_decorator.py
[2025-09-22T00:13:13.147+0000] {processor.py:914} INFO - Processing file /home/airflow/.local/lib/python3.12/site-packages/airflow/example_dags/example_bash_decorator.py for tasks to queue
[2025-09-22T00:13:13.149+0000] {logging_mixin.py:190} INFO - [2025-09-22T00:13:13.148+0000] {dagbag.py:588} INFO - Filling up the DagBag from /home/airflow/.local/lib/python3.12/site-packages/airflow/example_dags/example_bash_decorator.py
[2025-09-22T00:13:13.161+0000] {processor.py:925} INFO - DAG(s) 'example_bash_decorator' retrieved from /home/airflow/.local/lib/python3.12/site-packages/airflow/example_dags/example_bash_decorator.py
[2025-09-22T00:13:13.182+0000] {logging_mixin.py:190} INFO - [2025-09-22T00:13:13.181+0000] {dag.py:3239} INFO - Sync 1 DAGs
[2025-09-22T00:13:13.193+0000] {logging_mixin.py:190} INFO - [2025-09-22T00:13:13.193+0000] {dag.py:4180} INFO - Setting next_dagrun for example_bash_decorator to None, run_after=None
[2025-09-22T00:13:13.261+0000] {processor.py:208} INFO - Processing /home/airflow/.local/lib/python3.12/site-packages/airflow/example_dags/example_bash_decorator.py took 0.120 seconds
[2025-09-22T00:13:43.365+0000] {processor.py:186} INFO - Started process (PID=6911) to work on /home/airflow/.local/lib/python3.12/site-packages/airflow/example_dags/example_bash_decorator.py
[2025-09-22T00:13:43.366+0000] {processor.py:914} INFO - Processing file /home/airflow/.local/lib/python3.12/site-packages/airflow/example_dags/example_bash_decorator.py for tasks to queue
[2025-09-22T00:13:43.368+0000] {logging_mixin.py:190} INFO - [2025-09-22T00:13:43.368+0000] {dagbag.py:588} INFO - Filling up the DagBag from /home/airflow/.local/lib/python3.12/site-packages/airflow/example_dags/example_bash_decorator.py
[2025-09-22T00:13:43.381+0000] {processor.py:925} INFO - DAG(s) 'example_bash_decorator' retrieved from /home/airflow/.local/lib/python3.12/site-packages/airflow/example_dags/example_bash_decorator.py
[2025-09-22T00:13:43.403+0000] {logging_mixin.py:190} INFO - [2025-09-22T00:13:43.403+0000] {dag.py:3239} INFO - Sync 1 DAGs
[2025-09-22T00:13:43.416+0000] {logging_mixin.py:190} INFO - [2025-09-22T00:13:43.416+0000] {dag.py:4180} INFO - Setting next_dagrun for example_bash_decorator to None, run_after=None
[2025-09-22T00:13:43.463+0000] {processor.py:208} INFO - Processing /home/airflow/.local/lib/python3.12/site-packages/airflow/example_dags/example_bash_decorator.py took 0.103 seconds
[2025-09-22T00:14:13.727+0000] {processor.py:186} INFO - Started process (PID=6974) to work on /home/airflow/.local/lib/python3.12/site-packages/airflow/example_dags/example_bash_decorator.py
[2025-09-22T00:14:13.728+0000] {processor.py:914} INFO - Processing file /home/airflow/.local/lib/python3.12/site-packages/airflow/example_dags/example_bash_decorator.py for tasks to queue
[2025-09-22T00:14:13.730+0000] {logging_mixin.py:190} INFO - [2025-09-22T00:14:13.730+0000] {dagbag.py:588} INFO - Filling up the DagBag from /home/airflow/.local/lib/python3.12/site-packages/airflow/example_dags/example_bash_decorator.py
[2025-09-22T00:14:13.742+0000] {processor.py:925} INFO - DAG(s) 'example_bash_decorator' retrieved from /home/airflow/.local/lib/python3.12/site-packages/airflow/example_dags/example_bash_decorator.py
[2025-09-22T00:14:13.763+0000] {logging_mixin.py:190} INFO - [2025-09-22T00:14:13.763+0000] {dag.py:3239} INFO - Sync 1 DAGs
[2025-09-22T00:14:13.775+0000] {logging_mixin.py:190} INFO - [2025-09-22T00:14:13.775+0000] {dag.py:4180} INFO - Setting next_dagrun for example_bash_decorator to None, run_after=None
[2025-09-22T00:14:13.816+0000] {processor.py:208} INFO - Processing /home/airflow/.local/lib/python3.12/site-packages/airflow/example_dags/example_bash_decorator.py took 0.094 seconds
[2025-09-22T00:14:44.544+0000] {processor.py:186} INFO - Started process (PID=7038) to work on /home/airflow/.local/lib/python3.12/site-packages/airflow/example_dags/example_bash_decorator.py
[2025-09-22T00:14:44.545+0000] {processor.py:914} INFO - Processing file /home/airflow/.local/lib/python3.12/site-packages/airflow/example_dags/example_bash_decorator.py for tasks to queue
[2025-09-22T00:14:44.547+0000] {logging_mixin.py:190} INFO - [2025-09-22T00:14:44.547+0000] {dagbag.py:588} INFO - Filling up the DagBag from /home/airflow/.local/lib/python3.12/site-packages/airflow/example_dags/example_bash_decorator.py
[2025-09-22T00:14:44.559+0000] {processor.py:925} INFO - DAG(s) 'example_bash_decorator' retrieved from /home/airflow/.local/lib/python3.12/site-packages/airflow/example_dags/example_bash_decorator.py
[2025-09-22T00:14:44.580+0000] {logging_mixin.py:190} INFO - [2025-09-22T00:14:44.580+0000] {dag.py:3239} INFO - Sync 1 DAGs
[2025-09-22T00:14:44.593+0000] {logging_mixin.py:190} INFO - [2025-09-22T00:14:44.592+0000] {dag.py:4180} INFO - Setting next_dagrun for example_bash_decorator to None, run_after=None
[2025-09-22T00:14:44.633+0000] {processor.py:208} INFO - Processing /home/airflow/.local/lib/python3.12/site-packages/airflow/example_dags/example_bash_decorator.py took 0.094 seconds
[2025-09-22T00:15:14.935+0000] {processor.py:186} INFO - Started process (PID=7102) to work on /home/airflow/.local/lib/python3.12/site-packages/airflow/example_dags/example_bash_decorator.py
[2025-09-22T00:15:14.936+0000] {processor.py:914} INFO - Processing file /home/airflow/.local/lib/python3.12/site-packages/airflow/example_dags/example_bash_decorator.py for tasks to queue
[2025-09-22T00:15:14.939+0000] {logging_mixin.py:190} INFO - [2025-09-22T00:15:14.939+0000] {dagbag.py:588} INFO - Filling up the DagBag from /home/airflow/.local/lib/python3.12/site-packages/airflow/example_dags/example_bash_decorator.py
[2025-09-22T00:15:14.957+0000] {processor.py:925} INFO - DAG(s) 'example_bash_decorator' retrieved from /home/airflow/.local/lib/python3.12/site-packages/airflow/example_dags/example_bash_decorator.py
[2025-09-22T00:15:14.981+0000] {logging_mixin.py:190} INFO - [2025-09-22T00:15:14.981+0000] {dag.py:3239} INFO - Sync 1 DAGs
[2025-09-22T00:15:14.995+0000] {logging_mixin.py:190} INFO - [2025-09-22T00:15:14.995+0000] {dag.py:4180} INFO - Setting next_dagrun for example_bash_decorator to None, run_after=None
[2025-09-22T00:15:15.041+0000] {processor.py:208} INFO - Processing /home/airflow/.local/lib/python3.12/site-packages/airflow/example_dags/example_bash_decorator.py took 0.113 seconds
[2025-09-22T00:15:45.695+0000] {processor.py:186} INFO - Started process (PID=7166) to work on /home/airflow/.local/lib/python3.12/site-packages/airflow/example_dags/example_bash_decorator.py
[2025-09-22T00:15:45.696+0000] {processor.py:914} INFO - Processing file /home/airflow/.local/lib/python3.12/site-packages/airflow/example_dags/example_bash_decorator.py for tasks to queue
[2025-09-22T00:15:45.698+0000] {logging_mixin.py:190} INFO - [2025-09-22T00:15:45.698+0000] {dagbag.py:588} INFO - Filling up the DagBag from /home/airflow/.local/lib/python3.12/site-packages/airflow/example_dags/example_bash_decorator.py
[2025-09-22T00:15:45.714+0000] {processor.py:925} INFO - DAG(s) 'example_bash_decorator' retrieved from /home/airflow/.local/lib/python3.12/site-packages/airflow/example_dags/example_bash_decorator.py
[2025-09-22T00:15:45.739+0000] {logging_mixin.py:190} INFO - [2025-09-22T00:15:45.739+0000] {dag.py:3239} INFO - Sync 1 DAGs
[2025-09-22T00:15:45.754+0000] {logging_mixin.py:190} INFO - [2025-09-22T00:15:45.754+0000] {dag.py:4180} INFO - Setting next_dagrun for example_bash_decorator to None, run_after=None
[2025-09-22T00:15:45.816+0000] {processor.py:208} INFO - Processing /home/airflow/.local/lib/python3.12/site-packages/airflow/example_dags/example_bash_decorator.py took 0.128 seconds
[2025-09-22T00:16:16.180+0000] {processor.py:186} INFO - Started process (PID=7230) to work on /home/airflow/.local/lib/python3.12/site-packages/airflow/example_dags/example_bash_decorator.py
[2025-09-22T00:16:16.182+0000] {processor.py:914} INFO - Processing file /home/airflow/.local/lib/python3.12/site-packages/airflow/example_dags/example_bash_decorator.py for tasks to queue
[2025-09-22T00:16:16.184+0000] {logging_mixin.py:190} INFO - [2025-09-22T00:16:16.184+0000] {dagbag.py:588} INFO - Filling up the DagBag from /home/airflow/.local/lib/python3.12/site-packages/airflow/example_dags/example_bash_decorator.py
[2025-09-22T00:16:16.200+0000] {processor.py:925} INFO - DAG(s) 'example_bash_decorator' retrieved from /home/airflow/.local/lib/python3.12/site-packages/airflow/example_dags/example_bash_decorator.py
[2025-09-22T00:16:16.225+0000] {logging_mixin.py:190} INFO - [2025-09-22T00:16:16.224+0000] {dag.py:3239} INFO - Sync 1 DAGs
[2025-09-22T00:16:16.239+0000] {logging_mixin.py:190} INFO - [2025-09-22T00:16:16.239+0000] {dag.py:4180} INFO - Setting next_dagrun for example_bash_decorator to None, run_after=None
[2025-09-22T00:16:16.284+0000] {processor.py:208} INFO - Processing /home/airflow/.local/lib/python3.12/site-packages/airflow/example_dags/example_bash_decorator.py took 0.109 seconds
[2025-09-22T00:16:47.817+0000] {processor.py:186} INFO - Started process (PID=7294) to work on /home/airflow/.local/lib/python3.12/site-packages/airflow/example_dags/example_bash_decorator.py
[2025-09-22T00:16:47.818+0000] {processor.py:914} INFO - Processing file /home/airflow/.local/lib/python3.12/site-packages/airflow/example_dags/example_bash_decorator.py for tasks to queue
[2025-09-22T00:16:47.821+0000] {logging_mixin.py:190} INFO - [2025-09-22T00:16:47.821+0000] {dagbag.py:588} INFO - Filling up the DagBag from /home/airflow/.local/lib/python3.12/site-packages/airflow/example_dags/example_bash_decorator.py
[2025-09-22T00:16:47.838+0000] {processor.py:925} INFO - DAG(s) 'example_bash_decorator' retrieved from /home/airflow/.local/lib/python3.12/site-packages/airflow/example_dags/example_bash_decorator.py
[2025-09-22T00:16:47.864+0000] {logging_mixin.py:190} INFO - [2025-09-22T00:16:47.863+0000] {dag.py:3239} INFO - Sync 1 DAGs
[2025-09-22T00:16:47.878+0000] {logging_mixin.py:190} INFO - [2025-09-22T00:16:47.878+0000] {dag.py:4180} INFO - Setting next_dagrun for example_bash_decorator to None, run_after=None
[2025-09-22T00:16:47.923+0000] {processor.py:208} INFO - Processing /home/airflow/.local/lib/python3.12/site-packages/airflow/example_dags/example_bash_decorator.py took 0.112 seconds
[2025-09-22T00:17:18.318+0000] {processor.py:186} INFO - Started process (PID=7358) to work on /home/airflow/.local/lib/python3.12/site-packages/airflow/example_dags/example_bash_decorator.py
[2025-09-22T00:17:18.319+0000] {processor.py:914} INFO - Processing file /home/airflow/.local/lib/python3.12/site-packages/airflow/example_dags/example_bash_decorator.py for tasks to queue
[2025-09-22T00:17:18.321+0000] {logging_mixin.py:190} INFO - [2025-09-22T00:17:18.320+0000] {dagbag.py:588} INFO - Filling up the DagBag from /home/airflow/.local/lib/python3.12/site-packages/airflow/example_dags/example_bash_decorator.py
[2025-09-22T00:17:18.335+0000] {processor.py:925} INFO - DAG(s) 'example_bash_decorator' retrieved from /home/airflow/.local/lib/python3.12/site-packages/airflow/example_dags/example_bash_decorator.py
[2025-09-22T00:17:18.359+0000] {logging_mixin.py:190} INFO - [2025-09-22T00:17:18.359+0000] {dag.py:3239} INFO - Sync 1 DAGs
[2025-09-22T00:17:18.373+0000] {logging_mixin.py:190} INFO - [2025-09-22T00:17:18.373+0000] {dag.py:4180} INFO - Setting next_dagrun for example_bash_decorator to None, run_after=None
[2025-09-22T00:17:18.438+0000] {processor.py:208} INFO - Processing /home/airflow/.local/lib/python3.12/site-packages/airflow/example_dags/example_bash_decorator.py took 0.126 seconds
[2025-09-22T00:17:49.251+0000] {processor.py:186} INFO - Started process (PID=7422) to work on /home/airflow/.local/lib/python3.12/site-packages/airflow/example_dags/example_bash_decorator.py
[2025-09-22T00:17:49.252+0000] {processor.py:914} INFO - Processing file /home/airflow/.local/lib/python3.12/site-packages/airflow/example_dags/example_bash_decorator.py for tasks to queue
[2025-09-22T00:17:49.254+0000] {logging_mixin.py:190} INFO - [2025-09-22T00:17:49.254+0000] {dagbag.py:588} INFO - Filling up the DagBag from /home/airflow/.local/lib/python3.12/site-packages/airflow/example_dags/example_bash_decorator.py
[2025-09-22T00:17:49.266+0000] {processor.py:925} INFO - DAG(s) 'example_bash_decorator' retrieved from /home/airflow/.local/lib/python3.12/site-packages/airflow/example_dags/example_bash_decorator.py
[2025-09-22T00:17:49.287+0000] {logging_mixin.py:190} INFO - [2025-09-22T00:17:49.287+0000] {dag.py:3239} INFO - Sync 1 DAGs
[2025-09-22T00:17:49.301+0000] {logging_mixin.py:190} INFO - [2025-09-22T00:17:49.300+0000] {dag.py:4180} INFO - Setting next_dagrun for example_bash_decorator to None, run_after=None
[2025-09-22T00:17:49.340+0000] {processor.py:208} INFO - Processing /home/airflow/.local/lib/python3.12/site-packages/airflow/example_dags/example_bash_decorator.py took 0.094 seconds
[2025-09-22T00:18:19.478+0000] {processor.py:186} INFO - Started process (PID=7486) to work on /home/airflow/.local/lib/python3.12/site-packages/airflow/example_dags/example_bash_decorator.py
[2025-09-22T00:18:19.479+0000] {processor.py:914} INFO - Processing file /home/airflow/.local/lib/python3.12/site-packages/airflow/example_dags/example_bash_decorator.py for tasks to queue
[2025-09-22T00:18:19.481+0000] {logging_mixin.py:190} INFO - [2025-09-22T00:18:19.480+0000] {dagbag.py:588} INFO - Filling up the DagBag from /home/airflow/.local/lib/python3.12/site-packages/airflow/example_dags/example_bash_decorator.py
[2025-09-22T00:18:19.493+0000] {processor.py:925} INFO - DAG(s) 'example_bash_decorator' retrieved from /home/airflow/.local/lib/python3.12/site-packages/airflow/example_dags/example_bash_decorator.py
[2025-09-22T00:18:19.515+0000] {logging_mixin.py:190} INFO - [2025-09-22T00:18:19.515+0000] {dag.py:3239} INFO - Sync 1 DAGs
[2025-09-22T00:18:19.528+0000] {logging_mixin.py:190} INFO - [2025-09-22T00:18:19.528+0000] {dag.py:4180} INFO - Setting next_dagrun for example_bash_decorator to None, run_after=None
[2025-09-22T00:18:19.598+0000] {processor.py:208} INFO - Processing /home/airflow/.local/lib/python3.12/site-packages/airflow/example_dags/example_bash_decorator.py took 0.125 seconds
[2025-09-22T00:18:49.904+0000] {processor.py:186} INFO - Started process (PID=7550) to work on /home/airflow/.local/lib/python3.12/site-packages/airflow/example_dags/example_bash_decorator.py
[2025-09-22T00:18:49.905+0000] {processor.py:914} INFO - Processing file /home/airflow/.local/lib/python3.12/site-packages/airflow/example_dags/example_bash_decorator.py for tasks to queue
[2025-09-22T00:18:49.907+0000] {logging_mixin.py:190} INFO - [2025-09-22T00:18:49.906+0000] {dagbag.py:588} INFO - Filling up the DagBag from /home/airflow/.local/lib/python3.12/site-packages/airflow/example_dags/example_bash_decorator.py
[2025-09-22T00:18:49.919+0000] {processor.py:925} INFO - DAG(s) 'example_bash_decorator' retrieved from /home/airflow/.local/lib/python3.12/site-packages/airflow/example_dags/example_bash_decorator.py
[2025-09-22T00:18:49.941+0000] {logging_mixin.py:190} INFO - [2025-09-22T00:18:49.940+0000] {dag.py:3239} INFO - Sync 1 DAGs
[2025-09-22T00:18:49.953+0000] {logging_mixin.py:190} INFO - [2025-09-22T00:18:49.953+0000] {dag.py:4180} INFO - Setting next_dagrun for example_bash_decorator to None, run_after=None
[2025-09-22T00:18:49.999+0000] {processor.py:208} INFO - Processing /home/airflow/.local/lib/python3.12/site-packages/airflow/example_dags/example_bash_decorator.py took 0.101 seconds
[2025-09-22T00:19:20.947+0000] {processor.py:186} INFO - Started process (PID=7614) to work on /home/airflow/.local/lib/python3.12/site-packages/airflow/example_dags/example_bash_decorator.py
[2025-09-22T00:19:20.948+0000] {processor.py:914} INFO - Processing file /home/airflow/.local/lib/python3.12/site-packages/airflow/example_dags/example_bash_decorator.py for tasks to queue
[2025-09-22T00:19:20.950+0000] {logging_mixin.py:190} INFO - [2025-09-22T00:19:20.950+0000] {dagbag.py:588} INFO - Filling up the DagBag from /home/airflow/.local/lib/python3.12/site-packages/airflow/example_dags/example_bash_decorator.py
[2025-09-22T00:19:20.965+0000] {processor.py:925} INFO - DAG(s) 'example_bash_decorator' retrieved from /home/airflow/.local/lib/python3.12/site-packages/airflow/example_dags/example_bash_decorator.py
[2025-09-22T00:19:20.989+0000] {logging_mixin.py:190} INFO - [2025-09-22T00:19:20.989+0000] {dag.py:3239} INFO - Sync 1 DAGs
[2025-09-22T00:19:21.005+0000] {logging_mixin.py:190} INFO - [2025-09-22T00:19:21.005+0000] {dag.py:4180} INFO - Setting next_dagrun for example_bash_decorator to None, run_after=None
[2025-09-22T00:19:21.048+0000] {processor.py:208} INFO - Processing /home/airflow/.local/lib/python3.12/site-packages/airflow/example_dags/example_bash_decorator.py took 0.107 seconds
[2025-09-22T00:19:51.743+0000] {processor.py:186} INFO - Started process (PID=7678) to work on /home/airflow/.local/lib/python3.12/site-packages/airflow/example_dags/example_bash_decorator.py
[2025-09-22T00:19:51.744+0000] {processor.py:914} INFO - Processing file /home/airflow/.local/lib/python3.12/site-packages/airflow/example_dags/example_bash_decorator.py for tasks to queue
[2025-09-22T00:19:51.747+0000] {logging_mixin.py:190} INFO - [2025-09-22T00:19:51.747+0000] {dagbag.py:588} INFO - Filling up the DagBag from /home/airflow/.local/lib/python3.12/site-packages/airflow/example_dags/example_bash_decorator.py
[2025-09-22T00:19:51.765+0000] {processor.py:925} INFO - DAG(s) 'example_bash_decorator' retrieved from /home/airflow/.local/lib/python3.12/site-packages/airflow/example_dags/example_bash_decorator.py
[2025-09-22T00:19:51.788+0000] {logging_mixin.py:190} INFO - [2025-09-22T00:19:51.788+0000] {dag.py:3239} INFO - Sync 1 DAGs
[2025-09-22T00:19:51.800+0000] {logging_mixin.py:190} INFO - [2025-09-22T00:19:51.800+0000] {dag.py:4180} INFO - Setting next_dagrun for example_bash_decorator to None, run_after=None
[2025-09-22T00:19:51.850+0000] {processor.py:208} INFO - Processing /home/airflow/.local/lib/python3.12/site-packages/airflow/example_dags/example_bash_decorator.py took 0.113 seconds
[2025-09-22T00:20:22.144+0000] {processor.py:186} INFO - Started process (PID=7742) to work on /home/airflow/.local/lib/python3.12/site-packages/airflow/example_dags/example_bash_decorator.py
[2025-09-22T00:20:22.144+0000] {processor.py:914} INFO - Processing file /home/airflow/.local/lib/python3.12/site-packages/airflow/example_dags/example_bash_decorator.py for tasks to queue
[2025-09-22T00:20:22.147+0000] {logging_mixin.py:190} INFO - [2025-09-22T00:20:22.146+0000] {dagbag.py:588} INFO - Filling up the DagBag from /home/airflow/.local/lib/python3.12/site-packages/airflow/example_dags/example_bash_decorator.py
[2025-09-22T00:20:22.159+0000] {processor.py:925} INFO - DAG(s) 'example_bash_decorator' retrieved from /home/airflow/.local/lib/python3.12/site-packages/airflow/example_dags/example_bash_decorator.py
[2025-09-22T00:20:22.180+0000] {logging_mixin.py:190} INFO - [2025-09-22T00:20:22.180+0000] {dag.py:3239} INFO - Sync 1 DAGs
[2025-09-22T00:20:22.194+0000] {logging_mixin.py:190} INFO - [2025-09-22T00:20:22.193+0000] {dag.py:4180} INFO - Setting next_dagrun for example_bash_decorator to None, run_after=None
[2025-09-22T00:20:22.238+0000] {processor.py:208} INFO - Processing /home/airflow/.local/lib/python3.12/site-packages/airflow/example_dags/example_bash_decorator.py took 0.099 seconds
[2025-09-22T00:20:52.645+0000] {processor.py:186} INFO - Started process (PID=7806) to work on /home/airflow/.local/lib/python3.12/site-packages/airflow/example_dags/example_bash_decorator.py
[2025-09-22T00:20:52.646+0000] {processor.py:914} INFO - Processing file /home/airflow/.local/lib/python3.12/site-packages/airflow/example_dags/example_bash_decorator.py for tasks to queue
[2025-09-22T00:20:52.648+0000] {logging_mixin.py:190} INFO - [2025-09-22T00:20:52.648+0000] {dagbag.py:588} INFO - Filling up the DagBag from /home/airflow/.local/lib/python3.12/site-packages/airflow/example_dags/example_bash_decorator.py
[2025-09-22T00:20:52.661+0000] {processor.py:925} INFO - DAG(s) 'example_bash_decorator' retrieved from /home/airflow/.local/lib/python3.12/site-packages/airflow/example_dags/example_bash_decorator.py
[2025-09-22T00:20:52.682+0000] {logging_mixin.py:190} INFO - [2025-09-22T00:20:52.682+0000] {dag.py:3239} INFO - Sync 1 DAGs
[2025-09-22T00:20:52.694+0000] {logging_mixin.py:190} INFO - [2025-09-22T00:20:52.694+0000] {dag.py:4180} INFO - Setting next_dagrun for example_bash_decorator to None, run_after=None
[2025-09-22T00:20:52.737+0000] {processor.py:208} INFO - Processing /home/airflow/.local/lib/python3.12/site-packages/airflow/example_dags/example_bash_decorator.py took 0.098 seconds
[2025-09-22T00:21:22.964+0000] {processor.py:186} INFO - Started process (PID=7870) to work on /home/airflow/.local/lib/python3.12/site-packages/airflow/example_dags/example_bash_decorator.py
[2025-09-22T00:21:22.965+0000] {processor.py:914} INFO - Processing file /home/airflow/.local/lib/python3.12/site-packages/airflow/example_dags/example_bash_decorator.py for tasks to queue
[2025-09-22T00:21:22.967+0000] {logging_mixin.py:190} INFO - [2025-09-22T00:21:22.966+0000] {dagbag.py:588} INFO - Filling up the DagBag from /home/airflow/.local/lib/python3.12/site-packages/airflow/example_dags/example_bash_decorator.py
[2025-09-22T00:21:22.979+0000] {processor.py:925} INFO - DAG(s) 'example_bash_decorator' retrieved from /home/airflow/.local/lib/python3.12/site-packages/airflow/example_dags/example_bash_decorator.py
[2025-09-22T00:21:23.000+0000] {logging_mixin.py:190} INFO - [2025-09-22T00:21:22.999+0000] {dag.py:3239} INFO - Sync 1 DAGs
[2025-09-22T00:21:23.012+0000] {logging_mixin.py:190} INFO - [2025-09-22T00:21:23.011+0000] {dag.py:4180} INFO - Setting next_dagrun for example_bash_decorator to None, run_after=None
[2025-09-22T00:21:23.060+0000] {processor.py:208} INFO - Processing /home/airflow/.local/lib/python3.12/site-packages/airflow/example_dags/example_bash_decorator.py took 0.101 seconds
[2025-09-22T00:21:53.900+0000] {processor.py:186} INFO - Started process (PID=7934) to work on /home/airflow/.local/lib/python3.12/site-packages/airflow/example_dags/example_bash_decorator.py
[2025-09-22T00:21:53.901+0000] {processor.py:914} INFO - Processing file /home/airflow/.local/lib/python3.12/site-packages/airflow/example_dags/example_bash_decorator.py for tasks to queue
[2025-09-22T00:21:53.903+0000] {logging_mixin.py:190} INFO - [2025-09-22T00:21:53.903+0000] {dagbag.py:588} INFO - Filling up the DagBag from /home/airflow/.local/lib/python3.12/site-packages/airflow/example_dags/example_bash_decorator.py
[2025-09-22T00:21:53.915+0000] {processor.py:925} INFO - DAG(s) 'example_bash_decorator' retrieved from /home/airflow/.local/lib/python3.12/site-packages/airflow/example_dags/example_bash_decorator.py
[2025-09-22T00:21:53.936+0000] {logging_mixin.py:190} INFO - [2025-09-22T00:21:53.936+0000] {dag.py:3239} INFO - Sync 1 DAGs
[2025-09-22T00:21:53.950+0000] {logging_mixin.py:190} INFO - [2025-09-22T00:21:53.950+0000] {dag.py:4180} INFO - Setting next_dagrun for example_bash_decorator to None, run_after=None
[2025-09-22T00:21:53.992+0000] {processor.py:208} INFO - Processing /home/airflow/.local/lib/python3.12/site-packages/airflow/example_dags/example_bash_decorator.py took 0.097 seconds
[2025-09-22T00:22:24.221+0000] {processor.py:186} INFO - Started process (PID=7998) to work on /home/airflow/.local/lib/python3.12/site-packages/airflow/example_dags/example_bash_decorator.py
[2025-09-22T00:22:24.222+0000] {processor.py:914} INFO - Processing file /home/airflow/.local/lib/python3.12/site-packages/airflow/example_dags/example_bash_decorator.py for tasks to queue
[2025-09-22T00:22:24.224+0000] {logging_mixin.py:190} INFO - [2025-09-22T00:22:24.224+0000] {dagbag.py:588} INFO - Filling up the DagBag from /home/airflow/.local/lib/python3.12/site-packages/airflow/example_dags/example_bash_decorator.py
[2025-09-22T00:22:24.236+0000] {processor.py:925} INFO - DAG(s) 'example_bash_decorator' retrieved from /home/airflow/.local/lib/python3.12/site-packages/airflow/example_dags/example_bash_decorator.py
[2025-09-22T00:22:24.258+0000] {logging_mixin.py:190} INFO - [2025-09-22T00:22:24.257+0000] {dag.py:3239} INFO - Sync 1 DAGs
[2025-09-22T00:22:24.270+0000] {logging_mixin.py:190} INFO - [2025-09-22T00:22:24.270+0000] {dag.py:4180} INFO - Setting next_dagrun for example_bash_decorator to None, run_after=None
[2025-09-22T00:22:24.305+0000] {processor.py:208} INFO - Processing /home/airflow/.local/lib/python3.12/site-packages/airflow/example_dags/example_bash_decorator.py took 0.088 seconds
[2025-09-22T00:22:54.913+0000] {processor.py:186} INFO - Started process (PID=8062) to work on /home/airflow/.local/lib/python3.12/site-packages/airflow/example_dags/example_bash_decorator.py
[2025-09-22T00:22:54.914+0000] {processor.py:914} INFO - Processing file /home/airflow/.local/lib/python3.12/site-packages/airflow/example_dags/example_bash_decorator.py for tasks to queue
[2025-09-22T00:22:54.916+0000] {logging_mixin.py:190} INFO - [2025-09-22T00:22:54.916+0000] {dagbag.py:588} INFO - Filling up the DagBag from /home/airflow/.local/lib/python3.12/site-packages/airflow/example_dags/example_bash_decorator.py
[2025-09-22T00:22:54.929+0000] {processor.py:925} INFO - DAG(s) 'example_bash_decorator' retrieved from /home/airflow/.local/lib/python3.12/site-packages/airflow/example_dags/example_bash_decorator.py
[2025-09-22T00:22:54.949+0000] {logging_mixin.py:190} INFO - [2025-09-22T00:22:54.949+0000] {dag.py:3239} INFO - Sync 1 DAGs
[2025-09-22T00:22:54.962+0000] {logging_mixin.py:190} INFO - [2025-09-22T00:22:54.961+0000] {dag.py:4180} INFO - Setting next_dagrun for example_bash_decorator to None, run_after=None
[2025-09-22T00:22:55.002+0000] {processor.py:208} INFO - Processing /home/airflow/.local/lib/python3.12/site-packages/airflow/example_dags/example_bash_decorator.py took 0.093 seconds
[2025-09-22T00:23:25.646+0000] {processor.py:186} INFO - Started process (PID=8126) to work on /home/airflow/.local/lib/python3.12/site-packages/airflow/example_dags/example_bash_decorator.py
[2025-09-22T00:23:25.647+0000] {processor.py:914} INFO - Processing file /home/airflow/.local/lib/python3.12/site-packages/airflow/example_dags/example_bash_decorator.py for tasks to queue
[2025-09-22T00:23:25.649+0000] {logging_mixin.py:190} INFO - [2025-09-22T00:23:25.649+0000] {dagbag.py:588} INFO - Filling up the DagBag from /home/airflow/.local/lib/python3.12/site-packages/airflow/example_dags/example_bash_decorator.py
[2025-09-22T00:23:25.661+0000] {processor.py:925} INFO - DAG(s) 'example_bash_decorator' retrieved from /home/airflow/.local/lib/python3.12/site-packages/airflow/example_dags/example_bash_decorator.py
[2025-09-22T00:23:25.682+0000] {logging_mixin.py:190} INFO - [2025-09-22T00:23:25.682+0000] {dag.py:3239} INFO - Sync 1 DAGs
[2025-09-22T00:23:25.694+0000] {logging_mixin.py:190} INFO - [2025-09-22T00:23:25.694+0000] {dag.py:4180} INFO - Setting next_dagrun for example_bash_decorator to None, run_after=None
[2025-09-22T00:23:25.734+0000] {processor.py:208} INFO - Processing /home/airflow/.local/lib/python3.12/site-packages/airflow/example_dags/example_bash_decorator.py took 0.093 seconds
[2025-09-22T00:23:56.571+0000] {processor.py:186} INFO - Started process (PID=8190) to work on /home/airflow/.local/lib/python3.12/site-packages/airflow/example_dags/example_bash_decorator.py
[2025-09-22T00:23:56.572+0000] {processor.py:914} INFO - Processing file /home/airflow/.local/lib/python3.12/site-packages/airflow/example_dags/example_bash_decorator.py for tasks to queue
[2025-09-22T00:23:56.574+0000] {logging_mixin.py:190} INFO - [2025-09-22T00:23:56.574+0000] {dagbag.py:588} INFO - Filling up the DagBag from /home/airflow/.local/lib/python3.12/site-packages/airflow/example_dags/example_bash_decorator.py
[2025-09-22T00:23:56.587+0000] {processor.py:925} INFO - DAG(s) 'example_bash_decorator' retrieved from /home/airflow/.local/lib/python3.12/site-packages/airflow/example_dags/example_bash_decorator.py
[2025-09-22T00:23:56.607+0000] {logging_mixin.py:190} INFO - [2025-09-22T00:23:56.607+0000] {dag.py:3239} INFO - Sync 1 DAGs
[2025-09-22T00:23:56.619+0000] {logging_mixin.py:190} INFO - [2025-09-22T00:23:56.619+0000] {dag.py:4180} INFO - Setting next_dagrun for example_bash_decorator to None, run_after=None
[2025-09-22T00:23:56.659+0000] {processor.py:208} INFO - Processing /home/airflow/.local/lib/python3.12/site-packages/airflow/example_dags/example_bash_decorator.py took 0.093 seconds
[2025-09-22T00:24:27.072+0000] {processor.py:186} INFO - Started process (PID=8254) to work on /home/airflow/.local/lib/python3.12/site-packages/airflow/example_dags/example_bash_decorator.py
[2025-09-22T00:24:27.073+0000] {processor.py:914} INFO - Processing file /home/airflow/.local/lib/python3.12/site-packages/airflow/example_dags/example_bash_decorator.py for tasks to queue
[2025-09-22T00:24:27.075+0000] {logging_mixin.py:190} INFO - [2025-09-22T00:24:27.075+0000] {dagbag.py:588} INFO - Filling up the DagBag from /home/airflow/.local/lib/python3.12/site-packages/airflow/example_dags/example_bash_decorator.py
[2025-09-22T00:24:27.088+0000] {processor.py:925} INFO - DAG(s) 'example_bash_decorator' retrieved from /home/airflow/.local/lib/python3.12/site-packages/airflow/example_dags/example_bash_decorator.py
[2025-09-22T00:24:27.110+0000] {logging_mixin.py:190} INFO - [2025-09-22T00:24:27.110+0000] {dag.py:3239} INFO - Sync 1 DAGs
[2025-09-22T00:24:27.123+0000] {logging_mixin.py:190} INFO - [2025-09-22T00:24:27.123+0000] {dag.py:4180} INFO - Setting next_dagrun for example_bash_decorator to None, run_after=None
[2025-09-22T00:24:27.648+0000] {processor.py:208} INFO - Processing /home/airflow/.local/lib/python3.12/site-packages/airflow/example_dags/example_bash_decorator.py took 0.582 seconds
[2025-09-22T00:24:58.536+0000] {processor.py:186} INFO - Started process (PID=8318) to work on /home/airflow/.local/lib/python3.12/site-packages/airflow/example_dags/example_bash_decorator.py
[2025-09-22T00:24:58.537+0000] {processor.py:914} INFO - Processing file /home/airflow/.local/lib/python3.12/site-packages/airflow/example_dags/example_bash_decorator.py for tasks to queue
[2025-09-22T00:24:58.539+0000] {logging_mixin.py:190} INFO - [2025-09-22T00:24:58.538+0000] {dagbag.py:588} INFO - Filling up the DagBag from /home/airflow/.local/lib/python3.12/site-packages/airflow/example_dags/example_bash_decorator.py
[2025-09-22T00:24:58.552+0000] {processor.py:925} INFO - DAG(s) 'example_bash_decorator' retrieved from /home/airflow/.local/lib/python3.12/site-packages/airflow/example_dags/example_bash_decorator.py
[2025-09-22T00:24:58.582+0000] {logging_mixin.py:190} INFO - [2025-09-22T00:24:58.581+0000] {dag.py:3239} INFO - Sync 1 DAGs
[2025-09-22T00:24:58.599+0000] {logging_mixin.py:190} INFO - [2025-09-22T00:24:58.598+0000] {dag.py:4180} INFO - Setting next_dagrun for example_bash_decorator to None, run_after=None
[2025-09-22T00:24:58.664+0000] {processor.py:208} INFO - Processing /home/airflow/.local/lib/python3.12/site-packages/airflow/example_dags/example_bash_decorator.py took 0.134 seconds
[2025-09-22T00:25:28.802+0000] {processor.py:186} INFO - Started process (PID=8382) to work on /home/airflow/.local/lib/python3.12/site-packages/airflow/example_dags/example_bash_decorator.py
[2025-09-22T00:25:28.803+0000] {processor.py:914} INFO - Processing file /home/airflow/.local/lib/python3.12/site-packages/airflow/example_dags/example_bash_decorator.py for tasks to queue
[2025-09-22T00:25:28.805+0000] {logging_mixin.py:190} INFO - [2025-09-22T00:25:28.804+0000] {dagbag.py:588} INFO - Filling up the DagBag from /home/airflow/.local/lib/python3.12/site-packages/airflow/example_dags/example_bash_decorator.py
[2025-09-22T00:25:28.817+0000] {processor.py:925} INFO - DAG(s) 'example_bash_decorator' retrieved from /home/airflow/.local/lib/python3.12/site-packages/airflow/example_dags/example_bash_decorator.py
[2025-09-22T00:25:28.840+0000] {logging_mixin.py:190} INFO - [2025-09-22T00:25:28.840+0000] {dag.py:3239} INFO - Sync 1 DAGs
[2025-09-22T00:25:28.853+0000] {logging_mixin.py:190} INFO - [2025-09-22T00:25:28.853+0000] {dag.py:4180} INFO - Setting next_dagrun for example_bash_decorator to None, run_after=None
[2025-09-22T00:25:28.920+0000] {processor.py:208} INFO - Processing /home/airflow/.local/lib/python3.12/site-packages/airflow/example_dags/example_bash_decorator.py took 0.123 seconds
[2025-09-22T00:25:59.740+0000] {processor.py:186} INFO - Started process (PID=8446) to work on /home/airflow/.local/lib/python3.12/site-packages/airflow/example_dags/example_bash_decorator.py
[2025-09-22T00:25:59.741+0000] {processor.py:914} INFO - Processing file /home/airflow/.local/lib/python3.12/site-packages/airflow/example_dags/example_bash_decorator.py for tasks to queue
[2025-09-22T00:25:59.742+0000] {logging_mixin.py:190} INFO - [2025-09-22T00:25:59.742+0000] {dagbag.py:588} INFO - Filling up the DagBag from /home/airflow/.local/lib/python3.12/site-packages/airflow/example_dags/example_bash_decorator.py
[2025-09-22T00:25:59.755+0000] {processor.py:925} INFO - DAG(s) 'example_bash_decorator' retrieved from /home/airflow/.local/lib/python3.12/site-packages/airflow/example_dags/example_bash_decorator.py
[2025-09-22T00:25:59.775+0000] {logging_mixin.py:190} INFO - [2025-09-22T00:25:59.775+0000] {dag.py:3239} INFO - Sync 1 DAGs
[2025-09-22T00:25:59.789+0000] {logging_mixin.py:190} INFO - [2025-09-22T00:25:59.789+0000] {dag.py:4180} INFO - Setting next_dagrun for example_bash_decorator to None, run_after=None
[2025-09-22T00:25:59.858+0000] {processor.py:208} INFO - Processing /home/airflow/.local/lib/python3.12/site-packages/airflow/example_dags/example_bash_decorator.py took 0.123 seconds
[2025-09-22T00:26:30.157+0000] {processor.py:186} INFO - Started process (PID=8510) to work on /home/airflow/.local/lib/python3.12/site-packages/airflow/example_dags/example_bash_decorator.py
[2025-09-22T00:26:30.158+0000] {processor.py:914} INFO - Processing file /home/airflow/.local/lib/python3.12/site-packages/airflow/example_dags/example_bash_decorator.py for tasks to queue
[2025-09-22T00:26:30.160+0000] {logging_mixin.py:190} INFO - [2025-09-22T00:26:30.160+0000] {dagbag.py:588} INFO - Filling up the DagBag from /home/airflow/.local/lib/python3.12/site-packages/airflow/example_dags/example_bash_decorator.py
[2025-09-22T00:26:30.173+0000] {processor.py:925} INFO - DAG(s) 'example_bash_decorator' retrieved from /home/airflow/.local/lib/python3.12/site-packages/airflow/example_dags/example_bash_decorator.py
[2025-09-22T00:26:30.194+0000] {logging_mixin.py:190} INFO - [2025-09-22T00:26:30.194+0000] {dag.py:3239} INFO - Sync 1 DAGs
[2025-09-22T00:26:30.208+0000] {logging_mixin.py:190} INFO - [2025-09-22T00:26:30.208+0000] {dag.py:4180} INFO - Setting next_dagrun for example_bash_decorator to None, run_after=None
[2025-09-22T00:26:30.276+0000] {processor.py:208} INFO - Processing /home/airflow/.local/lib/python3.12/site-packages/airflow/example_dags/example_bash_decorator.py took 0.125 seconds
[2025-09-22T00:27:02.421+0000] {processor.py:186} INFO - Started process (PID=8567) to work on /home/airflow/.local/lib/python3.12/site-packages/airflow/example_dags/example_bash_decorator.py
[2025-09-22T00:27:02.422+0000] {processor.py:914} INFO - Processing file /home/airflow/.local/lib/python3.12/site-packages/airflow/example_dags/example_bash_decorator.py for tasks to queue
[2025-09-22T00:27:02.425+0000] {logging_mixin.py:190} INFO - [2025-09-22T00:27:02.424+0000] {dagbag.py:588} INFO - Filling up the DagBag from /home/airflow/.local/lib/python3.12/site-packages/airflow/example_dags/example_bash_decorator.py
[2025-09-22T00:27:02.438+0000] {processor.py:925} INFO - DAG(s) 'example_bash_decorator' retrieved from /home/airflow/.local/lib/python3.12/site-packages/airflow/example_dags/example_bash_decorator.py
[2025-09-22T00:27:02.461+0000] {logging_mixin.py:190} INFO - [2025-09-22T00:27:02.461+0000] {dag.py:3239} INFO - Sync 1 DAGs
[2025-09-22T00:27:02.475+0000] {logging_mixin.py:190} INFO - [2025-09-22T00:27:02.475+0000] {dag.py:4180} INFO - Setting next_dagrun for example_bash_decorator to None, run_after=None
[2025-09-22T00:27:02.518+0000] {processor.py:208} INFO - Processing /home/airflow/.local/lib/python3.12/site-packages/airflow/example_dags/example_bash_decorator.py took 0.102 seconds
[2025-09-22T00:27:33.790+0000] {processor.py:186} INFO - Started process (PID=8631) to work on /home/airflow/.local/lib/python3.12/site-packages/airflow/example_dags/example_bash_decorator.py
[2025-09-22T00:27:33.791+0000] {processor.py:914} INFO - Processing file /home/airflow/.local/lib/python3.12/site-packages/airflow/example_dags/example_bash_decorator.py for tasks to queue
[2025-09-22T00:27:33.794+0000] {logging_mixin.py:190} INFO - [2025-09-22T00:27:33.793+0000] {dagbag.py:588} INFO - Filling up the DagBag from /home/airflow/.local/lib/python3.12/site-packages/airflow/example_dags/example_bash_decorator.py
[2025-09-22T00:27:33.808+0000] {processor.py:925} INFO - DAG(s) 'example_bash_decorator' retrieved from /home/airflow/.local/lib/python3.12/site-packages/airflow/example_dags/example_bash_decorator.py
[2025-09-22T00:27:33.830+0000] {logging_mixin.py:190} INFO - [2025-09-22T00:27:33.830+0000] {dag.py:3239} INFO - Sync 1 DAGs
[2025-09-22T00:27:33.843+0000] {logging_mixin.py:190} INFO - [2025-09-22T00:27:33.843+0000] {dag.py:4180} INFO - Setting next_dagrun for example_bash_decorator to None, run_after=None
[2025-09-22T00:27:33.889+0000] {processor.py:208} INFO - Processing /home/airflow/.local/lib/python3.12/site-packages/airflow/example_dags/example_bash_decorator.py took 0.105 seconds
[2025-09-22T00:28:04.211+0000] {processor.py:186} INFO - Started process (PID=8701) to work on /home/airflow/.local/lib/python3.12/site-packages/airflow/example_dags/example_bash_decorator.py
[2025-09-22T00:28:04.212+0000] {processor.py:914} INFO - Processing file /home/airflow/.local/lib/python3.12/site-packages/airflow/example_dags/example_bash_decorator.py for tasks to queue
[2025-09-22T00:28:04.215+0000] {logging_mixin.py:190} INFO - [2025-09-22T00:28:04.215+0000] {dagbag.py:588} INFO - Filling up the DagBag from /home/airflow/.local/lib/python3.12/site-packages/airflow/example_dags/example_bash_decorator.py
[2025-09-22T00:28:04.230+0000] {processor.py:925} INFO - DAG(s) 'example_bash_decorator' retrieved from /home/airflow/.local/lib/python3.12/site-packages/airflow/example_dags/example_bash_decorator.py
[2025-09-22T00:28:04.253+0000] {logging_mixin.py:190} INFO - [2025-09-22T00:28:04.253+0000] {dag.py:3239} INFO - Sync 1 DAGs
[2025-09-22T00:28:04.269+0000] {logging_mixin.py:190} INFO - [2025-09-22T00:28:04.269+0000] {dag.py:4180} INFO - Setting next_dagrun for example_bash_decorator to None, run_after=None
[2025-09-22T00:28:04.316+0000] {processor.py:208} INFO - Processing /home/airflow/.local/lib/python3.12/site-packages/airflow/example_dags/example_bash_decorator.py took 0.111 seconds
[2025-09-22T00:28:34.583+0000] {processor.py:186} INFO - Started process (PID=8765) to work on /home/airflow/.local/lib/python3.12/site-packages/airflow/example_dags/example_bash_decorator.py
[2025-09-22T00:28:34.583+0000] {processor.py:914} INFO - Processing file /home/airflow/.local/lib/python3.12/site-packages/airflow/example_dags/example_bash_decorator.py for tasks to queue
[2025-09-22T00:28:34.586+0000] {logging_mixin.py:190} INFO - [2025-09-22T00:28:34.585+0000] {dagbag.py:588} INFO - Filling up the DagBag from /home/airflow/.local/lib/python3.12/site-packages/airflow/example_dags/example_bash_decorator.py
[2025-09-22T00:28:34.598+0000] {processor.py:925} INFO - DAG(s) 'example_bash_decorator' retrieved from /home/airflow/.local/lib/python3.12/site-packages/airflow/example_dags/example_bash_decorator.py
[2025-09-22T00:28:34.619+0000] {logging_mixin.py:190} INFO - [2025-09-22T00:28:34.619+0000] {dag.py:3239} INFO - Sync 1 DAGs
[2025-09-22T00:28:34.631+0000] {logging_mixin.py:190} INFO - [2025-09-22T00:28:34.631+0000] {dag.py:4180} INFO - Setting next_dagrun for example_bash_decorator to None, run_after=None
[2025-09-22T00:28:34.682+0000] {processor.py:208} INFO - Processing /home/airflow/.local/lib/python3.12/site-packages/airflow/example_dags/example_bash_decorator.py took 0.104 seconds
[2025-09-22T00:29:04.845+0000] {processor.py:186} INFO - Started process (PID=8829) to work on /home/airflow/.local/lib/python3.12/site-packages/airflow/example_dags/example_bash_decorator.py
[2025-09-22T00:29:04.846+0000] {processor.py:914} INFO - Processing file /home/airflow/.local/lib/python3.12/site-packages/airflow/example_dags/example_bash_decorator.py for tasks to queue
[2025-09-22T00:29:04.848+0000] {logging_mixin.py:190} INFO - [2025-09-22T00:29:04.848+0000] {dagbag.py:588} INFO - Filling up the DagBag from /home/airflow/.local/lib/python3.12/site-packages/airflow/example_dags/example_bash_decorator.py
[2025-09-22T00:29:04.862+0000] {processor.py:925} INFO - DAG(s) 'example_bash_decorator' retrieved from /home/airflow/.local/lib/python3.12/site-packages/airflow/example_dags/example_bash_decorator.py
[2025-09-22T00:29:04.882+0000] {logging_mixin.py:190} INFO - [2025-09-22T00:29:04.882+0000] {dag.py:3239} INFO - Sync 1 DAGs
[2025-09-22T00:29:04.895+0000] {logging_mixin.py:190} INFO - [2025-09-22T00:29:04.894+0000] {dag.py:4180} INFO - Setting next_dagrun for example_bash_decorator to None, run_after=None
[2025-09-22T00:29:04.956+0000] {processor.py:208} INFO - Processing /home/airflow/.local/lib/python3.12/site-packages/airflow/example_dags/example_bash_decorator.py took 0.116 seconds
[2025-09-22T00:29:35.239+0000] {processor.py:186} INFO - Started process (PID=8893) to work on /home/airflow/.local/lib/python3.12/site-packages/airflow/example_dags/example_bash_decorator.py
[2025-09-22T00:29:35.240+0000] {processor.py:914} INFO - Processing file /home/airflow/.local/lib/python3.12/site-packages/airflow/example_dags/example_bash_decorator.py for tasks to queue
[2025-09-22T00:29:35.242+0000] {logging_mixin.py:190} INFO - [2025-09-22T00:29:35.241+0000] {dagbag.py:588} INFO - Filling up the DagBag from /home/airflow/.local/lib/python3.12/site-packages/airflow/example_dags/example_bash_decorator.py
[2025-09-22T00:29:35.254+0000] {processor.py:925} INFO - DAG(s) 'example_bash_decorator' retrieved from /home/airflow/.local/lib/python3.12/site-packages/airflow/example_dags/example_bash_decorator.py
[2025-09-22T00:29:35.275+0000] {logging_mixin.py:190} INFO - [2025-09-22T00:29:35.274+0000] {dag.py:3239} INFO - Sync 1 DAGs
[2025-09-22T00:29:35.287+0000] {logging_mixin.py:190} INFO - [2025-09-22T00:29:35.287+0000] {dag.py:4180} INFO - Setting next_dagrun for example_bash_decorator to None, run_after=None
[2025-09-22T00:29:35.326+0000] {processor.py:208} INFO - Processing /home/airflow/.local/lib/python3.12/site-packages/airflow/example_dags/example_bash_decorator.py took 0.092 seconds
[2025-09-22T00:30:06.779+0000] {processor.py:186} INFO - Started process (PID=8957) to work on /home/airflow/.local/lib/python3.12/site-packages/airflow/example_dags/example_bash_decorator.py
[2025-09-22T00:30:06.780+0000] {processor.py:914} INFO - Processing file /home/airflow/.local/lib/python3.12/site-packages/airflow/example_dags/example_bash_decorator.py for tasks to queue
[2025-09-22T00:30:06.782+0000] {logging_mixin.py:190} INFO - [2025-09-22T00:30:06.782+0000] {dagbag.py:588} INFO - Filling up the DagBag from /home/airflow/.local/lib/python3.12/site-packages/airflow/example_dags/example_bash_decorator.py
[2025-09-22T00:30:06.795+0000] {processor.py:925} INFO - DAG(s) 'example_bash_decorator' retrieved from /home/airflow/.local/lib/python3.12/site-packages/airflow/example_dags/example_bash_decorator.py
[2025-09-22T00:30:06.817+0000] {logging_mixin.py:190} INFO - [2025-09-22T00:30:06.817+0000] {dag.py:3239} INFO - Sync 1 DAGs
[2025-09-22T00:30:06.830+0000] {logging_mixin.py:190} INFO - [2025-09-22T00:30:06.829+0000] {dag.py:4180} INFO - Setting next_dagrun for example_bash_decorator to None, run_after=None
[2025-09-22T00:30:06.864+0000] {processor.py:208} INFO - Processing /home/airflow/.local/lib/python3.12/site-packages/airflow/example_dags/example_bash_decorator.py took 0.090 seconds
[2025-09-22T00:30:37.586+0000] {processor.py:186} INFO - Started process (PID=9020) to work on /home/airflow/.local/lib/python3.12/site-packages/airflow/example_dags/example_bash_decorator.py
[2025-09-22T00:30:37.587+0000] {processor.py:914} INFO - Processing file /home/airflow/.local/lib/python3.12/site-packages/airflow/example_dags/example_bash_decorator.py for tasks to queue
[2025-09-22T00:30:37.588+0000] {logging_mixin.py:190} INFO - [2025-09-22T00:30:37.588+0000] {dagbag.py:588} INFO - Filling up the DagBag from /home/airflow/.local/lib/python3.12/site-packages/airflow/example_dags/example_bash_decorator.py
[2025-09-22T00:30:37.601+0000] {processor.py:925} INFO - DAG(s) 'example_bash_decorator' retrieved from /home/airflow/.local/lib/python3.12/site-packages/airflow/example_dags/example_bash_decorator.py
[2025-09-22T00:30:37.621+0000] {logging_mixin.py:190} INFO - [2025-09-22T00:30:37.621+0000] {dag.py:3239} INFO - Sync 1 DAGs
[2025-09-22T00:30:37.633+0000] {logging_mixin.py:190} INFO - [2025-09-22T00:30:37.633+0000] {dag.py:4180} INFO - Setting next_dagrun for example_bash_decorator to None, run_after=None
[2025-09-22T00:30:37.703+0000] {processor.py:208} INFO - Processing /home/airflow/.local/lib/python3.12/site-packages/airflow/example_dags/example_bash_decorator.py took 0.122 seconds
[2025-09-22T00:31:07.847+0000] {processor.py:186} INFO - Started process (PID=9084) to work on /home/airflow/.local/lib/python3.12/site-packages/airflow/example_dags/example_bash_decorator.py
[2025-09-22T00:31:07.848+0000] {processor.py:914} INFO - Processing file /home/airflow/.local/lib/python3.12/site-packages/airflow/example_dags/example_bash_decorator.py for tasks to queue
[2025-09-22T00:31:07.849+0000] {logging_mixin.py:190} INFO - [2025-09-22T00:31:07.849+0000] {dagbag.py:588} INFO - Filling up the DagBag from /home/airflow/.local/lib/python3.12/site-packages/airflow/example_dags/example_bash_decorator.py
[2025-09-22T00:31:07.862+0000] {processor.py:925} INFO - DAG(s) 'example_bash_decorator' retrieved from /home/airflow/.local/lib/python3.12/site-packages/airflow/example_dags/example_bash_decorator.py
[2025-09-22T00:31:07.883+0000] {logging_mixin.py:190} INFO - [2025-09-22T00:31:07.883+0000] {dag.py:3239} INFO - Sync 1 DAGs
[2025-09-22T00:31:07.895+0000] {logging_mixin.py:190} INFO - [2025-09-22T00:31:07.895+0000] {dag.py:4180} INFO - Setting next_dagrun for example_bash_decorator to None, run_after=None
[2025-09-22T00:31:07.967+0000] {processor.py:208} INFO - Processing /home/airflow/.local/lib/python3.12/site-packages/airflow/example_dags/example_bash_decorator.py took 0.125 seconds
[2025-09-22T00:31:38.617+0000] {processor.py:186} INFO - Started process (PID=9147) to work on /home/airflow/.local/lib/python3.12/site-packages/airflow/example_dags/example_bash_decorator.py
[2025-09-22T00:31:38.618+0000] {processor.py:914} INFO - Processing file /home/airflow/.local/lib/python3.12/site-packages/airflow/example_dags/example_bash_decorator.py for tasks to queue
[2025-09-22T00:31:38.621+0000] {logging_mixin.py:190} INFO - [2025-09-22T00:31:38.620+0000] {dagbag.py:588} INFO - Filling up the DagBag from /home/airflow/.local/lib/python3.12/site-packages/airflow/example_dags/example_bash_decorator.py
[2025-09-22T00:31:38.635+0000] {processor.py:925} INFO - DAG(s) 'example_bash_decorator' retrieved from /home/airflow/.local/lib/python3.12/site-packages/airflow/example_dags/example_bash_decorator.py
[2025-09-22T00:31:38.659+0000] {logging_mixin.py:190} INFO - [2025-09-22T00:31:38.659+0000] {dag.py:3239} INFO - Sync 1 DAGs
[2025-09-22T00:31:38.671+0000] {logging_mixin.py:190} INFO - [2025-09-22T00:31:38.671+0000] {dag.py:4180} INFO - Setting next_dagrun for example_bash_decorator to None, run_after=None
[2025-09-22T00:31:38.735+0000] {processor.py:208} INFO - Processing /home/airflow/.local/lib/python3.12/site-packages/airflow/example_dags/example_bash_decorator.py took 0.124 seconds
[2025-09-22T00:32:09.617+0000] {processor.py:186} INFO - Started process (PID=9211) to work on /home/airflow/.local/lib/python3.12/site-packages/airflow/example_dags/example_bash_decorator.py
[2025-09-22T00:32:09.618+0000] {processor.py:914} INFO - Processing file /home/airflow/.local/lib/python3.12/site-packages/airflow/example_dags/example_bash_decorator.py for tasks to queue
[2025-09-22T00:32:09.620+0000] {logging_mixin.py:190} INFO - [2025-09-22T00:32:09.620+0000] {dagbag.py:588} INFO - Filling up the DagBag from /home/airflow/.local/lib/python3.12/site-packages/airflow/example_dags/example_bash_decorator.py
[2025-09-22T00:32:09.637+0000] {processor.py:925} INFO - DAG(s) 'example_bash_decorator' retrieved from /home/airflow/.local/lib/python3.12/site-packages/airflow/example_dags/example_bash_decorator.py
[2025-09-22T00:32:09.662+0000] {logging_mixin.py:190} INFO - [2025-09-22T00:32:09.662+0000] {dag.py:3239} INFO - Sync 1 DAGs
[2025-09-22T00:32:09.677+0000] {logging_mixin.py:190} INFO - [2025-09-22T00:32:09.677+0000] {dag.py:4180} INFO - Setting next_dagrun for example_bash_decorator to None, run_after=None
[2025-09-22T00:32:09.730+0000] {processor.py:208} INFO - Processing /home/airflow/.local/lib/python3.12/site-packages/airflow/example_dags/example_bash_decorator.py took 0.119 seconds
[2025-09-22T00:32:41.265+0000] {processor.py:186} INFO - Started process (PID=9271) to work on /home/airflow/.local/lib/python3.12/site-packages/airflow/example_dags/example_bash_decorator.py
[2025-09-22T00:32:41.266+0000] {processor.py:914} INFO - Processing file /home/airflow/.local/lib/python3.12/site-packages/airflow/example_dags/example_bash_decorator.py for tasks to queue
[2025-09-22T00:32:41.269+0000] {logging_mixin.py:190} INFO - [2025-09-22T00:32:41.268+0000] {dagbag.py:588} INFO - Filling up the DagBag from /home/airflow/.local/lib/python3.12/site-packages/airflow/example_dags/example_bash_decorator.py
[2025-09-22T00:32:41.282+0000] {processor.py:925} INFO - DAG(s) 'example_bash_decorator' retrieved from /home/airflow/.local/lib/python3.12/site-packages/airflow/example_dags/example_bash_decorator.py
[2025-09-22T00:32:41.305+0000] {logging_mixin.py:190} INFO - [2025-09-22T00:32:41.305+0000] {dag.py:3239} INFO - Sync 1 DAGs
[2025-09-22T00:32:41.319+0000] {logging_mixin.py:190} INFO - [2025-09-22T00:32:41.319+0000] {dag.py:4180} INFO - Setting next_dagrun for example_bash_decorator to None, run_after=None
[2025-09-22T00:32:41.356+0000] {processor.py:208} INFO - Processing /home/airflow/.local/lib/python3.12/site-packages/airflow/example_dags/example_bash_decorator.py took 0.096 seconds
[2025-09-22T00:33:11.465+0000] {processor.py:186} INFO - Started process (PID=9335) to work on /home/airflow/.local/lib/python3.12/site-packages/airflow/example_dags/example_bash_decorator.py
[2025-09-22T00:33:11.466+0000] {processor.py:914} INFO - Processing file /home/airflow/.local/lib/python3.12/site-packages/airflow/example_dags/example_bash_decorator.py for tasks to queue
[2025-09-22T00:33:11.468+0000] {logging_mixin.py:190} INFO - [2025-09-22T00:33:11.468+0000] {dagbag.py:588} INFO - Filling up the DagBag from /home/airflow/.local/lib/python3.12/site-packages/airflow/example_dags/example_bash_decorator.py
[2025-09-22T00:33:11.482+0000] {processor.py:925} INFO - DAG(s) 'example_bash_decorator' retrieved from /home/airflow/.local/lib/python3.12/site-packages/airflow/example_dags/example_bash_decorator.py
[2025-09-22T00:33:11.505+0000] {logging_mixin.py:190} INFO - [2025-09-22T00:33:11.505+0000] {dag.py:3239} INFO - Sync 1 DAGs
[2025-09-22T00:33:11.518+0000] {logging_mixin.py:190} INFO - [2025-09-22T00:33:11.518+0000] {dag.py:4180} INFO - Setting next_dagrun for example_bash_decorator to None, run_after=None
[2025-09-22T00:33:11.560+0000] {processor.py:208} INFO - Processing /home/airflow/.local/lib/python3.12/site-packages/airflow/example_dags/example_bash_decorator.py took 0.100 seconds
[2025-09-22T00:33:42.532+0000] {processor.py:186} INFO - Started process (PID=9397) to work on /home/airflow/.local/lib/python3.12/site-packages/airflow/example_dags/example_bash_decorator.py
[2025-09-22T00:33:42.533+0000] {processor.py:914} INFO - Processing file /home/airflow/.local/lib/python3.12/site-packages/airflow/example_dags/example_bash_decorator.py for tasks to queue
[2025-09-22T00:33:42.536+0000] {logging_mixin.py:190} INFO - [2025-09-22T00:33:42.536+0000] {dagbag.py:588} INFO - Filling up the DagBag from /home/airflow/.local/lib/python3.12/site-packages/airflow/example_dags/example_bash_decorator.py
[2025-09-22T00:33:42.553+0000] {processor.py:925} INFO - DAG(s) 'example_bash_decorator' retrieved from /home/airflow/.local/lib/python3.12/site-packages/airflow/example_dags/example_bash_decorator.py
[2025-09-22T00:33:42.578+0000] {logging_mixin.py:190} INFO - [2025-09-22T00:33:42.578+0000] {dag.py:3239} INFO - Sync 1 DAGs
[2025-09-22T00:33:42.591+0000] {logging_mixin.py:190} INFO - [2025-09-22T00:33:42.590+0000] {dag.py:4180} INFO - Setting next_dagrun for example_bash_decorator to None, run_after=None
[2025-09-22T00:33:42.634+0000] {processor.py:208} INFO - Processing /home/airflow/.local/lib/python3.12/site-packages/airflow/example_dags/example_bash_decorator.py took 0.111 seconds
[2025-09-22T00:34:13.454+0000] {processor.py:186} INFO - Started process (PID=9460) to work on /home/airflow/.local/lib/python3.12/site-packages/airflow/example_dags/example_bash_decorator.py
[2025-09-22T00:34:13.455+0000] {processor.py:914} INFO - Processing file /home/airflow/.local/lib/python3.12/site-packages/airflow/example_dags/example_bash_decorator.py for tasks to queue
[2025-09-22T00:34:13.457+0000] {logging_mixin.py:190} INFO - [2025-09-22T00:34:13.457+0000] {dagbag.py:588} INFO - Filling up the DagBag from /home/airflow/.local/lib/python3.12/site-packages/airflow/example_dags/example_bash_decorator.py
[2025-09-22T00:34:13.470+0000] {processor.py:925} INFO - DAG(s) 'example_bash_decorator' retrieved from /home/airflow/.local/lib/python3.12/site-packages/airflow/example_dags/example_bash_decorator.py
[2025-09-22T00:34:13.494+0000] {logging_mixin.py:190} INFO - [2025-09-22T00:34:13.494+0000] {dag.py:3239} INFO - Sync 1 DAGs
[2025-09-22T00:34:13.509+0000] {logging_mixin.py:190} INFO - [2025-09-22T00:34:13.508+0000] {dag.py:4180} INFO - Setting next_dagrun for example_bash_decorator to None, run_after=None
[2025-09-22T00:34:13.547+0000] {processor.py:208} INFO - Processing /home/airflow/.local/lib/python3.12/site-packages/airflow/example_dags/example_bash_decorator.py took 0.100 seconds
[2025-09-22T00:34:44.939+0000] {processor.py:186} INFO - Started process (PID=9524) to work on /home/airflow/.local/lib/python3.12/site-packages/airflow/example_dags/example_bash_decorator.py
[2025-09-22T00:34:44.940+0000] {processor.py:914} INFO - Processing file /home/airflow/.local/lib/python3.12/site-packages/airflow/example_dags/example_bash_decorator.py for tasks to queue
[2025-09-22T00:34:44.943+0000] {logging_mixin.py:190} INFO - [2025-09-22T00:34:44.942+0000] {dagbag.py:588} INFO - Filling up the DagBag from /home/airflow/.local/lib/python3.12/site-packages/airflow/example_dags/example_bash_decorator.py
[2025-09-22T00:34:44.958+0000] {processor.py:925} INFO - DAG(s) 'example_bash_decorator' retrieved from /home/airflow/.local/lib/python3.12/site-packages/airflow/example_dags/example_bash_decorator.py
[2025-09-22T00:34:44.985+0000] {logging_mixin.py:190} INFO - [2025-09-22T00:34:44.985+0000] {dag.py:3239} INFO - Sync 1 DAGs
[2025-09-22T00:34:45.001+0000] {logging_mixin.py:190} INFO - [2025-09-22T00:34:45.001+0000] {dag.py:4180} INFO - Setting next_dagrun for example_bash_decorator to None, run_after=None
[2025-09-22T00:34:45.051+0000] {processor.py:208} INFO - Processing /home/airflow/.local/lib/python3.12/site-packages/airflow/example_dags/example_bash_decorator.py took 0.117 seconds
[2025-09-22T00:35:15.838+0000] {processor.py:186} INFO - Started process (PID=9588) to work on /home/airflow/.local/lib/python3.12/site-packages/airflow/example_dags/example_bash_decorator.py
[2025-09-22T00:35:15.839+0000] {processor.py:914} INFO - Processing file /home/airflow/.local/lib/python3.12/site-packages/airflow/example_dags/example_bash_decorator.py for tasks to queue
[2025-09-22T00:35:15.841+0000] {logging_mixin.py:190} INFO - [2025-09-22T00:35:15.841+0000] {dagbag.py:588} INFO - Filling up the DagBag from /home/airflow/.local/lib/python3.12/site-packages/airflow/example_dags/example_bash_decorator.py
[2025-09-22T00:35:15.854+0000] {processor.py:925} INFO - DAG(s) 'example_bash_decorator' retrieved from /home/airflow/.local/lib/python3.12/site-packages/airflow/example_dags/example_bash_decorator.py
[2025-09-22T00:35:15.875+0000] {logging_mixin.py:190} INFO - [2025-09-22T00:35:15.875+0000] {dag.py:3239} INFO - Sync 1 DAGs
[2025-09-22T00:35:15.889+0000] {logging_mixin.py:190} INFO - [2025-09-22T00:35:15.888+0000] {dag.py:4180} INFO - Setting next_dagrun for example_bash_decorator to None, run_after=None
[2025-09-22T00:35:15.934+0000] {processor.py:208} INFO - Processing /home/airflow/.local/lib/python3.12/site-packages/airflow/example_dags/example_bash_decorator.py took 0.101 seconds
[2025-09-22T00:35:46.591+0000] {processor.py:186} INFO - Started process (PID=9650) to work on /home/airflow/.local/lib/python3.12/site-packages/airflow/example_dags/example_bash_decorator.py
[2025-09-22T00:35:46.592+0000] {processor.py:914} INFO - Processing file /home/airflow/.local/lib/python3.12/site-packages/airflow/example_dags/example_bash_decorator.py for tasks to queue
[2025-09-22T00:35:46.594+0000] {logging_mixin.py:190} INFO - [2025-09-22T00:35:46.594+0000] {dagbag.py:588} INFO - Filling up the DagBag from /home/airflow/.local/lib/python3.12/site-packages/airflow/example_dags/example_bash_decorator.py
[2025-09-22T00:35:46.613+0000] {processor.py:925} INFO - DAG(s) 'example_bash_decorator' retrieved from /home/airflow/.local/lib/python3.12/site-packages/airflow/example_dags/example_bash_decorator.py
[2025-09-22T00:35:46.635+0000] {logging_mixin.py:190} INFO - [2025-09-22T00:35:46.635+0000] {dag.py:3239} INFO - Sync 1 DAGs
[2025-09-22T00:35:46.649+0000] {logging_mixin.py:190} INFO - [2025-09-22T00:35:46.649+0000] {dag.py:4180} INFO - Setting next_dagrun for example_bash_decorator to None, run_after=None
[2025-09-22T00:35:46.728+0000] {processor.py:208} INFO - Processing /home/airflow/.local/lib/python3.12/site-packages/airflow/example_dags/example_bash_decorator.py took 0.144 seconds
[2025-09-22T00:36:17.363+0000] {processor.py:186} INFO - Started process (PID=9713) to work on /home/airflow/.local/lib/python3.12/site-packages/airflow/example_dags/example_bash_decorator.py
[2025-09-22T00:36:17.364+0000] {processor.py:914} INFO - Processing file /home/airflow/.local/lib/python3.12/site-packages/airflow/example_dags/example_bash_decorator.py for tasks to queue
[2025-09-22T00:36:17.367+0000] {logging_mixin.py:190} INFO - [2025-09-22T00:36:17.366+0000] {dagbag.py:588} INFO - Filling up the DagBag from /home/airflow/.local/lib/python3.12/site-packages/airflow/example_dags/example_bash_decorator.py
[2025-09-22T00:36:17.381+0000] {processor.py:925} INFO - DAG(s) 'example_bash_decorator' retrieved from /home/airflow/.local/lib/python3.12/site-packages/airflow/example_dags/example_bash_decorator.py
[2025-09-22T00:36:17.403+0000] {logging_mixin.py:190} INFO - [2025-09-22T00:36:17.403+0000] {dag.py:3239} INFO - Sync 1 DAGs
[2025-09-22T00:36:17.417+0000] {logging_mixin.py:190} INFO - [2025-09-22T00:36:17.417+0000] {dag.py:4180} INFO - Setting next_dagrun for example_bash_decorator to None, run_after=None
[2025-09-22T00:36:17.460+0000] {processor.py:208} INFO - Processing /home/airflow/.local/lib/python3.12/site-packages/airflow/example_dags/example_bash_decorator.py took 0.102 seconds
