[2025-09-22T00:00:16.030+0000] {processor.py:186} INFO - Started process (PID=5279) to work on /home/airflow/.local/lib/python3.12/site-packages/airflow/example_dags/example_xcom.py
[2025-09-22T00:00:16.031+0000] {processor.py:914} INFO - Processing file /home/airflow/.local/lib/python3.12/site-packages/airflow/example_dags/example_xcom.py for tasks to queue
[2025-09-22T00:00:16.034+0000] {logging_mixin.py:190} INFO - [2025-09-22T00:00:16.033+0000] {dagbag.py:588} INFO - Filling up the DagBag from /home/airflow/.local/lib/python3.12/site-packages/airflow/example_dags/example_xcom.py
[2025-09-22T00:00:16.043+0000] {processor.py:925} INFO - DAG(s) 'example_xcom' retrieved from /home/airflow/.local/lib/python3.12/site-packages/airflow/example_dags/example_xcom.py
[2025-09-22T00:00:16.065+0000] {logging_mixin.py:190} INFO - [2025-09-22T00:00:16.064+0000] {dag.py:3239} INFO - Sync 1 DAGs
[2025-09-22T00:00:16.089+0000] {logging_mixin.py:190} INFO - [2025-09-22T00:00:16.088+0000] {dag.py:4180} INFO - Setting next_dagrun for example_xcom to 2021-01-01 00:00:00+00:00, run_after=2021-01-01 00:00:00+00:00
[2025-09-22T00:00:16.136+0000] {processor.py:208} INFO - Processing /home/airflow/.local/lib/python3.12/site-packages/airflow/example_dags/example_xcom.py took 0.112 seconds
[2025-09-22T00:00:46.528+0000] {processor.py:186} INFO - Started process (PID=5343) to work on /home/airflow/.local/lib/python3.12/site-packages/airflow/example_dags/example_xcom.py
[2025-09-22T00:00:46.529+0000] {processor.py:914} INFO - Processing file /home/airflow/.local/lib/python3.12/site-packages/airflow/example_dags/example_xcom.py for tasks to queue
[2025-09-22T00:00:46.532+0000] {logging_mixin.py:190} INFO - [2025-09-22T00:00:46.532+0000] {dagbag.py:588} INFO - Filling up the DagBag from /home/airflow/.local/lib/python3.12/site-packages/airflow/example_dags/example_xcom.py
[2025-09-22T00:00:46.543+0000] {processor.py:925} INFO - DAG(s) 'example_xcom' retrieved from /home/airflow/.local/lib/python3.12/site-packages/airflow/example_dags/example_xcom.py
[2025-09-22T00:00:46.566+0000] {logging_mixin.py:190} INFO - [2025-09-22T00:00:46.565+0000] {dag.py:3239} INFO - Sync 1 DAGs
[2025-09-22T00:00:46.592+0000] {logging_mixin.py:190} INFO - [2025-09-22T00:00:46.592+0000] {dag.py:4180} INFO - Setting next_dagrun for example_xcom to 2021-01-01 00:00:00+00:00, run_after=2021-01-01 00:00:00+00:00
[2025-09-22T00:00:46.649+0000] {processor.py:208} INFO - Processing /home/airflow/.local/lib/python3.12/site-packages/airflow/example_dags/example_xcom.py took 0.127 seconds
[2025-09-22T00:01:17.452+0000] {processor.py:186} INFO - Started process (PID=5407) to work on /home/airflow/.local/lib/python3.12/site-packages/airflow/example_dags/example_xcom.py
[2025-09-22T00:01:17.454+0000] {processor.py:914} INFO - Processing file /home/airflow/.local/lib/python3.12/site-packages/airflow/example_dags/example_xcom.py for tasks to queue
[2025-09-22T00:01:17.457+0000] {logging_mixin.py:190} INFO - [2025-09-22T00:01:17.457+0000] {dagbag.py:588} INFO - Filling up the DagBag from /home/airflow/.local/lib/python3.12/site-packages/airflow/example_dags/example_xcom.py
[2025-09-22T00:01:17.466+0000] {processor.py:925} INFO - DAG(s) 'example_xcom' retrieved from /home/airflow/.local/lib/python3.12/site-packages/airflow/example_dags/example_xcom.py
[2025-09-22T00:01:17.489+0000] {logging_mixin.py:190} INFO - [2025-09-22T00:01:17.489+0000] {dag.py:3239} INFO - Sync 1 DAGs
[2025-09-22T00:01:17.514+0000] {logging_mixin.py:190} INFO - [2025-09-22T00:01:17.514+0000] {dag.py:4180} INFO - Setting next_dagrun for example_xcom to 2021-01-01 00:00:00+00:00, run_after=2021-01-01 00:00:00+00:00
[2025-09-22T00:01:17.559+0000] {processor.py:208} INFO - Processing /home/airflow/.local/lib/python3.12/site-packages/airflow/example_dags/example_xcom.py took 0.113 seconds
[2025-09-22T00:01:47.681+0000] {processor.py:186} INFO - Started process (PID=5471) to work on /home/airflow/.local/lib/python3.12/site-packages/airflow/example_dags/example_xcom.py
[2025-09-22T00:01:47.682+0000] {processor.py:914} INFO - Processing file /home/airflow/.local/lib/python3.12/site-packages/airflow/example_dags/example_xcom.py for tasks to queue
[2025-09-22T00:01:47.684+0000] {logging_mixin.py:190} INFO - [2025-09-22T00:01:47.684+0000] {dagbag.py:588} INFO - Filling up the DagBag from /home/airflow/.local/lib/python3.12/site-packages/airflow/example_dags/example_xcom.py
[2025-09-22T00:01:47.694+0000] {processor.py:925} INFO - DAG(s) 'example_xcom' retrieved from /home/airflow/.local/lib/python3.12/site-packages/airflow/example_dags/example_xcom.py
[2025-09-22T00:01:47.713+0000] {logging_mixin.py:190} INFO - [2025-09-22T00:01:47.713+0000] {dag.py:3239} INFO - Sync 1 DAGs
[2025-09-22T00:01:47.736+0000] {logging_mixin.py:190} INFO - [2025-09-22T00:01:47.736+0000] {dag.py:4180} INFO - Setting next_dagrun for example_xcom to 2021-01-01 00:00:00+00:00, run_after=2021-01-01 00:00:00+00:00
[2025-09-22T00:01:47.777+0000] {processor.py:208} INFO - Processing /home/airflow/.local/lib/python3.12/site-packages/airflow/example_dags/example_xcom.py took 0.101 seconds
[2025-09-22T00:02:18.588+0000] {processor.py:186} INFO - Started process (PID=5535) to work on /home/airflow/.local/lib/python3.12/site-packages/airflow/example_dags/example_xcom.py
[2025-09-22T00:02:18.590+0000] {processor.py:914} INFO - Processing file /home/airflow/.local/lib/python3.12/site-packages/airflow/example_dags/example_xcom.py for tasks to queue
[2025-09-22T00:02:18.592+0000] {logging_mixin.py:190} INFO - [2025-09-22T00:02:18.592+0000] {dagbag.py:588} INFO - Filling up the DagBag from /home/airflow/.local/lib/python3.12/site-packages/airflow/example_dags/example_xcom.py
[2025-09-22T00:02:18.602+0000] {processor.py:925} INFO - DAG(s) 'example_xcom' retrieved from /home/airflow/.local/lib/python3.12/site-packages/airflow/example_dags/example_xcom.py
[2025-09-22T00:02:18.624+0000] {logging_mixin.py:190} INFO - [2025-09-22T00:02:18.623+0000] {dag.py:3239} INFO - Sync 1 DAGs
[2025-09-22T00:02:18.647+0000] {logging_mixin.py:190} INFO - [2025-09-22T00:02:18.646+0000] {dag.py:4180} INFO - Setting next_dagrun for example_xcom to 2021-01-01 00:00:00+00:00, run_after=2021-01-01 00:00:00+00:00
[2025-09-22T00:02:18.686+0000] {processor.py:208} INFO - Processing /home/airflow/.local/lib/python3.12/site-packages/airflow/example_dags/example_xcom.py took 0.104 seconds
[2025-09-22T00:02:49.005+0000] {processor.py:186} INFO - Started process (PID=5599) to work on /home/airflow/.local/lib/python3.12/site-packages/airflow/example_dags/example_xcom.py
[2025-09-22T00:02:49.007+0000] {processor.py:914} INFO - Processing file /home/airflow/.local/lib/python3.12/site-packages/airflow/example_dags/example_xcom.py for tasks to queue
[2025-09-22T00:02:49.009+0000] {logging_mixin.py:190} INFO - [2025-09-22T00:02:49.009+0000] {dagbag.py:588} INFO - Filling up the DagBag from /home/airflow/.local/lib/python3.12/site-packages/airflow/example_dags/example_xcom.py
[2025-09-22T00:02:49.019+0000] {processor.py:925} INFO - DAG(s) 'example_xcom' retrieved from /home/airflow/.local/lib/python3.12/site-packages/airflow/example_dags/example_xcom.py
[2025-09-22T00:02:49.044+0000] {logging_mixin.py:190} INFO - [2025-09-22T00:02:49.043+0000] {dag.py:3239} INFO - Sync 1 DAGs
[2025-09-22T00:02:49.074+0000] {logging_mixin.py:190} INFO - [2025-09-22T00:02:49.074+0000] {dag.py:4180} INFO - Setting next_dagrun for example_xcom to 2021-01-01 00:00:00+00:00, run_after=2021-01-01 00:00:00+00:00
[2025-09-22T00:02:49.120+0000] {processor.py:208} INFO - Processing /home/airflow/.local/lib/python3.12/site-packages/airflow/example_dags/example_xcom.py took 0.121 seconds
[2025-09-22T00:03:19.425+0000] {processor.py:186} INFO - Started process (PID=5663) to work on /home/airflow/.local/lib/python3.12/site-packages/airflow/example_dags/example_xcom.py
[2025-09-22T00:03:19.426+0000] {processor.py:914} INFO - Processing file /home/airflow/.local/lib/python3.12/site-packages/airflow/example_dags/example_xcom.py for tasks to queue
[2025-09-22T00:03:19.429+0000] {logging_mixin.py:190} INFO - [2025-09-22T00:03:19.428+0000] {dagbag.py:588} INFO - Filling up the DagBag from /home/airflow/.local/lib/python3.12/site-packages/airflow/example_dags/example_xcom.py
[2025-09-22T00:03:19.439+0000] {processor.py:925} INFO - DAG(s) 'example_xcom' retrieved from /home/airflow/.local/lib/python3.12/site-packages/airflow/example_dags/example_xcom.py
[2025-09-22T00:03:19.463+0000] {logging_mixin.py:190} INFO - [2025-09-22T00:03:19.463+0000] {dag.py:3239} INFO - Sync 1 DAGs
[2025-09-22T00:03:19.486+0000] {logging_mixin.py:190} INFO - [2025-09-22T00:03:19.485+0000] {dag.py:4180} INFO - Setting next_dagrun for example_xcom to 2021-01-01 00:00:00+00:00, run_after=2021-01-01 00:00:00+00:00
[2025-09-22T00:03:19.530+0000] {processor.py:208} INFO - Processing /home/airflow/.local/lib/python3.12/site-packages/airflow/example_dags/example_xcom.py took 0.111 seconds
[2025-09-22T00:03:50.016+0000] {processor.py:186} INFO - Started process (PID=5721) to work on /home/airflow/.local/lib/python3.12/site-packages/airflow/example_dags/example_xcom.py
[2025-09-22T00:03:50.017+0000] {processor.py:914} INFO - Processing file /home/airflow/.local/lib/python3.12/site-packages/airflow/example_dags/example_xcom.py for tasks to queue
[2025-09-22T00:03:50.019+0000] {logging_mixin.py:190} INFO - [2025-09-22T00:03:50.019+0000] {dagbag.py:588} INFO - Filling up the DagBag from /home/airflow/.local/lib/python3.12/site-packages/airflow/example_dags/example_xcom.py
[2025-09-22T00:03:50.028+0000] {processor.py:925} INFO - DAG(s) 'example_xcom' retrieved from /home/airflow/.local/lib/python3.12/site-packages/airflow/example_dags/example_xcom.py
[2025-09-22T00:03:50.048+0000] {logging_mixin.py:190} INFO - [2025-09-22T00:03:50.048+0000] {dag.py:3239} INFO - Sync 1 DAGs
[2025-09-22T00:03:50.072+0000] {logging_mixin.py:190} INFO - [2025-09-22T00:03:50.071+0000] {dag.py:4180} INFO - Setting next_dagrun for example_xcom to 2021-01-01 00:00:00+00:00, run_after=2021-01-01 00:00:00+00:00
[2025-09-22T00:03:50.147+0000] {processor.py:208} INFO - Processing /home/airflow/.local/lib/python3.12/site-packages/airflow/example_dags/example_xcom.py took 0.137 seconds
[2025-09-22T00:04:20.272+0000] {processor.py:186} INFO - Started process (PID=5785) to work on /home/airflow/.local/lib/python3.12/site-packages/airflow/example_dags/example_xcom.py
[2025-09-22T00:04:20.273+0000] {processor.py:914} INFO - Processing file /home/airflow/.local/lib/python3.12/site-packages/airflow/example_dags/example_xcom.py for tasks to queue
[2025-09-22T00:04:20.275+0000] {logging_mixin.py:190} INFO - [2025-09-22T00:04:20.275+0000] {dagbag.py:588} INFO - Filling up the DagBag from /home/airflow/.local/lib/python3.12/site-packages/airflow/example_dags/example_xcom.py
[2025-09-22T00:04:20.284+0000] {processor.py:925} INFO - DAG(s) 'example_xcom' retrieved from /home/airflow/.local/lib/python3.12/site-packages/airflow/example_dags/example_xcom.py
[2025-09-22T00:04:20.305+0000] {logging_mixin.py:190} INFO - [2025-09-22T00:04:20.304+0000] {dag.py:3239} INFO - Sync 1 DAGs
[2025-09-22T00:04:20.327+0000] {logging_mixin.py:190} INFO - [2025-09-22T00:04:20.326+0000] {dag.py:4180} INFO - Setting next_dagrun for example_xcom to 2021-01-01 00:00:00+00:00, run_after=2021-01-01 00:00:00+00:00
[2025-09-22T00:04:20.371+0000] {processor.py:208} INFO - Processing /home/airflow/.local/lib/python3.12/site-packages/airflow/example_dags/example_xcom.py took 0.104 seconds
[2025-09-22T00:04:51.201+0000] {processor.py:186} INFO - Started process (PID=5849) to work on /home/airflow/.local/lib/python3.12/site-packages/airflow/example_dags/example_xcom.py
[2025-09-22T00:04:51.202+0000] {processor.py:914} INFO - Processing file /home/airflow/.local/lib/python3.12/site-packages/airflow/example_dags/example_xcom.py for tasks to queue
[2025-09-22T00:04:51.204+0000] {logging_mixin.py:190} INFO - [2025-09-22T00:04:51.204+0000] {dagbag.py:588} INFO - Filling up the DagBag from /home/airflow/.local/lib/python3.12/site-packages/airflow/example_dags/example_xcom.py
[2025-09-22T00:04:51.212+0000] {processor.py:925} INFO - DAG(s) 'example_xcom' retrieved from /home/airflow/.local/lib/python3.12/site-packages/airflow/example_dags/example_xcom.py
[2025-09-22T00:04:51.229+0000] {logging_mixin.py:190} INFO - [2025-09-22T00:04:51.229+0000] {dag.py:3239} INFO - Sync 1 DAGs
[2025-09-22T00:04:51.250+0000] {logging_mixin.py:190} INFO - [2025-09-22T00:04:51.249+0000] {dag.py:4180} INFO - Setting next_dagrun for example_xcom to 2021-01-01 00:00:00+00:00, run_after=2021-01-01 00:00:00+00:00
[2025-09-22T00:04:51.293+0000] {processor.py:208} INFO - Processing /home/airflow/.local/lib/python3.12/site-packages/airflow/example_dags/example_xcom.py took 0.096 seconds
[2025-09-22T00:05:21.854+0000] {processor.py:186} INFO - Started process (PID=5913) to work on /home/airflow/.local/lib/python3.12/site-packages/airflow/example_dags/example_xcom.py
[2025-09-22T00:05:21.855+0000] {processor.py:914} INFO - Processing file /home/airflow/.local/lib/python3.12/site-packages/airflow/example_dags/example_xcom.py for tasks to queue
[2025-09-22T00:05:21.857+0000] {logging_mixin.py:190} INFO - [2025-09-22T00:05:21.857+0000] {dagbag.py:588} INFO - Filling up the DagBag from /home/airflow/.local/lib/python3.12/site-packages/airflow/example_dags/example_xcom.py
[2025-09-22T00:05:21.865+0000] {processor.py:925} INFO - DAG(s) 'example_xcom' retrieved from /home/airflow/.local/lib/python3.12/site-packages/airflow/example_dags/example_xcom.py
[2025-09-22T00:05:21.882+0000] {logging_mixin.py:190} INFO - [2025-09-22T00:05:21.882+0000] {dag.py:3239} INFO - Sync 1 DAGs
[2025-09-22T00:05:21.900+0000] {logging_mixin.py:190} INFO - [2025-09-22T00:05:21.900+0000] {dag.py:4180} INFO - Setting next_dagrun for example_xcom to 2021-01-01 00:00:00+00:00, run_after=2021-01-01 00:00:00+00:00
[2025-09-22T00:05:21.944+0000] {processor.py:208} INFO - Processing /home/airflow/.local/lib/python3.12/site-packages/airflow/example_dags/example_xcom.py took 0.095 seconds
[2025-09-22T00:05:53.529+0000] {processor.py:186} INFO - Started process (PID=5972) to work on /home/airflow/.local/lib/python3.12/site-packages/airflow/example_dags/example_xcom.py
[2025-09-22T00:05:53.529+0000] {processor.py:914} INFO - Processing file /home/airflow/.local/lib/python3.12/site-packages/airflow/example_dags/example_xcom.py for tasks to queue
[2025-09-22T00:05:53.531+0000] {logging_mixin.py:190} INFO - [2025-09-22T00:05:53.531+0000] {dagbag.py:588} INFO - Filling up the DagBag from /home/airflow/.local/lib/python3.12/site-packages/airflow/example_dags/example_xcom.py
[2025-09-22T00:05:53.539+0000] {processor.py:925} INFO - DAG(s) 'example_xcom' retrieved from /home/airflow/.local/lib/python3.12/site-packages/airflow/example_dags/example_xcom.py
[2025-09-22T00:05:53.557+0000] {logging_mixin.py:190} INFO - [2025-09-22T00:05:53.557+0000] {dag.py:3239} INFO - Sync 1 DAGs
[2025-09-22T00:05:53.577+0000] {logging_mixin.py:190} INFO - [2025-09-22T00:05:53.577+0000] {dag.py:4180} INFO - Setting next_dagrun for example_xcom to 2021-01-01 00:00:00+00:00, run_after=2021-01-01 00:00:00+00:00
[2025-09-22T00:05:53.615+0000] {processor.py:208} INFO - Processing /home/airflow/.local/lib/python3.12/site-packages/airflow/example_dags/example_xcom.py took 0.091 seconds
[2025-09-22T00:06:27.266+0000] {processor.py:186} INFO - Started process (PID=6036) to work on /home/airflow/.local/lib/python3.12/site-packages/airflow/example_dags/example_xcom.py
[2025-09-22T00:06:27.266+0000] {processor.py:914} INFO - Processing file /home/airflow/.local/lib/python3.12/site-packages/airflow/example_dags/example_xcom.py for tasks to queue
[2025-09-22T00:06:27.268+0000] {logging_mixin.py:190} INFO - [2025-09-22T00:06:27.268+0000] {dagbag.py:588} INFO - Filling up the DagBag from /home/airflow/.local/lib/python3.12/site-packages/airflow/example_dags/example_xcom.py
[2025-09-22T00:06:27.276+0000] {processor.py:925} INFO - DAG(s) 'example_xcom' retrieved from /home/airflow/.local/lib/python3.12/site-packages/airflow/example_dags/example_xcom.py
[2025-09-22T00:06:27.296+0000] {logging_mixin.py:190} INFO - [2025-09-22T00:06:27.296+0000] {dag.py:3239} INFO - Sync 1 DAGs
[2025-09-22T00:06:27.319+0000] {logging_mixin.py:190} INFO - [2025-09-22T00:06:27.319+0000] {dag.py:4180} INFO - Setting next_dagrun for example_xcom to 2021-01-01 00:00:00+00:00, run_after=2021-01-01 00:00:00+00:00
[2025-09-22T00:06:27.382+0000] {processor.py:208} INFO - Processing /home/airflow/.local/lib/python3.12/site-packages/airflow/example_dags/example_xcom.py took 0.122 seconds
[2025-09-22T00:06:59.475+0000] {processor.py:186} INFO - Started process (PID=6097) to work on /home/airflow/.local/lib/python3.12/site-packages/airflow/example_dags/example_xcom.py
[2025-09-22T00:06:59.476+0000] {processor.py:914} INFO - Processing file /home/airflow/.local/lib/python3.12/site-packages/airflow/example_dags/example_xcom.py for tasks to queue
[2025-09-22T00:06:59.478+0000] {logging_mixin.py:190} INFO - [2025-09-22T00:06:59.478+0000] {dagbag.py:588} INFO - Filling up the DagBag from /home/airflow/.local/lib/python3.12/site-packages/airflow/example_dags/example_xcom.py
[2025-09-22T00:06:59.485+0000] {processor.py:925} INFO - DAG(s) 'example_xcom' retrieved from /home/airflow/.local/lib/python3.12/site-packages/airflow/example_dags/example_xcom.py
[2025-09-22T00:06:59.504+0000] {logging_mixin.py:190} INFO - [2025-09-22T00:06:59.504+0000] {dag.py:3239} INFO - Sync 1 DAGs
[2025-09-22T00:06:59.524+0000] {logging_mixin.py:190} INFO - [2025-09-22T00:06:59.524+0000] {dag.py:4180} INFO - Setting next_dagrun for example_xcom to 2021-01-01 00:00:00+00:00, run_after=2021-01-01 00:00:00+00:00
[2025-09-22T00:06:59.562+0000] {processor.py:208} INFO - Processing /home/airflow/.local/lib/python3.12/site-packages/airflow/example_dags/example_xcom.py took 0.092 seconds
[2025-09-22T00:07:32.888+0000] {processor.py:186} INFO - Started process (PID=6163) to work on /home/airflow/.local/lib/python3.12/site-packages/airflow/example_dags/example_xcom.py
[2025-09-22T00:07:32.889+0000] {processor.py:914} INFO - Processing file /home/airflow/.local/lib/python3.12/site-packages/airflow/example_dags/example_xcom.py for tasks to queue
[2025-09-22T00:07:32.891+0000] {logging_mixin.py:190} INFO - [2025-09-22T00:07:32.891+0000] {dagbag.py:588} INFO - Filling up the DagBag from /home/airflow/.local/lib/python3.12/site-packages/airflow/example_dags/example_xcom.py
[2025-09-22T00:07:32.898+0000] {processor.py:925} INFO - DAG(s) 'example_xcom' retrieved from /home/airflow/.local/lib/python3.12/site-packages/airflow/example_dags/example_xcom.py
[2025-09-22T00:07:32.915+0000] {logging_mixin.py:190} INFO - [2025-09-22T00:07:32.915+0000] {dag.py:3239} INFO - Sync 1 DAGs
[2025-09-22T00:07:32.933+0000] {logging_mixin.py:190} INFO - [2025-09-22T00:07:32.933+0000] {dag.py:4180} INFO - Setting next_dagrun for example_xcom to 2021-01-01 00:00:00+00:00, run_after=2021-01-01 00:00:00+00:00
[2025-09-22T00:07:32.971+0000] {processor.py:208} INFO - Processing /home/airflow/.local/lib/python3.12/site-packages/airflow/example_dags/example_xcom.py took 0.089 seconds
[2025-09-22T00:08:09.494+0000] {processor.py:186} INFO - Started process (PID=6235) to work on /home/airflow/.local/lib/python3.12/site-packages/airflow/example_dags/example_xcom.py
[2025-09-22T00:08:09.495+0000] {processor.py:914} INFO - Processing file /home/airflow/.local/lib/python3.12/site-packages/airflow/example_dags/example_xcom.py for tasks to queue
[2025-09-22T00:08:09.497+0000] {logging_mixin.py:190} INFO - [2025-09-22T00:08:09.497+0000] {dagbag.py:588} INFO - Filling up the DagBag from /home/airflow/.local/lib/python3.12/site-packages/airflow/example_dags/example_xcom.py
[2025-09-22T00:08:09.505+0000] {processor.py:925} INFO - DAG(s) 'example_xcom' retrieved from /home/airflow/.local/lib/python3.12/site-packages/airflow/example_dags/example_xcom.py
[2025-09-22T00:08:09.522+0000] {logging_mixin.py:190} INFO - [2025-09-22T00:08:09.521+0000] {dag.py:3239} INFO - Sync 1 DAGs
[2025-09-22T00:08:09.541+0000] {logging_mixin.py:190} INFO - [2025-09-22T00:08:09.540+0000] {dag.py:4180} INFO - Setting next_dagrun for example_xcom to 2021-01-01 00:00:00+00:00, run_after=2021-01-01 00:00:00+00:00
[2025-09-22T00:08:09.577+0000] {processor.py:208} INFO - Processing /home/airflow/.local/lib/python3.12/site-packages/airflow/example_dags/example_xcom.py took 0.088 seconds
[2025-09-22T00:08:40.457+0000] {processor.py:186} INFO - Started process (PID=6299) to work on /home/airflow/.local/lib/python3.12/site-packages/airflow/example_dags/example_xcom.py
[2025-09-22T00:08:40.458+0000] {processor.py:914} INFO - Processing file /home/airflow/.local/lib/python3.12/site-packages/airflow/example_dags/example_xcom.py for tasks to queue
[2025-09-22T00:08:40.461+0000] {logging_mixin.py:190} INFO - [2025-09-22T00:08:40.460+0000] {dagbag.py:588} INFO - Filling up the DagBag from /home/airflow/.local/lib/python3.12/site-packages/airflow/example_dags/example_xcom.py
[2025-09-22T00:08:40.469+0000] {processor.py:925} INFO - DAG(s) 'example_xcom' retrieved from /home/airflow/.local/lib/python3.12/site-packages/airflow/example_dags/example_xcom.py
[2025-09-22T00:08:40.487+0000] {logging_mixin.py:190} INFO - [2025-09-22T00:08:40.487+0000] {dag.py:3239} INFO - Sync 1 DAGs
[2025-09-22T00:08:40.509+0000] {logging_mixin.py:190} INFO - [2025-09-22T00:08:40.509+0000] {dag.py:4180} INFO - Setting next_dagrun for example_xcom to 2021-01-01 00:00:00+00:00, run_after=2021-01-01 00:00:00+00:00
[2025-09-22T00:08:40.545+0000] {processor.py:208} INFO - Processing /home/airflow/.local/lib/python3.12/site-packages/airflow/example_dags/example_xcom.py took 0.094 seconds
[2025-09-22T00:09:11.872+0000] {processor.py:186} INFO - Started process (PID=6363) to work on /home/airflow/.local/lib/python3.12/site-packages/airflow/example_dags/example_xcom.py
[2025-09-22T00:09:11.873+0000] {processor.py:914} INFO - Processing file /home/airflow/.local/lib/python3.12/site-packages/airflow/example_dags/example_xcom.py for tasks to queue
[2025-09-22T00:09:11.875+0000] {logging_mixin.py:190} INFO - [2025-09-22T00:09:11.875+0000] {dagbag.py:588} INFO - Filling up the DagBag from /home/airflow/.local/lib/python3.12/site-packages/airflow/example_dags/example_xcom.py
[2025-09-22T00:09:11.884+0000] {processor.py:925} INFO - DAG(s) 'example_xcom' retrieved from /home/airflow/.local/lib/python3.12/site-packages/airflow/example_dags/example_xcom.py
[2025-09-22T00:09:11.909+0000] {logging_mixin.py:190} INFO - [2025-09-22T00:09:11.909+0000] {dag.py:3239} INFO - Sync 1 DAGs
[2025-09-22T00:09:11.933+0000] {logging_mixin.py:190} INFO - [2025-09-22T00:09:11.933+0000] {dag.py:4180} INFO - Setting next_dagrun for example_xcom to 2021-01-01 00:00:00+00:00, run_after=2021-01-01 00:00:00+00:00
[2025-09-22T00:09:11.974+0000] {processor.py:208} INFO - Processing /home/airflow/.local/lib/python3.12/site-packages/airflow/example_dags/example_xcom.py took 0.108 seconds
[2025-09-22T00:09:42.651+0000] {processor.py:186} INFO - Started process (PID=6427) to work on /home/airflow/.local/lib/python3.12/site-packages/airflow/example_dags/example_xcom.py
[2025-09-22T00:09:42.652+0000] {processor.py:914} INFO - Processing file /home/airflow/.local/lib/python3.12/site-packages/airflow/example_dags/example_xcom.py for tasks to queue
[2025-09-22T00:09:42.654+0000] {logging_mixin.py:190} INFO - [2025-09-22T00:09:42.654+0000] {dagbag.py:588} INFO - Filling up the DagBag from /home/airflow/.local/lib/python3.12/site-packages/airflow/example_dags/example_xcom.py
[2025-09-22T00:09:42.662+0000] {processor.py:925} INFO - DAG(s) 'example_xcom' retrieved from /home/airflow/.local/lib/python3.12/site-packages/airflow/example_dags/example_xcom.py
[2025-09-22T00:09:42.679+0000] {logging_mixin.py:190} INFO - [2025-09-22T00:09:42.679+0000] {dag.py:3239} INFO - Sync 1 DAGs
[2025-09-22T00:09:42.697+0000] {logging_mixin.py:190} INFO - [2025-09-22T00:09:42.697+0000] {dag.py:4180} INFO - Setting next_dagrun for example_xcom to 2021-01-01 00:00:00+00:00, run_after=2021-01-01 00:00:00+00:00
[2025-09-22T00:09:42.733+0000] {processor.py:208} INFO - Processing /home/airflow/.local/lib/python3.12/site-packages/airflow/example_dags/example_xcom.py took 0.087 seconds
[2025-09-22T00:10:16.092+0000] {processor.py:186} INFO - Started process (PID=6491) to work on /home/airflow/.local/lib/python3.12/site-packages/airflow/example_dags/example_xcom.py
[2025-09-22T00:10:16.093+0000] {processor.py:914} INFO - Processing file /home/airflow/.local/lib/python3.12/site-packages/airflow/example_dags/example_xcom.py for tasks to queue
[2025-09-22T00:10:16.095+0000] {logging_mixin.py:190} INFO - [2025-09-22T00:10:16.094+0000] {dagbag.py:588} INFO - Filling up the DagBag from /home/airflow/.local/lib/python3.12/site-packages/airflow/example_dags/example_xcom.py
[2025-09-22T00:10:16.103+0000] {processor.py:925} INFO - DAG(s) 'example_xcom' retrieved from /home/airflow/.local/lib/python3.12/site-packages/airflow/example_dags/example_xcom.py
[2025-09-22T00:10:16.121+0000] {logging_mixin.py:190} INFO - [2025-09-22T00:10:16.121+0000] {dag.py:3239} INFO - Sync 1 DAGs
[2025-09-22T00:10:16.140+0000] {logging_mixin.py:190} INFO - [2025-09-22T00:10:16.140+0000] {dag.py:4180} INFO - Setting next_dagrun for example_xcom to 2021-01-01 00:00:00+00:00, run_after=2021-01-01 00:00:00+00:00
[2025-09-22T00:10:16.174+0000] {processor.py:208} INFO - Processing /home/airflow/.local/lib/python3.12/site-packages/airflow/example_dags/example_xcom.py took 0.087 seconds
[2025-09-22T00:10:47.645+0000] {processor.py:186} INFO - Started process (PID=6555) to work on /home/airflow/.local/lib/python3.12/site-packages/airflow/example_dags/example_xcom.py
[2025-09-22T00:10:47.646+0000] {processor.py:914} INFO - Processing file /home/airflow/.local/lib/python3.12/site-packages/airflow/example_dags/example_xcom.py for tasks to queue
[2025-09-22T00:10:47.648+0000] {logging_mixin.py:190} INFO - [2025-09-22T00:10:47.648+0000] {dagbag.py:588} INFO - Filling up the DagBag from /home/airflow/.local/lib/python3.12/site-packages/airflow/example_dags/example_xcom.py
[2025-09-22T00:10:47.655+0000] {processor.py:925} INFO - DAG(s) 'example_xcom' retrieved from /home/airflow/.local/lib/python3.12/site-packages/airflow/example_dags/example_xcom.py
[2025-09-22T00:10:47.671+0000] {logging_mixin.py:190} INFO - [2025-09-22T00:10:47.671+0000] {dag.py:3239} INFO - Sync 1 DAGs
[2025-09-22T00:10:47.689+0000] {logging_mixin.py:190} INFO - [2025-09-22T00:10:47.688+0000] {dag.py:4180} INFO - Setting next_dagrun for example_xcom to 2021-01-01 00:00:00+00:00, run_after=2021-01-01 00:00:00+00:00
[2025-09-22T00:10:47.746+0000] {processor.py:208} INFO - Processing /home/airflow/.local/lib/python3.12/site-packages/airflow/example_dags/example_xcom.py took 0.105 seconds
[2025-09-22T00:11:19.498+0000] {processor.py:186} INFO - Started process (PID=6619) to work on /home/airflow/.local/lib/python3.12/site-packages/airflow/example_dags/example_xcom.py
[2025-09-22T00:11:19.499+0000] {processor.py:914} INFO - Processing file /home/airflow/.local/lib/python3.12/site-packages/airflow/example_dags/example_xcom.py for tasks to queue
[2025-09-22T00:11:19.502+0000] {logging_mixin.py:190} INFO - [2025-09-22T00:11:19.501+0000] {dagbag.py:588} INFO - Filling up the DagBag from /home/airflow/.local/lib/python3.12/site-packages/airflow/example_dags/example_xcom.py
[2025-09-22T00:11:19.510+0000] {processor.py:925} INFO - DAG(s) 'example_xcom' retrieved from /home/airflow/.local/lib/python3.12/site-packages/airflow/example_dags/example_xcom.py
[2025-09-22T00:11:19.528+0000] {logging_mixin.py:190} INFO - [2025-09-22T00:11:19.527+0000] {dag.py:3239} INFO - Sync 1 DAGs
[2025-09-22T00:11:19.547+0000] {logging_mixin.py:190} INFO - [2025-09-22T00:11:19.547+0000] {dag.py:4180} INFO - Setting next_dagrun for example_xcom to 2021-01-01 00:00:00+00:00, run_after=2021-01-01 00:00:00+00:00
[2025-09-22T00:11:19.586+0000] {processor.py:208} INFO - Processing /home/airflow/.local/lib/python3.12/site-packages/airflow/example_dags/example_xcom.py took 0.094 seconds
[2025-09-22T00:11:52.125+0000] {processor.py:186} INFO - Started process (PID=6683) to work on /home/airflow/.local/lib/python3.12/site-packages/airflow/example_dags/example_xcom.py
[2025-09-22T00:11:52.126+0000] {processor.py:914} INFO - Processing file /home/airflow/.local/lib/python3.12/site-packages/airflow/example_dags/example_xcom.py for tasks to queue
[2025-09-22T00:11:52.128+0000] {logging_mixin.py:190} INFO - [2025-09-22T00:11:52.128+0000] {dagbag.py:588} INFO - Filling up the DagBag from /home/airflow/.local/lib/python3.12/site-packages/airflow/example_dags/example_xcom.py
[2025-09-22T00:11:52.135+0000] {processor.py:925} INFO - DAG(s) 'example_xcom' retrieved from /home/airflow/.local/lib/python3.12/site-packages/airflow/example_dags/example_xcom.py
[2025-09-22T00:11:52.152+0000] {logging_mixin.py:190} INFO - [2025-09-22T00:11:52.152+0000] {dag.py:3239} INFO - Sync 1 DAGs
[2025-09-22T00:11:52.169+0000] {logging_mixin.py:190} INFO - [2025-09-22T00:11:52.169+0000] {dag.py:4180} INFO - Setting next_dagrun for example_xcom to 2021-01-01 00:00:00+00:00, run_after=2021-01-01 00:00:00+00:00
[2025-09-22T00:11:52.202+0000] {processor.py:208} INFO - Processing /home/airflow/.local/lib/python3.12/site-packages/airflow/example_dags/example_xcom.py took 0.082 seconds
[2025-09-22T00:12:23.607+0000] {processor.py:186} INFO - Started process (PID=6747) to work on /home/airflow/.local/lib/python3.12/site-packages/airflow/example_dags/example_xcom.py
[2025-09-22T00:12:23.608+0000] {processor.py:914} INFO - Processing file /home/airflow/.local/lib/python3.12/site-packages/airflow/example_dags/example_xcom.py for tasks to queue
[2025-09-22T00:12:23.611+0000] {logging_mixin.py:190} INFO - [2025-09-22T00:12:23.611+0000] {dagbag.py:588} INFO - Filling up the DagBag from /home/airflow/.local/lib/python3.12/site-packages/airflow/example_dags/example_xcom.py
[2025-09-22T00:12:23.619+0000] {processor.py:925} INFO - DAG(s) 'example_xcom' retrieved from /home/airflow/.local/lib/python3.12/site-packages/airflow/example_dags/example_xcom.py
[2025-09-22T00:12:23.637+0000] {logging_mixin.py:190} INFO - [2025-09-22T00:12:23.637+0000] {dag.py:3239} INFO - Sync 1 DAGs
[2025-09-22T00:12:23.656+0000] {logging_mixin.py:190} INFO - [2025-09-22T00:12:23.656+0000] {dag.py:4180} INFO - Setting next_dagrun for example_xcom to 2021-01-01 00:00:00+00:00, run_after=2021-01-01 00:00:00+00:00
[2025-09-22T00:12:23.698+0000] {processor.py:208} INFO - Processing /home/airflow/.local/lib/python3.12/site-packages/airflow/example_dags/example_xcom.py took 0.096 seconds
[2025-09-22T00:12:54.434+0000] {processor.py:186} INFO - Started process (PID=6811) to work on /home/airflow/.local/lib/python3.12/site-packages/airflow/example_dags/example_xcom.py
[2025-09-22T00:12:54.435+0000] {processor.py:914} INFO - Processing file /home/airflow/.local/lib/python3.12/site-packages/airflow/example_dags/example_xcom.py for tasks to queue
[2025-09-22T00:12:54.437+0000] {logging_mixin.py:190} INFO - [2025-09-22T00:12:54.437+0000] {dagbag.py:588} INFO - Filling up the DagBag from /home/airflow/.local/lib/python3.12/site-packages/airflow/example_dags/example_xcom.py
[2025-09-22T00:12:54.450+0000] {processor.py:925} INFO - DAG(s) 'example_xcom' retrieved from /home/airflow/.local/lib/python3.12/site-packages/airflow/example_dags/example_xcom.py
[2025-09-22T00:12:54.476+0000] {logging_mixin.py:190} INFO - [2025-09-22T00:12:54.476+0000] {dag.py:3239} INFO - Sync 1 DAGs
[2025-09-22T00:12:54.500+0000] {logging_mixin.py:190} INFO - [2025-09-22T00:12:54.500+0000] {dag.py:4180} INFO - Setting next_dagrun for example_xcom to 2021-01-01 00:00:00+00:00, run_after=2021-01-01 00:00:00+00:00
[2025-09-22T00:12:54.544+0000] {processor.py:208} INFO - Processing /home/airflow/.local/lib/python3.12/site-packages/airflow/example_dags/example_xcom.py took 0.118 seconds
[2025-09-22T00:13:25.243+0000] {processor.py:186} INFO - Started process (PID=6875) to work on /home/airflow/.local/lib/python3.12/site-packages/airflow/example_dags/example_xcom.py
[2025-09-22T00:13:25.244+0000] {processor.py:914} INFO - Processing file /home/airflow/.local/lib/python3.12/site-packages/airflow/example_dags/example_xcom.py for tasks to queue
[2025-09-22T00:13:25.247+0000] {logging_mixin.py:190} INFO - [2025-09-22T00:13:25.246+0000] {dagbag.py:588} INFO - Filling up the DagBag from /home/airflow/.local/lib/python3.12/site-packages/airflow/example_dags/example_xcom.py
[2025-09-22T00:13:25.255+0000] {processor.py:925} INFO - DAG(s) 'example_xcom' retrieved from /home/airflow/.local/lib/python3.12/site-packages/airflow/example_dags/example_xcom.py
[2025-09-22T00:13:25.276+0000] {logging_mixin.py:190} INFO - [2025-09-22T00:13:25.276+0000] {dag.py:3239} INFO - Sync 1 DAGs
[2025-09-22T00:13:25.300+0000] {logging_mixin.py:190} INFO - [2025-09-22T00:13:25.299+0000] {dag.py:4180} INFO - Setting next_dagrun for example_xcom to 2021-01-01 00:00:00+00:00, run_after=2021-01-01 00:00:00+00:00
[2025-09-22T00:13:25.348+0000] {processor.py:208} INFO - Processing /home/airflow/.local/lib/python3.12/site-packages/airflow/example_dags/example_xcom.py took 0.112 seconds
[2025-09-22T00:13:56.292+0000] {processor.py:186} INFO - Started process (PID=6938) to work on /home/airflow/.local/lib/python3.12/site-packages/airflow/example_dags/example_xcom.py
[2025-09-22T00:13:56.293+0000] {processor.py:914} INFO - Processing file /home/airflow/.local/lib/python3.12/site-packages/airflow/example_dags/example_xcom.py for tasks to queue
[2025-09-22T00:13:56.295+0000] {logging_mixin.py:190} INFO - [2025-09-22T00:13:56.295+0000] {dagbag.py:588} INFO - Filling up the DagBag from /home/airflow/.local/lib/python3.12/site-packages/airflow/example_dags/example_xcom.py
[2025-09-22T00:13:56.303+0000] {processor.py:925} INFO - DAG(s) 'example_xcom' retrieved from /home/airflow/.local/lib/python3.12/site-packages/airflow/example_dags/example_xcom.py
[2025-09-22T00:13:56.321+0000] {logging_mixin.py:190} INFO - [2025-09-22T00:13:56.321+0000] {dag.py:3239} INFO - Sync 1 DAGs
[2025-09-22T00:13:56.343+0000] {logging_mixin.py:190} INFO - [2025-09-22T00:13:56.343+0000] {dag.py:4180} INFO - Setting next_dagrun for example_xcom to 2021-01-01 00:00:00+00:00, run_after=2021-01-01 00:00:00+00:00
[2025-09-22T00:13:56.379+0000] {processor.py:208} INFO - Processing /home/airflow/.local/lib/python3.12/site-packages/airflow/example_dags/example_xcom.py took 0.092 seconds
[2025-09-22T00:14:27.247+0000] {processor.py:186} INFO - Started process (PID=7003) to work on /home/airflow/.local/lib/python3.12/site-packages/airflow/example_dags/example_xcom.py
[2025-09-22T00:14:27.248+0000] {processor.py:914} INFO - Processing file /home/airflow/.local/lib/python3.12/site-packages/airflow/example_dags/example_xcom.py for tasks to queue
[2025-09-22T00:14:27.250+0000] {logging_mixin.py:190} INFO - [2025-09-22T00:14:27.250+0000] {dagbag.py:588} INFO - Filling up the DagBag from /home/airflow/.local/lib/python3.12/site-packages/airflow/example_dags/example_xcom.py
[2025-09-22T00:14:27.258+0000] {processor.py:925} INFO - DAG(s) 'example_xcom' retrieved from /home/airflow/.local/lib/python3.12/site-packages/airflow/example_dags/example_xcom.py
[2025-09-22T00:14:27.276+0000] {logging_mixin.py:190} INFO - [2025-09-22T00:14:27.276+0000] {dag.py:3239} INFO - Sync 1 DAGs
[2025-09-22T00:14:27.295+0000] {logging_mixin.py:190} INFO - [2025-09-22T00:14:27.295+0000] {dag.py:4180} INFO - Setting next_dagrun for example_xcom to 2021-01-01 00:00:00+00:00, run_after=2021-01-01 00:00:00+00:00
[2025-09-22T00:14:27.342+0000] {processor.py:208} INFO - Processing /home/airflow/.local/lib/python3.12/site-packages/airflow/example_dags/example_xcom.py took 0.100 seconds
[2025-09-22T00:14:58.808+0000] {processor.py:186} INFO - Started process (PID=7066) to work on /home/airflow/.local/lib/python3.12/site-packages/airflow/example_dags/example_xcom.py
[2025-09-22T00:14:58.809+0000] {processor.py:914} INFO - Processing file /home/airflow/.local/lib/python3.12/site-packages/airflow/example_dags/example_xcom.py for tasks to queue
[2025-09-22T00:14:58.811+0000] {logging_mixin.py:190} INFO - [2025-09-22T00:14:58.811+0000] {dagbag.py:588} INFO - Filling up the DagBag from /home/airflow/.local/lib/python3.12/site-packages/airflow/example_dags/example_xcom.py
[2025-09-22T00:14:58.822+0000] {processor.py:925} INFO - DAG(s) 'example_xcom' retrieved from /home/airflow/.local/lib/python3.12/site-packages/airflow/example_dags/example_xcom.py
[2025-09-22T00:14:58.840+0000] {logging_mixin.py:190} INFO - [2025-09-22T00:14:58.840+0000] {dag.py:3239} INFO - Sync 1 DAGs
[2025-09-22T00:14:58.859+0000] {logging_mixin.py:190} INFO - [2025-09-22T00:14:58.859+0000] {dag.py:4180} INFO - Setting next_dagrun for example_xcom to 2021-01-01 00:00:00+00:00, run_after=2021-01-01 00:00:00+00:00
[2025-09-22T00:14:58.898+0000] {processor.py:208} INFO - Processing /home/airflow/.local/lib/python3.12/site-packages/airflow/example_dags/example_xcom.py took 0.095 seconds
[2025-09-22T00:15:30.569+0000] {processor.py:186} INFO - Started process (PID=7130) to work on /home/airflow/.local/lib/python3.12/site-packages/airflow/example_dags/example_xcom.py
[2025-09-22T00:15:30.570+0000] {processor.py:914} INFO - Processing file /home/airflow/.local/lib/python3.12/site-packages/airflow/example_dags/example_xcom.py for tasks to queue
[2025-09-22T00:15:30.572+0000] {logging_mixin.py:190} INFO - [2025-09-22T00:15:30.572+0000] {dagbag.py:588} INFO - Filling up the DagBag from /home/airflow/.local/lib/python3.12/site-packages/airflow/example_dags/example_xcom.py
[2025-09-22T00:15:30.582+0000] {processor.py:925} INFO - DAG(s) 'example_xcom' retrieved from /home/airflow/.local/lib/python3.12/site-packages/airflow/example_dags/example_xcom.py
[2025-09-22T00:15:30.606+0000] {logging_mixin.py:190} INFO - [2025-09-22T00:15:30.606+0000] {dag.py:3239} INFO - Sync 1 DAGs
[2025-09-22T00:15:30.631+0000] {logging_mixin.py:190} INFO - [2025-09-22T00:15:30.631+0000] {dag.py:4180} INFO - Setting next_dagrun for example_xcom to 2021-01-01 00:00:00+00:00, run_after=2021-01-01 00:00:00+00:00
[2025-09-22T00:15:31.611+0000] {processor.py:208} INFO - Processing /home/airflow/.local/lib/python3.12/site-packages/airflow/example_dags/example_xcom.py took 1.049 seconds
[2025-09-22T00:16:02.201+0000] {processor.py:186} INFO - Started process (PID=7194) to work on /home/airflow/.local/lib/python3.12/site-packages/airflow/example_dags/example_xcom.py
[2025-09-22T00:16:02.202+0000] {processor.py:914} INFO - Processing file /home/airflow/.local/lib/python3.12/site-packages/airflow/example_dags/example_xcom.py for tasks to queue
[2025-09-22T00:16:02.205+0000] {logging_mixin.py:190} INFO - [2025-09-22T00:16:02.204+0000] {dagbag.py:588} INFO - Filling up the DagBag from /home/airflow/.local/lib/python3.12/site-packages/airflow/example_dags/example_xcom.py
[2025-09-22T00:16:02.218+0000] {processor.py:925} INFO - DAG(s) 'example_xcom' retrieved from /home/airflow/.local/lib/python3.12/site-packages/airflow/example_dags/example_xcom.py
[2025-09-22T00:16:02.240+0000] {logging_mixin.py:190} INFO - [2025-09-22T00:16:02.240+0000] {dag.py:3239} INFO - Sync 1 DAGs
[2025-09-22T00:16:02.270+0000] {logging_mixin.py:190} INFO - [2025-09-22T00:16:02.270+0000] {dag.py:4180} INFO - Setting next_dagrun for example_xcom to 2021-01-01 00:00:00+00:00, run_after=2021-01-01 00:00:00+00:00
[2025-09-22T00:16:02.328+0000] {processor.py:208} INFO - Processing /home/airflow/.local/lib/python3.12/site-packages/airflow/example_dags/example_xcom.py took 0.135 seconds
[2025-09-22T00:16:33.655+0000] {processor.py:186} INFO - Started process (PID=7264) to work on /home/airflow/.local/lib/python3.12/site-packages/airflow/example_dags/example_xcom.py
[2025-09-22T00:16:33.656+0000] {processor.py:914} INFO - Processing file /home/airflow/.local/lib/python3.12/site-packages/airflow/example_dags/example_xcom.py for tasks to queue
[2025-09-22T00:16:33.659+0000] {logging_mixin.py:190} INFO - [2025-09-22T00:16:33.658+0000] {dagbag.py:588} INFO - Filling up the DagBag from /home/airflow/.local/lib/python3.12/site-packages/airflow/example_dags/example_xcom.py
[2025-09-22T00:16:33.668+0000] {processor.py:925} INFO - DAG(s) 'example_xcom' retrieved from /home/airflow/.local/lib/python3.12/site-packages/airflow/example_dags/example_xcom.py
[2025-09-22T00:16:33.691+0000] {logging_mixin.py:190} INFO - [2025-09-22T00:16:33.691+0000] {dag.py:3239} INFO - Sync 1 DAGs
[2025-09-22T00:16:33.715+0000] {logging_mixin.py:190} INFO - [2025-09-22T00:16:33.715+0000] {dag.py:4180} INFO - Setting next_dagrun for example_xcom to 2021-01-01 00:00:00+00:00, run_after=2021-01-01 00:00:00+00:00
[2025-09-22T00:16:33.757+0000] {processor.py:208} INFO - Processing /home/airflow/.local/lib/python3.12/site-packages/airflow/example_dags/example_xcom.py took 0.108 seconds
[2025-09-22T00:17:05.163+0000] {processor.py:186} INFO - Started process (PID=7328) to work on /home/airflow/.local/lib/python3.12/site-packages/airflow/example_dags/example_xcom.py
[2025-09-22T00:17:05.164+0000] {processor.py:914} INFO - Processing file /home/airflow/.local/lib/python3.12/site-packages/airflow/example_dags/example_xcom.py for tasks to queue
[2025-09-22T00:17:05.167+0000] {logging_mixin.py:190} INFO - [2025-09-22T00:17:05.166+0000] {dagbag.py:588} INFO - Filling up the DagBag from /home/airflow/.local/lib/python3.12/site-packages/airflow/example_dags/example_xcom.py
[2025-09-22T00:17:05.176+0000] {processor.py:925} INFO - DAG(s) 'example_xcom' retrieved from /home/airflow/.local/lib/python3.12/site-packages/airflow/example_dags/example_xcom.py
[2025-09-22T00:17:05.205+0000] {logging_mixin.py:190} INFO - [2025-09-22T00:17:05.205+0000] {dag.py:3239} INFO - Sync 1 DAGs
[2025-09-22T00:17:05.233+0000] {logging_mixin.py:190} INFO - [2025-09-22T00:17:05.233+0000] {dag.py:4180} INFO - Setting next_dagrun for example_xcom to 2021-01-01 00:00:00+00:00, run_after=2021-01-01 00:00:00+00:00
[2025-09-22T00:17:05.279+0000] {processor.py:208} INFO - Processing /home/airflow/.local/lib/python3.12/site-packages/airflow/example_dags/example_xcom.py took 0.121 seconds
[2025-09-22T00:17:36.537+0000] {processor.py:186} INFO - Started process (PID=7392) to work on /home/airflow/.local/lib/python3.12/site-packages/airflow/example_dags/example_xcom.py
[2025-09-22T00:17:36.538+0000] {processor.py:914} INFO - Processing file /home/airflow/.local/lib/python3.12/site-packages/airflow/example_dags/example_xcom.py for tasks to queue
[2025-09-22T00:17:36.540+0000] {logging_mixin.py:190} INFO - [2025-09-22T00:17:36.540+0000] {dagbag.py:588} INFO - Filling up the DagBag from /home/airflow/.local/lib/python3.12/site-packages/airflow/example_dags/example_xcom.py
[2025-09-22T00:17:36.549+0000] {processor.py:925} INFO - DAG(s) 'example_xcom' retrieved from /home/airflow/.local/lib/python3.12/site-packages/airflow/example_dags/example_xcom.py
[2025-09-22T00:17:36.569+0000] {logging_mixin.py:190} INFO - [2025-09-22T00:17:36.568+0000] {dag.py:3239} INFO - Sync 1 DAGs
[2025-09-22T00:17:36.592+0000] {logging_mixin.py:190} INFO - [2025-09-22T00:17:36.591+0000] {dag.py:4180} INFO - Setting next_dagrun for example_xcom to 2021-01-01 00:00:00+00:00, run_after=2021-01-01 00:00:00+00:00
[2025-09-22T00:17:36.659+0000] {processor.py:208} INFO - Processing /home/airflow/.local/lib/python3.12/site-packages/airflow/example_dags/example_xcom.py took 0.128 seconds
[2025-09-22T00:18:07.435+0000] {processor.py:186} INFO - Started process (PID=7456) to work on /home/airflow/.local/lib/python3.12/site-packages/airflow/example_dags/example_xcom.py
[2025-09-22T00:18:07.436+0000] {processor.py:914} INFO - Processing file /home/airflow/.local/lib/python3.12/site-packages/airflow/example_dags/example_xcom.py for tasks to queue
[2025-09-22T00:18:07.438+0000] {logging_mixin.py:190} INFO - [2025-09-22T00:18:07.438+0000] {dagbag.py:588} INFO - Filling up the DagBag from /home/airflow/.local/lib/python3.12/site-packages/airflow/example_dags/example_xcom.py
[2025-09-22T00:18:07.446+0000] {processor.py:925} INFO - DAG(s) 'example_xcom' retrieved from /home/airflow/.local/lib/python3.12/site-packages/airflow/example_dags/example_xcom.py
[2025-09-22T00:18:07.464+0000] {logging_mixin.py:190} INFO - [2025-09-22T00:18:07.464+0000] {dag.py:3239} INFO - Sync 1 DAGs
[2025-09-22T00:18:07.483+0000] {logging_mixin.py:190} INFO - [2025-09-22T00:18:07.483+0000] {dag.py:4180} INFO - Setting next_dagrun for example_xcom to 2021-01-01 00:00:00+00:00, run_after=2021-01-01 00:00:00+00:00
[2025-09-22T00:18:07.524+0000] {processor.py:208} INFO - Processing /home/airflow/.local/lib/python3.12/site-packages/airflow/example_dags/example_xcom.py took 0.094 seconds
[2025-09-22T00:18:38.785+0000] {processor.py:186} INFO - Started process (PID=7520) to work on /home/airflow/.local/lib/python3.12/site-packages/airflow/example_dags/example_xcom.py
[2025-09-22T00:18:38.786+0000] {processor.py:914} INFO - Processing file /home/airflow/.local/lib/python3.12/site-packages/airflow/example_dags/example_xcom.py for tasks to queue
[2025-09-22T00:18:38.788+0000] {logging_mixin.py:190} INFO - [2025-09-22T00:18:38.788+0000] {dagbag.py:588} INFO - Filling up the DagBag from /home/airflow/.local/lib/python3.12/site-packages/airflow/example_dags/example_xcom.py
[2025-09-22T00:18:38.796+0000] {processor.py:925} INFO - DAG(s) 'example_xcom' retrieved from /home/airflow/.local/lib/python3.12/site-packages/airflow/example_dags/example_xcom.py
[2025-09-22T00:18:38.815+0000] {logging_mixin.py:190} INFO - [2025-09-22T00:18:38.814+0000] {dag.py:3239} INFO - Sync 1 DAGs
[2025-09-22T00:18:38.834+0000] {logging_mixin.py:190} INFO - [2025-09-22T00:18:38.834+0000] {dag.py:4180} INFO - Setting next_dagrun for example_xcom to 2021-01-01 00:00:00+00:00, run_after=2021-01-01 00:00:00+00:00
[2025-09-22T00:18:38.880+0000] {processor.py:208} INFO - Processing /home/airflow/.local/lib/python3.12/site-packages/airflow/example_dags/example_xcom.py took 0.100 seconds
[2025-09-22T00:19:10.083+0000] {processor.py:186} INFO - Started process (PID=7584) to work on /home/airflow/.local/lib/python3.12/site-packages/airflow/example_dags/example_xcom.py
[2025-09-22T00:19:10.084+0000] {processor.py:914} INFO - Processing file /home/airflow/.local/lib/python3.12/site-packages/airflow/example_dags/example_xcom.py for tasks to queue
[2025-09-22T00:19:10.086+0000] {logging_mixin.py:190} INFO - [2025-09-22T00:19:10.085+0000] {dagbag.py:588} INFO - Filling up the DagBag from /home/airflow/.local/lib/python3.12/site-packages/airflow/example_dags/example_xcom.py
[2025-09-22T00:19:10.093+0000] {processor.py:925} INFO - DAG(s) 'example_xcom' retrieved from /home/airflow/.local/lib/python3.12/site-packages/airflow/example_dags/example_xcom.py
[2025-09-22T00:19:10.111+0000] {logging_mixin.py:190} INFO - [2025-09-22T00:19:10.111+0000] {dag.py:3239} INFO - Sync 1 DAGs
[2025-09-22T00:19:10.130+0000] {logging_mixin.py:190} INFO - [2025-09-22T00:19:10.130+0000] {dag.py:4180} INFO - Setting next_dagrun for example_xcom to 2021-01-01 00:00:00+00:00, run_after=2021-01-01 00:00:00+00:00
[2025-09-22T00:19:10.172+0000] {processor.py:208} INFO - Processing /home/airflow/.local/lib/python3.12/site-packages/airflow/example_dags/example_xcom.py took 0.093 seconds
[2025-09-22T00:19:41.211+0000] {processor.py:186} INFO - Started process (PID=7648) to work on /home/airflow/.local/lib/python3.12/site-packages/airflow/example_dags/example_xcom.py
[2025-09-22T00:19:41.212+0000] {processor.py:914} INFO - Processing file /home/airflow/.local/lib/python3.12/site-packages/airflow/example_dags/example_xcom.py for tasks to queue
[2025-09-22T00:19:41.214+0000] {logging_mixin.py:190} INFO - [2025-09-22T00:19:41.214+0000] {dagbag.py:588} INFO - Filling up the DagBag from /home/airflow/.local/lib/python3.12/site-packages/airflow/example_dags/example_xcom.py
[2025-09-22T00:19:41.222+0000] {processor.py:925} INFO - DAG(s) 'example_xcom' retrieved from /home/airflow/.local/lib/python3.12/site-packages/airflow/example_dags/example_xcom.py
[2025-09-22T00:19:41.241+0000] {logging_mixin.py:190} INFO - [2025-09-22T00:19:41.241+0000] {dag.py:3239} INFO - Sync 1 DAGs
[2025-09-22T00:19:41.261+0000] {logging_mixin.py:190} INFO - [2025-09-22T00:19:41.261+0000] {dag.py:4180} INFO - Setting next_dagrun for example_xcom to 2021-01-01 00:00:00+00:00, run_after=2021-01-01 00:00:00+00:00
[2025-09-22T00:19:41.300+0000] {processor.py:208} INFO - Processing /home/airflow/.local/lib/python3.12/site-packages/airflow/example_dags/example_xcom.py took 0.094 seconds
[2025-09-22T00:20:12.145+0000] {processor.py:186} INFO - Started process (PID=7712) to work on /home/airflow/.local/lib/python3.12/site-packages/airflow/example_dags/example_xcom.py
[2025-09-22T00:20:12.146+0000] {processor.py:914} INFO - Processing file /home/airflow/.local/lib/python3.12/site-packages/airflow/example_dags/example_xcom.py for tasks to queue
[2025-09-22T00:20:12.148+0000] {logging_mixin.py:190} INFO - [2025-09-22T00:20:12.148+0000] {dagbag.py:588} INFO - Filling up the DagBag from /home/airflow/.local/lib/python3.12/site-packages/airflow/example_dags/example_xcom.py
[2025-09-22T00:20:12.156+0000] {processor.py:925} INFO - DAG(s) 'example_xcom' retrieved from /home/airflow/.local/lib/python3.12/site-packages/airflow/example_dags/example_xcom.py
[2025-09-22T00:20:12.174+0000] {logging_mixin.py:190} INFO - [2025-09-22T00:20:12.174+0000] {dag.py:3239} INFO - Sync 1 DAGs
[2025-09-22T00:20:12.193+0000] {logging_mixin.py:190} INFO - [2025-09-22T00:20:12.193+0000] {dag.py:4180} INFO - Setting next_dagrun for example_xcom to 2021-01-01 00:00:00+00:00, run_after=2021-01-01 00:00:00+00:00
[2025-09-22T00:20:12.242+0000] {processor.py:208} INFO - Processing /home/airflow/.local/lib/python3.12/site-packages/airflow/example_dags/example_xcom.py took 0.103 seconds
[2025-09-22T00:20:43.281+0000] {processor.py:186} INFO - Started process (PID=7776) to work on /home/airflow/.local/lib/python3.12/site-packages/airflow/example_dags/example_xcom.py
[2025-09-22T00:20:43.282+0000] {processor.py:914} INFO - Processing file /home/airflow/.local/lib/python3.12/site-packages/airflow/example_dags/example_xcom.py for tasks to queue
[2025-09-22T00:20:43.283+0000] {logging_mixin.py:190} INFO - [2025-09-22T00:20:43.283+0000] {dagbag.py:588} INFO - Filling up the DagBag from /home/airflow/.local/lib/python3.12/site-packages/airflow/example_dags/example_xcom.py
[2025-09-22T00:20:43.291+0000] {processor.py:925} INFO - DAG(s) 'example_xcom' retrieved from /home/airflow/.local/lib/python3.12/site-packages/airflow/example_dags/example_xcom.py
[2025-09-22T00:20:43.308+0000] {logging_mixin.py:190} INFO - [2025-09-22T00:20:43.308+0000] {dag.py:3239} INFO - Sync 1 DAGs
[2025-09-22T00:20:43.327+0000] {logging_mixin.py:190} INFO - [2025-09-22T00:20:43.327+0000] {dag.py:4180} INFO - Setting next_dagrun for example_xcom to 2021-01-01 00:00:00+00:00, run_after=2021-01-01 00:00:00+00:00
[2025-09-22T00:20:43.366+0000] {processor.py:208} INFO - Processing /home/airflow/.local/lib/python3.12/site-packages/airflow/example_dags/example_xcom.py took 0.090 seconds
[2025-09-22T00:21:15.953+0000] {processor.py:186} INFO - Started process (PID=7840) to work on /home/airflow/.local/lib/python3.12/site-packages/airflow/example_dags/example_xcom.py
[2025-09-22T00:21:15.954+0000] {processor.py:914} INFO - Processing file /home/airflow/.local/lib/python3.12/site-packages/airflow/example_dags/example_xcom.py for tasks to queue
[2025-09-22T00:21:15.956+0000] {logging_mixin.py:190} INFO - [2025-09-22T00:21:15.956+0000] {dagbag.py:588} INFO - Filling up the DagBag from /home/airflow/.local/lib/python3.12/site-packages/airflow/example_dags/example_xcom.py
[2025-09-22T00:21:15.963+0000] {processor.py:925} INFO - DAG(s) 'example_xcom' retrieved from /home/airflow/.local/lib/python3.12/site-packages/airflow/example_dags/example_xcom.py
[2025-09-22T00:21:15.983+0000] {logging_mixin.py:190} INFO - [2025-09-22T00:21:15.982+0000] {dag.py:3239} INFO - Sync 1 DAGs
[2025-09-22T00:21:16.018+0000] {logging_mixin.py:190} INFO - [2025-09-22T00:21:16.018+0000] {dag.py:4180} INFO - Setting next_dagrun for example_xcom to 2021-01-01 00:00:00+00:00, run_after=2021-01-01 00:00:00+00:00
[2025-09-22T00:21:16.060+0000] {processor.py:208} INFO - Processing /home/airflow/.local/lib/python3.12/site-packages/airflow/example_dags/example_xcom.py took 0.111 seconds
[2025-09-22T00:21:46.225+0000] {processor.py:186} INFO - Started process (PID=7904) to work on /home/airflow/.local/lib/python3.12/site-packages/airflow/example_dags/example_xcom.py
[2025-09-22T00:21:46.226+0000] {processor.py:914} INFO - Processing file /home/airflow/.local/lib/python3.12/site-packages/airflow/example_dags/example_xcom.py for tasks to queue
[2025-09-22T00:21:46.228+0000] {logging_mixin.py:190} INFO - [2025-09-22T00:21:46.227+0000] {dagbag.py:588} INFO - Filling up the DagBag from /home/airflow/.local/lib/python3.12/site-packages/airflow/example_dags/example_xcom.py
[2025-09-22T00:21:46.237+0000] {processor.py:925} INFO - DAG(s) 'example_xcom' retrieved from /home/airflow/.local/lib/python3.12/site-packages/airflow/example_dags/example_xcom.py
[2025-09-22T00:21:46.255+0000] {logging_mixin.py:190} INFO - [2025-09-22T00:21:46.255+0000] {dag.py:3239} INFO - Sync 1 DAGs
[2025-09-22T00:21:46.275+0000] {logging_mixin.py:190} INFO - [2025-09-22T00:21:46.275+0000] {dag.py:4180} INFO - Setting next_dagrun for example_xcom to 2021-01-01 00:00:00+00:00, run_after=2021-01-01 00:00:00+00:00
[2025-09-22T00:21:46.321+0000] {processor.py:208} INFO - Processing /home/airflow/.local/lib/python3.12/site-packages/airflow/example_dags/example_xcom.py took 0.102 seconds
[2025-09-22T00:22:17.020+0000] {processor.py:186} INFO - Started process (PID=7968) to work on /home/airflow/.local/lib/python3.12/site-packages/airflow/example_dags/example_xcom.py
[2025-09-22T00:22:17.021+0000] {processor.py:914} INFO - Processing file /home/airflow/.local/lib/python3.12/site-packages/airflow/example_dags/example_xcom.py for tasks to queue
[2025-09-22T00:22:17.023+0000] {logging_mixin.py:190} INFO - [2025-09-22T00:22:17.023+0000] {dagbag.py:588} INFO - Filling up the DagBag from /home/airflow/.local/lib/python3.12/site-packages/airflow/example_dags/example_xcom.py
[2025-09-22T00:22:17.031+0000] {processor.py:925} INFO - DAG(s) 'example_xcom' retrieved from /home/airflow/.local/lib/python3.12/site-packages/airflow/example_dags/example_xcom.py
[2025-09-22T00:22:17.050+0000] {logging_mixin.py:190} INFO - [2025-09-22T00:22:17.050+0000] {dag.py:3239} INFO - Sync 1 DAGs
[2025-09-22T00:22:17.070+0000] {logging_mixin.py:190} INFO - [2025-09-22T00:22:17.070+0000] {dag.py:4180} INFO - Setting next_dagrun for example_xcom to 2021-01-01 00:00:00+00:00, run_after=2021-01-01 00:00:00+00:00
[2025-09-22T00:22:17.111+0000] {processor.py:208} INFO - Processing /home/airflow/.local/lib/python3.12/site-packages/airflow/example_dags/example_xcom.py took 0.095 seconds
[2025-09-22T00:22:49.335+0000] {processor.py:186} INFO - Started process (PID=8032) to work on /home/airflow/.local/lib/python3.12/site-packages/airflow/example_dags/example_xcom.py
[2025-09-22T00:22:49.336+0000] {processor.py:914} INFO - Processing file /home/airflow/.local/lib/python3.12/site-packages/airflow/example_dags/example_xcom.py for tasks to queue
[2025-09-22T00:22:49.338+0000] {logging_mixin.py:190} INFO - [2025-09-22T00:22:49.338+0000] {dagbag.py:588} INFO - Filling up the DagBag from /home/airflow/.local/lib/python3.12/site-packages/airflow/example_dags/example_xcom.py
[2025-09-22T00:22:49.346+0000] {processor.py:925} INFO - DAG(s) 'example_xcom' retrieved from /home/airflow/.local/lib/python3.12/site-packages/airflow/example_dags/example_xcom.py
[2025-09-22T00:22:49.364+0000] {logging_mixin.py:190} INFO - [2025-09-22T00:22:49.364+0000] {dag.py:3239} INFO - Sync 1 DAGs
[2025-09-22T00:22:49.383+0000] {logging_mixin.py:190} INFO - [2025-09-22T00:22:49.383+0000] {dag.py:4180} INFO - Setting next_dagrun for example_xcom to 2021-01-01 00:00:00+00:00, run_after=2021-01-01 00:00:00+00:00
[2025-09-22T00:22:49.450+0000] {processor.py:208} INFO - Processing /home/airflow/.local/lib/python3.12/site-packages/airflow/example_dags/example_xcom.py took 0.120 seconds
[2025-09-22T00:23:20.967+0000] {processor.py:186} INFO - Started process (PID=8098) to work on /home/airflow/.local/lib/python3.12/site-packages/airflow/example_dags/example_xcom.py
[2025-09-22T00:23:20.968+0000] {processor.py:914} INFO - Processing file /home/airflow/.local/lib/python3.12/site-packages/airflow/example_dags/example_xcom.py for tasks to queue
[2025-09-22T00:23:20.970+0000] {logging_mixin.py:190} INFO - [2025-09-22T00:23:20.970+0000] {dagbag.py:588} INFO - Filling up the DagBag from /home/airflow/.local/lib/python3.12/site-packages/airflow/example_dags/example_xcom.py
[2025-09-22T00:23:20.978+0000] {processor.py:925} INFO - DAG(s) 'example_xcom' retrieved from /home/airflow/.local/lib/python3.12/site-packages/airflow/example_dags/example_xcom.py
[2025-09-22T00:23:20.997+0000] {logging_mixin.py:190} INFO - [2025-09-22T00:23:20.996+0000] {dag.py:3239} INFO - Sync 1 DAGs
[2025-09-22T00:23:21.016+0000] {logging_mixin.py:190} INFO - [2025-09-22T00:23:21.016+0000] {dag.py:4180} INFO - Setting next_dagrun for example_xcom to 2021-01-01 00:00:00+00:00, run_after=2021-01-01 00:00:00+00:00
[2025-09-22T00:23:21.054+0000] {processor.py:208} INFO - Processing /home/airflow/.local/lib/python3.12/site-packages/airflow/example_dags/example_xcom.py took 0.092 seconds
[2025-09-22T00:23:51.686+0000] {processor.py:186} INFO - Started process (PID=8162) to work on /home/airflow/.local/lib/python3.12/site-packages/airflow/example_dags/example_xcom.py
[2025-09-22T00:23:51.687+0000] {processor.py:914} INFO - Processing file /home/airflow/.local/lib/python3.12/site-packages/airflow/example_dags/example_xcom.py for tasks to queue
[2025-09-22T00:23:51.689+0000] {logging_mixin.py:190} INFO - [2025-09-22T00:23:51.689+0000] {dagbag.py:588} INFO - Filling up the DagBag from /home/airflow/.local/lib/python3.12/site-packages/airflow/example_dags/example_xcom.py
[2025-09-22T00:23:51.700+0000] {processor.py:925} INFO - DAG(s) 'example_xcom' retrieved from /home/airflow/.local/lib/python3.12/site-packages/airflow/example_dags/example_xcom.py
[2025-09-22T00:23:51.720+0000] {logging_mixin.py:190} INFO - [2025-09-22T00:23:51.720+0000] {dag.py:3239} INFO - Sync 1 DAGs
[2025-09-22T00:23:51.740+0000] {logging_mixin.py:190} INFO - [2025-09-22T00:23:51.740+0000] {dag.py:4180} INFO - Setting next_dagrun for example_xcom to 2021-01-01 00:00:00+00:00, run_after=2021-01-01 00:00:00+00:00
[2025-09-22T00:23:51.779+0000] {processor.py:208} INFO - Processing /home/airflow/.local/lib/python3.12/site-packages/airflow/example_dags/example_xcom.py took 0.098 seconds
[2025-09-22T00:24:23.032+0000] {processor.py:186} INFO - Started process (PID=8226) to work on /home/airflow/.local/lib/python3.12/site-packages/airflow/example_dags/example_xcom.py
[2025-09-22T00:24:23.033+0000] {processor.py:914} INFO - Processing file /home/airflow/.local/lib/python3.12/site-packages/airflow/example_dags/example_xcom.py for tasks to queue
[2025-09-22T00:24:23.035+0000] {logging_mixin.py:190} INFO - [2025-09-22T00:24:23.035+0000] {dagbag.py:588} INFO - Filling up the DagBag from /home/airflow/.local/lib/python3.12/site-packages/airflow/example_dags/example_xcom.py
[2025-09-22T00:24:23.042+0000] {processor.py:925} INFO - DAG(s) 'example_xcom' retrieved from /home/airflow/.local/lib/python3.12/site-packages/airflow/example_dags/example_xcom.py
[2025-09-22T00:24:23.061+0000] {logging_mixin.py:190} INFO - [2025-09-22T00:24:23.060+0000] {dag.py:3239} INFO - Sync 1 DAGs
[2025-09-22T00:24:23.079+0000] {logging_mixin.py:190} INFO - [2025-09-22T00:24:23.079+0000] {dag.py:4180} INFO - Setting next_dagrun for example_xcom to 2021-01-01 00:00:00+00:00, run_after=2021-01-01 00:00:00+00:00
[2025-09-22T00:24:23.144+0000] {processor.py:208} INFO - Processing /home/airflow/.local/lib/python3.12/site-packages/airflow/example_dags/example_xcom.py took 0.117 seconds
[2025-09-22T00:24:54.286+0000] {processor.py:186} INFO - Started process (PID=8294) to work on /home/airflow/.local/lib/python3.12/site-packages/airflow/example_dags/example_xcom.py
[2025-09-22T00:24:54.287+0000] {processor.py:914} INFO - Processing file /home/airflow/.local/lib/python3.12/site-packages/airflow/example_dags/example_xcom.py for tasks to queue
[2025-09-22T00:24:54.289+0000] {logging_mixin.py:190} INFO - [2025-09-22T00:24:54.288+0000] {dagbag.py:588} INFO - Filling up the DagBag from /home/airflow/.local/lib/python3.12/site-packages/airflow/example_dags/example_xcom.py
[2025-09-22T00:24:54.296+0000] {processor.py:925} INFO - DAG(s) 'example_xcom' retrieved from /home/airflow/.local/lib/python3.12/site-packages/airflow/example_dags/example_xcom.py
[2025-09-22T00:24:54.313+0000] {logging_mixin.py:190} INFO - [2025-09-22T00:24:54.313+0000] {dag.py:3239} INFO - Sync 1 DAGs
[2025-09-22T00:24:54.332+0000] {logging_mixin.py:190} INFO - [2025-09-22T00:24:54.332+0000] {dag.py:4180} INFO - Setting next_dagrun for example_xcom to 2021-01-01 00:00:00+00:00, run_after=2021-01-01 00:00:00+00:00
[2025-09-22T00:24:54.392+0000] {processor.py:208} INFO - Processing /home/airflow/.local/lib/python3.12/site-packages/airflow/example_dags/example_xcom.py took 0.111 seconds
[2025-09-22T00:25:25.262+0000] {processor.py:186} INFO - Started process (PID=8358) to work on /home/airflow/.local/lib/python3.12/site-packages/airflow/example_dags/example_xcom.py
[2025-09-22T00:25:25.264+0000] {processor.py:914} INFO - Processing file /home/airflow/.local/lib/python3.12/site-packages/airflow/example_dags/example_xcom.py for tasks to queue
[2025-09-22T00:25:25.266+0000] {logging_mixin.py:190} INFO - [2025-09-22T00:25:25.266+0000] {dagbag.py:588} INFO - Filling up the DagBag from /home/airflow/.local/lib/python3.12/site-packages/airflow/example_dags/example_xcom.py
[2025-09-22T00:25:25.274+0000] {processor.py:925} INFO - DAG(s) 'example_xcom' retrieved from /home/airflow/.local/lib/python3.12/site-packages/airflow/example_dags/example_xcom.py
[2025-09-22T00:25:25.293+0000] {logging_mixin.py:190} INFO - [2025-09-22T00:25:25.293+0000] {dag.py:3239} INFO - Sync 1 DAGs
[2025-09-22T00:25:25.315+0000] {logging_mixin.py:190} INFO - [2025-09-22T00:25:25.315+0000] {dag.py:4180} INFO - Setting next_dagrun for example_xcom to 2021-01-01 00:00:00+00:00, run_after=2021-01-01 00:00:00+00:00
[2025-09-22T00:25:25.364+0000] {processor.py:208} INFO - Processing /home/airflow/.local/lib/python3.12/site-packages/airflow/example_dags/example_xcom.py took 0.107 seconds
[2025-09-22T00:25:56.517+0000] {processor.py:186} INFO - Started process (PID=8422) to work on /home/airflow/.local/lib/python3.12/site-packages/airflow/example_dags/example_xcom.py
[2025-09-22T00:25:56.519+0000] {processor.py:914} INFO - Processing file /home/airflow/.local/lib/python3.12/site-packages/airflow/example_dags/example_xcom.py for tasks to queue
[2025-09-22T00:25:56.521+0000] {logging_mixin.py:190} INFO - [2025-09-22T00:25:56.521+0000] {dagbag.py:588} INFO - Filling up the DagBag from /home/airflow/.local/lib/python3.12/site-packages/airflow/example_dags/example_xcom.py
[2025-09-22T00:25:56.530+0000] {processor.py:925} INFO - DAG(s) 'example_xcom' retrieved from /home/airflow/.local/lib/python3.12/site-packages/airflow/example_dags/example_xcom.py
[2025-09-22T00:25:56.550+0000] {logging_mixin.py:190} INFO - [2025-09-22T00:25:56.550+0000] {dag.py:3239} INFO - Sync 1 DAGs
[2025-09-22T00:25:56.575+0000] {logging_mixin.py:190} INFO - [2025-09-22T00:25:56.575+0000] {dag.py:4180} INFO - Setting next_dagrun for example_xcom to 2021-01-01 00:00:00+00:00, run_after=2021-01-01 00:00:00+00:00
[2025-09-22T00:25:56.625+0000] {processor.py:208} INFO - Processing /home/airflow/.local/lib/python3.12/site-packages/airflow/example_dags/example_xcom.py took 0.113 seconds
[2025-09-22T00:26:28.346+0000] {processor.py:186} INFO - Started process (PID=8492) to work on /home/airflow/.local/lib/python3.12/site-packages/airflow/example_dags/example_xcom.py
[2025-09-22T00:26:28.347+0000] {processor.py:914} INFO - Processing file /home/airflow/.local/lib/python3.12/site-packages/airflow/example_dags/example_xcom.py for tasks to queue
[2025-09-22T00:26:28.349+0000] {logging_mixin.py:190} INFO - [2025-09-22T00:26:28.349+0000] {dagbag.py:588} INFO - Filling up the DagBag from /home/airflow/.local/lib/python3.12/site-packages/airflow/example_dags/example_xcom.py
[2025-09-22T00:26:28.360+0000] {processor.py:925} INFO - DAG(s) 'example_xcom' retrieved from /home/airflow/.local/lib/python3.12/site-packages/airflow/example_dags/example_xcom.py
[2025-09-22T00:26:28.382+0000] {logging_mixin.py:190} INFO - [2025-09-22T00:26:28.382+0000] {dag.py:3239} INFO - Sync 1 DAGs
[2025-09-22T00:26:28.410+0000] {logging_mixin.py:190} INFO - [2025-09-22T00:26:28.410+0000] {dag.py:4180} INFO - Setting next_dagrun for example_xcom to 2021-01-01 00:00:00+00:00, run_after=2021-01-01 00:00:00+00:00
[2025-09-22T00:26:28.459+0000] {processor.py:208} INFO - Processing /home/airflow/.local/lib/python3.12/site-packages/airflow/example_dags/example_xcom.py took 0.120 seconds
[2025-09-22T00:27:00.784+0000] {processor.py:186} INFO - Started process (PID=8556) to work on /home/airflow/.local/lib/python3.12/site-packages/airflow/example_dags/example_xcom.py
[2025-09-22T00:27:00.785+0000] {processor.py:914} INFO - Processing file /home/airflow/.local/lib/python3.12/site-packages/airflow/example_dags/example_xcom.py for tasks to queue
[2025-09-22T00:27:00.787+0000] {logging_mixin.py:190} INFO - [2025-09-22T00:27:00.787+0000] {dagbag.py:588} INFO - Filling up the DagBag from /home/airflow/.local/lib/python3.12/site-packages/airflow/example_dags/example_xcom.py
[2025-09-22T00:27:00.796+0000] {processor.py:925} INFO - DAG(s) 'example_xcom' retrieved from /home/airflow/.local/lib/python3.12/site-packages/airflow/example_dags/example_xcom.py
[2025-09-22T00:27:00.817+0000] {logging_mixin.py:190} INFO - [2025-09-22T00:27:00.817+0000] {dag.py:3239} INFO - Sync 1 DAGs
[2025-09-22T00:27:00.837+0000] {logging_mixin.py:190} INFO - [2025-09-22T00:27:00.837+0000] {dag.py:4180} INFO - Setting next_dagrun for example_xcom to 2021-01-01 00:00:00+00:00, run_after=2021-01-01 00:00:00+00:00
[2025-09-22T00:27:00.880+0000] {processor.py:208} INFO - Processing /home/airflow/.local/lib/python3.12/site-packages/airflow/example_dags/example_xcom.py took 0.101 seconds
[2025-09-22T00:27:31.316+0000] {processor.py:186} INFO - Started process (PID=8620) to work on /home/airflow/.local/lib/python3.12/site-packages/airflow/example_dags/example_xcom.py
[2025-09-22T00:27:31.317+0000] {processor.py:914} INFO - Processing file /home/airflow/.local/lib/python3.12/site-packages/airflow/example_dags/example_xcom.py for tasks to queue
[2025-09-22T00:27:31.319+0000] {logging_mixin.py:190} INFO - [2025-09-22T00:27:31.319+0000] {dagbag.py:588} INFO - Filling up the DagBag from /home/airflow/.local/lib/python3.12/site-packages/airflow/example_dags/example_xcom.py
[2025-09-22T00:27:31.328+0000] {processor.py:925} INFO - DAG(s) 'example_xcom' retrieved from /home/airflow/.local/lib/python3.12/site-packages/airflow/example_dags/example_xcom.py
[2025-09-22T00:27:31.349+0000] {logging_mixin.py:190} INFO - [2025-09-22T00:27:31.349+0000] {dag.py:3239} INFO - Sync 1 DAGs
[2025-09-22T00:27:31.370+0000] {logging_mixin.py:190} INFO - [2025-09-22T00:27:31.370+0000] {dag.py:4180} INFO - Setting next_dagrun for example_xcom to 2021-01-01 00:00:00+00:00, run_after=2021-01-01 00:00:00+00:00
[2025-09-22T00:27:31.413+0000] {processor.py:208} INFO - Processing /home/airflow/.local/lib/python3.12/site-packages/airflow/example_dags/example_xcom.py took 0.102 seconds
[2025-09-22T00:28:01.651+0000] {processor.py:186} INFO - Started process (PID=8683) to work on /home/airflow/.local/lib/python3.12/site-packages/airflow/example_dags/example_xcom.py
[2025-09-22T00:28:01.652+0000] {processor.py:914} INFO - Processing file /home/airflow/.local/lib/python3.12/site-packages/airflow/example_dags/example_xcom.py for tasks to queue
[2025-09-22T00:28:01.654+0000] {logging_mixin.py:190} INFO - [2025-09-22T00:28:01.654+0000] {dagbag.py:588} INFO - Filling up the DagBag from /home/airflow/.local/lib/python3.12/site-packages/airflow/example_dags/example_xcom.py
[2025-09-22T00:28:01.662+0000] {processor.py:925} INFO - DAG(s) 'example_xcom' retrieved from /home/airflow/.local/lib/python3.12/site-packages/airflow/example_dags/example_xcom.py
[2025-09-22T00:28:01.681+0000] {logging_mixin.py:190} INFO - [2025-09-22T00:28:01.681+0000] {dag.py:3239} INFO - Sync 1 DAGs
[2025-09-22T00:28:01.703+0000] {logging_mixin.py:190} INFO - [2025-09-22T00:28:01.703+0000] {dag.py:4180} INFO - Setting next_dagrun for example_xcom to 2021-01-01 00:00:00+00:00, run_after=2021-01-01 00:00:00+00:00
[2025-09-22T00:28:01.741+0000] {processor.py:208} INFO - Processing /home/airflow/.local/lib/python3.12/site-packages/airflow/example_dags/example_xcom.py took 0.096 seconds
[2025-09-22T00:28:32.620+0000] {processor.py:186} INFO - Started process (PID=8748) to work on /home/airflow/.local/lib/python3.12/site-packages/airflow/example_dags/example_xcom.py
[2025-09-22T00:28:32.621+0000] {processor.py:914} INFO - Processing file /home/airflow/.local/lib/python3.12/site-packages/airflow/example_dags/example_xcom.py for tasks to queue
[2025-09-22T00:28:32.623+0000] {logging_mixin.py:190} INFO - [2025-09-22T00:28:32.622+0000] {dagbag.py:588} INFO - Filling up the DagBag from /home/airflow/.local/lib/python3.12/site-packages/airflow/example_dags/example_xcom.py
[2025-09-22T00:28:32.630+0000] {processor.py:925} INFO - DAG(s) 'example_xcom' retrieved from /home/airflow/.local/lib/python3.12/site-packages/airflow/example_dags/example_xcom.py
[2025-09-22T00:28:32.649+0000] {logging_mixin.py:190} INFO - [2025-09-22T00:28:32.648+0000] {dag.py:3239} INFO - Sync 1 DAGs
[2025-09-22T00:28:32.668+0000] {logging_mixin.py:190} INFO - [2025-09-22T00:28:32.668+0000] {dag.py:4180} INFO - Setting next_dagrun for example_xcom to 2021-01-01 00:00:00+00:00, run_after=2021-01-01 00:00:00+00:00
[2025-09-22T00:28:32.706+0000] {processor.py:208} INFO - Processing /home/airflow/.local/lib/python3.12/site-packages/airflow/example_dags/example_xcom.py took 0.092 seconds
[2025-09-22T00:29:03.303+0000] {processor.py:186} INFO - Started process (PID=8812) to work on /home/airflow/.local/lib/python3.12/site-packages/airflow/example_dags/example_xcom.py
[2025-09-22T00:29:03.304+0000] {processor.py:914} INFO - Processing file /home/airflow/.local/lib/python3.12/site-packages/airflow/example_dags/example_xcom.py for tasks to queue
[2025-09-22T00:29:03.306+0000] {logging_mixin.py:190} INFO - [2025-09-22T00:29:03.305+0000] {dagbag.py:588} INFO - Filling up the DagBag from /home/airflow/.local/lib/python3.12/site-packages/airflow/example_dags/example_xcom.py
[2025-09-22T00:29:03.313+0000] {processor.py:925} INFO - DAG(s) 'example_xcom' retrieved from /home/airflow/.local/lib/python3.12/site-packages/airflow/example_dags/example_xcom.py
[2025-09-22T00:29:03.331+0000] {logging_mixin.py:190} INFO - [2025-09-22T00:29:03.331+0000] {dag.py:3239} INFO - Sync 1 DAGs
[2025-09-22T00:29:03.352+0000] {logging_mixin.py:190} INFO - [2025-09-22T00:29:03.351+0000] {dag.py:4180} INFO - Setting next_dagrun for example_xcom to 2021-01-01 00:00:00+00:00, run_after=2021-01-01 00:00:00+00:00
[2025-09-22T00:29:03.398+0000] {processor.py:208} INFO - Processing /home/airflow/.local/lib/python3.12/site-packages/airflow/example_dags/example_xcom.py took 0.101 seconds
[2025-09-22T00:29:33.813+0000] {processor.py:186} INFO - Started process (PID=8876) to work on /home/airflow/.local/lib/python3.12/site-packages/airflow/example_dags/example_xcom.py
[2025-09-22T00:29:33.814+0000] {processor.py:914} INFO - Processing file /home/airflow/.local/lib/python3.12/site-packages/airflow/example_dags/example_xcom.py for tasks to queue
[2025-09-22T00:29:33.816+0000] {logging_mixin.py:190} INFO - [2025-09-22T00:29:33.815+0000] {dagbag.py:588} INFO - Filling up the DagBag from /home/airflow/.local/lib/python3.12/site-packages/airflow/example_dags/example_xcom.py
[2025-09-22T00:29:33.823+0000] {processor.py:925} INFO - DAG(s) 'example_xcom' retrieved from /home/airflow/.local/lib/python3.12/site-packages/airflow/example_dags/example_xcom.py
[2025-09-22T00:29:33.843+0000] {logging_mixin.py:190} INFO - [2025-09-22T00:29:33.843+0000] {dag.py:3239} INFO - Sync 1 DAGs
[2025-09-22T00:29:33.862+0000] {logging_mixin.py:190} INFO - [2025-09-22T00:29:33.862+0000] {dag.py:4180} INFO - Setting next_dagrun for example_xcom to 2021-01-01 00:00:00+00:00, run_after=2021-01-01 00:00:00+00:00
[2025-09-22T00:29:33.900+0000] {processor.py:208} INFO - Processing /home/airflow/.local/lib/python3.12/site-packages/airflow/example_dags/example_xcom.py took 0.092 seconds
[2025-09-22T00:30:04.999+0000] {processor.py:186} INFO - Started process (PID=8947) to work on /home/airflow/.local/lib/python3.12/site-packages/airflow/example_dags/example_xcom.py
[2025-09-22T00:30:05.000+0000] {processor.py:914} INFO - Processing file /home/airflow/.local/lib/python3.12/site-packages/airflow/example_dags/example_xcom.py for tasks to queue
[2025-09-22T00:30:05.002+0000] {logging_mixin.py:190} INFO - [2025-09-22T00:30:05.002+0000] {dagbag.py:588} INFO - Filling up the DagBag from /home/airflow/.local/lib/python3.12/site-packages/airflow/example_dags/example_xcom.py
[2025-09-22T00:30:05.010+0000] {processor.py:925} INFO - DAG(s) 'example_xcom' retrieved from /home/airflow/.local/lib/python3.12/site-packages/airflow/example_dags/example_xcom.py
[2025-09-22T00:30:05.027+0000] {logging_mixin.py:190} INFO - [2025-09-22T00:30:05.027+0000] {dag.py:3239} INFO - Sync 1 DAGs
[2025-09-22T00:30:05.046+0000] {logging_mixin.py:190} INFO - [2025-09-22T00:30:05.046+0000] {dag.py:4180} INFO - Setting next_dagrun for example_xcom to 2021-01-01 00:00:00+00:00, run_after=2021-01-01 00:00:00+00:00
[2025-09-22T00:30:05.082+0000] {processor.py:208} INFO - Processing /home/airflow/.local/lib/python3.12/site-packages/airflow/example_dags/example_xcom.py took 0.089 seconds
[2025-09-22T00:30:35.541+0000] {processor.py:186} INFO - Started process (PID=9010) to work on /home/airflow/.local/lib/python3.12/site-packages/airflow/example_dags/example_xcom.py
[2025-09-22T00:30:35.542+0000] {processor.py:914} INFO - Processing file /home/airflow/.local/lib/python3.12/site-packages/airflow/example_dags/example_xcom.py for tasks to queue
[2025-09-22T00:30:35.544+0000] {logging_mixin.py:190} INFO - [2025-09-22T00:30:35.544+0000] {dagbag.py:588} INFO - Filling up the DagBag from /home/airflow/.local/lib/python3.12/site-packages/airflow/example_dags/example_xcom.py
[2025-09-22T00:30:35.553+0000] {processor.py:925} INFO - DAG(s) 'example_xcom' retrieved from /home/airflow/.local/lib/python3.12/site-packages/airflow/example_dags/example_xcom.py
[2025-09-22T00:30:35.571+0000] {logging_mixin.py:190} INFO - [2025-09-22T00:30:35.571+0000] {dag.py:3239} INFO - Sync 1 DAGs
[2025-09-22T00:30:35.590+0000] {logging_mixin.py:190} INFO - [2025-09-22T00:30:35.590+0000] {dag.py:4180} INFO - Setting next_dagrun for example_xcom to 2021-01-01 00:00:00+00:00, run_after=2021-01-01 00:00:00+00:00
[2025-09-22T00:30:35.631+0000] {processor.py:208} INFO - Processing /home/airflow/.local/lib/python3.12/site-packages/airflow/example_dags/example_xcom.py took 0.095 seconds
[2025-09-22T00:31:05.713+0000] {processor.py:186} INFO - Started process (PID=9074) to work on /home/airflow/.local/lib/python3.12/site-packages/airflow/example_dags/example_xcom.py
[2025-09-22T00:31:05.714+0000] {processor.py:914} INFO - Processing file /home/airflow/.local/lib/python3.12/site-packages/airflow/example_dags/example_xcom.py for tasks to queue
[2025-09-22T00:31:05.716+0000] {logging_mixin.py:190} INFO - [2025-09-22T00:31:05.716+0000] {dagbag.py:588} INFO - Filling up the DagBag from /home/airflow/.local/lib/python3.12/site-packages/airflow/example_dags/example_xcom.py
[2025-09-22T00:31:05.724+0000] {processor.py:925} INFO - DAG(s) 'example_xcom' retrieved from /home/airflow/.local/lib/python3.12/site-packages/airflow/example_dags/example_xcom.py
[2025-09-22T00:31:05.742+0000] {logging_mixin.py:190} INFO - [2025-09-22T00:31:05.742+0000] {dag.py:3239} INFO - Sync 1 DAGs
[2025-09-22T00:31:05.762+0000] {logging_mixin.py:190} INFO - [2025-09-22T00:31:05.761+0000] {dag.py:4180} INFO - Setting next_dagrun for example_xcom to 2021-01-01 00:00:00+00:00, run_after=2021-01-01 00:00:00+00:00
[2025-09-22T00:31:05.809+0000] {processor.py:208} INFO - Processing /home/airflow/.local/lib/python3.12/site-packages/airflow/example_dags/example_xcom.py took 0.102 seconds
[2025-09-22T00:31:36.062+0000] {processor.py:186} INFO - Started process (PID=9139) to work on /home/airflow/.local/lib/python3.12/site-packages/airflow/example_dags/example_xcom.py
[2025-09-22T00:31:36.064+0000] {processor.py:914} INFO - Processing file /home/airflow/.local/lib/python3.12/site-packages/airflow/example_dags/example_xcom.py for tasks to queue
[2025-09-22T00:31:36.066+0000] {logging_mixin.py:190} INFO - [2025-09-22T00:31:36.066+0000] {dagbag.py:588} INFO - Filling up the DagBag from /home/airflow/.local/lib/python3.12/site-packages/airflow/example_dags/example_xcom.py
[2025-09-22T00:31:36.075+0000] {processor.py:925} INFO - DAG(s) 'example_xcom' retrieved from /home/airflow/.local/lib/python3.12/site-packages/airflow/example_dags/example_xcom.py
[2025-09-22T00:31:36.097+0000] {logging_mixin.py:190} INFO - [2025-09-22T00:31:36.097+0000] {dag.py:3239} INFO - Sync 1 DAGs
[2025-09-22T00:31:36.130+0000] {logging_mixin.py:190} INFO - [2025-09-22T00:31:36.130+0000] {dag.py:4180} INFO - Setting next_dagrun for example_xcom to 2021-01-01 00:00:00+00:00, run_after=2021-01-01 00:00:00+00:00
[2025-09-22T00:31:36.208+0000] {processor.py:208} INFO - Processing /home/airflow/.local/lib/python3.12/site-packages/airflow/example_dags/example_xcom.py took 0.151 seconds
[2025-09-22T00:32:09.443+0000] {processor.py:186} INFO - Started process (PID=9208) to work on /home/airflow/.local/lib/python3.12/site-packages/airflow/example_dags/example_xcom.py
[2025-09-22T00:32:09.444+0000] {processor.py:914} INFO - Processing file /home/airflow/.local/lib/python3.12/site-packages/airflow/example_dags/example_xcom.py for tasks to queue
[2025-09-22T00:32:09.446+0000] {logging_mixin.py:190} INFO - [2025-09-22T00:32:09.445+0000] {dagbag.py:588} INFO - Filling up the DagBag from /home/airflow/.local/lib/python3.12/site-packages/airflow/example_dags/example_xcom.py
[2025-09-22T00:32:09.455+0000] {processor.py:925} INFO - DAG(s) 'example_xcom' retrieved from /home/airflow/.local/lib/python3.12/site-packages/airflow/example_dags/example_xcom.py
[2025-09-22T00:32:09.475+0000] {logging_mixin.py:190} INFO - [2025-09-22T00:32:09.475+0000] {dag.py:3239} INFO - Sync 1 DAGs
[2025-09-22T00:32:09.498+0000] {logging_mixin.py:190} INFO - [2025-09-22T00:32:09.498+0000] {dag.py:4180} INFO - Setting next_dagrun for example_xcom to 2021-01-01 00:00:00+00:00, run_after=2021-01-01 00:00:00+00:00
[2025-09-22T00:32:09.542+0000] {processor.py:208} INFO - Processing /home/airflow/.local/lib/python3.12/site-packages/airflow/example_dags/example_xcom.py took 0.105 seconds
[2025-09-22T00:32:41.571+0000] {processor.py:186} INFO - Started process (PID=9276) to work on /home/airflow/.local/lib/python3.12/site-packages/airflow/example_dags/example_xcom.py
[2025-09-22T00:32:41.572+0000] {processor.py:914} INFO - Processing file /home/airflow/.local/lib/python3.12/site-packages/airflow/example_dags/example_xcom.py for tasks to queue
[2025-09-22T00:32:41.574+0000] {logging_mixin.py:190} INFO - [2025-09-22T00:32:41.574+0000] {dagbag.py:588} INFO - Filling up the DagBag from /home/airflow/.local/lib/python3.12/site-packages/airflow/example_dags/example_xcom.py
[2025-09-22T00:32:41.583+0000] {processor.py:925} INFO - DAG(s) 'example_xcom' retrieved from /home/airflow/.local/lib/python3.12/site-packages/airflow/example_dags/example_xcom.py
[2025-09-22T00:32:41.603+0000] {logging_mixin.py:190} INFO - [2025-09-22T00:32:41.602+0000] {dag.py:3239} INFO - Sync 1 DAGs
[2025-09-22T00:32:41.625+0000] {logging_mixin.py:190} INFO - [2025-09-22T00:32:41.624+0000] {dag.py:4180} INFO - Setting next_dagrun for example_xcom to 2021-01-01 00:00:00+00:00, run_after=2021-01-01 00:00:00+00:00
[2025-09-22T00:32:41.668+0000] {processor.py:208} INFO - Processing /home/airflow/.local/lib/python3.12/site-packages/airflow/example_dags/example_xcom.py took 0.103 seconds
[2025-09-22T00:33:11.828+0000] {processor.py:186} INFO - Started process (PID=9340) to work on /home/airflow/.local/lib/python3.12/site-packages/airflow/example_dags/example_xcom.py
[2025-09-22T00:33:11.829+0000] {processor.py:914} INFO - Processing file /home/airflow/.local/lib/python3.12/site-packages/airflow/example_dags/example_xcom.py for tasks to queue
[2025-09-22T00:33:11.831+0000] {logging_mixin.py:190} INFO - [2025-09-22T00:33:11.831+0000] {dagbag.py:588} INFO - Filling up the DagBag from /home/airflow/.local/lib/python3.12/site-packages/airflow/example_dags/example_xcom.py
[2025-09-22T00:33:11.840+0000] {processor.py:925} INFO - DAG(s) 'example_xcom' retrieved from /home/airflow/.local/lib/python3.12/site-packages/airflow/example_dags/example_xcom.py
[2025-09-22T00:33:11.858+0000] {logging_mixin.py:190} INFO - [2025-09-22T00:33:11.858+0000] {dag.py:3239} INFO - Sync 1 DAGs
[2025-09-22T00:33:11.878+0000] {logging_mixin.py:190} INFO - [2025-09-22T00:33:11.878+0000] {dag.py:4180} INFO - Setting next_dagrun for example_xcom to 2021-01-01 00:00:00+00:00, run_after=2021-01-01 00:00:00+00:00
[2025-09-22T00:33:11.924+0000] {processor.py:208} INFO - Processing /home/airflow/.local/lib/python3.12/site-packages/airflow/example_dags/example_xcom.py took 0.101 seconds
[2025-09-22T00:33:43.809+0000] {processor.py:186} INFO - Started process (PID=9416) to work on /home/airflow/.local/lib/python3.12/site-packages/airflow/example_dags/example_xcom.py
[2025-09-22T00:33:43.810+0000] {processor.py:914} INFO - Processing file /home/airflow/.local/lib/python3.12/site-packages/airflow/example_dags/example_xcom.py for tasks to queue
[2025-09-22T00:33:43.812+0000] {logging_mixin.py:190} INFO - [2025-09-22T00:33:43.812+0000] {dagbag.py:588} INFO - Filling up the DagBag from /home/airflow/.local/lib/python3.12/site-packages/airflow/example_dags/example_xcom.py
[2025-09-22T00:33:43.820+0000] {processor.py:925} INFO - DAG(s) 'example_xcom' retrieved from /home/airflow/.local/lib/python3.12/site-packages/airflow/example_dags/example_xcom.py
[2025-09-22T00:33:43.839+0000] {logging_mixin.py:190} INFO - [2025-09-22T00:33:43.839+0000] {dag.py:3239} INFO - Sync 1 DAGs
[2025-09-22T00:33:43.861+0000] {logging_mixin.py:190} INFO - [2025-09-22T00:33:43.860+0000] {dag.py:4180} INFO - Setting next_dagrun for example_xcom to 2021-01-01 00:00:00+00:00, run_after=2021-01-01 00:00:00+00:00
[2025-09-22T00:33:43.903+0000] {processor.py:208} INFO - Processing /home/airflow/.local/lib/python3.12/site-packages/airflow/example_dags/example_xcom.py took 0.100 seconds
[2025-09-22T00:34:14.710+0000] {processor.py:186} INFO - Started process (PID=9480) to work on /home/airflow/.local/lib/python3.12/site-packages/airflow/example_dags/example_xcom.py
[2025-09-22T00:34:14.711+0000] {processor.py:914} INFO - Processing file /home/airflow/.local/lib/python3.12/site-packages/airflow/example_dags/example_xcom.py for tasks to queue
[2025-09-22T00:34:14.713+0000] {logging_mixin.py:190} INFO - [2025-09-22T00:34:14.713+0000] {dagbag.py:588} INFO - Filling up the DagBag from /home/airflow/.local/lib/python3.12/site-packages/airflow/example_dags/example_xcom.py
[2025-09-22T00:34:14.720+0000] {processor.py:925} INFO - DAG(s) 'example_xcom' retrieved from /home/airflow/.local/lib/python3.12/site-packages/airflow/example_dags/example_xcom.py
[2025-09-22T00:34:14.739+0000] {logging_mixin.py:190} INFO - [2025-09-22T00:34:14.739+0000] {dag.py:3239} INFO - Sync 1 DAGs
[2025-09-22T00:34:14.760+0000] {logging_mixin.py:190} INFO - [2025-09-22T00:34:14.759+0000] {dag.py:4180} INFO - Setting next_dagrun for example_xcom to 2021-01-01 00:00:00+00:00, run_after=2021-01-01 00:00:00+00:00
[2025-09-22T00:34:14.800+0000] {processor.py:208} INFO - Processing /home/airflow/.local/lib/python3.12/site-packages/airflow/example_dags/example_xcom.py took 0.095 seconds
[2025-09-22T00:34:46.378+0000] {processor.py:186} INFO - Started process (PID=9544) to work on /home/airflow/.local/lib/python3.12/site-packages/airflow/example_dags/example_xcom.py
[2025-09-22T00:34:46.379+0000] {processor.py:914} INFO - Processing file /home/airflow/.local/lib/python3.12/site-packages/airflow/example_dags/example_xcom.py for tasks to queue
[2025-09-22T00:34:46.381+0000] {logging_mixin.py:190} INFO - [2025-09-22T00:34:46.381+0000] {dagbag.py:588} INFO - Filling up the DagBag from /home/airflow/.local/lib/python3.12/site-packages/airflow/example_dags/example_xcom.py
[2025-09-22T00:34:46.389+0000] {processor.py:925} INFO - DAG(s) 'example_xcom' retrieved from /home/airflow/.local/lib/python3.12/site-packages/airflow/example_dags/example_xcom.py
[2025-09-22T00:34:46.408+0000] {logging_mixin.py:190} INFO - [2025-09-22T00:34:46.407+0000] {dag.py:3239} INFO - Sync 1 DAGs
[2025-09-22T00:34:46.428+0000] {logging_mixin.py:190} INFO - [2025-09-22T00:34:46.428+0000] {dag.py:4180} INFO - Setting next_dagrun for example_xcom to 2021-01-01 00:00:00+00:00, run_after=2021-01-01 00:00:00+00:00
[2025-09-22T00:34:46.466+0000] {processor.py:208} INFO - Processing /home/airflow/.local/lib/python3.12/site-packages/airflow/example_dags/example_xcom.py took 0.093 seconds
[2025-09-22T00:35:17.087+0000] {processor.py:186} INFO - Started process (PID=9608) to work on /home/airflow/.local/lib/python3.12/site-packages/airflow/example_dags/example_xcom.py
[2025-09-22T00:35:17.088+0000] {processor.py:914} INFO - Processing file /home/airflow/.local/lib/python3.12/site-packages/airflow/example_dags/example_xcom.py for tasks to queue
[2025-09-22T00:35:17.090+0000] {logging_mixin.py:190} INFO - [2025-09-22T00:35:17.089+0000] {dagbag.py:588} INFO - Filling up the DagBag from /home/airflow/.local/lib/python3.12/site-packages/airflow/example_dags/example_xcom.py
[2025-09-22T00:35:17.098+0000] {processor.py:925} INFO - DAG(s) 'example_xcom' retrieved from /home/airflow/.local/lib/python3.12/site-packages/airflow/example_dags/example_xcom.py
[2025-09-22T00:35:17.120+0000] {logging_mixin.py:190} INFO - [2025-09-22T00:35:17.120+0000] {dag.py:3239} INFO - Sync 1 DAGs
[2025-09-22T00:35:17.143+0000] {logging_mixin.py:190} INFO - [2025-09-22T00:35:17.142+0000] {dag.py:4180} INFO - Setting next_dagrun for example_xcom to 2021-01-01 00:00:00+00:00, run_after=2021-01-01 00:00:00+00:00
[2025-09-22T00:35:17.182+0000] {processor.py:208} INFO - Processing /home/airflow/.local/lib/python3.12/site-packages/airflow/example_dags/example_xcom.py took 0.100 seconds
[2025-09-22T00:35:49.190+0000] {processor.py:186} INFO - Started process (PID=9672) to work on /home/airflow/.local/lib/python3.12/site-packages/airflow/example_dags/example_xcom.py
[2025-09-22T00:35:49.191+0000] {processor.py:914} INFO - Processing file /home/airflow/.local/lib/python3.12/site-packages/airflow/example_dags/example_xcom.py for tasks to queue
[2025-09-22T00:35:49.193+0000] {logging_mixin.py:190} INFO - [2025-09-22T00:35:49.193+0000] {dagbag.py:588} INFO - Filling up the DagBag from /home/airflow/.local/lib/python3.12/site-packages/airflow/example_dags/example_xcom.py
[2025-09-22T00:35:49.201+0000] {processor.py:925} INFO - DAG(s) 'example_xcom' retrieved from /home/airflow/.local/lib/python3.12/site-packages/airflow/example_dags/example_xcom.py
[2025-09-22T00:35:49.220+0000] {logging_mixin.py:190} INFO - [2025-09-22T00:35:49.220+0000] {dag.py:3239} INFO - Sync 1 DAGs
[2025-09-22T00:35:49.241+0000] {logging_mixin.py:190} INFO - [2025-09-22T00:35:49.241+0000] {dag.py:4180} INFO - Setting next_dagrun for example_xcom to 2021-01-01 00:00:00+00:00, run_after=2021-01-01 00:00:00+00:00
[2025-09-22T00:35:49.306+0000] {processor.py:208} INFO - Processing /home/airflow/.local/lib/python3.12/site-packages/airflow/example_dags/example_xcom.py took 0.121 seconds
[2025-09-22T00:36:19.812+0000] {processor.py:186} INFO - Started process (PID=9736) to work on /home/airflow/.local/lib/python3.12/site-packages/airflow/example_dags/example_xcom.py
[2025-09-22T00:36:19.813+0000] {processor.py:914} INFO - Processing file /home/airflow/.local/lib/python3.12/site-packages/airflow/example_dags/example_xcom.py for tasks to queue
[2025-09-22T00:36:19.815+0000] {logging_mixin.py:190} INFO - [2025-09-22T00:36:19.815+0000] {dagbag.py:588} INFO - Filling up the DagBag from /home/airflow/.local/lib/python3.12/site-packages/airflow/example_dags/example_xcom.py
[2025-09-22T00:36:19.823+0000] {processor.py:925} INFO - DAG(s) 'example_xcom' retrieved from /home/airflow/.local/lib/python3.12/site-packages/airflow/example_dags/example_xcom.py
[2025-09-22T00:36:19.841+0000] {logging_mixin.py:190} INFO - [2025-09-22T00:36:19.841+0000] {dag.py:3239} INFO - Sync 1 DAGs
[2025-09-22T00:36:19.861+0000] {logging_mixin.py:190} INFO - [2025-09-22T00:36:19.861+0000] {dag.py:4180} INFO - Setting next_dagrun for example_xcom to 2021-01-01 00:00:00+00:00, run_after=2021-01-01 00:00:00+00:00
[2025-09-22T00:36:19.904+0000] {processor.py:208} INFO - Processing /home/airflow/.local/lib/python3.12/site-packages/airflow/example_dags/example_xcom.py took 0.097 seconds
