[2025-09-22T00:00:12.667+0000] {processor.py:186} INFO - Started process (PID=5260) to work on /home/airflow/.local/lib/python3.12/site-packages/airflow/example_dags/example_complex.py
[2025-09-22T00:00:12.668+0000] {processor.py:914} INFO - Processing file /home/airflow/.local/lib/python3.12/site-packages/airflow/example_dags/example_complex.py for tasks to queue
[2025-09-22T00:00:12.670+0000] {logging_mixin.py:190} INFO - [2025-09-22T00:00:12.670+0000] {dagbag.py:588} INFO - Filling up the DagBag from /home/airflow/.local/lib/python3.12/site-packages/airflow/example_dags/example_complex.py
[2025-09-22T00:00:13.098+0000] {processor.py:925} INFO - DAG(s) 'example_complex' retrieved from /home/airflow/.local/lib/python3.12/site-packages/airflow/example_dags/example_complex.py
[2025-09-22T00:00:13.138+0000] {logging_mixin.py:190} INFO - [2025-09-22T00:00:13.138+0000] {dag.py:3239} INFO - Sync 1 DAGs
[2025-09-22T00:00:13.160+0000] {logging_mixin.py:190} INFO - [2025-09-22T00:00:13.160+0000] {dag.py:4180} INFO - Setting next_dagrun for example_complex to None, run_after=None
[2025-09-22T00:00:13.214+0000] {processor.py:208} INFO - Processing /home/airflow/.local/lib/python3.12/site-packages/airflow/example_dags/example_complex.py took 0.553 seconds
[2025-09-22T00:00:43.714+0000] {processor.py:186} INFO - Started process (PID=5324) to work on /home/airflow/.local/lib/python3.12/site-packages/airflow/example_dags/example_complex.py
[2025-09-22T00:00:43.716+0000] {processor.py:914} INFO - Processing file /home/airflow/.local/lib/python3.12/site-packages/airflow/example_dags/example_complex.py for tasks to queue
[2025-09-22T00:00:43.719+0000] {logging_mixin.py:190} INFO - [2025-09-22T00:00:43.719+0000] {dagbag.py:588} INFO - Filling up the DagBag from /home/airflow/.local/lib/python3.12/site-packages/airflow/example_dags/example_complex.py
[2025-09-22T00:00:43.742+0000] {processor.py:925} INFO - DAG(s) 'example_complex' retrieved from /home/airflow/.local/lib/python3.12/site-packages/airflow/example_dags/example_complex.py
[2025-09-22T00:00:43.804+0000] {logging_mixin.py:190} INFO - [2025-09-22T00:00:43.803+0000] {dag.py:3239} INFO - Sync 1 DAGs
[2025-09-22T00:00:43.828+0000] {logging_mixin.py:190} INFO - [2025-09-22T00:00:43.827+0000] {dag.py:4180} INFO - Setting next_dagrun for example_complex to None, run_after=None
[2025-09-22T00:00:43.882+0000] {processor.py:208} INFO - Processing /home/airflow/.local/lib/python3.12/site-packages/airflow/example_dags/example_complex.py took 0.174 seconds
[2025-09-22T00:01:14.117+0000] {processor.py:186} INFO - Started process (PID=5388) to work on /home/airflow/.local/lib/python3.12/site-packages/airflow/example_dags/example_complex.py
[2025-09-22T00:01:14.118+0000] {processor.py:914} INFO - Processing file /home/airflow/.local/lib/python3.12/site-packages/airflow/example_dags/example_complex.py for tasks to queue
[2025-09-22T00:01:14.120+0000] {logging_mixin.py:190} INFO - [2025-09-22T00:01:14.120+0000] {dagbag.py:588} INFO - Filling up the DagBag from /home/airflow/.local/lib/python3.12/site-packages/airflow/example_dags/example_complex.py
[2025-09-22T00:01:14.132+0000] {processor.py:925} INFO - DAG(s) 'example_complex' retrieved from /home/airflow/.local/lib/python3.12/site-packages/airflow/example_dags/example_complex.py
[2025-09-22T00:01:14.168+0000] {logging_mixin.py:190} INFO - [2025-09-22T00:01:14.168+0000] {dag.py:3239} INFO - Sync 1 DAGs
[2025-09-22T00:01:14.182+0000] {logging_mixin.py:190} INFO - [2025-09-22T00:01:14.182+0000] {dag.py:4180} INFO - Setting next_dagrun for example_complex to None, run_after=None
[2025-09-22T00:01:14.239+0000] {processor.py:208} INFO - Processing /home/airflow/.local/lib/python3.12/site-packages/airflow/example_dags/example_complex.py took 0.128 seconds
[2025-09-22T00:01:44.658+0000] {processor.py:186} INFO - Started process (PID=5452) to work on /home/airflow/.local/lib/python3.12/site-packages/airflow/example_dags/example_complex.py
[2025-09-22T00:01:44.659+0000] {processor.py:914} INFO - Processing file /home/airflow/.local/lib/python3.12/site-packages/airflow/example_dags/example_complex.py for tasks to queue
[2025-09-22T00:01:44.661+0000] {logging_mixin.py:190} INFO - [2025-09-22T00:01:44.661+0000] {dagbag.py:588} INFO - Filling up the DagBag from /home/airflow/.local/lib/python3.12/site-packages/airflow/example_dags/example_complex.py
[2025-09-22T00:01:44.674+0000] {processor.py:925} INFO - DAG(s) 'example_complex' retrieved from /home/airflow/.local/lib/python3.12/site-packages/airflow/example_dags/example_complex.py
[2025-09-22T00:01:44.710+0000] {logging_mixin.py:190} INFO - [2025-09-22T00:01:44.709+0000] {dag.py:3239} INFO - Sync 1 DAGs
[2025-09-22T00:01:44.725+0000] {logging_mixin.py:190} INFO - [2025-09-22T00:01:44.725+0000] {dag.py:4180} INFO - Setting next_dagrun for example_complex to None, run_after=None
[2025-09-22T00:01:44.935+0000] {processor.py:208} INFO - Processing /home/airflow/.local/lib/python3.12/site-packages/airflow/example_dags/example_complex.py took 0.282 seconds
[2025-09-22T00:02:15.246+0000] {processor.py:186} INFO - Started process (PID=5516) to work on /home/airflow/.local/lib/python3.12/site-packages/airflow/example_dags/example_complex.py
[2025-09-22T00:02:15.247+0000] {processor.py:914} INFO - Processing file /home/airflow/.local/lib/python3.12/site-packages/airflow/example_dags/example_complex.py for tasks to queue
[2025-09-22T00:02:15.249+0000] {logging_mixin.py:190} INFO - [2025-09-22T00:02:15.248+0000] {dagbag.py:588} INFO - Filling up the DagBag from /home/airflow/.local/lib/python3.12/site-packages/airflow/example_dags/example_complex.py
[2025-09-22T00:02:15.262+0000] {processor.py:925} INFO - DAG(s) 'example_complex' retrieved from /home/airflow/.local/lib/python3.12/site-packages/airflow/example_dags/example_complex.py
[2025-09-22T00:02:15.296+0000] {logging_mixin.py:190} INFO - [2025-09-22T00:02:15.296+0000] {dag.py:3239} INFO - Sync 1 DAGs
[2025-09-22T00:02:15.311+0000] {logging_mixin.py:190} INFO - [2025-09-22T00:02:15.311+0000] {dag.py:4180} INFO - Setting next_dagrun for example_complex to None, run_after=None
[2025-09-22T00:02:15.374+0000] {processor.py:208} INFO - Processing /home/airflow/.local/lib/python3.12/site-packages/airflow/example_dags/example_complex.py took 0.134 seconds
[2025-09-22T00:02:45.567+0000] {processor.py:186} INFO - Started process (PID=5575) to work on /home/airflow/.local/lib/python3.12/site-packages/airflow/example_dags/example_complex.py
[2025-09-22T00:02:45.568+0000] {processor.py:914} INFO - Processing file /home/airflow/.local/lib/python3.12/site-packages/airflow/example_dags/example_complex.py for tasks to queue
[2025-09-22T00:02:45.571+0000] {logging_mixin.py:190} INFO - [2025-09-22T00:02:45.571+0000] {dagbag.py:588} INFO - Filling up the DagBag from /home/airflow/.local/lib/python3.12/site-packages/airflow/example_dags/example_complex.py
[2025-09-22T00:02:45.585+0000] {processor.py:925} INFO - DAG(s) 'example_complex' retrieved from /home/airflow/.local/lib/python3.12/site-packages/airflow/example_dags/example_complex.py
[2025-09-22T00:02:45.630+0000] {logging_mixin.py:190} INFO - [2025-09-22T00:02:45.629+0000] {dag.py:3239} INFO - Sync 1 DAGs
[2025-09-22T00:02:45.648+0000] {logging_mixin.py:190} INFO - [2025-09-22T00:02:45.648+0000] {dag.py:4180} INFO - Setting next_dagrun for example_complex to None, run_after=None
[2025-09-22T00:02:45.699+0000] {processor.py:208} INFO - Processing /home/airflow/.local/lib/python3.12/site-packages/airflow/example_dags/example_complex.py took 0.142 seconds
[2025-09-22T00:03:16.105+0000] {processor.py:186} INFO - Started process (PID=5638) to work on /home/airflow/.local/lib/python3.12/site-packages/airflow/example_dags/example_complex.py
[2025-09-22T00:03:16.106+0000] {processor.py:914} INFO - Processing file /home/airflow/.local/lib/python3.12/site-packages/airflow/example_dags/example_complex.py for tasks to queue
[2025-09-22T00:03:16.109+0000] {logging_mixin.py:190} INFO - [2025-09-22T00:03:16.109+0000] {dagbag.py:588} INFO - Filling up the DagBag from /home/airflow/.local/lib/python3.12/site-packages/airflow/example_dags/example_complex.py
[2025-09-22T00:03:16.124+0000] {processor.py:925} INFO - DAG(s) 'example_complex' retrieved from /home/airflow/.local/lib/python3.12/site-packages/airflow/example_dags/example_complex.py
[2025-09-22T00:03:16.160+0000] {logging_mixin.py:190} INFO - [2025-09-22T00:03:16.160+0000] {dag.py:3239} INFO - Sync 1 DAGs
[2025-09-22T00:03:16.175+0000] {logging_mixin.py:190} INFO - [2025-09-22T00:03:16.175+0000] {dag.py:4180} INFO - Setting next_dagrun for example_complex to None, run_after=None
[2025-09-22T00:03:16.236+0000] {processor.py:208} INFO - Processing /home/airflow/.local/lib/python3.12/site-packages/airflow/example_dags/example_complex.py took 0.138 seconds
[2025-09-22T00:03:46.307+0000] {processor.py:186} INFO - Started process (PID=5702) to work on /home/airflow/.local/lib/python3.12/site-packages/airflow/example_dags/example_complex.py
[2025-09-22T00:03:46.308+0000] {processor.py:914} INFO - Processing file /home/airflow/.local/lib/python3.12/site-packages/airflow/example_dags/example_complex.py for tasks to queue
[2025-09-22T00:03:46.310+0000] {logging_mixin.py:190} INFO - [2025-09-22T00:03:46.310+0000] {dagbag.py:588} INFO - Filling up the DagBag from /home/airflow/.local/lib/python3.12/site-packages/airflow/example_dags/example_complex.py
[2025-09-22T00:03:46.323+0000] {processor.py:925} INFO - DAG(s) 'example_complex' retrieved from /home/airflow/.local/lib/python3.12/site-packages/airflow/example_dags/example_complex.py
[2025-09-22T00:03:46.356+0000] {logging_mixin.py:190} INFO - [2025-09-22T00:03:46.356+0000] {dag.py:3239} INFO - Sync 1 DAGs
[2025-09-22T00:03:46.370+0000] {logging_mixin.py:190} INFO - [2025-09-22T00:03:46.370+0000] {dag.py:4180} INFO - Setting next_dagrun for example_complex to None, run_after=None
[2025-09-22T00:03:46.484+0000] {processor.py:208} INFO - Processing /home/airflow/.local/lib/python3.12/site-packages/airflow/example_dags/example_complex.py took 0.183 seconds
[2025-09-22T00:04:16.990+0000] {processor.py:186} INFO - Started process (PID=5766) to work on /home/airflow/.local/lib/python3.12/site-packages/airflow/example_dags/example_complex.py
[2025-09-22T00:04:16.991+0000] {processor.py:914} INFO - Processing file /home/airflow/.local/lib/python3.12/site-packages/airflow/example_dags/example_complex.py for tasks to queue
[2025-09-22T00:04:16.993+0000] {logging_mixin.py:190} INFO - [2025-09-22T00:04:16.992+0000] {dagbag.py:588} INFO - Filling up the DagBag from /home/airflow/.local/lib/python3.12/site-packages/airflow/example_dags/example_complex.py
[2025-09-22T00:04:17.004+0000] {processor.py:925} INFO - DAG(s) 'example_complex' retrieved from /home/airflow/.local/lib/python3.12/site-packages/airflow/example_dags/example_complex.py
[2025-09-22T00:04:17.047+0000] {logging_mixin.py:190} INFO - [2025-09-22T00:04:17.047+0000] {dag.py:3239} INFO - Sync 1 DAGs
[2025-09-22T00:04:17.062+0000] {logging_mixin.py:190} INFO - [2025-09-22T00:04:17.062+0000] {dag.py:4180} INFO - Setting next_dagrun for example_complex to None, run_after=None
[2025-09-22T00:04:17.134+0000] {processor.py:208} INFO - Processing /home/airflow/.local/lib/python3.12/site-packages/airflow/example_dags/example_complex.py took 0.150 seconds
[2025-09-22T00:04:48.026+0000] {processor.py:186} INFO - Started process (PID=5830) to work on /home/airflow/.local/lib/python3.12/site-packages/airflow/example_dags/example_complex.py
[2025-09-22T00:04:48.027+0000] {processor.py:914} INFO - Processing file /home/airflow/.local/lib/python3.12/site-packages/airflow/example_dags/example_complex.py for tasks to queue
[2025-09-22T00:04:48.031+0000] {logging_mixin.py:190} INFO - [2025-09-22T00:04:48.030+0000] {dagbag.py:588} INFO - Filling up the DagBag from /home/airflow/.local/lib/python3.12/site-packages/airflow/example_dags/example_complex.py
[2025-09-22T00:04:48.049+0000] {processor.py:925} INFO - DAG(s) 'example_complex' retrieved from /home/airflow/.local/lib/python3.12/site-packages/airflow/example_dags/example_complex.py
[2025-09-22T00:04:48.085+0000] {logging_mixin.py:190} INFO - [2025-09-22T00:04:48.085+0000] {dag.py:3239} INFO - Sync 1 DAGs
[2025-09-22T00:04:48.098+0000] {logging_mixin.py:190} INFO - [2025-09-22T00:04:48.098+0000] {dag.py:4180} INFO - Setting next_dagrun for example_complex to None, run_after=None
[2025-09-22T00:04:48.141+0000] {processor.py:208} INFO - Processing /home/airflow/.local/lib/python3.12/site-packages/airflow/example_dags/example_complex.py took 0.120 seconds
[2025-09-22T00:05:19.364+0000] {processor.py:186} INFO - Started process (PID=5886) to work on /home/airflow/.local/lib/python3.12/site-packages/airflow/example_dags/example_complex.py
[2025-09-22T00:05:19.365+0000] {processor.py:914} INFO - Processing file /home/airflow/.local/lib/python3.12/site-packages/airflow/example_dags/example_complex.py for tasks to queue
[2025-09-22T00:05:19.367+0000] {logging_mixin.py:190} INFO - [2025-09-22T00:05:19.367+0000] {dagbag.py:588} INFO - Filling up the DagBag from /home/airflow/.local/lib/python3.12/site-packages/airflow/example_dags/example_complex.py
[2025-09-22T00:05:19.379+0000] {processor.py:925} INFO - DAG(s) 'example_complex' retrieved from /home/airflow/.local/lib/python3.12/site-packages/airflow/example_dags/example_complex.py
[2025-09-22T00:05:19.414+0000] {logging_mixin.py:190} INFO - [2025-09-22T00:05:19.413+0000] {dag.py:3239} INFO - Sync 1 DAGs
[2025-09-22T00:05:19.427+0000] {logging_mixin.py:190} INFO - [2025-09-22T00:05:19.427+0000] {dag.py:4180} INFO - Setting next_dagrun for example_complex to None, run_after=None
[2025-09-22T00:05:19.465+0000] {processor.py:208} INFO - Processing /home/airflow/.local/lib/python3.12/site-packages/airflow/example_dags/example_complex.py took 0.106 seconds
[2025-09-22T00:05:51.191+0000] {processor.py:186} INFO - Started process (PID=5940) to work on /home/airflow/.local/lib/python3.12/site-packages/airflow/example_dags/example_complex.py
[2025-09-22T00:05:51.192+0000] {processor.py:914} INFO - Processing file /home/airflow/.local/lib/python3.12/site-packages/airflow/example_dags/example_complex.py for tasks to queue
[2025-09-22T00:05:51.195+0000] {logging_mixin.py:190} INFO - [2025-09-22T00:05:51.194+0000] {dagbag.py:588} INFO - Filling up the DagBag from /home/airflow/.local/lib/python3.12/site-packages/airflow/example_dags/example_complex.py
[2025-09-22T00:05:51.207+0000] {processor.py:925} INFO - DAG(s) 'example_complex' retrieved from /home/airflow/.local/lib/python3.12/site-packages/airflow/example_dags/example_complex.py
[2025-09-22T00:05:51.243+0000] {logging_mixin.py:190} INFO - [2025-09-22T00:05:51.243+0000] {dag.py:3239} INFO - Sync 1 DAGs
[2025-09-22T00:05:51.258+0000] {logging_mixin.py:190} INFO - [2025-09-22T00:05:51.258+0000] {dag.py:4180} INFO - Setting next_dagrun for example_complex to None, run_after=None
[2025-09-22T00:05:51.296+0000] {processor.py:208} INFO - Processing /home/airflow/.local/lib/python3.12/site-packages/airflow/example_dags/example_complex.py took 0.110 seconds
[2025-09-22T00:06:23.844+0000] {processor.py:186} INFO - Started process (PID=6004) to work on /home/airflow/.local/lib/python3.12/site-packages/airflow/example_dags/example_complex.py
[2025-09-22T00:06:23.845+0000] {processor.py:914} INFO - Processing file /home/airflow/.local/lib/python3.12/site-packages/airflow/example_dags/example_complex.py for tasks to queue
[2025-09-22T00:06:23.847+0000] {logging_mixin.py:190} INFO - [2025-09-22T00:06:23.847+0000] {dagbag.py:588} INFO - Filling up the DagBag from /home/airflow/.local/lib/python3.12/site-packages/airflow/example_dags/example_complex.py
[2025-09-22T00:06:23.860+0000] {processor.py:925} INFO - DAG(s) 'example_complex' retrieved from /home/airflow/.local/lib/python3.12/site-packages/airflow/example_dags/example_complex.py
[2025-09-22T00:06:23.894+0000] {logging_mixin.py:190} INFO - [2025-09-22T00:06:23.894+0000] {dag.py:3239} INFO - Sync 1 DAGs
[2025-09-22T00:06:23.907+0000] {logging_mixin.py:190} INFO - [2025-09-22T00:06:23.907+0000] {dag.py:4180} INFO - Setting next_dagrun for example_complex to None, run_after=None
[2025-09-22T00:06:23.944+0000] {processor.py:208} INFO - Processing /home/airflow/.local/lib/python3.12/site-packages/airflow/example_dags/example_complex.py took 0.105 seconds
[2025-09-22T00:06:56.740+0000] {processor.py:186} INFO - Started process (PID=6068) to work on /home/airflow/.local/lib/python3.12/site-packages/airflow/example_dags/example_complex.py
[2025-09-22T00:06:56.741+0000] {processor.py:914} INFO - Processing file /home/airflow/.local/lib/python3.12/site-packages/airflow/example_dags/example_complex.py for tasks to queue
[2025-09-22T00:06:56.743+0000] {logging_mixin.py:190} INFO - [2025-09-22T00:06:56.743+0000] {dagbag.py:588} INFO - Filling up the DagBag from /home/airflow/.local/lib/python3.12/site-packages/airflow/example_dags/example_complex.py
[2025-09-22T00:06:56.755+0000] {processor.py:925} INFO - DAG(s) 'example_complex' retrieved from /home/airflow/.local/lib/python3.12/site-packages/airflow/example_dags/example_complex.py
[2025-09-22T00:06:56.786+0000] {logging_mixin.py:190} INFO - [2025-09-22T00:06:56.786+0000] {dag.py:3239} INFO - Sync 1 DAGs
[2025-09-22T00:06:56.800+0000] {logging_mixin.py:190} INFO - [2025-09-22T00:06:56.800+0000] {dag.py:4180} INFO - Setting next_dagrun for example_complex to None, run_after=None
[2025-09-22T00:06:56.837+0000] {processor.py:208} INFO - Processing /home/airflow/.local/lib/python3.12/site-packages/airflow/example_dags/example_complex.py took 0.102 seconds
[2025-09-22T00:07:29.306+0000] {processor.py:186} INFO - Started process (PID=6133) to work on /home/airflow/.local/lib/python3.12/site-packages/airflow/example_dags/example_complex.py
[2025-09-22T00:07:29.307+0000] {processor.py:914} INFO - Processing file /home/airflow/.local/lib/python3.12/site-packages/airflow/example_dags/example_complex.py for tasks to queue
[2025-09-22T00:07:29.309+0000] {logging_mixin.py:190} INFO - [2025-09-22T00:07:29.308+0000] {dagbag.py:588} INFO - Filling up the DagBag from /home/airflow/.local/lib/python3.12/site-packages/airflow/example_dags/example_complex.py
[2025-09-22T00:07:29.320+0000] {processor.py:925} INFO - DAG(s) 'example_complex' retrieved from /home/airflow/.local/lib/python3.12/site-packages/airflow/example_dags/example_complex.py
[2025-09-22T00:07:29.354+0000] {logging_mixin.py:190} INFO - [2025-09-22T00:07:29.354+0000] {dag.py:3239} INFO - Sync 1 DAGs
[2025-09-22T00:07:29.367+0000] {logging_mixin.py:190} INFO - [2025-09-22T00:07:29.366+0000] {dag.py:4180} INFO - Setting next_dagrun for example_complex to None, run_after=None
[2025-09-22T00:07:29.403+0000] {processor.py:208} INFO - Processing /home/airflow/.local/lib/python3.12/site-packages/airflow/example_dags/example_complex.py took 0.102 seconds
[2025-09-22T00:08:02.955+0000] {processor.py:186} INFO - Started process (PID=6197) to work on /home/airflow/.local/lib/python3.12/site-packages/airflow/example_dags/example_complex.py
[2025-09-22T00:08:02.956+0000] {processor.py:914} INFO - Processing file /home/airflow/.local/lib/python3.12/site-packages/airflow/example_dags/example_complex.py for tasks to queue
[2025-09-22T00:08:02.958+0000] {logging_mixin.py:190} INFO - [2025-09-22T00:08:02.958+0000] {dagbag.py:588} INFO - Filling up the DagBag from /home/airflow/.local/lib/python3.12/site-packages/airflow/example_dags/example_complex.py
[2025-09-22T00:08:02.968+0000] {processor.py:925} INFO - DAG(s) 'example_complex' retrieved from /home/airflow/.local/lib/python3.12/site-packages/airflow/example_dags/example_complex.py
[2025-09-22T00:08:02.997+0000] {logging_mixin.py:190} INFO - [2025-09-22T00:08:02.997+0000] {dag.py:3239} INFO - Sync 1 DAGs
[2025-09-22T00:08:03.009+0000] {logging_mixin.py:190} INFO - [2025-09-22T00:08:03.009+0000] {dag.py:4180} INFO - Setting next_dagrun for example_complex to None, run_after=None
[2025-09-22T00:08:03.052+0000] {processor.py:208} INFO - Processing /home/airflow/.local/lib/python3.12/site-packages/airflow/example_dags/example_complex.py took 0.102 seconds
[2025-09-22T00:08:35.627+0000] {processor.py:186} INFO - Started process (PID=6261) to work on /home/airflow/.local/lib/python3.12/site-packages/airflow/example_dags/example_complex.py
[2025-09-22T00:08:35.628+0000] {processor.py:914} INFO - Processing file /home/airflow/.local/lib/python3.12/site-packages/airflow/example_dags/example_complex.py for tasks to queue
[2025-09-22T00:08:35.630+0000] {logging_mixin.py:190} INFO - [2025-09-22T00:08:35.630+0000] {dagbag.py:588} INFO - Filling up the DagBag from /home/airflow/.local/lib/python3.12/site-packages/airflow/example_dags/example_complex.py
[2025-09-22T00:08:35.642+0000] {processor.py:925} INFO - DAG(s) 'example_complex' retrieved from /home/airflow/.local/lib/python3.12/site-packages/airflow/example_dags/example_complex.py
[2025-09-22T00:08:35.675+0000] {logging_mixin.py:190} INFO - [2025-09-22T00:08:35.675+0000] {dag.py:3239} INFO - Sync 1 DAGs
[2025-09-22T00:08:35.692+0000] {logging_mixin.py:190} INFO - [2025-09-22T00:08:35.692+0000] {dag.py:4180} INFO - Setting next_dagrun for example_complex to None, run_after=None
[2025-09-22T00:08:35.736+0000] {processor.py:208} INFO - Processing /home/airflow/.local/lib/python3.12/site-packages/airflow/example_dags/example_complex.py took 0.114 seconds
[2025-09-22T00:09:06.198+0000] {processor.py:186} INFO - Started process (PID=6325) to work on /home/airflow/.local/lib/python3.12/site-packages/airflow/example_dags/example_complex.py
[2025-09-22T00:09:06.199+0000] {processor.py:914} INFO - Processing file /home/airflow/.local/lib/python3.12/site-packages/airflow/example_dags/example_complex.py for tasks to queue
[2025-09-22T00:09:06.201+0000] {logging_mixin.py:190} INFO - [2025-09-22T00:09:06.200+0000] {dagbag.py:588} INFO - Filling up the DagBag from /home/airflow/.local/lib/python3.12/site-packages/airflow/example_dags/example_complex.py
[2025-09-22T00:09:06.211+0000] {processor.py:925} INFO - DAG(s) 'example_complex' retrieved from /home/airflow/.local/lib/python3.12/site-packages/airflow/example_dags/example_complex.py
[2025-09-22T00:09:06.238+0000] {logging_mixin.py:190} INFO - [2025-09-22T00:09:06.238+0000] {dag.py:3239} INFO - Sync 1 DAGs
[2025-09-22T00:09:06.250+0000] {logging_mixin.py:190} INFO - [2025-09-22T00:09:06.249+0000] {dag.py:4180} INFO - Setting next_dagrun for example_complex to None, run_after=None
[2025-09-22T00:09:06.301+0000] {processor.py:208} INFO - Processing /home/airflow/.local/lib/python3.12/site-packages/airflow/example_dags/example_complex.py took 0.107 seconds
[2025-09-22T00:09:36.358+0000] {processor.py:186} INFO - Started process (PID=6389) to work on /home/airflow/.local/lib/python3.12/site-packages/airflow/example_dags/example_complex.py
[2025-09-22T00:09:36.359+0000] {processor.py:914} INFO - Processing file /home/airflow/.local/lib/python3.12/site-packages/airflow/example_dags/example_complex.py for tasks to queue
[2025-09-22T00:09:36.360+0000] {logging_mixin.py:190} INFO - [2025-09-22T00:09:36.360+0000] {dagbag.py:588} INFO - Filling up the DagBag from /home/airflow/.local/lib/python3.12/site-packages/airflow/example_dags/example_complex.py
[2025-09-22T00:09:36.371+0000] {processor.py:925} INFO - DAG(s) 'example_complex' retrieved from /home/airflow/.local/lib/python3.12/site-packages/airflow/example_dags/example_complex.py
[2025-09-22T00:09:36.399+0000] {logging_mixin.py:190} INFO - [2025-09-22T00:09:36.399+0000] {dag.py:3239} INFO - Sync 1 DAGs
[2025-09-22T00:09:36.410+0000] {logging_mixin.py:190} INFO - [2025-09-22T00:09:36.410+0000] {dag.py:4180} INFO - Setting next_dagrun for example_complex to None, run_after=None
[2025-09-22T00:09:36.459+0000] {processor.py:208} INFO - Processing /home/airflow/.local/lib/python3.12/site-packages/airflow/example_dags/example_complex.py took 0.106 seconds
[2025-09-22T00:10:07.071+0000] {processor.py:186} INFO - Started process (PID=6453) to work on /home/airflow/.local/lib/python3.12/site-packages/airflow/example_dags/example_complex.py
[2025-09-22T00:10:07.072+0000] {processor.py:914} INFO - Processing file /home/airflow/.local/lib/python3.12/site-packages/airflow/example_dags/example_complex.py for tasks to queue
[2025-09-22T00:10:07.074+0000] {logging_mixin.py:190} INFO - [2025-09-22T00:10:07.074+0000] {dagbag.py:588} INFO - Filling up the DagBag from /home/airflow/.local/lib/python3.12/site-packages/airflow/example_dags/example_complex.py
[2025-09-22T00:10:07.085+0000] {processor.py:925} INFO - DAG(s) 'example_complex' retrieved from /home/airflow/.local/lib/python3.12/site-packages/airflow/example_dags/example_complex.py
[2025-09-22T00:10:07.114+0000] {logging_mixin.py:190} INFO - [2025-09-22T00:10:07.114+0000] {dag.py:3239} INFO - Sync 1 DAGs
[2025-09-22T00:10:07.132+0000] {logging_mixin.py:190} INFO - [2025-09-22T00:10:07.132+0000] {dag.py:4180} INFO - Setting next_dagrun for example_complex to None, run_after=None
[2025-09-22T00:10:07.177+0000] {processor.py:208} INFO - Processing /home/airflow/.local/lib/python3.12/site-packages/airflow/example_dags/example_complex.py took 0.111 seconds
[2025-09-22T00:10:37.423+0000] {processor.py:186} INFO - Started process (PID=6517) to work on /home/airflow/.local/lib/python3.12/site-packages/airflow/example_dags/example_complex.py
[2025-09-22T00:10:37.424+0000] {processor.py:914} INFO - Processing file /home/airflow/.local/lib/python3.12/site-packages/airflow/example_dags/example_complex.py for tasks to queue
[2025-09-22T00:10:37.426+0000] {logging_mixin.py:190} INFO - [2025-09-22T00:10:37.426+0000] {dagbag.py:588} INFO - Filling up the DagBag from /home/airflow/.local/lib/python3.12/site-packages/airflow/example_dags/example_complex.py
[2025-09-22T00:10:37.436+0000] {processor.py:925} INFO - DAG(s) 'example_complex' retrieved from /home/airflow/.local/lib/python3.12/site-packages/airflow/example_dags/example_complex.py
[2025-09-22T00:10:37.465+0000] {logging_mixin.py:190} INFO - [2025-09-22T00:10:37.465+0000] {dag.py:3239} INFO - Sync 1 DAGs
[2025-09-22T00:10:37.476+0000] {logging_mixin.py:190} INFO - [2025-09-22T00:10:37.476+0000] {dag.py:4180} INFO - Setting next_dagrun for example_complex to None, run_after=None
[2025-09-22T00:10:37.516+0000] {processor.py:208} INFO - Processing /home/airflow/.local/lib/python3.12/site-packages/airflow/example_dags/example_complex.py took 0.098 seconds
[2025-09-22T00:11:08.031+0000] {processor.py:186} INFO - Started process (PID=6581) to work on /home/airflow/.local/lib/python3.12/site-packages/airflow/example_dags/example_complex.py
[2025-09-22T00:11:08.032+0000] {processor.py:914} INFO - Processing file /home/airflow/.local/lib/python3.12/site-packages/airflow/example_dags/example_complex.py for tasks to queue
[2025-09-22T00:11:08.034+0000] {logging_mixin.py:190} INFO - [2025-09-22T00:11:08.033+0000] {dagbag.py:588} INFO - Filling up the DagBag from /home/airflow/.local/lib/python3.12/site-packages/airflow/example_dags/example_complex.py
[2025-09-22T00:11:08.044+0000] {processor.py:925} INFO - DAG(s) 'example_complex' retrieved from /home/airflow/.local/lib/python3.12/site-packages/airflow/example_dags/example_complex.py
[2025-09-22T00:11:08.073+0000] {logging_mixin.py:190} INFO - [2025-09-22T00:11:08.072+0000] {dag.py:3239} INFO - Sync 1 DAGs
[2025-09-22T00:11:08.084+0000] {logging_mixin.py:190} INFO - [2025-09-22T00:11:08.084+0000] {dag.py:4180} INFO - Setting next_dagrun for example_complex to None, run_after=None
[2025-09-22T00:11:08.120+0000] {processor.py:208} INFO - Processing /home/airflow/.local/lib/python3.12/site-packages/airflow/example_dags/example_complex.py took 0.094 seconds
[2025-09-22T00:11:38.895+0000] {processor.py:186} INFO - Started process (PID=6645) to work on /home/airflow/.local/lib/python3.12/site-packages/airflow/example_dags/example_complex.py
[2025-09-22T00:11:38.896+0000] {processor.py:914} INFO - Processing file /home/airflow/.local/lib/python3.12/site-packages/airflow/example_dags/example_complex.py for tasks to queue
[2025-09-22T00:11:38.898+0000] {logging_mixin.py:190} INFO - [2025-09-22T00:11:38.897+0000] {dagbag.py:588} INFO - Filling up the DagBag from /home/airflow/.local/lib/python3.12/site-packages/airflow/example_dags/example_complex.py
[2025-09-22T00:11:38.908+0000] {processor.py:925} INFO - DAG(s) 'example_complex' retrieved from /home/airflow/.local/lib/python3.12/site-packages/airflow/example_dags/example_complex.py
[2025-09-22T00:11:38.937+0000] {logging_mixin.py:190} INFO - [2025-09-22T00:11:38.936+0000] {dag.py:3239} INFO - Sync 1 DAGs
[2025-09-22T00:11:38.949+0000] {logging_mixin.py:190} INFO - [2025-09-22T00:11:38.948+0000] {dag.py:4180} INFO - Setting next_dagrun for example_complex to None, run_after=None
[2025-09-22T00:11:38.990+0000] {processor.py:208} INFO - Processing /home/airflow/.local/lib/python3.12/site-packages/airflow/example_dags/example_complex.py took 0.100 seconds
[2025-09-22T00:12:09.490+0000] {processor.py:186} INFO - Started process (PID=6709) to work on /home/airflow/.local/lib/python3.12/site-packages/airflow/example_dags/example_complex.py
[2025-09-22T00:12:09.491+0000] {processor.py:914} INFO - Processing file /home/airflow/.local/lib/python3.12/site-packages/airflow/example_dags/example_complex.py for tasks to queue
[2025-09-22T00:12:09.493+0000] {logging_mixin.py:190} INFO - [2025-09-22T00:12:09.493+0000] {dagbag.py:588} INFO - Filling up the DagBag from /home/airflow/.local/lib/python3.12/site-packages/airflow/example_dags/example_complex.py
[2025-09-22T00:12:09.505+0000] {processor.py:925} INFO - DAG(s) 'example_complex' retrieved from /home/airflow/.local/lib/python3.12/site-packages/airflow/example_dags/example_complex.py
[2025-09-22T00:12:09.538+0000] {logging_mixin.py:190} INFO - [2025-09-22T00:12:09.537+0000] {dag.py:3239} INFO - Sync 1 DAGs
[2025-09-22T00:12:09.550+0000] {logging_mixin.py:190} INFO - [2025-09-22T00:12:09.550+0000] {dag.py:4180} INFO - Setting next_dagrun for example_complex to None, run_after=None
[2025-09-22T00:12:09.591+0000] {processor.py:208} INFO - Processing /home/airflow/.local/lib/python3.12/site-packages/airflow/example_dags/example_complex.py took 0.106 seconds
[2025-09-22T00:12:40.257+0000] {processor.py:186} INFO - Started process (PID=6773) to work on /home/airflow/.local/lib/python3.12/site-packages/airflow/example_dags/example_complex.py
[2025-09-22T00:12:40.259+0000] {processor.py:914} INFO - Processing file /home/airflow/.local/lib/python3.12/site-packages/airflow/example_dags/example_complex.py for tasks to queue
[2025-09-22T00:12:40.262+0000] {logging_mixin.py:190} INFO - [2025-09-22T00:12:40.261+0000] {dagbag.py:588} INFO - Filling up the DagBag from /home/airflow/.local/lib/python3.12/site-packages/airflow/example_dags/example_complex.py
[2025-09-22T00:12:40.278+0000] {processor.py:925} INFO - DAG(s) 'example_complex' retrieved from /home/airflow/.local/lib/python3.12/site-packages/airflow/example_dags/example_complex.py
[2025-09-22T00:12:40.315+0000] {logging_mixin.py:190} INFO - [2025-09-22T00:12:40.315+0000] {dag.py:3239} INFO - Sync 1 DAGs
[2025-09-22T00:12:40.335+0000] {logging_mixin.py:190} INFO - [2025-09-22T00:12:40.335+0000] {dag.py:4180} INFO - Setting next_dagrun for example_complex to None, run_after=None
[2025-09-22T00:12:40.417+0000] {processor.py:208} INFO - Processing /home/airflow/.local/lib/python3.12/site-packages/airflow/example_dags/example_complex.py took 0.167 seconds
[2025-09-22T00:13:11.461+0000] {processor.py:186} INFO - Started process (PID=6837) to work on /home/airflow/.local/lib/python3.12/site-packages/airflow/example_dags/example_complex.py
[2025-09-22T00:13:11.461+0000] {processor.py:914} INFO - Processing file /home/airflow/.local/lib/python3.12/site-packages/airflow/example_dags/example_complex.py for tasks to queue
[2025-09-22T00:13:11.463+0000] {logging_mixin.py:190} INFO - [2025-09-22T00:13:11.463+0000] {dagbag.py:588} INFO - Filling up the DagBag from /home/airflow/.local/lib/python3.12/site-packages/airflow/example_dags/example_complex.py
[2025-09-22T00:13:11.474+0000] {processor.py:925} INFO - DAG(s) 'example_complex' retrieved from /home/airflow/.local/lib/python3.12/site-packages/airflow/example_dags/example_complex.py
[2025-09-22T00:13:11.505+0000] {logging_mixin.py:190} INFO - [2025-09-22T00:13:11.505+0000] {dag.py:3239} INFO - Sync 1 DAGs
[2025-09-22T00:13:11.517+0000] {logging_mixin.py:190} INFO - [2025-09-22T00:13:11.517+0000] {dag.py:4180} INFO - Setting next_dagrun for example_complex to None, run_after=None
[2025-09-22T00:13:11.553+0000] {processor.py:208} INFO - Processing /home/airflow/.local/lib/python3.12/site-packages/airflow/example_dags/example_complex.py took 0.098 seconds
[2025-09-22T00:13:41.890+0000] {processor.py:186} INFO - Started process (PID=6901) to work on /home/airflow/.local/lib/python3.12/site-packages/airflow/example_dags/example_complex.py
[2025-09-22T00:13:41.891+0000] {processor.py:914} INFO - Processing file /home/airflow/.local/lib/python3.12/site-packages/airflow/example_dags/example_complex.py for tasks to queue
[2025-09-22T00:13:41.893+0000] {logging_mixin.py:190} INFO - [2025-09-22T00:13:41.892+0000] {dagbag.py:588} INFO - Filling up the DagBag from /home/airflow/.local/lib/python3.12/site-packages/airflow/example_dags/example_complex.py
[2025-09-22T00:13:41.904+0000] {processor.py:925} INFO - DAG(s) 'example_complex' retrieved from /home/airflow/.local/lib/python3.12/site-packages/airflow/example_dags/example_complex.py
[2025-09-22T00:13:41.934+0000] {logging_mixin.py:190} INFO - [2025-09-22T00:13:41.934+0000] {dag.py:3239} INFO - Sync 1 DAGs
[2025-09-22T00:13:41.947+0000] {logging_mixin.py:190} INFO - [2025-09-22T00:13:41.947+0000] {dag.py:4180} INFO - Setting next_dagrun for example_complex to None, run_after=None
[2025-09-22T00:13:41.988+0000] {processor.py:208} INFO - Processing /home/airflow/.local/lib/python3.12/site-packages/airflow/example_dags/example_complex.py took 0.103 seconds
[2025-09-22T00:14:13.183+0000] {processor.py:186} INFO - Started process (PID=6965) to work on /home/airflow/.local/lib/python3.12/site-packages/airflow/example_dags/example_complex.py
[2025-09-22T00:14:13.184+0000] {processor.py:914} INFO - Processing file /home/airflow/.local/lib/python3.12/site-packages/airflow/example_dags/example_complex.py for tasks to queue
[2025-09-22T00:14:13.186+0000] {logging_mixin.py:190} INFO - [2025-09-22T00:14:13.186+0000] {dagbag.py:588} INFO - Filling up the DagBag from /home/airflow/.local/lib/python3.12/site-packages/airflow/example_dags/example_complex.py
[2025-09-22T00:14:13.197+0000] {processor.py:925} INFO - DAG(s) 'example_complex' retrieved from /home/airflow/.local/lib/python3.12/site-packages/airflow/example_dags/example_complex.py
[2025-09-22T00:14:13.226+0000] {logging_mixin.py:190} INFO - [2025-09-22T00:14:13.225+0000] {dag.py:3239} INFO - Sync 1 DAGs
[2025-09-22T00:14:13.238+0000] {logging_mixin.py:190} INFO - [2025-09-22T00:14:13.238+0000] {dag.py:4180} INFO - Setting next_dagrun for example_complex to None, run_after=None
[2025-09-22T00:14:13.299+0000] {processor.py:208} INFO - Processing /home/airflow/.local/lib/python3.12/site-packages/airflow/example_dags/example_complex.py took 0.121 seconds
[2025-09-22T00:14:43.971+0000] {processor.py:186} INFO - Started process (PID=7029) to work on /home/airflow/.local/lib/python3.12/site-packages/airflow/example_dags/example_complex.py
[2025-09-22T00:14:43.972+0000] {processor.py:914} INFO - Processing file /home/airflow/.local/lib/python3.12/site-packages/airflow/example_dags/example_complex.py for tasks to queue
[2025-09-22T00:14:43.974+0000] {logging_mixin.py:190} INFO - [2025-09-22T00:14:43.974+0000] {dagbag.py:588} INFO - Filling up the DagBag from /home/airflow/.local/lib/python3.12/site-packages/airflow/example_dags/example_complex.py
[2025-09-22T00:14:43.985+0000] {processor.py:925} INFO - DAG(s) 'example_complex' retrieved from /home/airflow/.local/lib/python3.12/site-packages/airflow/example_dags/example_complex.py
[2025-09-22T00:14:44.015+0000] {logging_mixin.py:190} INFO - [2025-09-22T00:14:44.015+0000] {dag.py:3239} INFO - Sync 1 DAGs
[2025-09-22T00:14:44.029+0000] {logging_mixin.py:190} INFO - [2025-09-22T00:14:44.029+0000] {dag.py:4180} INFO - Setting next_dagrun for example_complex to None, run_after=None
[2025-09-22T00:14:44.098+0000] {processor.py:208} INFO - Processing /home/airflow/.local/lib/python3.12/site-packages/airflow/example_dags/example_complex.py took 0.133 seconds
[2025-09-22T00:15:14.376+0000] {processor.py:186} INFO - Started process (PID=7093) to work on /home/airflow/.local/lib/python3.12/site-packages/airflow/example_dags/example_complex.py
[2025-09-22T00:15:14.377+0000] {processor.py:914} INFO - Processing file /home/airflow/.local/lib/python3.12/site-packages/airflow/example_dags/example_complex.py for tasks to queue
[2025-09-22T00:15:14.379+0000] {logging_mixin.py:190} INFO - [2025-09-22T00:15:14.379+0000] {dagbag.py:588} INFO - Filling up the DagBag from /home/airflow/.local/lib/python3.12/site-packages/airflow/example_dags/example_complex.py
[2025-09-22T00:15:14.390+0000] {processor.py:925} INFO - DAG(s) 'example_complex' retrieved from /home/airflow/.local/lib/python3.12/site-packages/airflow/example_dags/example_complex.py
[2025-09-22T00:15:14.421+0000] {logging_mixin.py:190} INFO - [2025-09-22T00:15:14.421+0000] {dag.py:3239} INFO - Sync 1 DAGs
[2025-09-22T00:15:14.433+0000] {logging_mixin.py:190} INFO - [2025-09-22T00:15:14.433+0000] {dag.py:4180} INFO - Setting next_dagrun for example_complex to None, run_after=None
[2025-09-22T00:15:14.494+0000] {processor.py:208} INFO - Processing /home/airflow/.local/lib/python3.12/site-packages/airflow/example_dags/example_complex.py took 0.123 seconds
[2025-09-22T00:15:45.097+0000] {processor.py:186} INFO - Started process (PID=7157) to work on /home/airflow/.local/lib/python3.12/site-packages/airflow/example_dags/example_complex.py
[2025-09-22T00:15:45.098+0000] {processor.py:914} INFO - Processing file /home/airflow/.local/lib/python3.12/site-packages/airflow/example_dags/example_complex.py for tasks to queue
[2025-09-22T00:15:45.100+0000] {logging_mixin.py:190} INFO - [2025-09-22T00:15:45.100+0000] {dagbag.py:588} INFO - Filling up the DagBag from /home/airflow/.local/lib/python3.12/site-packages/airflow/example_dags/example_complex.py
[2025-09-22T00:15:45.112+0000] {processor.py:925} INFO - DAG(s) 'example_complex' retrieved from /home/airflow/.local/lib/python3.12/site-packages/airflow/example_dags/example_complex.py
[2025-09-22T00:15:45.146+0000] {logging_mixin.py:190} INFO - [2025-09-22T00:15:45.146+0000] {dag.py:3239} INFO - Sync 1 DAGs
[2025-09-22T00:15:45.161+0000] {logging_mixin.py:190} INFO - [2025-09-22T00:15:45.161+0000] {dag.py:4180} INFO - Setting next_dagrun for example_complex to None, run_after=None
[2025-09-22T00:15:45.231+0000] {processor.py:208} INFO - Processing /home/airflow/.local/lib/python3.12/site-packages/airflow/example_dags/example_complex.py took 0.141 seconds
[2025-09-22T00:16:15.600+0000] {processor.py:186} INFO - Started process (PID=7221) to work on /home/airflow/.local/lib/python3.12/site-packages/airflow/example_dags/example_complex.py
[2025-09-22T00:16:15.601+0000] {processor.py:914} INFO - Processing file /home/airflow/.local/lib/python3.12/site-packages/airflow/example_dags/example_complex.py for tasks to queue
[2025-09-22T00:16:15.603+0000] {logging_mixin.py:190} INFO - [2025-09-22T00:16:15.603+0000] {dagbag.py:588} INFO - Filling up the DagBag from /home/airflow/.local/lib/python3.12/site-packages/airflow/example_dags/example_complex.py
[2025-09-22T00:16:15.615+0000] {processor.py:925} INFO - DAG(s) 'example_complex' retrieved from /home/airflow/.local/lib/python3.12/site-packages/airflow/example_dags/example_complex.py
[2025-09-22T00:16:15.651+0000] {logging_mixin.py:190} INFO - [2025-09-22T00:16:15.651+0000] {dag.py:3239} INFO - Sync 1 DAGs
[2025-09-22T00:16:15.667+0000] {logging_mixin.py:190} INFO - [2025-09-22T00:16:15.666+0000] {dag.py:4180} INFO - Setting next_dagrun for example_complex to None, run_after=None
[2025-09-22T00:16:15.727+0000] {processor.py:208} INFO - Processing /home/airflow/.local/lib/python3.12/site-packages/airflow/example_dags/example_complex.py took 0.132 seconds
[2025-09-22T00:16:46.125+0000] {processor.py:186} INFO - Started process (PID=7285) to work on /home/airflow/.local/lib/python3.12/site-packages/airflow/example_dags/example_complex.py
[2025-09-22T00:16:46.126+0000] {processor.py:914} INFO - Processing file /home/airflow/.local/lib/python3.12/site-packages/airflow/example_dags/example_complex.py for tasks to queue
[2025-09-22T00:16:46.128+0000] {logging_mixin.py:190} INFO - [2025-09-22T00:16:46.128+0000] {dagbag.py:588} INFO - Filling up the DagBag from /home/airflow/.local/lib/python3.12/site-packages/airflow/example_dags/example_complex.py
[2025-09-22T00:16:46.140+0000] {processor.py:925} INFO - DAG(s) 'example_complex' retrieved from /home/airflow/.local/lib/python3.12/site-packages/airflow/example_dags/example_complex.py
[2025-09-22T00:16:46.178+0000] {logging_mixin.py:190} INFO - [2025-09-22T00:16:46.178+0000] {dag.py:3239} INFO - Sync 1 DAGs
[2025-09-22T00:16:46.192+0000] {logging_mixin.py:190} INFO - [2025-09-22T00:16:46.192+0000] {dag.py:4180} INFO - Setting next_dagrun for example_complex to None, run_after=None
[2025-09-22T00:16:46.260+0000] {processor.py:208} INFO - Processing /home/airflow/.local/lib/python3.12/site-packages/airflow/example_dags/example_complex.py took 0.141 seconds
[2025-09-22T00:17:16.561+0000] {processor.py:186} INFO - Started process (PID=7349) to work on /home/airflow/.local/lib/python3.12/site-packages/airflow/example_dags/example_complex.py
[2025-09-22T00:17:16.562+0000] {processor.py:914} INFO - Processing file /home/airflow/.local/lib/python3.12/site-packages/airflow/example_dags/example_complex.py for tasks to queue
[2025-09-22T00:17:16.564+0000] {logging_mixin.py:190} INFO - [2025-09-22T00:17:16.563+0000] {dagbag.py:588} INFO - Filling up the DagBag from /home/airflow/.local/lib/python3.12/site-packages/airflow/example_dags/example_complex.py
[2025-09-22T00:17:16.576+0000] {processor.py:925} INFO - DAG(s) 'example_complex' retrieved from /home/airflow/.local/lib/python3.12/site-packages/airflow/example_dags/example_complex.py
[2025-09-22T00:17:16.621+0000] {logging_mixin.py:190} INFO - [2025-09-22T00:17:16.620+0000] {dag.py:3239} INFO - Sync 1 DAGs
[2025-09-22T00:17:16.636+0000] {logging_mixin.py:190} INFO - [2025-09-22T00:17:16.636+0000] {dag.py:4180} INFO - Setting next_dagrun for example_complex to None, run_after=None
[2025-09-22T00:17:16.699+0000] {processor.py:208} INFO - Processing /home/airflow/.local/lib/python3.12/site-packages/airflow/example_dags/example_complex.py took 0.144 seconds
[2025-09-22T00:17:47.678+0000] {processor.py:186} INFO - Started process (PID=7413) to work on /home/airflow/.local/lib/python3.12/site-packages/airflow/example_dags/example_complex.py
[2025-09-22T00:17:47.680+0000] {processor.py:914} INFO - Processing file /home/airflow/.local/lib/python3.12/site-packages/airflow/example_dags/example_complex.py for tasks to queue
[2025-09-22T00:17:47.682+0000] {logging_mixin.py:190} INFO - [2025-09-22T00:17:47.682+0000] {dagbag.py:588} INFO - Filling up the DagBag from /home/airflow/.local/lib/python3.12/site-packages/airflow/example_dags/example_complex.py
[2025-09-22T00:17:47.697+0000] {processor.py:925} INFO - DAG(s) 'example_complex' retrieved from /home/airflow/.local/lib/python3.12/site-packages/airflow/example_dags/example_complex.py
[2025-09-22T00:17:47.734+0000] {logging_mixin.py:190} INFO - [2025-09-22T00:17:47.734+0000] {dag.py:3239} INFO - Sync 1 DAGs
[2025-09-22T00:17:47.748+0000] {logging_mixin.py:190} INFO - [2025-09-22T00:17:47.748+0000] {dag.py:4180} INFO - Setting next_dagrun for example_complex to None, run_after=None
[2025-09-22T00:17:47.810+0000] {processor.py:208} INFO - Processing /home/airflow/.local/lib/python3.12/site-packages/airflow/example_dags/example_complex.py took 0.138 seconds
[2025-09-22T00:18:17.904+0000] {processor.py:186} INFO - Started process (PID=7477) to work on /home/airflow/.local/lib/python3.12/site-packages/airflow/example_dags/example_complex.py
[2025-09-22T00:18:17.905+0000] {processor.py:914} INFO - Processing file /home/airflow/.local/lib/python3.12/site-packages/airflow/example_dags/example_complex.py for tasks to queue
[2025-09-22T00:18:17.907+0000] {logging_mixin.py:190} INFO - [2025-09-22T00:18:17.907+0000] {dagbag.py:588} INFO - Filling up the DagBag from /home/airflow/.local/lib/python3.12/site-packages/airflow/example_dags/example_complex.py
[2025-09-22T00:18:17.919+0000] {processor.py:925} INFO - DAG(s) 'example_complex' retrieved from /home/airflow/.local/lib/python3.12/site-packages/airflow/example_dags/example_complex.py
[2025-09-22T00:18:17.949+0000] {logging_mixin.py:190} INFO - [2025-09-22T00:18:17.949+0000] {dag.py:3239} INFO - Sync 1 DAGs
[2025-09-22T00:18:17.962+0000] {logging_mixin.py:190} INFO - [2025-09-22T00:18:17.962+0000] {dag.py:4180} INFO - Setting next_dagrun for example_complex to None, run_after=None
[2025-09-22T00:18:18.028+0000] {processor.py:208} INFO - Processing /home/airflow/.local/lib/python3.12/site-packages/airflow/example_dags/example_complex.py took 0.129 seconds
[2025-09-22T00:18:48.318+0000] {processor.py:186} INFO - Started process (PID=7541) to work on /home/airflow/.local/lib/python3.12/site-packages/airflow/example_dags/example_complex.py
[2025-09-22T00:18:48.319+0000] {processor.py:914} INFO - Processing file /home/airflow/.local/lib/python3.12/site-packages/airflow/example_dags/example_complex.py for tasks to queue
[2025-09-22T00:18:48.322+0000] {logging_mixin.py:190} INFO - [2025-09-22T00:18:48.321+0000] {dagbag.py:588} INFO - Filling up the DagBag from /home/airflow/.local/lib/python3.12/site-packages/airflow/example_dags/example_complex.py
[2025-09-22T00:18:48.335+0000] {processor.py:925} INFO - DAG(s) 'example_complex' retrieved from /home/airflow/.local/lib/python3.12/site-packages/airflow/example_dags/example_complex.py
[2025-09-22T00:18:48.370+0000] {logging_mixin.py:190} INFO - [2025-09-22T00:18:48.370+0000] {dag.py:3239} INFO - Sync 1 DAGs
[2025-09-22T00:18:48.383+0000] {logging_mixin.py:190} INFO - [2025-09-22T00:18:48.383+0000] {dag.py:4180} INFO - Setting next_dagrun for example_complex to None, run_after=None
[2025-09-22T00:18:48.448+0000] {processor.py:208} INFO - Processing /home/airflow/.local/lib/python3.12/site-packages/airflow/example_dags/example_complex.py took 0.136 seconds
[2025-09-22T00:19:18.647+0000] {processor.py:186} INFO - Started process (PID=7605) to work on /home/airflow/.local/lib/python3.12/site-packages/airflow/example_dags/example_complex.py
[2025-09-22T00:19:18.648+0000] {processor.py:914} INFO - Processing file /home/airflow/.local/lib/python3.12/site-packages/airflow/example_dags/example_complex.py for tasks to queue
[2025-09-22T00:19:18.649+0000] {logging_mixin.py:190} INFO - [2025-09-22T00:19:18.649+0000] {dagbag.py:588} INFO - Filling up the DagBag from /home/airflow/.local/lib/python3.12/site-packages/airflow/example_dags/example_complex.py
[2025-09-22T00:19:18.660+0000] {processor.py:925} INFO - DAG(s) 'example_complex' retrieved from /home/airflow/.local/lib/python3.12/site-packages/airflow/example_dags/example_complex.py
[2025-09-22T00:19:18.690+0000] {logging_mixin.py:190} INFO - [2025-09-22T00:19:18.690+0000] {dag.py:3239} INFO - Sync 1 DAGs
[2025-09-22T00:19:18.703+0000] {logging_mixin.py:190} INFO - [2025-09-22T00:19:18.703+0000] {dag.py:4180} INFO - Setting next_dagrun for example_complex to None, run_after=None
[2025-09-22T00:19:19.458+0000] {processor.py:208} INFO - Processing /home/airflow/.local/lib/python3.12/site-packages/airflow/example_dags/example_complex.py took 0.816 seconds
[2025-09-22T00:19:50.253+0000] {processor.py:186} INFO - Started process (PID=7669) to work on /home/airflow/.local/lib/python3.12/site-packages/airflow/example_dags/example_complex.py
[2025-09-22T00:19:50.254+0000] {processor.py:914} INFO - Processing file /home/airflow/.local/lib/python3.12/site-packages/airflow/example_dags/example_complex.py for tasks to queue
[2025-09-22T00:19:50.256+0000] {logging_mixin.py:190} INFO - [2025-09-22T00:19:50.256+0000] {dagbag.py:588} INFO - Filling up the DagBag from /home/airflow/.local/lib/python3.12/site-packages/airflow/example_dags/example_complex.py
[2025-09-22T00:19:50.267+0000] {processor.py:925} INFO - DAG(s) 'example_complex' retrieved from /home/airflow/.local/lib/python3.12/site-packages/airflow/example_dags/example_complex.py
[2025-09-22T00:19:50.296+0000] {logging_mixin.py:190} INFO - [2025-09-22T00:19:50.296+0000] {dag.py:3239} INFO - Sync 1 DAGs
[2025-09-22T00:19:50.308+0000] {logging_mixin.py:190} INFO - [2025-09-22T00:19:50.308+0000] {dag.py:4180} INFO - Setting next_dagrun for example_complex to None, run_after=None
[2025-09-22T00:19:50.377+0000] {processor.py:208} INFO - Processing /home/airflow/.local/lib/python3.12/site-packages/airflow/example_dags/example_complex.py took 0.128 seconds
[2025-09-22T00:20:20.572+0000] {processor.py:186} INFO - Started process (PID=7733) to work on /home/airflow/.local/lib/python3.12/site-packages/airflow/example_dags/example_complex.py
[2025-09-22T00:20:20.573+0000] {processor.py:914} INFO - Processing file /home/airflow/.local/lib/python3.12/site-packages/airflow/example_dags/example_complex.py for tasks to queue
[2025-09-22T00:20:20.575+0000] {logging_mixin.py:190} INFO - [2025-09-22T00:20:20.575+0000] {dagbag.py:588} INFO - Filling up the DagBag from /home/airflow/.local/lib/python3.12/site-packages/airflow/example_dags/example_complex.py
[2025-09-22T00:20:20.586+0000] {processor.py:925} INFO - DAG(s) 'example_complex' retrieved from /home/airflow/.local/lib/python3.12/site-packages/airflow/example_dags/example_complex.py
[2025-09-22T00:20:20.616+0000] {logging_mixin.py:190} INFO - [2025-09-22T00:20:20.616+0000] {dag.py:3239} INFO - Sync 1 DAGs
[2025-09-22T00:20:20.628+0000] {logging_mixin.py:190} INFO - [2025-09-22T00:20:20.628+0000] {dag.py:4180} INFO - Setting next_dagrun for example_complex to None, run_after=None
[2025-09-22T00:20:20.678+0000] {processor.py:208} INFO - Processing /home/airflow/.local/lib/python3.12/site-packages/airflow/example_dags/example_complex.py took 0.110 seconds
[2025-09-22T00:20:51.562+0000] {processor.py:186} INFO - Started process (PID=7797) to work on /home/airflow/.local/lib/python3.12/site-packages/airflow/example_dags/example_complex.py
[2025-09-22T00:20:51.563+0000] {processor.py:914} INFO - Processing file /home/airflow/.local/lib/python3.12/site-packages/airflow/example_dags/example_complex.py for tasks to queue
[2025-09-22T00:20:51.565+0000] {logging_mixin.py:190} INFO - [2025-09-22T00:20:51.565+0000] {dagbag.py:588} INFO - Filling up the DagBag from /home/airflow/.local/lib/python3.12/site-packages/airflow/example_dags/example_complex.py
[2025-09-22T00:20:51.576+0000] {processor.py:925} INFO - DAG(s) 'example_complex' retrieved from /home/airflow/.local/lib/python3.12/site-packages/airflow/example_dags/example_complex.py
[2025-09-22T00:20:51.606+0000] {logging_mixin.py:190} INFO - [2025-09-22T00:20:51.605+0000] {dag.py:3239} INFO - Sync 1 DAGs
[2025-09-22T00:20:51.618+0000] {logging_mixin.py:190} INFO - [2025-09-22T00:20:51.617+0000] {dag.py:4180} INFO - Setting next_dagrun for example_complex to None, run_after=None
[2025-09-22T00:20:52.019+0000] {processor.py:208} INFO - Processing /home/airflow/.local/lib/python3.12/site-packages/airflow/example_dags/example_complex.py took 0.462 seconds
[2025-09-22T00:21:22.388+0000] {processor.py:186} INFO - Started process (PID=7861) to work on /home/airflow/.local/lib/python3.12/site-packages/airflow/example_dags/example_complex.py
[2025-09-22T00:21:22.389+0000] {processor.py:914} INFO - Processing file /home/airflow/.local/lib/python3.12/site-packages/airflow/example_dags/example_complex.py for tasks to queue
[2025-09-22T00:21:22.391+0000] {logging_mixin.py:190} INFO - [2025-09-22T00:21:22.391+0000] {dagbag.py:588} INFO - Filling up the DagBag from /home/airflow/.local/lib/python3.12/site-packages/airflow/example_dags/example_complex.py
[2025-09-22T00:21:22.402+0000] {processor.py:925} INFO - DAG(s) 'example_complex' retrieved from /home/airflow/.local/lib/python3.12/site-packages/airflow/example_dags/example_complex.py
[2025-09-22T00:21:22.432+0000] {logging_mixin.py:190} INFO - [2025-09-22T00:21:22.432+0000] {dag.py:3239} INFO - Sync 1 DAGs
[2025-09-22T00:21:22.445+0000] {logging_mixin.py:190} INFO - [2025-09-22T00:21:22.445+0000] {dag.py:4180} INFO - Setting next_dagrun for example_complex to None, run_after=None
[2025-09-22T00:21:22.510+0000] {processor.py:208} INFO - Processing /home/airflow/.local/lib/python3.12/site-packages/airflow/example_dags/example_complex.py took 0.127 seconds
[2025-09-22T00:21:52.981+0000] {processor.py:186} INFO - Started process (PID=7925) to work on /home/airflow/.local/lib/python3.12/site-packages/airflow/example_dags/example_complex.py
[2025-09-22T00:21:52.982+0000] {processor.py:914} INFO - Processing file /home/airflow/.local/lib/python3.12/site-packages/airflow/example_dags/example_complex.py for tasks to queue
[2025-09-22T00:21:52.984+0000] {logging_mixin.py:190} INFO - [2025-09-22T00:21:52.983+0000] {dagbag.py:588} INFO - Filling up the DagBag from /home/airflow/.local/lib/python3.12/site-packages/airflow/example_dags/example_complex.py
[2025-09-22T00:21:52.994+0000] {processor.py:925} INFO - DAG(s) 'example_complex' retrieved from /home/airflow/.local/lib/python3.12/site-packages/airflow/example_dags/example_complex.py
[2025-09-22T00:21:53.024+0000] {logging_mixin.py:190} INFO - [2025-09-22T00:21:53.024+0000] {dag.py:3239} INFO - Sync 1 DAGs
[2025-09-22T00:21:53.036+0000] {logging_mixin.py:190} INFO - [2025-09-22T00:21:53.036+0000] {dag.py:4180} INFO - Setting next_dagrun for example_complex to None, run_after=None
[2025-09-22T00:21:53.453+0000] {processor.py:208} INFO - Processing /home/airflow/.local/lib/python3.12/site-packages/airflow/example_dags/example_complex.py took 0.478 seconds
[2025-09-22T00:22:23.655+0000] {processor.py:186} INFO - Started process (PID=7989) to work on /home/airflow/.local/lib/python3.12/site-packages/airflow/example_dags/example_complex.py
[2025-09-22T00:22:23.655+0000] {processor.py:914} INFO - Processing file /home/airflow/.local/lib/python3.12/site-packages/airflow/example_dags/example_complex.py for tasks to queue
[2025-09-22T00:22:23.657+0000] {logging_mixin.py:190} INFO - [2025-09-22T00:22:23.657+0000] {dagbag.py:588} INFO - Filling up the DagBag from /home/airflow/.local/lib/python3.12/site-packages/airflow/example_dags/example_complex.py
[2025-09-22T00:22:23.668+0000] {processor.py:925} INFO - DAG(s) 'example_complex' retrieved from /home/airflow/.local/lib/python3.12/site-packages/airflow/example_dags/example_complex.py
[2025-09-22T00:22:23.699+0000] {logging_mixin.py:190} INFO - [2025-09-22T00:22:23.698+0000] {dag.py:3239} INFO - Sync 1 DAGs
[2025-09-22T00:22:23.711+0000] {logging_mixin.py:190} INFO - [2025-09-22T00:22:23.711+0000] {dag.py:4180} INFO - Setting next_dagrun for example_complex to None, run_after=None
[2025-09-22T00:22:23.775+0000] {processor.py:208} INFO - Processing /home/airflow/.local/lib/python3.12/site-packages/airflow/example_dags/example_complex.py took 0.126 seconds
[2025-09-22T00:22:54.360+0000] {processor.py:186} INFO - Started process (PID=8053) to work on /home/airflow/.local/lib/python3.12/site-packages/airflow/example_dags/example_complex.py
[2025-09-22T00:22:54.361+0000] {processor.py:914} INFO - Processing file /home/airflow/.local/lib/python3.12/site-packages/airflow/example_dags/example_complex.py for tasks to queue
[2025-09-22T00:22:54.363+0000] {logging_mixin.py:190} INFO - [2025-09-22T00:22:54.362+0000] {dagbag.py:588} INFO - Filling up the DagBag from /home/airflow/.local/lib/python3.12/site-packages/airflow/example_dags/example_complex.py
[2025-09-22T00:22:54.374+0000] {processor.py:925} INFO - DAG(s) 'example_complex' retrieved from /home/airflow/.local/lib/python3.12/site-packages/airflow/example_dags/example_complex.py
[2025-09-22T00:22:54.404+0000] {logging_mixin.py:190} INFO - [2025-09-22T00:22:54.404+0000] {dag.py:3239} INFO - Sync 1 DAGs
[2025-09-22T00:22:54.417+0000] {logging_mixin.py:190} INFO - [2025-09-22T00:22:54.417+0000] {dag.py:4180} INFO - Setting next_dagrun for example_complex to None, run_after=None
[2025-09-22T00:22:54.478+0000] {processor.py:208} INFO - Processing /home/airflow/.local/lib/python3.12/site-packages/airflow/example_dags/example_complex.py took 0.123 seconds
[2025-09-22T00:23:24.604+0000] {processor.py:186} INFO - Started process (PID=8117) to work on /home/airflow/.local/lib/python3.12/site-packages/airflow/example_dags/example_complex.py
[2025-09-22T00:23:24.605+0000] {processor.py:914} INFO - Processing file /home/airflow/.local/lib/python3.12/site-packages/airflow/example_dags/example_complex.py for tasks to queue
[2025-09-22T00:23:24.607+0000] {logging_mixin.py:190} INFO - [2025-09-22T00:23:24.606+0000] {dagbag.py:588} INFO - Filling up the DagBag from /home/airflow/.local/lib/python3.12/site-packages/airflow/example_dags/example_complex.py
[2025-09-22T00:23:24.618+0000] {processor.py:925} INFO - DAG(s) 'example_complex' retrieved from /home/airflow/.local/lib/python3.12/site-packages/airflow/example_dags/example_complex.py
[2025-09-22T00:23:24.648+0000] {logging_mixin.py:190} INFO - [2025-09-22T00:23:24.648+0000] {dag.py:3239} INFO - Sync 1 DAGs
[2025-09-22T00:23:24.660+0000] {logging_mixin.py:190} INFO - [2025-09-22T00:23:24.660+0000] {dag.py:4180} INFO - Setting next_dagrun for example_complex to None, run_after=None
[2025-09-22T00:23:25.195+0000] {processor.py:208} INFO - Processing /home/airflow/.local/lib/python3.12/site-packages/airflow/example_dags/example_complex.py took 0.597 seconds
[2025-09-22T00:23:56.033+0000] {processor.py:186} INFO - Started process (PID=8181) to work on /home/airflow/.local/lib/python3.12/site-packages/airflow/example_dags/example_complex.py
[2025-09-22T00:23:56.034+0000] {processor.py:914} INFO - Processing file /home/airflow/.local/lib/python3.12/site-packages/airflow/example_dags/example_complex.py for tasks to queue
[2025-09-22T00:23:56.035+0000] {logging_mixin.py:190} INFO - [2025-09-22T00:23:56.035+0000] {dagbag.py:588} INFO - Filling up the DagBag from /home/airflow/.local/lib/python3.12/site-packages/airflow/example_dags/example_complex.py
[2025-09-22T00:23:56.046+0000] {processor.py:925} INFO - DAG(s) 'example_complex' retrieved from /home/airflow/.local/lib/python3.12/site-packages/airflow/example_dags/example_complex.py
[2025-09-22T00:23:56.075+0000] {logging_mixin.py:190} INFO - [2025-09-22T00:23:56.075+0000] {dag.py:3239} INFO - Sync 1 DAGs
[2025-09-22T00:23:56.087+0000] {logging_mixin.py:190} INFO - [2025-09-22T00:23:56.087+0000] {dag.py:4180} INFO - Setting next_dagrun for example_complex to None, run_after=None
[2025-09-22T00:23:56.158+0000] {processor.py:208} INFO - Processing /home/airflow/.local/lib/python3.12/site-packages/airflow/example_dags/example_complex.py took 0.130 seconds
[2025-09-22T00:24:26.262+0000] {processor.py:186} INFO - Started process (PID=8245) to work on /home/airflow/.local/lib/python3.12/site-packages/airflow/example_dags/example_complex.py
[2025-09-22T00:24:26.264+0000] {processor.py:914} INFO - Processing file /home/airflow/.local/lib/python3.12/site-packages/airflow/example_dags/example_complex.py for tasks to queue
[2025-09-22T00:24:26.267+0000] {logging_mixin.py:190} INFO - [2025-09-22T00:24:26.266+0000] {dagbag.py:588} INFO - Filling up the DagBag from /home/airflow/.local/lib/python3.12/site-packages/airflow/example_dags/example_complex.py
[2025-09-22T00:24:26.279+0000] {processor.py:925} INFO - DAG(s) 'example_complex' retrieved from /home/airflow/.local/lib/python3.12/site-packages/airflow/example_dags/example_complex.py
[2025-09-22T00:24:26.315+0000] {logging_mixin.py:190} INFO - [2025-09-22T00:24:26.315+0000] {dag.py:3239} INFO - Sync 1 DAGs
[2025-09-22T00:24:26.330+0000] {logging_mixin.py:190} INFO - [2025-09-22T00:24:26.330+0000] {dag.py:4180} INFO - Setting next_dagrun for example_complex to None, run_after=None
[2025-09-22T00:24:26.392+0000] {processor.py:208} INFO - Processing /home/airflow/.local/lib/python3.12/site-packages/airflow/example_dags/example_complex.py took 0.135 seconds
[2025-09-22T00:24:56.966+0000] {processor.py:186} INFO - Started process (PID=8309) to work on /home/airflow/.local/lib/python3.12/site-packages/airflow/example_dags/example_complex.py
[2025-09-22T00:24:56.967+0000] {processor.py:914} INFO - Processing file /home/airflow/.local/lib/python3.12/site-packages/airflow/example_dags/example_complex.py for tasks to queue
[2025-09-22T00:24:56.969+0000] {logging_mixin.py:190} INFO - [2025-09-22T00:24:56.969+0000] {dagbag.py:588} INFO - Filling up the DagBag from /home/airflow/.local/lib/python3.12/site-packages/airflow/example_dags/example_complex.py
[2025-09-22T00:24:56.980+0000] {processor.py:925} INFO - DAG(s) 'example_complex' retrieved from /home/airflow/.local/lib/python3.12/site-packages/airflow/example_dags/example_complex.py
[2025-09-22T00:24:57.010+0000] {logging_mixin.py:190} INFO - [2025-09-22T00:24:57.010+0000] {dag.py:3239} INFO - Sync 1 DAGs
[2025-09-22T00:24:57.022+0000] {logging_mixin.py:190} INFO - [2025-09-22T00:24:57.022+0000] {dag.py:4180} INFO - Setting next_dagrun for example_complex to None, run_after=None
[2025-09-22T00:24:57.079+0000] {processor.py:208} INFO - Processing /home/airflow/.local/lib/python3.12/site-packages/airflow/example_dags/example_complex.py took 0.118 seconds
[2025-09-22T00:25:27.221+0000] {processor.py:186} INFO - Started process (PID=8373) to work on /home/airflow/.local/lib/python3.12/site-packages/airflow/example_dags/example_complex.py
[2025-09-22T00:25:27.222+0000] {processor.py:914} INFO - Processing file /home/airflow/.local/lib/python3.12/site-packages/airflow/example_dags/example_complex.py for tasks to queue
[2025-09-22T00:25:27.224+0000] {logging_mixin.py:190} INFO - [2025-09-22T00:25:27.224+0000] {dagbag.py:588} INFO - Filling up the DagBag from /home/airflow/.local/lib/python3.12/site-packages/airflow/example_dags/example_complex.py
[2025-09-22T00:25:27.235+0000] {processor.py:925} INFO - DAG(s) 'example_complex' retrieved from /home/airflow/.local/lib/python3.12/site-packages/airflow/example_dags/example_complex.py
[2025-09-22T00:25:27.267+0000] {logging_mixin.py:190} INFO - [2025-09-22T00:25:27.267+0000] {dag.py:3239} INFO - Sync 1 DAGs
[2025-09-22T00:25:27.279+0000] {logging_mixin.py:190} INFO - [2025-09-22T00:25:27.279+0000] {dag.py:4180} INFO - Setting next_dagrun for example_complex to None, run_after=None
[2025-09-22T00:25:27.339+0000] {processor.py:208} INFO - Processing /home/airflow/.local/lib/python3.12/site-packages/airflow/example_dags/example_complex.py took 0.122 seconds
[2025-09-22T00:25:57.458+0000] {processor.py:186} INFO - Started process (PID=8436) to work on /home/airflow/.local/lib/python3.12/site-packages/airflow/example_dags/example_complex.py
[2025-09-22T00:25:57.459+0000] {processor.py:914} INFO - Processing file /home/airflow/.local/lib/python3.12/site-packages/airflow/example_dags/example_complex.py for tasks to queue
[2025-09-22T00:25:57.461+0000] {logging_mixin.py:190} INFO - [2025-09-22T00:25:57.461+0000] {dagbag.py:588} INFO - Filling up the DagBag from /home/airflow/.local/lib/python3.12/site-packages/airflow/example_dags/example_complex.py
[2025-09-22T00:25:57.472+0000] {processor.py:925} INFO - DAG(s) 'example_complex' retrieved from /home/airflow/.local/lib/python3.12/site-packages/airflow/example_dags/example_complex.py
[2025-09-22T00:25:57.505+0000] {logging_mixin.py:190} INFO - [2025-09-22T00:25:57.504+0000] {dag.py:3239} INFO - Sync 1 DAGs
[2025-09-22T00:25:57.519+0000] {logging_mixin.py:190} INFO - [2025-09-22T00:25:57.518+0000] {dag.py:4180} INFO - Setting next_dagrun for example_complex to None, run_after=None
[2025-09-22T00:25:57.586+0000] {processor.py:208} INFO - Processing /home/airflow/.local/lib/python3.12/site-packages/airflow/example_dags/example_complex.py took 0.133 seconds
[2025-09-22T00:26:28.889+0000] {processor.py:186} INFO - Started process (PID=8499) to work on /home/airflow/.local/lib/python3.12/site-packages/airflow/example_dags/example_complex.py
[2025-09-22T00:26:28.890+0000] {processor.py:914} INFO - Processing file /home/airflow/.local/lib/python3.12/site-packages/airflow/example_dags/example_complex.py for tasks to queue
[2025-09-22T00:26:28.892+0000] {logging_mixin.py:190} INFO - [2025-09-22T00:26:28.892+0000] {dagbag.py:588} INFO - Filling up the DagBag from /home/airflow/.local/lib/python3.12/site-packages/airflow/example_dags/example_complex.py
[2025-09-22T00:26:28.904+0000] {processor.py:925} INFO - DAG(s) 'example_complex' retrieved from /home/airflow/.local/lib/python3.12/site-packages/airflow/example_dags/example_complex.py
[2025-09-22T00:26:28.936+0000] {logging_mixin.py:190} INFO - [2025-09-22T00:26:28.936+0000] {dag.py:3239} INFO - Sync 1 DAGs
[2025-09-22T00:26:28.950+0000] {logging_mixin.py:190} INFO - [2025-09-22T00:26:28.949+0000] {dag.py:4180} INFO - Setting next_dagrun for example_complex to None, run_after=None
[2025-09-22T00:26:29.018+0000] {processor.py:208} INFO - Processing /home/airflow/.local/lib/python3.12/site-packages/airflow/example_dags/example_complex.py took 0.135 seconds
[2025-09-22T00:27:00.922+0000] {processor.py:186} INFO - Started process (PID=8558) to work on /home/airflow/.local/lib/python3.12/site-packages/airflow/example_dags/example_complex.py
[2025-09-22T00:27:00.923+0000] {processor.py:914} INFO - Processing file /home/airflow/.local/lib/python3.12/site-packages/airflow/example_dags/example_complex.py for tasks to queue
[2025-09-22T00:27:00.925+0000] {logging_mixin.py:190} INFO - [2025-09-22T00:27:00.925+0000] {dagbag.py:588} INFO - Filling up the DagBag from /home/airflow/.local/lib/python3.12/site-packages/airflow/example_dags/example_complex.py
[2025-09-22T00:27:00.936+0000] {processor.py:925} INFO - DAG(s) 'example_complex' retrieved from /home/airflow/.local/lib/python3.12/site-packages/airflow/example_dags/example_complex.py
[2025-09-22T00:27:00.968+0000] {logging_mixin.py:190} INFO - [2025-09-22T00:27:00.968+0000] {dag.py:3239} INFO - Sync 1 DAGs
[2025-09-22T00:27:00.982+0000] {logging_mixin.py:190} INFO - [2025-09-22T00:27:00.982+0000] {dag.py:4180} INFO - Setting next_dagrun for example_complex to None, run_after=None
[2025-09-22T00:27:01.502+0000] {processor.py:208} INFO - Processing /home/airflow/.local/lib/python3.12/site-packages/airflow/example_dags/example_complex.py took 0.586 seconds
[2025-09-22T00:27:31.596+0000] {processor.py:186} INFO - Started process (PID=8622) to work on /home/airflow/.local/lib/python3.12/site-packages/airflow/example_dags/example_complex.py
[2025-09-22T00:27:31.597+0000] {processor.py:914} INFO - Processing file /home/airflow/.local/lib/python3.12/site-packages/airflow/example_dags/example_complex.py for tasks to queue
[2025-09-22T00:27:31.599+0000] {logging_mixin.py:190} INFO - [2025-09-22T00:27:31.599+0000] {dagbag.py:588} INFO - Filling up the DagBag from /home/airflow/.local/lib/python3.12/site-packages/airflow/example_dags/example_complex.py
[2025-09-22T00:27:31.611+0000] {processor.py:925} INFO - DAG(s) 'example_complex' retrieved from /home/airflow/.local/lib/python3.12/site-packages/airflow/example_dags/example_complex.py
[2025-09-22T00:27:31.643+0000] {logging_mixin.py:190} INFO - [2025-09-22T00:27:31.643+0000] {dag.py:3239} INFO - Sync 1 DAGs
[2025-09-22T00:27:31.656+0000] {logging_mixin.py:190} INFO - [2025-09-22T00:27:31.656+0000] {dag.py:4180} INFO - Setting next_dagrun for example_complex to None, run_after=None
[2025-09-22T00:27:31.700+0000] {processor.py:208} INFO - Processing /home/airflow/.local/lib/python3.12/site-packages/airflow/example_dags/example_complex.py took 0.110 seconds
[2025-09-22T00:28:01.903+0000] {processor.py:186} INFO - Started process (PID=8685) to work on /home/airflow/.local/lib/python3.12/site-packages/airflow/example_dags/example_complex.py
[2025-09-22T00:28:01.904+0000] {processor.py:914} INFO - Processing file /home/airflow/.local/lib/python3.12/site-packages/airflow/example_dags/example_complex.py for tasks to queue
[2025-09-22T00:28:01.906+0000] {logging_mixin.py:190} INFO - [2025-09-22T00:28:01.906+0000] {dagbag.py:588} INFO - Filling up the DagBag from /home/airflow/.local/lib/python3.12/site-packages/airflow/example_dags/example_complex.py
[2025-09-22T00:28:01.918+0000] {processor.py:925} INFO - DAG(s) 'example_complex' retrieved from /home/airflow/.local/lib/python3.12/site-packages/airflow/example_dags/example_complex.py
[2025-09-22T00:28:01.951+0000] {logging_mixin.py:190} INFO - [2025-09-22T00:28:01.951+0000] {dag.py:3239} INFO - Sync 1 DAGs
[2025-09-22T00:28:01.966+0000] {logging_mixin.py:190} INFO - [2025-09-22T00:28:01.966+0000] {dag.py:4180} INFO - Setting next_dagrun for example_complex to None, run_after=None
[2025-09-22T00:28:02.008+0000] {processor.py:208} INFO - Processing /home/airflow/.local/lib/python3.12/site-packages/airflow/example_dags/example_complex.py took 0.110 seconds
[2025-09-22T00:28:32.225+0000] {processor.py:186} INFO - Started process (PID=8744) to work on /home/airflow/.local/lib/python3.12/site-packages/airflow/example_dags/example_complex.py
[2025-09-22T00:28:32.225+0000] {processor.py:914} INFO - Processing file /home/airflow/.local/lib/python3.12/site-packages/airflow/example_dags/example_complex.py for tasks to queue
[2025-09-22T00:28:32.227+0000] {logging_mixin.py:190} INFO - [2025-09-22T00:28:32.227+0000] {dagbag.py:588} INFO - Filling up the DagBag from /home/airflow/.local/lib/python3.12/site-packages/airflow/example_dags/example_complex.py
[2025-09-22T00:28:32.238+0000] {processor.py:925} INFO - DAG(s) 'example_complex' retrieved from /home/airflow/.local/lib/python3.12/site-packages/airflow/example_dags/example_complex.py
[2025-09-22T00:28:32.268+0000] {logging_mixin.py:190} INFO - [2025-09-22T00:28:32.268+0000] {dag.py:3239} INFO - Sync 1 DAGs
[2025-09-22T00:28:32.280+0000] {logging_mixin.py:190} INFO - [2025-09-22T00:28:32.280+0000] {dag.py:4180} INFO - Setting next_dagrun for example_complex to None, run_after=None
[2025-09-22T00:28:32.328+0000] {processor.py:208} INFO - Processing /home/airflow/.local/lib/python3.12/site-packages/airflow/example_dags/example_complex.py took 0.109 seconds
[2025-09-22T00:29:02.911+0000] {processor.py:186} INFO - Started process (PID=8808) to work on /home/airflow/.local/lib/python3.12/site-packages/airflow/example_dags/example_complex.py
[2025-09-22T00:29:02.912+0000] {processor.py:914} INFO - Processing file /home/airflow/.local/lib/python3.12/site-packages/airflow/example_dags/example_complex.py for tasks to queue
[2025-09-22T00:29:02.914+0000] {logging_mixin.py:190} INFO - [2025-09-22T00:29:02.914+0000] {dagbag.py:588} INFO - Filling up the DagBag from /home/airflow/.local/lib/python3.12/site-packages/airflow/example_dags/example_complex.py
[2025-09-22T00:29:02.924+0000] {processor.py:925} INFO - DAG(s) 'example_complex' retrieved from /home/airflow/.local/lib/python3.12/site-packages/airflow/example_dags/example_complex.py
[2025-09-22T00:29:02.955+0000] {logging_mixin.py:190} INFO - [2025-09-22T00:29:02.954+0000] {dag.py:3239} INFO - Sync 1 DAGs
[2025-09-22T00:29:02.967+0000] {logging_mixin.py:190} INFO - [2025-09-22T00:29:02.967+0000] {dag.py:4180} INFO - Setting next_dagrun for example_complex to None, run_after=None
[2025-09-22T00:29:03.009+0000] {processor.py:208} INFO - Processing /home/airflow/.local/lib/python3.12/site-packages/airflow/example_dags/example_complex.py took 0.103 seconds
[2025-09-22T00:29:33.517+0000] {processor.py:186} INFO - Started process (PID=8872) to work on /home/airflow/.local/lib/python3.12/site-packages/airflow/example_dags/example_complex.py
[2025-09-22T00:29:33.518+0000] {processor.py:914} INFO - Processing file /home/airflow/.local/lib/python3.12/site-packages/airflow/example_dags/example_complex.py for tasks to queue
[2025-09-22T00:29:33.520+0000] {logging_mixin.py:190} INFO - [2025-09-22T00:29:33.520+0000] {dagbag.py:588} INFO - Filling up the DagBag from /home/airflow/.local/lib/python3.12/site-packages/airflow/example_dags/example_complex.py
[2025-09-22T00:29:33.531+0000] {processor.py:925} INFO - DAG(s) 'example_complex' retrieved from /home/airflow/.local/lib/python3.12/site-packages/airflow/example_dags/example_complex.py
[2025-09-22T00:29:33.560+0000] {logging_mixin.py:190} INFO - [2025-09-22T00:29:33.560+0000] {dag.py:3239} INFO - Sync 1 DAGs
[2025-09-22T00:29:33.573+0000] {logging_mixin.py:190} INFO - [2025-09-22T00:29:33.572+0000] {dag.py:4180} INFO - Setting next_dagrun for example_complex to None, run_after=None
[2025-09-22T00:29:33.643+0000] {processor.py:208} INFO - Processing /home/airflow/.local/lib/python3.12/site-packages/airflow/example_dags/example_complex.py took 0.130 seconds
[2025-09-22T00:30:04.608+0000] {processor.py:186} INFO - Started process (PID=8942) to work on /home/airflow/.local/lib/python3.12/site-packages/airflow/example_dags/example_complex.py
[2025-09-22T00:30:04.609+0000] {processor.py:914} INFO - Processing file /home/airflow/.local/lib/python3.12/site-packages/airflow/example_dags/example_complex.py for tasks to queue
[2025-09-22T00:30:04.612+0000] {logging_mixin.py:190} INFO - [2025-09-22T00:30:04.612+0000] {dagbag.py:588} INFO - Filling up the DagBag from /home/airflow/.local/lib/python3.12/site-packages/airflow/example_dags/example_complex.py
[2025-09-22T00:30:04.623+0000] {processor.py:925} INFO - DAG(s) 'example_complex' retrieved from /home/airflow/.local/lib/python3.12/site-packages/airflow/example_dags/example_complex.py
[2025-09-22T00:30:04.654+0000] {logging_mixin.py:190} INFO - [2025-09-22T00:30:04.653+0000] {dag.py:3239} INFO - Sync 1 DAGs
[2025-09-22T00:30:04.666+0000] {logging_mixin.py:190} INFO - [2025-09-22T00:30:04.665+0000] {dag.py:4180} INFO - Setting next_dagrun for example_complex to None, run_after=None
[2025-09-22T00:30:04.717+0000] {processor.py:208} INFO - Processing /home/airflow/.local/lib/python3.12/site-packages/airflow/example_dags/example_complex.py took 0.114 seconds
[2025-09-22T00:30:35.280+0000] {processor.py:186} INFO - Started process (PID=9006) to work on /home/airflow/.local/lib/python3.12/site-packages/airflow/example_dags/example_complex.py
[2025-09-22T00:30:35.281+0000] {processor.py:914} INFO - Processing file /home/airflow/.local/lib/python3.12/site-packages/airflow/example_dags/example_complex.py for tasks to queue
[2025-09-22T00:30:35.283+0000] {logging_mixin.py:190} INFO - [2025-09-22T00:30:35.283+0000] {dagbag.py:588} INFO - Filling up the DagBag from /home/airflow/.local/lib/python3.12/site-packages/airflow/example_dags/example_complex.py
[2025-09-22T00:30:35.297+0000] {processor.py:925} INFO - DAG(s) 'example_complex' retrieved from /home/airflow/.local/lib/python3.12/site-packages/airflow/example_dags/example_complex.py
[2025-09-22T00:30:35.328+0000] {logging_mixin.py:190} INFO - [2025-09-22T00:30:35.327+0000] {dag.py:3239} INFO - Sync 1 DAGs
[2025-09-22T00:30:35.340+0000] {logging_mixin.py:190} INFO - [2025-09-22T00:30:35.339+0000] {dag.py:4180} INFO - Setting next_dagrun for example_complex to None, run_after=None
[2025-09-22T00:30:35.398+0000] {processor.py:208} INFO - Processing /home/airflow/.local/lib/python3.12/site-packages/airflow/example_dags/example_complex.py took 0.123 seconds
[2025-09-22T00:31:05.455+0000] {processor.py:186} INFO - Started process (PID=9071) to work on /home/airflow/.local/lib/python3.12/site-packages/airflow/example_dags/example_complex.py
[2025-09-22T00:31:05.456+0000] {processor.py:914} INFO - Processing file /home/airflow/.local/lib/python3.12/site-packages/airflow/example_dags/example_complex.py for tasks to queue
[2025-09-22T00:31:05.458+0000] {logging_mixin.py:190} INFO - [2025-09-22T00:31:05.458+0000] {dagbag.py:588} INFO - Filling up the DagBag from /home/airflow/.local/lib/python3.12/site-packages/airflow/example_dags/example_complex.py
[2025-09-22T00:31:05.469+0000] {processor.py:925} INFO - DAG(s) 'example_complex' retrieved from /home/airflow/.local/lib/python3.12/site-packages/airflow/example_dags/example_complex.py
[2025-09-22T00:31:05.500+0000] {logging_mixin.py:190} INFO - [2025-09-22T00:31:05.500+0000] {dag.py:3239} INFO - Sync 1 DAGs
[2025-09-22T00:31:05.514+0000] {logging_mixin.py:190} INFO - [2025-09-22T00:31:05.513+0000] {dag.py:4180} INFO - Setting next_dagrun for example_complex to None, run_after=None
[2025-09-22T00:31:05.558+0000] {processor.py:208} INFO - Processing /home/airflow/.local/lib/python3.12/site-packages/airflow/example_dags/example_complex.py took 0.108 seconds
[2025-09-22T00:31:35.802+0000] {processor.py:186} INFO - Started process (PID=9135) to work on /home/airflow/.local/lib/python3.12/site-packages/airflow/example_dags/example_complex.py
[2025-09-22T00:31:35.802+0000] {processor.py:914} INFO - Processing file /home/airflow/.local/lib/python3.12/site-packages/airflow/example_dags/example_complex.py for tasks to queue
[2025-09-22T00:31:35.805+0000] {logging_mixin.py:190} INFO - [2025-09-22T00:31:35.804+0000] {dagbag.py:588} INFO - Filling up the DagBag from /home/airflow/.local/lib/python3.12/site-packages/airflow/example_dags/example_complex.py
[2025-09-22T00:31:35.818+0000] {processor.py:925} INFO - DAG(s) 'example_complex' retrieved from /home/airflow/.local/lib/python3.12/site-packages/airflow/example_dags/example_complex.py
[2025-09-22T00:31:35.850+0000] {logging_mixin.py:190} INFO - [2025-09-22T00:31:35.850+0000] {dag.py:3239} INFO - Sync 1 DAGs
[2025-09-22T00:31:35.864+0000] {logging_mixin.py:190} INFO - [2025-09-22T00:31:35.864+0000] {dag.py:4180} INFO - Setting next_dagrun for example_complex to None, run_after=None
[2025-09-22T00:31:35.903+0000] {processor.py:208} INFO - Processing /home/airflow/.local/lib/python3.12/site-packages/airflow/example_dags/example_complex.py took 0.107 seconds
[2025-09-22T00:32:08.705+0000] {processor.py:186} INFO - Started process (PID=9198) to work on /home/airflow/.local/lib/python3.12/site-packages/airflow/example_dags/example_complex.py
[2025-09-22T00:32:08.706+0000] {processor.py:914} INFO - Processing file /home/airflow/.local/lib/python3.12/site-packages/airflow/example_dags/example_complex.py for tasks to queue
[2025-09-22T00:32:08.711+0000] {logging_mixin.py:190} INFO - [2025-09-22T00:32:08.711+0000] {dagbag.py:588} INFO - Filling up the DagBag from /home/airflow/.local/lib/python3.12/site-packages/airflow/example_dags/example_complex.py
[2025-09-22T00:32:08.729+0000] {processor.py:925} INFO - DAG(s) 'example_complex' retrieved from /home/airflow/.local/lib/python3.12/site-packages/airflow/example_dags/example_complex.py
[2025-09-22T00:32:08.763+0000] {logging_mixin.py:190} INFO - [2025-09-22T00:32:08.763+0000] {dag.py:3239} INFO - Sync 1 DAGs
[2025-09-22T00:32:08.777+0000] {logging_mixin.py:190} INFO - [2025-09-22T00:32:08.777+0000] {dag.py:4180} INFO - Setting next_dagrun for example_complex to None, run_after=None
[2025-09-22T00:32:08.824+0000] {processor.py:208} INFO - Processing /home/airflow/.local/lib/python3.12/site-packages/airflow/example_dags/example_complex.py took 0.125 seconds
[2025-09-22T00:32:39.611+0000] {processor.py:186} INFO - Started process (PID=9260) to work on /home/airflow/.local/lib/python3.12/site-packages/airflow/example_dags/example_complex.py
[2025-09-22T00:32:39.612+0000] {processor.py:914} INFO - Processing file /home/airflow/.local/lib/python3.12/site-packages/airflow/example_dags/example_complex.py for tasks to queue
[2025-09-22T00:32:39.614+0000] {logging_mixin.py:190} INFO - [2025-09-22T00:32:39.613+0000] {dagbag.py:588} INFO - Filling up the DagBag from /home/airflow/.local/lib/python3.12/site-packages/airflow/example_dags/example_complex.py
[2025-09-22T00:32:39.625+0000] {processor.py:925} INFO - DAG(s) 'example_complex' retrieved from /home/airflow/.local/lib/python3.12/site-packages/airflow/example_dags/example_complex.py
[2025-09-22T00:32:39.656+0000] {logging_mixin.py:190} INFO - [2025-09-22T00:32:39.656+0000] {dag.py:3239} INFO - Sync 1 DAGs
[2025-09-22T00:32:39.669+0000] {logging_mixin.py:190} INFO - [2025-09-22T00:32:39.669+0000] {dag.py:4180} INFO - Setting next_dagrun for example_complex to None, run_after=None
[2025-09-22T00:32:39.716+0000] {processor.py:208} INFO - Processing /home/airflow/.local/lib/python3.12/site-packages/airflow/example_dags/example_complex.py took 0.111 seconds
[2025-09-22T00:33:10.677+0000] {processor.py:186} INFO - Started process (PID=9324) to work on /home/airflow/.local/lib/python3.12/site-packages/airflow/example_dags/example_complex.py
[2025-09-22T00:33:10.678+0000] {processor.py:914} INFO - Processing file /home/airflow/.local/lib/python3.12/site-packages/airflow/example_dags/example_complex.py for tasks to queue
[2025-09-22T00:33:10.680+0000] {logging_mixin.py:190} INFO - [2025-09-22T00:33:10.680+0000] {dagbag.py:588} INFO - Filling up the DagBag from /home/airflow/.local/lib/python3.12/site-packages/airflow/example_dags/example_complex.py
[2025-09-22T00:33:10.694+0000] {processor.py:925} INFO - DAG(s) 'example_complex' retrieved from /home/airflow/.local/lib/python3.12/site-packages/airflow/example_dags/example_complex.py
[2025-09-22T00:33:10.732+0000] {logging_mixin.py:190} INFO - [2025-09-22T00:33:10.732+0000] {dag.py:3239} INFO - Sync 1 DAGs
[2025-09-22T00:33:10.746+0000] {logging_mixin.py:190} INFO - [2025-09-22T00:33:10.746+0000] {dag.py:4180} INFO - Setting next_dagrun for example_complex to None, run_after=None
[2025-09-22T00:33:10.788+0000] {processor.py:208} INFO - Processing /home/airflow/.local/lib/python3.12/site-packages/airflow/example_dags/example_complex.py took 0.117 seconds
[2025-09-22T00:33:41.957+0000] {processor.py:186} INFO - Started process (PID=9388) to work on /home/airflow/.local/lib/python3.12/site-packages/airflow/example_dags/example_complex.py
[2025-09-22T00:33:41.958+0000] {processor.py:914} INFO - Processing file /home/airflow/.local/lib/python3.12/site-packages/airflow/example_dags/example_complex.py for tasks to queue
[2025-09-22T00:33:41.960+0000] {logging_mixin.py:190} INFO - [2025-09-22T00:33:41.960+0000] {dagbag.py:588} INFO - Filling up the DagBag from /home/airflow/.local/lib/python3.12/site-packages/airflow/example_dags/example_complex.py
[2025-09-22T00:33:41.972+0000] {processor.py:925} INFO - DAG(s) 'example_complex' retrieved from /home/airflow/.local/lib/python3.12/site-packages/airflow/example_dags/example_complex.py
[2025-09-22T00:33:42.002+0000] {logging_mixin.py:190} INFO - [2025-09-22T00:33:42.002+0000] {dag.py:3239} INFO - Sync 1 DAGs
[2025-09-22T00:33:42.015+0000] {logging_mixin.py:190} INFO - [2025-09-22T00:33:42.015+0000] {dag.py:4180} INFO - Setting next_dagrun for example_complex to None, run_after=None
[2025-09-22T00:33:42.054+0000] {processor.py:208} INFO - Processing /home/airflow/.local/lib/python3.12/site-packages/airflow/example_dags/example_complex.py took 0.102 seconds
[2025-09-22T00:34:12.817+0000] {processor.py:186} INFO - Started process (PID=9451) to work on /home/airflow/.local/lib/python3.12/site-packages/airflow/example_dags/example_complex.py
[2025-09-22T00:34:12.818+0000] {processor.py:914} INFO - Processing file /home/airflow/.local/lib/python3.12/site-packages/airflow/example_dags/example_complex.py for tasks to queue
[2025-09-22T00:34:12.820+0000] {logging_mixin.py:190} INFO - [2025-09-22T00:34:12.820+0000] {dagbag.py:588} INFO - Filling up the DagBag from /home/airflow/.local/lib/python3.12/site-packages/airflow/example_dags/example_complex.py
[2025-09-22T00:34:12.832+0000] {processor.py:925} INFO - DAG(s) 'example_complex' retrieved from /home/airflow/.local/lib/python3.12/site-packages/airflow/example_dags/example_complex.py
[2025-09-22T00:34:12.869+0000] {logging_mixin.py:190} INFO - [2025-09-22T00:34:12.869+0000] {dag.py:3239} INFO - Sync 1 DAGs
[2025-09-22T00:34:12.885+0000] {logging_mixin.py:190} INFO - [2025-09-22T00:34:12.885+0000] {dag.py:4180} INFO - Setting next_dagrun for example_complex to None, run_after=None
[2025-09-22T00:34:12.936+0000] {processor.py:208} INFO - Processing /home/airflow/.local/lib/python3.12/site-packages/airflow/example_dags/example_complex.py took 0.125 seconds
[2025-09-22T00:34:43.292+0000] {processor.py:186} INFO - Started process (PID=9511) to work on /home/airflow/.local/lib/python3.12/site-packages/airflow/example_dags/example_complex.py
[2025-09-22T00:34:43.293+0000] {processor.py:914} INFO - Processing file /home/airflow/.local/lib/python3.12/site-packages/airflow/example_dags/example_complex.py for tasks to queue
[2025-09-22T00:34:43.295+0000] {logging_mixin.py:190} INFO - [2025-09-22T00:34:43.295+0000] {dagbag.py:588} INFO - Filling up the DagBag from /home/airflow/.local/lib/python3.12/site-packages/airflow/example_dags/example_complex.py
[2025-09-22T00:34:43.307+0000] {processor.py:925} INFO - DAG(s) 'example_complex' retrieved from /home/airflow/.local/lib/python3.12/site-packages/airflow/example_dags/example_complex.py
[2025-09-22T00:34:43.337+0000] {logging_mixin.py:190} INFO - [2025-09-22T00:34:43.337+0000] {dag.py:3239} INFO - Sync 1 DAGs
[2025-09-22T00:34:43.352+0000] {logging_mixin.py:190} INFO - [2025-09-22T00:34:43.352+0000] {dag.py:4180} INFO - Setting next_dagrun for example_complex to None, run_after=None
[2025-09-22T00:34:43.403+0000] {processor.py:208} INFO - Processing /home/airflow/.local/lib/python3.12/site-packages/airflow/example_dags/example_complex.py took 0.115 seconds
[2025-09-22T00:35:13.467+0000] {processor.py:186} INFO - Started process (PID=9575) to work on /home/airflow/.local/lib/python3.12/site-packages/airflow/example_dags/example_complex.py
[2025-09-22T00:35:13.467+0000] {processor.py:914} INFO - Processing file /home/airflow/.local/lib/python3.12/site-packages/airflow/example_dags/example_complex.py for tasks to queue
[2025-09-22T00:35:13.469+0000] {logging_mixin.py:190} INFO - [2025-09-22T00:35:13.469+0000] {dagbag.py:588} INFO - Filling up the DagBag from /home/airflow/.local/lib/python3.12/site-packages/airflow/example_dags/example_complex.py
[2025-09-22T00:35:13.481+0000] {processor.py:925} INFO - DAG(s) 'example_complex' retrieved from /home/airflow/.local/lib/python3.12/site-packages/airflow/example_dags/example_complex.py
[2025-09-22T00:35:13.512+0000] {logging_mixin.py:190} INFO - [2025-09-22T00:35:13.512+0000] {dag.py:3239} INFO - Sync 1 DAGs
[2025-09-22T00:35:13.525+0000] {logging_mixin.py:190} INFO - [2025-09-22T00:35:13.525+0000] {dag.py:4180} INFO - Setting next_dagrun for example_complex to None, run_after=None
[2025-09-22T00:35:13.825+0000] {processor.py:208} INFO - Processing /home/airflow/.local/lib/python3.12/site-packages/airflow/example_dags/example_complex.py took 0.363 seconds
[2025-09-22T00:35:44.164+0000] {processor.py:186} INFO - Started process (PID=9639) to work on /home/airflow/.local/lib/python3.12/site-packages/airflow/example_dags/example_complex.py
[2025-09-22T00:35:44.165+0000] {processor.py:914} INFO - Processing file /home/airflow/.local/lib/python3.12/site-packages/airflow/example_dags/example_complex.py for tasks to queue
[2025-09-22T00:35:44.167+0000] {logging_mixin.py:190} INFO - [2025-09-22T00:35:44.167+0000] {dagbag.py:588} INFO - Filling up the DagBag from /home/airflow/.local/lib/python3.12/site-packages/airflow/example_dags/example_complex.py
[2025-09-22T00:35:44.179+0000] {processor.py:925} INFO - DAG(s) 'example_complex' retrieved from /home/airflow/.local/lib/python3.12/site-packages/airflow/example_dags/example_complex.py
[2025-09-22T00:35:44.213+0000] {logging_mixin.py:190} INFO - [2025-09-22T00:35:44.213+0000] {dag.py:3239} INFO - Sync 1 DAGs
[2025-09-22T00:35:44.229+0000] {logging_mixin.py:190} INFO - [2025-09-22T00:35:44.229+0000] {dag.py:4180} INFO - Setting next_dagrun for example_complex to None, run_after=None
[2025-09-22T00:35:44.273+0000] {processor.py:208} INFO - Processing /home/airflow/.local/lib/python3.12/site-packages/airflow/example_dags/example_complex.py took 0.116 seconds
[2025-09-22T00:36:14.459+0000] {processor.py:186} INFO - Started process (PID=9703) to work on /home/airflow/.local/lib/python3.12/site-packages/airflow/example_dags/example_complex.py
[2025-09-22T00:36:14.460+0000] {processor.py:914} INFO - Processing file /home/airflow/.local/lib/python3.12/site-packages/airflow/example_dags/example_complex.py for tasks to queue
[2025-09-22T00:36:14.464+0000] {logging_mixin.py:190} INFO - [2025-09-22T00:36:14.463+0000] {dagbag.py:588} INFO - Filling up the DagBag from /home/airflow/.local/lib/python3.12/site-packages/airflow/example_dags/example_complex.py
[2025-09-22T00:36:14.475+0000] {processor.py:925} INFO - DAG(s) 'example_complex' retrieved from /home/airflow/.local/lib/python3.12/site-packages/airflow/example_dags/example_complex.py
[2025-09-22T00:36:14.514+0000] {logging_mixin.py:190} INFO - [2025-09-22T00:36:14.514+0000] {dag.py:3239} INFO - Sync 1 DAGs
[2025-09-22T00:36:14.527+0000] {logging_mixin.py:190} INFO - [2025-09-22T00:36:14.527+0000] {dag.py:4180} INFO - Setting next_dagrun for example_complex to None, run_after=None
[2025-09-22T00:36:14.572+0000] {processor.py:208} INFO - Processing /home/airflow/.local/lib/python3.12/site-packages/airflow/example_dags/example_complex.py took 0.119 seconds
