[2025-09-22T00:00:18.630+0000] {processor.py:186} INFO - Started process (PID=5285) to work on /home/airflow/.local/lib/python3.12/site-packages/airflow/example_dags/example_nested_branch_dag.py
[2025-09-22T00:00:18.631+0000] {processor.py:914} INFO - Processing file /home/airflow/.local/lib/python3.12/site-packages/airflow/example_dags/example_nested_branch_dag.py for tasks to queue
[2025-09-22T00:00:18.633+0000] {logging_mixin.py:190} INFO - [2025-09-22T00:00:18.633+0000] {dagbag.py:588} INFO - Filling up the DagBag from /home/airflow/.local/lib/python3.12/site-packages/airflow/example_dags/example_nested_branch_dag.py
[2025-09-22T00:00:18.705+0000] {processor.py:925} INFO - DAG(s) 'example_nested_branch_dag' retrieved from /home/airflow/.local/lib/python3.12/site-packages/airflow/example_dags/example_nested_branch_dag.py
[2025-09-22T00:00:18.728+0000] {logging_mixin.py:190} INFO - [2025-09-22T00:00:18.728+0000] {dag.py:3239} INFO - Sync 1 DAGs
[2025-09-22T00:00:18.753+0000] {logging_mixin.py:190} INFO - [2025-09-22T00:00:18.753+0000] {dag.py:4180} INFO - Setting next_dagrun for example_nested_branch_dag to 2025-09-21 00:00:00+00:00, run_after=2025-09-22 00:00:00+00:00
[2025-09-22T00:00:18.835+0000] {processor.py:208} INFO - Processing /home/airflow/.local/lib/python3.12/site-packages/airflow/example_dags/example_nested_branch_dag.py took 0.210 seconds
[2025-09-22T00:00:49.544+0000] {processor.py:186} INFO - Started process (PID=5349) to work on /home/airflow/.local/lib/python3.12/site-packages/airflow/example_dags/example_nested_branch_dag.py
[2025-09-22T00:00:49.545+0000] {processor.py:914} INFO - Processing file /home/airflow/.local/lib/python3.12/site-packages/airflow/example_dags/example_nested_branch_dag.py for tasks to queue
[2025-09-22T00:00:49.548+0000] {logging_mixin.py:190} INFO - [2025-09-22T00:00:49.547+0000] {dagbag.py:588} INFO - Filling up the DagBag from /home/airflow/.local/lib/python3.12/site-packages/airflow/example_dags/example_nested_branch_dag.py
[2025-09-22T00:00:49.560+0000] {processor.py:925} INFO - DAG(s) 'example_nested_branch_dag' retrieved from /home/airflow/.local/lib/python3.12/site-packages/airflow/example_dags/example_nested_branch_dag.py
[2025-09-22T00:00:49.582+0000] {logging_mixin.py:190} INFO - [2025-09-22T00:00:49.582+0000] {dag.py:3239} INFO - Sync 1 DAGs
[2025-09-22T00:00:49.611+0000] {logging_mixin.py:190} INFO - [2025-09-22T00:00:49.611+0000] {dag.py:4180} INFO - Setting next_dagrun for example_nested_branch_dag to 2025-09-21 00:00:00+00:00, run_after=2025-09-22 00:00:00+00:00
[2025-09-22T00:00:49.666+0000] {processor.py:208} INFO - Processing /home/airflow/.local/lib/python3.12/site-packages/airflow/example_dags/example_nested_branch_dag.py took 0.129 seconds
[2025-09-22T00:01:21.257+0000] {processor.py:186} INFO - Started process (PID=5413) to work on /home/airflow/.local/lib/python3.12/site-packages/airflow/example_dags/example_nested_branch_dag.py
[2025-09-22T00:01:21.258+0000] {processor.py:914} INFO - Processing file /home/airflow/.local/lib/python3.12/site-packages/airflow/example_dags/example_nested_branch_dag.py for tasks to queue
[2025-09-22T00:01:21.260+0000] {logging_mixin.py:190} INFO - [2025-09-22T00:01:21.260+0000] {dagbag.py:588} INFO - Filling up the DagBag from /home/airflow/.local/lib/python3.12/site-packages/airflow/example_dags/example_nested_branch_dag.py
[2025-09-22T00:01:21.276+0000] {processor.py:925} INFO - DAG(s) 'example_nested_branch_dag' retrieved from /home/airflow/.local/lib/python3.12/site-packages/airflow/example_dags/example_nested_branch_dag.py
[2025-09-22T00:01:21.312+0000] {logging_mixin.py:190} INFO - [2025-09-22T00:01:21.311+0000] {dag.py:3239} INFO - Sync 1 DAGs
[2025-09-22T00:01:21.352+0000] {logging_mixin.py:190} INFO - [2025-09-22T00:01:21.352+0000] {dag.py:4180} INFO - Setting next_dagrun for example_nested_branch_dag to 2025-09-21 00:00:00+00:00, run_after=2025-09-22 00:00:00+00:00
[2025-09-22T00:01:21.409+0000] {processor.py:208} INFO - Processing /home/airflow/.local/lib/python3.12/site-packages/airflow/example_dags/example_nested_branch_dag.py took 0.159 seconds
[2025-09-22T00:01:52.543+0000] {processor.py:186} INFO - Started process (PID=5476) to work on /home/airflow/.local/lib/python3.12/site-packages/airflow/example_dags/example_nested_branch_dag.py
[2025-09-22T00:01:52.544+0000] {processor.py:914} INFO - Processing file /home/airflow/.local/lib/python3.12/site-packages/airflow/example_dags/example_nested_branch_dag.py for tasks to queue
[2025-09-22T00:01:52.546+0000] {logging_mixin.py:190} INFO - [2025-09-22T00:01:52.546+0000] {dagbag.py:588} INFO - Filling up the DagBag from /home/airflow/.local/lib/python3.12/site-packages/airflow/example_dags/example_nested_branch_dag.py
[2025-09-22T00:01:52.558+0000] {processor.py:925} INFO - DAG(s) 'example_nested_branch_dag' retrieved from /home/airflow/.local/lib/python3.12/site-packages/airflow/example_dags/example_nested_branch_dag.py
[2025-09-22T00:01:52.582+0000] {logging_mixin.py:190} INFO - [2025-09-22T00:01:52.582+0000] {dag.py:3239} INFO - Sync 1 DAGs
[2025-09-22T00:01:52.606+0000] {logging_mixin.py:190} INFO - [2025-09-22T00:01:52.606+0000] {dag.py:4180} INFO - Setting next_dagrun for example_nested_branch_dag to 2025-09-21 00:00:00+00:00, run_after=2025-09-22 00:00:00+00:00
[2025-09-22T00:01:52.650+0000] {processor.py:208} INFO - Processing /home/airflow/.local/lib/python3.12/site-packages/airflow/example_dags/example_nested_branch_dag.py took 0.112 seconds
[2025-09-22T00:02:23.622+0000] {processor.py:186} INFO - Started process (PID=5541) to work on /home/airflow/.local/lib/python3.12/site-packages/airflow/example_dags/example_nested_branch_dag.py
[2025-09-22T00:02:23.624+0000] {processor.py:914} INFO - Processing file /home/airflow/.local/lib/python3.12/site-packages/airflow/example_dags/example_nested_branch_dag.py for tasks to queue
[2025-09-22T00:02:23.626+0000] {logging_mixin.py:190} INFO - [2025-09-22T00:02:23.626+0000] {dagbag.py:588} INFO - Filling up the DagBag from /home/airflow/.local/lib/python3.12/site-packages/airflow/example_dags/example_nested_branch_dag.py
[2025-09-22T00:02:23.639+0000] {processor.py:925} INFO - DAG(s) 'example_nested_branch_dag' retrieved from /home/airflow/.local/lib/python3.12/site-packages/airflow/example_dags/example_nested_branch_dag.py
[2025-09-22T00:02:23.663+0000] {logging_mixin.py:190} INFO - [2025-09-22T00:02:23.663+0000] {dag.py:3239} INFO - Sync 1 DAGs
[2025-09-22T00:02:23.690+0000] {logging_mixin.py:190} INFO - [2025-09-22T00:02:23.689+0000] {dag.py:4180} INFO - Setting next_dagrun for example_nested_branch_dag to 2025-09-21 00:00:00+00:00, run_after=2025-09-22 00:00:00+00:00
[2025-09-22T00:02:23.730+0000] {processor.py:208} INFO - Processing /home/airflow/.local/lib/python3.12/site-packages/airflow/example_dags/example_nested_branch_dag.py took 0.114 seconds
[2025-09-22T00:02:54.789+0000] {processor.py:186} INFO - Started process (PID=5604) to work on /home/airflow/.local/lib/python3.12/site-packages/airflow/example_dags/example_nested_branch_dag.py
[2025-09-22T00:02:54.790+0000] {processor.py:914} INFO - Processing file /home/airflow/.local/lib/python3.12/site-packages/airflow/example_dags/example_nested_branch_dag.py for tasks to queue
[2025-09-22T00:02:54.793+0000] {logging_mixin.py:190} INFO - [2025-09-22T00:02:54.793+0000] {dagbag.py:588} INFO - Filling up the DagBag from /home/airflow/.local/lib/python3.12/site-packages/airflow/example_dags/example_nested_branch_dag.py
[2025-09-22T00:02:54.805+0000] {processor.py:925} INFO - DAG(s) 'example_nested_branch_dag' retrieved from /home/airflow/.local/lib/python3.12/site-packages/airflow/example_dags/example_nested_branch_dag.py
[2025-09-22T00:02:54.826+0000] {logging_mixin.py:190} INFO - [2025-09-22T00:02:54.826+0000] {dag.py:3239} INFO - Sync 1 DAGs
[2025-09-22T00:02:54.854+0000] {logging_mixin.py:190} INFO - [2025-09-22T00:02:54.853+0000] {dag.py:4180} INFO - Setting next_dagrun for example_nested_branch_dag to 2025-09-21 00:00:00+00:00, run_after=2025-09-22 00:00:00+00:00
[2025-09-22T00:02:54.898+0000] {processor.py:208} INFO - Processing /home/airflow/.local/lib/python3.12/site-packages/airflow/example_dags/example_nested_branch_dag.py took 0.114 seconds
[2025-09-22T00:03:26.181+0000] {processor.py:186} INFO - Started process (PID=5668) to work on /home/airflow/.local/lib/python3.12/site-packages/airflow/example_dags/example_nested_branch_dag.py
[2025-09-22T00:03:26.182+0000] {processor.py:914} INFO - Processing file /home/airflow/.local/lib/python3.12/site-packages/airflow/example_dags/example_nested_branch_dag.py for tasks to queue
[2025-09-22T00:03:26.185+0000] {logging_mixin.py:190} INFO - [2025-09-22T00:03:26.184+0000] {dagbag.py:588} INFO - Filling up the DagBag from /home/airflow/.local/lib/python3.12/site-packages/airflow/example_dags/example_nested_branch_dag.py
[2025-09-22T00:03:26.195+0000] {processor.py:925} INFO - DAG(s) 'example_nested_branch_dag' retrieved from /home/airflow/.local/lib/python3.12/site-packages/airflow/example_dags/example_nested_branch_dag.py
[2025-09-22T00:03:26.217+0000] {logging_mixin.py:190} INFO - [2025-09-22T00:03:26.216+0000] {dag.py:3239} INFO - Sync 1 DAGs
[2025-09-22T00:03:26.242+0000] {logging_mixin.py:190} INFO - [2025-09-22T00:03:26.241+0000] {dag.py:4180} INFO - Setting next_dagrun for example_nested_branch_dag to 2025-09-21 00:00:00+00:00, run_after=2025-09-22 00:00:00+00:00
[2025-09-22T00:03:26.277+0000] {processor.py:208} INFO - Processing /home/airflow/.local/lib/python3.12/site-packages/airflow/example_dags/example_nested_branch_dag.py took 0.101 seconds
[2025-09-22T00:03:57.310+0000] {processor.py:186} INFO - Started process (PID=5733) to work on /home/airflow/.local/lib/python3.12/site-packages/airflow/example_dags/example_nested_branch_dag.py
[2025-09-22T00:03:57.311+0000] {processor.py:914} INFO - Processing file /home/airflow/.local/lib/python3.12/site-packages/airflow/example_dags/example_nested_branch_dag.py for tasks to queue
[2025-09-22T00:03:57.314+0000] {logging_mixin.py:190} INFO - [2025-09-22T00:03:57.314+0000] {dagbag.py:588} INFO - Filling up the DagBag from /home/airflow/.local/lib/python3.12/site-packages/airflow/example_dags/example_nested_branch_dag.py
[2025-09-22T00:03:57.328+0000] {processor.py:925} INFO - DAG(s) 'example_nested_branch_dag' retrieved from /home/airflow/.local/lib/python3.12/site-packages/airflow/example_dags/example_nested_branch_dag.py
[2025-09-22T00:03:57.353+0000] {logging_mixin.py:190} INFO - [2025-09-22T00:03:57.353+0000] {dag.py:3239} INFO - Sync 1 DAGs
[2025-09-22T00:03:57.380+0000] {logging_mixin.py:190} INFO - [2025-09-22T00:03:57.380+0000] {dag.py:4180} INFO - Setting next_dagrun for example_nested_branch_dag to 2025-09-21 00:00:00+00:00, run_after=2025-09-22 00:00:00+00:00
[2025-09-22T00:03:57.423+0000] {processor.py:208} INFO - Processing /home/airflow/.local/lib/python3.12/site-packages/airflow/example_dags/example_nested_branch_dag.py took 0.122 seconds
[2025-09-22T00:04:28.277+0000] {processor.py:186} INFO - Started process (PID=5797) to work on /home/airflow/.local/lib/python3.12/site-packages/airflow/example_dags/example_nested_branch_dag.py
[2025-09-22T00:04:28.278+0000] {processor.py:914} INFO - Processing file /home/airflow/.local/lib/python3.12/site-packages/airflow/example_dags/example_nested_branch_dag.py for tasks to queue
[2025-09-22T00:04:28.280+0000] {logging_mixin.py:190} INFO - [2025-09-22T00:04:28.280+0000] {dagbag.py:588} INFO - Filling up the DagBag from /home/airflow/.local/lib/python3.12/site-packages/airflow/example_dags/example_nested_branch_dag.py
[2025-09-22T00:04:28.291+0000] {processor.py:925} INFO - DAG(s) 'example_nested_branch_dag' retrieved from /home/airflow/.local/lib/python3.12/site-packages/airflow/example_dags/example_nested_branch_dag.py
[2025-09-22T00:04:28.313+0000] {logging_mixin.py:190} INFO - [2025-09-22T00:04:28.312+0000] {dag.py:3239} INFO - Sync 1 DAGs
[2025-09-22T00:04:28.338+0000] {logging_mixin.py:190} INFO - [2025-09-22T00:04:28.338+0000] {dag.py:4180} INFO - Setting next_dagrun for example_nested_branch_dag to 2025-09-21 00:00:00+00:00, run_after=2025-09-22 00:00:00+00:00
[2025-09-22T00:04:28.385+0000] {processor.py:208} INFO - Processing /home/airflow/.local/lib/python3.12/site-packages/airflow/example_dags/example_nested_branch_dag.py took 0.114 seconds
[2025-09-22T00:04:59.210+0000] {processor.py:186} INFO - Started process (PID=5861) to work on /home/airflow/.local/lib/python3.12/site-packages/airflow/example_dags/example_nested_branch_dag.py
[2025-09-22T00:04:59.212+0000] {processor.py:914} INFO - Processing file /home/airflow/.local/lib/python3.12/site-packages/airflow/example_dags/example_nested_branch_dag.py for tasks to queue
[2025-09-22T00:04:59.214+0000] {logging_mixin.py:190} INFO - [2025-09-22T00:04:59.214+0000] {dagbag.py:588} INFO - Filling up the DagBag from /home/airflow/.local/lib/python3.12/site-packages/airflow/example_dags/example_nested_branch_dag.py
[2025-09-22T00:04:59.226+0000] {processor.py:925} INFO - DAG(s) 'example_nested_branch_dag' retrieved from /home/airflow/.local/lib/python3.12/site-packages/airflow/example_dags/example_nested_branch_dag.py
[2025-09-22T00:04:59.249+0000] {logging_mixin.py:190} INFO - [2025-09-22T00:04:59.249+0000] {dag.py:3239} INFO - Sync 1 DAGs
[2025-09-22T00:04:59.275+0000] {logging_mixin.py:190} INFO - [2025-09-22T00:04:59.274+0000] {dag.py:4180} INFO - Setting next_dagrun for example_nested_branch_dag to 2025-09-21 00:00:00+00:00, run_after=2025-09-22 00:00:00+00:00
[2025-09-22T00:04:59.328+0000] {processor.py:208} INFO - Processing /home/airflow/.local/lib/python3.12/site-packages/airflow/example_dags/example_nested_branch_dag.py took 0.124 seconds
[2025-09-22T00:05:29.724+0000] {processor.py:186} INFO - Started process (PID=5918) to work on /home/airflow/.local/lib/python3.12/site-packages/airflow/example_dags/example_nested_branch_dag.py
[2025-09-22T00:05:29.724+0000] {processor.py:914} INFO - Processing file /home/airflow/.local/lib/python3.12/site-packages/airflow/example_dags/example_nested_branch_dag.py for tasks to queue
[2025-09-22T00:05:29.727+0000] {logging_mixin.py:190} INFO - [2025-09-22T00:05:29.726+0000] {dagbag.py:588} INFO - Filling up the DagBag from /home/airflow/.local/lib/python3.12/site-packages/airflow/example_dags/example_nested_branch_dag.py
[2025-09-22T00:05:29.737+0000] {processor.py:925} INFO - DAG(s) 'example_nested_branch_dag' retrieved from /home/airflow/.local/lib/python3.12/site-packages/airflow/example_dags/example_nested_branch_dag.py
[2025-09-22T00:05:29.757+0000] {logging_mixin.py:190} INFO - [2025-09-22T00:05:29.757+0000] {dag.py:3239} INFO - Sync 1 DAGs
[2025-09-22T00:05:29.778+0000] {logging_mixin.py:190} INFO - [2025-09-22T00:05:29.778+0000] {dag.py:4180} INFO - Setting next_dagrun for example_nested_branch_dag to 2025-09-21 00:00:00+00:00, run_after=2025-09-22 00:00:00+00:00
[2025-09-22T00:05:29.826+0000] {processor.py:208} INFO - Processing /home/airflow/.local/lib/python3.12/site-packages/airflow/example_dags/example_nested_branch_dag.py took 0.108 seconds
[2025-09-22T00:06:00.242+0000] {processor.py:186} INFO - Started process (PID=5981) to work on /home/airflow/.local/lib/python3.12/site-packages/airflow/example_dags/example_nested_branch_dag.py
[2025-09-22T00:06:00.244+0000] {processor.py:914} INFO - Processing file /home/airflow/.local/lib/python3.12/site-packages/airflow/example_dags/example_nested_branch_dag.py for tasks to queue
[2025-09-22T00:06:00.246+0000] {logging_mixin.py:190} INFO - [2025-09-22T00:06:00.246+0000] {dagbag.py:588} INFO - Filling up the DagBag from /home/airflow/.local/lib/python3.12/site-packages/airflow/example_dags/example_nested_branch_dag.py
[2025-09-22T00:06:00.258+0000] {processor.py:925} INFO - DAG(s) 'example_nested_branch_dag' retrieved from /home/airflow/.local/lib/python3.12/site-packages/airflow/example_dags/example_nested_branch_dag.py
[2025-09-22T00:06:00.280+0000] {logging_mixin.py:190} INFO - [2025-09-22T00:06:00.280+0000] {dag.py:3239} INFO - Sync 1 DAGs
[2025-09-22T00:06:00.304+0000] {logging_mixin.py:190} INFO - [2025-09-22T00:06:00.304+0000] {dag.py:4180} INFO - Setting next_dagrun for example_nested_branch_dag to 2025-09-21 00:00:00+00:00, run_after=2025-09-22 00:00:00+00:00
[2025-09-22T00:06:00.350+0000] {processor.py:208} INFO - Processing /home/airflow/.local/lib/python3.12/site-packages/airflow/example_dags/example_nested_branch_dag.py took 0.113 seconds
[2025-09-22T00:06:31.025+0000] {processor.py:186} INFO - Started process (PID=6045) to work on /home/airflow/.local/lib/python3.12/site-packages/airflow/example_dags/example_nested_branch_dag.py
[2025-09-22T00:06:31.026+0000] {processor.py:914} INFO - Processing file /home/airflow/.local/lib/python3.12/site-packages/airflow/example_dags/example_nested_branch_dag.py for tasks to queue
[2025-09-22T00:06:31.029+0000] {logging_mixin.py:190} INFO - [2025-09-22T00:06:31.028+0000] {dagbag.py:588} INFO - Filling up the DagBag from /home/airflow/.local/lib/python3.12/site-packages/airflow/example_dags/example_nested_branch_dag.py
[2025-09-22T00:06:31.039+0000] {processor.py:925} INFO - DAG(s) 'example_nested_branch_dag' retrieved from /home/airflow/.local/lib/python3.12/site-packages/airflow/example_dags/example_nested_branch_dag.py
[2025-09-22T00:06:31.058+0000] {logging_mixin.py:190} INFO - [2025-09-22T00:06:31.058+0000] {dag.py:3239} INFO - Sync 1 DAGs
[2025-09-22T00:06:31.081+0000] {logging_mixin.py:190} INFO - [2025-09-22T00:06:31.081+0000] {dag.py:4180} INFO - Setting next_dagrun for example_nested_branch_dag to 2025-09-21 00:00:00+00:00, run_after=2025-09-22 00:00:00+00:00
[2025-09-22T00:06:31.119+0000] {processor.py:208} INFO - Processing /home/airflow/.local/lib/python3.12/site-packages/airflow/example_dags/example_nested_branch_dag.py took 0.100 seconds
[2025-09-22T00:07:01.977+0000] {processor.py:186} INFO - Started process (PID=6108) to work on /home/airflow/.local/lib/python3.12/site-packages/airflow/example_dags/example_nested_branch_dag.py
[2025-09-22T00:07:01.978+0000] {processor.py:914} INFO - Processing file /home/airflow/.local/lib/python3.12/site-packages/airflow/example_dags/example_nested_branch_dag.py for tasks to queue
[2025-09-22T00:07:01.980+0000] {logging_mixin.py:190} INFO - [2025-09-22T00:07:01.980+0000] {dagbag.py:588} INFO - Filling up the DagBag from /home/airflow/.local/lib/python3.12/site-packages/airflow/example_dags/example_nested_branch_dag.py
[2025-09-22T00:07:01.993+0000] {processor.py:925} INFO - DAG(s) 'example_nested_branch_dag' retrieved from /home/airflow/.local/lib/python3.12/site-packages/airflow/example_dags/example_nested_branch_dag.py
[2025-09-22T00:07:02.018+0000] {logging_mixin.py:190} INFO - [2025-09-22T00:07:02.018+0000] {dag.py:3239} INFO - Sync 1 DAGs
[2025-09-22T00:07:02.043+0000] {logging_mixin.py:190} INFO - [2025-09-22T00:07:02.043+0000] {dag.py:4180} INFO - Setting next_dagrun for example_nested_branch_dag to 2025-09-21 00:00:00+00:00, run_after=2025-09-22 00:00:00+00:00
[2025-09-22T00:07:02.098+0000] {processor.py:208} INFO - Processing /home/airflow/.local/lib/python3.12/site-packages/airflow/example_dags/example_nested_branch_dag.py took 0.126 seconds
[2025-09-22T00:07:33.845+0000] {processor.py:186} INFO - Started process (PID=6175) to work on /home/airflow/.local/lib/python3.12/site-packages/airflow/example_dags/example_nested_branch_dag.py
[2025-09-22T00:07:33.846+0000] {processor.py:914} INFO - Processing file /home/airflow/.local/lib/python3.12/site-packages/airflow/example_dags/example_nested_branch_dag.py for tasks to queue
[2025-09-22T00:07:33.848+0000] {logging_mixin.py:190} INFO - [2025-09-22T00:07:33.848+0000] {dagbag.py:588} INFO - Filling up the DagBag from /home/airflow/.local/lib/python3.12/site-packages/airflow/example_dags/example_nested_branch_dag.py
[2025-09-22T00:07:33.857+0000] {processor.py:925} INFO - DAG(s) 'example_nested_branch_dag' retrieved from /home/airflow/.local/lib/python3.12/site-packages/airflow/example_dags/example_nested_branch_dag.py
[2025-09-22T00:07:33.874+0000] {logging_mixin.py:190} INFO - [2025-09-22T00:07:33.874+0000] {dag.py:3239} INFO - Sync 1 DAGs
[2025-09-22T00:07:33.894+0000] {logging_mixin.py:190} INFO - [2025-09-22T00:07:33.894+0000] {dag.py:4180} INFO - Setting next_dagrun for example_nested_branch_dag to 2025-09-21 00:00:00+00:00, run_after=2025-09-22 00:00:00+00:00
[2025-09-22T00:07:33.947+0000] {processor.py:208} INFO - Processing /home/airflow/.local/lib/python3.12/site-packages/airflow/example_dags/example_nested_branch_dag.py took 0.107 seconds
[2025-09-22T00:08:07.462+0000] {processor.py:186} INFO - Started process (PID=6228) to work on /home/airflow/.local/lib/python3.12/site-packages/airflow/example_dags/example_nested_branch_dag.py
[2025-09-22T00:08:07.463+0000] {processor.py:914} INFO - Processing file /home/airflow/.local/lib/python3.12/site-packages/airflow/example_dags/example_nested_branch_dag.py for tasks to queue
[2025-09-22T00:08:07.464+0000] {logging_mixin.py:190} INFO - [2025-09-22T00:08:07.464+0000] {dagbag.py:588} INFO - Filling up the DagBag from /home/airflow/.local/lib/python3.12/site-packages/airflow/example_dags/example_nested_branch_dag.py
[2025-09-22T00:08:07.474+0000] {processor.py:925} INFO - DAG(s) 'example_nested_branch_dag' retrieved from /home/airflow/.local/lib/python3.12/site-packages/airflow/example_dags/example_nested_branch_dag.py
[2025-09-22T00:08:07.491+0000] {logging_mixin.py:190} INFO - [2025-09-22T00:08:07.491+0000] {dag.py:3239} INFO - Sync 1 DAGs
[2025-09-22T00:08:07.511+0000] {logging_mixin.py:190} INFO - [2025-09-22T00:08:07.511+0000] {dag.py:4180} INFO - Setting next_dagrun for example_nested_branch_dag to 2025-09-21 00:00:00+00:00, run_after=2025-09-22 00:00:00+00:00
[2025-09-22T00:08:07.570+0000] {processor.py:208} INFO - Processing /home/airflow/.local/lib/python3.12/site-packages/airflow/example_dags/example_nested_branch_dag.py took 0.113 seconds
[2025-09-22T00:08:38.281+0000] {processor.py:186} INFO - Started process (PID=6292) to work on /home/airflow/.local/lib/python3.12/site-packages/airflow/example_dags/example_nested_branch_dag.py
[2025-09-22T00:08:38.282+0000] {processor.py:914} INFO - Processing file /home/airflow/.local/lib/python3.12/site-packages/airflow/example_dags/example_nested_branch_dag.py for tasks to queue
[2025-09-22T00:08:38.285+0000] {logging_mixin.py:190} INFO - [2025-09-22T00:08:38.284+0000] {dagbag.py:588} INFO - Filling up the DagBag from /home/airflow/.local/lib/python3.12/site-packages/airflow/example_dags/example_nested_branch_dag.py
[2025-09-22T00:08:38.296+0000] {processor.py:925} INFO - DAG(s) 'example_nested_branch_dag' retrieved from /home/airflow/.local/lib/python3.12/site-packages/airflow/example_dags/example_nested_branch_dag.py
[2025-09-22T00:08:38.315+0000] {logging_mixin.py:190} INFO - [2025-09-22T00:08:38.315+0000] {dag.py:3239} INFO - Sync 1 DAGs
[2025-09-22T00:08:38.339+0000] {logging_mixin.py:190} INFO - [2025-09-22T00:08:38.338+0000] {dag.py:4180} INFO - Setting next_dagrun for example_nested_branch_dag to 2025-09-21 00:00:00+00:00, run_after=2025-09-22 00:00:00+00:00
[2025-09-22T00:08:38.379+0000] {processor.py:208} INFO - Processing /home/airflow/.local/lib/python3.12/site-packages/airflow/example_dags/example_nested_branch_dag.py took 0.103 seconds
[2025-09-22T00:09:09.678+0000] {processor.py:186} INFO - Started process (PID=6356) to work on /home/airflow/.local/lib/python3.12/site-packages/airflow/example_dags/example_nested_branch_dag.py
[2025-09-22T00:09:09.679+0000] {processor.py:914} INFO - Processing file /home/airflow/.local/lib/python3.12/site-packages/airflow/example_dags/example_nested_branch_dag.py for tasks to queue
[2025-09-22T00:09:09.681+0000] {logging_mixin.py:190} INFO - [2025-09-22T00:09:09.681+0000] {dagbag.py:588} INFO - Filling up the DagBag from /home/airflow/.local/lib/python3.12/site-packages/airflow/example_dags/example_nested_branch_dag.py
[2025-09-22T00:09:09.692+0000] {processor.py:925} INFO - DAG(s) 'example_nested_branch_dag' retrieved from /home/airflow/.local/lib/python3.12/site-packages/airflow/example_dags/example_nested_branch_dag.py
[2025-09-22T00:09:09.715+0000] {logging_mixin.py:190} INFO - [2025-09-22T00:09:09.714+0000] {dag.py:3239} INFO - Sync 1 DAGs
[2025-09-22T00:09:09.737+0000] {logging_mixin.py:190} INFO - [2025-09-22T00:09:09.737+0000] {dag.py:4180} INFO - Setting next_dagrun for example_nested_branch_dag to 2025-09-21 00:00:00+00:00, run_after=2025-09-22 00:00:00+00:00
[2025-09-22T00:09:09.780+0000] {processor.py:208} INFO - Processing /home/airflow/.local/lib/python3.12/site-packages/airflow/example_dags/example_nested_branch_dag.py took 0.108 seconds
[2025-09-22T00:09:41.463+0000] {processor.py:186} INFO - Started process (PID=6419) to work on /home/airflow/.local/lib/python3.12/site-packages/airflow/example_dags/example_nested_branch_dag.py
[2025-09-22T00:09:41.464+0000] {processor.py:914} INFO - Processing file /home/airflow/.local/lib/python3.12/site-packages/airflow/example_dags/example_nested_branch_dag.py for tasks to queue
[2025-09-22T00:09:41.466+0000] {logging_mixin.py:190} INFO - [2025-09-22T00:09:41.466+0000] {dagbag.py:588} INFO - Filling up the DagBag from /home/airflow/.local/lib/python3.12/site-packages/airflow/example_dags/example_nested_branch_dag.py
[2025-09-22T00:09:41.475+0000] {processor.py:925} INFO - DAG(s) 'example_nested_branch_dag' retrieved from /home/airflow/.local/lib/python3.12/site-packages/airflow/example_dags/example_nested_branch_dag.py
[2025-09-22T00:09:41.492+0000] {logging_mixin.py:190} INFO - [2025-09-22T00:09:41.492+0000] {dag.py:3239} INFO - Sync 1 DAGs
[2025-09-22T00:09:41.512+0000] {logging_mixin.py:190} INFO - [2025-09-22T00:09:41.511+0000] {dag.py:4180} INFO - Setting next_dagrun for example_nested_branch_dag to 2025-09-21 00:00:00+00:00, run_after=2025-09-22 00:00:00+00:00
[2025-09-22T00:09:41.550+0000] {processor.py:208} INFO - Processing /home/airflow/.local/lib/python3.12/site-packages/airflow/example_dags/example_nested_branch_dag.py took 0.092 seconds
[2025-09-22T00:10:14.962+0000] {processor.py:186} INFO - Started process (PID=6484) to work on /home/airflow/.local/lib/python3.12/site-packages/airflow/example_dags/example_nested_branch_dag.py
[2025-09-22T00:10:14.963+0000] {processor.py:914} INFO - Processing file /home/airflow/.local/lib/python3.12/site-packages/airflow/example_dags/example_nested_branch_dag.py for tasks to queue
[2025-09-22T00:10:14.965+0000] {logging_mixin.py:190} INFO - [2025-09-22T00:10:14.965+0000] {dagbag.py:588} INFO - Filling up the DagBag from /home/airflow/.local/lib/python3.12/site-packages/airflow/example_dags/example_nested_branch_dag.py
[2025-09-22T00:10:14.975+0000] {processor.py:925} INFO - DAG(s) 'example_nested_branch_dag' retrieved from /home/airflow/.local/lib/python3.12/site-packages/airflow/example_dags/example_nested_branch_dag.py
[2025-09-22T00:10:14.994+0000] {logging_mixin.py:190} INFO - [2025-09-22T00:10:14.993+0000] {dag.py:3239} INFO - Sync 1 DAGs
[2025-09-22T00:10:15.014+0000] {logging_mixin.py:190} INFO - [2025-09-22T00:10:15.014+0000] {dag.py:4180} INFO - Setting next_dagrun for example_nested_branch_dag to 2025-09-21 00:00:00+00:00, run_after=2025-09-22 00:00:00+00:00
[2025-09-22T00:10:15.054+0000] {processor.py:208} INFO - Processing /home/airflow/.local/lib/python3.12/site-packages/airflow/example_dags/example_nested_branch_dag.py took 0.098 seconds
[2025-09-22T00:10:46.381+0000] {processor.py:186} INFO - Started process (PID=6548) to work on /home/airflow/.local/lib/python3.12/site-packages/airflow/example_dags/example_nested_branch_dag.py
[2025-09-22T00:10:46.382+0000] {processor.py:914} INFO - Processing file /home/airflow/.local/lib/python3.12/site-packages/airflow/example_dags/example_nested_branch_dag.py for tasks to queue
[2025-09-22T00:10:46.384+0000] {logging_mixin.py:190} INFO - [2025-09-22T00:10:46.384+0000] {dagbag.py:588} INFO - Filling up the DagBag from /home/airflow/.local/lib/python3.12/site-packages/airflow/example_dags/example_nested_branch_dag.py
[2025-09-22T00:10:46.394+0000] {processor.py:925} INFO - DAG(s) 'example_nested_branch_dag' retrieved from /home/airflow/.local/lib/python3.12/site-packages/airflow/example_dags/example_nested_branch_dag.py
[2025-09-22T00:10:46.413+0000] {logging_mixin.py:190} INFO - [2025-09-22T00:10:46.412+0000] {dag.py:3239} INFO - Sync 1 DAGs
[2025-09-22T00:10:46.433+0000] {logging_mixin.py:190} INFO - [2025-09-22T00:10:46.433+0000] {dag.py:4180} INFO - Setting next_dagrun for example_nested_branch_dag to 2025-09-21 00:00:00+00:00, run_after=2025-09-22 00:00:00+00:00
[2025-09-22T00:10:46.472+0000] {processor.py:208} INFO - Processing /home/airflow/.local/lib/python3.12/site-packages/airflow/example_dags/example_nested_branch_dag.py took 0.097 seconds
[2025-09-22T00:11:18.211+0000] {processor.py:186} INFO - Started process (PID=6610) to work on /home/airflow/.local/lib/python3.12/site-packages/airflow/example_dags/example_nested_branch_dag.py
[2025-09-22T00:11:18.212+0000] {processor.py:914} INFO - Processing file /home/airflow/.local/lib/python3.12/site-packages/airflow/example_dags/example_nested_branch_dag.py for tasks to queue
[2025-09-22T00:11:18.214+0000] {logging_mixin.py:190} INFO - [2025-09-22T00:11:18.214+0000] {dagbag.py:588} INFO - Filling up the DagBag from /home/airflow/.local/lib/python3.12/site-packages/airflow/example_dags/example_nested_branch_dag.py
[2025-09-22T00:11:18.224+0000] {processor.py:925} INFO - DAG(s) 'example_nested_branch_dag' retrieved from /home/airflow/.local/lib/python3.12/site-packages/airflow/example_dags/example_nested_branch_dag.py
[2025-09-22T00:11:18.243+0000] {logging_mixin.py:190} INFO - [2025-09-22T00:11:18.243+0000] {dag.py:3239} INFO - Sync 1 DAGs
[2025-09-22T00:11:18.266+0000] {logging_mixin.py:190} INFO - [2025-09-22T00:11:18.266+0000] {dag.py:4180} INFO - Setting next_dagrun for example_nested_branch_dag to 2025-09-21 00:00:00+00:00, run_after=2025-09-22 00:00:00+00:00
[2025-09-22T00:11:18.321+0000] {processor.py:208} INFO - Processing /home/airflow/.local/lib/python3.12/site-packages/airflow/example_dags/example_nested_branch_dag.py took 0.117 seconds
[2025-09-22T00:11:50.097+0000] {processor.py:186} INFO - Started process (PID=6673) to work on /home/airflow/.local/lib/python3.12/site-packages/airflow/example_dags/example_nested_branch_dag.py
[2025-09-22T00:11:50.098+0000] {processor.py:914} INFO - Processing file /home/airflow/.local/lib/python3.12/site-packages/airflow/example_dags/example_nested_branch_dag.py for tasks to queue
[2025-09-22T00:11:50.100+0000] {logging_mixin.py:190} INFO - [2025-09-22T00:11:50.100+0000] {dagbag.py:588} INFO - Filling up the DagBag from /home/airflow/.local/lib/python3.12/site-packages/airflow/example_dags/example_nested_branch_dag.py
[2025-09-22T00:11:50.109+0000] {processor.py:925} INFO - DAG(s) 'example_nested_branch_dag' retrieved from /home/airflow/.local/lib/python3.12/site-packages/airflow/example_dags/example_nested_branch_dag.py
[2025-09-22T00:11:50.127+0000] {logging_mixin.py:190} INFO - [2025-09-22T00:11:50.127+0000] {dag.py:3239} INFO - Sync 1 DAGs
[2025-09-22T00:11:50.146+0000] {logging_mixin.py:190} INFO - [2025-09-22T00:11:50.146+0000] {dag.py:4180} INFO - Setting next_dagrun for example_nested_branch_dag to 2025-09-21 00:00:00+00:00, run_after=2025-09-22 00:00:00+00:00
[2025-09-22T00:11:50.183+0000] {processor.py:208} INFO - Processing /home/airflow/.local/lib/python3.12/site-packages/airflow/example_dags/example_nested_branch_dag.py took 0.090 seconds
[2025-09-22T00:12:21.360+0000] {processor.py:186} INFO - Started process (PID=6737) to work on /home/airflow/.local/lib/python3.12/site-packages/airflow/example_dags/example_nested_branch_dag.py
[2025-09-22T00:12:21.360+0000] {processor.py:914} INFO - Processing file /home/airflow/.local/lib/python3.12/site-packages/airflow/example_dags/example_nested_branch_dag.py for tasks to queue
[2025-09-22T00:12:21.362+0000] {logging_mixin.py:190} INFO - [2025-09-22T00:12:21.362+0000] {dagbag.py:588} INFO - Filling up the DagBag from /home/airflow/.local/lib/python3.12/site-packages/airflow/example_dags/example_nested_branch_dag.py
[2025-09-22T00:12:21.371+0000] {processor.py:925} INFO - DAG(s) 'example_nested_branch_dag' retrieved from /home/airflow/.local/lib/python3.12/site-packages/airflow/example_dags/example_nested_branch_dag.py
[2025-09-22T00:12:21.388+0000] {logging_mixin.py:190} INFO - [2025-09-22T00:12:21.388+0000] {dag.py:3239} INFO - Sync 1 DAGs
[2025-09-22T00:12:21.407+0000] {logging_mixin.py:190} INFO - [2025-09-22T00:12:21.406+0000] {dag.py:4180} INFO - Setting next_dagrun for example_nested_branch_dag to 2025-09-21 00:00:00+00:00, run_after=2025-09-22 00:00:00+00:00
[2025-09-22T00:12:22.195+0000] {processor.py:208} INFO - Processing /home/airflow/.local/lib/python3.12/site-packages/airflow/example_dags/example_nested_branch_dag.py took 0.840 seconds
[2025-09-22T00:12:53.072+0000] {processor.py:186} INFO - Started process (PID=6801) to work on /home/airflow/.local/lib/python3.12/site-packages/airflow/example_dags/example_nested_branch_dag.py
[2025-09-22T00:12:53.073+0000] {processor.py:914} INFO - Processing file /home/airflow/.local/lib/python3.12/site-packages/airflow/example_dags/example_nested_branch_dag.py for tasks to queue
[2025-09-22T00:12:53.075+0000] {logging_mixin.py:190} INFO - [2025-09-22T00:12:53.075+0000] {dagbag.py:588} INFO - Filling up the DagBag from /home/airflow/.local/lib/python3.12/site-packages/airflow/example_dags/example_nested_branch_dag.py
[2025-09-22T00:12:53.086+0000] {processor.py:925} INFO - DAG(s) 'example_nested_branch_dag' retrieved from /home/airflow/.local/lib/python3.12/site-packages/airflow/example_dags/example_nested_branch_dag.py
[2025-09-22T00:12:53.106+0000] {logging_mixin.py:190} INFO - [2025-09-22T00:12:53.105+0000] {dag.py:3239} INFO - Sync 1 DAGs
[2025-09-22T00:12:53.127+0000] {logging_mixin.py:190} INFO - [2025-09-22T00:12:53.127+0000] {dag.py:4180} INFO - Setting next_dagrun for example_nested_branch_dag to 2025-09-21 00:00:00+00:00, run_after=2025-09-22 00:00:00+00:00
[2025-09-22T00:12:53.186+0000] {processor.py:208} INFO - Processing /home/airflow/.local/lib/python3.12/site-packages/airflow/example_dags/example_nested_branch_dag.py took 0.118 seconds
[2025-09-22T00:13:23.886+0000] {processor.py:186} INFO - Started process (PID=6865) to work on /home/airflow/.local/lib/python3.12/site-packages/airflow/example_dags/example_nested_branch_dag.py
[2025-09-22T00:13:23.887+0000] {processor.py:914} INFO - Processing file /home/airflow/.local/lib/python3.12/site-packages/airflow/example_dags/example_nested_branch_dag.py for tasks to queue
[2025-09-22T00:13:23.889+0000] {logging_mixin.py:190} INFO - [2025-09-22T00:13:23.888+0000] {dagbag.py:588} INFO - Filling up the DagBag from /home/airflow/.local/lib/python3.12/site-packages/airflow/example_dags/example_nested_branch_dag.py
[2025-09-22T00:13:23.899+0000] {processor.py:925} INFO - DAG(s) 'example_nested_branch_dag' retrieved from /home/airflow/.local/lib/python3.12/site-packages/airflow/example_dags/example_nested_branch_dag.py
[2025-09-22T00:13:23.922+0000] {logging_mixin.py:190} INFO - [2025-09-22T00:13:23.922+0000] {dag.py:3239} INFO - Sync 1 DAGs
[2025-09-22T00:13:23.946+0000] {logging_mixin.py:190} INFO - [2025-09-22T00:13:23.946+0000] {dag.py:4180} INFO - Setting next_dagrun for example_nested_branch_dag to 2025-09-21 00:00:00+00:00, run_after=2025-09-22 00:00:00+00:00
[2025-09-22T00:13:24.013+0000] {processor.py:208} INFO - Processing /home/airflow/.local/lib/python3.12/site-packages/airflow/example_dags/example_nested_branch_dag.py took 0.132 seconds
[2025-09-22T00:13:54.139+0000] {processor.py:186} INFO - Started process (PID=6929) to work on /home/airflow/.local/lib/python3.12/site-packages/airflow/example_dags/example_nested_branch_dag.py
[2025-09-22T00:13:54.140+0000] {processor.py:914} INFO - Processing file /home/airflow/.local/lib/python3.12/site-packages/airflow/example_dags/example_nested_branch_dag.py for tasks to queue
[2025-09-22T00:13:54.142+0000] {logging_mixin.py:190} INFO - [2025-09-22T00:13:54.142+0000] {dagbag.py:588} INFO - Filling up the DagBag from /home/airflow/.local/lib/python3.12/site-packages/airflow/example_dags/example_nested_branch_dag.py
[2025-09-22T00:13:54.153+0000] {processor.py:925} INFO - DAG(s) 'example_nested_branch_dag' retrieved from /home/airflow/.local/lib/python3.12/site-packages/airflow/example_dags/example_nested_branch_dag.py
[2025-09-22T00:13:54.174+0000] {logging_mixin.py:190} INFO - [2025-09-22T00:13:54.174+0000] {dag.py:3239} INFO - Sync 1 DAGs
[2025-09-22T00:13:54.199+0000] {logging_mixin.py:190} INFO - [2025-09-22T00:13:54.199+0000] {dag.py:4180} INFO - Setting next_dagrun for example_nested_branch_dag to 2025-09-21 00:00:00+00:00, run_after=2025-09-22 00:00:00+00:00
[2025-09-22T00:13:54.239+0000] {processor.py:208} INFO - Processing /home/airflow/.local/lib/python3.12/site-packages/airflow/example_dags/example_nested_branch_dag.py took 0.105 seconds
[2025-09-22T00:14:25.099+0000] {processor.py:186} INFO - Started process (PID=6993) to work on /home/airflow/.local/lib/python3.12/site-packages/airflow/example_dags/example_nested_branch_dag.py
[2025-09-22T00:14:25.099+0000] {processor.py:914} INFO - Processing file /home/airflow/.local/lib/python3.12/site-packages/airflow/example_dags/example_nested_branch_dag.py for tasks to queue
[2025-09-22T00:14:25.101+0000] {logging_mixin.py:190} INFO - [2025-09-22T00:14:25.101+0000] {dagbag.py:588} INFO - Filling up the DagBag from /home/airflow/.local/lib/python3.12/site-packages/airflow/example_dags/example_nested_branch_dag.py
[2025-09-22T00:14:25.111+0000] {processor.py:925} INFO - DAG(s) 'example_nested_branch_dag' retrieved from /home/airflow/.local/lib/python3.12/site-packages/airflow/example_dags/example_nested_branch_dag.py
[2025-09-22T00:14:25.131+0000] {logging_mixin.py:190} INFO - [2025-09-22T00:14:25.131+0000] {dag.py:3239} INFO - Sync 1 DAGs
[2025-09-22T00:14:25.151+0000] {logging_mixin.py:190} INFO - [2025-09-22T00:14:25.151+0000] {dag.py:4180} INFO - Setting next_dagrun for example_nested_branch_dag to 2025-09-21 00:00:00+00:00, run_after=2025-09-22 00:00:00+00:00
[2025-09-22T00:14:25.197+0000] {processor.py:208} INFO - Processing /home/airflow/.local/lib/python3.12/site-packages/airflow/example_dags/example_nested_branch_dag.py took 0.104 seconds
[2025-09-22T00:14:56.449+0000] {processor.py:186} INFO - Started process (PID=7057) to work on /home/airflow/.local/lib/python3.12/site-packages/airflow/example_dags/example_nested_branch_dag.py
[2025-09-22T00:14:56.449+0000] {processor.py:914} INFO - Processing file /home/airflow/.local/lib/python3.12/site-packages/airflow/example_dags/example_nested_branch_dag.py for tasks to queue
[2025-09-22T00:14:56.451+0000] {logging_mixin.py:190} INFO - [2025-09-22T00:14:56.451+0000] {dagbag.py:588} INFO - Filling up the DagBag from /home/airflow/.local/lib/python3.12/site-packages/airflow/example_dags/example_nested_branch_dag.py
[2025-09-22T00:14:56.461+0000] {processor.py:925} INFO - DAG(s) 'example_nested_branch_dag' retrieved from /home/airflow/.local/lib/python3.12/site-packages/airflow/example_dags/example_nested_branch_dag.py
[2025-09-22T00:14:56.480+0000] {logging_mixin.py:190} INFO - [2025-09-22T00:14:56.480+0000] {dag.py:3239} INFO - Sync 1 DAGs
[2025-09-22T00:14:56.502+0000] {logging_mixin.py:190} INFO - [2025-09-22T00:14:56.502+0000] {dag.py:4180} INFO - Setting next_dagrun for example_nested_branch_dag to 2025-09-21 00:00:00+00:00, run_after=2025-09-22 00:00:00+00:00
[2025-09-22T00:14:56.548+0000] {processor.py:208} INFO - Processing /home/airflow/.local/lib/python3.12/site-packages/airflow/example_dags/example_nested_branch_dag.py took 0.105 seconds
[2025-09-22T00:15:27.857+0000] {processor.py:186} INFO - Started process (PID=7121) to work on /home/airflow/.local/lib/python3.12/site-packages/airflow/example_dags/example_nested_branch_dag.py
[2025-09-22T00:15:27.858+0000] {processor.py:914} INFO - Processing file /home/airflow/.local/lib/python3.12/site-packages/airflow/example_dags/example_nested_branch_dag.py for tasks to queue
[2025-09-22T00:15:27.860+0000] {logging_mixin.py:190} INFO - [2025-09-22T00:15:27.860+0000] {dagbag.py:588} INFO - Filling up the DagBag from /home/airflow/.local/lib/python3.12/site-packages/airflow/example_dags/example_nested_branch_dag.py
[2025-09-22T00:15:27.871+0000] {processor.py:925} INFO - DAG(s) 'example_nested_branch_dag' retrieved from /home/airflow/.local/lib/python3.12/site-packages/airflow/example_dags/example_nested_branch_dag.py
[2025-09-22T00:15:27.894+0000] {logging_mixin.py:190} INFO - [2025-09-22T00:15:27.894+0000] {dag.py:3239} INFO - Sync 1 DAGs
[2025-09-22T00:15:27.922+0000] {logging_mixin.py:190} INFO - [2025-09-22T00:15:27.922+0000] {dag.py:4180} INFO - Setting next_dagrun for example_nested_branch_dag to 2025-09-21 00:00:00+00:00, run_after=2025-09-22 00:00:00+00:00
[2025-09-22T00:15:27.960+0000] {processor.py:208} INFO - Processing /home/airflow/.local/lib/python3.12/site-packages/airflow/example_dags/example_nested_branch_dag.py took 0.109 seconds
[2025-09-22T00:15:58.746+0000] {processor.py:186} INFO - Started process (PID=7185) to work on /home/airflow/.local/lib/python3.12/site-packages/airflow/example_dags/example_nested_branch_dag.py
[2025-09-22T00:15:58.747+0000] {processor.py:914} INFO - Processing file /home/airflow/.local/lib/python3.12/site-packages/airflow/example_dags/example_nested_branch_dag.py for tasks to queue
[2025-09-22T00:15:58.750+0000] {logging_mixin.py:190} INFO - [2025-09-22T00:15:58.749+0000] {dagbag.py:588} INFO - Filling up the DagBag from /home/airflow/.local/lib/python3.12/site-packages/airflow/example_dags/example_nested_branch_dag.py
[2025-09-22T00:15:58.763+0000] {processor.py:925} INFO - DAG(s) 'example_nested_branch_dag' retrieved from /home/airflow/.local/lib/python3.12/site-packages/airflow/example_dags/example_nested_branch_dag.py
[2025-09-22T00:15:58.796+0000] {logging_mixin.py:190} INFO - [2025-09-22T00:15:58.795+0000] {dag.py:3239} INFO - Sync 1 DAGs
[2025-09-22T00:15:58.831+0000] {logging_mixin.py:190} INFO - [2025-09-22T00:15:58.830+0000] {dag.py:4180} INFO - Setting next_dagrun for example_nested_branch_dag to 2025-09-21 00:00:00+00:00, run_after=2025-09-22 00:00:00+00:00
[2025-09-22T00:15:58.879+0000] {processor.py:208} INFO - Processing /home/airflow/.local/lib/python3.12/site-packages/airflow/example_dags/example_nested_branch_dag.py took 0.140 seconds
[2025-09-22T00:16:30.319+0000] {processor.py:186} INFO - Started process (PID=7249) to work on /home/airflow/.local/lib/python3.12/site-packages/airflow/example_dags/example_nested_branch_dag.py
[2025-09-22T00:16:30.320+0000] {processor.py:914} INFO - Processing file /home/airflow/.local/lib/python3.12/site-packages/airflow/example_dags/example_nested_branch_dag.py for tasks to queue
[2025-09-22T00:16:30.322+0000] {logging_mixin.py:190} INFO - [2025-09-22T00:16:30.321+0000] {dagbag.py:588} INFO - Filling up the DagBag from /home/airflow/.local/lib/python3.12/site-packages/airflow/example_dags/example_nested_branch_dag.py
[2025-09-22T00:16:30.333+0000] {processor.py:925} INFO - DAG(s) 'example_nested_branch_dag' retrieved from /home/airflow/.local/lib/python3.12/site-packages/airflow/example_dags/example_nested_branch_dag.py
[2025-09-22T00:16:30.354+0000] {logging_mixin.py:190} INFO - [2025-09-22T00:16:30.354+0000] {dag.py:3239} INFO - Sync 1 DAGs
[2025-09-22T00:16:30.378+0000] {logging_mixin.py:190} INFO - [2025-09-22T00:16:30.378+0000] {dag.py:4180} INFO - Setting next_dagrun for example_nested_branch_dag to 2025-09-21 00:00:00+00:00, run_after=2025-09-22 00:00:00+00:00
[2025-09-22T00:16:30.427+0000] {processor.py:208} INFO - Processing /home/airflow/.local/lib/python3.12/site-packages/airflow/example_dags/example_nested_branch_dag.py took 0.114 seconds
[2025-09-22T00:17:01.937+0000] {processor.py:186} INFO - Started process (PID=7313) to work on /home/airflow/.local/lib/python3.12/site-packages/airflow/example_dags/example_nested_branch_dag.py
[2025-09-22T00:17:01.938+0000] {processor.py:914} INFO - Processing file /home/airflow/.local/lib/python3.12/site-packages/airflow/example_dags/example_nested_branch_dag.py for tasks to queue
[2025-09-22T00:17:01.940+0000] {logging_mixin.py:190} INFO - [2025-09-22T00:17:01.940+0000] {dagbag.py:588} INFO - Filling up the DagBag from /home/airflow/.local/lib/python3.12/site-packages/airflow/example_dags/example_nested_branch_dag.py
[2025-09-22T00:17:01.953+0000] {processor.py:925} INFO - DAG(s) 'example_nested_branch_dag' retrieved from /home/airflow/.local/lib/python3.12/site-packages/airflow/example_dags/example_nested_branch_dag.py
[2025-09-22T00:17:01.978+0000] {logging_mixin.py:190} INFO - [2025-09-22T00:17:01.978+0000] {dag.py:3239} INFO - Sync 1 DAGs
[2025-09-22T00:17:02.001+0000] {logging_mixin.py:190} INFO - [2025-09-22T00:17:02.001+0000] {dag.py:4180} INFO - Setting next_dagrun for example_nested_branch_dag to 2025-09-21 00:00:00+00:00, run_after=2025-09-22 00:00:00+00:00
[2025-09-22T00:17:02.046+0000] {processor.py:208} INFO - Processing /home/airflow/.local/lib/python3.12/site-packages/airflow/example_dags/example_nested_branch_dag.py took 0.119 seconds
[2025-09-22T00:17:33.322+0000] {processor.py:186} INFO - Started process (PID=7383) to work on /home/airflow/.local/lib/python3.12/site-packages/airflow/example_dags/example_nested_branch_dag.py
[2025-09-22T00:17:33.323+0000] {processor.py:914} INFO - Processing file /home/airflow/.local/lib/python3.12/site-packages/airflow/example_dags/example_nested_branch_dag.py for tasks to queue
[2025-09-22T00:17:33.325+0000] {logging_mixin.py:190} INFO - [2025-09-22T00:17:33.325+0000] {dagbag.py:588} INFO - Filling up the DagBag from /home/airflow/.local/lib/python3.12/site-packages/airflow/example_dags/example_nested_branch_dag.py
[2025-09-22T00:17:33.336+0000] {processor.py:925} INFO - DAG(s) 'example_nested_branch_dag' retrieved from /home/airflow/.local/lib/python3.12/site-packages/airflow/example_dags/example_nested_branch_dag.py
[2025-09-22T00:17:33.359+0000] {logging_mixin.py:190} INFO - [2025-09-22T00:17:33.358+0000] {dag.py:3239} INFO - Sync 1 DAGs
[2025-09-22T00:17:33.383+0000] {logging_mixin.py:190} INFO - [2025-09-22T00:17:33.383+0000] {dag.py:4180} INFO - Setting next_dagrun for example_nested_branch_dag to 2025-09-21 00:00:00+00:00, run_after=2025-09-22 00:00:00+00:00
[2025-09-22T00:17:33.435+0000] {processor.py:208} INFO - Processing /home/airflow/.local/lib/python3.12/site-packages/airflow/example_dags/example_nested_branch_dag.py took 0.120 seconds
[2025-09-22T00:18:05.168+0000] {processor.py:186} INFO - Started process (PID=7447) to work on /home/airflow/.local/lib/python3.12/site-packages/airflow/example_dags/example_nested_branch_dag.py
[2025-09-22T00:18:05.169+0000] {processor.py:914} INFO - Processing file /home/airflow/.local/lib/python3.12/site-packages/airflow/example_dags/example_nested_branch_dag.py for tasks to queue
[2025-09-22T00:18:05.171+0000] {logging_mixin.py:190} INFO - [2025-09-22T00:18:05.171+0000] {dagbag.py:588} INFO - Filling up the DagBag from /home/airflow/.local/lib/python3.12/site-packages/airflow/example_dags/example_nested_branch_dag.py
[2025-09-22T00:18:05.181+0000] {processor.py:925} INFO - DAG(s) 'example_nested_branch_dag' retrieved from /home/airflow/.local/lib/python3.12/site-packages/airflow/example_dags/example_nested_branch_dag.py
[2025-09-22T00:18:05.201+0000] {logging_mixin.py:190} INFO - [2025-09-22T00:18:05.201+0000] {dag.py:3239} INFO - Sync 1 DAGs
[2025-09-22T00:18:05.223+0000] {logging_mixin.py:190} INFO - [2025-09-22T00:18:05.223+0000] {dag.py:4180} INFO - Setting next_dagrun for example_nested_branch_dag to 2025-09-21 00:00:00+00:00, run_after=2025-09-22 00:00:00+00:00
[2025-09-22T00:18:05.277+0000] {processor.py:208} INFO - Processing /home/airflow/.local/lib/python3.12/site-packages/airflow/example_dags/example_nested_branch_dag.py took 0.113 seconds
[2025-09-22T00:18:36.648+0000] {processor.py:186} INFO - Started process (PID=7511) to work on /home/airflow/.local/lib/python3.12/site-packages/airflow/example_dags/example_nested_branch_dag.py
[2025-09-22T00:18:36.649+0000] {processor.py:914} INFO - Processing file /home/airflow/.local/lib/python3.12/site-packages/airflow/example_dags/example_nested_branch_dag.py for tasks to queue
[2025-09-22T00:18:36.651+0000] {logging_mixin.py:190} INFO - [2025-09-22T00:18:36.651+0000] {dagbag.py:588} INFO - Filling up the DagBag from /home/airflow/.local/lib/python3.12/site-packages/airflow/example_dags/example_nested_branch_dag.py
[2025-09-22T00:18:36.661+0000] {processor.py:925} INFO - DAG(s) 'example_nested_branch_dag' retrieved from /home/airflow/.local/lib/python3.12/site-packages/airflow/example_dags/example_nested_branch_dag.py
[2025-09-22T00:18:36.681+0000] {logging_mixin.py:190} INFO - [2025-09-22T00:18:36.681+0000] {dag.py:3239} INFO - Sync 1 DAGs
[2025-09-22T00:18:36.703+0000] {logging_mixin.py:190} INFO - [2025-09-22T00:18:36.703+0000] {dag.py:4180} INFO - Setting next_dagrun for example_nested_branch_dag to 2025-09-21 00:00:00+00:00, run_after=2025-09-22 00:00:00+00:00
[2025-09-22T00:18:36.747+0000] {processor.py:208} INFO - Processing /home/airflow/.local/lib/python3.12/site-packages/airflow/example_dags/example_nested_branch_dag.py took 0.104 seconds
[2025-09-22T00:19:07.918+0000] {processor.py:186} INFO - Started process (PID=7575) to work on /home/airflow/.local/lib/python3.12/site-packages/airflow/example_dags/example_nested_branch_dag.py
[2025-09-22T00:19:07.919+0000] {processor.py:914} INFO - Processing file /home/airflow/.local/lib/python3.12/site-packages/airflow/example_dags/example_nested_branch_dag.py for tasks to queue
[2025-09-22T00:19:07.921+0000] {logging_mixin.py:190} INFO - [2025-09-22T00:19:07.920+0000] {dagbag.py:588} INFO - Filling up the DagBag from /home/airflow/.local/lib/python3.12/site-packages/airflow/example_dags/example_nested_branch_dag.py
[2025-09-22T00:19:07.930+0000] {processor.py:925} INFO - DAG(s) 'example_nested_branch_dag' retrieved from /home/airflow/.local/lib/python3.12/site-packages/airflow/example_dags/example_nested_branch_dag.py
[2025-09-22T00:19:07.948+0000] {logging_mixin.py:190} INFO - [2025-09-22T00:19:07.948+0000] {dag.py:3239} INFO - Sync 1 DAGs
[2025-09-22T00:19:07.970+0000] {logging_mixin.py:190} INFO - [2025-09-22T00:19:07.969+0000] {dag.py:4180} INFO - Setting next_dagrun for example_nested_branch_dag to 2025-09-21 00:00:00+00:00, run_after=2025-09-22 00:00:00+00:00
[2025-09-22T00:19:08.008+0000] {processor.py:208} INFO - Processing /home/airflow/.local/lib/python3.12/site-packages/airflow/example_dags/example_nested_branch_dag.py took 0.095 seconds
[2025-09-22T00:19:39.087+0000] {processor.py:186} INFO - Started process (PID=7639) to work on /home/airflow/.local/lib/python3.12/site-packages/airflow/example_dags/example_nested_branch_dag.py
[2025-09-22T00:19:39.088+0000] {processor.py:914} INFO - Processing file /home/airflow/.local/lib/python3.12/site-packages/airflow/example_dags/example_nested_branch_dag.py for tasks to queue
[2025-09-22T00:19:39.090+0000] {logging_mixin.py:190} INFO - [2025-09-22T00:19:39.090+0000] {dagbag.py:588} INFO - Filling up the DagBag from /home/airflow/.local/lib/python3.12/site-packages/airflow/example_dags/example_nested_branch_dag.py
[2025-09-22T00:19:39.100+0000] {processor.py:925} INFO - DAG(s) 'example_nested_branch_dag' retrieved from /home/airflow/.local/lib/python3.12/site-packages/airflow/example_dags/example_nested_branch_dag.py
[2025-09-22T00:19:39.120+0000] {logging_mixin.py:190} INFO - [2025-09-22T00:19:39.119+0000] {dag.py:3239} INFO - Sync 1 DAGs
[2025-09-22T00:19:39.140+0000] {logging_mixin.py:190} INFO - [2025-09-22T00:19:39.140+0000] {dag.py:4180} INFO - Setting next_dagrun for example_nested_branch_dag to 2025-09-21 00:00:00+00:00, run_after=2025-09-22 00:00:00+00:00
[2025-09-22T00:19:39.179+0000] {processor.py:208} INFO - Processing /home/airflow/.local/lib/python3.12/site-packages/airflow/example_dags/example_nested_branch_dag.py took 0.097 seconds
[2025-09-22T00:20:09.862+0000] {processor.py:186} INFO - Started process (PID=7703) to work on /home/airflow/.local/lib/python3.12/site-packages/airflow/example_dags/example_nested_branch_dag.py
[2025-09-22T00:20:09.863+0000] {processor.py:914} INFO - Processing file /home/airflow/.local/lib/python3.12/site-packages/airflow/example_dags/example_nested_branch_dag.py for tasks to queue
[2025-09-22T00:20:09.865+0000] {logging_mixin.py:190} INFO - [2025-09-22T00:20:09.864+0000] {dagbag.py:588} INFO - Filling up the DagBag from /home/airflow/.local/lib/python3.12/site-packages/airflow/example_dags/example_nested_branch_dag.py
[2025-09-22T00:20:09.875+0000] {processor.py:925} INFO - DAG(s) 'example_nested_branch_dag' retrieved from /home/airflow/.local/lib/python3.12/site-packages/airflow/example_dags/example_nested_branch_dag.py
[2025-09-22T00:20:09.895+0000] {logging_mixin.py:190} INFO - [2025-09-22T00:20:09.895+0000] {dag.py:3239} INFO - Sync 1 DAGs
[2025-09-22T00:20:09.916+0000] {logging_mixin.py:190} INFO - [2025-09-22T00:20:09.916+0000] {dag.py:4180} INFO - Setting next_dagrun for example_nested_branch_dag to 2025-09-21 00:00:00+00:00, run_after=2025-09-22 00:00:00+00:00
[2025-09-22T00:20:09.958+0000] {processor.py:208} INFO - Processing /home/airflow/.local/lib/python3.12/site-packages/airflow/example_dags/example_nested_branch_dag.py took 0.102 seconds
[2025-09-22T00:20:41.113+0000] {processor.py:186} INFO - Started process (PID=7767) to work on /home/airflow/.local/lib/python3.12/site-packages/airflow/example_dags/example_nested_branch_dag.py
[2025-09-22T00:20:41.114+0000] {processor.py:914} INFO - Processing file /home/airflow/.local/lib/python3.12/site-packages/airflow/example_dags/example_nested_branch_dag.py for tasks to queue
[2025-09-22T00:20:41.116+0000] {logging_mixin.py:190} INFO - [2025-09-22T00:20:41.116+0000] {dagbag.py:588} INFO - Filling up the DagBag from /home/airflow/.local/lib/python3.12/site-packages/airflow/example_dags/example_nested_branch_dag.py
[2025-09-22T00:20:41.126+0000] {processor.py:925} INFO - DAG(s) 'example_nested_branch_dag' retrieved from /home/airflow/.local/lib/python3.12/site-packages/airflow/example_dags/example_nested_branch_dag.py
[2025-09-22T00:20:41.145+0000] {logging_mixin.py:190} INFO - [2025-09-22T00:20:41.145+0000] {dag.py:3239} INFO - Sync 1 DAGs
[2025-09-22T00:20:41.165+0000] {logging_mixin.py:190} INFO - [2025-09-22T00:20:41.165+0000] {dag.py:4180} INFO - Setting next_dagrun for example_nested_branch_dag to 2025-09-21 00:00:00+00:00, run_after=2025-09-22 00:00:00+00:00
[2025-09-22T00:20:41.213+0000] {processor.py:208} INFO - Processing /home/airflow/.local/lib/python3.12/site-packages/airflow/example_dags/example_nested_branch_dag.py took 0.105 seconds
[2025-09-22T00:21:12.657+0000] {processor.py:186} INFO - Started process (PID=7831) to work on /home/airflow/.local/lib/python3.12/site-packages/airflow/example_dags/example_nested_branch_dag.py
[2025-09-22T00:21:12.657+0000] {processor.py:914} INFO - Processing file /home/airflow/.local/lib/python3.12/site-packages/airflow/example_dags/example_nested_branch_dag.py for tasks to queue
[2025-09-22T00:21:12.660+0000] {logging_mixin.py:190} INFO - [2025-09-22T00:21:12.659+0000] {dagbag.py:588} INFO - Filling up the DagBag from /home/airflow/.local/lib/python3.12/site-packages/airflow/example_dags/example_nested_branch_dag.py
[2025-09-22T00:21:12.669+0000] {processor.py:925} INFO - DAG(s) 'example_nested_branch_dag' retrieved from /home/airflow/.local/lib/python3.12/site-packages/airflow/example_dags/example_nested_branch_dag.py
[2025-09-22T00:21:12.689+0000] {logging_mixin.py:190} INFO - [2025-09-22T00:21:12.689+0000] {dag.py:3239} INFO - Sync 1 DAGs
[2025-09-22T00:21:12.709+0000] {logging_mixin.py:190} INFO - [2025-09-22T00:21:12.709+0000] {dag.py:4180} INFO - Setting next_dagrun for example_nested_branch_dag to 2025-09-21 00:00:00+00:00, run_after=2025-09-22 00:00:00+00:00
[2025-09-22T00:21:12.756+0000] {processor.py:208} INFO - Processing /home/airflow/.local/lib/python3.12/site-packages/airflow/example_dags/example_nested_branch_dag.py took 0.104 seconds
[2025-09-22T00:21:43.914+0000] {processor.py:186} INFO - Started process (PID=7895) to work on /home/airflow/.local/lib/python3.12/site-packages/airflow/example_dags/example_nested_branch_dag.py
[2025-09-22T00:21:43.915+0000] {processor.py:914} INFO - Processing file /home/airflow/.local/lib/python3.12/site-packages/airflow/example_dags/example_nested_branch_dag.py for tasks to queue
[2025-09-22T00:21:43.917+0000] {logging_mixin.py:190} INFO - [2025-09-22T00:21:43.917+0000] {dagbag.py:588} INFO - Filling up the DagBag from /home/airflow/.local/lib/python3.12/site-packages/airflow/example_dags/example_nested_branch_dag.py
[2025-09-22T00:21:43.926+0000] {processor.py:925} INFO - DAG(s) 'example_nested_branch_dag' retrieved from /home/airflow/.local/lib/python3.12/site-packages/airflow/example_dags/example_nested_branch_dag.py
[2025-09-22T00:21:43.946+0000] {logging_mixin.py:190} INFO - [2025-09-22T00:21:43.945+0000] {dag.py:3239} INFO - Sync 1 DAGs
[2025-09-22T00:21:43.968+0000] {logging_mixin.py:190} INFO - [2025-09-22T00:21:43.968+0000] {dag.py:4180} INFO - Setting next_dagrun for example_nested_branch_dag to 2025-09-21 00:00:00+00:00, run_after=2025-09-22 00:00:00+00:00
[2025-09-22T00:21:44.013+0000] {processor.py:208} INFO - Processing /home/airflow/.local/lib/python3.12/site-packages/airflow/example_dags/example_nested_branch_dag.py took 0.104 seconds
[2025-09-22T00:22:14.850+0000] {processor.py:186} INFO - Started process (PID=7959) to work on /home/airflow/.local/lib/python3.12/site-packages/airflow/example_dags/example_nested_branch_dag.py
[2025-09-22T00:22:14.851+0000] {processor.py:914} INFO - Processing file /home/airflow/.local/lib/python3.12/site-packages/airflow/example_dags/example_nested_branch_dag.py for tasks to queue
[2025-09-22T00:22:14.853+0000] {logging_mixin.py:190} INFO - [2025-09-22T00:22:14.853+0000] {dagbag.py:588} INFO - Filling up the DagBag from /home/airflow/.local/lib/python3.12/site-packages/airflow/example_dags/example_nested_branch_dag.py
[2025-09-22T00:22:14.863+0000] {processor.py:925} INFO - DAG(s) 'example_nested_branch_dag' retrieved from /home/airflow/.local/lib/python3.12/site-packages/airflow/example_dags/example_nested_branch_dag.py
[2025-09-22T00:22:14.888+0000] {logging_mixin.py:190} INFO - [2025-09-22T00:22:14.888+0000] {dag.py:3239} INFO - Sync 1 DAGs
[2025-09-22T00:22:14.912+0000] {logging_mixin.py:190} INFO - [2025-09-22T00:22:14.912+0000] {dag.py:4180} INFO - Setting next_dagrun for example_nested_branch_dag to 2025-09-21 00:00:00+00:00, run_after=2025-09-22 00:00:00+00:00
[2025-09-22T00:22:14.955+0000] {processor.py:208} INFO - Processing /home/airflow/.local/lib/python3.12/site-packages/airflow/example_dags/example_nested_branch_dag.py took 0.110 seconds
[2025-09-22T00:22:46.116+0000] {processor.py:186} INFO - Started process (PID=8023) to work on /home/airflow/.local/lib/python3.12/site-packages/airflow/example_dags/example_nested_branch_dag.py
[2025-09-22T00:22:46.117+0000] {processor.py:914} INFO - Processing file /home/airflow/.local/lib/python3.12/site-packages/airflow/example_dags/example_nested_branch_dag.py for tasks to queue
[2025-09-22T00:22:46.120+0000] {logging_mixin.py:190} INFO - [2025-09-22T00:22:46.120+0000] {dagbag.py:588} INFO - Filling up the DagBag from /home/airflow/.local/lib/python3.12/site-packages/airflow/example_dags/example_nested_branch_dag.py
[2025-09-22T00:22:46.130+0000] {processor.py:925} INFO - DAG(s) 'example_nested_branch_dag' retrieved from /home/airflow/.local/lib/python3.12/site-packages/airflow/example_dags/example_nested_branch_dag.py
[2025-09-22T00:22:46.149+0000] {logging_mixin.py:190} INFO - [2025-09-22T00:22:46.149+0000] {dag.py:3239} INFO - Sync 1 DAGs
[2025-09-22T00:22:46.170+0000] {logging_mixin.py:190} INFO - [2025-09-22T00:22:46.169+0000] {dag.py:4180} INFO - Setting next_dagrun for example_nested_branch_dag to 2025-09-21 00:00:00+00:00, run_after=2025-09-22 00:00:00+00:00
[2025-09-22T00:22:46.300+0000] {processor.py:208} INFO - Processing /home/airflow/.local/lib/python3.12/site-packages/airflow/example_dags/example_nested_branch_dag.py took 0.189 seconds
[2025-09-22T00:23:16.960+0000] {processor.py:186} INFO - Started process (PID=8087) to work on /home/airflow/.local/lib/python3.12/site-packages/airflow/example_dags/example_nested_branch_dag.py
[2025-09-22T00:23:16.961+0000] {processor.py:914} INFO - Processing file /home/airflow/.local/lib/python3.12/site-packages/airflow/example_dags/example_nested_branch_dag.py for tasks to queue
[2025-09-22T00:23:16.963+0000] {logging_mixin.py:190} INFO - [2025-09-22T00:23:16.962+0000] {dagbag.py:588} INFO - Filling up the DagBag from /home/airflow/.local/lib/python3.12/site-packages/airflow/example_dags/example_nested_branch_dag.py
[2025-09-22T00:23:16.973+0000] {processor.py:925} INFO - DAG(s) 'example_nested_branch_dag' retrieved from /home/airflow/.local/lib/python3.12/site-packages/airflow/example_dags/example_nested_branch_dag.py
[2025-09-22T00:23:16.992+0000] {logging_mixin.py:190} INFO - [2025-09-22T00:23:16.991+0000] {dag.py:3239} INFO - Sync 1 DAGs
[2025-09-22T00:23:17.012+0000] {logging_mixin.py:190} INFO - [2025-09-22T00:23:17.012+0000] {dag.py:4180} INFO - Setting next_dagrun for example_nested_branch_dag to 2025-09-21 00:00:00+00:00, run_after=2025-09-22 00:00:00+00:00
[2025-09-22T00:23:17.052+0000] {processor.py:208} INFO - Processing /home/airflow/.local/lib/python3.12/site-packages/airflow/example_dags/example_nested_branch_dag.py took 0.097 seconds
[2025-09-22T00:23:48.346+0000] {processor.py:186} INFO - Started process (PID=8151) to work on /home/airflow/.local/lib/python3.12/site-packages/airflow/example_dags/example_nested_branch_dag.py
[2025-09-22T00:23:48.347+0000] {processor.py:914} INFO - Processing file /home/airflow/.local/lib/python3.12/site-packages/airflow/example_dags/example_nested_branch_dag.py for tasks to queue
[2025-09-22T00:23:48.349+0000] {logging_mixin.py:190} INFO - [2025-09-22T00:23:48.349+0000] {dagbag.py:588} INFO - Filling up the DagBag from /home/airflow/.local/lib/python3.12/site-packages/airflow/example_dags/example_nested_branch_dag.py
[2025-09-22T00:23:48.359+0000] {processor.py:925} INFO - DAG(s) 'example_nested_branch_dag' retrieved from /home/airflow/.local/lib/python3.12/site-packages/airflow/example_dags/example_nested_branch_dag.py
[2025-09-22T00:23:48.379+0000] {logging_mixin.py:190} INFO - [2025-09-22T00:23:48.378+0000] {dag.py:3239} INFO - Sync 1 DAGs
[2025-09-22T00:23:48.399+0000] {logging_mixin.py:190} INFO - [2025-09-22T00:23:48.399+0000] {dag.py:4180} INFO - Setting next_dagrun for example_nested_branch_dag to 2025-09-21 00:00:00+00:00, run_after=2025-09-22 00:00:00+00:00
[2025-09-22T00:23:48.435+0000] {processor.py:208} INFO - Processing /home/airflow/.local/lib/python3.12/site-packages/airflow/example_dags/example_nested_branch_dag.py took 0.094 seconds
[2025-09-22T00:24:19.631+0000] {processor.py:186} INFO - Started process (PID=8215) to work on /home/airflow/.local/lib/python3.12/site-packages/airflow/example_dags/example_nested_branch_dag.py
[2025-09-22T00:24:19.632+0000] {processor.py:914} INFO - Processing file /home/airflow/.local/lib/python3.12/site-packages/airflow/example_dags/example_nested_branch_dag.py for tasks to queue
[2025-09-22T00:24:19.634+0000] {logging_mixin.py:190} INFO - [2025-09-22T00:24:19.634+0000] {dagbag.py:588} INFO - Filling up the DagBag from /home/airflow/.local/lib/python3.12/site-packages/airflow/example_dags/example_nested_branch_dag.py
[2025-09-22T00:24:19.645+0000] {processor.py:925} INFO - DAG(s) 'example_nested_branch_dag' retrieved from /home/airflow/.local/lib/python3.12/site-packages/airflow/example_dags/example_nested_branch_dag.py
[2025-09-22T00:24:19.666+0000] {logging_mixin.py:190} INFO - [2025-09-22T00:24:19.665+0000] {dag.py:3239} INFO - Sync 1 DAGs
[2025-09-22T00:24:19.688+0000] {logging_mixin.py:190} INFO - [2025-09-22T00:24:19.688+0000] {dag.py:4180} INFO - Setting next_dagrun for example_nested_branch_dag to 2025-09-21 00:00:00+00:00, run_after=2025-09-22 00:00:00+00:00
[2025-09-22T00:24:19.730+0000] {processor.py:208} INFO - Processing /home/airflow/.local/lib/python3.12/site-packages/airflow/example_dags/example_nested_branch_dag.py took 0.105 seconds
[2025-09-22T00:24:50.659+0000] {processor.py:186} INFO - Started process (PID=8279) to work on /home/airflow/.local/lib/python3.12/site-packages/airflow/example_dags/example_nested_branch_dag.py
[2025-09-22T00:24:50.660+0000] {processor.py:914} INFO - Processing file /home/airflow/.local/lib/python3.12/site-packages/airflow/example_dags/example_nested_branch_dag.py for tasks to queue
[2025-09-22T00:24:50.663+0000] {logging_mixin.py:190} INFO - [2025-09-22T00:24:50.662+0000] {dagbag.py:588} INFO - Filling up the DagBag from /home/airflow/.local/lib/python3.12/site-packages/airflow/example_dags/example_nested_branch_dag.py
[2025-09-22T00:24:50.673+0000] {processor.py:925} INFO - DAG(s) 'example_nested_branch_dag' retrieved from /home/airflow/.local/lib/python3.12/site-packages/airflow/example_dags/example_nested_branch_dag.py
[2025-09-22T00:24:50.692+0000] {logging_mixin.py:190} INFO - [2025-09-22T00:24:50.692+0000] {dag.py:3239} INFO - Sync 1 DAGs
[2025-09-22T00:24:50.717+0000] {logging_mixin.py:190} INFO - [2025-09-22T00:24:50.717+0000] {dag.py:4180} INFO - Setting next_dagrun for example_nested_branch_dag to 2025-09-21 00:00:00+00:00, run_after=2025-09-22 00:00:00+00:00
[2025-09-22T00:24:50.789+0000] {processor.py:208} INFO - Processing /home/airflow/.local/lib/python3.12/site-packages/airflow/example_dags/example_nested_branch_dag.py took 0.136 seconds
[2025-09-22T00:25:21.697+0000] {processor.py:186} INFO - Started process (PID=8343) to work on /home/airflow/.local/lib/python3.12/site-packages/airflow/example_dags/example_nested_branch_dag.py
[2025-09-22T00:25:21.698+0000] {processor.py:914} INFO - Processing file /home/airflow/.local/lib/python3.12/site-packages/airflow/example_dags/example_nested_branch_dag.py for tasks to queue
[2025-09-22T00:25:21.700+0000] {logging_mixin.py:190} INFO - [2025-09-22T00:25:21.700+0000] {dagbag.py:588} INFO - Filling up the DagBag from /home/airflow/.local/lib/python3.12/site-packages/airflow/example_dags/example_nested_branch_dag.py
[2025-09-22T00:25:21.710+0000] {processor.py:925} INFO - DAG(s) 'example_nested_branch_dag' retrieved from /home/airflow/.local/lib/python3.12/site-packages/airflow/example_dags/example_nested_branch_dag.py
[2025-09-22T00:25:21.730+0000] {logging_mixin.py:190} INFO - [2025-09-22T00:25:21.730+0000] {dag.py:3239} INFO - Sync 1 DAGs
[2025-09-22T00:25:21.752+0000] {logging_mixin.py:190} INFO - [2025-09-22T00:25:21.752+0000] {dag.py:4180} INFO - Setting next_dagrun for example_nested_branch_dag to 2025-09-21 00:00:00+00:00, run_after=2025-09-22 00:00:00+00:00
[2025-09-22T00:25:21.787+0000] {processor.py:208} INFO - Processing /home/airflow/.local/lib/python3.12/site-packages/airflow/example_dags/example_nested_branch_dag.py took 0.095 seconds
[2025-09-22T00:25:52.866+0000] {processor.py:186} INFO - Started process (PID=8407) to work on /home/airflow/.local/lib/python3.12/site-packages/airflow/example_dags/example_nested_branch_dag.py
[2025-09-22T00:25:52.867+0000] {processor.py:914} INFO - Processing file /home/airflow/.local/lib/python3.12/site-packages/airflow/example_dags/example_nested_branch_dag.py for tasks to queue
[2025-09-22T00:25:52.869+0000] {logging_mixin.py:190} INFO - [2025-09-22T00:25:52.869+0000] {dagbag.py:588} INFO - Filling up the DagBag from /home/airflow/.local/lib/python3.12/site-packages/airflow/example_dags/example_nested_branch_dag.py
[2025-09-22T00:25:52.879+0000] {processor.py:925} INFO - DAG(s) 'example_nested_branch_dag' retrieved from /home/airflow/.local/lib/python3.12/site-packages/airflow/example_dags/example_nested_branch_dag.py
[2025-09-22T00:25:52.908+0000] {logging_mixin.py:190} INFO - [2025-09-22T00:25:52.908+0000] {dag.py:3239} INFO - Sync 1 DAGs
[2025-09-22T00:25:52.931+0000] {logging_mixin.py:190} INFO - [2025-09-22T00:25:52.931+0000] {dag.py:4180} INFO - Setting next_dagrun for example_nested_branch_dag to 2025-09-21 00:00:00+00:00, run_after=2025-09-22 00:00:00+00:00
[2025-09-22T00:25:52.975+0000] {processor.py:208} INFO - Processing /home/airflow/.local/lib/python3.12/site-packages/airflow/example_dags/example_nested_branch_dag.py took 0.114 seconds
[2025-09-22T00:26:23.812+0000] {processor.py:186} INFO - Started process (PID=8471) to work on /home/airflow/.local/lib/python3.12/site-packages/airflow/example_dags/example_nested_branch_dag.py
[2025-09-22T00:26:23.813+0000] {processor.py:914} INFO - Processing file /home/airflow/.local/lib/python3.12/site-packages/airflow/example_dags/example_nested_branch_dag.py for tasks to queue
[2025-09-22T00:26:23.816+0000] {logging_mixin.py:190} INFO - [2025-09-22T00:26:23.815+0000] {dagbag.py:588} INFO - Filling up the DagBag from /home/airflow/.local/lib/python3.12/site-packages/airflow/example_dags/example_nested_branch_dag.py
[2025-09-22T00:26:23.825+0000] {processor.py:925} INFO - DAG(s) 'example_nested_branch_dag' retrieved from /home/airflow/.local/lib/python3.12/site-packages/airflow/example_dags/example_nested_branch_dag.py
[2025-09-22T00:26:23.844+0000] {logging_mixin.py:190} INFO - [2025-09-22T00:26:23.844+0000] {dag.py:3239} INFO - Sync 1 DAGs
[2025-09-22T00:26:23.864+0000] {logging_mixin.py:190} INFO - [2025-09-22T00:26:23.864+0000] {dag.py:4180} INFO - Setting next_dagrun for example_nested_branch_dag to 2025-09-21 00:00:00+00:00, run_after=2025-09-22 00:00:00+00:00
[2025-09-22T00:26:23.925+0000] {processor.py:208} INFO - Processing /home/airflow/.local/lib/python3.12/site-packages/airflow/example_dags/example_nested_branch_dag.py took 0.117 seconds
[2025-09-22T00:26:55.277+0000] {processor.py:186} INFO - Started process (PID=8535) to work on /home/airflow/.local/lib/python3.12/site-packages/airflow/example_dags/example_nested_branch_dag.py
[2025-09-22T00:26:55.278+0000] {processor.py:914} INFO - Processing file /home/airflow/.local/lib/python3.12/site-packages/airflow/example_dags/example_nested_branch_dag.py for tasks to queue
[2025-09-22T00:26:55.280+0000] {logging_mixin.py:190} INFO - [2025-09-22T00:26:55.280+0000] {dagbag.py:588} INFO - Filling up the DagBag from /home/airflow/.local/lib/python3.12/site-packages/airflow/example_dags/example_nested_branch_dag.py
[2025-09-22T00:26:55.290+0000] {processor.py:925} INFO - DAG(s) 'example_nested_branch_dag' retrieved from /home/airflow/.local/lib/python3.12/site-packages/airflow/example_dags/example_nested_branch_dag.py
[2025-09-22T00:26:55.309+0000] {logging_mixin.py:190} INFO - [2025-09-22T00:26:55.308+0000] {dag.py:3239} INFO - Sync 1 DAGs
[2025-09-22T00:26:55.330+0000] {logging_mixin.py:190} INFO - [2025-09-22T00:26:55.330+0000] {dag.py:4180} INFO - Setting next_dagrun for example_nested_branch_dag to 2025-09-21 00:00:00+00:00, run_after=2025-09-22 00:00:00+00:00
[2025-09-22T00:26:55.368+0000] {processor.py:208} INFO - Processing /home/airflow/.local/lib/python3.12/site-packages/airflow/example_dags/example_nested_branch_dag.py took 0.096 seconds
[2025-09-22T00:27:26.308+0000] {processor.py:186} INFO - Started process (PID=8603) to work on /home/airflow/.local/lib/python3.12/site-packages/airflow/example_dags/example_nested_branch_dag.py
[2025-09-22T00:27:26.309+0000] {processor.py:914} INFO - Processing file /home/airflow/.local/lib/python3.12/site-packages/airflow/example_dags/example_nested_branch_dag.py for tasks to queue
[2025-09-22T00:27:26.311+0000] {logging_mixin.py:190} INFO - [2025-09-22T00:27:26.311+0000] {dagbag.py:588} INFO - Filling up the DagBag from /home/airflow/.local/lib/python3.12/site-packages/airflow/example_dags/example_nested_branch_dag.py
[2025-09-22T00:27:26.321+0000] {processor.py:925} INFO - DAG(s) 'example_nested_branch_dag' retrieved from /home/airflow/.local/lib/python3.12/site-packages/airflow/example_dags/example_nested_branch_dag.py
[2025-09-22T00:27:26.339+0000] {logging_mixin.py:190} INFO - [2025-09-22T00:27:26.339+0000] {dag.py:3239} INFO - Sync 1 DAGs
[2025-09-22T00:27:26.361+0000] {logging_mixin.py:190} INFO - [2025-09-22T00:27:26.361+0000] {dag.py:4180} INFO - Setting next_dagrun for example_nested_branch_dag to 2025-09-21 00:00:00+00:00, run_after=2025-09-22 00:00:00+00:00
[2025-09-22T00:27:26.399+0000] {processor.py:208} INFO - Processing /home/airflow/.local/lib/python3.12/site-packages/airflow/example_dags/example_nested_branch_dag.py took 0.096 seconds
[2025-09-22T00:27:57.352+0000] {processor.py:186} INFO - Started process (PID=8667) to work on /home/airflow/.local/lib/python3.12/site-packages/airflow/example_dags/example_nested_branch_dag.py
[2025-09-22T00:27:57.353+0000] {processor.py:914} INFO - Processing file /home/airflow/.local/lib/python3.12/site-packages/airflow/example_dags/example_nested_branch_dag.py for tasks to queue
[2025-09-22T00:27:57.355+0000] {logging_mixin.py:190} INFO - [2025-09-22T00:27:57.355+0000] {dagbag.py:588} INFO - Filling up the DagBag from /home/airflow/.local/lib/python3.12/site-packages/airflow/example_dags/example_nested_branch_dag.py
[2025-09-22T00:27:57.365+0000] {processor.py:925} INFO - DAG(s) 'example_nested_branch_dag' retrieved from /home/airflow/.local/lib/python3.12/site-packages/airflow/example_dags/example_nested_branch_dag.py
[2025-09-22T00:27:57.385+0000] {logging_mixin.py:190} INFO - [2025-09-22T00:27:57.385+0000] {dag.py:3239} INFO - Sync 1 DAGs
[2025-09-22T00:27:57.407+0000] {logging_mixin.py:190} INFO - [2025-09-22T00:27:57.407+0000] {dag.py:4180} INFO - Setting next_dagrun for example_nested_branch_dag to 2025-09-21 00:00:00+00:00, run_after=2025-09-22 00:00:00+00:00
[2025-09-22T00:27:57.451+0000] {processor.py:208} INFO - Processing /home/airflow/.local/lib/python3.12/site-packages/airflow/example_dags/example_nested_branch_dag.py took 0.104 seconds
[2025-09-22T00:28:28.139+0000] {processor.py:186} INFO - Started process (PID=8731) to work on /home/airflow/.local/lib/python3.12/site-packages/airflow/example_dags/example_nested_branch_dag.py
[2025-09-22T00:28:28.140+0000] {processor.py:914} INFO - Processing file /home/airflow/.local/lib/python3.12/site-packages/airflow/example_dags/example_nested_branch_dag.py for tasks to queue
[2025-09-22T00:28:28.142+0000] {logging_mixin.py:190} INFO - [2025-09-22T00:28:28.142+0000] {dagbag.py:588} INFO - Filling up the DagBag from /home/airflow/.local/lib/python3.12/site-packages/airflow/example_dags/example_nested_branch_dag.py
[2025-09-22T00:28:28.155+0000] {processor.py:925} INFO - DAG(s) 'example_nested_branch_dag' retrieved from /home/airflow/.local/lib/python3.12/site-packages/airflow/example_dags/example_nested_branch_dag.py
[2025-09-22T00:28:28.176+0000] {logging_mixin.py:190} INFO - [2025-09-22T00:28:28.176+0000] {dag.py:3239} INFO - Sync 1 DAGs
[2025-09-22T00:28:28.202+0000] {logging_mixin.py:190} INFO - [2025-09-22T00:28:28.201+0000] {dag.py:4180} INFO - Setting next_dagrun for example_nested_branch_dag to 2025-09-21 00:00:00+00:00, run_after=2025-09-22 00:00:00+00:00
[2025-09-22T00:28:28.329+0000] {processor.py:208} INFO - Processing /home/airflow/.local/lib/python3.12/site-packages/airflow/example_dags/example_nested_branch_dag.py took 0.196 seconds
[2025-09-22T00:28:58.883+0000] {processor.py:186} INFO - Started process (PID=8795) to work on /home/airflow/.local/lib/python3.12/site-packages/airflow/example_dags/example_nested_branch_dag.py
[2025-09-22T00:28:58.884+0000] {processor.py:914} INFO - Processing file /home/airflow/.local/lib/python3.12/site-packages/airflow/example_dags/example_nested_branch_dag.py for tasks to queue
[2025-09-22T00:28:58.886+0000] {logging_mixin.py:190} INFO - [2025-09-22T00:28:58.886+0000] {dagbag.py:588} INFO - Filling up the DagBag from /home/airflow/.local/lib/python3.12/site-packages/airflow/example_dags/example_nested_branch_dag.py
[2025-09-22T00:28:58.896+0000] {processor.py:925} INFO - DAG(s) 'example_nested_branch_dag' retrieved from /home/airflow/.local/lib/python3.12/site-packages/airflow/example_dags/example_nested_branch_dag.py
[2025-09-22T00:28:58.917+0000] {logging_mixin.py:190} INFO - [2025-09-22T00:28:58.917+0000] {dag.py:3239} INFO - Sync 1 DAGs
[2025-09-22T00:28:58.939+0000] {logging_mixin.py:190} INFO - [2025-09-22T00:28:58.939+0000] {dag.py:4180} INFO - Setting next_dagrun for example_nested_branch_dag to 2025-09-21 00:00:00+00:00, run_after=2025-09-22 00:00:00+00:00
[2025-09-22T00:28:59.948+0000] {processor.py:208} INFO - Processing /home/airflow/.local/lib/python3.12/site-packages/airflow/example_dags/example_nested_branch_dag.py took 1.070 seconds
[2025-09-22T00:29:30.197+0000] {processor.py:186} INFO - Started process (PID=8859) to work on /home/airflow/.local/lib/python3.12/site-packages/airflow/example_dags/example_nested_branch_dag.py
[2025-09-22T00:29:30.198+0000] {processor.py:914} INFO - Processing file /home/airflow/.local/lib/python3.12/site-packages/airflow/example_dags/example_nested_branch_dag.py for tasks to queue
[2025-09-22T00:29:30.200+0000] {logging_mixin.py:190} INFO - [2025-09-22T00:29:30.200+0000] {dagbag.py:588} INFO - Filling up the DagBag from /home/airflow/.local/lib/python3.12/site-packages/airflow/example_dags/example_nested_branch_dag.py
[2025-09-22T00:29:30.209+0000] {processor.py:925} INFO - DAG(s) 'example_nested_branch_dag' retrieved from /home/airflow/.local/lib/python3.12/site-packages/airflow/example_dags/example_nested_branch_dag.py
[2025-09-22T00:29:30.229+0000] {logging_mixin.py:190} INFO - [2025-09-22T00:29:30.228+0000] {dag.py:3239} INFO - Sync 1 DAGs
[2025-09-22T00:29:30.251+0000] {logging_mixin.py:190} INFO - [2025-09-22T00:29:30.251+0000] {dag.py:4180} INFO - Setting next_dagrun for example_nested_branch_dag to 2025-09-21 00:00:00+00:00, run_after=2025-09-22 00:00:00+00:00
[2025-09-22T00:29:30.301+0000] {processor.py:208} INFO - Processing /home/airflow/.local/lib/python3.12/site-packages/airflow/example_dags/example_nested_branch_dag.py took 0.109 seconds
[2025-09-22T00:30:01.590+0000] {processor.py:186} INFO - Started process (PID=8924) to work on /home/airflow/.local/lib/python3.12/site-packages/airflow/example_dags/example_nested_branch_dag.py
[2025-09-22T00:30:01.591+0000] {processor.py:914} INFO - Processing file /home/airflow/.local/lib/python3.12/site-packages/airflow/example_dags/example_nested_branch_dag.py for tasks to queue
[2025-09-22T00:30:01.593+0000] {logging_mixin.py:190} INFO - [2025-09-22T00:30:01.593+0000] {dagbag.py:588} INFO - Filling up the DagBag from /home/airflow/.local/lib/python3.12/site-packages/airflow/example_dags/example_nested_branch_dag.py
[2025-09-22T00:30:01.603+0000] {processor.py:925} INFO - DAG(s) 'example_nested_branch_dag' retrieved from /home/airflow/.local/lib/python3.12/site-packages/airflow/example_dags/example_nested_branch_dag.py
[2025-09-22T00:30:01.622+0000] {logging_mixin.py:190} INFO - [2025-09-22T00:30:01.622+0000] {dag.py:3239} INFO - Sync 1 DAGs
[2025-09-22T00:30:01.642+0000] {logging_mixin.py:190} INFO - [2025-09-22T00:30:01.642+0000] {dag.py:4180} INFO - Setting next_dagrun for example_nested_branch_dag to 2025-09-21 00:00:00+00:00, run_after=2025-09-22 00:00:00+00:00
[2025-09-22T00:30:01.700+0000] {processor.py:208} INFO - Processing /home/airflow/.local/lib/python3.12/site-packages/airflow/example_dags/example_nested_branch_dag.py took 0.115 seconds
[2025-09-22T00:30:32.466+0000] {processor.py:186} INFO - Started process (PID=8988) to work on /home/airflow/.local/lib/python3.12/site-packages/airflow/example_dags/example_nested_branch_dag.py
[2025-09-22T00:30:32.467+0000] {processor.py:914} INFO - Processing file /home/airflow/.local/lib/python3.12/site-packages/airflow/example_dags/example_nested_branch_dag.py for tasks to queue
[2025-09-22T00:30:32.469+0000] {logging_mixin.py:190} INFO - [2025-09-22T00:30:32.469+0000] {dagbag.py:588} INFO - Filling up the DagBag from /home/airflow/.local/lib/python3.12/site-packages/airflow/example_dags/example_nested_branch_dag.py
[2025-09-22T00:30:32.479+0000] {processor.py:925} INFO - DAG(s) 'example_nested_branch_dag' retrieved from /home/airflow/.local/lib/python3.12/site-packages/airflow/example_dags/example_nested_branch_dag.py
[2025-09-22T00:30:32.497+0000] {logging_mixin.py:190} INFO - [2025-09-22T00:30:32.497+0000] {dag.py:3239} INFO - Sync 1 DAGs
[2025-09-22T00:30:32.520+0000] {logging_mixin.py:190} INFO - [2025-09-22T00:30:32.520+0000] {dag.py:4180} INFO - Setting next_dagrun for example_nested_branch_dag to 2025-09-21 00:00:00+00:00, run_after=2025-09-22 00:00:00+00:00
[2025-09-22T00:30:32.563+0000] {processor.py:208} INFO - Processing /home/airflow/.local/lib/python3.12/site-packages/airflow/example_dags/example_nested_branch_dag.py took 0.102 seconds
[2025-09-22T00:31:03.503+0000] {processor.py:186} INFO - Started process (PID=9052) to work on /home/airflow/.local/lib/python3.12/site-packages/airflow/example_dags/example_nested_branch_dag.py
[2025-09-22T00:31:03.504+0000] {processor.py:914} INFO - Processing file /home/airflow/.local/lib/python3.12/site-packages/airflow/example_dags/example_nested_branch_dag.py for tasks to queue
[2025-09-22T00:31:03.506+0000] {logging_mixin.py:190} INFO - [2025-09-22T00:31:03.505+0000] {dagbag.py:588} INFO - Filling up the DagBag from /home/airflow/.local/lib/python3.12/site-packages/airflow/example_dags/example_nested_branch_dag.py
[2025-09-22T00:31:03.515+0000] {processor.py:925} INFO - DAG(s) 'example_nested_branch_dag' retrieved from /home/airflow/.local/lib/python3.12/site-packages/airflow/example_dags/example_nested_branch_dag.py
[2025-09-22T00:31:03.539+0000] {logging_mixin.py:190} INFO - [2025-09-22T00:31:03.539+0000] {dag.py:3239} INFO - Sync 1 DAGs
[2025-09-22T00:31:03.561+0000] {logging_mixin.py:190} INFO - [2025-09-22T00:31:03.561+0000] {dag.py:4180} INFO - Setting next_dagrun for example_nested_branch_dag to 2025-09-21 00:00:00+00:00, run_after=2025-09-22 00:00:00+00:00
[2025-09-22T00:31:03.604+0000] {processor.py:208} INFO - Processing /home/airflow/.local/lib/python3.12/site-packages/airflow/example_dags/example_nested_branch_dag.py took 0.106 seconds
[2025-09-22T00:31:34.810+0000] {processor.py:186} INFO - Started process (PID=9122) to work on /home/airflow/.local/lib/python3.12/site-packages/airflow/example_dags/example_nested_branch_dag.py
[2025-09-22T00:31:34.811+0000] {processor.py:914} INFO - Processing file /home/airflow/.local/lib/python3.12/site-packages/airflow/example_dags/example_nested_branch_dag.py for tasks to queue
[2025-09-22T00:31:34.814+0000] {logging_mixin.py:190} INFO - [2025-09-22T00:31:34.813+0000] {dagbag.py:588} INFO - Filling up the DagBag from /home/airflow/.local/lib/python3.12/site-packages/airflow/example_dags/example_nested_branch_dag.py
[2025-09-22T00:31:34.824+0000] {processor.py:925} INFO - DAG(s) 'example_nested_branch_dag' retrieved from /home/airflow/.local/lib/python3.12/site-packages/airflow/example_dags/example_nested_branch_dag.py
[2025-09-22T00:31:34.844+0000] {logging_mixin.py:190} INFO - [2025-09-22T00:31:34.844+0000] {dag.py:3239} INFO - Sync 1 DAGs
[2025-09-22T00:31:34.866+0000] {logging_mixin.py:190} INFO - [2025-09-22T00:31:34.866+0000] {dag.py:4180} INFO - Setting next_dagrun for example_nested_branch_dag to 2025-09-21 00:00:00+00:00, run_after=2025-09-22 00:00:00+00:00
[2025-09-22T00:31:34.910+0000] {processor.py:208} INFO - Processing /home/airflow/.local/lib/python3.12/site-packages/airflow/example_dags/example_nested_branch_dag.py took 0.105 seconds
[2025-09-22T00:32:07.516+0000] {processor.py:186} INFO - Started process (PID=9188) to work on /home/airflow/.local/lib/python3.12/site-packages/airflow/example_dags/example_nested_branch_dag.py
[2025-09-22T00:32:07.517+0000] {processor.py:914} INFO - Processing file /home/airflow/.local/lib/python3.12/site-packages/airflow/example_dags/example_nested_branch_dag.py for tasks to queue
[2025-09-22T00:32:07.519+0000] {logging_mixin.py:190} INFO - [2025-09-22T00:32:07.518+0000] {dagbag.py:588} INFO - Filling up the DagBag from /home/airflow/.local/lib/python3.12/site-packages/airflow/example_dags/example_nested_branch_dag.py
[2025-09-22T00:32:07.528+0000] {processor.py:925} INFO - DAG(s) 'example_nested_branch_dag' retrieved from /home/airflow/.local/lib/python3.12/site-packages/airflow/example_dags/example_nested_branch_dag.py
[2025-09-22T00:32:07.548+0000] {logging_mixin.py:190} INFO - [2025-09-22T00:32:07.547+0000] {dag.py:3239} INFO - Sync 1 DAGs
[2025-09-22T00:32:07.568+0000] {logging_mixin.py:190} INFO - [2025-09-22T00:32:07.568+0000] {dag.py:4180} INFO - Setting next_dagrun for example_nested_branch_dag to 2025-09-21 00:00:00+00:00, run_after=2025-09-22 00:00:00+00:00
[2025-09-22T00:32:08.090+0000] {processor.py:208} INFO - Processing /home/airflow/.local/lib/python3.12/site-packages/airflow/example_dags/example_nested_branch_dag.py took 0.579 seconds
[2025-09-22T00:32:38.984+0000] {processor.py:186} INFO - Started process (PID=9252) to work on /home/airflow/.local/lib/python3.12/site-packages/airflow/example_dags/example_nested_branch_dag.py
[2025-09-22T00:32:38.985+0000] {processor.py:914} INFO - Processing file /home/airflow/.local/lib/python3.12/site-packages/airflow/example_dags/example_nested_branch_dag.py for tasks to queue
[2025-09-22T00:32:38.988+0000] {logging_mixin.py:190} INFO - [2025-09-22T00:32:38.988+0000] {dagbag.py:588} INFO - Filling up the DagBag from /home/airflow/.local/lib/python3.12/site-packages/airflow/example_dags/example_nested_branch_dag.py
[2025-09-22T00:32:39.002+0000] {processor.py:925} INFO - DAG(s) 'example_nested_branch_dag' retrieved from /home/airflow/.local/lib/python3.12/site-packages/airflow/example_dags/example_nested_branch_dag.py
[2025-09-22T00:32:39.023+0000] {logging_mixin.py:190} INFO - [2025-09-22T00:32:39.023+0000] {dag.py:3239} INFO - Sync 1 DAGs
[2025-09-22T00:32:39.046+0000] {logging_mixin.py:190} INFO - [2025-09-22T00:32:39.046+0000] {dag.py:4180} INFO - Setting next_dagrun for example_nested_branch_dag to 2025-09-21 00:00:00+00:00, run_after=2025-09-22 00:00:00+00:00
[2025-09-22T00:32:39.108+0000] {processor.py:208} INFO - Processing /home/airflow/.local/lib/python3.12/site-packages/airflow/example_dags/example_nested_branch_dag.py took 0.130 seconds
[2025-09-22T00:33:10.090+0000] {processor.py:186} INFO - Started process (PID=9316) to work on /home/airflow/.local/lib/python3.12/site-packages/airflow/example_dags/example_nested_branch_dag.py
[2025-09-22T00:33:10.091+0000] {processor.py:914} INFO - Processing file /home/airflow/.local/lib/python3.12/site-packages/airflow/example_dags/example_nested_branch_dag.py for tasks to queue
[2025-09-22T00:33:10.093+0000] {logging_mixin.py:190} INFO - [2025-09-22T00:33:10.092+0000] {dagbag.py:588} INFO - Filling up the DagBag from /home/airflow/.local/lib/python3.12/site-packages/airflow/example_dags/example_nested_branch_dag.py
[2025-09-22T00:33:10.103+0000] {processor.py:925} INFO - DAG(s) 'example_nested_branch_dag' retrieved from /home/airflow/.local/lib/python3.12/site-packages/airflow/example_dags/example_nested_branch_dag.py
[2025-09-22T00:33:10.122+0000] {logging_mixin.py:190} INFO - [2025-09-22T00:33:10.122+0000] {dag.py:3239} INFO - Sync 1 DAGs
[2025-09-22T00:33:10.144+0000] {logging_mixin.py:190} INFO - [2025-09-22T00:33:10.144+0000] {dag.py:4180} INFO - Setting next_dagrun for example_nested_branch_dag to 2025-09-21 00:00:00+00:00, run_after=2025-09-22 00:00:00+00:00
[2025-09-22T00:33:10.189+0000] {processor.py:208} INFO - Processing /home/airflow/.local/lib/python3.12/site-packages/airflow/example_dags/example_nested_branch_dag.py took 0.104 seconds
[2025-09-22T00:33:41.721+0000] {processor.py:186} INFO - Started process (PID=9384) to work on /home/airflow/.local/lib/python3.12/site-packages/airflow/example_dags/example_nested_branch_dag.py
[2025-09-22T00:33:41.722+0000] {processor.py:914} INFO - Processing file /home/airflow/.local/lib/python3.12/site-packages/airflow/example_dags/example_nested_branch_dag.py for tasks to queue
[2025-09-22T00:33:41.725+0000] {logging_mixin.py:190} INFO - [2025-09-22T00:33:41.724+0000] {dagbag.py:588} INFO - Filling up the DagBag from /home/airflow/.local/lib/python3.12/site-packages/airflow/example_dags/example_nested_branch_dag.py
[2025-09-22T00:33:41.735+0000] {processor.py:925} INFO - DAG(s) 'example_nested_branch_dag' retrieved from /home/airflow/.local/lib/python3.12/site-packages/airflow/example_dags/example_nested_branch_dag.py
[2025-09-22T00:33:41.754+0000] {logging_mixin.py:190} INFO - [2025-09-22T00:33:41.754+0000] {dag.py:3239} INFO - Sync 1 DAGs
[2025-09-22T00:33:41.776+0000] {logging_mixin.py:190} INFO - [2025-09-22T00:33:41.776+0000] {dag.py:4180} INFO - Setting next_dagrun for example_nested_branch_dag to 2025-09-21 00:00:00+00:00, run_after=2025-09-22 00:00:00+00:00
[2025-09-22T00:33:41.816+0000] {processor.py:208} INFO - Processing /home/airflow/.local/lib/python3.12/site-packages/airflow/example_dags/example_nested_branch_dag.py took 0.100 seconds
[2025-09-22T00:34:12.624+0000] {processor.py:186} INFO - Started process (PID=9448) to work on /home/airflow/.local/lib/python3.12/site-packages/airflow/example_dags/example_nested_branch_dag.py
[2025-09-22T00:34:12.625+0000] {processor.py:914} INFO - Processing file /home/airflow/.local/lib/python3.12/site-packages/airflow/example_dags/example_nested_branch_dag.py for tasks to queue
[2025-09-22T00:34:12.627+0000] {logging_mixin.py:190} INFO - [2025-09-22T00:34:12.627+0000] {dagbag.py:588} INFO - Filling up the DagBag from /home/airflow/.local/lib/python3.12/site-packages/airflow/example_dags/example_nested_branch_dag.py
[2025-09-22T00:34:12.637+0000] {processor.py:925} INFO - DAG(s) 'example_nested_branch_dag' retrieved from /home/airflow/.local/lib/python3.12/site-packages/airflow/example_dags/example_nested_branch_dag.py
[2025-09-22T00:34:12.657+0000] {logging_mixin.py:190} INFO - [2025-09-22T00:34:12.657+0000] {dag.py:3239} INFO - Sync 1 DAGs
[2025-09-22T00:34:12.682+0000] {logging_mixin.py:190} INFO - [2025-09-22T00:34:12.681+0000] {dag.py:4180} INFO - Setting next_dagrun for example_nested_branch_dag to 2025-09-21 00:00:00+00:00, run_after=2025-09-22 00:00:00+00:00
[2025-09-22T00:34:12.726+0000] {processor.py:208} INFO - Processing /home/airflow/.local/lib/python3.12/site-packages/airflow/example_dags/example_nested_branch_dag.py took 0.106 seconds
[2025-09-22T00:34:44.373+0000] {processor.py:186} INFO - Started process (PID=9518) to work on /home/airflow/.local/lib/python3.12/site-packages/airflow/example_dags/example_nested_branch_dag.py
[2025-09-22T00:34:44.374+0000] {processor.py:914} INFO - Processing file /home/airflow/.local/lib/python3.12/site-packages/airflow/example_dags/example_nested_branch_dag.py for tasks to queue
[2025-09-22T00:34:44.376+0000] {logging_mixin.py:190} INFO - [2025-09-22T00:34:44.376+0000] {dagbag.py:588} INFO - Filling up the DagBag from /home/airflow/.local/lib/python3.12/site-packages/airflow/example_dags/example_nested_branch_dag.py
[2025-09-22T00:34:44.388+0000] {processor.py:925} INFO - DAG(s) 'example_nested_branch_dag' retrieved from /home/airflow/.local/lib/python3.12/site-packages/airflow/example_dags/example_nested_branch_dag.py
[2025-09-22T00:34:44.410+0000] {logging_mixin.py:190} INFO - [2025-09-22T00:34:44.410+0000] {dag.py:3239} INFO - Sync 1 DAGs
[2025-09-22T00:34:44.434+0000] {logging_mixin.py:190} INFO - [2025-09-22T00:34:44.434+0000] {dag.py:4180} INFO - Setting next_dagrun for example_nested_branch_dag to 2025-09-21 00:00:00+00:00, run_after=2025-09-22 00:00:00+00:00
[2025-09-22T00:34:44.472+0000] {processor.py:208} INFO - Processing /home/airflow/.local/lib/python3.12/site-packages/airflow/example_dags/example_nested_branch_dag.py took 0.105 seconds
[2025-09-22T00:35:15.450+0000] {processor.py:186} INFO - Started process (PID=9582) to work on /home/airflow/.local/lib/python3.12/site-packages/airflow/example_dags/example_nested_branch_dag.py
[2025-09-22T00:35:15.451+0000] {processor.py:914} INFO - Processing file /home/airflow/.local/lib/python3.12/site-packages/airflow/example_dags/example_nested_branch_dag.py for tasks to queue
[2025-09-22T00:35:15.453+0000] {logging_mixin.py:190} INFO - [2025-09-22T00:35:15.453+0000] {dagbag.py:588} INFO - Filling up the DagBag from /home/airflow/.local/lib/python3.12/site-packages/airflow/example_dags/example_nested_branch_dag.py
[2025-09-22T00:35:15.464+0000] {processor.py:925} INFO - DAG(s) 'example_nested_branch_dag' retrieved from /home/airflow/.local/lib/python3.12/site-packages/airflow/example_dags/example_nested_branch_dag.py
[2025-09-22T00:35:15.485+0000] {logging_mixin.py:190} INFO - [2025-09-22T00:35:15.485+0000] {dag.py:3239} INFO - Sync 1 DAGs
[2025-09-22T00:35:15.507+0000] {logging_mixin.py:190} INFO - [2025-09-22T00:35:15.506+0000] {dag.py:4180} INFO - Setting next_dagrun for example_nested_branch_dag to 2025-09-21 00:00:00+00:00, run_after=2025-09-22 00:00:00+00:00
[2025-09-22T00:35:15.553+0000] {processor.py:208} INFO - Processing /home/airflow/.local/lib/python3.12/site-packages/airflow/example_dags/example_nested_branch_dag.py took 0.108 seconds
[2025-09-22T00:35:47.311+0000] {processor.py:186} INFO - Started process (PID=9656) to work on /home/airflow/.local/lib/python3.12/site-packages/airflow/example_dags/example_nested_branch_dag.py
[2025-09-22T00:35:47.312+0000] {processor.py:914} INFO - Processing file /home/airflow/.local/lib/python3.12/site-packages/airflow/example_dags/example_nested_branch_dag.py for tasks to queue
[2025-09-22T00:35:47.314+0000] {logging_mixin.py:190} INFO - [2025-09-22T00:35:47.314+0000] {dagbag.py:588} INFO - Filling up the DagBag from /home/airflow/.local/lib/python3.12/site-packages/airflow/example_dags/example_nested_branch_dag.py
[2025-09-22T00:35:47.324+0000] {processor.py:925} INFO - DAG(s) 'example_nested_branch_dag' retrieved from /home/airflow/.local/lib/python3.12/site-packages/airflow/example_dags/example_nested_branch_dag.py
[2025-09-22T00:35:47.344+0000] {logging_mixin.py:190} INFO - [2025-09-22T00:35:47.343+0000] {dag.py:3239} INFO - Sync 1 DAGs
[2025-09-22T00:35:47.364+0000] {logging_mixin.py:190} INFO - [2025-09-22T00:35:47.364+0000] {dag.py:4180} INFO - Setting next_dagrun for example_nested_branch_dag to 2025-09-21 00:00:00+00:00, run_after=2025-09-22 00:00:00+00:00
[2025-09-22T00:35:47.647+0000] {processor.py:208} INFO - Processing /home/airflow/.local/lib/python3.12/site-packages/airflow/example_dags/example_nested_branch_dag.py took 0.341 seconds
[2025-09-22T00:36:18.143+0000] {processor.py:186} INFO - Started process (PID=9720) to work on /home/airflow/.local/lib/python3.12/site-packages/airflow/example_dags/example_nested_branch_dag.py
[2025-09-22T00:36:18.144+0000] {processor.py:914} INFO - Processing file /home/airflow/.local/lib/python3.12/site-packages/airflow/example_dags/example_nested_branch_dag.py for tasks to queue
[2025-09-22T00:36:18.147+0000] {logging_mixin.py:190} INFO - [2025-09-22T00:36:18.146+0000] {dagbag.py:588} INFO - Filling up the DagBag from /home/airflow/.local/lib/python3.12/site-packages/airflow/example_dags/example_nested_branch_dag.py
[2025-09-22T00:36:18.157+0000] {processor.py:925} INFO - DAG(s) 'example_nested_branch_dag' retrieved from /home/airflow/.local/lib/python3.12/site-packages/airflow/example_dags/example_nested_branch_dag.py
[2025-09-22T00:36:18.178+0000] {logging_mixin.py:190} INFO - [2025-09-22T00:36:18.178+0000] {dag.py:3239} INFO - Sync 1 DAGs
[2025-09-22T00:36:18.198+0000] {logging_mixin.py:190} INFO - [2025-09-22T00:36:18.198+0000] {dag.py:4180} INFO - Setting next_dagrun for example_nested_branch_dag to 2025-09-21 00:00:00+00:00, run_after=2025-09-22 00:00:00+00:00
[2025-09-22T00:36:18.247+0000] {processor.py:208} INFO - Processing /home/airflow/.local/lib/python3.12/site-packages/airflow/example_dags/example_nested_branch_dag.py took 0.110 seconds
