[2025-09-22T00:00:26.057+0000] {processor.py:186} INFO - Started process (PID=5293) to work on /home/airflow/.local/lib/python3.12/site-packages/airflow/example_dags/example_setup_teardown_taskflow.py
[2025-09-22T00:00:26.058+0000] {processor.py:914} INFO - Processing file /home/airflow/.local/lib/python3.12/site-packages/airflow/example_dags/example_setup_teardown_taskflow.py for tasks to queue
[2025-09-22T00:00:26.060+0000] {logging_mixin.py:190} INFO - [2025-09-22T00:00:26.060+0000] {dagbag.py:588} INFO - Filling up the DagBag from /home/airflow/.local/lib/python3.12/site-packages/airflow/example_dags/example_setup_teardown_taskflow.py
[2025-09-22T00:00:26.070+0000] {processor.py:925} INFO - DAG(s) 'example_setup_teardown_taskflow' retrieved from /home/airflow/.local/lib/python3.12/site-packages/airflow/example_dags/example_setup_teardown_taskflow.py
[2025-09-22T00:00:26.091+0000] {logging_mixin.py:190} INFO - [2025-09-22T00:00:26.091+0000] {dag.py:3239} INFO - Sync 1 DAGs
[2025-09-22T00:00:26.105+0000] {logging_mixin.py:190} INFO - [2025-09-22T00:00:26.105+0000] {dag.py:4180} INFO - Setting next_dagrun for example_setup_teardown_taskflow to None, run_after=None
[2025-09-22T00:00:26.163+0000] {processor.py:208} INFO - Processing /home/airflow/.local/lib/python3.12/site-packages/airflow/example_dags/example_setup_teardown_taskflow.py took 0.112 seconds
[2025-09-22T00:00:58.575+0000] {processor.py:186} INFO - Started process (PID=5357) to work on /home/airflow/.local/lib/python3.12/site-packages/airflow/example_dags/example_setup_teardown_taskflow.py
[2025-09-22T00:00:58.576+0000] {processor.py:914} INFO - Processing file /home/airflow/.local/lib/python3.12/site-packages/airflow/example_dags/example_setup_teardown_taskflow.py for tasks to queue
[2025-09-22T00:00:58.579+0000] {logging_mixin.py:190} INFO - [2025-09-22T00:00:58.578+0000] {dagbag.py:588} INFO - Filling up the DagBag from /home/airflow/.local/lib/python3.12/site-packages/airflow/example_dags/example_setup_teardown_taskflow.py
[2025-09-22T00:00:58.595+0000] {processor.py:925} INFO - DAG(s) 'example_setup_teardown_taskflow' retrieved from /home/airflow/.local/lib/python3.12/site-packages/airflow/example_dags/example_setup_teardown_taskflow.py
[2025-09-22T00:00:58.621+0000] {logging_mixin.py:190} INFO - [2025-09-22T00:00:58.621+0000] {dag.py:3239} INFO - Sync 1 DAGs
[2025-09-22T00:00:58.640+0000] {logging_mixin.py:190} INFO - [2025-09-22T00:00:58.640+0000] {dag.py:4180} INFO - Setting next_dagrun for example_setup_teardown_taskflow to None, run_after=None
[2025-09-22T00:00:58.687+0000] {processor.py:208} INFO - Processing /home/airflow/.local/lib/python3.12/site-packages/airflow/example_dags/example_setup_teardown_taskflow.py took 0.118 seconds
[2025-09-22T00:01:30.234+0000] {processor.py:186} INFO - Started process (PID=5421) to work on /home/airflow/.local/lib/python3.12/site-packages/airflow/example_dags/example_setup_teardown_taskflow.py
[2025-09-22T00:01:30.235+0000] {processor.py:914} INFO - Processing file /home/airflow/.local/lib/python3.12/site-packages/airflow/example_dags/example_setup_teardown_taskflow.py for tasks to queue
[2025-09-22T00:01:30.237+0000] {logging_mixin.py:190} INFO - [2025-09-22T00:01:30.237+0000] {dagbag.py:588} INFO - Filling up the DagBag from /home/airflow/.local/lib/python3.12/site-packages/airflow/example_dags/example_setup_teardown_taskflow.py
[2025-09-22T00:01:30.249+0000] {processor.py:925} INFO - DAG(s) 'example_setup_teardown_taskflow' retrieved from /home/airflow/.local/lib/python3.12/site-packages/airflow/example_dags/example_setup_teardown_taskflow.py
[2025-09-22T00:01:30.275+0000] {logging_mixin.py:190} INFO - [2025-09-22T00:01:30.274+0000] {dag.py:3239} INFO - Sync 1 DAGs
[2025-09-22T00:01:30.291+0000] {logging_mixin.py:190} INFO - [2025-09-22T00:01:30.291+0000] {dag.py:4180} INFO - Setting next_dagrun for example_setup_teardown_taskflow to None, run_after=None
[2025-09-22T00:01:30.338+0000] {processor.py:208} INFO - Processing /home/airflow/.local/lib/python3.12/site-packages/airflow/example_dags/example_setup_teardown_taskflow.py took 0.112 seconds
[2025-09-22T00:02:02.711+0000] {processor.py:186} INFO - Started process (PID=5488) to work on /home/airflow/.local/lib/python3.12/site-packages/airflow/example_dags/example_setup_teardown_taskflow.py
[2025-09-22T00:02:02.712+0000] {processor.py:914} INFO - Processing file /home/airflow/.local/lib/python3.12/site-packages/airflow/example_dags/example_setup_teardown_taskflow.py for tasks to queue
[2025-09-22T00:02:02.715+0000] {logging_mixin.py:190} INFO - [2025-09-22T00:02:02.715+0000] {dagbag.py:588} INFO - Filling up the DagBag from /home/airflow/.local/lib/python3.12/site-packages/airflow/example_dags/example_setup_teardown_taskflow.py
[2025-09-22T00:02:02.726+0000] {processor.py:925} INFO - DAG(s) 'example_setup_teardown_taskflow' retrieved from /home/airflow/.local/lib/python3.12/site-packages/airflow/example_dags/example_setup_teardown_taskflow.py
[2025-09-22T00:02:02.752+0000] {logging_mixin.py:190} INFO - [2025-09-22T00:02:02.752+0000] {dag.py:3239} INFO - Sync 1 DAGs
[2025-09-22T00:02:02.769+0000] {logging_mixin.py:190} INFO - [2025-09-22T00:02:02.769+0000] {dag.py:4180} INFO - Setting next_dagrun for example_setup_teardown_taskflow to None, run_after=None
[2025-09-22T00:02:02.811+0000] {processor.py:208} INFO - Processing /home/airflow/.local/lib/python3.12/site-packages/airflow/example_dags/example_setup_teardown_taskflow.py took 0.107 seconds
[2025-09-22T00:02:35.784+0000] {processor.py:186} INFO - Started process (PID=5556) to work on /home/airflow/.local/lib/python3.12/site-packages/airflow/example_dags/example_setup_teardown_taskflow.py
[2025-09-22T00:02:35.785+0000] {processor.py:914} INFO - Processing file /home/airflow/.local/lib/python3.12/site-packages/airflow/example_dags/example_setup_teardown_taskflow.py for tasks to queue
[2025-09-22T00:02:35.787+0000] {logging_mixin.py:190} INFO - [2025-09-22T00:02:35.787+0000] {dagbag.py:588} INFO - Filling up the DagBag from /home/airflow/.local/lib/python3.12/site-packages/airflow/example_dags/example_setup_teardown_taskflow.py
[2025-09-22T00:02:35.798+0000] {processor.py:925} INFO - DAG(s) 'example_setup_teardown_taskflow' retrieved from /home/airflow/.local/lib/python3.12/site-packages/airflow/example_dags/example_setup_teardown_taskflow.py
[2025-09-22T00:02:35.823+0000] {logging_mixin.py:190} INFO - [2025-09-22T00:02:35.823+0000] {dag.py:3239} INFO - Sync 1 DAGs
[2025-09-22T00:02:35.838+0000] {logging_mixin.py:190} INFO - [2025-09-22T00:02:35.838+0000] {dag.py:4180} INFO - Setting next_dagrun for example_setup_teardown_taskflow to None, run_after=None
[2025-09-22T00:02:36.461+0000] {processor.py:208} INFO - Processing /home/airflow/.local/lib/python3.12/site-packages/airflow/example_dags/example_setup_teardown_taskflow.py took 0.684 seconds
[2025-09-22T00:03:09.182+0000] {processor.py:186} INFO - Started process (PID=5620) to work on /home/airflow/.local/lib/python3.12/site-packages/airflow/example_dags/example_setup_teardown_taskflow.py
[2025-09-22T00:03:09.183+0000] {processor.py:914} INFO - Processing file /home/airflow/.local/lib/python3.12/site-packages/airflow/example_dags/example_setup_teardown_taskflow.py for tasks to queue
[2025-09-22T00:03:09.186+0000] {logging_mixin.py:190} INFO - [2025-09-22T00:03:09.185+0000] {dagbag.py:588} INFO - Filling up the DagBag from /home/airflow/.local/lib/python3.12/site-packages/airflow/example_dags/example_setup_teardown_taskflow.py
[2025-09-22T00:03:09.196+0000] {processor.py:925} INFO - DAG(s) 'example_setup_teardown_taskflow' retrieved from /home/airflow/.local/lib/python3.12/site-packages/airflow/example_dags/example_setup_teardown_taskflow.py
[2025-09-22T00:03:09.219+0000] {logging_mixin.py:190} INFO - [2025-09-22T00:03:09.219+0000] {dag.py:3239} INFO - Sync 1 DAGs
[2025-09-22T00:03:09.234+0000] {logging_mixin.py:190} INFO - [2025-09-22T00:03:09.234+0000] {dag.py:4180} INFO - Setting next_dagrun for example_setup_teardown_taskflow to None, run_after=None
[2025-09-22T00:03:09.279+0000] {processor.py:208} INFO - Processing /home/airflow/.local/lib/python3.12/site-packages/airflow/example_dags/example_setup_teardown_taskflow.py took 0.102 seconds
[2025-09-22T00:03:40.700+0000] {processor.py:186} INFO - Started process (PID=5685) to work on /home/airflow/.local/lib/python3.12/site-packages/airflow/example_dags/example_setup_teardown_taskflow.py
[2025-09-22T00:03:40.701+0000] {processor.py:914} INFO - Processing file /home/airflow/.local/lib/python3.12/site-packages/airflow/example_dags/example_setup_teardown_taskflow.py for tasks to queue
[2025-09-22T00:03:40.704+0000] {logging_mixin.py:190} INFO - [2025-09-22T00:03:40.703+0000] {dagbag.py:588} INFO - Filling up the DagBag from /home/airflow/.local/lib/python3.12/site-packages/airflow/example_dags/example_setup_teardown_taskflow.py
[2025-09-22T00:03:40.714+0000] {processor.py:925} INFO - DAG(s) 'example_setup_teardown_taskflow' retrieved from /home/airflow/.local/lib/python3.12/site-packages/airflow/example_dags/example_setup_teardown_taskflow.py
[2025-09-22T00:03:40.736+0000] {logging_mixin.py:190} INFO - [2025-09-22T00:03:40.736+0000] {dag.py:3239} INFO - Sync 1 DAGs
[2025-09-22T00:03:40.752+0000] {logging_mixin.py:190} INFO - [2025-09-22T00:03:40.751+0000] {dag.py:4180} INFO - Setting next_dagrun for example_setup_teardown_taskflow to None, run_after=None
[2025-09-22T00:03:40.813+0000] {processor.py:208} INFO - Processing /home/airflow/.local/lib/python3.12/site-packages/airflow/example_dags/example_setup_teardown_taskflow.py took 0.118 seconds
[2025-09-22T00:04:13.685+0000] {processor.py:186} INFO - Started process (PID=5752) to work on /home/airflow/.local/lib/python3.12/site-packages/airflow/example_dags/example_setup_teardown_taskflow.py
[2025-09-22T00:04:13.686+0000] {processor.py:914} INFO - Processing file /home/airflow/.local/lib/python3.12/site-packages/airflow/example_dags/example_setup_teardown_taskflow.py for tasks to queue
[2025-09-22T00:04:13.689+0000] {logging_mixin.py:190} INFO - [2025-09-22T00:04:13.688+0000] {dagbag.py:588} INFO - Filling up the DagBag from /home/airflow/.local/lib/python3.12/site-packages/airflow/example_dags/example_setup_teardown_taskflow.py
[2025-09-22T00:04:13.699+0000] {processor.py:925} INFO - DAG(s) 'example_setup_teardown_taskflow' retrieved from /home/airflow/.local/lib/python3.12/site-packages/airflow/example_dags/example_setup_teardown_taskflow.py
[2025-09-22T00:04:13.720+0000] {logging_mixin.py:190} INFO - [2025-09-22T00:04:13.720+0000] {dag.py:3239} INFO - Sync 1 DAGs
[2025-09-22T00:04:13.736+0000] {logging_mixin.py:190} INFO - [2025-09-22T00:04:13.735+0000] {dag.py:4180} INFO - Setting next_dagrun for example_setup_teardown_taskflow to None, run_after=None
[2025-09-22T00:04:13.778+0000] {processor.py:208} INFO - Processing /home/airflow/.local/lib/python3.12/site-packages/airflow/example_dags/example_setup_teardown_taskflow.py took 0.099 seconds
[2025-09-22T00:04:46.666+0000] {processor.py:186} INFO - Started process (PID=5816) to work on /home/airflow/.local/lib/python3.12/site-packages/airflow/example_dags/example_setup_teardown_taskflow.py
[2025-09-22T00:04:46.667+0000] {processor.py:914} INFO - Processing file /home/airflow/.local/lib/python3.12/site-packages/airflow/example_dags/example_setup_teardown_taskflow.py for tasks to queue
[2025-09-22T00:04:46.669+0000] {logging_mixin.py:190} INFO - [2025-09-22T00:04:46.669+0000] {dagbag.py:588} INFO - Filling up the DagBag from /home/airflow/.local/lib/python3.12/site-packages/airflow/example_dags/example_setup_teardown_taskflow.py
[2025-09-22T00:04:46.679+0000] {processor.py:925} INFO - DAG(s) 'example_setup_teardown_taskflow' retrieved from /home/airflow/.local/lib/python3.12/site-packages/airflow/example_dags/example_setup_teardown_taskflow.py
[2025-09-22T00:04:46.702+0000] {logging_mixin.py:190} INFO - [2025-09-22T00:04:46.702+0000] {dag.py:3239} INFO - Sync 1 DAGs
[2025-09-22T00:04:46.715+0000] {logging_mixin.py:190} INFO - [2025-09-22T00:04:46.715+0000] {dag.py:4180} INFO - Setting next_dagrun for example_setup_teardown_taskflow to None, run_after=None
[2025-09-22T00:04:46.756+0000] {processor.py:208} INFO - Processing /home/airflow/.local/lib/python3.12/site-packages/airflow/example_dags/example_setup_teardown_taskflow.py took 0.095 seconds
[2025-09-22T00:05:18.895+0000] {processor.py:186} INFO - Started process (PID=5880) to work on /home/airflow/.local/lib/python3.12/site-packages/airflow/example_dags/example_setup_teardown_taskflow.py
[2025-09-22T00:05:18.896+0000] {processor.py:914} INFO - Processing file /home/airflow/.local/lib/python3.12/site-packages/airflow/example_dags/example_setup_teardown_taskflow.py for tasks to queue
[2025-09-22T00:05:18.898+0000] {logging_mixin.py:190} INFO - [2025-09-22T00:05:18.897+0000] {dagbag.py:588} INFO - Filling up the DagBag from /home/airflow/.local/lib/python3.12/site-packages/airflow/example_dags/example_setup_teardown_taskflow.py
[2025-09-22T00:05:18.907+0000] {processor.py:925} INFO - DAG(s) 'example_setup_teardown_taskflow' retrieved from /home/airflow/.local/lib/python3.12/site-packages/airflow/example_dags/example_setup_teardown_taskflow.py
[2025-09-22T00:05:18.929+0000] {logging_mixin.py:190} INFO - [2025-09-22T00:05:18.929+0000] {dag.py:3239} INFO - Sync 1 DAGs
[2025-09-22T00:05:18.942+0000] {logging_mixin.py:190} INFO - [2025-09-22T00:05:18.942+0000] {dag.py:4180} INFO - Setting next_dagrun for example_setup_teardown_taskflow to None, run_after=None
[2025-09-22T00:05:18.976+0000] {processor.py:208} INFO - Processing /home/airflow/.local/lib/python3.12/site-packages/airflow/example_dags/example_setup_teardown_taskflow.py took 0.086 seconds
[2025-09-22T00:05:51.831+0000] {processor.py:186} INFO - Started process (PID=5950) to work on /home/airflow/.local/lib/python3.12/site-packages/airflow/example_dags/example_setup_teardown_taskflow.py
[2025-09-22T00:05:51.832+0000] {processor.py:914} INFO - Processing file /home/airflow/.local/lib/python3.12/site-packages/airflow/example_dags/example_setup_teardown_taskflow.py for tasks to queue
[2025-09-22T00:05:51.834+0000] {logging_mixin.py:190} INFO - [2025-09-22T00:05:51.834+0000] {dagbag.py:588} INFO - Filling up the DagBag from /home/airflow/.local/lib/python3.12/site-packages/airflow/example_dags/example_setup_teardown_taskflow.py
[2025-09-22T00:05:51.844+0000] {processor.py:925} INFO - DAG(s) 'example_setup_teardown_taskflow' retrieved from /home/airflow/.local/lib/python3.12/site-packages/airflow/example_dags/example_setup_teardown_taskflow.py
[2025-09-22T00:05:51.864+0000] {logging_mixin.py:190} INFO - [2025-09-22T00:05:51.864+0000] {dag.py:3239} INFO - Sync 1 DAGs
[2025-09-22T00:05:51.880+0000] {logging_mixin.py:190} INFO - [2025-09-22T00:05:51.880+0000] {dag.py:4180} INFO - Setting next_dagrun for example_setup_teardown_taskflow to None, run_after=None
[2025-09-22T00:05:51.917+0000] {processor.py:208} INFO - Processing /home/airflow/.local/lib/python3.12/site-packages/airflow/example_dags/example_setup_teardown_taskflow.py took 0.092 seconds
[2025-09-22T00:06:25.738+0000] {processor.py:186} INFO - Started process (PID=6019) to work on /home/airflow/.local/lib/python3.12/site-packages/airflow/example_dags/example_setup_teardown_taskflow.py
[2025-09-22T00:06:25.739+0000] {processor.py:914} INFO - Processing file /home/airflow/.local/lib/python3.12/site-packages/airflow/example_dags/example_setup_teardown_taskflow.py for tasks to queue
[2025-09-22T00:06:25.740+0000] {logging_mixin.py:190} INFO - [2025-09-22T00:06:25.740+0000] {dagbag.py:588} INFO - Filling up the DagBag from /home/airflow/.local/lib/python3.12/site-packages/airflow/example_dags/example_setup_teardown_taskflow.py
[2025-09-22T00:06:25.749+0000] {processor.py:925} INFO - DAG(s) 'example_setup_teardown_taskflow' retrieved from /home/airflow/.local/lib/python3.12/site-packages/airflow/example_dags/example_setup_teardown_taskflow.py
[2025-09-22T00:06:25.767+0000] {logging_mixin.py:190} INFO - [2025-09-22T00:06:25.767+0000] {dag.py:3239} INFO - Sync 1 DAGs
[2025-09-22T00:06:25.780+0000] {logging_mixin.py:190} INFO - [2025-09-22T00:06:25.780+0000] {dag.py:4180} INFO - Setting next_dagrun for example_setup_teardown_taskflow to None, run_after=None
[2025-09-22T00:06:25.830+0000] {processor.py:208} INFO - Processing /home/airflow/.local/lib/python3.12/site-packages/airflow/example_dags/example_setup_teardown_taskflow.py took 0.097 seconds
[2025-09-22T00:06:57.650+0000] {processor.py:186} INFO - Started process (PID=6083) to work on /home/airflow/.local/lib/python3.12/site-packages/airflow/example_dags/example_setup_teardown_taskflow.py
[2025-09-22T00:06:57.651+0000] {processor.py:914} INFO - Processing file /home/airflow/.local/lib/python3.12/site-packages/airflow/example_dags/example_setup_teardown_taskflow.py for tasks to queue
[2025-09-22T00:06:57.654+0000] {logging_mixin.py:190} INFO - [2025-09-22T00:06:57.653+0000] {dagbag.py:588} INFO - Filling up the DagBag from /home/airflow/.local/lib/python3.12/site-packages/airflow/example_dags/example_setup_teardown_taskflow.py
[2025-09-22T00:06:57.663+0000] {processor.py:925} INFO - DAG(s) 'example_setup_teardown_taskflow' retrieved from /home/airflow/.local/lib/python3.12/site-packages/airflow/example_dags/example_setup_teardown_taskflow.py
[2025-09-22T00:06:57.682+0000] {logging_mixin.py:190} INFO - [2025-09-22T00:06:57.682+0000] {dag.py:3239} INFO - Sync 1 DAGs
[2025-09-22T00:06:57.694+0000] {logging_mixin.py:190} INFO - [2025-09-22T00:06:57.694+0000] {dag.py:4180} INFO - Setting next_dagrun for example_setup_teardown_taskflow to None, run_after=None
[2025-09-22T00:06:57.736+0000] {processor.py:208} INFO - Processing /home/airflow/.local/lib/python3.12/site-packages/airflow/example_dags/example_setup_teardown_taskflow.py took 0.091 seconds
[2025-09-22T00:07:30.669+0000] {processor.py:186} INFO - Started process (PID=6155) to work on /home/airflow/.local/lib/python3.12/site-packages/airflow/example_dags/example_setup_teardown_taskflow.py
[2025-09-22T00:07:30.670+0000] {processor.py:914} INFO - Processing file /home/airflow/.local/lib/python3.12/site-packages/airflow/example_dags/example_setup_teardown_taskflow.py for tasks to queue
[2025-09-22T00:07:30.672+0000] {logging_mixin.py:190} INFO - [2025-09-22T00:07:30.672+0000] {dagbag.py:588} INFO - Filling up the DagBag from /home/airflow/.local/lib/python3.12/site-packages/airflow/example_dags/example_setup_teardown_taskflow.py
[2025-09-22T00:07:30.682+0000] {processor.py:925} INFO - DAG(s) 'example_setup_teardown_taskflow' retrieved from /home/airflow/.local/lib/python3.12/site-packages/airflow/example_dags/example_setup_teardown_taskflow.py
[2025-09-22T00:07:30.704+0000] {logging_mixin.py:190} INFO - [2025-09-22T00:07:30.703+0000] {dag.py:3239} INFO - Sync 1 DAGs
[2025-09-22T00:07:30.718+0000] {logging_mixin.py:190} INFO - [2025-09-22T00:07:30.718+0000] {dag.py:4180} INFO - Setting next_dagrun for example_setup_teardown_taskflow to None, run_after=None
[2025-09-22T00:07:30.755+0000] {processor.py:208} INFO - Processing /home/airflow/.local/lib/python3.12/site-packages/airflow/example_dags/example_setup_teardown_taskflow.py took 0.091 seconds
[2025-09-22T00:08:04.394+0000] {processor.py:186} INFO - Started process (PID=6219) to work on /home/airflow/.local/lib/python3.12/site-packages/airflow/example_dags/example_setup_teardown_taskflow.py
[2025-09-22T00:08:04.395+0000] {processor.py:914} INFO - Processing file /home/airflow/.local/lib/python3.12/site-packages/airflow/example_dags/example_setup_teardown_taskflow.py for tasks to queue
[2025-09-22T00:08:04.397+0000] {logging_mixin.py:190} INFO - [2025-09-22T00:08:04.397+0000] {dagbag.py:588} INFO - Filling up the DagBag from /home/airflow/.local/lib/python3.12/site-packages/airflow/example_dags/example_setup_teardown_taskflow.py
[2025-09-22T00:08:04.408+0000] {processor.py:925} INFO - DAG(s) 'example_setup_teardown_taskflow' retrieved from /home/airflow/.local/lib/python3.12/site-packages/airflow/example_dags/example_setup_teardown_taskflow.py
[2025-09-22T00:08:04.428+0000] {logging_mixin.py:190} INFO - [2025-09-22T00:08:04.428+0000] {dag.py:3239} INFO - Sync 1 DAGs
[2025-09-22T00:08:04.442+0000] {logging_mixin.py:190} INFO - [2025-09-22T00:08:04.441+0000] {dag.py:4180} INFO - Setting next_dagrun for example_setup_teardown_taskflow to None, run_after=None
[2025-09-22T00:08:04.481+0000] {processor.py:208} INFO - Processing /home/airflow/.local/lib/python3.12/site-packages/airflow/example_dags/example_setup_teardown_taskflow.py took 0.092 seconds
[2025-09-22T00:08:36.971+0000] {processor.py:186} INFO - Started process (PID=6283) to work on /home/airflow/.local/lib/python3.12/site-packages/airflow/example_dags/example_setup_teardown_taskflow.py
[2025-09-22T00:08:36.972+0000] {processor.py:914} INFO - Processing file /home/airflow/.local/lib/python3.12/site-packages/airflow/example_dags/example_setup_teardown_taskflow.py for tasks to queue
[2025-09-22T00:08:36.974+0000] {logging_mixin.py:190} INFO - [2025-09-22T00:08:36.974+0000] {dagbag.py:588} INFO - Filling up the DagBag from /home/airflow/.local/lib/python3.12/site-packages/airflow/example_dags/example_setup_teardown_taskflow.py
[2025-09-22T00:08:36.983+0000] {processor.py:925} INFO - DAG(s) 'example_setup_teardown_taskflow' retrieved from /home/airflow/.local/lib/python3.12/site-packages/airflow/example_dags/example_setup_teardown_taskflow.py
[2025-09-22T00:08:37.003+0000] {logging_mixin.py:190} INFO - [2025-09-22T00:08:37.003+0000] {dag.py:3239} INFO - Sync 1 DAGs
[2025-09-22T00:08:37.019+0000] {logging_mixin.py:190} INFO - [2025-09-22T00:08:37.019+0000] {dag.py:4180} INFO - Setting next_dagrun for example_setup_teardown_taskflow to None, run_after=None
[2025-09-22T00:08:37.054+0000] {processor.py:208} INFO - Processing /home/airflow/.local/lib/python3.12/site-packages/airflow/example_dags/example_setup_teardown_taskflow.py took 0.088 seconds
[2025-09-22T00:09:07.502+0000] {processor.py:186} INFO - Started process (PID=6347) to work on /home/airflow/.local/lib/python3.12/site-packages/airflow/example_dags/example_setup_teardown_taskflow.py
[2025-09-22T00:09:07.503+0000] {processor.py:914} INFO - Processing file /home/airflow/.local/lib/python3.12/site-packages/airflow/example_dags/example_setup_teardown_taskflow.py for tasks to queue
[2025-09-22T00:09:07.505+0000] {logging_mixin.py:190} INFO - [2025-09-22T00:09:07.505+0000] {dagbag.py:588} INFO - Filling up the DagBag from /home/airflow/.local/lib/python3.12/site-packages/airflow/example_dags/example_setup_teardown_taskflow.py
[2025-09-22T00:09:07.513+0000] {processor.py:925} INFO - DAG(s) 'example_setup_teardown_taskflow' retrieved from /home/airflow/.local/lib/python3.12/site-packages/airflow/example_dags/example_setup_teardown_taskflow.py
[2025-09-22T00:09:07.534+0000] {logging_mixin.py:190} INFO - [2025-09-22T00:09:07.534+0000] {dag.py:3239} INFO - Sync 1 DAGs
[2025-09-22T00:09:07.547+0000] {logging_mixin.py:190} INFO - [2025-09-22T00:09:07.546+0000] {dag.py:4180} INFO - Setting next_dagrun for example_setup_teardown_taskflow to None, run_after=None
[2025-09-22T00:09:07.586+0000] {processor.py:208} INFO - Processing /home/airflow/.local/lib/python3.12/site-packages/airflow/example_dags/example_setup_teardown_taskflow.py took 0.088 seconds
[2025-09-22T00:09:37.666+0000] {processor.py:186} INFO - Started process (PID=6411) to work on /home/airflow/.local/lib/python3.12/site-packages/airflow/example_dags/example_setup_teardown_taskflow.py
[2025-09-22T00:09:37.667+0000] {processor.py:914} INFO - Processing file /home/airflow/.local/lib/python3.12/site-packages/airflow/example_dags/example_setup_teardown_taskflow.py for tasks to queue
[2025-09-22T00:09:37.669+0000] {logging_mixin.py:190} INFO - [2025-09-22T00:09:37.668+0000] {dagbag.py:588} INFO - Filling up the DagBag from /home/airflow/.local/lib/python3.12/site-packages/airflow/example_dags/example_setup_teardown_taskflow.py
[2025-09-22T00:09:37.677+0000] {processor.py:925} INFO - DAG(s) 'example_setup_teardown_taskflow' retrieved from /home/airflow/.local/lib/python3.12/site-packages/airflow/example_dags/example_setup_teardown_taskflow.py
[2025-09-22T00:09:37.695+0000] {logging_mixin.py:190} INFO - [2025-09-22T00:09:37.694+0000] {dag.py:3239} INFO - Sync 1 DAGs
[2025-09-22T00:09:37.706+0000] {logging_mixin.py:190} INFO - [2025-09-22T00:09:37.706+0000] {dag.py:4180} INFO - Setting next_dagrun for example_setup_teardown_taskflow to None, run_after=None
[2025-09-22T00:09:37.748+0000] {processor.py:208} INFO - Processing /home/airflow/.local/lib/python3.12/site-packages/airflow/example_dags/example_setup_teardown_taskflow.py took 0.087 seconds
[2025-09-22T00:10:08.512+0000] {processor.py:186} INFO - Started process (PID=6476) to work on /home/airflow/.local/lib/python3.12/site-packages/airflow/example_dags/example_setup_teardown_taskflow.py
[2025-09-22T00:10:08.513+0000] {processor.py:914} INFO - Processing file /home/airflow/.local/lib/python3.12/site-packages/airflow/example_dags/example_setup_teardown_taskflow.py for tasks to queue
[2025-09-22T00:10:08.515+0000] {logging_mixin.py:190} INFO - [2025-09-22T00:10:08.515+0000] {dagbag.py:588} INFO - Filling up the DagBag from /home/airflow/.local/lib/python3.12/site-packages/airflow/example_dags/example_setup_teardown_taskflow.py
[2025-09-22T00:10:08.525+0000] {processor.py:925} INFO - DAG(s) 'example_setup_teardown_taskflow' retrieved from /home/airflow/.local/lib/python3.12/site-packages/airflow/example_dags/example_setup_teardown_taskflow.py
[2025-09-22T00:10:08.546+0000] {logging_mixin.py:190} INFO - [2025-09-22T00:10:08.545+0000] {dag.py:3239} INFO - Sync 1 DAGs
[2025-09-22T00:10:08.559+0000] {logging_mixin.py:190} INFO - [2025-09-22T00:10:08.559+0000] {dag.py:4180} INFO - Setting next_dagrun for example_setup_teardown_taskflow to None, run_after=None
[2025-09-22T00:10:08.598+0000] {processor.py:208} INFO - Processing /home/airflow/.local/lib/python3.12/site-packages/airflow/example_dags/example_setup_teardown_taskflow.py took 0.093 seconds
[2025-09-22T00:10:39.403+0000] {processor.py:186} INFO - Started process (PID=6540) to work on /home/airflow/.local/lib/python3.12/site-packages/airflow/example_dags/example_setup_teardown_taskflow.py
[2025-09-22T00:10:39.404+0000] {processor.py:914} INFO - Processing file /home/airflow/.local/lib/python3.12/site-packages/airflow/example_dags/example_setup_teardown_taskflow.py for tasks to queue
[2025-09-22T00:10:39.406+0000] {logging_mixin.py:190} INFO - [2025-09-22T00:10:39.405+0000] {dagbag.py:588} INFO - Filling up the DagBag from /home/airflow/.local/lib/python3.12/site-packages/airflow/example_dags/example_setup_teardown_taskflow.py
[2025-09-22T00:10:39.414+0000] {processor.py:925} INFO - DAG(s) 'example_setup_teardown_taskflow' retrieved from /home/airflow/.local/lib/python3.12/site-packages/airflow/example_dags/example_setup_teardown_taskflow.py
[2025-09-22T00:10:39.432+0000] {logging_mixin.py:190} INFO - [2025-09-22T00:10:39.432+0000] {dag.py:3239} INFO - Sync 1 DAGs
[2025-09-22T00:10:39.444+0000] {logging_mixin.py:190} INFO - [2025-09-22T00:10:39.444+0000] {dag.py:4180} INFO - Setting next_dagrun for example_setup_teardown_taskflow to None, run_after=None
[2025-09-22T00:10:39.484+0000] {processor.py:208} INFO - Processing /home/airflow/.local/lib/python3.12/site-packages/airflow/example_dags/example_setup_teardown_taskflow.py took 0.087 seconds
[2025-09-22T00:11:10.414+0000] {processor.py:186} INFO - Started process (PID=6604) to work on /home/airflow/.local/lib/python3.12/site-packages/airflow/example_dags/example_setup_teardown_taskflow.py
[2025-09-22T00:11:10.414+0000] {processor.py:914} INFO - Processing file /home/airflow/.local/lib/python3.12/site-packages/airflow/example_dags/example_setup_teardown_taskflow.py for tasks to queue
[2025-09-22T00:11:10.416+0000] {logging_mixin.py:190} INFO - [2025-09-22T00:11:10.416+0000] {dagbag.py:588} INFO - Filling up the DagBag from /home/airflow/.local/lib/python3.12/site-packages/airflow/example_dags/example_setup_teardown_taskflow.py
[2025-09-22T00:11:10.424+0000] {processor.py:925} INFO - DAG(s) 'example_setup_teardown_taskflow' retrieved from /home/airflow/.local/lib/python3.12/site-packages/airflow/example_dags/example_setup_teardown_taskflow.py
[2025-09-22T00:11:10.443+0000] {logging_mixin.py:190} INFO - [2025-09-22T00:11:10.443+0000] {dag.py:3239} INFO - Sync 1 DAGs
[2025-09-22T00:11:10.456+0000] {logging_mixin.py:190} INFO - [2025-09-22T00:11:10.456+0000] {dag.py:4180} INFO - Setting next_dagrun for example_setup_teardown_taskflow to None, run_after=None
[2025-09-22T00:11:10.495+0000] {processor.py:208} INFO - Processing /home/airflow/.local/lib/python3.12/site-packages/airflow/example_dags/example_setup_teardown_taskflow.py took 0.086 seconds
[2025-09-22T00:11:41.264+0000] {processor.py:186} INFO - Started process (PID=6668) to work on /home/airflow/.local/lib/python3.12/site-packages/airflow/example_dags/example_setup_teardown_taskflow.py
[2025-09-22T00:11:41.265+0000] {processor.py:914} INFO - Processing file /home/airflow/.local/lib/python3.12/site-packages/airflow/example_dags/example_setup_teardown_taskflow.py for tasks to queue
[2025-09-22T00:11:41.267+0000] {logging_mixin.py:190} INFO - [2025-09-22T00:11:41.267+0000] {dagbag.py:588} INFO - Filling up the DagBag from /home/airflow/.local/lib/python3.12/site-packages/airflow/example_dags/example_setup_teardown_taskflow.py
[2025-09-22T00:11:41.275+0000] {processor.py:925} INFO - DAG(s) 'example_setup_teardown_taskflow' retrieved from /home/airflow/.local/lib/python3.12/site-packages/airflow/example_dags/example_setup_teardown_taskflow.py
[2025-09-22T00:11:41.300+0000] {logging_mixin.py:190} INFO - [2025-09-22T00:11:41.300+0000] {dag.py:3239} INFO - Sync 1 DAGs
[2025-09-22T00:11:41.316+0000] {logging_mixin.py:190} INFO - [2025-09-22T00:11:41.316+0000] {dag.py:4180} INFO - Setting next_dagrun for example_setup_teardown_taskflow to None, run_after=None
[2025-09-22T00:11:41.367+0000] {processor.py:208} INFO - Processing /home/airflow/.local/lib/python3.12/site-packages/airflow/example_dags/example_setup_teardown_taskflow.py took 0.107 seconds
[2025-09-22T00:12:11.889+0000] {processor.py:186} INFO - Started process (PID=6732) to work on /home/airflow/.local/lib/python3.12/site-packages/airflow/example_dags/example_setup_teardown_taskflow.py
[2025-09-22T00:12:11.890+0000] {processor.py:914} INFO - Processing file /home/airflow/.local/lib/python3.12/site-packages/airflow/example_dags/example_setup_teardown_taskflow.py for tasks to queue
[2025-09-22T00:12:11.892+0000] {logging_mixin.py:190} INFO - [2025-09-22T00:12:11.892+0000] {dagbag.py:588} INFO - Filling up the DagBag from /home/airflow/.local/lib/python3.12/site-packages/airflow/example_dags/example_setup_teardown_taskflow.py
[2025-09-22T00:12:11.900+0000] {processor.py:925} INFO - DAG(s) 'example_setup_teardown_taskflow' retrieved from /home/airflow/.local/lib/python3.12/site-packages/airflow/example_dags/example_setup_teardown_taskflow.py
[2025-09-22T00:12:11.918+0000] {logging_mixin.py:190} INFO - [2025-09-22T00:12:11.918+0000] {dag.py:3239} INFO - Sync 1 DAGs
[2025-09-22T00:12:11.929+0000] {logging_mixin.py:190} INFO - [2025-09-22T00:12:11.929+0000] {dag.py:4180} INFO - Setting next_dagrun for example_setup_teardown_taskflow to None, run_after=None
[2025-09-22T00:12:11.987+0000] {processor.py:208} INFO - Processing /home/airflow/.local/lib/python3.12/site-packages/airflow/example_dags/example_setup_teardown_taskflow.py took 0.102 seconds
[2025-09-22T00:12:42.918+0000] {processor.py:186} INFO - Started process (PID=6796) to work on /home/airflow/.local/lib/python3.12/site-packages/airflow/example_dags/example_setup_teardown_taskflow.py
[2025-09-22T00:12:42.919+0000] {processor.py:914} INFO - Processing file /home/airflow/.local/lib/python3.12/site-packages/airflow/example_dags/example_setup_teardown_taskflow.py for tasks to queue
[2025-09-22T00:12:42.921+0000] {logging_mixin.py:190} INFO - [2025-09-22T00:12:42.921+0000] {dagbag.py:588} INFO - Filling up the DagBag from /home/airflow/.local/lib/python3.12/site-packages/airflow/example_dags/example_setup_teardown_taskflow.py
[2025-09-22T00:12:42.931+0000] {processor.py:925} INFO - DAG(s) 'example_setup_teardown_taskflow' retrieved from /home/airflow/.local/lib/python3.12/site-packages/airflow/example_dags/example_setup_teardown_taskflow.py
[2025-09-22T00:12:42.951+0000] {logging_mixin.py:190} INFO - [2025-09-22T00:12:42.951+0000] {dag.py:3239} INFO - Sync 1 DAGs
[2025-09-22T00:12:42.964+0000] {logging_mixin.py:190} INFO - [2025-09-22T00:12:42.964+0000] {dag.py:4180} INFO - Setting next_dagrun for example_setup_teardown_taskflow to None, run_after=None
[2025-09-22T00:12:43.008+0000] {processor.py:208} INFO - Processing /home/airflow/.local/lib/python3.12/site-packages/airflow/example_dags/example_setup_teardown_taskflow.py took 0.095 seconds
[2025-09-22T00:13:13.945+0000] {processor.py:186} INFO - Started process (PID=6860) to work on /home/airflow/.local/lib/python3.12/site-packages/airflow/example_dags/example_setup_teardown_taskflow.py
[2025-09-22T00:13:13.946+0000] {processor.py:914} INFO - Processing file /home/airflow/.local/lib/python3.12/site-packages/airflow/example_dags/example_setup_teardown_taskflow.py for tasks to queue
[2025-09-22T00:13:13.948+0000] {logging_mixin.py:190} INFO - [2025-09-22T00:13:13.948+0000] {dagbag.py:588} INFO - Filling up the DagBag from /home/airflow/.local/lib/python3.12/site-packages/airflow/example_dags/example_setup_teardown_taskflow.py
[2025-09-22T00:13:13.958+0000] {processor.py:925} INFO - DAG(s) 'example_setup_teardown_taskflow' retrieved from /home/airflow/.local/lib/python3.12/site-packages/airflow/example_dags/example_setup_teardown_taskflow.py
[2025-09-22T00:13:13.980+0000] {logging_mixin.py:190} INFO - [2025-09-22T00:13:13.980+0000] {dag.py:3239} INFO - Sync 1 DAGs
[2025-09-22T00:13:13.996+0000] {logging_mixin.py:190} INFO - [2025-09-22T00:13:13.996+0000] {dag.py:4180} INFO - Setting next_dagrun for example_setup_teardown_taskflow to None, run_after=None
[2025-09-22T00:13:14.038+0000] {processor.py:208} INFO - Processing /home/airflow/.local/lib/python3.12/site-packages/airflow/example_dags/example_setup_teardown_taskflow.py took 0.099 seconds
[2025-09-22T00:13:44.142+0000] {processor.py:186} INFO - Started process (PID=6924) to work on /home/airflow/.local/lib/python3.12/site-packages/airflow/example_dags/example_setup_teardown_taskflow.py
[2025-09-22T00:13:44.143+0000] {processor.py:914} INFO - Processing file /home/airflow/.local/lib/python3.12/site-packages/airflow/example_dags/example_setup_teardown_taskflow.py for tasks to queue
[2025-09-22T00:13:44.145+0000] {logging_mixin.py:190} INFO - [2025-09-22T00:13:44.145+0000] {dagbag.py:588} INFO - Filling up the DagBag from /home/airflow/.local/lib/python3.12/site-packages/airflow/example_dags/example_setup_teardown_taskflow.py
[2025-09-22T00:13:44.154+0000] {processor.py:925} INFO - DAG(s) 'example_setup_teardown_taskflow' retrieved from /home/airflow/.local/lib/python3.12/site-packages/airflow/example_dags/example_setup_teardown_taskflow.py
[2025-09-22T00:13:44.172+0000] {logging_mixin.py:190} INFO - [2025-09-22T00:13:44.172+0000] {dag.py:3239} INFO - Sync 1 DAGs
[2025-09-22T00:13:44.185+0000] {logging_mixin.py:190} INFO - [2025-09-22T00:13:44.185+0000] {dag.py:4180} INFO - Setting next_dagrun for example_setup_teardown_taskflow to None, run_after=None
[2025-09-22T00:13:44.246+0000] {processor.py:208} INFO - Processing /home/airflow/.local/lib/python3.12/site-packages/airflow/example_dags/example_setup_teardown_taskflow.py took 0.109 seconds
[2025-09-22T00:14:14.667+0000] {processor.py:186} INFO - Started process (PID=6988) to work on /home/airflow/.local/lib/python3.12/site-packages/airflow/example_dags/example_setup_teardown_taskflow.py
[2025-09-22T00:14:14.668+0000] {processor.py:914} INFO - Processing file /home/airflow/.local/lib/python3.12/site-packages/airflow/example_dags/example_setup_teardown_taskflow.py for tasks to queue
[2025-09-22T00:14:14.670+0000] {logging_mixin.py:190} INFO - [2025-09-22T00:14:14.670+0000] {dagbag.py:588} INFO - Filling up the DagBag from /home/airflow/.local/lib/python3.12/site-packages/airflow/example_dags/example_setup_teardown_taskflow.py
[2025-09-22T00:14:14.679+0000] {processor.py:925} INFO - DAG(s) 'example_setup_teardown_taskflow' retrieved from /home/airflow/.local/lib/python3.12/site-packages/airflow/example_dags/example_setup_teardown_taskflow.py
[2025-09-22T00:14:14.697+0000] {logging_mixin.py:190} INFO - [2025-09-22T00:14:14.697+0000] {dag.py:3239} INFO - Sync 1 DAGs
[2025-09-22T00:14:14.709+0000] {logging_mixin.py:190} INFO - [2025-09-22T00:14:14.709+0000] {dag.py:4180} INFO - Setting next_dagrun for example_setup_teardown_taskflow to None, run_after=None
[2025-09-22T00:14:15.155+0000] {processor.py:208} INFO - Processing /home/airflow/.local/lib/python3.12/site-packages/airflow/example_dags/example_setup_teardown_taskflow.py took 0.493 seconds
[2025-09-22T00:14:45.403+0000] {processor.py:186} INFO - Started process (PID=7052) to work on /home/airflow/.local/lib/python3.12/site-packages/airflow/example_dags/example_setup_teardown_taskflow.py
[2025-09-22T00:14:45.404+0000] {processor.py:914} INFO - Processing file /home/airflow/.local/lib/python3.12/site-packages/airflow/example_dags/example_setup_teardown_taskflow.py for tasks to queue
[2025-09-22T00:14:45.406+0000] {logging_mixin.py:190} INFO - [2025-09-22T00:14:45.406+0000] {dagbag.py:588} INFO - Filling up the DagBag from /home/airflow/.local/lib/python3.12/site-packages/airflow/example_dags/example_setup_teardown_taskflow.py
[2025-09-22T00:14:45.415+0000] {processor.py:925} INFO - DAG(s) 'example_setup_teardown_taskflow' retrieved from /home/airflow/.local/lib/python3.12/site-packages/airflow/example_dags/example_setup_teardown_taskflow.py
[2025-09-22T00:14:45.435+0000] {logging_mixin.py:190} INFO - [2025-09-22T00:14:45.435+0000] {dag.py:3239} INFO - Sync 1 DAGs
[2025-09-22T00:14:45.447+0000] {logging_mixin.py:190} INFO - [2025-09-22T00:14:45.447+0000] {dag.py:4180} INFO - Setting next_dagrun for example_setup_teardown_taskflow to None, run_after=None
[2025-09-22T00:14:45.492+0000] {processor.py:208} INFO - Processing /home/airflow/.local/lib/python3.12/site-packages/airflow/example_dags/example_setup_teardown_taskflow.py took 0.093 seconds
[2025-09-22T00:15:15.736+0000] {processor.py:186} INFO - Started process (PID=7115) to work on /home/airflow/.local/lib/python3.12/site-packages/airflow/example_dags/example_setup_teardown_taskflow.py
[2025-09-22T00:15:15.737+0000] {processor.py:914} INFO - Processing file /home/airflow/.local/lib/python3.12/site-packages/airflow/example_dags/example_setup_teardown_taskflow.py for tasks to queue
[2025-09-22T00:15:15.739+0000] {logging_mixin.py:190} INFO - [2025-09-22T00:15:15.739+0000] {dagbag.py:588} INFO - Filling up the DagBag from /home/airflow/.local/lib/python3.12/site-packages/airflow/example_dags/example_setup_teardown_taskflow.py
[2025-09-22T00:15:15.748+0000] {processor.py:925} INFO - DAG(s) 'example_setup_teardown_taskflow' retrieved from /home/airflow/.local/lib/python3.12/site-packages/airflow/example_dags/example_setup_teardown_taskflow.py
[2025-09-22T00:15:15.767+0000] {logging_mixin.py:190} INFO - [2025-09-22T00:15:15.766+0000] {dag.py:3239} INFO - Sync 1 DAGs
[2025-09-22T00:15:15.779+0000] {logging_mixin.py:190} INFO - [2025-09-22T00:15:15.779+0000] {dag.py:4180} INFO - Setting next_dagrun for example_setup_teardown_taskflow to None, run_after=None
[2025-09-22T00:15:15.817+0000] {processor.py:208} INFO - Processing /home/airflow/.local/lib/python3.12/site-packages/airflow/example_dags/example_setup_teardown_taskflow.py took 0.086 seconds
[2025-09-22T00:15:46.615+0000] {processor.py:186} INFO - Started process (PID=7179) to work on /home/airflow/.local/lib/python3.12/site-packages/airflow/example_dags/example_setup_teardown_taskflow.py
[2025-09-22T00:15:46.616+0000] {processor.py:914} INFO - Processing file /home/airflow/.local/lib/python3.12/site-packages/airflow/example_dags/example_setup_teardown_taskflow.py for tasks to queue
[2025-09-22T00:15:46.618+0000] {logging_mixin.py:190} INFO - [2025-09-22T00:15:46.618+0000] {dagbag.py:588} INFO - Filling up the DagBag from /home/airflow/.local/lib/python3.12/site-packages/airflow/example_dags/example_setup_teardown_taskflow.py
[2025-09-22T00:15:46.629+0000] {processor.py:925} INFO - DAG(s) 'example_setup_teardown_taskflow' retrieved from /home/airflow/.local/lib/python3.12/site-packages/airflow/example_dags/example_setup_teardown_taskflow.py
[2025-09-22T00:15:46.651+0000] {logging_mixin.py:190} INFO - [2025-09-22T00:15:46.651+0000] {dag.py:3239} INFO - Sync 1 DAGs
[2025-09-22T00:15:46.667+0000] {logging_mixin.py:190} INFO - [2025-09-22T00:15:46.667+0000] {dag.py:4180} INFO - Setting next_dagrun for example_setup_teardown_taskflow to None, run_after=None
[2025-09-22T00:15:46.720+0000] {processor.py:208} INFO - Processing /home/airflow/.local/lib/python3.12/site-packages/airflow/example_dags/example_setup_teardown_taskflow.py took 0.111 seconds
[2025-09-22T00:16:17.176+0000] {processor.py:186} INFO - Started process (PID=7243) to work on /home/airflow/.local/lib/python3.12/site-packages/airflow/example_dags/example_setup_teardown_taskflow.py
[2025-09-22T00:16:17.177+0000] {processor.py:914} INFO - Processing file /home/airflow/.local/lib/python3.12/site-packages/airflow/example_dags/example_setup_teardown_taskflow.py for tasks to queue
[2025-09-22T00:16:17.180+0000] {logging_mixin.py:190} INFO - [2025-09-22T00:16:17.180+0000] {dagbag.py:588} INFO - Filling up the DagBag from /home/airflow/.local/lib/python3.12/site-packages/airflow/example_dags/example_setup_teardown_taskflow.py
[2025-09-22T00:16:17.194+0000] {processor.py:925} INFO - DAG(s) 'example_setup_teardown_taskflow' retrieved from /home/airflow/.local/lib/python3.12/site-packages/airflow/example_dags/example_setup_teardown_taskflow.py
[2025-09-22T00:16:17.221+0000] {logging_mixin.py:190} INFO - [2025-09-22T00:16:17.221+0000] {dag.py:3239} INFO - Sync 1 DAGs
[2025-09-22T00:16:17.239+0000] {logging_mixin.py:190} INFO - [2025-09-22T00:16:17.239+0000] {dag.py:4180} INFO - Setting next_dagrun for example_setup_teardown_taskflow to None, run_after=None
[2025-09-22T00:16:17.285+0000] {processor.py:208} INFO - Processing /home/airflow/.local/lib/python3.12/site-packages/airflow/example_dags/example_setup_teardown_taskflow.py took 0.120 seconds
[2025-09-22T00:16:48.757+0000] {processor.py:186} INFO - Started process (PID=7307) to work on /home/airflow/.local/lib/python3.12/site-packages/airflow/example_dags/example_setup_teardown_taskflow.py
[2025-09-22T00:16:48.759+0000] {processor.py:914} INFO - Processing file /home/airflow/.local/lib/python3.12/site-packages/airflow/example_dags/example_setup_teardown_taskflow.py for tasks to queue
[2025-09-22T00:16:48.761+0000] {logging_mixin.py:190} INFO - [2025-09-22T00:16:48.761+0000] {dagbag.py:588} INFO - Filling up the DagBag from /home/airflow/.local/lib/python3.12/site-packages/airflow/example_dags/example_setup_teardown_taskflow.py
[2025-09-22T00:16:48.775+0000] {processor.py:925} INFO - DAG(s) 'example_setup_teardown_taskflow' retrieved from /home/airflow/.local/lib/python3.12/site-packages/airflow/example_dags/example_setup_teardown_taskflow.py
[2025-09-22T00:16:48.801+0000] {logging_mixin.py:190} INFO - [2025-09-22T00:16:48.801+0000] {dag.py:3239} INFO - Sync 1 DAGs
[2025-09-22T00:16:48.820+0000] {logging_mixin.py:190} INFO - [2025-09-22T00:16:48.820+0000] {dag.py:4180} INFO - Setting next_dagrun for example_setup_teardown_taskflow to None, run_after=None
[2025-09-22T00:16:48.881+0000] {processor.py:208} INFO - Processing /home/airflow/.local/lib/python3.12/site-packages/airflow/example_dags/example_setup_teardown_taskflow.py took 0.132 seconds
[2025-09-22T00:17:19.234+0000] {processor.py:186} INFO - Started process (PID=7371) to work on /home/airflow/.local/lib/python3.12/site-packages/airflow/example_dags/example_setup_teardown_taskflow.py
[2025-09-22T00:17:19.235+0000] {processor.py:914} INFO - Processing file /home/airflow/.local/lib/python3.12/site-packages/airflow/example_dags/example_setup_teardown_taskflow.py for tasks to queue
[2025-09-22T00:17:19.237+0000] {logging_mixin.py:190} INFO - [2025-09-22T00:17:19.237+0000] {dagbag.py:588} INFO - Filling up the DagBag from /home/airflow/.local/lib/python3.12/site-packages/airflow/example_dags/example_setup_teardown_taskflow.py
[2025-09-22T00:17:19.249+0000] {processor.py:925} INFO - DAG(s) 'example_setup_teardown_taskflow' retrieved from /home/airflow/.local/lib/python3.12/site-packages/airflow/example_dags/example_setup_teardown_taskflow.py
[2025-09-22T00:17:19.272+0000] {logging_mixin.py:190} INFO - [2025-09-22T00:17:19.272+0000] {dag.py:3239} INFO - Sync 1 DAGs
[2025-09-22T00:17:19.286+0000] {logging_mixin.py:190} INFO - [2025-09-22T00:17:19.286+0000] {dag.py:4180} INFO - Setting next_dagrun for example_setup_teardown_taskflow to None, run_after=None
[2025-09-22T00:17:19.324+0000] {processor.py:208} INFO - Processing /home/airflow/.local/lib/python3.12/site-packages/airflow/example_dags/example_setup_teardown_taskflow.py took 0.097 seconds
[2025-09-22T00:17:50.118+0000] {processor.py:186} INFO - Started process (PID=7435) to work on /home/airflow/.local/lib/python3.12/site-packages/airflow/example_dags/example_setup_teardown_taskflow.py
[2025-09-22T00:17:50.119+0000] {processor.py:914} INFO - Processing file /home/airflow/.local/lib/python3.12/site-packages/airflow/example_dags/example_setup_teardown_taskflow.py for tasks to queue
[2025-09-22T00:17:50.121+0000] {logging_mixin.py:190} INFO - [2025-09-22T00:17:50.121+0000] {dagbag.py:588} INFO - Filling up the DagBag from /home/airflow/.local/lib/python3.12/site-packages/airflow/example_dags/example_setup_teardown_taskflow.py
[2025-09-22T00:17:50.130+0000] {processor.py:925} INFO - DAG(s) 'example_setup_teardown_taskflow' retrieved from /home/airflow/.local/lib/python3.12/site-packages/airflow/example_dags/example_setup_teardown_taskflow.py
[2025-09-22T00:17:50.150+0000] {logging_mixin.py:190} INFO - [2025-09-22T00:17:50.150+0000] {dag.py:3239} INFO - Sync 1 DAGs
[2025-09-22T00:17:50.165+0000] {logging_mixin.py:190} INFO - [2025-09-22T00:17:50.164+0000] {dag.py:4180} INFO - Setting next_dagrun for example_setup_teardown_taskflow to None, run_after=None
[2025-09-22T00:17:50.210+0000] {processor.py:208} INFO - Processing /home/airflow/.local/lib/python3.12/site-packages/airflow/example_dags/example_setup_teardown_taskflow.py took 0.097 seconds
[2025-09-22T00:18:20.463+0000] {processor.py:186} INFO - Started process (PID=7499) to work on /home/airflow/.local/lib/python3.12/site-packages/airflow/example_dags/example_setup_teardown_taskflow.py
[2025-09-22T00:18:20.464+0000] {processor.py:914} INFO - Processing file /home/airflow/.local/lib/python3.12/site-packages/airflow/example_dags/example_setup_teardown_taskflow.py for tasks to queue
[2025-09-22T00:18:20.466+0000] {logging_mixin.py:190} INFO - [2025-09-22T00:18:20.466+0000] {dagbag.py:588} INFO - Filling up the DagBag from /home/airflow/.local/lib/python3.12/site-packages/airflow/example_dags/example_setup_teardown_taskflow.py
[2025-09-22T00:18:20.475+0000] {processor.py:925} INFO - DAG(s) 'example_setup_teardown_taskflow' retrieved from /home/airflow/.local/lib/python3.12/site-packages/airflow/example_dags/example_setup_teardown_taskflow.py
[2025-09-22T00:18:20.495+0000] {logging_mixin.py:190} INFO - [2025-09-22T00:18:20.495+0000] {dag.py:3239} INFO - Sync 1 DAGs
[2025-09-22T00:18:20.507+0000] {logging_mixin.py:190} INFO - [2025-09-22T00:18:20.507+0000] {dag.py:4180} INFO - Setting next_dagrun for example_setup_teardown_taskflow to None, run_after=None
[2025-09-22T00:18:20.545+0000] {processor.py:208} INFO - Processing /home/airflow/.local/lib/python3.12/site-packages/airflow/example_dags/example_setup_teardown_taskflow.py took 0.087 seconds
[2025-09-22T00:18:50.756+0000] {processor.py:186} INFO - Started process (PID=7563) to work on /home/airflow/.local/lib/python3.12/site-packages/airflow/example_dags/example_setup_teardown_taskflow.py
[2025-09-22T00:18:50.757+0000] {processor.py:914} INFO - Processing file /home/airflow/.local/lib/python3.12/site-packages/airflow/example_dags/example_setup_teardown_taskflow.py for tasks to queue
[2025-09-22T00:18:50.759+0000] {logging_mixin.py:190} INFO - [2025-09-22T00:18:50.759+0000] {dagbag.py:588} INFO - Filling up the DagBag from /home/airflow/.local/lib/python3.12/site-packages/airflow/example_dags/example_setup_teardown_taskflow.py
[2025-09-22T00:18:50.768+0000] {processor.py:925} INFO - DAG(s) 'example_setup_teardown_taskflow' retrieved from /home/airflow/.local/lib/python3.12/site-packages/airflow/example_dags/example_setup_teardown_taskflow.py
[2025-09-22T00:18:50.788+0000] {logging_mixin.py:190} INFO - [2025-09-22T00:18:50.787+0000] {dag.py:3239} INFO - Sync 1 DAGs
[2025-09-22T00:18:50.800+0000] {logging_mixin.py:190} INFO - [2025-09-22T00:18:50.800+0000] {dag.py:4180} INFO - Setting next_dagrun for example_setup_teardown_taskflow to None, run_after=None
[2025-09-22T00:18:50.838+0000] {processor.py:208} INFO - Processing /home/airflow/.local/lib/python3.12/site-packages/airflow/example_dags/example_setup_teardown_taskflow.py took 0.087 seconds
[2025-09-22T00:19:21.882+0000] {processor.py:186} INFO - Started process (PID=7627) to work on /home/airflow/.local/lib/python3.12/site-packages/airflow/example_dags/example_setup_teardown_taskflow.py
[2025-09-22T00:19:21.883+0000] {processor.py:914} INFO - Processing file /home/airflow/.local/lib/python3.12/site-packages/airflow/example_dags/example_setup_teardown_taskflow.py for tasks to queue
[2025-09-22T00:19:21.885+0000] {logging_mixin.py:190} INFO - [2025-09-22T00:19:21.885+0000] {dagbag.py:588} INFO - Filling up the DagBag from /home/airflow/.local/lib/python3.12/site-packages/airflow/example_dags/example_setup_teardown_taskflow.py
[2025-09-22T00:19:21.895+0000] {processor.py:925} INFO - DAG(s) 'example_setup_teardown_taskflow' retrieved from /home/airflow/.local/lib/python3.12/site-packages/airflow/example_dags/example_setup_teardown_taskflow.py
[2025-09-22T00:19:21.919+0000] {logging_mixin.py:190} INFO - [2025-09-22T00:19:21.918+0000] {dag.py:3239} INFO - Sync 1 DAGs
[2025-09-22T00:19:21.933+0000] {logging_mixin.py:190} INFO - [2025-09-22T00:19:21.932+0000] {dag.py:4180} INFO - Setting next_dagrun for example_setup_teardown_taskflow to None, run_after=None
[2025-09-22T00:19:21.978+0000] {processor.py:208} INFO - Processing /home/airflow/.local/lib/python3.12/site-packages/airflow/example_dags/example_setup_teardown_taskflow.py took 0.102 seconds
[2025-09-22T00:19:52.618+0000] {processor.py:186} INFO - Started process (PID=7691) to work on /home/airflow/.local/lib/python3.12/site-packages/airflow/example_dags/example_setup_teardown_taskflow.py
[2025-09-22T00:19:52.619+0000] {processor.py:914} INFO - Processing file /home/airflow/.local/lib/python3.12/site-packages/airflow/example_dags/example_setup_teardown_taskflow.py for tasks to queue
[2025-09-22T00:19:52.622+0000] {logging_mixin.py:190} INFO - [2025-09-22T00:19:52.622+0000] {dagbag.py:588} INFO - Filling up the DagBag from /home/airflow/.local/lib/python3.12/site-packages/airflow/example_dags/example_setup_teardown_taskflow.py
[2025-09-22T00:19:52.631+0000] {processor.py:925} INFO - DAG(s) 'example_setup_teardown_taskflow' retrieved from /home/airflow/.local/lib/python3.12/site-packages/airflow/example_dags/example_setup_teardown_taskflow.py
[2025-09-22T00:19:52.654+0000] {logging_mixin.py:190} INFO - [2025-09-22T00:19:52.654+0000] {dag.py:3239} INFO - Sync 1 DAGs
[2025-09-22T00:19:52.674+0000] {logging_mixin.py:190} INFO - [2025-09-22T00:19:52.673+0000] {dag.py:4180} INFO - Setting next_dagrun for example_setup_teardown_taskflow to None, run_after=None
[2025-09-22T00:19:52.729+0000] {processor.py:208} INFO - Processing /home/airflow/.local/lib/python3.12/site-packages/airflow/example_dags/example_setup_teardown_taskflow.py took 0.116 seconds
[2025-09-22T00:20:22.973+0000] {processor.py:186} INFO - Started process (PID=7755) to work on /home/airflow/.local/lib/python3.12/site-packages/airflow/example_dags/example_setup_teardown_taskflow.py
[2025-09-22T00:20:22.974+0000] {processor.py:914} INFO - Processing file /home/airflow/.local/lib/python3.12/site-packages/airflow/example_dags/example_setup_teardown_taskflow.py for tasks to queue
[2025-09-22T00:20:22.976+0000] {logging_mixin.py:190} INFO - [2025-09-22T00:20:22.976+0000] {dagbag.py:588} INFO - Filling up the DagBag from /home/airflow/.local/lib/python3.12/site-packages/airflow/example_dags/example_setup_teardown_taskflow.py
[2025-09-22T00:20:22.985+0000] {processor.py:925} INFO - DAG(s) 'example_setup_teardown_taskflow' retrieved from /home/airflow/.local/lib/python3.12/site-packages/airflow/example_dags/example_setup_teardown_taskflow.py
[2025-09-22T00:20:23.006+0000] {logging_mixin.py:190} INFO - [2025-09-22T00:20:23.006+0000] {dag.py:3239} INFO - Sync 1 DAGs
[2025-09-22T00:20:23.019+0000] {logging_mixin.py:190} INFO - [2025-09-22T00:20:23.019+0000] {dag.py:4180} INFO - Setting next_dagrun for example_setup_teardown_taskflow to None, run_after=None
[2025-09-22T00:20:23.069+0000] {processor.py:208} INFO - Processing /home/airflow/.local/lib/python3.12/site-packages/airflow/example_dags/example_setup_teardown_taskflow.py took 0.100 seconds
[2025-09-22T00:20:53.487+0000] {processor.py:186} INFO - Started process (PID=7819) to work on /home/airflow/.local/lib/python3.12/site-packages/airflow/example_dags/example_setup_teardown_taskflow.py
[2025-09-22T00:20:53.488+0000] {processor.py:914} INFO - Processing file /home/airflow/.local/lib/python3.12/site-packages/airflow/example_dags/example_setup_teardown_taskflow.py for tasks to queue
[2025-09-22T00:20:53.490+0000] {logging_mixin.py:190} INFO - [2025-09-22T00:20:53.490+0000] {dagbag.py:588} INFO - Filling up the DagBag from /home/airflow/.local/lib/python3.12/site-packages/airflow/example_dags/example_setup_teardown_taskflow.py
[2025-09-22T00:20:53.500+0000] {processor.py:925} INFO - DAG(s) 'example_setup_teardown_taskflow' retrieved from /home/airflow/.local/lib/python3.12/site-packages/airflow/example_dags/example_setup_teardown_taskflow.py
[2025-09-22T00:20:53.519+0000] {logging_mixin.py:190} INFO - [2025-09-22T00:20:53.518+0000] {dag.py:3239} INFO - Sync 1 DAGs
[2025-09-22T00:20:53.531+0000] {logging_mixin.py:190} INFO - [2025-09-22T00:20:53.531+0000] {dag.py:4180} INFO - Setting next_dagrun for example_setup_teardown_taskflow to None, run_after=None
[2025-09-22T00:20:53.576+0000] {processor.py:208} INFO - Processing /home/airflow/.local/lib/python3.12/site-packages/airflow/example_dags/example_setup_teardown_taskflow.py took 0.095 seconds
[2025-09-22T00:21:23.807+0000] {processor.py:186} INFO - Started process (PID=7883) to work on /home/airflow/.local/lib/python3.12/site-packages/airflow/example_dags/example_setup_teardown_taskflow.py
[2025-09-22T00:21:23.809+0000] {processor.py:914} INFO - Processing file /home/airflow/.local/lib/python3.12/site-packages/airflow/example_dags/example_setup_teardown_taskflow.py for tasks to queue
[2025-09-22T00:21:23.811+0000] {logging_mixin.py:190} INFO - [2025-09-22T00:21:23.811+0000] {dagbag.py:588} INFO - Filling up the DagBag from /home/airflow/.local/lib/python3.12/site-packages/airflow/example_dags/example_setup_teardown_taskflow.py
[2025-09-22T00:21:23.821+0000] {processor.py:925} INFO - DAG(s) 'example_setup_teardown_taskflow' retrieved from /home/airflow/.local/lib/python3.12/site-packages/airflow/example_dags/example_setup_teardown_taskflow.py
[2025-09-22T00:21:23.841+0000] {logging_mixin.py:190} INFO - [2025-09-22T00:21:23.841+0000] {dag.py:3239} INFO - Sync 1 DAGs
[2025-09-22T00:21:23.853+0000] {logging_mixin.py:190} INFO - [2025-09-22T00:21:23.853+0000] {dag.py:4180} INFO - Setting next_dagrun for example_setup_teardown_taskflow to None, run_after=None
[2025-09-22T00:21:23.889+0000] {processor.py:208} INFO - Processing /home/airflow/.local/lib/python3.12/site-packages/airflow/example_dags/example_setup_teardown_taskflow.py took 0.087 seconds
[2025-09-22T00:21:54.694+0000] {processor.py:186} INFO - Started process (PID=7947) to work on /home/airflow/.local/lib/python3.12/site-packages/airflow/example_dags/example_setup_teardown_taskflow.py
[2025-09-22T00:21:54.695+0000] {processor.py:914} INFO - Processing file /home/airflow/.local/lib/python3.12/site-packages/airflow/example_dags/example_setup_teardown_taskflow.py for tasks to queue
[2025-09-22T00:21:54.697+0000] {logging_mixin.py:190} INFO - [2025-09-22T00:21:54.697+0000] {dagbag.py:588} INFO - Filling up the DagBag from /home/airflow/.local/lib/python3.12/site-packages/airflow/example_dags/example_setup_teardown_taskflow.py
[2025-09-22T00:21:54.706+0000] {processor.py:925} INFO - DAG(s) 'example_setup_teardown_taskflow' retrieved from /home/airflow/.local/lib/python3.12/site-packages/airflow/example_dags/example_setup_teardown_taskflow.py
[2025-09-22T00:21:54.726+0000] {logging_mixin.py:190} INFO - [2025-09-22T00:21:54.726+0000] {dag.py:3239} INFO - Sync 1 DAGs
[2025-09-22T00:21:54.739+0000] {logging_mixin.py:190} INFO - [2025-09-22T00:21:54.739+0000] {dag.py:4180} INFO - Setting next_dagrun for example_setup_teardown_taskflow to None, run_after=None
[2025-09-22T00:21:54.780+0000] {processor.py:208} INFO - Processing /home/airflow/.local/lib/python3.12/site-packages/airflow/example_dags/example_setup_teardown_taskflow.py took 0.091 seconds
[2025-09-22T00:22:25.952+0000] {processor.py:186} INFO - Started process (PID=8011) to work on /home/airflow/.local/lib/python3.12/site-packages/airflow/example_dags/example_setup_teardown_taskflow.py
[2025-09-22T00:22:25.953+0000] {processor.py:914} INFO - Processing file /home/airflow/.local/lib/python3.12/site-packages/airflow/example_dags/example_setup_teardown_taskflow.py for tasks to queue
[2025-09-22T00:22:25.955+0000] {logging_mixin.py:190} INFO - [2025-09-22T00:22:25.955+0000] {dagbag.py:588} INFO - Filling up the DagBag from /home/airflow/.local/lib/python3.12/site-packages/airflow/example_dags/example_setup_teardown_taskflow.py
[2025-09-22T00:22:25.964+0000] {processor.py:925} INFO - DAG(s) 'example_setup_teardown_taskflow' retrieved from /home/airflow/.local/lib/python3.12/site-packages/airflow/example_dags/example_setup_teardown_taskflow.py
[2025-09-22T00:22:25.983+0000] {logging_mixin.py:190} INFO - [2025-09-22T00:22:25.983+0000] {dag.py:3239} INFO - Sync 1 DAGs
[2025-09-22T00:22:25.995+0000] {logging_mixin.py:190} INFO - [2025-09-22T00:22:25.994+0000] {dag.py:4180} INFO - Setting next_dagrun for example_setup_teardown_taskflow to None, run_after=None
[2025-09-22T00:22:26.038+0000] {processor.py:208} INFO - Processing /home/airflow/.local/lib/python3.12/site-packages/airflow/example_dags/example_setup_teardown_taskflow.py took 0.091 seconds
[2025-09-22T00:22:56.776+0000] {processor.py:186} INFO - Started process (PID=8075) to work on /home/airflow/.local/lib/python3.12/site-packages/airflow/example_dags/example_setup_teardown_taskflow.py
[2025-09-22T00:22:56.777+0000] {processor.py:914} INFO - Processing file /home/airflow/.local/lib/python3.12/site-packages/airflow/example_dags/example_setup_teardown_taskflow.py for tasks to queue
[2025-09-22T00:22:56.779+0000] {logging_mixin.py:190} INFO - [2025-09-22T00:22:56.779+0000] {dagbag.py:588} INFO - Filling up the DagBag from /home/airflow/.local/lib/python3.12/site-packages/airflow/example_dags/example_setup_teardown_taskflow.py
[2025-09-22T00:22:56.788+0000] {processor.py:925} INFO - DAG(s) 'example_setup_teardown_taskflow' retrieved from /home/airflow/.local/lib/python3.12/site-packages/airflow/example_dags/example_setup_teardown_taskflow.py
[2025-09-22T00:22:56.808+0000] {logging_mixin.py:190} INFO - [2025-09-22T00:22:56.808+0000] {dag.py:3239} INFO - Sync 1 DAGs
[2025-09-22T00:22:56.821+0000] {logging_mixin.py:190} INFO - [2025-09-22T00:22:56.820+0000] {dag.py:4180} INFO - Setting next_dagrun for example_setup_teardown_taskflow to None, run_after=None
[2025-09-22T00:22:56.865+0000] {processor.py:208} INFO - Processing /home/airflow/.local/lib/python3.12/site-packages/airflow/example_dags/example_setup_teardown_taskflow.py took 0.097 seconds
[2025-09-22T00:23:28.083+0000] {processor.py:186} INFO - Started process (PID=8139) to work on /home/airflow/.local/lib/python3.12/site-packages/airflow/example_dags/example_setup_teardown_taskflow.py
[2025-09-22T00:23:28.084+0000] {processor.py:914} INFO - Processing file /home/airflow/.local/lib/python3.12/site-packages/airflow/example_dags/example_setup_teardown_taskflow.py for tasks to queue
[2025-09-22T00:23:28.089+0000] {logging_mixin.py:190} INFO - [2025-09-22T00:23:28.088+0000] {dagbag.py:588} INFO - Filling up the DagBag from /home/airflow/.local/lib/python3.12/site-packages/airflow/example_dags/example_setup_teardown_taskflow.py
[2025-09-22T00:23:28.098+0000] {processor.py:925} INFO - DAG(s) 'example_setup_teardown_taskflow' retrieved from /home/airflow/.local/lib/python3.12/site-packages/airflow/example_dags/example_setup_teardown_taskflow.py
[2025-09-22T00:23:28.117+0000] {logging_mixin.py:190} INFO - [2025-09-22T00:23:28.117+0000] {dag.py:3239} INFO - Sync 1 DAGs
[2025-09-22T00:23:28.131+0000] {logging_mixin.py:190} INFO - [2025-09-22T00:23:28.131+0000] {dag.py:4180} INFO - Setting next_dagrun for example_setup_teardown_taskflow to None, run_after=None
[2025-09-22T00:23:28.181+0000] {processor.py:208} INFO - Processing /home/airflow/.local/lib/python3.12/site-packages/airflow/example_dags/example_setup_teardown_taskflow.py took 0.102 seconds
[2025-09-22T00:23:58.393+0000] {processor.py:186} INFO - Started process (PID=8203) to work on /home/airflow/.local/lib/python3.12/site-packages/airflow/example_dags/example_setup_teardown_taskflow.py
[2025-09-22T00:23:58.394+0000] {processor.py:914} INFO - Processing file /home/airflow/.local/lib/python3.12/site-packages/airflow/example_dags/example_setup_teardown_taskflow.py for tasks to queue
[2025-09-22T00:23:58.396+0000] {logging_mixin.py:190} INFO - [2025-09-22T00:23:58.396+0000] {dagbag.py:588} INFO - Filling up the DagBag from /home/airflow/.local/lib/python3.12/site-packages/airflow/example_dags/example_setup_teardown_taskflow.py
[2025-09-22T00:23:58.405+0000] {processor.py:925} INFO - DAG(s) 'example_setup_teardown_taskflow' retrieved from /home/airflow/.local/lib/python3.12/site-packages/airflow/example_dags/example_setup_teardown_taskflow.py
[2025-09-22T00:23:58.424+0000] {logging_mixin.py:190} INFO - [2025-09-22T00:23:58.424+0000] {dag.py:3239} INFO - Sync 1 DAGs
[2025-09-22T00:23:58.437+0000] {logging_mixin.py:190} INFO - [2025-09-22T00:23:58.436+0000] {dag.py:4180} INFO - Setting next_dagrun for example_setup_teardown_taskflow to None, run_after=None
[2025-09-22T00:23:58.487+0000] {processor.py:208} INFO - Processing /home/airflow/.local/lib/python3.12/site-packages/airflow/example_dags/example_setup_teardown_taskflow.py took 0.099 seconds
[2025-09-22T00:24:29.352+0000] {processor.py:186} INFO - Started process (PID=8267) to work on /home/airflow/.local/lib/python3.12/site-packages/airflow/example_dags/example_setup_teardown_taskflow.py
[2025-09-22T00:24:29.353+0000] {processor.py:914} INFO - Processing file /home/airflow/.local/lib/python3.12/site-packages/airflow/example_dags/example_setup_teardown_taskflow.py for tasks to queue
[2025-09-22T00:24:29.355+0000] {logging_mixin.py:190} INFO - [2025-09-22T00:24:29.355+0000] {dagbag.py:588} INFO - Filling up the DagBag from /home/airflow/.local/lib/python3.12/site-packages/airflow/example_dags/example_setup_teardown_taskflow.py
[2025-09-22T00:24:29.364+0000] {processor.py:925} INFO - DAG(s) 'example_setup_teardown_taskflow' retrieved from /home/airflow/.local/lib/python3.12/site-packages/airflow/example_dags/example_setup_teardown_taskflow.py
[2025-09-22T00:24:29.383+0000] {logging_mixin.py:190} INFO - [2025-09-22T00:24:29.383+0000] {dag.py:3239} INFO - Sync 1 DAGs
[2025-09-22T00:24:29.396+0000] {logging_mixin.py:190} INFO - [2025-09-22T00:24:29.396+0000] {dag.py:4180} INFO - Setting next_dagrun for example_setup_teardown_taskflow to None, run_after=None
[2025-09-22T00:24:29.433+0000] {processor.py:208} INFO - Processing /home/airflow/.local/lib/python3.12/site-packages/airflow/example_dags/example_setup_teardown_taskflow.py took 0.086 seconds
[2025-09-22T00:25:00.462+0000] {processor.py:186} INFO - Started process (PID=8331) to work on /home/airflow/.local/lib/python3.12/site-packages/airflow/example_dags/example_setup_teardown_taskflow.py
[2025-09-22T00:25:00.463+0000] {processor.py:914} INFO - Processing file /home/airflow/.local/lib/python3.12/site-packages/airflow/example_dags/example_setup_teardown_taskflow.py for tasks to queue
[2025-09-22T00:25:00.465+0000] {logging_mixin.py:190} INFO - [2025-09-22T00:25:00.465+0000] {dagbag.py:588} INFO - Filling up the DagBag from /home/airflow/.local/lib/python3.12/site-packages/airflow/example_dags/example_setup_teardown_taskflow.py
[2025-09-22T00:25:00.474+0000] {processor.py:925} INFO - DAG(s) 'example_setup_teardown_taskflow' retrieved from /home/airflow/.local/lib/python3.12/site-packages/airflow/example_dags/example_setup_teardown_taskflow.py
[2025-09-22T00:25:00.494+0000] {logging_mixin.py:190} INFO - [2025-09-22T00:25:00.494+0000] {dag.py:3239} INFO - Sync 1 DAGs
[2025-09-22T00:25:00.506+0000] {logging_mixin.py:190} INFO - [2025-09-22T00:25:00.506+0000] {dag.py:4180} INFO - Setting next_dagrun for example_setup_teardown_taskflow to None, run_after=None
[2025-09-22T00:25:00.551+0000] {processor.py:208} INFO - Processing /home/airflow/.local/lib/python3.12/site-packages/airflow/example_dags/example_setup_teardown_taskflow.py took 0.094 seconds
[2025-09-22T00:25:30.630+0000] {processor.py:186} INFO - Started process (PID=8395) to work on /home/airflow/.local/lib/python3.12/site-packages/airflow/example_dags/example_setup_teardown_taskflow.py
[2025-09-22T00:25:30.630+0000] {processor.py:914} INFO - Processing file /home/airflow/.local/lib/python3.12/site-packages/airflow/example_dags/example_setup_teardown_taskflow.py for tasks to queue
[2025-09-22T00:25:30.632+0000] {logging_mixin.py:190} INFO - [2025-09-22T00:25:30.632+0000] {dagbag.py:588} INFO - Filling up the DagBag from /home/airflow/.local/lib/python3.12/site-packages/airflow/example_dags/example_setup_teardown_taskflow.py
[2025-09-22T00:25:30.642+0000] {processor.py:925} INFO - DAG(s) 'example_setup_teardown_taskflow' retrieved from /home/airflow/.local/lib/python3.12/site-packages/airflow/example_dags/example_setup_teardown_taskflow.py
[2025-09-22T00:25:30.663+0000] {logging_mixin.py:190} INFO - [2025-09-22T00:25:30.663+0000] {dag.py:3239} INFO - Sync 1 DAGs
[2025-09-22T00:25:30.677+0000] {logging_mixin.py:190} INFO - [2025-09-22T00:25:30.677+0000] {dag.py:4180} INFO - Setting next_dagrun for example_setup_teardown_taskflow to None, run_after=None
[2025-09-22T00:25:30.722+0000] {processor.py:208} INFO - Processing /home/airflow/.local/lib/python3.12/site-packages/airflow/example_dags/example_setup_teardown_taskflow.py took 0.098 seconds
[2025-09-22T00:26:01.514+0000] {processor.py:186} INFO - Started process (PID=8459) to work on /home/airflow/.local/lib/python3.12/site-packages/airflow/example_dags/example_setup_teardown_taskflow.py
[2025-09-22T00:26:01.515+0000] {processor.py:914} INFO - Processing file /home/airflow/.local/lib/python3.12/site-packages/airflow/example_dags/example_setup_teardown_taskflow.py for tasks to queue
[2025-09-22T00:26:01.517+0000] {logging_mixin.py:190} INFO - [2025-09-22T00:26:01.516+0000] {dagbag.py:588} INFO - Filling up the DagBag from /home/airflow/.local/lib/python3.12/site-packages/airflow/example_dags/example_setup_teardown_taskflow.py
[2025-09-22T00:26:01.526+0000] {processor.py:925} INFO - DAG(s) 'example_setup_teardown_taskflow' retrieved from /home/airflow/.local/lib/python3.12/site-packages/airflow/example_dags/example_setup_teardown_taskflow.py
[2025-09-22T00:26:01.545+0000] {logging_mixin.py:190} INFO - [2025-09-22T00:26:01.545+0000] {dag.py:3239} INFO - Sync 1 DAGs
[2025-09-22T00:26:01.559+0000] {logging_mixin.py:190} INFO - [2025-09-22T00:26:01.559+0000] {dag.py:4180} INFO - Setting next_dagrun for example_setup_teardown_taskflow to None, run_after=None
[2025-09-22T00:26:01.603+0000] {processor.py:208} INFO - Processing /home/airflow/.local/lib/python3.12/site-packages/airflow/example_dags/example_setup_teardown_taskflow.py took 0.094 seconds
[2025-09-22T00:26:33.023+0000] {processor.py:186} INFO - Started process (PID=8523) to work on /home/airflow/.local/lib/python3.12/site-packages/airflow/example_dags/example_setup_teardown_taskflow.py
[2025-09-22T00:26:33.024+0000] {processor.py:914} INFO - Processing file /home/airflow/.local/lib/python3.12/site-packages/airflow/example_dags/example_setup_teardown_taskflow.py for tasks to queue
[2025-09-22T00:26:33.026+0000] {logging_mixin.py:190} INFO - [2025-09-22T00:26:33.026+0000] {dagbag.py:588} INFO - Filling up the DagBag from /home/airflow/.local/lib/python3.12/site-packages/airflow/example_dags/example_setup_teardown_taskflow.py
[2025-09-22T00:26:33.035+0000] {processor.py:925} INFO - DAG(s) 'example_setup_teardown_taskflow' retrieved from /home/airflow/.local/lib/python3.12/site-packages/airflow/example_dags/example_setup_teardown_taskflow.py
[2025-09-22T00:26:33.055+0000] {logging_mixin.py:190} INFO - [2025-09-22T00:26:33.055+0000] {dag.py:3239} INFO - Sync 1 DAGs
[2025-09-22T00:26:33.068+0000] {logging_mixin.py:190} INFO - [2025-09-22T00:26:33.068+0000] {dag.py:4180} INFO - Setting next_dagrun for example_setup_teardown_taskflow to None, run_after=None
[2025-09-22T00:26:33.104+0000] {processor.py:208} INFO - Processing /home/airflow/.local/lib/python3.12/site-packages/airflow/example_dags/example_setup_teardown_taskflow.py took 0.086 seconds
[2025-09-22T00:27:03.831+0000] {processor.py:186} INFO - Started process (PID=8587) to work on /home/airflow/.local/lib/python3.12/site-packages/airflow/example_dags/example_setup_teardown_taskflow.py
[2025-09-22T00:27:03.832+0000] {processor.py:914} INFO - Processing file /home/airflow/.local/lib/python3.12/site-packages/airflow/example_dags/example_setup_teardown_taskflow.py for tasks to queue
[2025-09-22T00:27:03.834+0000] {logging_mixin.py:190} INFO - [2025-09-22T00:27:03.834+0000] {dagbag.py:588} INFO - Filling up the DagBag from /home/airflow/.local/lib/python3.12/site-packages/airflow/example_dags/example_setup_teardown_taskflow.py
[2025-09-22T00:27:03.845+0000] {processor.py:925} INFO - DAG(s) 'example_setup_teardown_taskflow' retrieved from /home/airflow/.local/lib/python3.12/site-packages/airflow/example_dags/example_setup_teardown_taskflow.py
[2025-09-22T00:27:03.868+0000] {logging_mixin.py:190} INFO - [2025-09-22T00:27:03.867+0000] {dag.py:3239} INFO - Sync 1 DAGs
[2025-09-22T00:27:03.888+0000] {logging_mixin.py:190} INFO - [2025-09-22T00:27:03.888+0000] {dag.py:4180} INFO - Setting next_dagrun for example_setup_teardown_taskflow to None, run_after=None
[2025-09-22T00:27:03.943+0000] {processor.py:208} INFO - Processing /home/airflow/.local/lib/python3.12/site-packages/airflow/example_dags/example_setup_teardown_taskflow.py took 0.116 seconds
[2025-09-22T00:27:36.804+0000] {processor.py:186} INFO - Started process (PID=8657) to work on /home/airflow/.local/lib/python3.12/site-packages/airflow/example_dags/example_setup_teardown_taskflow.py
[2025-09-22T00:27:36.805+0000] {processor.py:914} INFO - Processing file /home/airflow/.local/lib/python3.12/site-packages/airflow/example_dags/example_setup_teardown_taskflow.py for tasks to queue
[2025-09-22T00:27:36.807+0000] {logging_mixin.py:190} INFO - [2025-09-22T00:27:36.807+0000] {dagbag.py:588} INFO - Filling up the DagBag from /home/airflow/.local/lib/python3.12/site-packages/airflow/example_dags/example_setup_teardown_taskflow.py
[2025-09-22T00:27:36.817+0000] {processor.py:925} INFO - DAG(s) 'example_setup_teardown_taskflow' retrieved from /home/airflow/.local/lib/python3.12/site-packages/airflow/example_dags/example_setup_teardown_taskflow.py
[2025-09-22T00:27:36.837+0000] {logging_mixin.py:190} INFO - [2025-09-22T00:27:36.837+0000] {dag.py:3239} INFO - Sync 1 DAGs
[2025-09-22T00:27:36.850+0000] {logging_mixin.py:190} INFO - [2025-09-22T00:27:36.850+0000] {dag.py:4180} INFO - Setting next_dagrun for example_setup_teardown_taskflow to None, run_after=None
[2025-09-22T00:27:36.896+0000] {processor.py:208} INFO - Processing /home/airflow/.local/lib/python3.12/site-packages/airflow/example_dags/example_setup_teardown_taskflow.py took 0.099 seconds
[2025-09-22T00:28:07.109+0000] {processor.py:186} INFO - Started process (PID=8714) to work on /home/airflow/.local/lib/python3.12/site-packages/airflow/example_dags/example_setup_teardown_taskflow.py
[2025-09-22T00:28:07.110+0000] {processor.py:914} INFO - Processing file /home/airflow/.local/lib/python3.12/site-packages/airflow/example_dags/example_setup_teardown_taskflow.py for tasks to queue
[2025-09-22T00:28:07.112+0000] {logging_mixin.py:190} INFO - [2025-09-22T00:28:07.111+0000] {dagbag.py:588} INFO - Filling up the DagBag from /home/airflow/.local/lib/python3.12/site-packages/airflow/example_dags/example_setup_teardown_taskflow.py
[2025-09-22T00:28:07.120+0000] {processor.py:925} INFO - DAG(s) 'example_setup_teardown_taskflow' retrieved from /home/airflow/.local/lib/python3.12/site-packages/airflow/example_dags/example_setup_teardown_taskflow.py
[2025-09-22T00:28:07.143+0000] {logging_mixin.py:190} INFO - [2025-09-22T00:28:07.143+0000] {dag.py:3239} INFO - Sync 1 DAGs
[2025-09-22T00:28:07.155+0000] {logging_mixin.py:190} INFO - [2025-09-22T00:28:07.155+0000] {dag.py:4180} INFO - Setting next_dagrun for example_setup_teardown_taskflow to None, run_after=None
[2025-09-22T00:28:07.192+0000] {processor.py:208} INFO - Processing /home/airflow/.local/lib/python3.12/site-packages/airflow/example_dags/example_setup_teardown_taskflow.py took 0.089 seconds
[2025-09-22T00:28:37.403+0000] {processor.py:186} INFO - Started process (PID=8778) to work on /home/airflow/.local/lib/python3.12/site-packages/airflow/example_dags/example_setup_teardown_taskflow.py
[2025-09-22T00:28:37.404+0000] {processor.py:914} INFO - Processing file /home/airflow/.local/lib/python3.12/site-packages/airflow/example_dags/example_setup_teardown_taskflow.py for tasks to queue
[2025-09-22T00:28:37.407+0000] {logging_mixin.py:190} INFO - [2025-09-22T00:28:37.406+0000] {dagbag.py:588} INFO - Filling up the DagBag from /home/airflow/.local/lib/python3.12/site-packages/airflow/example_dags/example_setup_teardown_taskflow.py
[2025-09-22T00:28:37.416+0000] {processor.py:925} INFO - DAG(s) 'example_setup_teardown_taskflow' retrieved from /home/airflow/.local/lib/python3.12/site-packages/airflow/example_dags/example_setup_teardown_taskflow.py
[2025-09-22T00:28:37.436+0000] {logging_mixin.py:190} INFO - [2025-09-22T00:28:37.436+0000] {dag.py:3239} INFO - Sync 1 DAGs
[2025-09-22T00:28:37.449+0000] {logging_mixin.py:190} INFO - [2025-09-22T00:28:37.449+0000] {dag.py:4180} INFO - Setting next_dagrun for example_setup_teardown_taskflow to None, run_after=None
[2025-09-22T00:28:37.491+0000] {processor.py:208} INFO - Processing /home/airflow/.local/lib/python3.12/site-packages/airflow/example_dags/example_setup_teardown_taskflow.py took 0.093 seconds
[2025-09-22T00:29:07.822+0000] {processor.py:186} INFO - Started process (PID=8842) to work on /home/airflow/.local/lib/python3.12/site-packages/airflow/example_dags/example_setup_teardown_taskflow.py
[2025-09-22T00:29:07.823+0000] {processor.py:914} INFO - Processing file /home/airflow/.local/lib/python3.12/site-packages/airflow/example_dags/example_setup_teardown_taskflow.py for tasks to queue
[2025-09-22T00:29:07.825+0000] {logging_mixin.py:190} INFO - [2025-09-22T00:29:07.825+0000] {dagbag.py:588} INFO - Filling up the DagBag from /home/airflow/.local/lib/python3.12/site-packages/airflow/example_dags/example_setup_teardown_taskflow.py
[2025-09-22T00:29:07.834+0000] {processor.py:925} INFO - DAG(s) 'example_setup_teardown_taskflow' retrieved from /home/airflow/.local/lib/python3.12/site-packages/airflow/example_dags/example_setup_teardown_taskflow.py
[2025-09-22T00:29:07.853+0000] {logging_mixin.py:190} INFO - [2025-09-22T00:29:07.853+0000] {dag.py:3239} INFO - Sync 1 DAGs
[2025-09-22T00:29:07.865+0000] {logging_mixin.py:190} INFO - [2025-09-22T00:29:07.864+0000] {dag.py:4180} INFO - Setting next_dagrun for example_setup_teardown_taskflow to None, run_after=None
[2025-09-22T00:29:08.080+0000] {processor.py:208} INFO - Processing /home/airflow/.local/lib/python3.12/site-packages/airflow/example_dags/example_setup_teardown_taskflow.py took 0.263 seconds
[2025-09-22T00:29:38.127+0000] {processor.py:186} INFO - Started process (PID=8906) to work on /home/airflow/.local/lib/python3.12/site-packages/airflow/example_dags/example_setup_teardown_taskflow.py
[2025-09-22T00:29:38.128+0000] {processor.py:914} INFO - Processing file /home/airflow/.local/lib/python3.12/site-packages/airflow/example_dags/example_setup_teardown_taskflow.py for tasks to queue
[2025-09-22T00:29:38.130+0000] {logging_mixin.py:190} INFO - [2025-09-22T00:29:38.130+0000] {dagbag.py:588} INFO - Filling up the DagBag from /home/airflow/.local/lib/python3.12/site-packages/airflow/example_dags/example_setup_teardown_taskflow.py
[2025-09-22T00:29:38.139+0000] {processor.py:925} INFO - DAG(s) 'example_setup_teardown_taskflow' retrieved from /home/airflow/.local/lib/python3.12/site-packages/airflow/example_dags/example_setup_teardown_taskflow.py
[2025-09-22T00:29:38.158+0000] {logging_mixin.py:190} INFO - [2025-09-22T00:29:38.158+0000] {dag.py:3239} INFO - Sync 1 DAGs
[2025-09-22T00:29:38.170+0000] {logging_mixin.py:190} INFO - [2025-09-22T00:29:38.170+0000] {dag.py:4180} INFO - Setting next_dagrun for example_setup_teardown_taskflow to None, run_after=None
[2025-09-22T00:29:38.214+0000] {processor.py:208} INFO - Processing /home/airflow/.local/lib/python3.12/site-packages/airflow/example_dags/example_setup_teardown_taskflow.py took 0.092 seconds
[2025-09-22T00:30:08.554+0000] {processor.py:186} INFO - Started process (PID=8970) to work on /home/airflow/.local/lib/python3.12/site-packages/airflow/example_dags/example_setup_teardown_taskflow.py
[2025-09-22T00:30:08.555+0000] {processor.py:914} INFO - Processing file /home/airflow/.local/lib/python3.12/site-packages/airflow/example_dags/example_setup_teardown_taskflow.py for tasks to queue
[2025-09-22T00:30:08.557+0000] {logging_mixin.py:190} INFO - [2025-09-22T00:30:08.557+0000] {dagbag.py:588} INFO - Filling up the DagBag from /home/airflow/.local/lib/python3.12/site-packages/airflow/example_dags/example_setup_teardown_taskflow.py
[2025-09-22T00:30:08.567+0000] {processor.py:925} INFO - DAG(s) 'example_setup_teardown_taskflow' retrieved from /home/airflow/.local/lib/python3.12/site-packages/airflow/example_dags/example_setup_teardown_taskflow.py
[2025-09-22T00:30:08.587+0000] {logging_mixin.py:190} INFO - [2025-09-22T00:30:08.586+0000] {dag.py:3239} INFO - Sync 1 DAGs
[2025-09-22T00:30:08.599+0000] {logging_mixin.py:190} INFO - [2025-09-22T00:30:08.599+0000] {dag.py:4180} INFO - Setting next_dagrun for example_setup_teardown_taskflow to None, run_after=None
[2025-09-22T00:30:08.647+0000] {processor.py:208} INFO - Processing /home/airflow/.local/lib/python3.12/site-packages/airflow/example_dags/example_setup_teardown_taskflow.py took 0.098 seconds
[2025-09-22T00:30:39.129+0000] {processor.py:186} INFO - Started process (PID=9034) to work on /home/airflow/.local/lib/python3.12/site-packages/airflow/example_dags/example_setup_teardown_taskflow.py
[2025-09-22T00:30:39.130+0000] {processor.py:914} INFO - Processing file /home/airflow/.local/lib/python3.12/site-packages/airflow/example_dags/example_setup_teardown_taskflow.py for tasks to queue
[2025-09-22T00:30:39.132+0000] {logging_mixin.py:190} INFO - [2025-09-22T00:30:39.132+0000] {dagbag.py:588} INFO - Filling up the DagBag from /home/airflow/.local/lib/python3.12/site-packages/airflow/example_dags/example_setup_teardown_taskflow.py
[2025-09-22T00:30:39.141+0000] {processor.py:925} INFO - DAG(s) 'example_setup_teardown_taskflow' retrieved from /home/airflow/.local/lib/python3.12/site-packages/airflow/example_dags/example_setup_teardown_taskflow.py
[2025-09-22T00:30:39.161+0000] {logging_mixin.py:190} INFO - [2025-09-22T00:30:39.160+0000] {dag.py:3239} INFO - Sync 1 DAGs
[2025-09-22T00:30:39.173+0000] {logging_mixin.py:190} INFO - [2025-09-22T00:30:39.173+0000] {dag.py:4180} INFO - Setting next_dagrun for example_setup_teardown_taskflow to None, run_after=None
[2025-09-22T00:30:39.212+0000] {processor.py:208} INFO - Processing /home/airflow/.local/lib/python3.12/site-packages/airflow/example_dags/example_setup_teardown_taskflow.py took 0.088 seconds
[2025-09-22T00:31:09.724+0000] {processor.py:186} INFO - Started process (PID=9097) to work on /home/airflow/.local/lib/python3.12/site-packages/airflow/example_dags/example_setup_teardown_taskflow.py
[2025-09-22T00:31:09.725+0000] {processor.py:914} INFO - Processing file /home/airflow/.local/lib/python3.12/site-packages/airflow/example_dags/example_setup_teardown_taskflow.py for tasks to queue
[2025-09-22T00:31:09.727+0000] {logging_mixin.py:190} INFO - [2025-09-22T00:31:09.727+0000] {dagbag.py:588} INFO - Filling up the DagBag from /home/airflow/.local/lib/python3.12/site-packages/airflow/example_dags/example_setup_teardown_taskflow.py
[2025-09-22T00:31:09.737+0000] {processor.py:925} INFO - DAG(s) 'example_setup_teardown_taskflow' retrieved from /home/airflow/.local/lib/python3.12/site-packages/airflow/example_dags/example_setup_teardown_taskflow.py
[2025-09-22T00:31:09.756+0000] {logging_mixin.py:190} INFO - [2025-09-22T00:31:09.756+0000] {dag.py:3239} INFO - Sync 1 DAGs
[2025-09-22T00:31:09.768+0000] {logging_mixin.py:190} INFO - [2025-09-22T00:31:09.768+0000] {dag.py:4180} INFO - Setting next_dagrun for example_setup_teardown_taskflow to None, run_after=None
[2025-09-22T00:31:09.815+0000] {processor.py:208} INFO - Processing /home/airflow/.local/lib/python3.12/site-packages/airflow/example_dags/example_setup_teardown_taskflow.py took 0.096 seconds
[2025-09-22T00:31:40.684+0000] {processor.py:186} INFO - Started process (PID=9161) to work on /home/airflow/.local/lib/python3.12/site-packages/airflow/example_dags/example_setup_teardown_taskflow.py
[2025-09-22T00:31:40.685+0000] {processor.py:914} INFO - Processing file /home/airflow/.local/lib/python3.12/site-packages/airflow/example_dags/example_setup_teardown_taskflow.py for tasks to queue
[2025-09-22T00:31:40.687+0000] {logging_mixin.py:190} INFO - [2025-09-22T00:31:40.687+0000] {dagbag.py:588} INFO - Filling up the DagBag from /home/airflow/.local/lib/python3.12/site-packages/airflow/example_dags/example_setup_teardown_taskflow.py
[2025-09-22T00:31:40.697+0000] {processor.py:925} INFO - DAG(s) 'example_setup_teardown_taskflow' retrieved from /home/airflow/.local/lib/python3.12/site-packages/airflow/example_dags/example_setup_teardown_taskflow.py
[2025-09-22T00:31:40.721+0000] {logging_mixin.py:190} INFO - [2025-09-22T00:31:40.720+0000] {dag.py:3239} INFO - Sync 1 DAGs
[2025-09-22T00:31:40.736+0000] {logging_mixin.py:190} INFO - [2025-09-22T00:31:40.736+0000] {dag.py:4180} INFO - Setting next_dagrun for example_setup_teardown_taskflow to None, run_after=None
[2025-09-22T00:31:40.779+0000] {processor.py:208} INFO - Processing /home/airflow/.local/lib/python3.12/site-packages/airflow/example_dags/example_setup_teardown_taskflow.py took 0.101 seconds
[2025-09-22T00:32:11.573+0000] {processor.py:186} INFO - Started process (PID=9224) to work on /home/airflow/.local/lib/python3.12/site-packages/airflow/example_dags/example_setup_teardown_taskflow.py
[2025-09-22T00:32:11.574+0000] {processor.py:914} INFO - Processing file /home/airflow/.local/lib/python3.12/site-packages/airflow/example_dags/example_setup_teardown_taskflow.py for tasks to queue
[2025-09-22T00:32:11.576+0000] {logging_mixin.py:190} INFO - [2025-09-22T00:32:11.575+0000] {dagbag.py:588} INFO - Filling up the DagBag from /home/airflow/.local/lib/python3.12/site-packages/airflow/example_dags/example_setup_teardown_taskflow.py
[2025-09-22T00:32:11.586+0000] {processor.py:925} INFO - DAG(s) 'example_setup_teardown_taskflow' retrieved from /home/airflow/.local/lib/python3.12/site-packages/airflow/example_dags/example_setup_teardown_taskflow.py
[2025-09-22T00:32:11.608+0000] {logging_mixin.py:190} INFO - [2025-09-22T00:32:11.608+0000] {dag.py:3239} INFO - Sync 1 DAGs
[2025-09-22T00:32:11.622+0000] {logging_mixin.py:190} INFO - [2025-09-22T00:32:11.622+0000] {dag.py:4180} INFO - Setting next_dagrun for example_setup_teardown_taskflow to None, run_after=None
[2025-09-22T00:32:11.674+0000] {processor.py:208} INFO - Processing /home/airflow/.local/lib/python3.12/site-packages/airflow/example_dags/example_setup_teardown_taskflow.py took 0.107 seconds
[2025-09-22T00:32:42.398+0000] {processor.py:186} INFO - Started process (PID=9289) to work on /home/airflow/.local/lib/python3.12/site-packages/airflow/example_dags/example_setup_teardown_taskflow.py
[2025-09-22T00:32:42.400+0000] {processor.py:914} INFO - Processing file /home/airflow/.local/lib/python3.12/site-packages/airflow/example_dags/example_setup_teardown_taskflow.py for tasks to queue
[2025-09-22T00:32:42.402+0000] {logging_mixin.py:190} INFO - [2025-09-22T00:32:42.402+0000] {dagbag.py:588} INFO - Filling up the DagBag from /home/airflow/.local/lib/python3.12/site-packages/airflow/example_dags/example_setup_teardown_taskflow.py
[2025-09-22T00:32:42.412+0000] {processor.py:925} INFO - DAG(s) 'example_setup_teardown_taskflow' retrieved from /home/airflow/.local/lib/python3.12/site-packages/airflow/example_dags/example_setup_teardown_taskflow.py
[2025-09-22T00:32:42.437+0000] {logging_mixin.py:190} INFO - [2025-09-22T00:32:42.437+0000] {dag.py:3239} INFO - Sync 1 DAGs
[2025-09-22T00:32:42.450+0000] {logging_mixin.py:190} INFO - [2025-09-22T00:32:42.450+0000] {dag.py:4180} INFO - Setting next_dagrun for example_setup_teardown_taskflow to None, run_after=None
[2025-09-22T00:32:42.500+0000] {processor.py:208} INFO - Processing /home/airflow/.local/lib/python3.12/site-packages/airflow/example_dags/example_setup_teardown_taskflow.py took 0.106 seconds
[2025-09-22T00:33:12.609+0000] {processor.py:186} INFO - Started process (PID=9352) to work on /home/airflow/.local/lib/python3.12/site-packages/airflow/example_dags/example_setup_teardown_taskflow.py
[2025-09-22T00:33:12.611+0000] {processor.py:914} INFO - Processing file /home/airflow/.local/lib/python3.12/site-packages/airflow/example_dags/example_setup_teardown_taskflow.py for tasks to queue
[2025-09-22T00:33:12.613+0000] {logging_mixin.py:190} INFO - [2025-09-22T00:33:12.613+0000] {dagbag.py:588} INFO - Filling up the DagBag from /home/airflow/.local/lib/python3.12/site-packages/airflow/example_dags/example_setup_teardown_taskflow.py
[2025-09-22T00:33:12.622+0000] {processor.py:925} INFO - DAG(s) 'example_setup_teardown_taskflow' retrieved from /home/airflow/.local/lib/python3.12/site-packages/airflow/example_dags/example_setup_teardown_taskflow.py
[2025-09-22T00:33:12.642+0000] {logging_mixin.py:190} INFO - [2025-09-22T00:33:12.642+0000] {dag.py:3239} INFO - Sync 1 DAGs
[2025-09-22T00:33:12.654+0000] {logging_mixin.py:190} INFO - [2025-09-22T00:33:12.654+0000] {dag.py:4180} INFO - Setting next_dagrun for example_setup_teardown_taskflow to None, run_after=None
[2025-09-22T00:33:12.704+0000] {processor.py:208} INFO - Processing /home/airflow/.local/lib/python3.12/site-packages/airflow/example_dags/example_setup_teardown_taskflow.py took 0.101 seconds
[2025-09-22T00:33:43.678+0000] {processor.py:186} INFO - Started process (PID=9414) to work on /home/airflow/.local/lib/python3.12/site-packages/airflow/example_dags/example_setup_teardown_taskflow.py
[2025-09-22T00:33:43.679+0000] {processor.py:914} INFO - Processing file /home/airflow/.local/lib/python3.12/site-packages/airflow/example_dags/example_setup_teardown_taskflow.py for tasks to queue
[2025-09-22T00:33:43.681+0000] {logging_mixin.py:190} INFO - [2025-09-22T00:33:43.680+0000] {dagbag.py:588} INFO - Filling up the DagBag from /home/airflow/.local/lib/python3.12/site-packages/airflow/example_dags/example_setup_teardown_taskflow.py
[2025-09-22T00:33:43.691+0000] {processor.py:925} INFO - DAG(s) 'example_setup_teardown_taskflow' retrieved from /home/airflow/.local/lib/python3.12/site-packages/airflow/example_dags/example_setup_teardown_taskflow.py
[2025-09-22T00:33:43.711+0000] {logging_mixin.py:190} INFO - [2025-09-22T00:33:43.711+0000] {dag.py:3239} INFO - Sync 1 DAGs
[2025-09-22T00:33:43.725+0000] {logging_mixin.py:190} INFO - [2025-09-22T00:33:43.725+0000] {dag.py:4180} INFO - Setting next_dagrun for example_setup_teardown_taskflow to None, run_after=None
[2025-09-22T00:33:43.774+0000] {processor.py:208} INFO - Processing /home/airflow/.local/lib/python3.12/site-packages/airflow/example_dags/example_setup_teardown_taskflow.py took 0.102 seconds
[2025-09-22T00:34:14.595+0000] {processor.py:186} INFO - Started process (PID=9478) to work on /home/airflow/.local/lib/python3.12/site-packages/airflow/example_dags/example_setup_teardown_taskflow.py
[2025-09-22T00:34:14.596+0000] {processor.py:914} INFO - Processing file /home/airflow/.local/lib/python3.12/site-packages/airflow/example_dags/example_setup_teardown_taskflow.py for tasks to queue
[2025-09-22T00:34:14.599+0000] {logging_mixin.py:190} INFO - [2025-09-22T00:34:14.598+0000] {dagbag.py:588} INFO - Filling up the DagBag from /home/airflow/.local/lib/python3.12/site-packages/airflow/example_dags/example_setup_teardown_taskflow.py
[2025-09-22T00:34:14.608+0000] {processor.py:925} INFO - DAG(s) 'example_setup_teardown_taskflow' retrieved from /home/airflow/.local/lib/python3.12/site-packages/airflow/example_dags/example_setup_teardown_taskflow.py
[2025-09-22T00:34:14.628+0000] {logging_mixin.py:190} INFO - [2025-09-22T00:34:14.627+0000] {dag.py:3239} INFO - Sync 1 DAGs
[2025-09-22T00:34:14.640+0000] {logging_mixin.py:190} INFO - [2025-09-22T00:34:14.640+0000] {dag.py:4180} INFO - Setting next_dagrun for example_setup_teardown_taskflow to None, run_after=None
[2025-09-22T00:34:14.677+0000] {processor.py:208} INFO - Processing /home/airflow/.local/lib/python3.12/site-packages/airflow/example_dags/example_setup_teardown_taskflow.py took 0.087 seconds
[2025-09-22T00:34:46.251+0000] {processor.py:186} INFO - Started process (PID=9542) to work on /home/airflow/.local/lib/python3.12/site-packages/airflow/example_dags/example_setup_teardown_taskflow.py
[2025-09-22T00:34:46.252+0000] {processor.py:914} INFO - Processing file /home/airflow/.local/lib/python3.12/site-packages/airflow/example_dags/example_setup_teardown_taskflow.py for tasks to queue
[2025-09-22T00:34:46.255+0000] {logging_mixin.py:190} INFO - [2025-09-22T00:34:46.255+0000] {dagbag.py:588} INFO - Filling up the DagBag from /home/airflow/.local/lib/python3.12/site-packages/airflow/example_dags/example_setup_teardown_taskflow.py
[2025-09-22T00:34:46.264+0000] {processor.py:925} INFO - DAG(s) 'example_setup_teardown_taskflow' retrieved from /home/airflow/.local/lib/python3.12/site-packages/airflow/example_dags/example_setup_teardown_taskflow.py
[2025-09-22T00:34:46.285+0000] {logging_mixin.py:190} INFO - [2025-09-22T00:34:46.284+0000] {dag.py:3239} INFO - Sync 1 DAGs
[2025-09-22T00:34:46.299+0000] {logging_mixin.py:190} INFO - [2025-09-22T00:34:46.299+0000] {dag.py:4180} INFO - Setting next_dagrun for example_setup_teardown_taskflow to None, run_after=None
[2025-09-22T00:34:46.344+0000] {processor.py:208} INFO - Processing /home/airflow/.local/lib/python3.12/site-packages/airflow/example_dags/example_setup_teardown_taskflow.py took 0.098 seconds
[2025-09-22T00:35:16.958+0000] {processor.py:186} INFO - Started process (PID=9606) to work on /home/airflow/.local/lib/python3.12/site-packages/airflow/example_dags/example_setup_teardown_taskflow.py
[2025-09-22T00:35:16.959+0000] {processor.py:914} INFO - Processing file /home/airflow/.local/lib/python3.12/site-packages/airflow/example_dags/example_setup_teardown_taskflow.py for tasks to queue
[2025-09-22T00:35:16.962+0000] {logging_mixin.py:190} INFO - [2025-09-22T00:35:16.961+0000] {dagbag.py:588} INFO - Filling up the DagBag from /home/airflow/.local/lib/python3.12/site-packages/airflow/example_dags/example_setup_teardown_taskflow.py
[2025-09-22T00:35:16.973+0000] {processor.py:925} INFO - DAG(s) 'example_setup_teardown_taskflow' retrieved from /home/airflow/.local/lib/python3.12/site-packages/airflow/example_dags/example_setup_teardown_taskflow.py
[2025-09-22T00:35:16.996+0000] {logging_mixin.py:190} INFO - [2025-09-22T00:35:16.996+0000] {dag.py:3239} INFO - Sync 1 DAGs
[2025-09-22T00:35:17.011+0000] {logging_mixin.py:190} INFO - [2025-09-22T00:35:17.011+0000] {dag.py:4180} INFO - Setting next_dagrun for example_setup_teardown_taskflow to None, run_after=None
[2025-09-22T00:35:17.052+0000] {processor.py:208} INFO - Processing /home/airflow/.local/lib/python3.12/site-packages/airflow/example_dags/example_setup_teardown_taskflow.py took 0.099 seconds
[2025-09-22T00:35:48.761+0000] {processor.py:186} INFO - Started process (PID=9666) to work on /home/airflow/.local/lib/python3.12/site-packages/airflow/example_dags/example_setup_teardown_taskflow.py
[2025-09-22T00:35:48.762+0000] {processor.py:914} INFO - Processing file /home/airflow/.local/lib/python3.12/site-packages/airflow/example_dags/example_setup_teardown_taskflow.py for tasks to queue
[2025-09-22T00:35:48.764+0000] {logging_mixin.py:190} INFO - [2025-09-22T00:35:48.764+0000] {dagbag.py:588} INFO - Filling up the DagBag from /home/airflow/.local/lib/python3.12/site-packages/airflow/example_dags/example_setup_teardown_taskflow.py
[2025-09-22T00:35:48.773+0000] {processor.py:925} INFO - DAG(s) 'example_setup_teardown_taskflow' retrieved from /home/airflow/.local/lib/python3.12/site-packages/airflow/example_dags/example_setup_teardown_taskflow.py
[2025-09-22T00:35:48.793+0000] {logging_mixin.py:190} INFO - [2025-09-22T00:35:48.793+0000] {dag.py:3239} INFO - Sync 1 DAGs
[2025-09-22T00:35:48.807+0000] {logging_mixin.py:190} INFO - [2025-09-22T00:35:48.807+0000] {dag.py:4180} INFO - Setting next_dagrun for example_setup_teardown_taskflow to None, run_after=None
[2025-09-22T00:35:48.851+0000] {processor.py:208} INFO - Processing /home/airflow/.local/lib/python3.12/site-packages/airflow/example_dags/example_setup_teardown_taskflow.py took 0.095 seconds
[2025-09-22T00:36:19.030+0000] {processor.py:186} INFO - Started process (PID=9730) to work on /home/airflow/.local/lib/python3.12/site-packages/airflow/example_dags/example_setup_teardown_taskflow.py
[2025-09-22T00:36:19.032+0000] {processor.py:914} INFO - Processing file /home/airflow/.local/lib/python3.12/site-packages/airflow/example_dags/example_setup_teardown_taskflow.py for tasks to queue
[2025-09-22T00:36:19.034+0000] {logging_mixin.py:190} INFO - [2025-09-22T00:36:19.034+0000] {dagbag.py:588} INFO - Filling up the DagBag from /home/airflow/.local/lib/python3.12/site-packages/airflow/example_dags/example_setup_teardown_taskflow.py
[2025-09-22T00:36:19.047+0000] {processor.py:925} INFO - DAG(s) 'example_setup_teardown_taskflow' retrieved from /home/airflow/.local/lib/python3.12/site-packages/airflow/example_dags/example_setup_teardown_taskflow.py
[2025-09-22T00:36:19.069+0000] {logging_mixin.py:190} INFO - [2025-09-22T00:36:19.069+0000] {dag.py:3239} INFO - Sync 1 DAGs
[2025-09-22T00:36:19.086+0000] {logging_mixin.py:190} INFO - [2025-09-22T00:36:19.085+0000] {dag.py:4180} INFO - Setting next_dagrun for example_setup_teardown_taskflow to None, run_after=None
[2025-09-22T00:36:19.139+0000] {processor.py:208} INFO - Processing /home/airflow/.local/lib/python3.12/site-packages/airflow/example_dags/example_setup_teardown_taskflow.py took 0.114 seconds
