[2025-09-22T00:00:03.198+0000] {processor.py:186} INFO - Started process (PID=5251) to work on /home/airflow/.local/lib/python3.12/site-packages/airflow/example_dags/example_task_group.py
[2025-09-22T00:00:03.199+0000] {processor.py:914} INFO - Processing file /home/airflow/.local/lib/python3.12/site-packages/airflow/example_dags/example_task_group.py for tasks to queue
[2025-09-22T00:00:03.203+0000] {logging_mixin.py:190} INFO - [2025-09-22T00:00:03.202+0000] {dagbag.py:588} INFO - Filling up the DagBag from /home/airflow/.local/lib/python3.12/site-packages/airflow/example_dags/example_task_group.py
[2025-09-22T00:00:03.212+0000] {processor.py:925} INFO - DAG(s) 'example_task_group' retrieved from /home/airflow/.local/lib/python3.12/site-packages/airflow/example_dags/example_task_group.py
[2025-09-22T00:00:03.236+0000] {logging_mixin.py:190} INFO - [2025-09-22T00:00:03.236+0000] {dag.py:3239} INFO - Sync 1 DAGs
[2025-09-22T00:00:03.253+0000] {logging_mixin.py:190} INFO - [2025-09-22T00:00:03.252+0000] {dag.py:4180} INFO - Setting next_dagrun for example_task_group to None, run_after=None
[2025-09-22T00:00:03.293+0000] {processor.py:208} INFO - Processing /home/airflow/.local/lib/python3.12/site-packages/airflow/example_dags/example_task_group.py took 0.102 seconds
[2025-09-22T00:00:33.476+0000] {processor.py:186} INFO - Started process (PID=5315) to work on /home/airflow/.local/lib/python3.12/site-packages/airflow/example_dags/example_task_group.py
[2025-09-22T00:00:33.477+0000] {processor.py:914} INFO - Processing file /home/airflow/.local/lib/python3.12/site-packages/airflow/example_dags/example_task_group.py for tasks to queue
[2025-09-22T00:00:33.480+0000] {logging_mixin.py:190} INFO - [2025-09-22T00:00:33.479+0000] {dagbag.py:588} INFO - Filling up the DagBag from /home/airflow/.local/lib/python3.12/site-packages/airflow/example_dags/example_task_group.py
[2025-09-22T00:00:33.488+0000] {processor.py:925} INFO - DAG(s) 'example_task_group' retrieved from /home/airflow/.local/lib/python3.12/site-packages/airflow/example_dags/example_task_group.py
[2025-09-22T00:00:33.509+0000] {logging_mixin.py:190} INFO - [2025-09-22T00:00:33.509+0000] {dag.py:3239} INFO - Sync 1 DAGs
[2025-09-22T00:00:33.523+0000] {logging_mixin.py:190} INFO - [2025-09-22T00:00:33.523+0000] {dag.py:4180} INFO - Setting next_dagrun for example_task_group to None, run_after=None
[2025-09-22T00:00:33.572+0000] {processor.py:208} INFO - Processing /home/airflow/.local/lib/python3.12/site-packages/airflow/example_dags/example_task_group.py took 0.101 seconds
[2025-09-22T00:01:03.876+0000] {processor.py:186} INFO - Started process (PID=5379) to work on /home/airflow/.local/lib/python3.12/site-packages/airflow/example_dags/example_task_group.py
[2025-09-22T00:01:03.877+0000] {processor.py:914} INFO - Processing file /home/airflow/.local/lib/python3.12/site-packages/airflow/example_dags/example_task_group.py for tasks to queue
[2025-09-22T00:01:03.879+0000] {logging_mixin.py:190} INFO - [2025-09-22T00:01:03.879+0000] {dagbag.py:588} INFO - Filling up the DagBag from /home/airflow/.local/lib/python3.12/site-packages/airflow/example_dags/example_task_group.py
[2025-09-22T00:01:03.888+0000] {processor.py:925} INFO - DAG(s) 'example_task_group' retrieved from /home/airflow/.local/lib/python3.12/site-packages/airflow/example_dags/example_task_group.py
[2025-09-22T00:01:03.912+0000] {logging_mixin.py:190} INFO - [2025-09-22T00:01:03.911+0000] {dag.py:3239} INFO - Sync 1 DAGs
[2025-09-22T00:01:03.927+0000] {logging_mixin.py:190} INFO - [2025-09-22T00:01:03.927+0000] {dag.py:4180} INFO - Setting next_dagrun for example_task_group to None, run_after=None
[2025-09-22T00:01:03.975+0000] {processor.py:208} INFO - Processing /home/airflow/.local/lib/python3.12/site-packages/airflow/example_dags/example_task_group.py took 0.104 seconds
[2025-09-22T00:01:34.619+0000] {processor.py:186} INFO - Started process (PID=5443) to work on /home/airflow/.local/lib/python3.12/site-packages/airflow/example_dags/example_task_group.py
[2025-09-22T00:01:34.620+0000] {processor.py:914} INFO - Processing file /home/airflow/.local/lib/python3.12/site-packages/airflow/example_dags/example_task_group.py for tasks to queue
[2025-09-22T00:01:34.622+0000] {logging_mixin.py:190} INFO - [2025-09-22T00:01:34.622+0000] {dagbag.py:588} INFO - Filling up the DagBag from /home/airflow/.local/lib/python3.12/site-packages/airflow/example_dags/example_task_group.py
[2025-09-22T00:01:34.630+0000] {processor.py:925} INFO - DAG(s) 'example_task_group' retrieved from /home/airflow/.local/lib/python3.12/site-packages/airflow/example_dags/example_task_group.py
[2025-09-22T00:01:34.651+0000] {logging_mixin.py:190} INFO - [2025-09-22T00:01:34.651+0000] {dag.py:3239} INFO - Sync 1 DAGs
[2025-09-22T00:01:34.665+0000] {logging_mixin.py:190} INFO - [2025-09-22T00:01:34.664+0000] {dag.py:4180} INFO - Setting next_dagrun for example_task_group to None, run_after=None
[2025-09-22T00:01:35.508+0000] {processor.py:208} INFO - Processing /home/airflow/.local/lib/python3.12/site-packages/airflow/example_dags/example_task_group.py took 0.895 seconds
[2025-09-22T00:02:05.924+0000] {processor.py:186} INFO - Started process (PID=5507) to work on /home/airflow/.local/lib/python3.12/site-packages/airflow/example_dags/example_task_group.py
[2025-09-22T00:02:05.925+0000] {processor.py:914} INFO - Processing file /home/airflow/.local/lib/python3.12/site-packages/airflow/example_dags/example_task_group.py for tasks to queue
[2025-09-22T00:02:05.928+0000] {logging_mixin.py:190} INFO - [2025-09-22T00:02:05.928+0000] {dagbag.py:588} INFO - Filling up the DagBag from /home/airflow/.local/lib/python3.12/site-packages/airflow/example_dags/example_task_group.py
[2025-09-22T00:02:05.939+0000] {processor.py:925} INFO - DAG(s) 'example_task_group' retrieved from /home/airflow/.local/lib/python3.12/site-packages/airflow/example_dags/example_task_group.py
[2025-09-22T00:02:05.968+0000] {logging_mixin.py:190} INFO - [2025-09-22T00:02:05.967+0000] {dag.py:3239} INFO - Sync 1 DAGs
[2025-09-22T00:02:05.985+0000] {logging_mixin.py:190} INFO - [2025-09-22T00:02:05.984+0000] {dag.py:4180} INFO - Setting next_dagrun for example_task_group to None, run_after=None
[2025-09-22T00:02:06.034+0000] {processor.py:208} INFO - Processing /home/airflow/.local/lib/python3.12/site-packages/airflow/example_dags/example_task_group.py took 0.116 seconds
[2025-09-22T00:02:37.676+0000] {processor.py:186} INFO - Started process (PID=5564) to work on /home/airflow/.local/lib/python3.12/site-packages/airflow/example_dags/example_task_group.py
[2025-09-22T00:02:37.677+0000] {processor.py:914} INFO - Processing file /home/airflow/.local/lib/python3.12/site-packages/airflow/example_dags/example_task_group.py for tasks to queue
[2025-09-22T00:02:37.679+0000] {logging_mixin.py:190} INFO - [2025-09-22T00:02:37.679+0000] {dagbag.py:588} INFO - Filling up the DagBag from /home/airflow/.local/lib/python3.12/site-packages/airflow/example_dags/example_task_group.py
[2025-09-22T00:02:37.689+0000] {processor.py:925} INFO - DAG(s) 'example_task_group' retrieved from /home/airflow/.local/lib/python3.12/site-packages/airflow/example_dags/example_task_group.py
[2025-09-22T00:02:37.712+0000] {logging_mixin.py:190} INFO - [2025-09-22T00:02:37.711+0000] {dag.py:3239} INFO - Sync 1 DAGs
[2025-09-22T00:02:37.727+0000] {logging_mixin.py:190} INFO - [2025-09-22T00:02:37.727+0000] {dag.py:4180} INFO - Setting next_dagrun for example_task_group to None, run_after=None
[2025-09-22T00:02:37.771+0000] {processor.py:208} INFO - Processing /home/airflow/.local/lib/python3.12/site-packages/airflow/example_dags/example_task_group.py took 0.102 seconds
[2025-09-22T00:03:09.461+0000] {processor.py:186} INFO - Started process (PID=5624) to work on /home/airflow/.local/lib/python3.12/site-packages/airflow/example_dags/example_task_group.py
[2025-09-22T00:03:09.462+0000] {processor.py:914} INFO - Processing file /home/airflow/.local/lib/python3.12/site-packages/airflow/example_dags/example_task_group.py for tasks to queue
[2025-09-22T00:03:09.465+0000] {logging_mixin.py:190} INFO - [2025-09-22T00:03:09.464+0000] {dagbag.py:588} INFO - Filling up the DagBag from /home/airflow/.local/lib/python3.12/site-packages/airflow/example_dags/example_task_group.py
[2025-09-22T00:03:09.473+0000] {processor.py:925} INFO - DAG(s) 'example_task_group' retrieved from /home/airflow/.local/lib/python3.12/site-packages/airflow/example_dags/example_task_group.py
[2025-09-22T00:03:09.496+0000] {logging_mixin.py:190} INFO - [2025-09-22T00:03:09.496+0000] {dag.py:3239} INFO - Sync 1 DAGs
[2025-09-22T00:03:09.510+0000] {logging_mixin.py:190} INFO - [2025-09-22T00:03:09.510+0000] {dag.py:4180} INFO - Setting next_dagrun for example_task_group to None, run_after=None
[2025-09-22T00:03:09.572+0000] {processor.py:208} INFO - Processing /home/airflow/.local/lib/python3.12/site-packages/airflow/example_dags/example_task_group.py took 0.116 seconds
[2025-09-22T00:03:40.450+0000] {processor.py:186} INFO - Started process (PID=5681) to work on /home/airflow/.local/lib/python3.12/site-packages/airflow/example_dags/example_task_group.py
[2025-09-22T00:03:40.451+0000] {processor.py:914} INFO - Processing file /home/airflow/.local/lib/python3.12/site-packages/airflow/example_dags/example_task_group.py for tasks to queue
[2025-09-22T00:03:40.453+0000] {logging_mixin.py:190} INFO - [2025-09-22T00:03:40.453+0000] {dagbag.py:588} INFO - Filling up the DagBag from /home/airflow/.local/lib/python3.12/site-packages/airflow/example_dags/example_task_group.py
[2025-09-22T00:03:40.461+0000] {processor.py:925} INFO - DAG(s) 'example_task_group' retrieved from /home/airflow/.local/lib/python3.12/site-packages/airflow/example_dags/example_task_group.py
[2025-09-22T00:03:40.482+0000] {logging_mixin.py:190} INFO - [2025-09-22T00:03:40.482+0000] {dag.py:3239} INFO - Sync 1 DAGs
[2025-09-22T00:03:40.496+0000] {logging_mixin.py:190} INFO - [2025-09-22T00:03:40.496+0000] {dag.py:4180} INFO - Setting next_dagrun for example_task_group to None, run_after=None
[2025-09-22T00:03:40.536+0000] {processor.py:208} INFO - Processing /home/airflow/.local/lib/python3.12/site-packages/airflow/example_dags/example_task_group.py took 0.092 seconds
[2025-09-22T00:04:13.196+0000] {processor.py:186} INFO - Started process (PID=5745) to work on /home/airflow/.local/lib/python3.12/site-packages/airflow/example_dags/example_task_group.py
[2025-09-22T00:04:13.197+0000] {processor.py:914} INFO - Processing file /home/airflow/.local/lib/python3.12/site-packages/airflow/example_dags/example_task_group.py for tasks to queue
[2025-09-22T00:04:13.199+0000] {logging_mixin.py:190} INFO - [2025-09-22T00:04:13.199+0000] {dagbag.py:588} INFO - Filling up the DagBag from /home/airflow/.local/lib/python3.12/site-packages/airflow/example_dags/example_task_group.py
[2025-09-22T00:04:13.208+0000] {processor.py:925} INFO - DAG(s) 'example_task_group' retrieved from /home/airflow/.local/lib/python3.12/site-packages/airflow/example_dags/example_task_group.py
[2025-09-22T00:04:13.231+0000] {logging_mixin.py:190} INFO - [2025-09-22T00:04:13.231+0000] {dag.py:3239} INFO - Sync 1 DAGs
[2025-09-22T00:04:13.246+0000] {logging_mixin.py:190} INFO - [2025-09-22T00:04:13.246+0000] {dag.py:4180} INFO - Setting next_dagrun for example_task_group to None, run_after=None
[2025-09-22T00:04:13.292+0000] {processor.py:208} INFO - Processing /home/airflow/.local/lib/python3.12/site-packages/airflow/example_dags/example_task_group.py took 0.102 seconds
[2025-09-22T00:04:46.228+0000] {processor.py:186} INFO - Started process (PID=5809) to work on /home/airflow/.local/lib/python3.12/site-packages/airflow/example_dags/example_task_group.py
[2025-09-22T00:04:46.228+0000] {processor.py:914} INFO - Processing file /home/airflow/.local/lib/python3.12/site-packages/airflow/example_dags/example_task_group.py for tasks to queue
[2025-09-22T00:04:46.230+0000] {logging_mixin.py:190} INFO - [2025-09-22T00:04:46.230+0000] {dagbag.py:588} INFO - Filling up the DagBag from /home/airflow/.local/lib/python3.12/site-packages/airflow/example_dags/example_task_group.py
[2025-09-22T00:04:46.238+0000] {processor.py:925} INFO - DAG(s) 'example_task_group' retrieved from /home/airflow/.local/lib/python3.12/site-packages/airflow/example_dags/example_task_group.py
[2025-09-22T00:04:46.257+0000] {logging_mixin.py:190} INFO - [2025-09-22T00:04:46.257+0000] {dag.py:3239} INFO - Sync 1 DAGs
[2025-09-22T00:04:46.270+0000] {logging_mixin.py:190} INFO - [2025-09-22T00:04:46.270+0000] {dag.py:4180} INFO - Setting next_dagrun for example_task_group to None, run_after=None
[2025-09-22T00:04:46.315+0000] {processor.py:208} INFO - Processing /home/airflow/.local/lib/python3.12/site-packages/airflow/example_dags/example_task_group.py took 0.092 seconds
[2025-09-22T00:05:18.434+0000] {processor.py:186} INFO - Started process (PID=5873) to work on /home/airflow/.local/lib/python3.12/site-packages/airflow/example_dags/example_task_group.py
[2025-09-22T00:05:18.435+0000] {processor.py:914} INFO - Processing file /home/airflow/.local/lib/python3.12/site-packages/airflow/example_dags/example_task_group.py for tasks to queue
[2025-09-22T00:05:18.437+0000] {logging_mixin.py:190} INFO - [2025-09-22T00:05:18.437+0000] {dagbag.py:588} INFO - Filling up the DagBag from /home/airflow/.local/lib/python3.12/site-packages/airflow/example_dags/example_task_group.py
[2025-09-22T00:05:18.444+0000] {processor.py:925} INFO - DAG(s) 'example_task_group' retrieved from /home/airflow/.local/lib/python3.12/site-packages/airflow/example_dags/example_task_group.py
[2025-09-22T00:05:18.463+0000] {logging_mixin.py:190} INFO - [2025-09-22T00:05:18.463+0000] {dag.py:3239} INFO - Sync 1 DAGs
[2025-09-22T00:05:18.475+0000] {logging_mixin.py:190} INFO - [2025-09-22T00:05:18.475+0000] {dag.py:4180} INFO - Setting next_dagrun for example_task_group to None, run_after=None
[2025-09-22T00:05:18.517+0000] {processor.py:208} INFO - Processing /home/airflow/.local/lib/python3.12/site-packages/airflow/example_dags/example_task_group.py took 0.088 seconds
[2025-09-22T00:05:51.034+0000] {processor.py:186} INFO - Started process (PID=5937) to work on /home/airflow/.local/lib/python3.12/site-packages/airflow/example_dags/example_task_group.py
[2025-09-22T00:05:51.035+0000] {processor.py:914} INFO - Processing file /home/airflow/.local/lib/python3.12/site-packages/airflow/example_dags/example_task_group.py for tasks to queue
[2025-09-22T00:05:51.037+0000] {logging_mixin.py:190} INFO - [2025-09-22T00:05:51.036+0000] {dagbag.py:588} INFO - Filling up the DagBag from /home/airflow/.local/lib/python3.12/site-packages/airflow/example_dags/example_task_group.py
[2025-09-22T00:05:51.044+0000] {processor.py:925} INFO - DAG(s) 'example_task_group' retrieved from /home/airflow/.local/lib/python3.12/site-packages/airflow/example_dags/example_task_group.py
[2025-09-22T00:05:51.062+0000] {logging_mixin.py:190} INFO - [2025-09-22T00:05:51.062+0000] {dag.py:3239} INFO - Sync 1 DAGs
[2025-09-22T00:05:51.075+0000] {logging_mixin.py:190} INFO - [2025-09-22T00:05:51.074+0000] {dag.py:4180} INFO - Setting next_dagrun for example_task_group to None, run_after=None
[2025-09-22T00:05:51.115+0000] {processor.py:208} INFO - Processing /home/airflow/.local/lib/python3.12/site-packages/airflow/example_dags/example_task_group.py took 0.086 seconds
[2025-09-22T00:06:23.701+0000] {processor.py:186} INFO - Started process (PID=6001) to work on /home/airflow/.local/lib/python3.12/site-packages/airflow/example_dags/example_task_group.py
[2025-09-22T00:06:23.703+0000] {processor.py:914} INFO - Processing file /home/airflow/.local/lib/python3.12/site-packages/airflow/example_dags/example_task_group.py for tasks to queue
[2025-09-22T00:06:23.705+0000] {logging_mixin.py:190} INFO - [2025-09-22T00:06:23.705+0000] {dagbag.py:588} INFO - Filling up the DagBag from /home/airflow/.local/lib/python3.12/site-packages/airflow/example_dags/example_task_group.py
[2025-09-22T00:06:23.712+0000] {processor.py:925} INFO - DAG(s) 'example_task_group' retrieved from /home/airflow/.local/lib/python3.12/site-packages/airflow/example_dags/example_task_group.py
[2025-09-22T00:06:23.731+0000] {logging_mixin.py:190} INFO - [2025-09-22T00:06:23.731+0000] {dag.py:3239} INFO - Sync 1 DAGs
[2025-09-22T00:06:23.745+0000] {logging_mixin.py:190} INFO - [2025-09-22T00:06:23.744+0000] {dag.py:4180} INFO - Setting next_dagrun for example_task_group to None, run_after=None
[2025-09-22T00:06:23.789+0000] {processor.py:208} INFO - Processing /home/airflow/.local/lib/python3.12/site-packages/airflow/example_dags/example_task_group.py took 0.093 seconds
[2025-09-22T00:06:56.584+0000] {processor.py:186} INFO - Started process (PID=6065) to work on /home/airflow/.local/lib/python3.12/site-packages/airflow/example_dags/example_task_group.py
[2025-09-22T00:06:56.585+0000] {processor.py:914} INFO - Processing file /home/airflow/.local/lib/python3.12/site-packages/airflow/example_dags/example_task_group.py for tasks to queue
[2025-09-22T00:06:56.587+0000] {logging_mixin.py:190} INFO - [2025-09-22T00:06:56.587+0000] {dagbag.py:588} INFO - Filling up the DagBag from /home/airflow/.local/lib/python3.12/site-packages/airflow/example_dags/example_task_group.py
[2025-09-22T00:06:56.595+0000] {processor.py:925} INFO - DAG(s) 'example_task_group' retrieved from /home/airflow/.local/lib/python3.12/site-packages/airflow/example_dags/example_task_group.py
[2025-09-22T00:06:56.615+0000] {logging_mixin.py:190} INFO - [2025-09-22T00:06:56.615+0000] {dag.py:3239} INFO - Sync 1 DAGs
[2025-09-22T00:06:56.628+0000] {logging_mixin.py:190} INFO - [2025-09-22T00:06:56.627+0000] {dag.py:4180} INFO - Setting next_dagrun for example_task_group to None, run_after=None
[2025-09-22T00:06:56.664+0000] {processor.py:208} INFO - Processing /home/airflow/.local/lib/python3.12/site-packages/airflow/example_dags/example_task_group.py took 0.085 seconds
[2025-09-22T00:07:29.128+0000] {processor.py:186} INFO - Started process (PID=6130) to work on /home/airflow/.local/lib/python3.12/site-packages/airflow/example_dags/example_task_group.py
[2025-09-22T00:07:29.129+0000] {processor.py:914} INFO - Processing file /home/airflow/.local/lib/python3.12/site-packages/airflow/example_dags/example_task_group.py for tasks to queue
[2025-09-22T00:07:29.132+0000] {logging_mixin.py:190} INFO - [2025-09-22T00:07:29.131+0000] {dagbag.py:588} INFO - Filling up the DagBag from /home/airflow/.local/lib/python3.12/site-packages/airflow/example_dags/example_task_group.py
[2025-09-22T00:07:29.139+0000] {processor.py:925} INFO - DAG(s) 'example_task_group' retrieved from /home/airflow/.local/lib/python3.12/site-packages/airflow/example_dags/example_task_group.py
[2025-09-22T00:07:29.159+0000] {logging_mixin.py:190} INFO - [2025-09-22T00:07:29.159+0000] {dag.py:3239} INFO - Sync 1 DAGs
[2025-09-22T00:07:29.172+0000] {logging_mixin.py:190} INFO - [2025-09-22T00:07:29.172+0000] {dag.py:4180} INFO - Setting next_dagrun for example_task_group to None, run_after=None
[2025-09-22T00:07:29.222+0000] {processor.py:208} INFO - Processing /home/airflow/.local/lib/python3.12/site-packages/airflow/example_dags/example_task_group.py took 0.099 seconds
[2025-09-22T00:08:02.724+0000] {processor.py:186} INFO - Started process (PID=6194) to work on /home/airflow/.local/lib/python3.12/site-packages/airflow/example_dags/example_task_group.py
[2025-09-22T00:08:02.725+0000] {processor.py:914} INFO - Processing file /home/airflow/.local/lib/python3.12/site-packages/airflow/example_dags/example_task_group.py for tasks to queue
[2025-09-22T00:08:02.727+0000] {logging_mixin.py:190} INFO - [2025-09-22T00:08:02.727+0000] {dagbag.py:588} INFO - Filling up the DagBag from /home/airflow/.local/lib/python3.12/site-packages/airflow/example_dags/example_task_group.py
[2025-09-22T00:08:02.734+0000] {processor.py:925} INFO - DAG(s) 'example_task_group' retrieved from /home/airflow/.local/lib/python3.12/site-packages/airflow/example_dags/example_task_group.py
[2025-09-22T00:08:02.754+0000] {logging_mixin.py:190} INFO - [2025-09-22T00:08:02.754+0000] {dag.py:3239} INFO - Sync 1 DAGs
[2025-09-22T00:08:02.765+0000] {logging_mixin.py:190} INFO - [2025-09-22T00:08:02.765+0000] {dag.py:4180} INFO - Setting next_dagrun for example_task_group to None, run_after=None
[2025-09-22T00:08:02.804+0000] {processor.py:208} INFO - Processing /home/airflow/.local/lib/python3.12/site-packages/airflow/example_dags/example_task_group.py took 0.084 seconds
[2025-09-22T00:08:35.472+0000] {processor.py:186} INFO - Started process (PID=6258) to work on /home/airflow/.local/lib/python3.12/site-packages/airflow/example_dags/example_task_group.py
[2025-09-22T00:08:35.473+0000] {processor.py:914} INFO - Processing file /home/airflow/.local/lib/python3.12/site-packages/airflow/example_dags/example_task_group.py for tasks to queue
[2025-09-22T00:08:35.475+0000] {logging_mixin.py:190} INFO - [2025-09-22T00:08:35.475+0000] {dagbag.py:588} INFO - Filling up the DagBag from /home/airflow/.local/lib/python3.12/site-packages/airflow/example_dags/example_task_group.py
[2025-09-22T00:08:35.484+0000] {processor.py:925} INFO - DAG(s) 'example_task_group' retrieved from /home/airflow/.local/lib/python3.12/site-packages/airflow/example_dags/example_task_group.py
[2025-09-22T00:08:35.503+0000] {logging_mixin.py:190} INFO - [2025-09-22T00:08:35.503+0000] {dag.py:3239} INFO - Sync 1 DAGs
[2025-09-22T00:08:35.516+0000] {logging_mixin.py:190} INFO - [2025-09-22T00:08:35.515+0000] {dag.py:4180} INFO - Setting next_dagrun for example_task_group to None, run_after=None
[2025-09-22T00:08:35.566+0000] {processor.py:208} INFO - Processing /home/airflow/.local/lib/python3.12/site-packages/airflow/example_dags/example_task_group.py took 0.100 seconds
[2025-09-22T00:09:05.961+0000] {processor.py:186} INFO - Started process (PID=6322) to work on /home/airflow/.local/lib/python3.12/site-packages/airflow/example_dags/example_task_group.py
[2025-09-22T00:09:05.962+0000] {processor.py:914} INFO - Processing file /home/airflow/.local/lib/python3.12/site-packages/airflow/example_dags/example_task_group.py for tasks to queue
[2025-09-22T00:09:05.964+0000] {logging_mixin.py:190} INFO - [2025-09-22T00:09:05.964+0000] {dagbag.py:588} INFO - Filling up the DagBag from /home/airflow/.local/lib/python3.12/site-packages/airflow/example_dags/example_task_group.py
[2025-09-22T00:09:05.972+0000] {processor.py:925} INFO - DAG(s) 'example_task_group' retrieved from /home/airflow/.local/lib/python3.12/site-packages/airflow/example_dags/example_task_group.py
[2025-09-22T00:09:05.990+0000] {logging_mixin.py:190} INFO - [2025-09-22T00:09:05.989+0000] {dag.py:3239} INFO - Sync 1 DAGs
[2025-09-22T00:09:06.001+0000] {logging_mixin.py:190} INFO - [2025-09-22T00:09:06.001+0000] {dag.py:4180} INFO - Setting next_dagrun for example_task_group to None, run_after=None
[2025-09-22T00:09:06.037+0000] {processor.py:208} INFO - Processing /home/airflow/.local/lib/python3.12/site-packages/airflow/example_dags/example_task_group.py took 0.080 seconds
[2025-09-22T00:09:36.119+0000] {processor.py:186} INFO - Started process (PID=6386) to work on /home/airflow/.local/lib/python3.12/site-packages/airflow/example_dags/example_task_group.py
[2025-09-22T00:09:36.120+0000] {processor.py:914} INFO - Processing file /home/airflow/.local/lib/python3.12/site-packages/airflow/example_dags/example_task_group.py for tasks to queue
[2025-09-22T00:09:36.122+0000] {logging_mixin.py:190} INFO - [2025-09-22T00:09:36.122+0000] {dagbag.py:588} INFO - Filling up the DagBag from /home/airflow/.local/lib/python3.12/site-packages/airflow/example_dags/example_task_group.py
[2025-09-22T00:09:36.129+0000] {processor.py:925} INFO - DAG(s) 'example_task_group' retrieved from /home/airflow/.local/lib/python3.12/site-packages/airflow/example_dags/example_task_group.py
[2025-09-22T00:09:36.148+0000] {logging_mixin.py:190} INFO - [2025-09-22T00:09:36.148+0000] {dag.py:3239} INFO - Sync 1 DAGs
[2025-09-22T00:09:36.160+0000] {logging_mixin.py:190} INFO - [2025-09-22T00:09:36.160+0000] {dag.py:4180} INFO - Setting next_dagrun for example_task_group to None, run_after=None
[2025-09-22T00:09:36.201+0000] {processor.py:208} INFO - Processing /home/airflow/.local/lib/python3.12/site-packages/airflow/example_dags/example_task_group.py took 0.087 seconds
[2025-09-22T00:10:06.814+0000] {processor.py:186} INFO - Started process (PID=6450) to work on /home/airflow/.local/lib/python3.12/site-packages/airflow/example_dags/example_task_group.py
[2025-09-22T00:10:06.815+0000] {processor.py:914} INFO - Processing file /home/airflow/.local/lib/python3.12/site-packages/airflow/example_dags/example_task_group.py for tasks to queue
[2025-09-22T00:10:06.817+0000] {logging_mixin.py:190} INFO - [2025-09-22T00:10:06.816+0000] {dagbag.py:588} INFO - Filling up the DagBag from /home/airflow/.local/lib/python3.12/site-packages/airflow/example_dags/example_task_group.py
[2025-09-22T00:10:06.823+0000] {processor.py:925} INFO - DAG(s) 'example_task_group' retrieved from /home/airflow/.local/lib/python3.12/site-packages/airflow/example_dags/example_task_group.py
[2025-09-22T00:10:06.842+0000] {logging_mixin.py:190} INFO - [2025-09-22T00:10:06.842+0000] {dag.py:3239} INFO - Sync 1 DAGs
[2025-09-22T00:10:06.853+0000] {logging_mixin.py:190} INFO - [2025-09-22T00:10:06.853+0000] {dag.py:4180} INFO - Setting next_dagrun for example_task_group to None, run_after=None
[2025-09-22T00:10:06.892+0000] {processor.py:208} INFO - Processing /home/airflow/.local/lib/python3.12/site-packages/airflow/example_dags/example_task_group.py took 0.083 seconds
[2025-09-22T00:10:37.168+0000] {processor.py:186} INFO - Started process (PID=6514) to work on /home/airflow/.local/lib/python3.12/site-packages/airflow/example_dags/example_task_group.py
[2025-09-22T00:10:37.169+0000] {processor.py:914} INFO - Processing file /home/airflow/.local/lib/python3.12/site-packages/airflow/example_dags/example_task_group.py for tasks to queue
[2025-09-22T00:10:37.171+0000] {logging_mixin.py:190} INFO - [2025-09-22T00:10:37.171+0000] {dagbag.py:588} INFO - Filling up the DagBag from /home/airflow/.local/lib/python3.12/site-packages/airflow/example_dags/example_task_group.py
[2025-09-22T00:10:37.178+0000] {processor.py:925} INFO - DAG(s) 'example_task_group' retrieved from /home/airflow/.local/lib/python3.12/site-packages/airflow/example_dags/example_task_group.py
[2025-09-22T00:10:37.198+0000] {logging_mixin.py:190} INFO - [2025-09-22T00:10:37.197+0000] {dag.py:3239} INFO - Sync 1 DAGs
[2025-09-22T00:10:37.209+0000] {logging_mixin.py:190} INFO - [2025-09-22T00:10:37.209+0000] {dag.py:4180} INFO - Setting next_dagrun for example_task_group to None, run_after=None
[2025-09-22T00:10:37.250+0000] {processor.py:208} INFO - Processing /home/airflow/.local/lib/python3.12/site-packages/airflow/example_dags/example_task_group.py took 0.087 seconds
[2025-09-22T00:11:07.775+0000] {processor.py:186} INFO - Started process (PID=6578) to work on /home/airflow/.local/lib/python3.12/site-packages/airflow/example_dags/example_task_group.py
[2025-09-22T00:11:07.776+0000] {processor.py:914} INFO - Processing file /home/airflow/.local/lib/python3.12/site-packages/airflow/example_dags/example_task_group.py for tasks to queue
[2025-09-22T00:11:07.778+0000] {logging_mixin.py:190} INFO - [2025-09-22T00:11:07.778+0000] {dagbag.py:588} INFO - Filling up the DagBag from /home/airflow/.local/lib/python3.12/site-packages/airflow/example_dags/example_task_group.py
[2025-09-22T00:11:07.785+0000] {processor.py:925} INFO - DAG(s) 'example_task_group' retrieved from /home/airflow/.local/lib/python3.12/site-packages/airflow/example_dags/example_task_group.py
[2025-09-22T00:11:07.804+0000] {logging_mixin.py:190} INFO - [2025-09-22T00:11:07.804+0000] {dag.py:3239} INFO - Sync 1 DAGs
[2025-09-22T00:11:07.817+0000] {logging_mixin.py:190} INFO - [2025-09-22T00:11:07.817+0000] {dag.py:4180} INFO - Setting next_dagrun for example_task_group to None, run_after=None
[2025-09-22T00:11:07.856+0000] {processor.py:208} INFO - Processing /home/airflow/.local/lib/python3.12/site-packages/airflow/example_dags/example_task_group.py took 0.086 seconds
[2025-09-22T00:11:38.543+0000] {processor.py:186} INFO - Started process (PID=6641) to work on /home/airflow/.local/lib/python3.12/site-packages/airflow/example_dags/example_task_group.py
[2025-09-22T00:11:38.544+0000] {processor.py:914} INFO - Processing file /home/airflow/.local/lib/python3.12/site-packages/airflow/example_dags/example_task_group.py for tasks to queue
[2025-09-22T00:11:38.545+0000] {logging_mixin.py:190} INFO - [2025-09-22T00:11:38.545+0000] {dagbag.py:588} INFO - Filling up the DagBag from /home/airflow/.local/lib/python3.12/site-packages/airflow/example_dags/example_task_group.py
[2025-09-22T00:11:38.552+0000] {processor.py:925} INFO - DAG(s) 'example_task_group' retrieved from /home/airflow/.local/lib/python3.12/site-packages/airflow/example_dags/example_task_group.py
[2025-09-22T00:11:38.570+0000] {logging_mixin.py:190} INFO - [2025-09-22T00:11:38.569+0000] {dag.py:3239} INFO - Sync 1 DAGs
[2025-09-22T00:11:38.581+0000] {logging_mixin.py:190} INFO - [2025-09-22T00:11:38.580+0000] {dag.py:4180} INFO - Setting next_dagrun for example_task_group to None, run_after=None
[2025-09-22T00:11:38.637+0000] {processor.py:208} INFO - Processing /home/airflow/.local/lib/python3.12/site-packages/airflow/example_dags/example_task_group.py took 0.099 seconds
[2025-09-22T00:12:09.308+0000] {processor.py:186} INFO - Started process (PID=6706) to work on /home/airflow/.local/lib/python3.12/site-packages/airflow/example_dags/example_task_group.py
[2025-09-22T00:12:09.309+0000] {processor.py:914} INFO - Processing file /home/airflow/.local/lib/python3.12/site-packages/airflow/example_dags/example_task_group.py for tasks to queue
[2025-09-22T00:12:09.311+0000] {logging_mixin.py:190} INFO - [2025-09-22T00:12:09.311+0000] {dagbag.py:588} INFO - Filling up the DagBag from /home/airflow/.local/lib/python3.12/site-packages/airflow/example_dags/example_task_group.py
[2025-09-22T00:12:09.318+0000] {processor.py:925} INFO - DAG(s) 'example_task_group' retrieved from /home/airflow/.local/lib/python3.12/site-packages/airflow/example_dags/example_task_group.py
[2025-09-22T00:12:09.337+0000] {logging_mixin.py:190} INFO - [2025-09-22T00:12:09.337+0000] {dag.py:3239} INFO - Sync 1 DAGs
[2025-09-22T00:12:09.349+0000] {logging_mixin.py:190} INFO - [2025-09-22T00:12:09.349+0000] {dag.py:4180} INFO - Setting next_dagrun for example_task_group to None, run_after=None
[2025-09-22T00:12:09.391+0000] {processor.py:208} INFO - Processing /home/airflow/.local/lib/python3.12/site-packages/airflow/example_dags/example_task_group.py took 0.088 seconds
[2025-09-22T00:12:40.077+0000] {processor.py:186} INFO - Started process (PID=6770) to work on /home/airflow/.local/lib/python3.12/site-packages/airflow/example_dags/example_task_group.py
[2025-09-22T00:12:40.078+0000] {processor.py:914} INFO - Processing file /home/airflow/.local/lib/python3.12/site-packages/airflow/example_dags/example_task_group.py for tasks to queue
[2025-09-22T00:12:40.080+0000] {logging_mixin.py:190} INFO - [2025-09-22T00:12:40.080+0000] {dagbag.py:588} INFO - Filling up the DagBag from /home/airflow/.local/lib/python3.12/site-packages/airflow/example_dags/example_task_group.py
[2025-09-22T00:12:40.088+0000] {processor.py:925} INFO - DAG(s) 'example_task_group' retrieved from /home/airflow/.local/lib/python3.12/site-packages/airflow/example_dags/example_task_group.py
[2025-09-22T00:12:40.108+0000] {logging_mixin.py:190} INFO - [2025-09-22T00:12:40.108+0000] {dag.py:3239} INFO - Sync 1 DAGs
[2025-09-22T00:12:40.122+0000] {logging_mixin.py:190} INFO - [2025-09-22T00:12:40.121+0000] {dag.py:4180} INFO - Setting next_dagrun for example_task_group to None, run_after=None
[2025-09-22T00:12:40.167+0000] {processor.py:208} INFO - Processing /home/airflow/.local/lib/python3.12/site-packages/airflow/example_dags/example_task_group.py took 0.096 seconds
[2025-09-22T00:13:11.301+0000] {processor.py:186} INFO - Started process (PID=6834) to work on /home/airflow/.local/lib/python3.12/site-packages/airflow/example_dags/example_task_group.py
[2025-09-22T00:13:11.302+0000] {processor.py:914} INFO - Processing file /home/airflow/.local/lib/python3.12/site-packages/airflow/example_dags/example_task_group.py for tasks to queue
[2025-09-22T00:13:11.305+0000] {logging_mixin.py:190} INFO - [2025-09-22T00:13:11.304+0000] {dagbag.py:588} INFO - Filling up the DagBag from /home/airflow/.local/lib/python3.12/site-packages/airflow/example_dags/example_task_group.py
[2025-09-22T00:13:11.312+0000] {processor.py:925} INFO - DAG(s) 'example_task_group' retrieved from /home/airflow/.local/lib/python3.12/site-packages/airflow/example_dags/example_task_group.py
[2025-09-22T00:13:11.332+0000] {logging_mixin.py:190} INFO - [2025-09-22T00:13:11.332+0000] {dag.py:3239} INFO - Sync 1 DAGs
[2025-09-22T00:13:11.345+0000] {logging_mixin.py:190} INFO - [2025-09-22T00:13:11.344+0000] {dag.py:4180} INFO - Setting next_dagrun for example_task_group to None, run_after=None
[2025-09-22T00:13:11.402+0000] {processor.py:208} INFO - Processing /home/airflow/.local/lib/python3.12/site-packages/airflow/example_dags/example_task_group.py took 0.106 seconds
[2025-09-22T00:13:41.736+0000] {processor.py:186} INFO - Started process (PID=6898) to work on /home/airflow/.local/lib/python3.12/site-packages/airflow/example_dags/example_task_group.py
[2025-09-22T00:13:41.737+0000] {processor.py:914} INFO - Processing file /home/airflow/.local/lib/python3.12/site-packages/airflow/example_dags/example_task_group.py for tasks to queue
[2025-09-22T00:13:41.739+0000] {logging_mixin.py:190} INFO - [2025-09-22T00:13:41.739+0000] {dagbag.py:588} INFO - Filling up the DagBag from /home/airflow/.local/lib/python3.12/site-packages/airflow/example_dags/example_task_group.py
[2025-09-22T00:13:41.746+0000] {processor.py:925} INFO - DAG(s) 'example_task_group' retrieved from /home/airflow/.local/lib/python3.12/site-packages/airflow/example_dags/example_task_group.py
[2025-09-22T00:13:41.765+0000] {logging_mixin.py:190} INFO - [2025-09-22T00:13:41.765+0000] {dag.py:3239} INFO - Sync 1 DAGs
[2025-09-22T00:13:41.778+0000] {logging_mixin.py:190} INFO - [2025-09-22T00:13:41.778+0000] {dag.py:4180} INFO - Setting next_dagrun for example_task_group to None, run_after=None
[2025-09-22T00:13:41.819+0000] {processor.py:208} INFO - Processing /home/airflow/.local/lib/python3.12/site-packages/airflow/example_dags/example_task_group.py took 0.088 seconds
[2025-09-22T00:14:11.960+0000] {processor.py:186} INFO - Started process (PID=6962) to work on /home/airflow/.local/lib/python3.12/site-packages/airflow/example_dags/example_task_group.py
[2025-09-22T00:14:11.961+0000] {processor.py:914} INFO - Processing file /home/airflow/.local/lib/python3.12/site-packages/airflow/example_dags/example_task_group.py for tasks to queue
[2025-09-22T00:14:11.963+0000] {logging_mixin.py:190} INFO - [2025-09-22T00:14:11.963+0000] {dagbag.py:588} INFO - Filling up the DagBag from /home/airflow/.local/lib/python3.12/site-packages/airflow/example_dags/example_task_group.py
[2025-09-22T00:14:11.970+0000] {processor.py:925} INFO - DAG(s) 'example_task_group' retrieved from /home/airflow/.local/lib/python3.12/site-packages/airflow/example_dags/example_task_group.py
[2025-09-22T00:14:11.989+0000] {logging_mixin.py:190} INFO - [2025-09-22T00:14:11.989+0000] {dag.py:3239} INFO - Sync 1 DAGs
[2025-09-22T00:14:12.002+0000] {logging_mixin.py:190} INFO - [2025-09-22T00:14:12.002+0000] {dag.py:4180} INFO - Setting next_dagrun for example_task_group to None, run_after=None
[2025-09-22T00:14:12.041+0000] {processor.py:208} INFO - Processing /home/airflow/.local/lib/python3.12/site-packages/airflow/example_dags/example_task_group.py took 0.086 seconds
[2025-09-22T00:14:42.657+0000] {processor.py:186} INFO - Started process (PID=7026) to work on /home/airflow/.local/lib/python3.12/site-packages/airflow/example_dags/example_task_group.py
[2025-09-22T00:14:42.658+0000] {processor.py:914} INFO - Processing file /home/airflow/.local/lib/python3.12/site-packages/airflow/example_dags/example_task_group.py for tasks to queue
[2025-09-22T00:14:42.660+0000] {logging_mixin.py:190} INFO - [2025-09-22T00:14:42.660+0000] {dagbag.py:588} INFO - Filling up the DagBag from /home/airflow/.local/lib/python3.12/site-packages/airflow/example_dags/example_task_group.py
[2025-09-22T00:14:42.667+0000] {processor.py:925} INFO - DAG(s) 'example_task_group' retrieved from /home/airflow/.local/lib/python3.12/site-packages/airflow/example_dags/example_task_group.py
[2025-09-22T00:14:42.688+0000] {logging_mixin.py:190} INFO - [2025-09-22T00:14:42.688+0000] {dag.py:3239} INFO - Sync 1 DAGs
[2025-09-22T00:14:42.701+0000] {logging_mixin.py:190} INFO - [2025-09-22T00:14:42.701+0000] {dag.py:4180} INFO - Setting next_dagrun for example_task_group to None, run_after=None
[2025-09-22T00:14:42.745+0000] {processor.py:208} INFO - Processing /home/airflow/.local/lib/python3.12/site-packages/airflow/example_dags/example_task_group.py took 0.092 seconds
[2025-09-22T00:15:13.111+0000] {processor.py:186} INFO - Started process (PID=7090) to work on /home/airflow/.local/lib/python3.12/site-packages/airflow/example_dags/example_task_group.py
[2025-09-22T00:15:13.112+0000] {processor.py:914} INFO - Processing file /home/airflow/.local/lib/python3.12/site-packages/airflow/example_dags/example_task_group.py for tasks to queue
[2025-09-22T00:15:13.114+0000] {logging_mixin.py:190} INFO - [2025-09-22T00:15:13.114+0000] {dagbag.py:588} INFO - Filling up the DagBag from /home/airflow/.local/lib/python3.12/site-packages/airflow/example_dags/example_task_group.py
[2025-09-22T00:15:13.124+0000] {processor.py:925} INFO - DAG(s) 'example_task_group' retrieved from /home/airflow/.local/lib/python3.12/site-packages/airflow/example_dags/example_task_group.py
[2025-09-22T00:15:13.146+0000] {logging_mixin.py:190} INFO - [2025-09-22T00:15:13.145+0000] {dag.py:3239} INFO - Sync 1 DAGs
[2025-09-22T00:15:13.160+0000] {logging_mixin.py:190} INFO - [2025-09-22T00:15:13.160+0000] {dag.py:4180} INFO - Setting next_dagrun for example_task_group to None, run_after=None
[2025-09-22T00:15:13.201+0000] {processor.py:208} INFO - Processing /home/airflow/.local/lib/python3.12/site-packages/airflow/example_dags/example_task_group.py took 0.097 seconds
[2025-09-22T00:15:43.806+0000] {processor.py:186} INFO - Started process (PID=7154) to work on /home/airflow/.local/lib/python3.12/site-packages/airflow/example_dags/example_task_group.py
[2025-09-22T00:15:43.807+0000] {processor.py:914} INFO - Processing file /home/airflow/.local/lib/python3.12/site-packages/airflow/example_dags/example_task_group.py for tasks to queue
[2025-09-22T00:15:43.809+0000] {logging_mixin.py:190} INFO - [2025-09-22T00:15:43.808+0000] {dagbag.py:588} INFO - Filling up the DagBag from /home/airflow/.local/lib/python3.12/site-packages/airflow/example_dags/example_task_group.py
[2025-09-22T00:15:43.816+0000] {processor.py:925} INFO - DAG(s) 'example_task_group' retrieved from /home/airflow/.local/lib/python3.12/site-packages/airflow/example_dags/example_task_group.py
[2025-09-22T00:15:43.835+0000] {logging_mixin.py:190} INFO - [2025-09-22T00:15:43.835+0000] {dag.py:3239} INFO - Sync 1 DAGs
[2025-09-22T00:15:43.849+0000] {logging_mixin.py:190} INFO - [2025-09-22T00:15:43.849+0000] {dag.py:4180} INFO - Setting next_dagrun for example_task_group to None, run_after=None
[2025-09-22T00:15:43.892+0000] {processor.py:208} INFO - Processing /home/airflow/.local/lib/python3.12/site-packages/airflow/example_dags/example_task_group.py took 0.091 seconds
[2025-09-22T00:16:14.294+0000] {processor.py:186} INFO - Started process (PID=7218) to work on /home/airflow/.local/lib/python3.12/site-packages/airflow/example_dags/example_task_group.py
[2025-09-22T00:16:14.295+0000] {processor.py:914} INFO - Processing file /home/airflow/.local/lib/python3.12/site-packages/airflow/example_dags/example_task_group.py for tasks to queue
[2025-09-22T00:16:14.297+0000] {logging_mixin.py:190} INFO - [2025-09-22T00:16:14.297+0000] {dagbag.py:588} INFO - Filling up the DagBag from /home/airflow/.local/lib/python3.12/site-packages/airflow/example_dags/example_task_group.py
[2025-09-22T00:16:14.307+0000] {processor.py:925} INFO - DAG(s) 'example_task_group' retrieved from /home/airflow/.local/lib/python3.12/site-packages/airflow/example_dags/example_task_group.py
[2025-09-22T00:16:14.330+0000] {logging_mixin.py:190} INFO - [2025-09-22T00:16:14.330+0000] {dag.py:3239} INFO - Sync 1 DAGs
[2025-09-22T00:16:14.345+0000] {logging_mixin.py:190} INFO - [2025-09-22T00:16:14.345+0000] {dag.py:4180} INFO - Setting next_dagrun for example_task_group to None, run_after=None
[2025-09-22T00:16:14.386+0000] {processor.py:208} INFO - Processing /home/airflow/.local/lib/python3.12/site-packages/airflow/example_dags/example_task_group.py took 0.098 seconds
[2025-09-22T00:16:44.940+0000] {processor.py:186} INFO - Started process (PID=7282) to work on /home/airflow/.local/lib/python3.12/site-packages/airflow/example_dags/example_task_group.py
[2025-09-22T00:16:44.941+0000] {processor.py:914} INFO - Processing file /home/airflow/.local/lib/python3.12/site-packages/airflow/example_dags/example_task_group.py for tasks to queue
[2025-09-22T00:16:44.944+0000] {logging_mixin.py:190} INFO - [2025-09-22T00:16:44.943+0000] {dagbag.py:588} INFO - Filling up the DagBag from /home/airflow/.local/lib/python3.12/site-packages/airflow/example_dags/example_task_group.py
[2025-09-22T00:16:44.952+0000] {processor.py:925} INFO - DAG(s) 'example_task_group' retrieved from /home/airflow/.local/lib/python3.12/site-packages/airflow/example_dags/example_task_group.py
[2025-09-22T00:16:44.977+0000] {logging_mixin.py:190} INFO - [2025-09-22T00:16:44.977+0000] {dag.py:3239} INFO - Sync 1 DAGs
[2025-09-22T00:16:44.993+0000] {logging_mixin.py:190} INFO - [2025-09-22T00:16:44.993+0000] {dag.py:4180} INFO - Setting next_dagrun for example_task_group to None, run_after=None
[2025-09-22T00:16:45.035+0000] {processor.py:208} INFO - Processing /home/airflow/.local/lib/python3.12/site-packages/airflow/example_dags/example_task_group.py took 0.101 seconds
[2025-09-22T00:17:15.309+0000] {processor.py:186} INFO - Started process (PID=7346) to work on /home/airflow/.local/lib/python3.12/site-packages/airflow/example_dags/example_task_group.py
[2025-09-22T00:17:15.310+0000] {processor.py:914} INFO - Processing file /home/airflow/.local/lib/python3.12/site-packages/airflow/example_dags/example_task_group.py for tasks to queue
[2025-09-22T00:17:15.312+0000] {logging_mixin.py:190} INFO - [2025-09-22T00:17:15.312+0000] {dagbag.py:588} INFO - Filling up the DagBag from /home/airflow/.local/lib/python3.12/site-packages/airflow/example_dags/example_task_group.py
[2025-09-22T00:17:15.321+0000] {processor.py:925} INFO - DAG(s) 'example_task_group' retrieved from /home/airflow/.local/lib/python3.12/site-packages/airflow/example_dags/example_task_group.py
[2025-09-22T00:17:15.341+0000] {logging_mixin.py:190} INFO - [2025-09-22T00:17:15.341+0000] {dag.py:3239} INFO - Sync 1 DAGs
[2025-09-22T00:17:15.357+0000] {logging_mixin.py:190} INFO - [2025-09-22T00:17:15.357+0000] {dag.py:4180} INFO - Setting next_dagrun for example_task_group to None, run_after=None
[2025-09-22T00:17:15.406+0000] {processor.py:208} INFO - Processing /home/airflow/.local/lib/python3.12/site-packages/airflow/example_dags/example_task_group.py took 0.105 seconds
[2025-09-22T00:17:46.379+0000] {processor.py:186} INFO - Started process (PID=7410) to work on /home/airflow/.local/lib/python3.12/site-packages/airflow/example_dags/example_task_group.py
[2025-09-22T00:17:46.380+0000] {processor.py:914} INFO - Processing file /home/airflow/.local/lib/python3.12/site-packages/airflow/example_dags/example_task_group.py for tasks to queue
[2025-09-22T00:17:46.382+0000] {logging_mixin.py:190} INFO - [2025-09-22T00:17:46.382+0000] {dagbag.py:588} INFO - Filling up the DagBag from /home/airflow/.local/lib/python3.12/site-packages/airflow/example_dags/example_task_group.py
[2025-09-22T00:17:46.392+0000] {processor.py:925} INFO - DAG(s) 'example_task_group' retrieved from /home/airflow/.local/lib/python3.12/site-packages/airflow/example_dags/example_task_group.py
[2025-09-22T00:17:46.415+0000] {logging_mixin.py:190} INFO - [2025-09-22T00:17:46.415+0000] {dag.py:3239} INFO - Sync 1 DAGs
[2025-09-22T00:17:46.431+0000] {logging_mixin.py:190} INFO - [2025-09-22T00:17:46.431+0000] {dag.py:4180} INFO - Setting next_dagrun for example_task_group to None, run_after=None
[2025-09-22T00:17:46.475+0000] {processor.py:208} INFO - Processing /home/airflow/.local/lib/python3.12/site-packages/airflow/example_dags/example_task_group.py took 0.103 seconds
[2025-09-22T00:18:16.598+0000] {processor.py:186} INFO - Started process (PID=7474) to work on /home/airflow/.local/lib/python3.12/site-packages/airflow/example_dags/example_task_group.py
[2025-09-22T00:18:16.599+0000] {processor.py:914} INFO - Processing file /home/airflow/.local/lib/python3.12/site-packages/airflow/example_dags/example_task_group.py for tasks to queue
[2025-09-22T00:18:16.601+0000] {logging_mixin.py:190} INFO - [2025-09-22T00:18:16.600+0000] {dagbag.py:588} INFO - Filling up the DagBag from /home/airflow/.local/lib/python3.12/site-packages/airflow/example_dags/example_task_group.py
[2025-09-22T00:18:16.609+0000] {processor.py:925} INFO - DAG(s) 'example_task_group' retrieved from /home/airflow/.local/lib/python3.12/site-packages/airflow/example_dags/example_task_group.py
[2025-09-22T00:18:16.629+0000] {logging_mixin.py:190} INFO - [2025-09-22T00:18:16.628+0000] {dag.py:3239} INFO - Sync 1 DAGs
[2025-09-22T00:18:16.642+0000] {logging_mixin.py:190} INFO - [2025-09-22T00:18:16.642+0000] {dag.py:4180} INFO - Setting next_dagrun for example_task_group to None, run_after=None
[2025-09-22T00:18:16.690+0000] {processor.py:208} INFO - Processing /home/airflow/.local/lib/python3.12/site-packages/airflow/example_dags/example_task_group.py took 0.097 seconds
[2025-09-22T00:18:47.022+0000] {processor.py:186} INFO - Started process (PID=7538) to work on /home/airflow/.local/lib/python3.12/site-packages/airflow/example_dags/example_task_group.py
[2025-09-22T00:18:47.023+0000] {processor.py:914} INFO - Processing file /home/airflow/.local/lib/python3.12/site-packages/airflow/example_dags/example_task_group.py for tasks to queue
[2025-09-22T00:18:47.025+0000] {logging_mixin.py:190} INFO - [2025-09-22T00:18:47.025+0000] {dagbag.py:588} INFO - Filling up the DagBag from /home/airflow/.local/lib/python3.12/site-packages/airflow/example_dags/example_task_group.py
[2025-09-22T00:18:47.034+0000] {processor.py:925} INFO - DAG(s) 'example_task_group' retrieved from /home/airflow/.local/lib/python3.12/site-packages/airflow/example_dags/example_task_group.py
[2025-09-22T00:18:47.058+0000] {logging_mixin.py:190} INFO - [2025-09-22T00:18:47.057+0000] {dag.py:3239} INFO - Sync 1 DAGs
[2025-09-22T00:18:47.073+0000] {logging_mixin.py:190} INFO - [2025-09-22T00:18:47.073+0000] {dag.py:4180} INFO - Setting next_dagrun for example_task_group to None, run_after=None
[2025-09-22T00:18:47.118+0000] {processor.py:208} INFO - Processing /home/airflow/.local/lib/python3.12/site-packages/airflow/example_dags/example_task_group.py took 0.102 seconds
[2025-09-22T00:19:17.303+0000] {processor.py:186} INFO - Started process (PID=7602) to work on /home/airflow/.local/lib/python3.12/site-packages/airflow/example_dags/example_task_group.py
[2025-09-22T00:19:17.304+0000] {processor.py:914} INFO - Processing file /home/airflow/.local/lib/python3.12/site-packages/airflow/example_dags/example_task_group.py for tasks to queue
[2025-09-22T00:19:17.306+0000] {logging_mixin.py:190} INFO - [2025-09-22T00:19:17.306+0000] {dagbag.py:588} INFO - Filling up the DagBag from /home/airflow/.local/lib/python3.12/site-packages/airflow/example_dags/example_task_group.py
[2025-09-22T00:19:17.314+0000] {processor.py:925} INFO - DAG(s) 'example_task_group' retrieved from /home/airflow/.local/lib/python3.12/site-packages/airflow/example_dags/example_task_group.py
[2025-09-22T00:19:17.333+0000] {logging_mixin.py:190} INFO - [2025-09-22T00:19:17.333+0000] {dag.py:3239} INFO - Sync 1 DAGs
[2025-09-22T00:19:17.345+0000] {logging_mixin.py:190} INFO - [2025-09-22T00:19:17.345+0000] {dag.py:4180} INFO - Setting next_dagrun for example_task_group to None, run_after=None
[2025-09-22T00:19:17.395+0000] {processor.py:208} INFO - Processing /home/airflow/.local/lib/python3.12/site-packages/airflow/example_dags/example_task_group.py took 0.097 seconds
[2025-09-22T00:19:47.963+0000] {processor.py:186} INFO - Started process (PID=7666) to work on /home/airflow/.local/lib/python3.12/site-packages/airflow/example_dags/example_task_group.py
[2025-09-22T00:19:47.964+0000] {processor.py:914} INFO - Processing file /home/airflow/.local/lib/python3.12/site-packages/airflow/example_dags/example_task_group.py for tasks to queue
[2025-09-22T00:19:47.966+0000] {logging_mixin.py:190} INFO - [2025-09-22T00:19:47.966+0000] {dagbag.py:588} INFO - Filling up the DagBag from /home/airflow/.local/lib/python3.12/site-packages/airflow/example_dags/example_task_group.py
[2025-09-22T00:19:47.975+0000] {processor.py:925} INFO - DAG(s) 'example_task_group' retrieved from /home/airflow/.local/lib/python3.12/site-packages/airflow/example_dags/example_task_group.py
[2025-09-22T00:19:47.995+0000] {logging_mixin.py:190} INFO - [2025-09-22T00:19:47.995+0000] {dag.py:3239} INFO - Sync 1 DAGs
[2025-09-22T00:19:48.009+0000] {logging_mixin.py:190} INFO - [2025-09-22T00:19:48.009+0000] {dag.py:4180} INFO - Setting next_dagrun for example_task_group to None, run_after=None
[2025-09-22T00:19:48.062+0000] {processor.py:208} INFO - Processing /home/airflow/.local/lib/python3.12/site-packages/airflow/example_dags/example_task_group.py took 0.105 seconds
[2025-09-22T00:20:18.257+0000] {processor.py:186} INFO - Started process (PID=7730) to work on /home/airflow/.local/lib/python3.12/site-packages/airflow/example_dags/example_task_group.py
[2025-09-22T00:20:18.258+0000] {processor.py:914} INFO - Processing file /home/airflow/.local/lib/python3.12/site-packages/airflow/example_dags/example_task_group.py for tasks to queue
[2025-09-22T00:20:18.260+0000] {logging_mixin.py:190} INFO - [2025-09-22T00:20:18.260+0000] {dagbag.py:588} INFO - Filling up the DagBag from /home/airflow/.local/lib/python3.12/site-packages/airflow/example_dags/example_task_group.py
[2025-09-22T00:20:18.267+0000] {processor.py:925} INFO - DAG(s) 'example_task_group' retrieved from /home/airflow/.local/lib/python3.12/site-packages/airflow/example_dags/example_task_group.py
[2025-09-22T00:20:18.287+0000] {logging_mixin.py:190} INFO - [2025-09-22T00:20:18.287+0000] {dag.py:3239} INFO - Sync 1 DAGs
[2025-09-22T00:20:18.300+0000] {logging_mixin.py:190} INFO - [2025-09-22T00:20:18.300+0000] {dag.py:4180} INFO - Setting next_dagrun for example_task_group to None, run_after=None
[2025-09-22T00:20:18.354+0000] {processor.py:208} INFO - Processing /home/airflow/.local/lib/python3.12/site-packages/airflow/example_dags/example_task_group.py took 0.102 seconds
[2025-09-22T00:20:49.238+0000] {processor.py:186} INFO - Started process (PID=7794) to work on /home/airflow/.local/lib/python3.12/site-packages/airflow/example_dags/example_task_group.py
[2025-09-22T00:20:49.239+0000] {processor.py:914} INFO - Processing file /home/airflow/.local/lib/python3.12/site-packages/airflow/example_dags/example_task_group.py for tasks to queue
[2025-09-22T00:20:49.241+0000] {logging_mixin.py:190} INFO - [2025-09-22T00:20:49.241+0000] {dagbag.py:588} INFO - Filling up the DagBag from /home/airflow/.local/lib/python3.12/site-packages/airflow/example_dags/example_task_group.py
[2025-09-22T00:20:49.248+0000] {processor.py:925} INFO - DAG(s) 'example_task_group' retrieved from /home/airflow/.local/lib/python3.12/site-packages/airflow/example_dags/example_task_group.py
[2025-09-22T00:20:49.267+0000] {logging_mixin.py:190} INFO - [2025-09-22T00:20:49.267+0000] {dag.py:3239} INFO - Sync 1 DAGs
[2025-09-22T00:20:49.280+0000] {logging_mixin.py:190} INFO - [2025-09-22T00:20:49.280+0000] {dag.py:4180} INFO - Setting next_dagrun for example_task_group to None, run_after=None
[2025-09-22T00:20:49.317+0000] {processor.py:208} INFO - Processing /home/airflow/.local/lib/python3.12/site-packages/airflow/example_dags/example_task_group.py took 0.084 seconds
[2025-09-22T00:21:20.088+0000] {processor.py:186} INFO - Started process (PID=7858) to work on /home/airflow/.local/lib/python3.12/site-packages/airflow/example_dags/example_task_group.py
[2025-09-22T00:21:20.089+0000] {processor.py:914} INFO - Processing file /home/airflow/.local/lib/python3.12/site-packages/airflow/example_dags/example_task_group.py for tasks to queue
[2025-09-22T00:21:20.091+0000] {logging_mixin.py:190} INFO - [2025-09-22T00:21:20.091+0000] {dagbag.py:588} INFO - Filling up the DagBag from /home/airflow/.local/lib/python3.12/site-packages/airflow/example_dags/example_task_group.py
[2025-09-22T00:21:20.099+0000] {processor.py:925} INFO - DAG(s) 'example_task_group' retrieved from /home/airflow/.local/lib/python3.12/site-packages/airflow/example_dags/example_task_group.py
[2025-09-22T00:21:20.118+0000] {logging_mixin.py:190} INFO - [2025-09-22T00:21:20.117+0000] {dag.py:3239} INFO - Sync 1 DAGs
[2025-09-22T00:21:20.130+0000] {logging_mixin.py:190} INFO - [2025-09-22T00:21:20.130+0000] {dag.py:4180} INFO - Setting next_dagrun for example_task_group to None, run_after=None
[2025-09-22T00:21:20.181+0000] {processor.py:208} INFO - Processing /home/airflow/.local/lib/python3.12/site-packages/airflow/example_dags/example_task_group.py took 0.097 seconds
[2025-09-22T00:21:51.285+0000] {processor.py:186} INFO - Started process (PID=7922) to work on /home/airflow/.local/lib/python3.12/site-packages/airflow/example_dags/example_task_group.py
[2025-09-22T00:21:51.286+0000] {processor.py:914} INFO - Processing file /home/airflow/.local/lib/python3.12/site-packages/airflow/example_dags/example_task_group.py for tasks to queue
[2025-09-22T00:21:51.292+0000] {logging_mixin.py:190} INFO - [2025-09-22T00:21:51.291+0000] {dagbag.py:588} INFO - Filling up the DagBag from /home/airflow/.local/lib/python3.12/site-packages/airflow/example_dags/example_task_group.py
[2025-09-22T00:21:51.299+0000] {processor.py:925} INFO - DAG(s) 'example_task_group' retrieved from /home/airflow/.local/lib/python3.12/site-packages/airflow/example_dags/example_task_group.py
[2025-09-22T00:21:51.317+0000] {logging_mixin.py:190} INFO - [2025-09-22T00:21:51.316+0000] {dag.py:3239} INFO - Sync 1 DAGs
[2025-09-22T00:21:51.329+0000] {logging_mixin.py:190} INFO - [2025-09-22T00:21:51.329+0000] {dag.py:4180} INFO - Setting next_dagrun for example_task_group to None, run_after=None
[2025-09-22T00:21:51.802+0000] {processor.py:208} INFO - Processing /home/airflow/.local/lib/python3.12/site-packages/airflow/example_dags/example_task_group.py took 0.521 seconds
[2025-09-22T00:22:22.344+0000] {processor.py:186} INFO - Started process (PID=7986) to work on /home/airflow/.local/lib/python3.12/site-packages/airflow/example_dags/example_task_group.py
[2025-09-22T00:22:22.345+0000] {processor.py:914} INFO - Processing file /home/airflow/.local/lib/python3.12/site-packages/airflow/example_dags/example_task_group.py for tasks to queue
[2025-09-22T00:22:22.346+0000] {logging_mixin.py:190} INFO - [2025-09-22T00:22:22.346+0000] {dagbag.py:588} INFO - Filling up the DagBag from /home/airflow/.local/lib/python3.12/site-packages/airflow/example_dags/example_task_group.py
[2025-09-22T00:22:22.354+0000] {processor.py:925} INFO - DAG(s) 'example_task_group' retrieved from /home/airflow/.local/lib/python3.12/site-packages/airflow/example_dags/example_task_group.py
[2025-09-22T00:22:22.374+0000] {logging_mixin.py:190} INFO - [2025-09-22T00:22:22.373+0000] {dag.py:3239} INFO - Sync 1 DAGs
[2025-09-22T00:22:22.386+0000] {logging_mixin.py:190} INFO - [2025-09-22T00:22:22.386+0000] {dag.py:4180} INFO - Setting next_dagrun for example_task_group to None, run_after=None
[2025-09-22T00:22:22.427+0000] {processor.py:208} INFO - Processing /home/airflow/.local/lib/python3.12/site-packages/airflow/example_dags/example_task_group.py took 0.088 seconds
[2025-09-22T00:22:53.051+0000] {processor.py:186} INFO - Started process (PID=8050) to work on /home/airflow/.local/lib/python3.12/site-packages/airflow/example_dags/example_task_group.py
[2025-09-22T00:22:53.052+0000] {processor.py:914} INFO - Processing file /home/airflow/.local/lib/python3.12/site-packages/airflow/example_dags/example_task_group.py for tasks to queue
[2025-09-22T00:22:53.054+0000] {logging_mixin.py:190} INFO - [2025-09-22T00:22:53.053+0000] {dagbag.py:588} INFO - Filling up the DagBag from /home/airflow/.local/lib/python3.12/site-packages/airflow/example_dags/example_task_group.py
[2025-09-22T00:22:53.061+0000] {processor.py:925} INFO - DAG(s) 'example_task_group' retrieved from /home/airflow/.local/lib/python3.12/site-packages/airflow/example_dags/example_task_group.py
[2025-09-22T00:22:53.080+0000] {logging_mixin.py:190} INFO - [2025-09-22T00:22:53.079+0000] {dag.py:3239} INFO - Sync 1 DAGs
[2025-09-22T00:22:53.094+0000] {logging_mixin.py:190} INFO - [2025-09-22T00:22:53.093+0000] {dag.py:4180} INFO - Setting next_dagrun for example_task_group to None, run_after=None
[2025-09-22T00:22:53.137+0000] {processor.py:208} INFO - Processing /home/airflow/.local/lib/python3.12/site-packages/airflow/example_dags/example_task_group.py took 0.091 seconds
[2025-09-22T00:23:23.223+0000] {processor.py:186} INFO - Started process (PID=8113) to work on /home/airflow/.local/lib/python3.12/site-packages/airflow/example_dags/example_task_group.py
[2025-09-22T00:23:23.224+0000] {processor.py:914} INFO - Processing file /home/airflow/.local/lib/python3.12/site-packages/airflow/example_dags/example_task_group.py for tasks to queue
[2025-09-22T00:23:23.226+0000] {logging_mixin.py:190} INFO - [2025-09-22T00:23:23.226+0000] {dagbag.py:588} INFO - Filling up the DagBag from /home/airflow/.local/lib/python3.12/site-packages/airflow/example_dags/example_task_group.py
[2025-09-22T00:23:23.235+0000] {processor.py:925} INFO - DAG(s) 'example_task_group' retrieved from /home/airflow/.local/lib/python3.12/site-packages/airflow/example_dags/example_task_group.py
[2025-09-22T00:23:23.255+0000] {logging_mixin.py:190} INFO - [2025-09-22T00:23:23.255+0000] {dag.py:3239} INFO - Sync 1 DAGs
[2025-09-22T00:23:23.267+0000] {logging_mixin.py:190} INFO - [2025-09-22T00:23:23.267+0000] {dag.py:4180} INFO - Setting next_dagrun for example_task_group to None, run_after=None
[2025-09-22T00:23:23.312+0000] {processor.py:208} INFO - Processing /home/airflow/.local/lib/python3.12/site-packages/airflow/example_dags/example_task_group.py took 0.094 seconds
[2025-09-22T00:23:53.436+0000] {processor.py:186} INFO - Started process (PID=8177) to work on /home/airflow/.local/lib/python3.12/site-packages/airflow/example_dags/example_task_group.py
[2025-09-22T00:23:53.437+0000] {processor.py:914} INFO - Processing file /home/airflow/.local/lib/python3.12/site-packages/airflow/example_dags/example_task_group.py for tasks to queue
[2025-09-22T00:23:53.439+0000] {logging_mixin.py:190} INFO - [2025-09-22T00:23:53.439+0000] {dagbag.py:588} INFO - Filling up the DagBag from /home/airflow/.local/lib/python3.12/site-packages/airflow/example_dags/example_task_group.py
[2025-09-22T00:23:53.446+0000] {processor.py:925} INFO - DAG(s) 'example_task_group' retrieved from /home/airflow/.local/lib/python3.12/site-packages/airflow/example_dags/example_task_group.py
[2025-09-22T00:23:53.465+0000] {logging_mixin.py:190} INFO - [2025-09-22T00:23:53.465+0000] {dag.py:3239} INFO - Sync 1 DAGs
[2025-09-22T00:23:53.478+0000] {logging_mixin.py:190} INFO - [2025-09-22T00:23:53.478+0000] {dag.py:4180} INFO - Setting next_dagrun for example_task_group to None, run_after=None
[2025-09-22T00:23:53.518+0000] {processor.py:208} INFO - Processing /home/airflow/.local/lib/python3.12/site-packages/airflow/example_dags/example_task_group.py took 0.087 seconds
[2025-09-22T00:24:23.827+0000] {processor.py:186} INFO - Started process (PID=8240) to work on /home/airflow/.local/lib/python3.12/site-packages/airflow/example_dags/example_task_group.py
[2025-09-22T00:24:23.828+0000] {processor.py:914} INFO - Processing file /home/airflow/.local/lib/python3.12/site-packages/airflow/example_dags/example_task_group.py for tasks to queue
[2025-09-22T00:24:23.830+0000] {logging_mixin.py:190} INFO - [2025-09-22T00:24:23.830+0000] {dagbag.py:588} INFO - Filling up the DagBag from /home/airflow/.local/lib/python3.12/site-packages/airflow/example_dags/example_task_group.py
[2025-09-22T00:24:23.837+0000] {processor.py:925} INFO - DAG(s) 'example_task_group' retrieved from /home/airflow/.local/lib/python3.12/site-packages/airflow/example_dags/example_task_group.py
[2025-09-22T00:24:23.858+0000] {logging_mixin.py:190} INFO - [2025-09-22T00:24:23.858+0000] {dag.py:3239} INFO - Sync 1 DAGs
[2025-09-22T00:24:23.870+0000] {logging_mixin.py:190} INFO - [2025-09-22T00:24:23.870+0000] {dag.py:4180} INFO - Setting next_dagrun for example_task_group to None, run_after=None
[2025-09-22T00:24:23.908+0000] {processor.py:208} INFO - Processing /home/airflow/.local/lib/python3.12/site-packages/airflow/example_dags/example_task_group.py took 0.086 seconds
[2025-09-22T00:24:55.117+0000] {processor.py:186} INFO - Started process (PID=8305) to work on /home/airflow/.local/lib/python3.12/site-packages/airflow/example_dags/example_task_group.py
[2025-09-22T00:24:55.118+0000] {processor.py:914} INFO - Processing file /home/airflow/.local/lib/python3.12/site-packages/airflow/example_dags/example_task_group.py for tasks to queue
[2025-09-22T00:24:55.120+0000] {logging_mixin.py:190} INFO - [2025-09-22T00:24:55.120+0000] {dagbag.py:588} INFO - Filling up the DagBag from /home/airflow/.local/lib/python3.12/site-packages/airflow/example_dags/example_task_group.py
[2025-09-22T00:24:55.128+0000] {processor.py:925} INFO - DAG(s) 'example_task_group' retrieved from /home/airflow/.local/lib/python3.12/site-packages/airflow/example_dags/example_task_group.py
[2025-09-22T00:24:55.147+0000] {logging_mixin.py:190} INFO - [2025-09-22T00:24:55.146+0000] {dag.py:3239} INFO - Sync 1 DAGs
[2025-09-22T00:24:55.159+0000] {logging_mixin.py:190} INFO - [2025-09-22T00:24:55.159+0000] {dag.py:4180} INFO - Setting next_dagrun for example_task_group to None, run_after=None
[2025-09-22T00:24:55.200+0000] {processor.py:208} INFO - Processing /home/airflow/.local/lib/python3.12/site-packages/airflow/example_dags/example_task_group.py took 0.089 seconds
[2025-09-22T00:25:25.940+0000] {processor.py:186} INFO - Started process (PID=8369) to work on /home/airflow/.local/lib/python3.12/site-packages/airflow/example_dags/example_task_group.py
[2025-09-22T00:25:25.941+0000] {processor.py:914} INFO - Processing file /home/airflow/.local/lib/python3.12/site-packages/airflow/example_dags/example_task_group.py for tasks to queue
[2025-09-22T00:25:25.943+0000] {logging_mixin.py:190} INFO - [2025-09-22T00:25:25.943+0000] {dagbag.py:588} INFO - Filling up the DagBag from /home/airflow/.local/lib/python3.12/site-packages/airflow/example_dags/example_task_group.py
[2025-09-22T00:25:25.951+0000] {processor.py:925} INFO - DAG(s) 'example_task_group' retrieved from /home/airflow/.local/lib/python3.12/site-packages/airflow/example_dags/example_task_group.py
[2025-09-22T00:25:25.969+0000] {logging_mixin.py:190} INFO - [2025-09-22T00:25:25.969+0000] {dag.py:3239} INFO - Sync 1 DAGs
[2025-09-22T00:25:25.982+0000] {logging_mixin.py:190} INFO - [2025-09-22T00:25:25.981+0000] {dag.py:4180} INFO - Setting next_dagrun for example_task_group to None, run_after=None
[2025-09-22T00:25:26.024+0000] {processor.py:208} INFO - Processing /home/airflow/.local/lib/python3.12/site-packages/airflow/example_dags/example_task_group.py took 0.089 seconds
[2025-09-22T00:25:56.976+0000] {processor.py:186} INFO - Started process (PID=8427) to work on /home/airflow/.local/lib/python3.12/site-packages/airflow/example_dags/example_task_group.py
[2025-09-22T00:25:56.977+0000] {processor.py:914} INFO - Processing file /home/airflow/.local/lib/python3.12/site-packages/airflow/example_dags/example_task_group.py for tasks to queue
[2025-09-22T00:25:56.980+0000] {logging_mixin.py:190} INFO - [2025-09-22T00:25:56.979+0000] {dagbag.py:588} INFO - Filling up the DagBag from /home/airflow/.local/lib/python3.12/site-packages/airflow/example_dags/example_task_group.py
[2025-09-22T00:25:56.988+0000] {processor.py:925} INFO - DAG(s) 'example_task_group' retrieved from /home/airflow/.local/lib/python3.12/site-packages/airflow/example_dags/example_task_group.py
[2025-09-22T00:25:57.008+0000] {logging_mixin.py:190} INFO - [2025-09-22T00:25:57.007+0000] {dag.py:3239} INFO - Sync 1 DAGs
[2025-09-22T00:25:57.020+0000] {logging_mixin.py:190} INFO - [2025-09-22T00:25:57.020+0000] {dag.py:4180} INFO - Setting next_dagrun for example_task_group to None, run_after=None
[2025-09-22T00:25:57.066+0000] {processor.py:208} INFO - Processing /home/airflow/.local/lib/python3.12/site-packages/airflow/example_dags/example_task_group.py took 0.094 seconds
[2025-09-22T00:26:27.801+0000] {processor.py:186} INFO - Started process (PID=8486) to work on /home/airflow/.local/lib/python3.12/site-packages/airflow/example_dags/example_task_group.py
[2025-09-22T00:26:27.802+0000] {processor.py:914} INFO - Processing file /home/airflow/.local/lib/python3.12/site-packages/airflow/example_dags/example_task_group.py for tasks to queue
[2025-09-22T00:26:27.804+0000] {logging_mixin.py:190} INFO - [2025-09-22T00:26:27.804+0000] {dagbag.py:588} INFO - Filling up the DagBag from /home/airflow/.local/lib/python3.12/site-packages/airflow/example_dags/example_task_group.py
[2025-09-22T00:26:27.812+0000] {processor.py:925} INFO - DAG(s) 'example_task_group' retrieved from /home/airflow/.local/lib/python3.12/site-packages/airflow/example_dags/example_task_group.py
[2025-09-22T00:26:27.832+0000] {logging_mixin.py:190} INFO - [2025-09-22T00:26:27.832+0000] {dag.py:3239} INFO - Sync 1 DAGs
[2025-09-22T00:26:27.846+0000] {logging_mixin.py:190} INFO - [2025-09-22T00:26:27.846+0000] {dag.py:4180} INFO - Setting next_dagrun for example_task_group to None, run_after=None
[2025-09-22T00:26:27.891+0000] {processor.py:208} INFO - Processing /home/airflow/.local/lib/python3.12/site-packages/airflow/example_dags/example_task_group.py took 0.095 seconds
[2025-09-22T00:26:58.601+0000] {processor.py:186} INFO - Started process (PID=8549) to work on /home/airflow/.local/lib/python3.12/site-packages/airflow/example_dags/example_task_group.py
[2025-09-22T00:26:58.602+0000] {processor.py:914} INFO - Processing file /home/airflow/.local/lib/python3.12/site-packages/airflow/example_dags/example_task_group.py for tasks to queue
[2025-09-22T00:26:58.604+0000] {logging_mixin.py:190} INFO - [2025-09-22T00:26:58.604+0000] {dagbag.py:588} INFO - Filling up the DagBag from /home/airflow/.local/lib/python3.12/site-packages/airflow/example_dags/example_task_group.py
[2025-09-22T00:26:58.611+0000] {processor.py:925} INFO - DAG(s) 'example_task_group' retrieved from /home/airflow/.local/lib/python3.12/site-packages/airflow/example_dags/example_task_group.py
[2025-09-22T00:26:58.631+0000] {logging_mixin.py:190} INFO - [2025-09-22T00:26:58.631+0000] {dag.py:3239} INFO - Sync 1 DAGs
[2025-09-22T00:26:58.645+0000] {logging_mixin.py:190} INFO - [2025-09-22T00:26:58.645+0000] {dag.py:4180} INFO - Setting next_dagrun for example_task_group to None, run_after=None
[2025-09-22T00:26:58.682+0000] {processor.py:208} INFO - Processing /home/airflow/.local/lib/python3.12/site-packages/airflow/example_dags/example_task_group.py took 0.086 seconds
[2025-09-22T00:27:29.031+0000] {processor.py:186} INFO - Started process (PID=8613) to work on /home/airflow/.local/lib/python3.12/site-packages/airflow/example_dags/example_task_group.py
[2025-09-22T00:27:29.032+0000] {processor.py:914} INFO - Processing file /home/airflow/.local/lib/python3.12/site-packages/airflow/example_dags/example_task_group.py for tasks to queue
[2025-09-22T00:27:29.034+0000] {logging_mixin.py:190} INFO - [2025-09-22T00:27:29.033+0000] {dagbag.py:588} INFO - Filling up the DagBag from /home/airflow/.local/lib/python3.12/site-packages/airflow/example_dags/example_task_group.py
[2025-09-22T00:27:29.041+0000] {processor.py:925} INFO - DAG(s) 'example_task_group' retrieved from /home/airflow/.local/lib/python3.12/site-packages/airflow/example_dags/example_task_group.py
[2025-09-22T00:27:29.064+0000] {logging_mixin.py:190} INFO - [2025-09-22T00:27:29.063+0000] {dag.py:3239} INFO - Sync 1 DAGs
[2025-09-22T00:27:29.077+0000] {logging_mixin.py:190} INFO - [2025-09-22T00:27:29.076+0000] {dag.py:4180} INFO - Setting next_dagrun for example_task_group to None, run_after=None
[2025-09-22T00:27:29.150+0000] {processor.py:208} INFO - Processing /home/airflow/.local/lib/python3.12/site-packages/airflow/example_dags/example_task_group.py took 0.124 seconds
[2025-09-22T00:28:00.104+0000] {processor.py:186} INFO - Started process (PID=8677) to work on /home/airflow/.local/lib/python3.12/site-packages/airflow/example_dags/example_task_group.py
[2025-09-22T00:28:00.105+0000] {processor.py:914} INFO - Processing file /home/airflow/.local/lib/python3.12/site-packages/airflow/example_dags/example_task_group.py for tasks to queue
[2025-09-22T00:28:00.108+0000] {logging_mixin.py:190} INFO - [2025-09-22T00:28:00.107+0000] {dagbag.py:588} INFO - Filling up the DagBag from /home/airflow/.local/lib/python3.12/site-packages/airflow/example_dags/example_task_group.py
[2025-09-22T00:28:00.115+0000] {processor.py:925} INFO - DAG(s) 'example_task_group' retrieved from /home/airflow/.local/lib/python3.12/site-packages/airflow/example_dags/example_task_group.py
[2025-09-22T00:28:00.134+0000] {logging_mixin.py:190} INFO - [2025-09-22T00:28:00.134+0000] {dag.py:3239} INFO - Sync 1 DAGs
[2025-09-22T00:28:00.146+0000] {logging_mixin.py:190} INFO - [2025-09-22T00:28:00.146+0000] {dag.py:4180} INFO - Setting next_dagrun for example_task_group to None, run_after=None
[2025-09-22T00:28:00.190+0000] {processor.py:208} INFO - Processing /home/airflow/.local/lib/python3.12/site-packages/airflow/example_dags/example_task_group.py took 0.091 seconds
[2025-09-22T00:28:30.942+0000] {processor.py:186} INFO - Started process (PID=8741) to work on /home/airflow/.local/lib/python3.12/site-packages/airflow/example_dags/example_task_group.py
[2025-09-22T00:28:30.943+0000] {processor.py:914} INFO - Processing file /home/airflow/.local/lib/python3.12/site-packages/airflow/example_dags/example_task_group.py for tasks to queue
[2025-09-22T00:28:30.945+0000] {logging_mixin.py:190} INFO - [2025-09-22T00:28:30.944+0000] {dagbag.py:588} INFO - Filling up the DagBag from /home/airflow/.local/lib/python3.12/site-packages/airflow/example_dags/example_task_group.py
[2025-09-22T00:28:30.952+0000] {processor.py:925} INFO - DAG(s) 'example_task_group' retrieved from /home/airflow/.local/lib/python3.12/site-packages/airflow/example_dags/example_task_group.py
[2025-09-22T00:28:30.971+0000] {logging_mixin.py:190} INFO - [2025-09-22T00:28:30.971+0000] {dag.py:3239} INFO - Sync 1 DAGs
[2025-09-22T00:28:30.983+0000] {logging_mixin.py:190} INFO - [2025-09-22T00:28:30.983+0000] {dag.py:4180} INFO - Setting next_dagrun for example_task_group to None, run_after=None
[2025-09-22T00:28:31.056+0000] {processor.py:208} INFO - Processing /home/airflow/.local/lib/python3.12/site-packages/airflow/example_dags/example_task_group.py took 0.119 seconds
[2025-09-22T00:29:01.618+0000] {processor.py:186} INFO - Started process (PID=8805) to work on /home/airflow/.local/lib/python3.12/site-packages/airflow/example_dags/example_task_group.py
[2025-09-22T00:29:01.619+0000] {processor.py:914} INFO - Processing file /home/airflow/.local/lib/python3.12/site-packages/airflow/example_dags/example_task_group.py for tasks to queue
[2025-09-22T00:29:01.621+0000] {logging_mixin.py:190} INFO - [2025-09-22T00:29:01.621+0000] {dagbag.py:588} INFO - Filling up the DagBag from /home/airflow/.local/lib/python3.12/site-packages/airflow/example_dags/example_task_group.py
[2025-09-22T00:29:01.631+0000] {processor.py:925} INFO - DAG(s) 'example_task_group' retrieved from /home/airflow/.local/lib/python3.12/site-packages/airflow/example_dags/example_task_group.py
[2025-09-22T00:29:01.654+0000] {logging_mixin.py:190} INFO - [2025-09-22T00:29:01.654+0000] {dag.py:3239} INFO - Sync 1 DAGs
[2025-09-22T00:29:01.674+0000] {logging_mixin.py:190} INFO - [2025-09-22T00:29:01.673+0000] {dag.py:4180} INFO - Setting next_dagrun for example_task_group to None, run_after=None
[2025-09-22T00:29:01.722+0000] {processor.py:208} INFO - Processing /home/airflow/.local/lib/python3.12/site-packages/airflow/example_dags/example_task_group.py took 0.110 seconds
[2025-09-22T00:29:32.497+0000] {processor.py:186} INFO - Started process (PID=8869) to work on /home/airflow/.local/lib/python3.12/site-packages/airflow/example_dags/example_task_group.py
[2025-09-22T00:29:32.498+0000] {processor.py:914} INFO - Processing file /home/airflow/.local/lib/python3.12/site-packages/airflow/example_dags/example_task_group.py for tasks to queue
[2025-09-22T00:29:32.500+0000] {logging_mixin.py:190} INFO - [2025-09-22T00:29:32.500+0000] {dagbag.py:588} INFO - Filling up the DagBag from /home/airflow/.local/lib/python3.12/site-packages/airflow/example_dags/example_task_group.py
[2025-09-22T00:29:32.508+0000] {processor.py:925} INFO - DAG(s) 'example_task_group' retrieved from /home/airflow/.local/lib/python3.12/site-packages/airflow/example_dags/example_task_group.py
[2025-09-22T00:29:32.528+0000] {logging_mixin.py:190} INFO - [2025-09-22T00:29:32.527+0000] {dag.py:3239} INFO - Sync 1 DAGs
[2025-09-22T00:29:32.542+0000] {logging_mixin.py:190} INFO - [2025-09-22T00:29:32.542+0000] {dag.py:4180} INFO - Setting next_dagrun for example_task_group to None, run_after=None
[2025-09-22T00:29:33.314+0000] {processor.py:208} INFO - Processing /home/airflow/.local/lib/python3.12/site-packages/airflow/example_dags/example_task_group.py took 0.822 seconds
[2025-09-22T00:30:03.411+0000] {processor.py:186} INFO - Started process (PID=8933) to work on /home/airflow/.local/lib/python3.12/site-packages/airflow/example_dags/example_task_group.py
[2025-09-22T00:30:03.412+0000] {processor.py:914} INFO - Processing file /home/airflow/.local/lib/python3.12/site-packages/airflow/example_dags/example_task_group.py for tasks to queue
[2025-09-22T00:30:03.414+0000] {logging_mixin.py:190} INFO - [2025-09-22T00:30:03.414+0000] {dagbag.py:588} INFO - Filling up the DagBag from /home/airflow/.local/lib/python3.12/site-packages/airflow/example_dags/example_task_group.py
[2025-09-22T00:30:03.422+0000] {processor.py:925} INFO - DAG(s) 'example_task_group' retrieved from /home/airflow/.local/lib/python3.12/site-packages/airflow/example_dags/example_task_group.py
[2025-09-22T00:30:03.444+0000] {logging_mixin.py:190} INFO - [2025-09-22T00:30:03.444+0000] {dag.py:3239} INFO - Sync 1 DAGs
[2025-09-22T00:30:03.458+0000] {logging_mixin.py:190} INFO - [2025-09-22T00:30:03.457+0000] {dag.py:4180} INFO - Setting next_dagrun for example_task_group to None, run_after=None
[2025-09-22T00:30:03.498+0000] {processor.py:208} INFO - Processing /home/airflow/.local/lib/python3.12/site-packages/airflow/example_dags/example_task_group.py took 0.092 seconds
[2025-09-22T00:30:34.082+0000] {processor.py:186} INFO - Started process (PID=8997) to work on /home/airflow/.local/lib/python3.12/site-packages/airflow/example_dags/example_task_group.py
[2025-09-22T00:30:34.083+0000] {processor.py:914} INFO - Processing file /home/airflow/.local/lib/python3.12/site-packages/airflow/example_dags/example_task_group.py for tasks to queue
[2025-09-22T00:30:34.085+0000] {logging_mixin.py:190} INFO - [2025-09-22T00:30:34.085+0000] {dagbag.py:588} INFO - Filling up the DagBag from /home/airflow/.local/lib/python3.12/site-packages/airflow/example_dags/example_task_group.py
[2025-09-22T00:30:34.093+0000] {processor.py:925} INFO - DAG(s) 'example_task_group' retrieved from /home/airflow/.local/lib/python3.12/site-packages/airflow/example_dags/example_task_group.py
[2025-09-22T00:30:34.112+0000] {logging_mixin.py:190} INFO - [2025-09-22T00:30:34.112+0000] {dag.py:3239} INFO - Sync 1 DAGs
[2025-09-22T00:30:34.124+0000] {logging_mixin.py:190} INFO - [2025-09-22T00:30:34.124+0000] {dag.py:4180} INFO - Setting next_dagrun for example_task_group to None, run_after=None
[2025-09-22T00:30:34.194+0000] {processor.py:208} INFO - Processing /home/airflow/.local/lib/python3.12/site-packages/airflow/example_dags/example_task_group.py took 0.117 seconds
[2025-09-22T00:31:05.162+0000] {processor.py:186} INFO - Started process (PID=9067) to work on /home/airflow/.local/lib/python3.12/site-packages/airflow/example_dags/example_task_group.py
[2025-09-22T00:31:05.163+0000] {processor.py:914} INFO - Processing file /home/airflow/.local/lib/python3.12/site-packages/airflow/example_dags/example_task_group.py for tasks to queue
[2025-09-22T00:31:05.165+0000] {logging_mixin.py:190} INFO - [2025-09-22T00:31:05.165+0000] {dagbag.py:588} INFO - Filling up the DagBag from /home/airflow/.local/lib/python3.12/site-packages/airflow/example_dags/example_task_group.py
[2025-09-22T00:31:05.172+0000] {processor.py:925} INFO - DAG(s) 'example_task_group' retrieved from /home/airflow/.local/lib/python3.12/site-packages/airflow/example_dags/example_task_group.py
[2025-09-22T00:31:05.193+0000] {logging_mixin.py:190} INFO - [2025-09-22T00:31:05.192+0000] {dag.py:3239} INFO - Sync 1 DAGs
[2025-09-22T00:31:05.205+0000] {logging_mixin.py:190} INFO - [2025-09-22T00:31:05.205+0000] {dag.py:4180} INFO - Setting next_dagrun for example_task_group to None, run_after=None
[2025-09-22T00:31:05.254+0000] {processor.py:208} INFO - Processing /home/airflow/.local/lib/python3.12/site-packages/airflow/example_dags/example_task_group.py took 0.098 seconds
[2025-09-22T00:31:35.546+0000] {processor.py:186} INFO - Started process (PID=9131) to work on /home/airflow/.local/lib/python3.12/site-packages/airflow/example_dags/example_task_group.py
[2025-09-22T00:31:35.547+0000] {processor.py:914} INFO - Processing file /home/airflow/.local/lib/python3.12/site-packages/airflow/example_dags/example_task_group.py for tasks to queue
[2025-09-22T00:31:35.549+0000] {logging_mixin.py:190} INFO - [2025-09-22T00:31:35.549+0000] {dagbag.py:588} INFO - Filling up the DagBag from /home/airflow/.local/lib/python3.12/site-packages/airflow/example_dags/example_task_group.py
[2025-09-22T00:31:35.557+0000] {processor.py:925} INFO - DAG(s) 'example_task_group' retrieved from /home/airflow/.local/lib/python3.12/site-packages/airflow/example_dags/example_task_group.py
[2025-09-22T00:31:35.578+0000] {logging_mixin.py:190} INFO - [2025-09-22T00:31:35.577+0000] {dag.py:3239} INFO - Sync 1 DAGs
[2025-09-22T00:31:35.591+0000] {logging_mixin.py:190} INFO - [2025-09-22T00:31:35.591+0000] {dag.py:4180} INFO - Setting next_dagrun for example_task_group to None, run_after=None
[2025-09-22T00:31:35.641+0000] {processor.py:208} INFO - Processing /home/airflow/.local/lib/python3.12/site-packages/airflow/example_dags/example_task_group.py took 0.102 seconds
[2025-09-22T00:32:08.524+0000] {processor.py:186} INFO - Started process (PID=9195) to work on /home/airflow/.local/lib/python3.12/site-packages/airflow/example_dags/example_task_group.py
[2025-09-22T00:32:08.525+0000] {processor.py:914} INFO - Processing file /home/airflow/.local/lib/python3.12/site-packages/airflow/example_dags/example_task_group.py for tasks to queue
[2025-09-22T00:32:08.528+0000] {logging_mixin.py:190} INFO - [2025-09-22T00:32:08.527+0000] {dagbag.py:588} INFO - Filling up the DagBag from /home/airflow/.local/lib/python3.12/site-packages/airflow/example_dags/example_task_group.py
[2025-09-22T00:32:08.536+0000] {processor.py:925} INFO - DAG(s) 'example_task_group' retrieved from /home/airflow/.local/lib/python3.12/site-packages/airflow/example_dags/example_task_group.py
[2025-09-22T00:32:08.559+0000] {logging_mixin.py:190} INFO - [2025-09-22T00:32:08.559+0000] {dag.py:3239} INFO - Sync 1 DAGs
[2025-09-22T00:32:08.575+0000] {logging_mixin.py:190} INFO - [2025-09-22T00:32:08.575+0000] {dag.py:4180} INFO - Setting next_dagrun for example_task_group to None, run_after=None
[2025-09-22T00:32:08.624+0000] {processor.py:208} INFO - Processing /home/airflow/.local/lib/python3.12/site-packages/airflow/example_dags/example_task_group.py took 0.105 seconds
[2025-09-22T00:32:39.447+0000] {processor.py:186} INFO - Started process (PID=9257) to work on /home/airflow/.local/lib/python3.12/site-packages/airflow/example_dags/example_task_group.py
[2025-09-22T00:32:39.448+0000] {processor.py:914} INFO - Processing file /home/airflow/.local/lib/python3.12/site-packages/airflow/example_dags/example_task_group.py for tasks to queue
[2025-09-22T00:32:39.449+0000] {logging_mixin.py:190} INFO - [2025-09-22T00:32:39.449+0000] {dagbag.py:588} INFO - Filling up the DagBag from /home/airflow/.local/lib/python3.12/site-packages/airflow/example_dags/example_task_group.py
[2025-09-22T00:32:39.458+0000] {processor.py:925} INFO - DAG(s) 'example_task_group' retrieved from /home/airflow/.local/lib/python3.12/site-packages/airflow/example_dags/example_task_group.py
[2025-09-22T00:32:39.478+0000] {logging_mixin.py:190} INFO - [2025-09-22T00:32:39.477+0000] {dag.py:3239} INFO - Sync 1 DAGs
[2025-09-22T00:32:39.490+0000] {logging_mixin.py:190} INFO - [2025-09-22T00:32:39.490+0000] {dag.py:4180} INFO - Setting next_dagrun for example_task_group to None, run_after=None
[2025-09-22T00:32:39.537+0000] {processor.py:208} INFO - Processing /home/airflow/.local/lib/python3.12/site-packages/airflow/example_dags/example_task_group.py took 0.096 seconds
[2025-09-22T00:33:10.511+0000] {processor.py:186} INFO - Started process (PID=9321) to work on /home/airflow/.local/lib/python3.12/site-packages/airflow/example_dags/example_task_group.py
[2025-09-22T00:33:10.512+0000] {processor.py:914} INFO - Processing file /home/airflow/.local/lib/python3.12/site-packages/airflow/example_dags/example_task_group.py for tasks to queue
[2025-09-22T00:33:10.514+0000] {logging_mixin.py:190} INFO - [2025-09-22T00:33:10.514+0000] {dagbag.py:588} INFO - Filling up the DagBag from /home/airflow/.local/lib/python3.12/site-packages/airflow/example_dags/example_task_group.py
[2025-09-22T00:33:10.521+0000] {processor.py:925} INFO - DAG(s) 'example_task_group' retrieved from /home/airflow/.local/lib/python3.12/site-packages/airflow/example_dags/example_task_group.py
[2025-09-22T00:33:10.542+0000] {logging_mixin.py:190} INFO - [2025-09-22T00:33:10.542+0000] {dag.py:3239} INFO - Sync 1 DAGs
[2025-09-22T00:33:10.556+0000] {logging_mixin.py:190} INFO - [2025-09-22T00:33:10.555+0000] {dag.py:4180} INFO - Setting next_dagrun for example_task_group to None, run_after=None
[2025-09-22T00:33:10.620+0000] {processor.py:208} INFO - Processing /home/airflow/.local/lib/python3.12/site-packages/airflow/example_dags/example_task_group.py took 0.115 seconds
[2025-09-22T00:33:40.868+0000] {processor.py:186} INFO - Started process (PID=9380) to work on /home/airflow/.local/lib/python3.12/site-packages/airflow/example_dags/example_task_group.py
[2025-09-22T00:33:40.869+0000] {processor.py:914} INFO - Processing file /home/airflow/.local/lib/python3.12/site-packages/airflow/example_dags/example_task_group.py for tasks to queue
[2025-09-22T00:33:40.871+0000] {logging_mixin.py:190} INFO - [2025-09-22T00:33:40.871+0000] {dagbag.py:588} INFO - Filling up the DagBag from /home/airflow/.local/lib/python3.12/site-packages/airflow/example_dags/example_task_group.py
[2025-09-22T00:33:40.878+0000] {processor.py:925} INFO - DAG(s) 'example_task_group' retrieved from /home/airflow/.local/lib/python3.12/site-packages/airflow/example_dags/example_task_group.py
[2025-09-22T00:33:40.899+0000] {logging_mixin.py:190} INFO - [2025-09-22T00:33:40.898+0000] {dag.py:3239} INFO - Sync 1 DAGs
[2025-09-22T00:33:40.911+0000] {logging_mixin.py:190} INFO - [2025-09-22T00:33:40.911+0000] {dag.py:4180} INFO - Setting next_dagrun for example_task_group to None, run_after=None
[2025-09-22T00:33:40.951+0000] {processor.py:208} INFO - Processing /home/airflow/.local/lib/python3.12/site-packages/airflow/example_dags/example_task_group.py took 0.088 seconds
[2025-09-22T00:34:11.591+0000] {processor.py:186} INFO - Started process (PID=9444) to work on /home/airflow/.local/lib/python3.12/site-packages/airflow/example_dags/example_task_group.py
[2025-09-22T00:34:11.592+0000] {processor.py:914} INFO - Processing file /home/airflow/.local/lib/python3.12/site-packages/airflow/example_dags/example_task_group.py for tasks to queue
[2025-09-22T00:34:11.595+0000] {logging_mixin.py:190} INFO - [2025-09-22T00:34:11.594+0000] {dagbag.py:588} INFO - Filling up the DagBag from /home/airflow/.local/lib/python3.12/site-packages/airflow/example_dags/example_task_group.py
[2025-09-22T00:34:11.603+0000] {processor.py:925} INFO - DAG(s) 'example_task_group' retrieved from /home/airflow/.local/lib/python3.12/site-packages/airflow/example_dags/example_task_group.py
[2025-09-22T00:34:11.625+0000] {logging_mixin.py:190} INFO - [2025-09-22T00:34:11.625+0000] {dag.py:3239} INFO - Sync 1 DAGs
[2025-09-22T00:34:11.639+0000] {logging_mixin.py:190} INFO - [2025-09-22T00:34:11.639+0000] {dag.py:4180} INFO - Setting next_dagrun for example_task_group to None, run_after=None
[2025-09-22T00:34:11.690+0000] {processor.py:208} INFO - Processing /home/airflow/.local/lib/python3.12/site-packages/airflow/example_dags/example_task_group.py took 0.104 seconds
[2025-09-22T00:34:41.758+0000] {processor.py:186} INFO - Started process (PID=9507) to work on /home/airflow/.local/lib/python3.12/site-packages/airflow/example_dags/example_task_group.py
[2025-09-22T00:34:41.759+0000] {processor.py:914} INFO - Processing file /home/airflow/.local/lib/python3.12/site-packages/airflow/example_dags/example_task_group.py for tasks to queue
[2025-09-22T00:34:41.762+0000] {logging_mixin.py:190} INFO - [2025-09-22T00:34:41.761+0000] {dagbag.py:588} INFO - Filling up the DagBag from /home/airflow/.local/lib/python3.12/site-packages/airflow/example_dags/example_task_group.py
[2025-09-22T00:34:41.769+0000] {processor.py:925} INFO - DAG(s) 'example_task_group' retrieved from /home/airflow/.local/lib/python3.12/site-packages/airflow/example_dags/example_task_group.py
[2025-09-22T00:34:41.791+0000] {logging_mixin.py:190} INFO - [2025-09-22T00:34:41.791+0000] {dag.py:3239} INFO - Sync 1 DAGs
[2025-09-22T00:34:41.804+0000] {logging_mixin.py:190} INFO - [2025-09-22T00:34:41.804+0000] {dag.py:4180} INFO - Setting next_dagrun for example_task_group to None, run_after=None
[2025-09-22T00:34:41.923+0000] {processor.py:208} INFO - Processing /home/airflow/.local/lib/python3.12/site-packages/airflow/example_dags/example_task_group.py took 0.171 seconds
[2025-09-22T00:35:12.031+0000] {processor.py:186} INFO - Started process (PID=9571) to work on /home/airflow/.local/lib/python3.12/site-packages/airflow/example_dags/example_task_group.py
[2025-09-22T00:35:12.032+0000] {processor.py:914} INFO - Processing file /home/airflow/.local/lib/python3.12/site-packages/airflow/example_dags/example_task_group.py for tasks to queue
[2025-09-22T00:35:12.034+0000] {logging_mixin.py:190} INFO - [2025-09-22T00:35:12.034+0000] {dagbag.py:588} INFO - Filling up the DagBag from /home/airflow/.local/lib/python3.12/site-packages/airflow/example_dags/example_task_group.py
[2025-09-22T00:35:12.041+0000] {processor.py:925} INFO - DAG(s) 'example_task_group' retrieved from /home/airflow/.local/lib/python3.12/site-packages/airflow/example_dags/example_task_group.py
[2025-09-22T00:35:12.061+0000] {logging_mixin.py:190} INFO - [2025-09-22T00:35:12.061+0000] {dag.py:3239} INFO - Sync 1 DAGs
[2025-09-22T00:35:12.075+0000] {logging_mixin.py:190} INFO - [2025-09-22T00:35:12.075+0000] {dag.py:4180} INFO - Setting next_dagrun for example_task_group to None, run_after=None
[2025-09-22T00:35:12.112+0000] {processor.py:208} INFO - Processing /home/airflow/.local/lib/python3.12/site-packages/airflow/example_dags/example_task_group.py took 0.087 seconds
[2025-09-22T00:35:42.781+0000] {processor.py:186} INFO - Started process (PID=9635) to work on /home/airflow/.local/lib/python3.12/site-packages/airflow/example_dags/example_task_group.py
[2025-09-22T00:35:42.782+0000] {processor.py:914} INFO - Processing file /home/airflow/.local/lib/python3.12/site-packages/airflow/example_dags/example_task_group.py for tasks to queue
[2025-09-22T00:35:42.784+0000] {logging_mixin.py:190} INFO - [2025-09-22T00:35:42.784+0000] {dagbag.py:588} INFO - Filling up the DagBag from /home/airflow/.local/lib/python3.12/site-packages/airflow/example_dags/example_task_group.py
[2025-09-22T00:35:42.792+0000] {processor.py:925} INFO - DAG(s) 'example_task_group' retrieved from /home/airflow/.local/lib/python3.12/site-packages/airflow/example_dags/example_task_group.py
[2025-09-22T00:35:42.817+0000] {logging_mixin.py:190} INFO - [2025-09-22T00:35:42.817+0000] {dag.py:3239} INFO - Sync 1 DAGs
[2025-09-22T00:35:42.829+0000] {logging_mixin.py:190} INFO - [2025-09-22T00:35:42.829+0000] {dag.py:4180} INFO - Setting next_dagrun for example_task_group to None, run_after=None
[2025-09-22T00:35:42.876+0000] {processor.py:208} INFO - Processing /home/airflow/.local/lib/python3.12/site-packages/airflow/example_dags/example_task_group.py took 0.100 seconds
[2025-09-22T00:36:13.062+0000] {processor.py:186} INFO - Started process (PID=9699) to work on /home/airflow/.local/lib/python3.12/site-packages/airflow/example_dags/example_task_group.py
[2025-09-22T00:36:13.063+0000] {processor.py:914} INFO - Processing file /home/airflow/.local/lib/python3.12/site-packages/airflow/example_dags/example_task_group.py for tasks to queue
[2025-09-22T00:36:13.065+0000] {logging_mixin.py:190} INFO - [2025-09-22T00:36:13.065+0000] {dagbag.py:588} INFO - Filling up the DagBag from /home/airflow/.local/lib/python3.12/site-packages/airflow/example_dags/example_task_group.py
[2025-09-22T00:36:13.072+0000] {processor.py:925} INFO - DAG(s) 'example_task_group' retrieved from /home/airflow/.local/lib/python3.12/site-packages/airflow/example_dags/example_task_group.py
[2025-09-22T00:36:13.093+0000] {logging_mixin.py:190} INFO - [2025-09-22T00:36:13.093+0000] {dag.py:3239} INFO - Sync 1 DAGs
[2025-09-22T00:36:13.106+0000] {logging_mixin.py:190} INFO - [2025-09-22T00:36:13.105+0000] {dag.py:4180} INFO - Setting next_dagrun for example_task_group to None, run_after=None
[2025-09-22T00:36:13.152+0000] {processor.py:208} INFO - Processing /home/airflow/.local/lib/python3.12/site-packages/airflow/example_dags/example_task_group.py took 0.095 seconds
