[2025-09-22T00:00:13.424+0000] {processor.py:186} INFO - Started process (PID=5265) to work on /home/airflow/.local/lib/python3.12/site-packages/airflow/example_dags/example_latest_only.py
[2025-09-22T00:00:13.425+0000] {processor.py:914} INFO - Processing file /home/airflow/.local/lib/python3.12/site-packages/airflow/example_dags/example_latest_only.py for tasks to queue
[2025-09-22T00:00:13.428+0000] {logging_mixin.py:190} INFO - [2025-09-22T00:00:13.427+0000] {dagbag.py:588} INFO - Filling up the DagBag from /home/airflow/.local/lib/python3.12/site-packages/airflow/example_dags/example_latest_only.py
[2025-09-22T00:00:13.440+0000] {processor.py:925} INFO - DAG(s) 'latest_only' retrieved from /home/airflow/.local/lib/python3.12/site-packages/airflow/example_dags/example_latest_only.py
[2025-09-22T00:00:13.471+0000] {logging_mixin.py:190} INFO - [2025-09-22T00:00:13.470+0000] {dag.py:3239} INFO - Sync 1 DAGs
[2025-09-22T00:00:13.514+0000] {logging_mixin.py:190} INFO - [2025-09-22T00:00:13.514+0000] {dag.py:4180} INFO - Setting next_dagrun for latest_only to 2025-09-21 20:00:00+00:00, run_after=2025-09-22 00:00:00+00:00
[2025-09-22T00:00:13.584+0000] {processor.py:208} INFO - Processing /home/airflow/.local/lib/python3.12/site-packages/airflow/example_dags/example_latest_only.py took 0.167 seconds
[2025-09-22T00:00:44.081+0000] {processor.py:186} INFO - Started process (PID=5329) to work on /home/airflow/.local/lib/python3.12/site-packages/airflow/example_dags/example_latest_only.py
[2025-09-22T00:00:44.083+0000] {processor.py:914} INFO - Processing file /home/airflow/.local/lib/python3.12/site-packages/airflow/example_dags/example_latest_only.py for tasks to queue
[2025-09-22T00:00:44.085+0000] {logging_mixin.py:190} INFO - [2025-09-22T00:00:44.085+0000] {dagbag.py:588} INFO - Filling up the DagBag from /home/airflow/.local/lib/python3.12/site-packages/airflow/example_dags/example_latest_only.py
[2025-09-22T00:00:44.094+0000] {processor.py:925} INFO - DAG(s) 'latest_only' retrieved from /home/airflow/.local/lib/python3.12/site-packages/airflow/example_dags/example_latest_only.py
[2025-09-22T00:00:44.126+0000] {logging_mixin.py:190} INFO - [2025-09-22T00:00:44.126+0000] {dag.py:3239} INFO - Sync 1 DAGs
[2025-09-22T00:00:44.154+0000] {logging_mixin.py:190} INFO - [2025-09-22T00:00:44.153+0000] {dag.py:4180} INFO - Setting next_dagrun for latest_only to 2025-09-21 20:00:00+00:00, run_after=2025-09-22 00:00:00+00:00
[2025-09-22T00:00:44.197+0000] {processor.py:208} INFO - Processing /home/airflow/.local/lib/python3.12/site-packages/airflow/example_dags/example_latest_only.py took 0.122 seconds
[2025-09-22T00:01:14.403+0000] {processor.py:186} INFO - Started process (PID=5393) to work on /home/airflow/.local/lib/python3.12/site-packages/airflow/example_dags/example_latest_only.py
[2025-09-22T00:01:14.404+0000] {processor.py:914} INFO - Processing file /home/airflow/.local/lib/python3.12/site-packages/airflow/example_dags/example_latest_only.py for tasks to queue
[2025-09-22T00:01:14.406+0000] {logging_mixin.py:190} INFO - [2025-09-22T00:01:14.406+0000] {dagbag.py:588} INFO - Filling up the DagBag from /home/airflow/.local/lib/python3.12/site-packages/airflow/example_dags/example_latest_only.py
[2025-09-22T00:01:14.412+0000] {processor.py:925} INFO - DAG(s) 'latest_only' retrieved from /home/airflow/.local/lib/python3.12/site-packages/airflow/example_dags/example_latest_only.py
[2025-09-22T00:01:14.430+0000] {logging_mixin.py:190} INFO - [2025-09-22T00:01:14.430+0000] {dag.py:3239} INFO - Sync 1 DAGs
[2025-09-22T00:01:14.452+0000] {logging_mixin.py:190} INFO - [2025-09-22T00:01:14.452+0000] {dag.py:4180} INFO - Setting next_dagrun for latest_only to 2025-09-21 20:00:00+00:00, run_after=2025-09-22 00:00:00+00:00
[2025-09-22T00:01:14.496+0000] {processor.py:208} INFO - Processing /home/airflow/.local/lib/python3.12/site-packages/airflow/example_dags/example_latest_only.py took 0.098 seconds
[2025-09-22T00:01:45.131+0000] {processor.py:186} INFO - Started process (PID=5457) to work on /home/airflow/.local/lib/python3.12/site-packages/airflow/example_dags/example_latest_only.py
[2025-09-22T00:01:45.132+0000] {processor.py:914} INFO - Processing file /home/airflow/.local/lib/python3.12/site-packages/airflow/example_dags/example_latest_only.py for tasks to queue
[2025-09-22T00:01:45.134+0000] {logging_mixin.py:190} INFO - [2025-09-22T00:01:45.134+0000] {dagbag.py:588} INFO - Filling up the DagBag from /home/airflow/.local/lib/python3.12/site-packages/airflow/example_dags/example_latest_only.py
[2025-09-22T00:01:45.143+0000] {processor.py:925} INFO - DAG(s) 'latest_only' retrieved from /home/airflow/.local/lib/python3.12/site-packages/airflow/example_dags/example_latest_only.py
[2025-09-22T00:01:45.179+0000] {logging_mixin.py:190} INFO - [2025-09-22T00:01:45.178+0000] {dag.py:3239} INFO - Sync 1 DAGs
[2025-09-22T00:01:45.209+0000] {logging_mixin.py:190} INFO - [2025-09-22T00:01:45.209+0000] {dag.py:4180} INFO - Setting next_dagrun for latest_only to 2025-09-21 20:00:00+00:00, run_after=2025-09-22 00:00:00+00:00
[2025-09-22T00:01:45.254+0000] {processor.py:208} INFO - Processing /home/airflow/.local/lib/python3.12/site-packages/airflow/example_dags/example_latest_only.py took 0.130 seconds
[2025-09-22T00:02:15.555+0000] {processor.py:186} INFO - Started process (PID=5521) to work on /home/airflow/.local/lib/python3.12/site-packages/airflow/example_dags/example_latest_only.py
[2025-09-22T00:02:15.556+0000] {processor.py:914} INFO - Processing file /home/airflow/.local/lib/python3.12/site-packages/airflow/example_dags/example_latest_only.py for tasks to queue
[2025-09-22T00:02:15.559+0000] {logging_mixin.py:190} INFO - [2025-09-22T00:02:15.558+0000] {dagbag.py:588} INFO - Filling up the DagBag from /home/airflow/.local/lib/python3.12/site-packages/airflow/example_dags/example_latest_only.py
[2025-09-22T00:02:15.566+0000] {processor.py:925} INFO - DAG(s) 'latest_only' retrieved from /home/airflow/.local/lib/python3.12/site-packages/airflow/example_dags/example_latest_only.py
[2025-09-22T00:02:15.585+0000] {logging_mixin.py:190} INFO - [2025-09-22T00:02:15.585+0000] {dag.py:3239} INFO - Sync 1 DAGs
[2025-09-22T00:02:15.607+0000] {logging_mixin.py:190} INFO - [2025-09-22T00:02:15.607+0000] {dag.py:4180} INFO - Setting next_dagrun for latest_only to 2025-09-21 20:00:00+00:00, run_after=2025-09-22 00:00:00+00:00
[2025-09-22T00:02:15.647+0000] {processor.py:208} INFO - Processing /home/airflow/.local/lib/python3.12/site-packages/airflow/example_dags/example_latest_only.py took 0.098 seconds
[2025-09-22T00:02:45.892+0000] {processor.py:186} INFO - Started process (PID=5579) to work on /home/airflow/.local/lib/python3.12/site-packages/airflow/example_dags/example_latest_only.py
[2025-09-22T00:02:45.893+0000] {processor.py:914} INFO - Processing file /home/airflow/.local/lib/python3.12/site-packages/airflow/example_dags/example_latest_only.py for tasks to queue
[2025-09-22T00:02:45.896+0000] {logging_mixin.py:190} INFO - [2025-09-22T00:02:45.895+0000] {dagbag.py:588} INFO - Filling up the DagBag from /home/airflow/.local/lib/python3.12/site-packages/airflow/example_dags/example_latest_only.py
[2025-09-22T00:02:45.904+0000] {processor.py:925} INFO - DAG(s) 'latest_only' retrieved from /home/airflow/.local/lib/python3.12/site-packages/airflow/example_dags/example_latest_only.py
[2025-09-22T00:02:45.926+0000] {logging_mixin.py:190} INFO - [2025-09-22T00:02:45.925+0000] {dag.py:3239} INFO - Sync 1 DAGs
[2025-09-22T00:02:45.964+0000] {logging_mixin.py:190} INFO - [2025-09-22T00:02:45.964+0000] {dag.py:4180} INFO - Setting next_dagrun for latest_only to 2025-09-21 20:00:00+00:00, run_after=2025-09-22 00:00:00+00:00
[2025-09-22T00:02:46.011+0000] {processor.py:208} INFO - Processing /home/airflow/.local/lib/python3.12/site-packages/airflow/example_dags/example_latest_only.py took 0.125 seconds
[2025-09-22T00:03:16.401+0000] {processor.py:186} INFO - Started process (PID=5643) to work on /home/airflow/.local/lib/python3.12/site-packages/airflow/example_dags/example_latest_only.py
[2025-09-22T00:03:16.402+0000] {processor.py:914} INFO - Processing file /home/airflow/.local/lib/python3.12/site-packages/airflow/example_dags/example_latest_only.py for tasks to queue
[2025-09-22T00:03:16.404+0000] {logging_mixin.py:190} INFO - [2025-09-22T00:03:16.404+0000] {dagbag.py:588} INFO - Filling up the DagBag from /home/airflow/.local/lib/python3.12/site-packages/airflow/example_dags/example_latest_only.py
[2025-09-22T00:03:16.410+0000] {processor.py:925} INFO - DAG(s) 'latest_only' retrieved from /home/airflow/.local/lib/python3.12/site-packages/airflow/example_dags/example_latest_only.py
[2025-09-22T00:03:16.429+0000] {logging_mixin.py:190} INFO - [2025-09-22T00:03:16.429+0000] {dag.py:3239} INFO - Sync 1 DAGs
[2025-09-22T00:03:16.450+0000] {logging_mixin.py:190} INFO - [2025-09-22T00:03:16.450+0000] {dag.py:4180} INFO - Setting next_dagrun for latest_only to 2025-09-21 20:00:00+00:00, run_after=2025-09-22 00:00:00+00:00
[2025-09-22T00:03:16.487+0000] {processor.py:208} INFO - Processing /home/airflow/.local/lib/python3.12/site-packages/airflow/example_dags/example_latest_only.py took 0.091 seconds
[2025-09-22T00:03:46.693+0000] {processor.py:186} INFO - Started process (PID=5707) to work on /home/airflow/.local/lib/python3.12/site-packages/airflow/example_dags/example_latest_only.py
[2025-09-22T00:03:46.694+0000] {processor.py:914} INFO - Processing file /home/airflow/.local/lib/python3.12/site-packages/airflow/example_dags/example_latest_only.py for tasks to queue
[2025-09-22T00:03:46.698+0000] {logging_mixin.py:190} INFO - [2025-09-22T00:03:46.698+0000] {dagbag.py:588} INFO - Filling up the DagBag from /home/airflow/.local/lib/python3.12/site-packages/airflow/example_dags/example_latest_only.py
[2025-09-22T00:03:46.707+0000] {processor.py:925} INFO - DAG(s) 'latest_only' retrieved from /home/airflow/.local/lib/python3.12/site-packages/airflow/example_dags/example_latest_only.py
[2025-09-22T00:03:46.727+0000] {logging_mixin.py:190} INFO - [2025-09-22T00:03:46.727+0000] {dag.py:3239} INFO - Sync 1 DAGs
[2025-09-22T00:03:46.755+0000] {logging_mixin.py:190} INFO - [2025-09-22T00:03:46.755+0000] {dag.py:4180} INFO - Setting next_dagrun for latest_only to 2025-09-21 20:00:00+00:00, run_after=2025-09-22 00:00:00+00:00
[2025-09-22T00:03:46.797+0000] {processor.py:208} INFO - Processing /home/airflow/.local/lib/python3.12/site-packages/airflow/example_dags/example_latest_only.py took 0.112 seconds
[2025-09-22T00:04:17.305+0000] {processor.py:186} INFO - Started process (PID=5771) to work on /home/airflow/.local/lib/python3.12/site-packages/airflow/example_dags/example_latest_only.py
[2025-09-22T00:04:17.306+0000] {processor.py:914} INFO - Processing file /home/airflow/.local/lib/python3.12/site-packages/airflow/example_dags/example_latest_only.py for tasks to queue
[2025-09-22T00:04:17.308+0000] {logging_mixin.py:190} INFO - [2025-09-22T00:04:17.308+0000] {dagbag.py:588} INFO - Filling up the DagBag from /home/airflow/.local/lib/python3.12/site-packages/airflow/example_dags/example_latest_only.py
[2025-09-22T00:04:17.315+0000] {processor.py:925} INFO - DAG(s) 'latest_only' retrieved from /home/airflow/.local/lib/python3.12/site-packages/airflow/example_dags/example_latest_only.py
[2025-09-22T00:04:17.334+0000] {logging_mixin.py:190} INFO - [2025-09-22T00:04:17.333+0000] {dag.py:3239} INFO - Sync 1 DAGs
[2025-09-22T00:04:17.358+0000] {logging_mixin.py:190} INFO - [2025-09-22T00:04:17.357+0000] {dag.py:4180} INFO - Setting next_dagrun for latest_only to 2025-09-21 20:00:00+00:00, run_after=2025-09-22 00:00:00+00:00
[2025-09-22T00:04:17.397+0000] {processor.py:208} INFO - Processing /home/airflow/.local/lib/python3.12/site-packages/airflow/example_dags/example_latest_only.py took 0.098 seconds
[2025-09-22T00:04:48.330+0000] {processor.py:186} INFO - Started process (PID=5835) to work on /home/airflow/.local/lib/python3.12/site-packages/airflow/example_dags/example_latest_only.py
[2025-09-22T00:04:48.331+0000] {processor.py:914} INFO - Processing file /home/airflow/.local/lib/python3.12/site-packages/airflow/example_dags/example_latest_only.py for tasks to queue
[2025-09-22T00:04:48.333+0000] {logging_mixin.py:190} INFO - [2025-09-22T00:04:48.332+0000] {dagbag.py:588} INFO - Filling up the DagBag from /home/airflow/.local/lib/python3.12/site-packages/airflow/example_dags/example_latest_only.py
[2025-09-22T00:04:48.339+0000] {processor.py:925} INFO - DAG(s) 'latest_only' retrieved from /home/airflow/.local/lib/python3.12/site-packages/airflow/example_dags/example_latest_only.py
[2025-09-22T00:04:48.355+0000] {logging_mixin.py:190} INFO - [2025-09-22T00:04:48.355+0000] {dag.py:3239} INFO - Sync 1 DAGs
[2025-09-22T00:04:48.376+0000] {logging_mixin.py:190} INFO - [2025-09-22T00:04:48.376+0000] {dag.py:4180} INFO - Setting next_dagrun for latest_only to 2025-09-21 20:00:00+00:00, run_after=2025-09-22 00:00:00+00:00
[2025-09-22T00:04:48.420+0000] {processor.py:208} INFO - Processing /home/airflow/.local/lib/python3.12/site-packages/airflow/example_dags/example_latest_only.py took 0.095 seconds
[2025-09-22T00:05:19.897+0000] {processor.py:186} INFO - Started process (PID=5891) to work on /home/airflow/.local/lib/python3.12/site-packages/airflow/example_dags/example_latest_only.py
[2025-09-22T00:05:19.898+0000] {processor.py:914} INFO - Processing file /home/airflow/.local/lib/python3.12/site-packages/airflow/example_dags/example_latest_only.py for tasks to queue
[2025-09-22T00:05:19.900+0000] {logging_mixin.py:190} INFO - [2025-09-22T00:05:19.899+0000] {dagbag.py:588} INFO - Filling up the DagBag from /home/airflow/.local/lib/python3.12/site-packages/airflow/example_dags/example_latest_only.py
[2025-09-22T00:05:19.906+0000] {processor.py:925} INFO - DAG(s) 'latest_only' retrieved from /home/airflow/.local/lib/python3.12/site-packages/airflow/example_dags/example_latest_only.py
[2025-09-22T00:05:19.925+0000] {logging_mixin.py:190} INFO - [2025-09-22T00:05:19.924+0000] {dag.py:3239} INFO - Sync 1 DAGs
[2025-09-22T00:05:19.947+0000] {logging_mixin.py:190} INFO - [2025-09-22T00:05:19.947+0000] {dag.py:4180} INFO - Setting next_dagrun for latest_only to 2025-09-21 20:00:00+00:00, run_after=2025-09-22 00:00:00+00:00
[2025-09-22T00:05:19.991+0000] {processor.py:208} INFO - Processing /home/airflow/.local/lib/python3.12/site-packages/airflow/example_dags/example_latest_only.py took 0.100 seconds
[2025-09-22T00:05:51.711+0000] {processor.py:186} INFO - Started process (PID=5948) to work on /home/airflow/.local/lib/python3.12/site-packages/airflow/example_dags/example_latest_only.py
[2025-09-22T00:05:51.711+0000] {processor.py:914} INFO - Processing file /home/airflow/.local/lib/python3.12/site-packages/airflow/example_dags/example_latest_only.py for tasks to queue
[2025-09-22T00:05:51.713+0000] {logging_mixin.py:190} INFO - [2025-09-22T00:05:51.713+0000] {dagbag.py:588} INFO - Filling up the DagBag from /home/airflow/.local/lib/python3.12/site-packages/airflow/example_dags/example_latest_only.py
[2025-09-22T00:05:51.719+0000] {processor.py:925} INFO - DAG(s) 'latest_only' retrieved from /home/airflow/.local/lib/python3.12/site-packages/airflow/example_dags/example_latest_only.py
[2025-09-22T00:05:51.737+0000] {logging_mixin.py:190} INFO - [2025-09-22T00:05:51.736+0000] {dag.py:3239} INFO - Sync 1 DAGs
[2025-09-22T00:05:51.760+0000] {logging_mixin.py:190} INFO - [2025-09-22T00:05:51.760+0000] {dag.py:4180} INFO - Setting next_dagrun for latest_only to 2025-09-21 20:00:00+00:00, run_after=2025-09-22 00:00:00+00:00
[2025-09-22T00:05:51.798+0000] {processor.py:208} INFO - Processing /home/airflow/.local/lib/python3.12/site-packages/airflow/example_dags/example_latest_only.py took 0.092 seconds
[2025-09-22T00:06:25.260+0000] {processor.py:186} INFO - Started process (PID=6012) to work on /home/airflow/.local/lib/python3.12/site-packages/airflow/example_dags/example_latest_only.py
[2025-09-22T00:06:25.261+0000] {processor.py:914} INFO - Processing file /home/airflow/.local/lib/python3.12/site-packages/airflow/example_dags/example_latest_only.py for tasks to queue
[2025-09-22T00:06:25.263+0000] {logging_mixin.py:190} INFO - [2025-09-22T00:06:25.263+0000] {dagbag.py:588} INFO - Filling up the DagBag from /home/airflow/.local/lib/python3.12/site-packages/airflow/example_dags/example_latest_only.py
[2025-09-22T00:06:25.269+0000] {processor.py:925} INFO - DAG(s) 'latest_only' retrieved from /home/airflow/.local/lib/python3.12/site-packages/airflow/example_dags/example_latest_only.py
[2025-09-22T00:06:25.286+0000] {logging_mixin.py:190} INFO - [2025-09-22T00:06:25.286+0000] {dag.py:3239} INFO - Sync 1 DAGs
[2025-09-22T00:06:25.305+0000] {logging_mixin.py:190} INFO - [2025-09-22T00:06:25.305+0000] {dag.py:4180} INFO - Setting next_dagrun for latest_only to 2025-09-21 20:00:00+00:00, run_after=2025-09-22 00:00:00+00:00
[2025-09-22T00:06:25.350+0000] {processor.py:208} INFO - Processing /home/airflow/.local/lib/python3.12/site-packages/airflow/example_dags/example_latest_only.py took 0.095 seconds
[2025-09-22T00:06:57.267+0000] {processor.py:186} INFO - Started process (PID=6076) to work on /home/airflow/.local/lib/python3.12/site-packages/airflow/example_dags/example_latest_only.py
[2025-09-22T00:06:57.268+0000] {processor.py:914} INFO - Processing file /home/airflow/.local/lib/python3.12/site-packages/airflow/example_dags/example_latest_only.py for tasks to queue
[2025-09-22T00:06:57.270+0000] {logging_mixin.py:190} INFO - [2025-09-22T00:06:57.269+0000] {dagbag.py:588} INFO - Filling up the DagBag from /home/airflow/.local/lib/python3.12/site-packages/airflow/example_dags/example_latest_only.py
[2025-09-22T00:06:57.276+0000] {processor.py:925} INFO - DAG(s) 'latest_only' retrieved from /home/airflow/.local/lib/python3.12/site-packages/airflow/example_dags/example_latest_only.py
[2025-09-22T00:06:57.293+0000] {logging_mixin.py:190} INFO - [2025-09-22T00:06:57.293+0000] {dag.py:3239} INFO - Sync 1 DAGs
[2025-09-22T00:06:57.312+0000] {logging_mixin.py:190} INFO - [2025-09-22T00:06:57.312+0000] {dag.py:4180} INFO - Setting next_dagrun for latest_only to 2025-09-21 20:00:00+00:00, run_after=2025-09-22 00:00:00+00:00
[2025-09-22T00:06:57.348+0000] {processor.py:208} INFO - Processing /home/airflow/.local/lib/python3.12/site-packages/airflow/example_dags/example_latest_only.py took 0.085 seconds
[2025-09-22T00:07:29.819+0000] {processor.py:186} INFO - Started process (PID=6141) to work on /home/airflow/.local/lib/python3.12/site-packages/airflow/example_dags/example_latest_only.py
[2025-09-22T00:07:29.820+0000] {processor.py:914} INFO - Processing file /home/airflow/.local/lib/python3.12/site-packages/airflow/example_dags/example_latest_only.py for tasks to queue
[2025-09-22T00:07:29.822+0000] {logging_mixin.py:190} INFO - [2025-09-22T00:07:29.822+0000] {dagbag.py:588} INFO - Filling up the DagBag from /home/airflow/.local/lib/python3.12/site-packages/airflow/example_dags/example_latest_only.py
[2025-09-22T00:07:29.828+0000] {processor.py:925} INFO - DAG(s) 'latest_only' retrieved from /home/airflow/.local/lib/python3.12/site-packages/airflow/example_dags/example_latest_only.py
[2025-09-22T00:07:29.844+0000] {logging_mixin.py:190} INFO - [2025-09-22T00:07:29.844+0000] {dag.py:3239} INFO - Sync 1 DAGs
[2025-09-22T00:07:29.865+0000] {logging_mixin.py:190} INFO - [2025-09-22T00:07:29.864+0000] {dag.py:4180} INFO - Setting next_dagrun for latest_only to 2025-09-21 20:00:00+00:00, run_after=2025-09-22 00:00:00+00:00
[2025-09-22T00:07:29.899+0000] {processor.py:208} INFO - Processing /home/airflow/.local/lib/python3.12/site-packages/airflow/example_dags/example_latest_only.py took 0.085 seconds
[2025-09-22T00:08:03.446+0000] {processor.py:186} INFO - Started process (PID=6205) to work on /home/airflow/.local/lib/python3.12/site-packages/airflow/example_dags/example_latest_only.py
[2025-09-22T00:08:03.448+0000] {processor.py:914} INFO - Processing file /home/airflow/.local/lib/python3.12/site-packages/airflow/example_dags/example_latest_only.py for tasks to queue
[2025-09-22T00:08:03.455+0000] {logging_mixin.py:190} INFO - [2025-09-22T00:08:03.455+0000] {dagbag.py:588} INFO - Filling up the DagBag from /home/airflow/.local/lib/python3.12/site-packages/airflow/example_dags/example_latest_only.py
[2025-09-22T00:08:03.464+0000] {processor.py:925} INFO - DAG(s) 'latest_only' retrieved from /home/airflow/.local/lib/python3.12/site-packages/airflow/example_dags/example_latest_only.py
[2025-09-22T00:08:03.485+0000] {logging_mixin.py:190} INFO - [2025-09-22T00:08:03.485+0000] {dag.py:3239} INFO - Sync 1 DAGs
[2025-09-22T00:08:03.510+0000] {logging_mixin.py:190} INFO - [2025-09-22T00:08:03.510+0000] {dag.py:4180} INFO - Setting next_dagrun for latest_only to 2025-09-21 20:00:00+00:00, run_after=2025-09-22 00:00:00+00:00
[2025-09-22T00:08:03.552+0000] {processor.py:208} INFO - Processing /home/airflow/.local/lib/python3.12/site-packages/airflow/example_dags/example_latest_only.py took 0.114 seconds
[2025-09-22T00:08:36.142+0000] {processor.py:186} INFO - Started process (PID=6269) to work on /home/airflow/.local/lib/python3.12/site-packages/airflow/example_dags/example_latest_only.py
[2025-09-22T00:08:36.143+0000] {processor.py:914} INFO - Processing file /home/airflow/.local/lib/python3.12/site-packages/airflow/example_dags/example_latest_only.py for tasks to queue
[2025-09-22T00:08:36.145+0000] {logging_mixin.py:190} INFO - [2025-09-22T00:08:36.145+0000] {dagbag.py:588} INFO - Filling up the DagBag from /home/airflow/.local/lib/python3.12/site-packages/airflow/example_dags/example_latest_only.py
[2025-09-22T00:08:36.151+0000] {processor.py:925} INFO - DAG(s) 'latest_only' retrieved from /home/airflow/.local/lib/python3.12/site-packages/airflow/example_dags/example_latest_only.py
[2025-09-22T00:08:36.168+0000] {logging_mixin.py:190} INFO - [2025-09-22T00:08:36.168+0000] {dag.py:3239} INFO - Sync 1 DAGs
[2025-09-22T00:08:36.189+0000] {logging_mixin.py:190} INFO - [2025-09-22T00:08:36.189+0000] {dag.py:4180} INFO - Setting next_dagrun for latest_only to 2025-09-21 20:00:00+00:00, run_after=2025-09-22 00:00:00+00:00
[2025-09-22T00:08:36.232+0000] {processor.py:208} INFO - Processing /home/airflow/.local/lib/python3.12/site-packages/airflow/example_dags/example_latest_only.py took 0.095 seconds
[2025-09-22T00:09:06.696+0000] {processor.py:186} INFO - Started process (PID=6333) to work on /home/airflow/.local/lib/python3.12/site-packages/airflow/example_dags/example_latest_only.py
[2025-09-22T00:09:06.697+0000] {processor.py:914} INFO - Processing file /home/airflow/.local/lib/python3.12/site-packages/airflow/example_dags/example_latest_only.py for tasks to queue
[2025-09-22T00:09:06.699+0000] {logging_mixin.py:190} INFO - [2025-09-22T00:09:06.698+0000] {dagbag.py:588} INFO - Filling up the DagBag from /home/airflow/.local/lib/python3.12/site-packages/airflow/example_dags/example_latest_only.py
[2025-09-22T00:09:06.704+0000] {processor.py:925} INFO - DAG(s) 'latest_only' retrieved from /home/airflow/.local/lib/python3.12/site-packages/airflow/example_dags/example_latest_only.py
[2025-09-22T00:09:06.719+0000] {logging_mixin.py:190} INFO - [2025-09-22T00:09:06.719+0000] {dag.py:3239} INFO - Sync 1 DAGs
[2025-09-22T00:09:06.738+0000] {logging_mixin.py:190} INFO - [2025-09-22T00:09:06.738+0000] {dag.py:4180} INFO - Setting next_dagrun for latest_only to 2025-09-21 20:00:00+00:00, run_after=2025-09-22 00:00:00+00:00
[2025-09-22T00:09:06.779+0000] {processor.py:208} INFO - Processing /home/airflow/.local/lib/python3.12/site-packages/airflow/example_dags/example_latest_only.py took 0.088 seconds
[2025-09-22T00:09:36.836+0000] {processor.py:186} INFO - Started process (PID=6397) to work on /home/airflow/.local/lib/python3.12/site-packages/airflow/example_dags/example_latest_only.py
[2025-09-22T00:09:36.837+0000] {processor.py:914} INFO - Processing file /home/airflow/.local/lib/python3.12/site-packages/airflow/example_dags/example_latest_only.py for tasks to queue
[2025-09-22T00:09:36.839+0000] {logging_mixin.py:190} INFO - [2025-09-22T00:09:36.839+0000] {dagbag.py:588} INFO - Filling up the DagBag from /home/airflow/.local/lib/python3.12/site-packages/airflow/example_dags/example_latest_only.py
[2025-09-22T00:09:36.844+0000] {processor.py:925} INFO - DAG(s) 'latest_only' retrieved from /home/airflow/.local/lib/python3.12/site-packages/airflow/example_dags/example_latest_only.py
[2025-09-22T00:09:36.860+0000] {logging_mixin.py:190} INFO - [2025-09-22T00:09:36.859+0000] {dag.py:3239} INFO - Sync 1 DAGs
[2025-09-22T00:09:36.877+0000] {logging_mixin.py:190} INFO - [2025-09-22T00:09:36.877+0000] {dag.py:4180} INFO - Setting next_dagrun for latest_only to 2025-09-21 20:00:00+00:00, run_after=2025-09-22 00:00:00+00:00
[2025-09-22T00:09:36.916+0000] {processor.py:208} INFO - Processing /home/airflow/.local/lib/python3.12/site-packages/airflow/example_dags/example_latest_only.py took 0.084 seconds
[2025-09-22T00:10:07.646+0000] {processor.py:186} INFO - Started process (PID=6462) to work on /home/airflow/.local/lib/python3.12/site-packages/airflow/example_dags/example_latest_only.py
[2025-09-22T00:10:07.647+0000] {processor.py:914} INFO - Processing file /home/airflow/.local/lib/python3.12/site-packages/airflow/example_dags/example_latest_only.py for tasks to queue
[2025-09-22T00:10:07.649+0000] {logging_mixin.py:190} INFO - [2025-09-22T00:10:07.648+0000] {dagbag.py:588} INFO - Filling up the DagBag from /home/airflow/.local/lib/python3.12/site-packages/airflow/example_dags/example_latest_only.py
[2025-09-22T00:10:07.654+0000] {processor.py:925} INFO - DAG(s) 'latest_only' retrieved from /home/airflow/.local/lib/python3.12/site-packages/airflow/example_dags/example_latest_only.py
[2025-09-22T00:10:07.670+0000] {logging_mixin.py:190} INFO - [2025-09-22T00:10:07.670+0000] {dag.py:3239} INFO - Sync 1 DAGs
[2025-09-22T00:10:07.690+0000] {logging_mixin.py:190} INFO - [2025-09-22T00:10:07.690+0000] {dag.py:4180} INFO - Setting next_dagrun for latest_only to 2025-09-21 20:00:00+00:00, run_after=2025-09-22 00:00:00+00:00
[2025-09-22T00:10:07.728+0000] {processor.py:208} INFO - Processing /home/airflow/.local/lib/python3.12/site-packages/airflow/example_dags/example_latest_only.py took 0.087 seconds
[2025-09-22T00:10:37.965+0000] {processor.py:186} INFO - Started process (PID=6526) to work on /home/airflow/.local/lib/python3.12/site-packages/airflow/example_dags/example_latest_only.py
[2025-09-22T00:10:37.966+0000] {processor.py:914} INFO - Processing file /home/airflow/.local/lib/python3.12/site-packages/airflow/example_dags/example_latest_only.py for tasks to queue
[2025-09-22T00:10:37.967+0000] {logging_mixin.py:190} INFO - [2025-09-22T00:10:37.967+0000] {dagbag.py:588} INFO - Filling up the DagBag from /home/airflow/.local/lib/python3.12/site-packages/airflow/example_dags/example_latest_only.py
[2025-09-22T00:10:37.973+0000] {processor.py:925} INFO - DAG(s) 'latest_only' retrieved from /home/airflow/.local/lib/python3.12/site-packages/airflow/example_dags/example_latest_only.py
[2025-09-22T00:10:37.988+0000] {logging_mixin.py:190} INFO - [2025-09-22T00:10:37.988+0000] {dag.py:3239} INFO - Sync 1 DAGs
[2025-09-22T00:10:38.005+0000] {logging_mixin.py:190} INFO - [2025-09-22T00:10:38.005+0000] {dag.py:4180} INFO - Setting next_dagrun for latest_only to 2025-09-21 20:00:00+00:00, run_after=2025-09-22 00:00:00+00:00
[2025-09-22T00:10:38.335+0000] {processor.py:208} INFO - Processing /home/airflow/.local/lib/python3.12/site-packages/airflow/example_dags/example_latest_only.py took 0.375 seconds
[2025-09-22T00:11:08.589+0000] {processor.py:186} INFO - Started process (PID=6590) to work on /home/airflow/.local/lib/python3.12/site-packages/airflow/example_dags/example_latest_only.py
[2025-09-22T00:11:08.590+0000] {processor.py:914} INFO - Processing file /home/airflow/.local/lib/python3.12/site-packages/airflow/example_dags/example_latest_only.py for tasks to queue
[2025-09-22T00:11:08.592+0000] {logging_mixin.py:190} INFO - [2025-09-22T00:11:08.592+0000] {dagbag.py:588} INFO - Filling up the DagBag from /home/airflow/.local/lib/python3.12/site-packages/airflow/example_dags/example_latest_only.py
[2025-09-22T00:11:08.598+0000] {processor.py:925} INFO - DAG(s) 'latest_only' retrieved from /home/airflow/.local/lib/python3.12/site-packages/airflow/example_dags/example_latest_only.py
[2025-09-22T00:11:08.614+0000] {logging_mixin.py:190} INFO - [2025-09-22T00:11:08.614+0000] {dag.py:3239} INFO - Sync 1 DAGs
[2025-09-22T00:11:08.633+0000] {logging_mixin.py:190} INFO - [2025-09-22T00:11:08.633+0000] {dag.py:4180} INFO - Setting next_dagrun for latest_only to 2025-09-21 20:00:00+00:00, run_after=2025-09-22 00:00:00+00:00
[2025-09-22T00:11:08.677+0000] {processor.py:208} INFO - Processing /home/airflow/.local/lib/python3.12/site-packages/airflow/example_dags/example_latest_only.py took 0.092 seconds
[2025-09-22T00:11:39.403+0000] {processor.py:186} INFO - Started process (PID=6654) to work on /home/airflow/.local/lib/python3.12/site-packages/airflow/example_dags/example_latest_only.py
[2025-09-22T00:11:39.404+0000] {processor.py:914} INFO - Processing file /home/airflow/.local/lib/python3.12/site-packages/airflow/example_dags/example_latest_only.py for tasks to queue
[2025-09-22T00:11:39.406+0000] {logging_mixin.py:190} INFO - [2025-09-22T00:11:39.406+0000] {dagbag.py:588} INFO - Filling up the DagBag from /home/airflow/.local/lib/python3.12/site-packages/airflow/example_dags/example_latest_only.py
[2025-09-22T00:11:39.412+0000] {processor.py:925} INFO - DAG(s) 'latest_only' retrieved from /home/airflow/.local/lib/python3.12/site-packages/airflow/example_dags/example_latest_only.py
[2025-09-22T00:11:39.428+0000] {logging_mixin.py:190} INFO - [2025-09-22T00:11:39.428+0000] {dag.py:3239} INFO - Sync 1 DAGs
[2025-09-22T00:11:39.446+0000] {logging_mixin.py:190} INFO - [2025-09-22T00:11:39.446+0000] {dag.py:4180} INFO - Setting next_dagrun for latest_only to 2025-09-21 20:00:00+00:00, run_after=2025-09-22 00:00:00+00:00
[2025-09-22T00:11:39.491+0000] {processor.py:208} INFO - Processing /home/airflow/.local/lib/python3.12/site-packages/airflow/example_dags/example_latest_only.py took 0.092 seconds
[2025-09-22T00:12:09.995+0000] {processor.py:186} INFO - Started process (PID=6717) to work on /home/airflow/.local/lib/python3.12/site-packages/airflow/example_dags/example_latest_only.py
[2025-09-22T00:12:09.996+0000] {processor.py:914} INFO - Processing file /home/airflow/.local/lib/python3.12/site-packages/airflow/example_dags/example_latest_only.py for tasks to queue
[2025-09-22T00:12:09.998+0000] {logging_mixin.py:190} INFO - [2025-09-22T00:12:09.997+0000] {dagbag.py:588} INFO - Filling up the DagBag from /home/airflow/.local/lib/python3.12/site-packages/airflow/example_dags/example_latest_only.py
[2025-09-22T00:12:10.004+0000] {processor.py:925} INFO - DAG(s) 'latest_only' retrieved from /home/airflow/.local/lib/python3.12/site-packages/airflow/example_dags/example_latest_only.py
[2025-09-22T00:12:10.021+0000] {logging_mixin.py:190} INFO - [2025-09-22T00:12:10.020+0000] {dag.py:3239} INFO - Sync 1 DAGs
[2025-09-22T00:12:10.040+0000] {logging_mixin.py:190} INFO - [2025-09-22T00:12:10.040+0000] {dag.py:4180} INFO - Setting next_dagrun for latest_only to 2025-09-21 20:00:00+00:00, run_after=2025-09-22 00:00:00+00:00
[2025-09-22T00:12:10.074+0000] {processor.py:208} INFO - Processing /home/airflow/.local/lib/python3.12/site-packages/airflow/example_dags/example_latest_only.py took 0.084 seconds
[2025-09-22T00:12:40.920+0000] {processor.py:186} INFO - Started process (PID=6781) to work on /home/airflow/.local/lib/python3.12/site-packages/airflow/example_dags/example_latest_only.py
[2025-09-22T00:12:40.921+0000] {processor.py:914} INFO - Processing file /home/airflow/.local/lib/python3.12/site-packages/airflow/example_dags/example_latest_only.py for tasks to queue
[2025-09-22T00:12:40.924+0000] {logging_mixin.py:190} INFO - [2025-09-22T00:12:40.924+0000] {dagbag.py:588} INFO - Filling up the DagBag from /home/airflow/.local/lib/python3.12/site-packages/airflow/example_dags/example_latest_only.py
[2025-09-22T00:12:40.931+0000] {processor.py:925} INFO - DAG(s) 'latest_only' retrieved from /home/airflow/.local/lib/python3.12/site-packages/airflow/example_dags/example_latest_only.py
[2025-09-22T00:12:40.951+0000] {logging_mixin.py:190} INFO - [2025-09-22T00:12:40.950+0000] {dag.py:3239} INFO - Sync 1 DAGs
[2025-09-22T00:12:40.975+0000] {logging_mixin.py:190} INFO - [2025-09-22T00:12:40.975+0000] {dag.py:4180} INFO - Setting next_dagrun for latest_only to 2025-09-21 20:00:00+00:00, run_after=2025-09-22 00:00:00+00:00
[2025-09-22T00:12:41.017+0000] {processor.py:208} INFO - Processing /home/airflow/.local/lib/python3.12/site-packages/airflow/example_dags/example_latest_only.py took 0.103 seconds
[2025-09-22T00:13:11.985+0000] {processor.py:186} INFO - Started process (PID=6845) to work on /home/airflow/.local/lib/python3.12/site-packages/airflow/example_dags/example_latest_only.py
[2025-09-22T00:13:11.986+0000] {processor.py:914} INFO - Processing file /home/airflow/.local/lib/python3.12/site-packages/airflow/example_dags/example_latest_only.py for tasks to queue
[2025-09-22T00:13:11.988+0000] {logging_mixin.py:190} INFO - [2025-09-22T00:13:11.988+0000] {dagbag.py:588} INFO - Filling up the DagBag from /home/airflow/.local/lib/python3.12/site-packages/airflow/example_dags/example_latest_only.py
[2025-09-22T00:13:11.994+0000] {processor.py:925} INFO - DAG(s) 'latest_only' retrieved from /home/airflow/.local/lib/python3.12/site-packages/airflow/example_dags/example_latest_only.py
[2025-09-22T00:13:12.011+0000] {logging_mixin.py:190} INFO - [2025-09-22T00:13:12.011+0000] {dag.py:3239} INFO - Sync 1 DAGs
[2025-09-22T00:13:12.035+0000] {logging_mixin.py:190} INFO - [2025-09-22T00:13:12.035+0000] {dag.py:4180} INFO - Setting next_dagrun for latest_only to 2025-09-21 20:00:00+00:00, run_after=2025-09-22 00:00:00+00:00
[2025-09-22T00:13:12.075+0000] {processor.py:208} INFO - Processing /home/airflow/.local/lib/python3.12/site-packages/airflow/example_dags/example_latest_only.py took 0.094 seconds
[2025-09-22T00:13:43.235+0000] {processor.py:186} INFO - Started process (PID=6909) to work on /home/airflow/.local/lib/python3.12/site-packages/airflow/example_dags/example_latest_only.py
[2025-09-22T00:13:43.236+0000] {processor.py:914} INFO - Processing file /home/airflow/.local/lib/python3.12/site-packages/airflow/example_dags/example_latest_only.py for tasks to queue
[2025-09-22T00:13:43.238+0000] {logging_mixin.py:190} INFO - [2025-09-22T00:13:43.238+0000] {dagbag.py:588} INFO - Filling up the DagBag from /home/airflow/.local/lib/python3.12/site-packages/airflow/example_dags/example_latest_only.py
[2025-09-22T00:13:43.245+0000] {processor.py:925} INFO - DAG(s) 'latest_only' retrieved from /home/airflow/.local/lib/python3.12/site-packages/airflow/example_dags/example_latest_only.py
[2025-09-22T00:13:43.261+0000] {logging_mixin.py:190} INFO - [2025-09-22T00:13:43.261+0000] {dag.py:3239} INFO - Sync 1 DAGs
[2025-09-22T00:13:43.282+0000] {logging_mixin.py:190} INFO - [2025-09-22T00:13:43.281+0000] {dag.py:4180} INFO - Setting next_dagrun for latest_only to 2025-09-21 20:00:00+00:00, run_after=2025-09-22 00:00:00+00:00
[2025-09-22T00:13:43.330+0000] {processor.py:208} INFO - Processing /home/airflow/.local/lib/python3.12/site-packages/airflow/example_dags/example_latest_only.py took 0.100 seconds
[2025-09-22T00:14:13.695+0000] {processor.py:186} INFO - Started process (PID=6973) to work on /home/airflow/.local/lib/python3.12/site-packages/airflow/example_dags/example_latest_only.py
[2025-09-22T00:14:13.696+0000] {processor.py:914} INFO - Processing file /home/airflow/.local/lib/python3.12/site-packages/airflow/example_dags/example_latest_only.py for tasks to queue
[2025-09-22T00:14:13.698+0000] {logging_mixin.py:190} INFO - [2025-09-22T00:14:13.698+0000] {dagbag.py:588} INFO - Filling up the DagBag from /home/airflow/.local/lib/python3.12/site-packages/airflow/example_dags/example_latest_only.py
[2025-09-22T00:14:13.705+0000] {processor.py:925} INFO - DAG(s) 'latest_only' retrieved from /home/airflow/.local/lib/python3.12/site-packages/airflow/example_dags/example_latest_only.py
[2025-09-22T00:14:13.722+0000] {logging_mixin.py:190} INFO - [2025-09-22T00:14:13.722+0000] {dag.py:3239} INFO - Sync 1 DAGs
[2025-09-22T00:14:13.742+0000] {logging_mixin.py:190} INFO - [2025-09-22T00:14:13.742+0000] {dag.py:4180} INFO - Setting next_dagrun for latest_only to 2025-09-21 20:00:00+00:00, run_after=2025-09-22 00:00:00+00:00
[2025-09-22T00:14:13.787+0000] {processor.py:208} INFO - Processing /home/airflow/.local/lib/python3.12/site-packages/airflow/example_dags/example_latest_only.py took 0.097 seconds
[2025-09-22T00:14:44.514+0000] {processor.py:186} INFO - Started process (PID=7037) to work on /home/airflow/.local/lib/python3.12/site-packages/airflow/example_dags/example_latest_only.py
[2025-09-22T00:14:44.515+0000] {processor.py:914} INFO - Processing file /home/airflow/.local/lib/python3.12/site-packages/airflow/example_dags/example_latest_only.py for tasks to queue
[2025-09-22T00:14:44.517+0000] {logging_mixin.py:190} INFO - [2025-09-22T00:14:44.516+0000] {dagbag.py:588} INFO - Filling up the DagBag from /home/airflow/.local/lib/python3.12/site-packages/airflow/example_dags/example_latest_only.py
[2025-09-22T00:14:44.523+0000] {processor.py:925} INFO - DAG(s) 'latest_only' retrieved from /home/airflow/.local/lib/python3.12/site-packages/airflow/example_dags/example_latest_only.py
[2025-09-22T00:14:44.539+0000] {logging_mixin.py:190} INFO - [2025-09-22T00:14:44.539+0000] {dag.py:3239} INFO - Sync 1 DAGs
[2025-09-22T00:14:44.559+0000] {logging_mixin.py:190} INFO - [2025-09-22T00:14:44.559+0000] {dag.py:4180} INFO - Setting next_dagrun for latest_only to 2025-09-21 20:00:00+00:00, run_after=2025-09-22 00:00:00+00:00
[2025-09-22T00:14:44.596+0000] {processor.py:208} INFO - Processing /home/airflow/.local/lib/python3.12/site-packages/airflow/example_dags/example_latest_only.py took 0.087 seconds
[2025-09-22T00:15:14.867+0000] {processor.py:186} INFO - Started process (PID=7101) to work on /home/airflow/.local/lib/python3.12/site-packages/airflow/example_dags/example_latest_only.py
[2025-09-22T00:15:14.868+0000] {processor.py:914} INFO - Processing file /home/airflow/.local/lib/python3.12/site-packages/airflow/example_dags/example_latest_only.py for tasks to queue
[2025-09-22T00:15:14.870+0000] {logging_mixin.py:190} INFO - [2025-09-22T00:15:14.870+0000] {dagbag.py:588} INFO - Filling up the DagBag from /home/airflow/.local/lib/python3.12/site-packages/airflow/example_dags/example_latest_only.py
[2025-09-22T00:15:14.876+0000] {processor.py:925} INFO - DAG(s) 'latest_only' retrieved from /home/airflow/.local/lib/python3.12/site-packages/airflow/example_dags/example_latest_only.py
[2025-09-22T00:15:14.892+0000] {logging_mixin.py:190} INFO - [2025-09-22T00:15:14.892+0000] {dag.py:3239} INFO - Sync 1 DAGs
[2025-09-22T00:15:14.922+0000] {logging_mixin.py:190} INFO - [2025-09-22T00:15:14.921+0000] {dag.py:4180} INFO - Setting next_dagrun for latest_only to 2025-09-21 20:00:00+00:00, run_after=2025-09-22 00:00:00+00:00
[2025-09-22T00:15:14.968+0000] {processor.py:208} INFO - Processing /home/airflow/.local/lib/python3.12/site-packages/airflow/example_dags/example_latest_only.py took 0.106 seconds
[2025-09-22T00:15:45.665+0000] {processor.py:186} INFO - Started process (PID=7165) to work on /home/airflow/.local/lib/python3.12/site-packages/airflow/example_dags/example_latest_only.py
[2025-09-22T00:15:45.666+0000] {processor.py:914} INFO - Processing file /home/airflow/.local/lib/python3.12/site-packages/airflow/example_dags/example_latest_only.py for tasks to queue
[2025-09-22T00:15:45.668+0000] {logging_mixin.py:190} INFO - [2025-09-22T00:15:45.668+0000] {dagbag.py:588} INFO - Filling up the DagBag from /home/airflow/.local/lib/python3.12/site-packages/airflow/example_dags/example_latest_only.py
[2025-09-22T00:15:45.675+0000] {processor.py:925} INFO - DAG(s) 'latest_only' retrieved from /home/airflow/.local/lib/python3.12/site-packages/airflow/example_dags/example_latest_only.py
[2025-09-22T00:15:45.693+0000] {logging_mixin.py:190} INFO - [2025-09-22T00:15:45.693+0000] {dag.py:3239} INFO - Sync 1 DAGs
[2025-09-22T00:15:45.718+0000] {logging_mixin.py:190} INFO - [2025-09-22T00:15:45.718+0000] {dag.py:4180} INFO - Setting next_dagrun for latest_only to 2025-09-21 20:00:00+00:00, run_after=2025-09-22 00:00:00+00:00
[2025-09-22T00:15:45.759+0000] {processor.py:208} INFO - Processing /home/airflow/.local/lib/python3.12/site-packages/airflow/example_dags/example_latest_only.py took 0.101 seconds
[2025-09-22T00:16:16.160+0000] {processor.py:186} INFO - Started process (PID=7229) to work on /home/airflow/.local/lib/python3.12/site-packages/airflow/example_dags/example_latest_only.py
[2025-09-22T00:16:16.161+0000] {processor.py:914} INFO - Processing file /home/airflow/.local/lib/python3.12/site-packages/airflow/example_dags/example_latest_only.py for tasks to queue
[2025-09-22T00:16:16.163+0000] {logging_mixin.py:190} INFO - [2025-09-22T00:16:16.163+0000] {dagbag.py:588} INFO - Filling up the DagBag from /home/airflow/.local/lib/python3.12/site-packages/airflow/example_dags/example_latest_only.py
[2025-09-22T00:16:16.170+0000] {processor.py:925} INFO - DAG(s) 'latest_only' retrieved from /home/airflow/.local/lib/python3.12/site-packages/airflow/example_dags/example_latest_only.py
[2025-09-22T00:16:16.189+0000] {logging_mixin.py:190} INFO - [2025-09-22T00:16:16.188+0000] {dag.py:3239} INFO - Sync 1 DAGs
[2025-09-22T00:16:16.214+0000] {logging_mixin.py:190} INFO - [2025-09-22T00:16:16.214+0000] {dag.py:4180} INFO - Setting next_dagrun for latest_only to 2025-09-21 20:00:00+00:00, run_after=2025-09-22 00:00:00+00:00
[2025-09-22T00:16:16.262+0000] {processor.py:208} INFO - Processing /home/airflow/.local/lib/python3.12/site-packages/airflow/example_dags/example_latest_only.py took 0.108 seconds
[2025-09-22T00:16:47.776+0000] {processor.py:186} INFO - Started process (PID=7293) to work on /home/airflow/.local/lib/python3.12/site-packages/airflow/example_dags/example_latest_only.py
[2025-09-22T00:16:47.777+0000] {processor.py:914} INFO - Processing file /home/airflow/.local/lib/python3.12/site-packages/airflow/example_dags/example_latest_only.py for tasks to queue
[2025-09-22T00:16:47.779+0000] {logging_mixin.py:190} INFO - [2025-09-22T00:16:47.779+0000] {dagbag.py:588} INFO - Filling up the DagBag from /home/airflow/.local/lib/python3.12/site-packages/airflow/example_dags/example_latest_only.py
[2025-09-22T00:16:47.787+0000] {processor.py:925} INFO - DAG(s) 'latest_only' retrieved from /home/airflow/.local/lib/python3.12/site-packages/airflow/example_dags/example_latest_only.py
[2025-09-22T00:16:47.812+0000] {logging_mixin.py:190} INFO - [2025-09-22T00:16:47.812+0000] {dag.py:3239} INFO - Sync 1 DAGs
[2025-09-22T00:16:47.840+0000] {logging_mixin.py:190} INFO - [2025-09-22T00:16:47.840+0000] {dag.py:4180} INFO - Setting next_dagrun for latest_only to 2025-09-21 20:00:00+00:00, run_after=2025-09-22 00:00:00+00:00
[2025-09-22T00:16:47.886+0000] {processor.py:208} INFO - Processing /home/airflow/.local/lib/python3.12/site-packages/airflow/example_dags/example_latest_only.py took 0.117 seconds
[2025-09-22T00:17:18.175+0000] {processor.py:186} INFO - Started process (PID=7357) to work on /home/airflow/.local/lib/python3.12/site-packages/airflow/example_dags/example_latest_only.py
[2025-09-22T00:17:18.176+0000] {processor.py:914} INFO - Processing file /home/airflow/.local/lib/python3.12/site-packages/airflow/example_dags/example_latest_only.py for tasks to queue
[2025-09-22T00:17:18.178+0000] {logging_mixin.py:190} INFO - [2025-09-22T00:17:18.178+0000] {dagbag.py:588} INFO - Filling up the DagBag from /home/airflow/.local/lib/python3.12/site-packages/airflow/example_dags/example_latest_only.py
[2025-09-22T00:17:18.186+0000] {processor.py:925} INFO - DAG(s) 'latest_only' retrieved from /home/airflow/.local/lib/python3.12/site-packages/airflow/example_dags/example_latest_only.py
[2025-09-22T00:17:18.204+0000] {logging_mixin.py:190} INFO - [2025-09-22T00:17:18.204+0000] {dag.py:3239} INFO - Sync 1 DAGs
[2025-09-22T00:17:18.227+0000] {logging_mixin.py:190} INFO - [2025-09-22T00:17:18.227+0000] {dag.py:4180} INFO - Setting next_dagrun for latest_only to 2025-09-21 20:00:00+00:00, run_after=2025-09-22 00:00:00+00:00
[2025-09-22T00:17:18.274+0000] {processor.py:208} INFO - Processing /home/airflow/.local/lib/python3.12/site-packages/airflow/example_dags/example_latest_only.py took 0.106 seconds
[2025-09-22T00:17:49.229+0000] {processor.py:186} INFO - Started process (PID=7421) to work on /home/airflow/.local/lib/python3.12/site-packages/airflow/example_dags/example_latest_only.py
[2025-09-22T00:17:49.230+0000] {processor.py:914} INFO - Processing file /home/airflow/.local/lib/python3.12/site-packages/airflow/example_dags/example_latest_only.py for tasks to queue
[2025-09-22T00:17:49.232+0000] {logging_mixin.py:190} INFO - [2025-09-22T00:17:49.232+0000] {dagbag.py:588} INFO - Filling up the DagBag from /home/airflow/.local/lib/python3.12/site-packages/airflow/example_dags/example_latest_only.py
[2025-09-22T00:17:49.238+0000] {processor.py:925} INFO - DAG(s) 'latest_only' retrieved from /home/airflow/.local/lib/python3.12/site-packages/airflow/example_dags/example_latest_only.py
[2025-09-22T00:17:49.254+0000] {logging_mixin.py:190} INFO - [2025-09-22T00:17:49.254+0000] {dag.py:3239} INFO - Sync 1 DAGs
[2025-09-22T00:17:49.274+0000] {logging_mixin.py:190} INFO - [2025-09-22T00:17:49.274+0000] {dag.py:4180} INFO - Setting next_dagrun for latest_only to 2025-09-21 20:00:00+00:00, run_after=2025-09-22 00:00:00+00:00
[2025-09-22T00:17:49.320+0000] {processor.py:208} INFO - Processing /home/airflow/.local/lib/python3.12/site-packages/airflow/example_dags/example_latest_only.py took 0.096 seconds
[2025-09-22T00:18:19.476+0000] {processor.py:186} INFO - Started process (PID=7485) to work on /home/airflow/.local/lib/python3.12/site-packages/airflow/example_dags/example_latest_only.py
[2025-09-22T00:18:19.477+0000] {processor.py:914} INFO - Processing file /home/airflow/.local/lib/python3.12/site-packages/airflow/example_dags/example_latest_only.py for tasks to queue
[2025-09-22T00:18:19.479+0000] {logging_mixin.py:190} INFO - [2025-09-22T00:18:19.479+0000] {dagbag.py:588} INFO - Filling up the DagBag from /home/airflow/.local/lib/python3.12/site-packages/airflow/example_dags/example_latest_only.py
[2025-09-22T00:18:19.485+0000] {processor.py:925} INFO - DAG(s) 'latest_only' retrieved from /home/airflow/.local/lib/python3.12/site-packages/airflow/example_dags/example_latest_only.py
[2025-09-22T00:18:19.501+0000] {logging_mixin.py:190} INFO - [2025-09-22T00:18:19.501+0000] {dag.py:3239} INFO - Sync 1 DAGs
[2025-09-22T00:18:19.522+0000] {logging_mixin.py:190} INFO - [2025-09-22T00:18:19.521+0000] {dag.py:4180} INFO - Setting next_dagrun for latest_only to 2025-09-21 20:00:00+00:00, run_after=2025-09-22 00:00:00+00:00
[2025-09-22T00:18:19.581+0000] {processor.py:208} INFO - Processing /home/airflow/.local/lib/python3.12/site-packages/airflow/example_dags/example_latest_only.py took 0.110 seconds
[2025-09-22T00:18:49.876+0000] {processor.py:186} INFO - Started process (PID=7549) to work on /home/airflow/.local/lib/python3.12/site-packages/airflow/example_dags/example_latest_only.py
[2025-09-22T00:18:49.877+0000] {processor.py:914} INFO - Processing file /home/airflow/.local/lib/python3.12/site-packages/airflow/example_dags/example_latest_only.py for tasks to queue
[2025-09-22T00:18:49.879+0000] {logging_mixin.py:190} INFO - [2025-09-22T00:18:49.879+0000] {dagbag.py:588} INFO - Filling up the DagBag from /home/airflow/.local/lib/python3.12/site-packages/airflow/example_dags/example_latest_only.py
[2025-09-22T00:18:49.885+0000] {processor.py:925} INFO - DAG(s) 'latest_only' retrieved from /home/airflow/.local/lib/python3.12/site-packages/airflow/example_dags/example_latest_only.py
[2025-09-22T00:18:49.901+0000] {logging_mixin.py:190} INFO - [2025-09-22T00:18:49.901+0000] {dag.py:3239} INFO - Sync 1 DAGs
[2025-09-22T00:18:49.921+0000] {logging_mixin.py:190} INFO - [2025-09-22T00:18:49.921+0000] {dag.py:4180} INFO - Setting next_dagrun for latest_only to 2025-09-21 20:00:00+00:00, run_after=2025-09-22 00:00:00+00:00
[2025-09-22T00:18:49.963+0000] {processor.py:208} INFO - Processing /home/airflow/.local/lib/python3.12/site-packages/airflow/example_dags/example_latest_only.py took 0.092 seconds
[2025-09-22T00:19:20.916+0000] {processor.py:186} INFO - Started process (PID=7613) to work on /home/airflow/.local/lib/python3.12/site-packages/airflow/example_dags/example_latest_only.py
[2025-09-22T00:19:20.917+0000] {processor.py:914} INFO - Processing file /home/airflow/.local/lib/python3.12/site-packages/airflow/example_dags/example_latest_only.py for tasks to queue
[2025-09-22T00:19:20.920+0000] {logging_mixin.py:190} INFO - [2025-09-22T00:19:20.919+0000] {dagbag.py:588} INFO - Filling up the DagBag from /home/airflow/.local/lib/python3.12/site-packages/airflow/example_dags/example_latest_only.py
[2025-09-22T00:19:20.927+0000] {processor.py:925} INFO - DAG(s) 'latest_only' retrieved from /home/airflow/.local/lib/python3.12/site-packages/airflow/example_dags/example_latest_only.py
[2025-09-22T00:19:20.946+0000] {logging_mixin.py:190} INFO - [2025-09-22T00:19:20.946+0000] {dag.py:3239} INFO - Sync 1 DAGs
[2025-09-22T00:19:20.970+0000] {logging_mixin.py:190} INFO - [2025-09-22T00:19:20.969+0000] {dag.py:4180} INFO - Setting next_dagrun for latest_only to 2025-09-21 20:00:00+00:00, run_after=2025-09-22 00:00:00+00:00
[2025-09-22T00:19:21.019+0000] {processor.py:208} INFO - Processing /home/airflow/.local/lib/python3.12/site-packages/airflow/example_dags/example_latest_only.py took 0.109 seconds
[2025-09-22T00:19:51.727+0000] {processor.py:186} INFO - Started process (PID=7677) to work on /home/airflow/.local/lib/python3.12/site-packages/airflow/example_dags/example_latest_only.py
[2025-09-22T00:19:51.728+0000] {processor.py:914} INFO - Processing file /home/airflow/.local/lib/python3.12/site-packages/airflow/example_dags/example_latest_only.py for tasks to queue
[2025-09-22T00:19:51.730+0000] {logging_mixin.py:190} INFO - [2025-09-22T00:19:51.730+0000] {dagbag.py:588} INFO - Filling up the DagBag from /home/airflow/.local/lib/python3.12/site-packages/airflow/example_dags/example_latest_only.py
[2025-09-22T00:19:51.736+0000] {processor.py:925} INFO - DAG(s) 'latest_only' retrieved from /home/airflow/.local/lib/python3.12/site-packages/airflow/example_dags/example_latest_only.py
[2025-09-22T00:19:51.760+0000] {logging_mixin.py:190} INFO - [2025-09-22T00:19:51.759+0000] {dag.py:3239} INFO - Sync 1 DAGs
[2025-09-22T00:19:51.783+0000] {logging_mixin.py:190} INFO - [2025-09-22T00:19:51.783+0000] {dag.py:4180} INFO - Setting next_dagrun for latest_only to 2025-09-21 20:00:00+00:00, run_after=2025-09-22 00:00:00+00:00
[2025-09-22T00:19:51.829+0000] {processor.py:208} INFO - Processing /home/airflow/.local/lib/python3.12/site-packages/airflow/example_dags/example_latest_only.py took 0.106 seconds
[2025-09-22T00:20:22.111+0000] {processor.py:186} INFO - Started process (PID=7741) to work on /home/airflow/.local/lib/python3.12/site-packages/airflow/example_dags/example_latest_only.py
[2025-09-22T00:20:22.112+0000] {processor.py:914} INFO - Processing file /home/airflow/.local/lib/python3.12/site-packages/airflow/example_dags/example_latest_only.py for tasks to queue
[2025-09-22T00:20:22.114+0000] {logging_mixin.py:190} INFO - [2025-09-22T00:20:22.114+0000] {dagbag.py:588} INFO - Filling up the DagBag from /home/airflow/.local/lib/python3.12/site-packages/airflow/example_dags/example_latest_only.py
[2025-09-22T00:20:22.120+0000] {processor.py:925} INFO - DAG(s) 'latest_only' retrieved from /home/airflow/.local/lib/python3.12/site-packages/airflow/example_dags/example_latest_only.py
[2025-09-22T00:20:22.137+0000] {logging_mixin.py:190} INFO - [2025-09-22T00:20:22.137+0000] {dag.py:3239} INFO - Sync 1 DAGs
[2025-09-22T00:20:22.158+0000] {logging_mixin.py:190} INFO - [2025-09-22T00:20:22.158+0000] {dag.py:4180} INFO - Setting next_dagrun for latest_only to 2025-09-21 20:00:00+00:00, run_after=2025-09-22 00:00:00+00:00
[2025-09-22T00:20:22.201+0000] {processor.py:208} INFO - Processing /home/airflow/.local/lib/python3.12/site-packages/airflow/example_dags/example_latest_only.py took 0.095 seconds
[2025-09-22T00:20:52.616+0000] {processor.py:186} INFO - Started process (PID=7805) to work on /home/airflow/.local/lib/python3.12/site-packages/airflow/example_dags/example_latest_only.py
[2025-09-22T00:20:52.617+0000] {processor.py:914} INFO - Processing file /home/airflow/.local/lib/python3.12/site-packages/airflow/example_dags/example_latest_only.py for tasks to queue
[2025-09-22T00:20:52.619+0000] {logging_mixin.py:190} INFO - [2025-09-22T00:20:52.619+0000] {dagbag.py:588} INFO - Filling up the DagBag from /home/airflow/.local/lib/python3.12/site-packages/airflow/example_dags/example_latest_only.py
[2025-09-22T00:20:52.625+0000] {processor.py:925} INFO - DAG(s) 'latest_only' retrieved from /home/airflow/.local/lib/python3.12/site-packages/airflow/example_dags/example_latest_only.py
[2025-09-22T00:20:52.642+0000] {logging_mixin.py:190} INFO - [2025-09-22T00:20:52.642+0000] {dag.py:3239} INFO - Sync 1 DAGs
[2025-09-22T00:20:52.663+0000] {logging_mixin.py:190} INFO - [2025-09-22T00:20:52.663+0000] {dag.py:4180} INFO - Setting next_dagrun for latest_only to 2025-09-21 20:00:00+00:00, run_after=2025-09-22 00:00:00+00:00
[2025-09-22T00:20:52.700+0000] {processor.py:208} INFO - Processing /home/airflow/.local/lib/python3.12/site-packages/airflow/example_dags/example_latest_only.py took 0.090 seconds
[2025-09-22T00:21:22.934+0000] {processor.py:186} INFO - Started process (PID=7869) to work on /home/airflow/.local/lib/python3.12/site-packages/airflow/example_dags/example_latest_only.py
[2025-09-22T00:21:22.935+0000] {processor.py:914} INFO - Processing file /home/airflow/.local/lib/python3.12/site-packages/airflow/example_dags/example_latest_only.py for tasks to queue
[2025-09-22T00:21:22.937+0000] {logging_mixin.py:190} INFO - [2025-09-22T00:21:22.937+0000] {dagbag.py:588} INFO - Filling up the DagBag from /home/airflow/.local/lib/python3.12/site-packages/airflow/example_dags/example_latest_only.py
[2025-09-22T00:21:22.943+0000] {processor.py:925} INFO - DAG(s) 'latest_only' retrieved from /home/airflow/.local/lib/python3.12/site-packages/airflow/example_dags/example_latest_only.py
[2025-09-22T00:21:22.960+0000] {logging_mixin.py:190} INFO - [2025-09-22T00:21:22.960+0000] {dag.py:3239} INFO - Sync 1 DAGs
[2025-09-22T00:21:22.980+0000] {logging_mixin.py:190} INFO - [2025-09-22T00:21:22.980+0000] {dag.py:4180} INFO - Setting next_dagrun for latest_only to 2025-09-21 20:00:00+00:00, run_after=2025-09-22 00:00:00+00:00
[2025-09-22T00:21:23.024+0000] {processor.py:208} INFO - Processing /home/airflow/.local/lib/python3.12/site-packages/airflow/example_dags/example_latest_only.py took 0.095 seconds
[2025-09-22T00:21:53.840+0000] {processor.py:186} INFO - Started process (PID=7933) to work on /home/airflow/.local/lib/python3.12/site-packages/airflow/example_dags/example_latest_only.py
[2025-09-22T00:21:53.841+0000] {processor.py:914} INFO - Processing file /home/airflow/.local/lib/python3.12/site-packages/airflow/example_dags/example_latest_only.py for tasks to queue
[2025-09-22T00:21:53.843+0000] {logging_mixin.py:190} INFO - [2025-09-22T00:21:53.843+0000] {dagbag.py:588} INFO - Filling up the DagBag from /home/airflow/.local/lib/python3.12/site-packages/airflow/example_dags/example_latest_only.py
[2025-09-22T00:21:53.849+0000] {processor.py:925} INFO - DAG(s) 'latest_only' retrieved from /home/airflow/.local/lib/python3.12/site-packages/airflow/example_dags/example_latest_only.py
[2025-09-22T00:21:53.865+0000] {logging_mixin.py:190} INFO - [2025-09-22T00:21:53.865+0000] {dag.py:3239} INFO - Sync 1 DAGs
[2025-09-22T00:21:53.886+0000] {logging_mixin.py:190} INFO - [2025-09-22T00:21:53.886+0000] {dag.py:4180} INFO - Setting next_dagrun for latest_only to 2025-09-21 20:00:00+00:00, run_after=2025-09-22 00:00:00+00:00
[2025-09-22T00:21:53.921+0000] {processor.py:208} INFO - Processing /home/airflow/.local/lib/python3.12/site-packages/airflow/example_dags/example_latest_only.py took 0.086 seconds
[2025-09-22T00:22:24.144+0000] {processor.py:186} INFO - Started process (PID=7997) to work on /home/airflow/.local/lib/python3.12/site-packages/airflow/example_dags/example_latest_only.py
[2025-09-22T00:22:24.145+0000] {processor.py:914} INFO - Processing file /home/airflow/.local/lib/python3.12/site-packages/airflow/example_dags/example_latest_only.py for tasks to queue
[2025-09-22T00:22:24.147+0000] {logging_mixin.py:190} INFO - [2025-09-22T00:22:24.147+0000] {dagbag.py:588} INFO - Filling up the DagBag from /home/airflow/.local/lib/python3.12/site-packages/airflow/example_dags/example_latest_only.py
[2025-09-22T00:22:24.153+0000] {processor.py:925} INFO - DAG(s) 'latest_only' retrieved from /home/airflow/.local/lib/python3.12/site-packages/airflow/example_dags/example_latest_only.py
[2025-09-22T00:22:24.170+0000] {logging_mixin.py:190} INFO - [2025-09-22T00:22:24.170+0000] {dag.py:3239} INFO - Sync 1 DAGs
[2025-09-22T00:22:24.189+0000] {logging_mixin.py:190} INFO - [2025-09-22T00:22:24.189+0000] {dag.py:4180} INFO - Setting next_dagrun for latest_only to 2025-09-21 20:00:00+00:00, run_after=2025-09-22 00:00:00+00:00
[2025-09-22T00:22:24.235+0000] {processor.py:208} INFO - Processing /home/airflow/.local/lib/python3.12/site-packages/airflow/example_dags/example_latest_only.py took 0.095 seconds
[2025-09-22T00:22:54.882+0000] {processor.py:186} INFO - Started process (PID=8061) to work on /home/airflow/.local/lib/python3.12/site-packages/airflow/example_dags/example_latest_only.py
[2025-09-22T00:22:54.883+0000] {processor.py:914} INFO - Processing file /home/airflow/.local/lib/python3.12/site-packages/airflow/example_dags/example_latest_only.py for tasks to queue
[2025-09-22T00:22:54.885+0000] {logging_mixin.py:190} INFO - [2025-09-22T00:22:54.885+0000] {dagbag.py:588} INFO - Filling up the DagBag from /home/airflow/.local/lib/python3.12/site-packages/airflow/example_dags/example_latest_only.py
[2025-09-22T00:22:54.891+0000] {processor.py:925} INFO - DAG(s) 'latest_only' retrieved from /home/airflow/.local/lib/python3.12/site-packages/airflow/example_dags/example_latest_only.py
[2025-09-22T00:22:54.907+0000] {logging_mixin.py:190} INFO - [2025-09-22T00:22:54.907+0000] {dag.py:3239} INFO - Sync 1 DAGs
[2025-09-22T00:22:54.927+0000] {logging_mixin.py:190} INFO - [2025-09-22T00:22:54.927+0000] {dag.py:4180} INFO - Setting next_dagrun for latest_only to 2025-09-21 20:00:00+00:00, run_after=2025-09-22 00:00:00+00:00
[2025-09-22T00:22:54.973+0000] {processor.py:208} INFO - Processing /home/airflow/.local/lib/python3.12/site-packages/airflow/example_dags/example_latest_only.py took 0.096 seconds
[2025-09-22T00:23:25.614+0000] {processor.py:186} INFO - Started process (PID=8125) to work on /home/airflow/.local/lib/python3.12/site-packages/airflow/example_dags/example_latest_only.py
[2025-09-22T00:23:25.615+0000] {processor.py:914} INFO - Processing file /home/airflow/.local/lib/python3.12/site-packages/airflow/example_dags/example_latest_only.py for tasks to queue
[2025-09-22T00:23:25.617+0000] {logging_mixin.py:190} INFO - [2025-09-22T00:23:25.617+0000] {dagbag.py:588} INFO - Filling up the DagBag from /home/airflow/.local/lib/python3.12/site-packages/airflow/example_dags/example_latest_only.py
[2025-09-22T00:23:25.623+0000] {processor.py:925} INFO - DAG(s) 'latest_only' retrieved from /home/airflow/.local/lib/python3.12/site-packages/airflow/example_dags/example_latest_only.py
[2025-09-22T00:23:25.641+0000] {logging_mixin.py:190} INFO - [2025-09-22T00:23:25.641+0000] {dag.py:3239} INFO - Sync 1 DAGs
[2025-09-22T00:23:25.661+0000] {logging_mixin.py:190} INFO - [2025-09-22T00:23:25.661+0000] {dag.py:4180} INFO - Setting next_dagrun for latest_only to 2025-09-21 20:00:00+00:00, run_after=2025-09-22 00:00:00+00:00
[2025-09-22T00:23:25.705+0000] {processor.py:208} INFO - Processing /home/airflow/.local/lib/python3.12/site-packages/airflow/example_dags/example_latest_only.py took 0.097 seconds
[2025-09-22T00:23:56.543+0000] {processor.py:186} INFO - Started process (PID=8189) to work on /home/airflow/.local/lib/python3.12/site-packages/airflow/example_dags/example_latest_only.py
[2025-09-22T00:23:56.544+0000] {processor.py:914} INFO - Processing file /home/airflow/.local/lib/python3.12/site-packages/airflow/example_dags/example_latest_only.py for tasks to queue
[2025-09-22T00:23:56.546+0000] {logging_mixin.py:190} INFO - [2025-09-22T00:23:56.546+0000] {dagbag.py:588} INFO - Filling up the DagBag from /home/airflow/.local/lib/python3.12/site-packages/airflow/example_dags/example_latest_only.py
[2025-09-22T00:23:56.553+0000] {processor.py:925} INFO - DAG(s) 'latest_only' retrieved from /home/airflow/.local/lib/python3.12/site-packages/airflow/example_dags/example_latest_only.py
[2025-09-22T00:23:56.570+0000] {logging_mixin.py:190} INFO - [2025-09-22T00:23:56.570+0000] {dag.py:3239} INFO - Sync 1 DAGs
[2025-09-22T00:23:56.590+0000] {logging_mixin.py:190} INFO - [2025-09-22T00:23:56.590+0000] {dag.py:4180} INFO - Setting next_dagrun for latest_only to 2025-09-21 20:00:00+00:00, run_after=2025-09-22 00:00:00+00:00
[2025-09-22T00:23:56.630+0000] {processor.py:208} INFO - Processing /home/airflow/.local/lib/python3.12/site-packages/airflow/example_dags/example_latest_only.py took 0.092 seconds
[2025-09-22T00:24:26.888+0000] {processor.py:186} INFO - Started process (PID=8253) to work on /home/airflow/.local/lib/python3.12/site-packages/airflow/example_dags/example_latest_only.py
[2025-09-22T00:24:26.889+0000] {processor.py:914} INFO - Processing file /home/airflow/.local/lib/python3.12/site-packages/airflow/example_dags/example_latest_only.py for tasks to queue
[2025-09-22T00:24:26.891+0000] {logging_mixin.py:190} INFO - [2025-09-22T00:24:26.890+0000] {dagbag.py:588} INFO - Filling up the DagBag from /home/airflow/.local/lib/python3.12/site-packages/airflow/example_dags/example_latest_only.py
[2025-09-22T00:24:26.896+0000] {processor.py:925} INFO - DAG(s) 'latest_only' retrieved from /home/airflow/.local/lib/python3.12/site-packages/airflow/example_dags/example_latest_only.py
[2025-09-22T00:24:26.913+0000] {logging_mixin.py:190} INFO - [2025-09-22T00:24:26.913+0000] {dag.py:3239} INFO - Sync 1 DAGs
[2025-09-22T00:24:26.932+0000] {logging_mixin.py:190} INFO - [2025-09-22T00:24:26.932+0000] {dag.py:4180} INFO - Setting next_dagrun for latest_only to 2025-09-21 20:00:00+00:00, run_after=2025-09-22 00:00:00+00:00
[2025-09-22T00:24:27.241+0000] {processor.py:208} INFO - Processing /home/airflow/.local/lib/python3.12/site-packages/airflow/example_dags/example_latest_only.py took 0.358 seconds
[2025-09-22T00:24:57.491+0000] {processor.py:186} INFO - Started process (PID=8317) to work on /home/airflow/.local/lib/python3.12/site-packages/airflow/example_dags/example_latest_only.py
[2025-09-22T00:24:57.492+0000] {processor.py:914} INFO - Processing file /home/airflow/.local/lib/python3.12/site-packages/airflow/example_dags/example_latest_only.py for tasks to queue
[2025-09-22T00:24:57.494+0000] {logging_mixin.py:190} INFO - [2025-09-22T00:24:57.494+0000] {dagbag.py:588} INFO - Filling up the DagBag from /home/airflow/.local/lib/python3.12/site-packages/airflow/example_dags/example_latest_only.py
[2025-09-22T00:24:57.500+0000] {processor.py:925} INFO - DAG(s) 'latest_only' retrieved from /home/airflow/.local/lib/python3.12/site-packages/airflow/example_dags/example_latest_only.py
[2025-09-22T00:24:57.515+0000] {logging_mixin.py:190} INFO - [2025-09-22T00:24:57.515+0000] {dag.py:3239} INFO - Sync 1 DAGs
[2025-09-22T00:24:57.534+0000] {logging_mixin.py:190} INFO - [2025-09-22T00:24:57.534+0000] {dag.py:4180} INFO - Setting next_dagrun for latest_only to 2025-09-21 20:00:00+00:00, run_after=2025-09-22 00:00:00+00:00
[2025-09-22T00:24:57.575+0000] {processor.py:208} INFO - Processing /home/airflow/.local/lib/python3.12/site-packages/airflow/example_dags/example_latest_only.py took 0.089 seconds
[2025-09-22T00:25:27.748+0000] {processor.py:186} INFO - Started process (PID=8381) to work on /home/airflow/.local/lib/python3.12/site-packages/airflow/example_dags/example_latest_only.py
[2025-09-22T00:25:27.749+0000] {processor.py:914} INFO - Processing file /home/airflow/.local/lib/python3.12/site-packages/airflow/example_dags/example_latest_only.py for tasks to queue
[2025-09-22T00:25:27.751+0000] {logging_mixin.py:190} INFO - [2025-09-22T00:25:27.751+0000] {dagbag.py:588} INFO - Filling up the DagBag from /home/airflow/.local/lib/python3.12/site-packages/airflow/example_dags/example_latest_only.py
[2025-09-22T00:25:27.757+0000] {processor.py:925} INFO - DAG(s) 'latest_only' retrieved from /home/airflow/.local/lib/python3.12/site-packages/airflow/example_dags/example_latest_only.py
[2025-09-22T00:25:27.775+0000] {logging_mixin.py:190} INFO - [2025-09-22T00:25:27.775+0000] {dag.py:3239} INFO - Sync 1 DAGs
[2025-09-22T00:25:27.794+0000] {logging_mixin.py:190} INFO - [2025-09-22T00:25:27.794+0000] {dag.py:4180} INFO - Setting next_dagrun for latest_only to 2025-09-21 20:00:00+00:00, run_after=2025-09-22 00:00:00+00:00
[2025-09-22T00:25:27.836+0000] {processor.py:208} INFO - Processing /home/airflow/.local/lib/python3.12/site-packages/airflow/example_dags/example_latest_only.py took 0.093 seconds
[2025-09-22T00:25:58.671+0000] {processor.py:186} INFO - Started process (PID=8445) to work on /home/airflow/.local/lib/python3.12/site-packages/airflow/example_dags/example_latest_only.py
[2025-09-22T00:25:58.672+0000] {processor.py:914} INFO - Processing file /home/airflow/.local/lib/python3.12/site-packages/airflow/example_dags/example_latest_only.py for tasks to queue
[2025-09-22T00:25:58.675+0000] {logging_mixin.py:190} INFO - [2025-09-22T00:25:58.674+0000] {dagbag.py:588} INFO - Filling up the DagBag from /home/airflow/.local/lib/python3.12/site-packages/airflow/example_dags/example_latest_only.py
[2025-09-22T00:25:58.681+0000] {processor.py:925} INFO - DAG(s) 'latest_only' retrieved from /home/airflow/.local/lib/python3.12/site-packages/airflow/example_dags/example_latest_only.py
[2025-09-22T00:25:58.698+0000] {logging_mixin.py:190} INFO - [2025-09-22T00:25:58.697+0000] {dag.py:3239} INFO - Sync 1 DAGs
[2025-09-22T00:25:58.719+0000] {logging_mixin.py:190} INFO - [2025-09-22T00:25:58.719+0000] {dag.py:4180} INFO - Setting next_dagrun for latest_only to 2025-09-21 20:00:00+00:00, run_after=2025-09-22 00:00:00+00:00
[2025-09-22T00:25:58.770+0000] {processor.py:208} INFO - Processing /home/airflow/.local/lib/python3.12/site-packages/airflow/example_dags/example_latest_only.py took 0.105 seconds
[2025-09-22T00:26:29.461+0000] {processor.py:186} INFO - Started process (PID=8507) to work on /home/airflow/.local/lib/python3.12/site-packages/airflow/example_dags/example_latest_only.py
[2025-09-22T00:26:29.462+0000] {processor.py:914} INFO - Processing file /home/airflow/.local/lib/python3.12/site-packages/airflow/example_dags/example_latest_only.py for tasks to queue
[2025-09-22T00:26:29.464+0000] {logging_mixin.py:190} INFO - [2025-09-22T00:26:29.464+0000] {dagbag.py:588} INFO - Filling up the DagBag from /home/airflow/.local/lib/python3.12/site-packages/airflow/example_dags/example_latest_only.py
[2025-09-22T00:26:29.471+0000] {processor.py:925} INFO - DAG(s) 'latest_only' retrieved from /home/airflow/.local/lib/python3.12/site-packages/airflow/example_dags/example_latest_only.py
[2025-09-22T00:26:29.490+0000] {logging_mixin.py:190} INFO - [2025-09-22T00:26:29.490+0000] {dag.py:3239} INFO - Sync 1 DAGs
[2025-09-22T00:26:29.515+0000] {logging_mixin.py:190} INFO - [2025-09-22T00:26:29.515+0000] {dag.py:4180} INFO - Setting next_dagrun for latest_only to 2025-09-21 20:00:00+00:00, run_after=2025-09-22 00:00:00+00:00
[2025-09-22T00:26:29.560+0000] {processor.py:208} INFO - Processing /home/airflow/.local/lib/python3.12/site-packages/airflow/example_dags/example_latest_only.py took 0.105 seconds
[2025-09-22T00:27:02.376+0000] {processor.py:186} INFO - Started process (PID=8566) to work on /home/airflow/.local/lib/python3.12/site-packages/airflow/example_dags/example_latest_only.py
[2025-09-22T00:27:02.377+0000] {processor.py:914} INFO - Processing file /home/airflow/.local/lib/python3.12/site-packages/airflow/example_dags/example_latest_only.py for tasks to queue
[2025-09-22T00:27:02.379+0000] {logging_mixin.py:190} INFO - [2025-09-22T00:27:02.379+0000] {dagbag.py:588} INFO - Filling up the DagBag from /home/airflow/.local/lib/python3.12/site-packages/airflow/example_dags/example_latest_only.py
[2025-09-22T00:27:02.385+0000] {processor.py:925} INFO - DAG(s) 'latest_only' retrieved from /home/airflow/.local/lib/python3.12/site-packages/airflow/example_dags/example_latest_only.py
[2025-09-22T00:27:02.403+0000] {logging_mixin.py:190} INFO - [2025-09-22T00:27:02.402+0000] {dag.py:3239} INFO - Sync 1 DAGs
[2025-09-22T00:27:02.423+0000] {logging_mixin.py:190} INFO - [2025-09-22T00:27:02.423+0000] {dag.py:4180} INFO - Setting next_dagrun for latest_only to 2025-09-21 20:00:00+00:00, run_after=2025-09-22 00:00:00+00:00
[2025-09-22T00:27:02.465+0000] {processor.py:208} INFO - Processing /home/airflow/.local/lib/python3.12/site-packages/airflow/example_dags/example_latest_only.py took 0.094 seconds
[2025-09-22T00:27:33.697+0000] {processor.py:186} INFO - Started process (PID=8630) to work on /home/airflow/.local/lib/python3.12/site-packages/airflow/example_dags/example_latest_only.py
[2025-09-22T00:27:33.698+0000] {processor.py:914} INFO - Processing file /home/airflow/.local/lib/python3.12/site-packages/airflow/example_dags/example_latest_only.py for tasks to queue
[2025-09-22T00:27:33.701+0000] {logging_mixin.py:190} INFO - [2025-09-22T00:27:33.700+0000] {dagbag.py:588} INFO - Filling up the DagBag from /home/airflow/.local/lib/python3.12/site-packages/airflow/example_dags/example_latest_only.py
[2025-09-22T00:27:33.707+0000] {processor.py:925} INFO - DAG(s) 'latest_only' retrieved from /home/airflow/.local/lib/python3.12/site-packages/airflow/example_dags/example_latest_only.py
[2025-09-22T00:27:33.723+0000] {logging_mixin.py:190} INFO - [2025-09-22T00:27:33.723+0000] {dag.py:3239} INFO - Sync 1 DAGs
[2025-09-22T00:27:33.743+0000] {logging_mixin.py:190} INFO - [2025-09-22T00:27:33.743+0000] {dag.py:4180} INFO - Setting next_dagrun for latest_only to 2025-09-21 20:00:00+00:00, run_after=2025-09-22 00:00:00+00:00
[2025-09-22T00:27:33.784+0000] {processor.py:208} INFO - Processing /home/airflow/.local/lib/python3.12/site-packages/airflow/example_dags/example_latest_only.py took 0.092 seconds
[2025-09-22T00:28:04.162+0000] {processor.py:186} INFO - Started process (PID=8700) to work on /home/airflow/.local/lib/python3.12/site-packages/airflow/example_dags/example_latest_only.py
[2025-09-22T00:28:04.163+0000] {processor.py:914} INFO - Processing file /home/airflow/.local/lib/python3.12/site-packages/airflow/example_dags/example_latest_only.py for tasks to queue
[2025-09-22T00:28:04.165+0000] {logging_mixin.py:190} INFO - [2025-09-22T00:28:04.165+0000] {dagbag.py:588} INFO - Filling up the DagBag from /home/airflow/.local/lib/python3.12/site-packages/airflow/example_dags/example_latest_only.py
[2025-09-22T00:28:04.173+0000] {processor.py:925} INFO - DAG(s) 'latest_only' retrieved from /home/airflow/.local/lib/python3.12/site-packages/airflow/example_dags/example_latest_only.py
[2025-09-22T00:28:04.193+0000] {logging_mixin.py:190} INFO - [2025-09-22T00:28:04.192+0000] {dag.py:3239} INFO - Sync 1 DAGs
[2025-09-22T00:28:04.216+0000] {logging_mixin.py:190} INFO - [2025-09-22T00:28:04.216+0000] {dag.py:4180} INFO - Setting next_dagrun for latest_only to 2025-09-21 20:00:00+00:00, run_after=2025-09-22 00:00:00+00:00
[2025-09-22T00:28:04.252+0000] {processor.py:208} INFO - Processing /home/airflow/.local/lib/python3.12/site-packages/airflow/example_dags/example_latest_only.py took 0.095 seconds
[2025-09-22T00:28:34.497+0000] {processor.py:186} INFO - Started process (PID=8764) to work on /home/airflow/.local/lib/python3.12/site-packages/airflow/example_dags/example_latest_only.py
[2025-09-22T00:28:34.498+0000] {processor.py:914} INFO - Processing file /home/airflow/.local/lib/python3.12/site-packages/airflow/example_dags/example_latest_only.py for tasks to queue
[2025-09-22T00:28:34.500+0000] {logging_mixin.py:190} INFO - [2025-09-22T00:28:34.500+0000] {dagbag.py:588} INFO - Filling up the DagBag from /home/airflow/.local/lib/python3.12/site-packages/airflow/example_dags/example_latest_only.py
[2025-09-22T00:28:34.506+0000] {processor.py:925} INFO - DAG(s) 'latest_only' retrieved from /home/airflow/.local/lib/python3.12/site-packages/airflow/example_dags/example_latest_only.py
[2025-09-22T00:28:34.523+0000] {logging_mixin.py:190} INFO - [2025-09-22T00:28:34.522+0000] {dag.py:3239} INFO - Sync 1 DAGs
[2025-09-22T00:28:34.541+0000] {logging_mixin.py:190} INFO - [2025-09-22T00:28:34.541+0000] {dag.py:4180} INFO - Setting next_dagrun for latest_only to 2025-09-21 20:00:00+00:00, run_after=2025-09-22 00:00:00+00:00
[2025-09-22T00:28:34.578+0000] {processor.py:208} INFO - Processing /home/airflow/.local/lib/python3.12/site-packages/airflow/example_dags/example_latest_only.py took 0.086 seconds
[2025-09-22T00:29:04.746+0000] {processor.py:186} INFO - Started process (PID=8828) to work on /home/airflow/.local/lib/python3.12/site-packages/airflow/example_dags/example_latest_only.py
[2025-09-22T00:29:04.747+0000] {processor.py:914} INFO - Processing file /home/airflow/.local/lib/python3.12/site-packages/airflow/example_dags/example_latest_only.py for tasks to queue
[2025-09-22T00:29:04.749+0000] {logging_mixin.py:190} INFO - [2025-09-22T00:29:04.748+0000] {dagbag.py:588} INFO - Filling up the DagBag from /home/airflow/.local/lib/python3.12/site-packages/airflow/example_dags/example_latest_only.py
[2025-09-22T00:29:04.754+0000] {processor.py:925} INFO - DAG(s) 'latest_only' retrieved from /home/airflow/.local/lib/python3.12/site-packages/airflow/example_dags/example_latest_only.py
[2025-09-22T00:29:04.771+0000] {logging_mixin.py:190} INFO - [2025-09-22T00:29:04.771+0000] {dag.py:3239} INFO - Sync 1 DAGs
[2025-09-22T00:29:04.790+0000] {logging_mixin.py:190} INFO - [2025-09-22T00:29:04.789+0000] {dag.py:4180} INFO - Setting next_dagrun for latest_only to 2025-09-21 20:00:00+00:00, run_after=2025-09-22 00:00:00+00:00
[2025-09-22T00:29:04.832+0000] {processor.py:208} INFO - Processing /home/airflow/.local/lib/python3.12/site-packages/airflow/example_dags/example_latest_only.py took 0.091 seconds
[2025-09-22T00:29:35.197+0000] {processor.py:186} INFO - Started process (PID=8892) to work on /home/airflow/.local/lib/python3.12/site-packages/airflow/example_dags/example_latest_only.py
[2025-09-22T00:29:35.198+0000] {processor.py:914} INFO - Processing file /home/airflow/.local/lib/python3.12/site-packages/airflow/example_dags/example_latest_only.py for tasks to queue
[2025-09-22T00:29:35.200+0000] {logging_mixin.py:190} INFO - [2025-09-22T00:29:35.200+0000] {dagbag.py:588} INFO - Filling up the DagBag from /home/airflow/.local/lib/python3.12/site-packages/airflow/example_dags/example_latest_only.py
[2025-09-22T00:29:35.206+0000] {processor.py:925} INFO - DAG(s) 'latest_only' retrieved from /home/airflow/.local/lib/python3.12/site-packages/airflow/example_dags/example_latest_only.py
[2025-09-22T00:29:35.224+0000] {logging_mixin.py:190} INFO - [2025-09-22T00:29:35.224+0000] {dag.py:3239} INFO - Sync 1 DAGs
[2025-09-22T00:29:35.243+0000] {logging_mixin.py:190} INFO - [2025-09-22T00:29:35.243+0000] {dag.py:4180} INFO - Setting next_dagrun for latest_only to 2025-09-21 20:00:00+00:00, run_after=2025-09-22 00:00:00+00:00
[2025-09-22T00:29:35.280+0000] {processor.py:208} INFO - Processing /home/airflow/.local/lib/python3.12/site-packages/airflow/example_dags/example_latest_only.py took 0.088 seconds
[2025-09-22T00:30:06.131+0000] {processor.py:186} INFO - Started process (PID=8956) to work on /home/airflow/.local/lib/python3.12/site-packages/airflow/example_dags/example_latest_only.py
[2025-09-22T00:30:06.132+0000] {processor.py:914} INFO - Processing file /home/airflow/.local/lib/python3.12/site-packages/airflow/example_dags/example_latest_only.py for tasks to queue
[2025-09-22T00:30:06.134+0000] {logging_mixin.py:190} INFO - [2025-09-22T00:30:06.134+0000] {dagbag.py:588} INFO - Filling up the DagBag from /home/airflow/.local/lib/python3.12/site-packages/airflow/example_dags/example_latest_only.py
[2025-09-22T00:30:06.141+0000] {processor.py:925} INFO - DAG(s) 'latest_only' retrieved from /home/airflow/.local/lib/python3.12/site-packages/airflow/example_dags/example_latest_only.py
[2025-09-22T00:30:06.158+0000] {logging_mixin.py:190} INFO - [2025-09-22T00:30:06.158+0000] {dag.py:3239} INFO - Sync 1 DAGs
[2025-09-22T00:30:06.180+0000] {logging_mixin.py:190} INFO - [2025-09-22T00:30:06.180+0000] {dag.py:4180} INFO - Setting next_dagrun for latest_only to 2025-09-21 20:00:00+00:00, run_after=2025-09-22 00:00:00+00:00
[2025-09-22T00:30:06.747+0000] {processor.py:208} INFO - Processing /home/airflow/.local/lib/python3.12/site-packages/airflow/example_dags/example_latest_only.py took 0.621 seconds
[2025-09-22T00:30:37.585+0000] {processor.py:186} INFO - Started process (PID=9019) to work on /home/airflow/.local/lib/python3.12/site-packages/airflow/example_dags/example_latest_only.py
[2025-09-22T00:30:37.586+0000] {processor.py:914} INFO - Processing file /home/airflow/.local/lib/python3.12/site-packages/airflow/example_dags/example_latest_only.py for tasks to queue
[2025-09-22T00:30:37.588+0000] {logging_mixin.py:190} INFO - [2025-09-22T00:30:37.588+0000] {dagbag.py:588} INFO - Filling up the DagBag from /home/airflow/.local/lib/python3.12/site-packages/airflow/example_dags/example_latest_only.py
[2025-09-22T00:30:37.594+0000] {processor.py:925} INFO - DAG(s) 'latest_only' retrieved from /home/airflow/.local/lib/python3.12/site-packages/airflow/example_dags/example_latest_only.py
[2025-09-22T00:30:37.611+0000] {logging_mixin.py:190} INFO - [2025-09-22T00:30:37.611+0000] {dag.py:3239} INFO - Sync 1 DAGs
[2025-09-22T00:30:37.630+0000] {logging_mixin.py:190} INFO - [2025-09-22T00:30:37.630+0000] {dag.py:4180} INFO - Setting next_dagrun for latest_only to 2025-09-21 20:00:00+00:00, run_after=2025-09-22 00:00:00+00:00
[2025-09-22T00:30:37.674+0000] {processor.py:208} INFO - Processing /home/airflow/.local/lib/python3.12/site-packages/airflow/example_dags/example_latest_only.py took 0.094 seconds
[2025-09-22T00:31:07.847+0000] {processor.py:186} INFO - Started process (PID=9083) to work on /home/airflow/.local/lib/python3.12/site-packages/airflow/example_dags/example_latest_only.py
[2025-09-22T00:31:07.848+0000] {processor.py:914} INFO - Processing file /home/airflow/.local/lib/python3.12/site-packages/airflow/example_dags/example_latest_only.py for tasks to queue
[2025-09-22T00:31:07.849+0000] {logging_mixin.py:190} INFO - [2025-09-22T00:31:07.849+0000] {dagbag.py:588} INFO - Filling up the DagBag from /home/airflow/.local/lib/python3.12/site-packages/airflow/example_dags/example_latest_only.py
[2025-09-22T00:31:07.855+0000] {processor.py:925} INFO - DAG(s) 'latest_only' retrieved from /home/airflow/.local/lib/python3.12/site-packages/airflow/example_dags/example_latest_only.py
[2025-09-22T00:31:07.871+0000] {logging_mixin.py:190} INFO - [2025-09-22T00:31:07.871+0000] {dag.py:3239} INFO - Sync 1 DAGs
[2025-09-22T00:31:07.891+0000] {logging_mixin.py:190} INFO - [2025-09-22T00:31:07.891+0000] {dag.py:4180} INFO - Setting next_dagrun for latest_only to 2025-09-21 20:00:00+00:00, run_after=2025-09-22 00:00:00+00:00
[2025-09-22T00:31:07.938+0000] {processor.py:208} INFO - Processing /home/airflow/.local/lib/python3.12/site-packages/airflow/example_dags/example_latest_only.py took 0.097 seconds
[2025-09-22T00:31:38.617+0000] {processor.py:186} INFO - Started process (PID=9146) to work on /home/airflow/.local/lib/python3.12/site-packages/airflow/example_dags/example_latest_only.py
[2025-09-22T00:31:38.618+0000] {processor.py:914} INFO - Processing file /home/airflow/.local/lib/python3.12/site-packages/airflow/example_dags/example_latest_only.py for tasks to queue
[2025-09-22T00:31:38.620+0000] {logging_mixin.py:190} INFO - [2025-09-22T00:31:38.620+0000] {dagbag.py:588} INFO - Filling up the DagBag from /home/airflow/.local/lib/python3.12/site-packages/airflow/example_dags/example_latest_only.py
[2025-09-22T00:31:38.627+0000] {processor.py:925} INFO - DAG(s) 'latest_only' retrieved from /home/airflow/.local/lib/python3.12/site-packages/airflow/example_dags/example_latest_only.py
[2025-09-22T00:31:38.647+0000] {logging_mixin.py:190} INFO - [2025-09-22T00:31:38.647+0000] {dag.py:3239} INFO - Sync 1 DAGs
[2025-09-22T00:31:38.669+0000] {logging_mixin.py:190} INFO - [2025-09-22T00:31:38.668+0000] {dag.py:4180} INFO - Setting next_dagrun for latest_only to 2025-09-21 20:00:00+00:00, run_after=2025-09-22 00:00:00+00:00
[2025-09-22T00:31:38.706+0000] {processor.py:208} INFO - Processing /home/airflow/.local/lib/python3.12/site-packages/airflow/example_dags/example_latest_only.py took 0.095 seconds
[2025-09-22T00:32:09.575+0000] {processor.py:186} INFO - Started process (PID=9210) to work on /home/airflow/.local/lib/python3.12/site-packages/airflow/example_dags/example_latest_only.py
[2025-09-22T00:32:09.576+0000] {processor.py:914} INFO - Processing file /home/airflow/.local/lib/python3.12/site-packages/airflow/example_dags/example_latest_only.py for tasks to queue
[2025-09-22T00:32:09.579+0000] {logging_mixin.py:190} INFO - [2025-09-22T00:32:09.579+0000] {dagbag.py:588} INFO - Filling up the DagBag from /home/airflow/.local/lib/python3.12/site-packages/airflow/example_dags/example_latest_only.py
[2025-09-22T00:32:09.586+0000] {processor.py:925} INFO - DAG(s) 'latest_only' retrieved from /home/airflow/.local/lib/python3.12/site-packages/airflow/example_dags/example_latest_only.py
[2025-09-22T00:32:09.605+0000] {logging_mixin.py:190} INFO - [2025-09-22T00:32:09.605+0000] {dag.py:3239} INFO - Sync 1 DAGs
[2025-09-22T00:32:09.632+0000] {logging_mixin.py:190} INFO - [2025-09-22T00:32:09.632+0000] {dag.py:4180} INFO - Setting next_dagrun for latest_only to 2025-09-21 20:00:00+00:00, run_after=2025-09-22 00:00:00+00:00
[2025-09-22T00:32:09.673+0000] {processor.py:208} INFO - Processing /home/airflow/.local/lib/python3.12/site-packages/airflow/example_dags/example_latest_only.py took 0.103 seconds
[2025-09-22T00:32:40.733+0000] {processor.py:186} INFO - Started process (PID=9270) to work on /home/airflow/.local/lib/python3.12/site-packages/airflow/example_dags/example_latest_only.py
[2025-09-22T00:32:40.734+0000] {processor.py:914} INFO - Processing file /home/airflow/.local/lib/python3.12/site-packages/airflow/example_dags/example_latest_only.py for tasks to queue
[2025-09-22T00:32:40.736+0000] {logging_mixin.py:190} INFO - [2025-09-22T00:32:40.736+0000] {dagbag.py:588} INFO - Filling up the DagBag from /home/airflow/.local/lib/python3.12/site-packages/airflow/example_dags/example_latest_only.py
[2025-09-22T00:32:40.742+0000] {processor.py:925} INFO - DAG(s) 'latest_only' retrieved from /home/airflow/.local/lib/python3.12/site-packages/airflow/example_dags/example_latest_only.py
[2025-09-22T00:32:40.760+0000] {logging_mixin.py:190} INFO - [2025-09-22T00:32:40.759+0000] {dag.py:3239} INFO - Sync 1 DAGs
[2025-09-22T00:32:40.780+0000] {logging_mixin.py:190} INFO - [2025-09-22T00:32:40.780+0000] {dag.py:4180} INFO - Setting next_dagrun for latest_only to 2025-09-21 20:00:00+00:00, run_after=2025-09-22 00:00:00+00:00
[2025-09-22T00:32:41.255+0000] {processor.py:208} INFO - Processing /home/airflow/.local/lib/python3.12/site-packages/airflow/example_dags/example_latest_only.py took 0.527 seconds
[2025-09-22T00:33:11.423+0000] {processor.py:186} INFO - Started process (PID=9334) to work on /home/airflow/.local/lib/python3.12/site-packages/airflow/example_dags/example_latest_only.py
[2025-09-22T00:33:11.424+0000] {processor.py:914} INFO - Processing file /home/airflow/.local/lib/python3.12/site-packages/airflow/example_dags/example_latest_only.py for tasks to queue
[2025-09-22T00:33:11.426+0000] {logging_mixin.py:190} INFO - [2025-09-22T00:33:11.426+0000] {dagbag.py:588} INFO - Filling up the DagBag from /home/airflow/.local/lib/python3.12/site-packages/airflow/example_dags/example_latest_only.py
[2025-09-22T00:33:11.432+0000] {processor.py:925} INFO - DAG(s) 'latest_only' retrieved from /home/airflow/.local/lib/python3.12/site-packages/airflow/example_dags/example_latest_only.py
[2025-09-22T00:33:11.450+0000] {logging_mixin.py:190} INFO - [2025-09-22T00:33:11.450+0000] {dag.py:3239} INFO - Sync 1 DAGs
[2025-09-22T00:33:11.470+0000] {logging_mixin.py:190} INFO - [2025-09-22T00:33:11.470+0000] {dag.py:4180} INFO - Setting next_dagrun for latest_only to 2025-09-21 20:00:00+00:00, run_after=2025-09-22 00:00:00+00:00
[2025-09-22T00:33:11.515+0000] {processor.py:208} INFO - Processing /home/airflow/.local/lib/python3.12/site-packages/airflow/example_dags/example_latest_only.py took 0.097 seconds
[2025-09-22T00:33:42.481+0000] {processor.py:186} INFO - Started process (PID=9396) to work on /home/airflow/.local/lib/python3.12/site-packages/airflow/example_dags/example_latest_only.py
[2025-09-22T00:33:42.482+0000] {processor.py:914} INFO - Processing file /home/airflow/.local/lib/python3.12/site-packages/airflow/example_dags/example_latest_only.py for tasks to queue
[2025-09-22T00:33:42.484+0000] {logging_mixin.py:190} INFO - [2025-09-22T00:33:42.484+0000] {dagbag.py:588} INFO - Filling up the DagBag from /home/airflow/.local/lib/python3.12/site-packages/airflow/example_dags/example_latest_only.py
[2025-09-22T00:33:42.490+0000] {processor.py:925} INFO - DAG(s) 'latest_only' retrieved from /home/airflow/.local/lib/python3.12/site-packages/airflow/example_dags/example_latest_only.py
[2025-09-22T00:33:42.523+0000] {logging_mixin.py:190} INFO - [2025-09-22T00:33:42.523+0000] {dag.py:3239} INFO - Sync 1 DAGs
[2025-09-22T00:33:42.553+0000] {logging_mixin.py:190} INFO - [2025-09-22T00:33:42.553+0000] {dag.py:4180} INFO - Setting next_dagrun for latest_only to 2025-09-21 20:00:00+00:00, run_after=2025-09-22 00:00:00+00:00
[2025-09-22T00:33:42.597+0000] {processor.py:208} INFO - Processing /home/airflow/.local/lib/python3.12/site-packages/airflow/example_dags/example_latest_only.py took 0.121 seconds
[2025-09-22T00:34:13.382+0000] {processor.py:186} INFO - Started process (PID=9459) to work on /home/airflow/.local/lib/python3.12/site-packages/airflow/example_dags/example_latest_only.py
[2025-09-22T00:34:13.383+0000] {processor.py:914} INFO - Processing file /home/airflow/.local/lib/python3.12/site-packages/airflow/example_dags/example_latest_only.py for tasks to queue
[2025-09-22T00:34:13.385+0000] {logging_mixin.py:190} INFO - [2025-09-22T00:34:13.385+0000] {dagbag.py:588} INFO - Filling up the DagBag from /home/airflow/.local/lib/python3.12/site-packages/airflow/example_dags/example_latest_only.py
[2025-09-22T00:34:13.392+0000] {processor.py:925} INFO - DAG(s) 'latest_only' retrieved from /home/airflow/.local/lib/python3.12/site-packages/airflow/example_dags/example_latest_only.py
[2025-09-22T00:34:13.410+0000] {logging_mixin.py:190} INFO - [2025-09-22T00:34:13.409+0000] {dag.py:3239} INFO - Sync 1 DAGs
[2025-09-22T00:34:13.431+0000] {logging_mixin.py:190} INFO - [2025-09-22T00:34:13.431+0000] {dag.py:4180} INFO - Setting next_dagrun for latest_only to 2025-09-21 20:00:00+00:00, run_after=2025-09-22 00:00:00+00:00
[2025-09-22T00:34:13.479+0000] {processor.py:208} INFO - Processing /home/airflow/.local/lib/python3.12/site-packages/airflow/example_dags/example_latest_only.py took 0.102 seconds
[2025-09-22T00:34:44.906+0000] {processor.py:186} INFO - Started process (PID=9523) to work on /home/airflow/.local/lib/python3.12/site-packages/airflow/example_dags/example_latest_only.py
[2025-09-22T00:34:44.907+0000] {processor.py:914} INFO - Processing file /home/airflow/.local/lib/python3.12/site-packages/airflow/example_dags/example_latest_only.py for tasks to queue
[2025-09-22T00:34:44.910+0000] {logging_mixin.py:190} INFO - [2025-09-22T00:34:44.910+0000] {dagbag.py:588} INFO - Filling up the DagBag from /home/airflow/.local/lib/python3.12/site-packages/airflow/example_dags/example_latest_only.py
[2025-09-22T00:34:44.917+0000] {processor.py:925} INFO - DAG(s) 'latest_only' retrieved from /home/airflow/.local/lib/python3.12/site-packages/airflow/example_dags/example_latest_only.py
[2025-09-22T00:34:44.940+0000] {logging_mixin.py:190} INFO - [2025-09-22T00:34:44.940+0000] {dag.py:3239} INFO - Sync 1 DAGs
[2025-09-22T00:34:44.968+0000] {logging_mixin.py:190} INFO - [2025-09-22T00:34:44.968+0000] {dag.py:4180} INFO - Setting next_dagrun for latest_only to 2025-09-21 20:00:00+00:00, run_after=2025-09-22 00:00:00+00:00
[2025-09-22T00:34:45.014+0000] {processor.py:208} INFO - Processing /home/airflow/.local/lib/python3.12/site-packages/airflow/example_dags/example_latest_only.py took 0.114 seconds
[2025-09-22T00:35:15.763+0000] {processor.py:186} INFO - Started process (PID=9587) to work on /home/airflow/.local/lib/python3.12/site-packages/airflow/example_dags/example_latest_only.py
[2025-09-22T00:35:15.764+0000] {processor.py:914} INFO - Processing file /home/airflow/.local/lib/python3.12/site-packages/airflow/example_dags/example_latest_only.py for tasks to queue
[2025-09-22T00:35:15.766+0000] {logging_mixin.py:190} INFO - [2025-09-22T00:35:15.765+0000] {dagbag.py:588} INFO - Filling up the DagBag from /home/airflow/.local/lib/python3.12/site-packages/airflow/example_dags/example_latest_only.py
[2025-09-22T00:35:15.772+0000] {processor.py:925} INFO - DAG(s) 'latest_only' retrieved from /home/airflow/.local/lib/python3.12/site-packages/airflow/example_dags/example_latest_only.py
[2025-09-22T00:35:15.788+0000] {logging_mixin.py:190} INFO - [2025-09-22T00:35:15.788+0000] {dag.py:3239} INFO - Sync 1 DAGs
[2025-09-22T00:35:15.808+0000] {logging_mixin.py:190} INFO - [2025-09-22T00:35:15.808+0000] {dag.py:4180} INFO - Setting next_dagrun for latest_only to 2025-09-21 20:00:00+00:00, run_after=2025-09-22 00:00:00+00:00
[2025-09-22T00:35:15.856+0000] {processor.py:208} INFO - Processing /home/airflow/.local/lib/python3.12/site-packages/airflow/example_dags/example_latest_only.py took 0.099 seconds
[2025-09-22T00:35:46.491+0000] {processor.py:186} INFO - Started process (PID=9649) to work on /home/airflow/.local/lib/python3.12/site-packages/airflow/example_dags/example_latest_only.py
[2025-09-22T00:35:46.492+0000] {processor.py:914} INFO - Processing file /home/airflow/.local/lib/python3.12/site-packages/airflow/example_dags/example_latest_only.py for tasks to queue
[2025-09-22T00:35:46.494+0000] {logging_mixin.py:190} INFO - [2025-09-22T00:35:46.494+0000] {dagbag.py:588} INFO - Filling up the DagBag from /home/airflow/.local/lib/python3.12/site-packages/airflow/example_dags/example_latest_only.py
[2025-09-22T00:35:46.500+0000] {processor.py:925} INFO - DAG(s) 'latest_only' retrieved from /home/airflow/.local/lib/python3.12/site-packages/airflow/example_dags/example_latest_only.py
[2025-09-22T00:35:46.517+0000] {logging_mixin.py:190} INFO - [2025-09-22T00:35:46.516+0000] {dag.py:3239} INFO - Sync 1 DAGs
[2025-09-22T00:35:46.541+0000] {logging_mixin.py:190} INFO - [2025-09-22T00:35:46.540+0000] {dag.py:4180} INFO - Setting next_dagrun for latest_only to 2025-09-21 20:00:00+00:00, run_after=2025-09-22 00:00:00+00:00
[2025-09-22T00:35:46.590+0000] {processor.py:208} INFO - Processing /home/airflow/.local/lib/python3.12/site-packages/airflow/example_dags/example_latest_only.py took 0.103 seconds
[2025-09-22T00:36:17.227+0000] {processor.py:186} INFO - Started process (PID=9712) to work on /home/airflow/.local/lib/python3.12/site-packages/airflow/example_dags/example_latest_only.py
[2025-09-22T00:36:17.228+0000] {processor.py:914} INFO - Processing file /home/airflow/.local/lib/python3.12/site-packages/airflow/example_dags/example_latest_only.py for tasks to queue
[2025-09-22T00:36:17.230+0000] {logging_mixin.py:190} INFO - [2025-09-22T00:36:17.230+0000] {dagbag.py:588} INFO - Filling up the DagBag from /home/airflow/.local/lib/python3.12/site-packages/airflow/example_dags/example_latest_only.py
[2025-09-22T00:36:17.237+0000] {processor.py:925} INFO - DAG(s) 'latest_only' retrieved from /home/airflow/.local/lib/python3.12/site-packages/airflow/example_dags/example_latest_only.py
[2025-09-22T00:36:17.256+0000] {logging_mixin.py:190} INFO - [2025-09-22T00:36:17.256+0000] {dag.py:3239} INFO - Sync 1 DAGs
[2025-09-22T00:36:17.278+0000] {logging_mixin.py:190} INFO - [2025-09-22T00:36:17.278+0000] {dag.py:4180} INFO - Setting next_dagrun for latest_only to 2025-09-21 20:00:00+00:00, run_after=2025-09-22 00:00:00+00:00
[2025-09-22T00:36:17.327+0000] {processor.py:208} INFO - Processing /home/airflow/.local/lib/python3.12/site-packages/airflow/example_dags/example_latest_only.py took 0.106 seconds
