[2025-09-21T14:24:14.455+0000] {local_task_job_runner.py:123} INFO - ::group::Pre task execution logs
[2025-09-21T14:24:14.476+0000] {taskinstance.py:2614} INFO - Dependencies all met for dep_context=non-requeueable deps ti=<TaskInstance: nawy_real_estate_pipeline.convert_excel_seeds_to_csv manual__2025-09-21T14:23:51.132040+00:00 [queued]>
[2025-09-21T14:24:14.486+0000] {taskinstance.py:2614} INFO - Dependencies all met for dep_context=requeueable deps ti=<TaskInstance: nawy_real_estate_pipeline.convert_excel_seeds_to_csv manual__2025-09-21T14:23:51.132040+00:00 [queued]>
[2025-09-21T14:24:14.487+0000] {taskinstance.py:2867} INFO - Starting attempt 1 of 1
[2025-09-21T14:24:14.529+0000] {taskinstance.py:2890} INFO - Executing <Task(PythonOperator): convert_excel_seeds_to_csv> on 2025-09-21 14:23:51.132040+00:00
[2025-09-21T14:24:14.536+0000] {warnings.py:112} WARNING - /home/***/.local/lib/python3.12/site-packages/***/task/task_runner/standard_task_runner.py:70: DeprecationWarning: This process (pid=1066) is multi-threaded, use of fork() may lead to deadlocks in the child.
  pid = os.fork()

[2025-09-21T14:24:14.538+0000] {standard_task_runner.py:72} INFO - Started process 1068 to run task
[2025-09-21T14:24:14.538+0000] {standard_task_runner.py:104} INFO - Running: ['***', 'tasks', 'run', 'nawy_real_estate_pipeline', 'convert_excel_seeds_to_csv', 'manual__2025-09-21T14:23:51.132040+00:00', '--job-id', '331', '--raw', '--subdir', 'DAGS_FOLDER/nawy_dag.py', '--cfg-path', '/tmp/tmp51qpuddm']
[2025-09-21T14:24:14.539+0000] {standard_task_runner.py:105} INFO - Job 331: Subtask convert_excel_seeds_to_csv
[2025-09-21T14:24:14.610+0000] {task_command.py:467} INFO - Running <TaskInstance: nawy_real_estate_pipeline.convert_excel_seeds_to_csv manual__2025-09-21T14:23:51.132040+00:00 [running]> on host b65782a7021d
[2025-09-21T14:24:14.984+0000] {taskinstance.py:3134} INFO - Exporting env vars: AIRFLOW_CTX_DAG_OWNER='***' AIRFLOW_CTX_DAG_ID='nawy_real_estate_pipeline' AIRFLOW_CTX_TASK_ID='convert_excel_seeds_to_csv' AIRFLOW_CTX_EXECUTION_DATE='2025-09-21T14:23:51.132040+00:00' AIRFLOW_CTX_TRY_NUMBER='1' AIRFLOW_CTX_DAG_RUN_ID='manual__2025-09-21T14:23:51.132040+00:00'
[2025-09-21T14:24:14.985+0000] {logging_mixin.py:190} INFO - Task instance is in running state
[2025-09-21T14:24:14.986+0000] {logging_mixin.py:190} INFO -  Previous state of the Task instance: queued
[2025-09-21T14:24:14.987+0000] {logging_mixin.py:190} INFO - Current task name:convert_excel_seeds_to_csv state:running start_date:2025-09-21 14:24:14.477426+00:00
[2025-09-21T14:24:14.987+0000] {logging_mixin.py:190} INFO - Dag name:nawy_real_estate_pipeline and current dag run status:running
[2025-09-21T14:24:14.988+0000] {taskinstance.py:732} INFO - ::endgroup::
[2025-09-21T14:24:14.995+0000] {python.py:240} INFO - Done. Returned value was: None
[2025-09-21T14:24:15.007+0000] {taskinstance.py:341} INFO - ::group::Post task execution logs
[2025-09-21T14:24:15.008+0000] {taskinstance.py:353} INFO - Marking task as SUCCESS. dag_id=nawy_real_estate_pipeline, task_id=convert_excel_seeds_to_csv, run_id=manual__2025-09-21T14:23:51.132040+00:00, execution_date=20250921T142351, start_date=20250921T142414, end_date=20250921T142415
[2025-09-21T14:24:15.081+0000] {logging_mixin.py:190} INFO - Task instance in success state
[2025-09-21T14:24:15.082+0000] {logging_mixin.py:190} INFO -  Previous state of the Task instance: running
[2025-09-21T14:24:15.083+0000] {logging_mixin.py:190} INFO - Dag name:nawy_real_estate_pipeline queued_at:2025-09-21 14:23:51.171994+00:00
[2025-09-21T14:24:15.083+0000] {logging_mixin.py:190} INFO - Task hostname:b65782a7021d operator:PythonOperator
[2025-09-21T14:24:15.115+0000] {local_task_job_runner.py:266} INFO - Task exited with return code 0
[2025-09-21T14:24:15.144+0000] {taskinstance.py:3901} INFO - 1 downstream tasks scheduled from follow-on schedule check
[2025-09-21T14:24:15.175+0000] {local_task_job_runner.py:245} INFO - ::endgroup::
