[2025-09-21T14:09:20.249+0000] {local_task_job_runner.py:123} INFO - ::group::Pre task execution logs
[2025-09-21T14:09:20.273+0000] {taskinstance.py:2614} INFO - Dependencies all met for dep_context=non-requeueable deps ti=<TaskInstance: nawy_real_estate_pipeline.ingesting_data_from_sheets manual__2025-09-21T14:08:54.593600+00:00 [queued]>
[2025-09-21T14:09:20.283+0000] {taskinstance.py:2614} INFO - Dependencies all met for dep_context=requeueable deps ti=<TaskInstance: nawy_real_estate_pipeline.ingesting_data_from_sheets manual__2025-09-21T14:08:54.593600+00:00 [queued]>
[2025-09-21T14:09:20.284+0000] {taskinstance.py:2867} INFO - Starting attempt 1 of 1
[2025-09-21T14:09:20.325+0000] {taskinstance.py:2890} INFO - Executing <Task(BashOperator): ingesting_data_from_sheets> on 2025-09-21 14:08:54.593600+00:00
[2025-09-21T14:09:20.331+0000] {warnings.py:112} WARNING - /home/***/.local/lib/python3.12/site-packages/***/task/task_runner/standard_task_runner.py:70: DeprecationWarning: This process (pid=779) is multi-threaded, use of fork() may lead to deadlocks in the child.
  pid = os.fork()

[2025-09-21T14:09:20.333+0000] {standard_task_runner.py:72} INFO - Started process 781 to run task
[2025-09-21T14:09:20.334+0000] {standard_task_runner.py:104} INFO - Running: ['***', 'tasks', 'run', 'nawy_real_estate_pipeline', 'ingesting_data_from_sheets', 'manual__2025-09-21T14:08:54.593600+00:00', '--job-id', '323', '--raw', '--subdir', 'DAGS_FOLDER/nawy_dag.py', '--cfg-path', '/tmp/tmpn9bxjb8s']
[2025-09-21T14:09:20.335+0000] {standard_task_runner.py:105} INFO - Job 323: Subtask ingesting_data_from_sheets
[2025-09-21T14:09:20.422+0000] {task_command.py:467} INFO - Running <TaskInstance: nawy_real_estate_pipeline.ingesting_data_from_sheets manual__2025-09-21T14:08:54.593600+00:00 [running]> on host b65782a7021d
[2025-09-21T14:09:20.855+0000] {taskinstance.py:3134} INFO - Exporting env vars: AIRFLOW_CTX_DAG_OWNER='***' AIRFLOW_CTX_DAG_ID='nawy_real_estate_pipeline' AIRFLOW_CTX_TASK_ID='ingesting_data_from_sheets' AIRFLOW_CTX_EXECUTION_DATE='2025-09-21T14:08:54.593600+00:00' AIRFLOW_CTX_TRY_NUMBER='1' AIRFLOW_CTX_DAG_RUN_ID='manual__2025-09-21T14:08:54.593600+00:00'
[2025-09-21T14:09:20.857+0000] {logging_mixin.py:190} INFO - Task instance is in running state
[2025-09-21T14:09:20.857+0000] {logging_mixin.py:190} INFO -  Previous state of the Task instance: queued
[2025-09-21T14:09:20.858+0000] {logging_mixin.py:190} INFO - Current task name:ingesting_data_from_sheets state:running start_date:2025-09-21 14:09:20.274078+00:00
[2025-09-21T14:09:20.859+0000] {logging_mixin.py:190} INFO - Dag name:nawy_real_estate_pipeline and current dag run status:running
[2025-09-21T14:09:20.859+0000] {taskinstance.py:732} INFO - ::endgroup::
[2025-09-21T14:09:20.861+0000] {subprocess.py:78} INFO - Tmp dir root location: /tmp
[2025-09-21T14:09:20.862+0000] {subprocess.py:88} INFO - Running command: ['/usr/bin/bash', '-c', ' cd /opt/***/dags/../include/nawy_dbt_project && dbt seed  ']
[2025-09-21T14:09:20.874+0000] {subprocess.py:99} INFO - Output:
[2025-09-21T14:09:23.936+0000] {subprocess.py:106} INFO - [0m14:09:23  Running with dbt=1.10.11
[2025-09-21T14:09:24.364+0000] {subprocess.py:106} INFO - [0m14:09:24  Registered adapter: postgres=1.9.1
[2025-09-21T14:09:24.563+0000] {subprocess.py:106} INFO - [0m14:09:24  Unable to do partial parsing because saved manifest not found. Starting full parse.
[2025-09-21T14:09:30.214+0000] {subprocess.py:106} INFO - [0m14:09:30  Found 15 models, 1 snapshot, 2 seeds, 553 macros
[2025-09-21T14:09:30.218+0000] {subprocess.py:106} INFO - [0m14:09:30
[2025-09-21T14:09:30.219+0000] {subprocess.py:106} INFO - [0m14:09:30  Concurrency: 1 threads (target='dev')
[2025-09-21T14:09:30.220+0000] {subprocess.py:106} INFO - [0m14:09:30
[2025-09-21T14:09:30.860+0000] {subprocess.py:106} INFO - [0m14:09:30  1 of 2 START seed file dwh_seeds.de_leads ...................................... [RUN]
[2025-09-21T14:12:19.586+0000] {subprocess.py:106} INFO - [0m14:12:19  1 of 2 OK loaded seed file dwh_seeds.de_leads .................................. [[32mINSERT 55924[0m in 168.72s]
[2025-09-21T14:12:19.589+0000] {subprocess.py:106} INFO - [0m14:12:19  2 of 2 START seed file dwh_seeds.de_sales ...................................... [RUN]
[2025-09-21T14:12:22.488+0000] {subprocess.py:106} INFO - [0m14:12:22  2 of 2 OK loaded seed file dwh_seeds.de_sales .................................. [[32mINSERT 1567[0m in 2.90s]
[2025-09-21T14:12:22.550+0000] {subprocess.py:106} INFO - [0m14:12:22
[2025-09-21T14:12:22.551+0000] {subprocess.py:106} INFO - [0m14:12:22  Finished running 2 seeds in 0 hours 2 minutes and 52.33 seconds (172.33s).
[2025-09-21T14:12:22.650+0000] {subprocess.py:106} INFO - [0m14:12:22
[2025-09-21T14:12:22.651+0000] {subprocess.py:106} INFO - [0m14:12:22  [32mCompleted successfully[0m
[2025-09-21T14:12:22.652+0000] {subprocess.py:106} INFO - [0m14:12:22
[2025-09-21T14:12:22.653+0000] {subprocess.py:106} INFO - [0m14:12:22  Done. PASS=2 WARN=0 ERROR=0 SKIP=0 NO-OP=0 TOTAL=2
[2025-09-21T14:12:24.549+0000] {subprocess.py:110} INFO - Command exited with return code 0
[2025-09-21T14:12:24.613+0000] {taskinstance.py:341} INFO - ::group::Post task execution logs
[2025-09-21T14:12:24.614+0000] {taskinstance.py:353} INFO - Marking task as SUCCESS. dag_id=nawy_real_estate_pipeline, task_id=ingesting_data_from_sheets, run_id=manual__2025-09-21T14:08:54.593600+00:00, execution_date=20250921T140854, start_date=20250921T140920, end_date=20250921T141224
[2025-09-21T14:12:24.694+0000] {logging_mixin.py:190} INFO - Task instance in success state
[2025-09-21T14:12:24.695+0000] {logging_mixin.py:190} INFO -  Previous state of the Task instance: running
[2025-09-21T14:12:24.696+0000] {logging_mixin.py:190} INFO - Dag name:nawy_real_estate_pipeline queued_at:2025-09-21 14:08:54.611802+00:00
[2025-09-21T14:12:24.697+0000] {logging_mixin.py:190} INFO - Task hostname:b65782a7021d operator:BashOperator
[2025-09-21T14:12:24.731+0000] {local_task_job_runner.py:266} INFO - Task exited with return code 0
[2025-09-21T14:12:24.764+0000] {taskinstance.py:3901} INFO - 1 downstream tasks scheduled from follow-on schedule check
[2025-09-21T14:12:24.790+0000] {local_task_job_runner.py:245} INFO - ::endgroup::
