[2025-09-21T23:33:24.874+0000] {local_task_job_runner.py:123} INFO - ::group::Pre task execution logs
[2025-09-21T23:33:24.904+0000] {taskinstance.py:2614} INFO - Dependencies all met for dep_context=non-requeueable deps ti=<TaskInstance: nawy_real_estate_pipeline.soda_quality_checks_silver_layer manual__2025-09-21T14:23:51.132040+00:00 [queued]>
[2025-09-21T23:33:24.916+0000] {taskinstance.py:2614} INFO - Dependencies all met for dep_context=requeueable deps ti=<TaskInstance: nawy_real_estate_pipeline.soda_quality_checks_silver_layer manual__2025-09-21T14:23:51.132040+00:00 [queued]>
[2025-09-21T23:33:24.917+0000] {taskinstance.py:2867} INFO - Starting attempt 2 of 2
[2025-09-21T23:33:24.994+0000] {taskinstance.py:2890} INFO - Executing <Task(BashOperator): soda_quality_checks_silver_layer> on 2025-09-21 14:23:51.132040+00:00
[2025-09-21T23:33:25.005+0000] {warnings.py:112} WARNING - /home/***/.local/lib/python3.12/site-packages/***/task/task_runner/standard_task_runner.py:70: DeprecationWarning: This process (pid=841) is multi-threaded, use of fork() may lead to deadlocks in the child.
  pid = os.fork()

[2025-09-21T23:33:25.007+0000] {standard_task_runner.py:72} INFO - Started process 843 to run task
[2025-09-21T23:33:25.009+0000] {standard_task_runner.py:104} INFO - Running: ['***', 'tasks', 'run', 'nawy_real_estate_pipeline', 'soda_quality_checks_silver_layer', 'manual__2025-09-21T14:23:51.132040+00:00', '--job-id', '405', '--raw', '--subdir', 'DAGS_FOLDER/nawy_dag.py', '--cfg-path', '/tmp/tmp0sdesuli']
[2025-09-21T23:33:25.011+0000] {standard_task_runner.py:105} INFO - Job 405: Subtask soda_quality_checks_silver_layer
[2025-09-21T23:33:25.122+0000] {task_command.py:467} INFO - Running <TaskInstance: nawy_real_estate_pipeline.soda_quality_checks_silver_layer manual__2025-09-21T14:23:51.132040+00:00 [running]> on host b65782a7021d
[2025-09-21T23:33:25.585+0000] {taskinstance.py:3134} INFO - Exporting env vars: AIRFLOW_CTX_DAG_OWNER='***' AIRFLOW_CTX_DAG_ID='nawy_real_estate_pipeline' AIRFLOW_CTX_TASK_ID='soda_quality_checks_silver_layer' AIRFLOW_CTX_EXECUTION_DATE='2025-09-21T14:23:51.132040+00:00' AIRFLOW_CTX_TRY_NUMBER='2' AIRFLOW_CTX_DAG_RUN_ID='manual__2025-09-21T14:23:51.132040+00:00'
[2025-09-21T23:33:25.586+0000] {logging_mixin.py:190} INFO - Task instance is in running state
[2025-09-21T23:33:25.586+0000] {logging_mixin.py:190} INFO -  Previous state of the Task instance: queued
[2025-09-21T23:33:25.587+0000] {logging_mixin.py:190} INFO - Current task name:soda_quality_checks_silver_layer state:running start_date:2025-09-21 23:33:24.905340+00:00
[2025-09-21T23:33:25.587+0000] {logging_mixin.py:190} INFO - Dag name:nawy_real_estate_pipeline and current dag run status:running
[2025-09-21T23:33:25.588+0000] {taskinstance.py:732} INFO - ::endgroup::
[2025-09-21T23:33:25.589+0000] {subprocess.py:78} INFO - Tmp dir root location: /tmp
[2025-09-21T23:33:25.637+0000] {subprocess.py:88} INFO - Running command: ['/usr/bin/bash', '-c', ' cd /opt/***/dags/../include/nawy_soda_project && soda scan  -d nawy_task_destination -c configuration.yml checks/silver || true']
[2025-09-21T23:33:25.653+0000] {subprocess.py:99} INFO - Output:
[2025-09-21T23:33:27.783+0000] {subprocess.py:106} INFO - [23:33:27] Soda Core 3.5.5
[2025-09-21T23:33:28.254+0000] {subprocess.py:106} INFO - [23:33:28] Using DefaultSampler
[2025-09-21T23:33:28.259+0000] {subprocess.py:106} INFO - [23:33:28] Using DefaultSampler
[2025-09-21T23:33:28.263+0000] {subprocess.py:106} INFO - [23:33:28] Using DefaultSampler
[2025-09-21T23:33:28.288+0000] {subprocess.py:106} INFO - [23:33:28] Using DefaultSampler
[2025-09-21T23:33:28.322+0000] {subprocess.py:106} INFO - [23:33:28] Using DefaultSampler
[2025-09-21T23:33:28.437+0000] {subprocess.py:106} INFO - [23:33:28] Using DefaultSampler
[2025-09-21T23:33:28.513+0000] {subprocess.py:106} INFO - [23:33:28] Using DefaultSampler
[2025-09-21T23:33:28.514+0000] {subprocess.py:106} INFO - [23:33:28] Scan summary:
[2025-09-21T23:33:28.514+0000] {subprocess.py:106} INFO - [23:33:28] 9/11 checks PASSED:
[2025-09-21T23:33:28.515+0000] {subprocess.py:106} INFO - [23:33:28]     sales_transformed in nawy_task_destination
[2025-09-21T23:33:28.516+0000] {subprocess.py:106} INFO - [23:33:28]        combination used in key generation must be unique per each record [PASSED]
[2025-09-21T23:33:28.517+0000] {subprocess.py:106} INFO - [23:33:28]       Finalized sales must have an actual_value [PASSED]
[2025-09-21T23:33:28.517+0000] {subprocess.py:106} INFO - [23:33:28]       Orphan sales entries (no lead_id) should not exist [PASSED]
[2025-09-21T23:33:28.518+0000] {subprocess.py:106} INFO - [23:33:28]       sale_id must be unique [PASSED]
[2025-09-21T23:33:28.518+0000] {subprocess.py:106} INFO - [23:33:28]     leads_transformed in nawy_task_destination
[2025-09-21T23:33:28.519+0000] {subprocess.py:106} INFO - [23:33:28]       last contact date cant be in the future [PASSED]
[2025-09-21T23:33:28.519+0000] {subprocess.py:106} INFO - [23:33:28]       all status names should be standardized to lowercase [PASSED]
[2025-09-21T23:33:28.520+0000] {subprocess.py:106} INFO - [23:33:28]       all lead_types should be standardized to lowercase [PASSED]
[2025-09-21T23:33:28.521+0000] {subprocess.py:106} INFO - [23:33:28]       lead_id cannot be null [PASSED]
[2025-09-21T23:33:28.522+0000] {subprocess.py:106} INFO - [23:33:28]       the value campaign ='(none)' is not valid here [PASSED]
[2025-09-21T23:33:28.522+0000] {subprocess.py:106} INFO - [23:33:28] 2/11 checks WARNED:
[2025-09-21T23:33:28.523+0000] {subprocess.py:106} INFO - [23:33:28]     sales_transformed in nawy_task_destination
[2025-09-21T23:33:28.524+0000] {subprocess.py:106} INFO - [23:33:28]       Contraction date must be after or on the reservation date [WARNED]
[2025-09-21T23:33:28.525+0000] {subprocess.py:106} INFO - [23:33:28]         value: 2
[2025-09-21T23:33:28.525+0000] {subprocess.py:106} INFO - [23:33:28]     leads_transformed in nawy_task_destination
[2025-09-21T23:33:28.526+0000] {subprocess.py:106} INFO - [23:33:28]       updated_at must be after or equal to the created timestamp [WARNED]
[2025-09-21T23:33:28.527+0000] {subprocess.py:106} INFO - [23:33:28]         value: 1
[2025-09-21T23:33:28.527+0000] {subprocess.py:106} INFO - [23:33:28] Only 2 warnings. 0 failures. 0 errors. 9 pass.
[2025-09-21T23:33:29.026+0000] {subprocess.py:110} INFO - Command exited with return code 0
[2025-09-21T23:33:29.334+0000] {taskinstance.py:341} INFO - ::group::Post task execution logs
[2025-09-21T23:33:29.406+0000] {taskinstance.py:353} INFO - Marking task as SUCCESS. dag_id=nawy_real_estate_pipeline, task_id=soda_quality_checks_silver_layer, run_id=manual__2025-09-21T14:23:51.132040+00:00, execution_date=20250921T142351, start_date=20250921T233324, end_date=20250921T233329
[2025-09-21T23:33:29.542+0000] {logging_mixin.py:190} INFO - Task instance in success state
[2025-09-21T23:33:29.543+0000] {logging_mixin.py:190} INFO -  Previous state of the Task instance: running
[2025-09-21T23:33:29.543+0000] {logging_mixin.py:190} INFO - Dag name:nawy_real_estate_pipeline queued_at:2025-09-21 23:24:57.150382+00:00
[2025-09-21T23:33:29.544+0000] {logging_mixin.py:190} INFO - Task hostname:b65782a7021d operator:BashOperator
[2025-09-21T23:33:29.595+0000] {local_task_job_runner.py:266} INFO - Task exited with return code 0
[2025-09-21T23:33:29.646+0000] {taskinstance.py:3901} INFO - 1 downstream tasks scheduled from follow-on schedule check
[2025-09-21T23:33:29.673+0000] {local_task_job_runner.py:245} INFO - ::endgroup::
