[2025-09-21T23:17:44.724+0000] {local_task_job_runner.py:123} INFO - ::group::Pre task execution logs
[2025-09-21T23:17:44.762+0000] {taskinstance.py:2614} INFO - Dependencies all met for dep_context=non-requeueable deps ti=<TaskInstance: nawy_real_estate_pipeline.installing_required_dependencies scheduled__2025-09-18T00:00:00+00:00 [queued]>
[2025-09-21T23:17:44.779+0000] {taskinstance.py:2614} INFO - Dependencies all met for dep_context=requeueable deps ti=<TaskInstance: nawy_real_estate_pipeline.installing_required_dependencies scheduled__2025-09-18T00:00:00+00:00 [queued]>
[2025-09-21T23:17:44.780+0000] {taskinstance.py:2867} INFO - Starting attempt 2 of 2
[2025-09-21T23:17:44.938+0000] {taskinstance.py:2890} INFO - Executing <Task(BashOperator): installing_required_dependencies> on 2025-09-18 00:00:00+00:00
[2025-09-21T23:17:44.962+0000] {warnings.py:112} WARNING - /home/***/.local/lib/python3.12/site-packages/***/task/task_runner/standard_task_runner.py:70: DeprecationWarning: This process (pid=106) is multi-threaded, use of fork() may lead to deadlocks in the child.
  pid = os.fork()

[2025-09-21T23:17:44.967+0000] {standard_task_runner.py:72} INFO - Started process 136 to run task
[2025-09-21T23:17:44.981+0000] {standard_task_runner.py:104} INFO - Running: ['***', 'tasks', 'run', 'nawy_real_estate_pipeline', 'installing_required_dependencies', 'scheduled__2025-09-18T00:00:00+00:00', '--job-id', '355', '--raw', '--subdir', 'DAGS_FOLDER/nawy_dag.py', '--cfg-path', '/tmp/tmpa86yw5zs']
[2025-09-21T23:17:44.983+0000] {standard_task_runner.py:105} INFO - Job 355: Subtask installing_required_dependencies
[2025-09-21T23:17:45.257+0000] {task_command.py:467} INFO - Running <TaskInstance: nawy_real_estate_pipeline.installing_required_dependencies scheduled__2025-09-18T00:00:00+00:00 [running]> on host b65782a7021d
[2025-09-21T23:17:46.667+0000] {taskinstance.py:3134} INFO - Exporting env vars: AIRFLOW_CTX_DAG_OWNER='***' AIRFLOW_CTX_DAG_ID='nawy_real_estate_pipeline' AIRFLOW_CTX_TASK_ID='installing_required_dependencies' AIRFLOW_CTX_EXECUTION_DATE='2025-09-18T00:00:00+00:00' AIRFLOW_CTX_TRY_NUMBER='2' AIRFLOW_CTX_DAG_RUN_ID='scheduled__2025-09-18T00:00:00+00:00'
[2025-09-21T23:17:46.668+0000] {logging_mixin.py:190} INFO - Task instance is in running state
[2025-09-21T23:17:46.668+0000] {logging_mixin.py:190} INFO -  Previous state of the Task instance: queued
[2025-09-21T23:17:46.669+0000] {logging_mixin.py:190} INFO - Current task name:installing_required_dependencies state:running start_date:2025-09-21 23:17:44.764875+00:00
[2025-09-21T23:17:46.670+0000] {logging_mixin.py:190} INFO - Dag name:nawy_real_estate_pipeline and current dag run status:running
[2025-09-21T23:17:46.671+0000] {taskinstance.py:732} INFO - ::endgroup::
[2025-09-21T23:17:46.672+0000] {subprocess.py:78} INFO - Tmp dir root location: /tmp
[2025-09-21T23:17:46.673+0000] {subprocess.py:88} INFO - Running command: ['/usr/bin/bash', '-c', ' cd /opt/***/dags/../include/nawy_dbt_project && dbt clean &&  dbt deps --no-version-check ']
[2025-09-21T23:17:46.684+0000] {subprocess.py:99} INFO - Output:
[2025-09-21T23:19:09.713+0000] {subprocess.py:106} INFO - [0m23:19:09  Running with dbt=1.10.11
[2025-09-21T23:19:46.355+0000] {subprocess.py:106} INFO - [0m23:19:46  Checking /opt/***/include/nawy_dbt_project/dbt_packages/*
[2025-09-21T23:19:49.124+0000] {subprocess.py:106} INFO - [0m23:19:49  Cleaned /opt/***/include/nawy_dbt_project/dbt_packages/*
[2025-09-21T23:19:49.125+0000] {subprocess.py:106} INFO - [0m23:19:49  Checking /opt/***/include/nawy_dbt_project/target/*
[2025-09-21T23:19:49.128+0000] {subprocess.py:106} INFO - [0m23:19:49  Cleaned /opt/***/include/nawy_dbt_project/target/*
[2025-09-21T23:19:49.130+0000] {subprocess.py:106} INFO - [0m23:19:49  Finished cleaning all paths.
[2025-09-21T23:20:49.681+0000] {subprocess.py:106} INFO - [0m23:20:49  Running with dbt=1.10.11
[2025-09-21T23:20:54.603+0000] {subprocess.py:106} INFO - [0m23:20:54  Installing dbt-labs/dbt_utils
[2025-09-21T23:21:04.548+0000] {subprocess.py:106} INFO - [0m23:21:04  Installed from version 1.3.0
[2025-09-21T23:21:04.549+0000] {subprocess.py:106} INFO - [0m23:21:04  Updated version available: 1.3.1
[2025-09-21T23:21:04.552+0000] {subprocess.py:106} INFO - [0m23:21:04
[2025-09-21T23:21:04.554+0000] {subprocess.py:106} INFO - [0m23:21:04  Updates available for packages: ['dbt-labs/dbt_utils']
[2025-09-21T23:21:04.556+0000] {subprocess.py:106} INFO - Update your versions in packages.yml, then run dbt deps
[2025-09-21T23:21:05.878+0000] {subprocess.py:110} INFO - Command exited with return code 0
[2025-09-21T23:21:06.628+0000] {taskinstance.py:341} INFO - ::group::Post task execution logs
[2025-09-21T23:21:06.629+0000] {taskinstance.py:353} INFO - Marking task as SUCCESS. dag_id=nawy_real_estate_pipeline, task_id=installing_required_dependencies, run_id=scheduled__2025-09-18T00:00:00+00:00, execution_date=20250918T000000, start_date=20250921T231744, end_date=20250921T232106
[2025-09-21T23:21:06.974+0000] {logging_mixin.py:190} INFO - Task instance in success state
[2025-09-21T23:21:06.976+0000] {logging_mixin.py:190} INFO -  Previous state of the Task instance: running
[2025-09-21T23:21:06.977+0000] {logging_mixin.py:190} INFO - Dag name:nawy_real_estate_pipeline queued_at:2025-09-21 23:03:47.690320+00:00
[2025-09-21T23:21:06.977+0000] {logging_mixin.py:190} INFO - Task hostname:b65782a7021d operator:BashOperator
[2025-09-21T23:21:07.043+0000] {local_task_job_runner.py:266} INFO - Task exited with return code 0
[2025-09-21T23:21:07.104+0000] {taskinstance.py:3901} INFO - 1 downstream tasks scheduled from follow-on schedule check
[2025-09-21T23:21:07.196+0000] {local_task_job_runner.py:245} INFO - ::endgroup::
