[2025-09-22T00:03:54.790+0000] {local_task_job_runner.py:123} INFO - ::group::Pre task execution logs
[2025-09-22T00:03:54.820+0000] {taskinstance.py:2614} INFO - Dependencies all met for dep_context=non-requeueable deps ti=<TaskInstance: nawy_real_estate_pipeline.soda_quality_checks_silver_layer scheduled__2025-09-21T00:00:00+00:00 [queued]>
[2025-09-22T00:03:54.835+0000] {taskinstance.py:2614} INFO - Dependencies all met for dep_context=requeueable deps ti=<TaskInstance: nawy_real_estate_pipeline.soda_quality_checks_silver_layer scheduled__2025-09-21T00:00:00+00:00 [queued]>
[2025-09-22T00:03:54.836+0000] {taskinstance.py:2867} INFO - Starting attempt 1 of 1
[2025-09-22T00:03:54.964+0000] {taskinstance.py:2890} INFO - Executing <Task(BashOperator): soda_quality_checks_silver_layer> on 2025-09-21 00:00:00+00:00
[2025-09-22T00:03:54.971+0000] {warnings.py:112} WARNING - /home/***/.local/lib/python3.12/site-packages/***/task/task_runner/standard_task_runner.py:70: DeprecationWarning: This process (pid=1534) is multi-threaded, use of fork() may lead to deadlocks in the child.
  pid = os.fork()

[2025-09-22T00:03:54.972+0000] {standard_task_runner.py:72} INFO - Started process 1536 to run task
[2025-09-22T00:03:54.973+0000] {standard_task_runner.py:104} INFO - Running: ['***', 'tasks', 'run', 'nawy_real_estate_pipeline', 'soda_quality_checks_silver_layer', 'scheduled__2025-09-21T00:00:00+00:00', '--job-id', '427', '--raw', '--subdir', 'DAGS_FOLDER/nawy_dag.py', '--cfg-path', '/tmp/tmpnk2gt5p7']
[2025-09-22T00:03:54.975+0000] {standard_task_runner.py:105} INFO - Job 427: Subtask soda_quality_checks_silver_layer
[2025-09-22T00:03:55.050+0000] {task_command.py:467} INFO - Running <TaskInstance: nawy_real_estate_pipeline.soda_quality_checks_silver_layer scheduled__2025-09-21T00:00:00+00:00 [running]> on host b65782a7021d
[2025-09-22T00:03:55.400+0000] {taskinstance.py:3134} INFO - Exporting env vars: AIRFLOW_CTX_DAG_OWNER='***' AIRFLOW_CTX_DAG_ID='nawy_real_estate_pipeline' AIRFLOW_CTX_TASK_ID='soda_quality_checks_silver_layer' AIRFLOW_CTX_EXECUTION_DATE='2025-09-21T00:00:00+00:00' AIRFLOW_CTX_TRY_NUMBER='1' AIRFLOW_CTX_DAG_RUN_ID='scheduled__2025-09-21T00:00:00+00:00'
[2025-09-22T00:03:55.401+0000] {logging_mixin.py:190} INFO - Task instance is in running state
[2025-09-22T00:03:55.401+0000] {logging_mixin.py:190} INFO -  Previous state of the Task instance: queued
[2025-09-22T00:03:55.402+0000] {logging_mixin.py:190} INFO - Current task name:soda_quality_checks_silver_layer state:running start_date:2025-09-22 00:03:54.820832+00:00
[2025-09-22T00:03:55.402+0000] {logging_mixin.py:190} INFO - Dag name:nawy_real_estate_pipeline and current dag run status:running
[2025-09-22T00:03:55.403+0000] {taskinstance.py:732} INFO - ::endgroup::
[2025-09-22T00:03:55.404+0000] {subprocess.py:78} INFO - Tmp dir root location: /tmp
[2025-09-22T00:03:55.406+0000] {subprocess.py:88} INFO - Running command: ['/usr/bin/bash', '-c', ' cd /opt/***/dags/../include/nawy_soda_project && soda scan  -d nawy_task_destination -c configuration.yml checks/silver || true']
[2025-09-22T00:03:55.420+0000] {subprocess.py:99} INFO - Output:
[2025-09-22T00:03:56.860+0000] {subprocess.py:106} INFO - [00:03:56] Soda Core 3.5.5
[2025-09-22T00:03:57.260+0000] {subprocess.py:106} INFO - [00:03:57] Using DefaultSampler
[2025-09-22T00:03:57.263+0000] {subprocess.py:106} INFO - [00:03:57] Using DefaultSampler
[2025-09-22T00:03:57.266+0000] {subprocess.py:106} INFO - [00:03:57] Using DefaultSampler
[2025-09-22T00:03:57.276+0000] {subprocess.py:106} INFO - [00:03:57] Using DefaultSampler
[2025-09-22T00:03:57.300+0000] {subprocess.py:106} INFO - [00:03:57] Using DefaultSampler
[2025-09-22T00:03:57.387+0000] {subprocess.py:106} INFO - [00:03:57] Using DefaultSampler
[2025-09-22T00:03:57.434+0000] {subprocess.py:106} INFO - [00:03:57] Using DefaultSampler
[2025-09-22T00:03:57.435+0000] {subprocess.py:106} INFO - [00:03:57] Scan summary:
[2025-09-22T00:03:57.436+0000] {subprocess.py:106} INFO - [00:03:57] 9/11 checks PASSED:
[2025-09-22T00:03:57.436+0000] {subprocess.py:106} INFO - [00:03:57]     sales_transformed in nawy_task_destination
[2025-09-22T00:03:57.437+0000] {subprocess.py:106} INFO - [00:03:57]        combination used in key generation must be unique per each record [PASSED]
[2025-09-22T00:03:57.438+0000] {subprocess.py:106} INFO - [00:03:57]       Finalized sales must have an actual_value [PASSED]
[2025-09-22T00:03:57.438+0000] {subprocess.py:106} INFO - [00:03:57]       Orphan sales entries (no lead_id) should not exist [PASSED]
[2025-09-22T00:03:57.438+0000] {subprocess.py:106} INFO - [00:03:57]       sale_id must be unique [PASSED]
[2025-09-22T00:03:57.439+0000] {subprocess.py:106} INFO - [00:03:57]     leads_transformed in nawy_task_destination
[2025-09-22T00:03:57.439+0000] {subprocess.py:106} INFO - [00:03:57]       last contact date cant be in the future [PASSED]
[2025-09-22T00:03:57.440+0000] {subprocess.py:106} INFO - [00:03:57]       all status names should be standardized to lowercase [PASSED]
[2025-09-22T00:03:57.440+0000] {subprocess.py:106} INFO - [00:03:57]       all lead_types should be standardized to lowercase [PASSED]
[2025-09-22T00:03:57.441+0000] {subprocess.py:106} INFO - [00:03:57]       lead_id cannot be null [PASSED]
[2025-09-22T00:03:57.441+0000] {subprocess.py:106} INFO - [00:03:57]       the value campaign ='(none)' is not valid here [PASSED]
[2025-09-22T00:03:57.441+0000] {subprocess.py:106} INFO - [00:03:57] 2/11 checks WARNED:
[2025-09-22T00:03:57.442+0000] {subprocess.py:106} INFO - [00:03:57]     sales_transformed in nawy_task_destination
[2025-09-22T00:03:57.442+0000] {subprocess.py:106} INFO - [00:03:57]       Contraction date must be after or on the reservation date [WARNED]
[2025-09-22T00:03:57.443+0000] {subprocess.py:106} INFO - [00:03:57]         value: 2
[2025-09-22T00:03:57.443+0000] {subprocess.py:106} INFO - [00:03:57]     leads_transformed in nawy_task_destination
[2025-09-22T00:03:57.444+0000] {subprocess.py:106} INFO - [00:03:57]       updated_at must be after or equal to the created timestamp [WARNED]
[2025-09-22T00:03:57.444+0000] {subprocess.py:106} INFO - [00:03:57]         value: 1
[2025-09-22T00:03:57.445+0000] {subprocess.py:106} INFO - [00:03:57] Only 2 warnings. 0 failures. 0 errors. 9 pass.
[2025-09-22T00:03:57.941+0000] {subprocess.py:110} INFO - Command exited with return code 0
[2025-09-22T00:03:57.988+0000] {taskinstance.py:341} INFO - ::group::Post task execution logs
[2025-09-22T00:03:57.989+0000] {taskinstance.py:353} INFO - Marking task as SUCCESS. dag_id=nawy_real_estate_pipeline, task_id=soda_quality_checks_silver_layer, run_id=scheduled__2025-09-21T00:00:00+00:00, execution_date=20250921T000000, start_date=20250922T000354, end_date=20250922T000357
[2025-09-22T00:03:58.063+0000] {logging_mixin.py:190} INFO - Task instance in success state
[2025-09-22T00:03:58.063+0000] {logging_mixin.py:190} INFO -  Previous state of the Task instance: running
[2025-09-22T00:03:58.064+0000] {logging_mixin.py:190} INFO - Dag name:nawy_real_estate_pipeline queued_at:2025-09-22 00:00:00.042341+00:00
[2025-09-22T00:03:58.065+0000] {logging_mixin.py:190} INFO - Task hostname:b65782a7021d operator:BashOperator
[2025-09-22T00:03:58.115+0000] {local_task_job_runner.py:266} INFO - Task exited with return code 0
[2025-09-22T00:03:58.142+0000] {taskinstance.py:3901} INFO - 1 downstream tasks scheduled from follow-on schedule check
[2025-09-22T00:03:58.168+0000] {local_task_job_runner.py:245} INFO - ::endgroup::
