[2025-09-21T23:41:37.068+0000] {local_task_job_runner.py:123} INFO - ::group::Pre task execution logs
[2025-09-21T23:41:37.095+0000] {taskinstance.py:2614} INFO - Dependencies all met for dep_context=non-requeueable deps ti=<TaskInstance: nawy_real_estate_pipeline.build_scd2_table manual__2025-09-21T23:37:30.907919+00:00 [queued]>
[2025-09-21T23:41:37.111+0000] {taskinstance.py:2614} INFO - Dependencies all met for dep_context=requeueable deps ti=<TaskInstance: nawy_real_estate_pipeline.build_scd2_table manual__2025-09-21T23:37:30.907919+00:00 [queued]>
[2025-09-21T23:41:37.112+0000] {taskinstance.py:2867} INFO - Starting attempt 1 of 1
[2025-09-21T23:41:37.153+0000] {taskinstance.py:2890} INFO - Executing <Task(BashOperator): build_scd2_table> on 2025-09-21 23:37:30.907919+00:00
[2025-09-21T23:41:37.163+0000] {warnings.py:112} WARNING - /home/***/.local/lib/python3.12/site-packages/***/task/task_runner/standard_task_runner.py:70: DeprecationWarning: This process (pid=1138) is multi-threaded, use of fork() may lead to deadlocks in the child.
  pid = os.fork()

[2025-09-21T23:41:37.165+0000] {standard_task_runner.py:72} INFO - Started process 1140 to run task
[2025-09-21T23:41:37.166+0000] {standard_task_runner.py:104} INFO - Running: ['***', 'tasks', 'run', 'nawy_real_estate_pipeline', 'build_scd2_table', 'manual__2025-09-21T23:37:30.907919+00:00', '--job-id', '419', '--raw', '--subdir', 'DAGS_FOLDER/nawy_dag.py', '--cfg-path', '/tmp/tmposjg1hxk']
[2025-09-21T23:41:37.167+0000] {standard_task_runner.py:105} INFO - Job 419: Subtask build_scd2_table
[2025-09-21T23:41:37.264+0000] {task_command.py:467} INFO - Running <TaskInstance: nawy_real_estate_pipeline.build_scd2_table manual__2025-09-21T23:37:30.907919+00:00 [running]> on host b65782a7021d
[2025-09-21T23:41:37.717+0000] {taskinstance.py:3134} INFO - Exporting env vars: AIRFLOW_CTX_DAG_OWNER='***' AIRFLOW_CTX_DAG_ID='nawy_real_estate_pipeline' AIRFLOW_CTX_TASK_ID='build_scd2_table' AIRFLOW_CTX_EXECUTION_DATE='2025-09-21T23:37:30.907919+00:00' AIRFLOW_CTX_TRY_NUMBER='1' AIRFLOW_CTX_DAG_RUN_ID='manual__2025-09-21T23:37:30.907919+00:00'
[2025-09-21T23:41:37.718+0000] {logging_mixin.py:190} INFO - Task instance is in running state
[2025-09-21T23:41:37.719+0000] {logging_mixin.py:190} INFO -  Previous state of the Task instance: queued
[2025-09-21T23:41:37.719+0000] {logging_mixin.py:190} INFO - Current task name:build_scd2_table state:running start_date:2025-09-21 23:41:37.096640+00:00
[2025-09-21T23:41:37.720+0000] {logging_mixin.py:190} INFO - Dag name:nawy_real_estate_pipeline and current dag run status:running
[2025-09-21T23:41:37.721+0000] {taskinstance.py:732} INFO - ::endgroup::
[2025-09-21T23:41:37.723+0000] {subprocess.py:78} INFO - Tmp dir root location: /tmp
[2025-09-21T23:41:37.745+0000] {subprocess.py:88} INFO - Running command: ['/usr/bin/bash', '-c', ' cd /opt/***/dags/../include/nawy_dbt_project && dbt snapshot ']
[2025-09-21T23:41:37.761+0000] {subprocess.py:99} INFO - Output:
[2025-09-21T23:41:41.325+0000] {subprocess.py:106} INFO - [0m23:41:41  Running with dbt=1.10.11
[2025-09-21T23:41:41.891+0000] {subprocess.py:106} INFO - [0m23:41:41  Registered adapter: postgres=1.9.1
[2025-09-21T23:41:44.972+0000] {subprocess.py:106} INFO - [0m23:41:44  Found 15 models, 1 snapshot, 2 seeds, 553 macros
[2025-09-21T23:41:44.978+0000] {subprocess.py:106} INFO - [0m23:41:44
[2025-09-21T23:41:44.979+0000] {subprocess.py:106} INFO - [0m23:41:44  Concurrency: 5 threads (target='dev')
[2025-09-21T23:41:44.980+0000] {subprocess.py:106} INFO - [0m23:41:44
[2025-09-21T23:41:45.468+0000] {subprocess.py:106} INFO - [0m23:41:45  1 of 1 START snapshot dwh_snapshots.leads_dim_snapshot ......................... [RUN]
[2025-09-21T23:41:46.232+0000] {subprocess.py:106} INFO - [0m23:41:46  1 of 1 OK snapshotted dwh_snapshots.leads_dim_snapshot ......................... [[32mINSERT 0 0[0m in 0.76s]
[2025-09-21T23:41:46.396+0000] {subprocess.py:106} INFO - [0m23:41:46
[2025-09-21T23:41:46.397+0000] {subprocess.py:106} INFO - [0m23:41:46  Finished running 1 snapshot in 0 hours 0 minutes and 1.41 seconds (1.41s).
[2025-09-21T23:41:46.522+0000] {subprocess.py:106} INFO - [0m23:41:46
[2025-09-21T23:41:46.523+0000] {subprocess.py:106} INFO - [0m23:41:46  [32mCompleted successfully[0m
[2025-09-21T23:41:46.524+0000] {subprocess.py:106} INFO - [0m23:41:46
[2025-09-21T23:41:46.525+0000] {subprocess.py:106} INFO - [0m23:41:46  Done. PASS=1 WARN=0 ERROR=0 SKIP=0 NO-OP=0 TOTAL=1
[2025-09-21T23:41:47.679+0000] {subprocess.py:110} INFO - Command exited with return code 0
[2025-09-21T23:41:47.788+0000] {taskinstance.py:341} INFO - ::group::Post task execution logs
[2025-09-21T23:41:47.789+0000] {taskinstance.py:353} INFO - Marking task as SUCCESS. dag_id=nawy_real_estate_pipeline, task_id=build_scd2_table, run_id=manual__2025-09-21T23:37:30.907919+00:00, execution_date=20250921T233730, start_date=20250921T234137, end_date=20250921T234147
[2025-09-21T23:41:47.871+0000] {logging_mixin.py:190} INFO - Task instance in success state
[2025-09-21T23:41:47.872+0000] {logging_mixin.py:190} INFO -  Previous state of the Task instance: running
[2025-09-21T23:41:47.873+0000] {logging_mixin.py:190} INFO - Dag name:nawy_real_estate_pipeline queued_at:2025-09-21 23:37:30.922836+00:00
[2025-09-21T23:41:47.874+0000] {logging_mixin.py:190} INFO - Task hostname:b65782a7021d operator:BashOperator
[2025-09-21T23:41:47.891+0000] {local_task_job_runner.py:266} INFO - Task exited with return code 0
[2025-09-21T23:41:47.926+0000] {taskinstance.py:3901} INFO - 1 downstream tasks scheduled from follow-on schedule check
[2025-09-21T23:41:47.957+0000] {local_task_job_runner.py:245} INFO - ::endgroup::
