[2025-09-21T14:23:53.432+0000] {local_task_job_runner.py:123} INFO - ::group::Pre task execution logs
[2025-09-21T14:23:53.450+0000] {taskinstance.py:2614} INFO - Dependencies all met for dep_context=non-requeueable deps ti=<TaskInstance: nawy_real_estate_pipeline.installing_required_dependencies manual__2025-09-21T14:23:51.132040+00:00 [queued]>
[2025-09-21T14:23:53.458+0000] {taskinstance.py:2614} INFO - Dependencies all met for dep_context=requeueable deps ti=<TaskInstance: nawy_real_estate_pipeline.installing_required_dependencies manual__2025-09-21T14:23:51.132040+00:00 [queued]>
[2025-09-21T14:23:53.458+0000] {taskinstance.py:2867} INFO - Starting attempt 1 of 1
[2025-09-21T14:23:53.527+0000] {taskinstance.py:2890} INFO - Executing <Task(BashOperator): installing_required_dependencies> on 2025-09-21 14:23:51.132040+00:00
[2025-09-21T14:23:53.533+0000] {warnings.py:112} WARNING - /home/***/.local/lib/python3.12/site-packages/***/task/task_runner/standard_task_runner.py:70: DeprecationWarning: This process (pid=1051) is multi-threaded, use of fork() may lead to deadlocks in the child.
  pid = os.fork()

[2025-09-21T14:23:53.535+0000] {standard_task_runner.py:72} INFO - Started process 1053 to run task
[2025-09-21T14:23:53.536+0000] {standard_task_runner.py:104} INFO - Running: ['***', 'tasks', 'run', 'nawy_real_estate_pipeline', 'installing_required_dependencies', 'manual__2025-09-21T14:23:51.132040+00:00', '--job-id', '330', '--raw', '--subdir', 'DAGS_FOLDER/nawy_dag.py', '--cfg-path', '/tmp/tmpv1uql38y']
[2025-09-21T14:23:53.537+0000] {standard_task_runner.py:105} INFO - Job 330: Subtask installing_required_dependencies
[2025-09-21T14:23:53.629+0000] {task_command.py:467} INFO - Running <TaskInstance: nawy_real_estate_pipeline.installing_required_dependencies manual__2025-09-21T14:23:51.132040+00:00 [running]> on host b65782a7021d
[2025-09-21T14:23:54.704+0000] {taskinstance.py:3134} INFO - Exporting env vars: AIRFLOW_CTX_DAG_OWNER='***' AIRFLOW_CTX_DAG_ID='nawy_real_estate_pipeline' AIRFLOW_CTX_TASK_ID='installing_required_dependencies' AIRFLOW_CTX_EXECUTION_DATE='2025-09-21T14:23:51.132040+00:00' AIRFLOW_CTX_TRY_NUMBER='1' AIRFLOW_CTX_DAG_RUN_ID='manual__2025-09-21T14:23:51.132040+00:00'
[2025-09-21T14:23:54.706+0000] {logging_mixin.py:190} INFO - Task instance is in running state
[2025-09-21T14:23:54.707+0000] {logging_mixin.py:190} INFO -  Previous state of the Task instance: queued
[2025-09-21T14:23:54.707+0000] {logging_mixin.py:190} INFO - Current task name:installing_required_dependencies state:running start_date:2025-09-21 14:23:53.451519+00:00
[2025-09-21T14:23:54.708+0000] {logging_mixin.py:190} INFO - Dag name:nawy_real_estate_pipeline and current dag run status:running
[2025-09-21T14:23:54.709+0000] {taskinstance.py:732} INFO - ::endgroup::
[2025-09-21T14:23:54.711+0000] {subprocess.py:78} INFO - Tmp dir root location: /tmp
[2025-09-21T14:23:54.714+0000] {subprocess.py:88} INFO - Running command: ['/usr/bin/bash', '-c', ' cd /opt/***/dags/../include/nawy_dbt_project && dbt clean &&  dbt deps --no-version-check ']
[2025-09-21T14:23:54.730+0000] {subprocess.py:99} INFO - Output:
[2025-09-21T14:23:58.336+0000] {subprocess.py:106} INFO - [0m14:23:58  Running with dbt=1.10.11
[2025-09-21T14:23:58.630+0000] {subprocess.py:106} INFO - [0m14:23:58  Checking /opt/***/include/nawy_dbt_project/dbt_packages/*
[2025-09-21T14:23:59.188+0000] {subprocess.py:106} INFO - [0m14:23:59  Cleaned /opt/***/include/nawy_dbt_project/dbt_packages/*
[2025-09-21T14:23:59.189+0000] {subprocess.py:106} INFO - [0m14:23:59  Checking /opt/***/include/nawy_dbt_project/target/*
[2025-09-21T14:23:59.343+0000] {subprocess.py:106} INFO - [0m14:23:59  Cleaned /opt/***/include/nawy_dbt_project/target/*
[2025-09-21T14:23:59.344+0000] {subprocess.py:106} INFO - [0m14:23:59  Finished cleaning all paths.
[2025-09-21T14:24:03.949+0000] {subprocess.py:106} INFO - [0m14:24:03  Running with dbt=1.10.11
[2025-09-21T14:24:04.925+0000] {subprocess.py:106} INFO - [0m14:24:04  Installing dbt-labs/dbt_utils
[2025-09-21T14:24:10.667+0000] {subprocess.py:106} INFO - [0m14:24:10  Installed from version 1.3.0
[2025-09-21T14:24:10.668+0000] {subprocess.py:106} INFO - [0m14:24:10  Updated version available: 1.3.1
[2025-09-21T14:24:10.670+0000] {subprocess.py:106} INFO - [0m14:24:10
[2025-09-21T14:24:10.671+0000] {subprocess.py:106} INFO - [0m14:24:10  Updates available for packages: ['dbt-labs/dbt_utils']
[2025-09-21T14:24:10.671+0000] {subprocess.py:106} INFO - Update your versions in packages.yml, then run dbt deps
[2025-09-21T14:24:11.788+0000] {subprocess.py:110} INFO - Command exited with return code 0
[2025-09-21T14:24:11.846+0000] {taskinstance.py:341} INFO - ::group::Post task execution logs
[2025-09-21T14:24:11.847+0000] {taskinstance.py:353} INFO - Marking task as SUCCESS. dag_id=nawy_real_estate_pipeline, task_id=installing_required_dependencies, run_id=manual__2025-09-21T14:23:51.132040+00:00, execution_date=20250921T142351, start_date=20250921T142353, end_date=20250921T142411
[2025-09-21T14:24:11.926+0000] {logging_mixin.py:190} INFO - Task instance in success state
[2025-09-21T14:24:11.927+0000] {logging_mixin.py:190} INFO -  Previous state of the Task instance: running
[2025-09-21T14:24:11.927+0000] {logging_mixin.py:190} INFO - Dag name:nawy_real_estate_pipeline queued_at:2025-09-21 14:23:51.171994+00:00
[2025-09-21T14:24:11.928+0000] {logging_mixin.py:190} INFO - Task hostname:b65782a7021d operator:BashOperator
[2025-09-21T14:24:11.970+0000] {local_task_job_runner.py:266} INFO - Task exited with return code 0
[2025-09-21T14:24:12.000+0000] {taskinstance.py:3901} INFO - 1 downstream tasks scheduled from follow-on schedule check
[2025-09-21T14:24:12.029+0000] {local_task_job_runner.py:245} INFO - ::endgroup::
