[2025-09-21T23:34:06.499+0000] {local_task_job_runner.py:123} INFO - ::group::Pre task execution logs
[2025-09-21T23:34:06.524+0000] {taskinstance.py:2614} INFO - Dependencies all met for dep_context=non-requeueable deps ti=<TaskInstance: nawy_real_estate_pipeline.soda_quality_checks_gold_layer manual__2025-09-20T08:06:05.264697+00:00 [queued]>
[2025-09-21T23:34:06.534+0000] {taskinstance.py:2614} INFO - Dependencies all met for dep_context=requeueable deps ti=<TaskInstance: nawy_real_estate_pipeline.soda_quality_checks_gold_layer manual__2025-09-20T08:06:05.264697+00:00 [queued]>
[2025-09-21T23:34:06.535+0000] {taskinstance.py:2867} INFO - Starting attempt 1 of 1
[2025-09-21T23:34:06.843+0000] {taskinstance.py:2890} INFO - Executing <Task(BashOperator): soda_quality_checks_gold_layer> on 2025-09-20 08:06:05.264697+00:00
[2025-09-21T23:34:06.850+0000] {warnings.py:112} WARNING - /home/***/.local/lib/python3.12/site-packages/***/task/task_runner/standard_task_runner.py:70: DeprecationWarning: This process (pid=920) is multi-threaded, use of fork() may lead to deadlocks in the child.
  pid = os.fork()

[2025-09-21T23:34:06.852+0000] {standard_task_runner.py:72} INFO - Started process 928 to run task
[2025-09-21T23:34:06.853+0000] {standard_task_runner.py:104} INFO - Running: ['***', 'tasks', 'run', 'nawy_real_estate_pipeline', 'soda_quality_checks_gold_layer', 'manual__2025-09-20T08:06:05.264697+00:00', '--job-id', '410', '--raw', '--subdir', 'DAGS_FOLDER/nawy_dag.py', '--cfg-path', '/tmp/tmp4u93756k']
[2025-09-21T23:34:06.854+0000] {standard_task_runner.py:105} INFO - Job 410: Subtask soda_quality_checks_gold_layer
[2025-09-21T23:34:06.958+0000] {task_command.py:467} INFO - Running <TaskInstance: nawy_real_estate_pipeline.soda_quality_checks_gold_layer manual__2025-09-20T08:06:05.264697+00:00 [running]> on host b65782a7021d
[2025-09-21T23:34:07.422+0000] {taskinstance.py:3134} INFO - Exporting env vars: AIRFLOW_CTX_DAG_OWNER='***' AIRFLOW_CTX_DAG_ID='nawy_real_estate_pipeline' AIRFLOW_CTX_TASK_ID='soda_quality_checks_gold_layer' AIRFLOW_CTX_EXECUTION_DATE='2025-09-20T08:06:05.264697+00:00' AIRFLOW_CTX_TRY_NUMBER='1' AIRFLOW_CTX_DAG_RUN_ID='manual__2025-09-20T08:06:05.264697+00:00'
[2025-09-21T23:34:07.423+0000] {logging_mixin.py:190} INFO - Task instance is in running state
[2025-09-21T23:34:07.424+0000] {logging_mixin.py:190} INFO -  Previous state of the Task instance: queued
[2025-09-21T23:34:07.425+0000] {logging_mixin.py:190} INFO - Current task name:soda_quality_checks_gold_layer state:running start_date:2025-09-21 23:34:06.524970+00:00
[2025-09-21T23:34:07.425+0000] {logging_mixin.py:190} INFO - Dag name:nawy_real_estate_pipeline and current dag run status:running
[2025-09-21T23:34:07.426+0000] {taskinstance.py:732} INFO - ::endgroup::
[2025-09-21T23:34:07.427+0000] {subprocess.py:78} INFO - Tmp dir root location: /tmp
[2025-09-21T23:34:07.449+0000] {subprocess.py:88} INFO - Running command: ['/usr/bin/bash', '-c', ' cd /opt/***/dags/../include/nawy_soda_project && soda scan  -d nawy_task_destination -c configuration.yml checks/gold || true']
[2025-09-21T23:34:07.465+0000] {subprocess.py:99} INFO - Output:
[2025-09-21T23:34:09.022+0000] {subprocess.py:106} INFO - [23:34:09] Soda Core 3.5.5
[2025-09-21T23:34:10.188+0000] {subprocess.py:106} INFO - [23:34:10] Using DefaultSampler
[2025-09-21T23:34:10.195+0000] {subprocess.py:106} INFO - [23:34:10] Using DefaultSampler
[2025-09-21T23:34:10.202+0000] {subprocess.py:106} INFO - [23:34:10] Using DefaultSampler
[2025-09-21T23:34:10.206+0000] {subprocess.py:106} INFO - [23:34:10] Using DefaultSampler
[2025-09-21T23:34:10.210+0000] {subprocess.py:106} INFO - [23:34:10] Using DefaultSampler
[2025-09-21T23:34:10.214+0000] {subprocess.py:106} INFO - [23:34:10] Using DefaultSampler
[2025-09-21T23:34:10.218+0000] {subprocess.py:106} INFO - [23:34:10] Using DefaultSampler
[2025-09-21T23:34:10.268+0000] {subprocess.py:106} INFO - [23:34:10] Using DefaultSampler
[2025-09-21T23:34:10.292+0000] {subprocess.py:106} INFO - [23:34:10] Using DefaultSampler
[2025-09-21T23:34:10.320+0000] {subprocess.py:106} INFO - [23:34:10] Using DefaultSampler
[2025-09-21T23:34:10.333+0000] {subprocess.py:106} INFO - [23:34:10] Using DefaultSampler
[2025-09-21T23:34:10.346+0000] {subprocess.py:106} INFO - [23:34:10] Using DefaultSampler
[2025-09-21T23:34:10.349+0000] {subprocess.py:106} INFO - [23:34:10] Using DefaultSampler
[2025-09-21T23:34:10.352+0000] {subprocess.py:106} INFO - [23:34:10] Using DefaultSampler
[2025-09-21T23:34:10.356+0000] {subprocess.py:106} INFO - [23:34:10] Using DefaultSampler
[2025-09-21T23:34:10.368+0000] {subprocess.py:106} INFO - [23:34:10] Using DefaultSampler
[2025-09-21T23:34:10.391+0000] {subprocess.py:106} INFO - [23:34:10] Using DefaultSampler
[2025-09-21T23:34:10.492+0000] {subprocess.py:106} INFO - [23:34:10] Using DefaultSampler
[2025-09-21T23:34:10.508+0000] {subprocess.py:106} INFO - [23:34:10] Using DefaultSampler
[2025-09-21T23:34:10.509+0000] {subprocess.py:106} INFO - [23:34:10] Scan summary:
[2025-09-21T23:34:10.510+0000] {subprocess.py:106} INFO - [23:34:10] 34/34 checks PASSED:
[2025-09-21T23:34:10.511+0000] {subprocess.py:106} INFO - [23:34:10]     sales_fact in nawy_task_destination
[2025-09-21T23:34:10.511+0000] {subprocess.py:106} INFO - [23:34:10]       every sale must have a valid lead_id map [PASSED]
[2025-09-21T23:34:10.512+0000] {subprocess.py:106} INFO - [23:34:10]       every sale must have a valid lead_type_id map [PASSED]
[2025-09-21T23:34:10.513+0000] {subprocess.py:106} INFO - [23:34:10]       every sale must have a valid lead_campaign_id map [PASSED]
[2025-09-21T23:34:10.514+0000] {subprocess.py:106} INFO - [23:34:10]       unit_value must be a non-negative number [PASSED]
[2025-09-21T23:34:10.514+0000] {subprocess.py:106} INFO - [23:34:10]       actual_value must be a  +  number [PASSED]
[2025-09-21T23:34:10.515+0000] {subprocess.py:106} INFO - [23:34:10]       expected_value must be + number [PASSED]
[2025-09-21T23:34:10.516+0000] {subprocess.py:106} INFO - [23:34:10]       years_of_payment must be + number [PASSED]
[2025-09-21T23:34:10.516+0000] {subprocess.py:106} INFO - [23:34:10]       id col cannot be null [PASSED]
[2025-09-21T23:34:10.517+0000] {subprocess.py:106} INFO - [23:34:10]       id must be unique [PASSED]
[2025-09-21T23:34:10.518+0000] {subprocess.py:106} INFO - [23:34:10]     leads_fact in nawy_task_destination
[2025-09-21T23:34:10.519+0000] {subprocess.py:106} INFO - [23:34:10]       every lead must have a valid lead_scd_id map [PASSED]
[2025-09-21T23:34:10.519+0000] {subprocess.py:106} INFO - [23:34:10]       every lead must have a valid lead_type_id map [PASSED]
[2025-09-21T23:34:10.520+0000] {subprocess.py:106} INFO - [23:34:10]       every lead must have a valid contact_method_id map [PASSED]
[2025-09-21T23:34:10.521+0000] {subprocess.py:106} INFO - [23:34:10]       customer_id should be a positive number [PASSED]
[2025-09-21T23:34:10.522+0000] {subprocess.py:106} INFO - [23:34:10]       user_id should be positive number [PASSED]
[2025-09-21T23:34:10.523+0000] {subprocess.py:106} INFO - [23:34:10]       id col cannot be null [PASSED]
[2025-09-21T23:34:10.523+0000] {subprocess.py:106} INFO - [23:34:10]       id must be unique [PASSED]
[2025-09-21T23:34:10.524+0000] {subprocess.py:106} INFO - [23:34:10]     dim_sale_category in nawy_task_destination
[2025-09-21T23:34:10.525+0000] {subprocess.py:106} INFO - [23:34:10]       category values must be lowercase [PASSED]
[2025-09-21T23:34:10.526+0000] {subprocess.py:106} INFO - [23:34:10]       category_id cannot be null [PASSED]
[2025-09-21T23:34:10.526+0000] {subprocess.py:106} INFO - [23:34:10]       category_id must be unique [PASSED]
[2025-09-21T23:34:10.527+0000] {subprocess.py:106} INFO - [23:34:10]     dim_property_type in nawy_task_destination
[2025-09-21T23:34:10.528+0000] {subprocess.py:106} INFO - [23:34:10]       type values must be lowercase [PASSED]
[2025-09-21T23:34:10.529+0000] {subprocess.py:106} INFO - [23:34:10]       property_type_id cannot be null [PASSED]
[2025-09-21T23:34:10.529+0000] {subprocess.py:106} INFO - [23:34:10]       property_type_id must be unique [PASSED]
[2025-09-21T23:34:10.530+0000] {subprocess.py:106} INFO - [23:34:10]     dim_lead_type in nawy_task_destination
[2025-09-21T23:34:10.531+0000] {subprocess.py:106} INFO - [23:34:10]       type values must be lowercase [PASSED]
[2025-09-21T23:34:10.532+0000] {subprocess.py:106} INFO - [23:34:10]       lead_type_id cannot be null [PASSED]
[2025-09-21T23:34:10.532+0000] {subprocess.py:106} INFO - [23:34:10]       lead_type_id must be unique [PASSED]
[2025-09-21T23:34:10.533+0000] {subprocess.py:106} INFO - [23:34:10]     dim_lead_scd2 in nawy_task_destination
[2025-09-21T23:34:10.534+0000] {subprocess.py:106} INFO - [23:34:10]       effective_date must be less than or equal to expiration_date [PASSED]
[2025-09-21T23:34:10.534+0000] {subprocess.py:106} INFO - [23:34:10]       Fatal Error: is_active flag must align with expiration_date [PASSED]
[2025-09-21T23:34:10.535+0000] {subprocess.py:106} INFO - [23:34:10]       status_name values must be lowercase [PASSED]
[2025-09-21T23:34:10.536+0000] {subprocess.py:106} INFO - [23:34:10]       Quality Error: last_contact_date cannot be in the future [PASSED]
[2025-09-21T23:34:10.536+0000] {subprocess.py:106} INFO - [23:34:10]        lead_scd_id cannot be null [PASSED]
[2025-09-21T23:34:10.537+0000] {subprocess.py:106} INFO - [23:34:10]        lead_scd_id must be unique [PASSED]
[2025-09-21T23:34:10.538+0000] {subprocess.py:106} INFO - [23:34:10]     dim_date in nawy_task_destination
[2025-09-21T23:34:10.538+0000] {subprocess.py:106} INFO - [23:34:10]       date_id cannot be null [PASSED]
[2025-09-21T23:34:10.539+0000] {subprocess.py:106} INFO - [23:34:10]       date_id must be unique [PASSED]
[2025-09-21T23:34:10.540+0000] {subprocess.py:106} INFO - [23:34:10]       Invalid weekday values [PASSED]
[2025-09-21T23:34:10.540+0000] {subprocess.py:106} INFO - [23:34:10] All is good. No failures. No warnings. No errors.
[2025-09-21T23:34:11.066+0000] {subprocess.py:110} INFO - Command exited with return code 0
[2025-09-21T23:34:11.252+0000] {taskinstance.py:341} INFO - ::group::Post task execution logs
[2025-09-21T23:34:11.253+0000] {taskinstance.py:353} INFO - Marking task as SUCCESS. dag_id=nawy_real_estate_pipeline, task_id=soda_quality_checks_gold_layer, run_id=manual__2025-09-20T08:06:05.264697+00:00, execution_date=20250920T080605, start_date=20250921T233406, end_date=20250921T233411
[2025-09-21T23:34:11.484+0000] {logging_mixin.py:190} INFO - Task instance in success state
[2025-09-21T23:34:11.484+0000] {logging_mixin.py:190} INFO -  Previous state of the Task instance: running
[2025-09-21T23:34:11.485+0000] {logging_mixin.py:190} INFO - Dag name:nawy_real_estate_pipeline queued_at:2025-09-21 23:03:47.690393+00:00
[2025-09-21T23:34:11.486+0000] {logging_mixin.py:190} INFO - Task hostname:b65782a7021d operator:BashOperator
[2025-09-21T23:34:11.518+0000] {local_task_job_runner.py:266} INFO - Task exited with return code 0
[2025-09-21T23:34:11.538+0000] {taskinstance.py:3901} INFO - 0 downstream tasks scheduled from follow-on schedule check
[2025-09-21T23:34:11.614+0000] {local_task_job_runner.py:245} INFO - ::endgroup::
