[2025-09-21T13:43:20.014+0000] {local_task_job_runner.py:123} INFO - ::group::Pre task execution logs
[2025-09-21T13:43:20.044+0000] {taskinstance.py:2614} INFO - Dependencies all met for dep_context=non-requeueable deps ti=<TaskInstance: nawy_real_estate_pipeline.installing_required_dependencies manual__2025-09-21T13:43:16.523289+00:00 [queued]>
[2025-09-21T13:43:20.052+0000] {taskinstance.py:2614} INFO - Dependencies all met for dep_context=requeueable deps ti=<TaskInstance: nawy_real_estate_pipeline.installing_required_dependencies manual__2025-09-21T13:43:16.523289+00:00 [queued]>
[2025-09-21T13:43:20.052+0000] {taskinstance.py:2867} INFO - Starting attempt 1 of 1
[2025-09-21T13:43:20.093+0000] {taskinstance.py:2890} INFO - Executing <Task(BashOperator): installing_required_dependencies> on 2025-09-21 13:43:16.523289+00:00
[2025-09-21T13:43:20.106+0000] {warnings.py:112} WARNING - /home/***/.local/lib/python3.12/site-packages/***/task/task_runner/standard_task_runner.py:70: DeprecationWarning: This process (pid=220) is multi-threaded, use of fork() may lead to deadlocks in the child.
  pid = os.fork()

[2025-09-21T13:43:20.109+0000] {standard_task_runner.py:72} INFO - Started process 222 to run task
[2025-09-21T13:43:20.109+0000] {standard_task_runner.py:104} INFO - Running: ['***', 'tasks', 'run', 'nawy_real_estate_pipeline', 'installing_required_dependencies', 'manual__2025-09-21T13:43:16.523289+00:00', '--job-id', '303', '--raw', '--subdir', 'DAGS_FOLDER/nawy_dag.py', '--cfg-path', '/tmp/tmpn6ct8pop']
[2025-09-21T13:43:20.111+0000] {standard_task_runner.py:105} INFO - Job 303: Subtask installing_required_dependencies
[2025-09-21T13:43:20.193+0000] {task_command.py:467} INFO - Running <TaskInstance: nawy_real_estate_pipeline.installing_required_dependencies manual__2025-09-21T13:43:16.523289+00:00 [running]> on host b65782a7021d
[2025-09-21T13:43:20.591+0000] {taskinstance.py:3134} INFO - Exporting env vars: AIRFLOW_CTX_DAG_OWNER='***' AIRFLOW_CTX_DAG_ID='nawy_real_estate_pipeline' AIRFLOW_CTX_TASK_ID='installing_required_dependencies' AIRFLOW_CTX_EXECUTION_DATE='2025-09-21T13:43:16.523289+00:00' AIRFLOW_CTX_TRY_NUMBER='1' AIRFLOW_CTX_DAG_RUN_ID='manual__2025-09-21T13:43:16.523289+00:00'
[2025-09-21T13:43:20.592+0000] {logging_mixin.py:190} INFO - Task instance is in running state
[2025-09-21T13:43:20.593+0000] {logging_mixin.py:190} INFO -  Previous state of the Task instance: queued
[2025-09-21T13:43:20.594+0000] {logging_mixin.py:190} INFO - Current task name:installing_required_dependencies state:running start_date:2025-09-21 13:43:20.045137+00:00
[2025-09-21T13:43:20.594+0000] {logging_mixin.py:190} INFO - Dag name:nawy_real_estate_pipeline and current dag run status:running
[2025-09-21T13:43:20.595+0000] {taskinstance.py:732} INFO - ::endgroup::
[2025-09-21T13:43:20.596+0000] {subprocess.py:78} INFO - Tmp dir root location: /tmp
[2025-09-21T13:43:20.626+0000] {subprocess.py:88} INFO - Running command: ['/usr/bin/bash', '-c', ' cd /opt/***/dags/../include/nawy_dbt_project && dbt clean &&  dbt deps --no-version-check ']
[2025-09-21T13:43:20.637+0000] {subprocess.py:99} INFO - Output:
[2025-09-21T13:43:23.832+0000] {subprocess.py:106} INFO - [0m13:43:23  Running with dbt=1.10.11
[2025-09-21T13:43:24.056+0000] {subprocess.py:106} INFO - [0m13:43:24  Checking /opt/***/include/nawy_dbt_project/target/*
[2025-09-21T13:43:24.070+0000] {subprocess.py:106} INFO - [0m13:43:24  Cleaned /opt/***/include/nawy_dbt_project/target/*
[2025-09-21T13:43:24.071+0000] {subprocess.py:106} INFO - [0m13:43:24  Checking /opt/***/include/nawy_dbt_project/dbt_packages/*
[2025-09-21T13:43:24.673+0000] {subprocess.py:106} INFO - [0m13:43:24  Cleaned /opt/***/include/nawy_dbt_project/dbt_packages/*
[2025-09-21T13:43:24.675+0000] {subprocess.py:106} INFO - [0m13:43:24  Finished cleaning all paths.
[2025-09-21T13:43:29.175+0000] {subprocess.py:106} INFO - [0m13:43:29  Running with dbt=1.10.11
[2025-09-21T13:43:30.051+0000] {subprocess.py:106} INFO - [0m13:43:30  Installing dbt-labs/dbt_utils
[2025-09-21T13:43:36.330+0000] {subprocess.py:106} INFO - [0m13:43:36  Installed from version 1.3.0
[2025-09-21T13:43:36.331+0000] {subprocess.py:106} INFO - [0m13:43:36  Updated version available: 1.3.1
[2025-09-21T13:43:36.333+0000] {subprocess.py:106} INFO - [0m13:43:36
[2025-09-21T13:43:36.334+0000] {subprocess.py:106} INFO - [0m13:43:36  Updates available for packages: ['dbt-labs/dbt_utils']
[2025-09-21T13:43:36.336+0000] {subprocess.py:106} INFO - Update your versions in packages.yml, then run dbt deps
[2025-09-21T13:43:37.442+0000] {subprocess.py:110} INFO - Command exited with return code 0
[2025-09-21T13:43:37.498+0000] {taskinstance.py:341} INFO - ::group::Post task execution logs
[2025-09-21T13:43:37.499+0000] {taskinstance.py:353} INFO - Marking task as SUCCESS. dag_id=nawy_real_estate_pipeline, task_id=installing_required_dependencies, run_id=manual__2025-09-21T13:43:16.523289+00:00, execution_date=20250921T134316, start_date=20250921T134320, end_date=20250921T134337
[2025-09-21T13:43:37.578+0000] {logging_mixin.py:190} INFO - Task instance in success state
[2025-09-21T13:43:37.578+0000] {logging_mixin.py:190} INFO -  Previous state of the Task instance: running
[2025-09-21T13:43:37.579+0000] {logging_mixin.py:190} INFO - Dag name:nawy_real_estate_pipeline queued_at:2025-09-21 13:43:16.537366+00:00
[2025-09-21T13:43:37.580+0000] {logging_mixin.py:190} INFO - Task hostname:b65782a7021d operator:BashOperator
[2025-09-21T13:43:37.603+0000] {local_task_job_runner.py:266} INFO - Task exited with return code 0
[2025-09-21T13:43:37.640+0000] {taskinstance.py:3901} INFO - 1 downstream tasks scheduled from follow-on schedule check
[2025-09-21T13:43:37.671+0000] {local_task_job_runner.py:245} INFO - ::endgroup::
