[2025-09-21T13:42:06.050+0000] {local_task_job_runner.py:123} INFO - ::group::Pre task execution logs
[2025-09-21T13:42:06.081+0000] {taskinstance.py:2614} INFO - Dependencies all met for dep_context=non-requeueable deps ti=<TaskInstance: nawy_real_estate_pipeline.convert_excel_seeds_to_csv scheduled__2025-09-20T00:00:00+00:00 [queued]>
[2025-09-21T13:42:06.094+0000] {taskinstance.py:2614} INFO - Dependencies all met for dep_context=requeueable deps ti=<TaskInstance: nawy_real_estate_pipeline.convert_excel_seeds_to_csv scheduled__2025-09-20T00:00:00+00:00 [queued]>
[2025-09-21T13:42:06.095+0000] {taskinstance.py:2867} INFO - Starting attempt 1 of 1
[2025-09-21T13:42:06.169+0000] {taskinstance.py:2890} INFO - Executing <Task(PythonOperator): convert_excel_seeds_to_csv> on 2025-09-20 00:00:00+00:00
[2025-09-21T13:42:06.177+0000] {warnings.py:112} WARNING - /home/***/.local/lib/python3.12/site-packages/***/task/task_runner/standard_task_runner.py:70: DeprecationWarning: This process (pid=177) is multi-threaded, use of fork() may lead to deadlocks in the child.
  pid = os.fork()

[2025-09-21T13:42:06.179+0000] {standard_task_runner.py:72} INFO - Started process 179 to run task
[2025-09-21T13:42:06.180+0000] {standard_task_runner.py:104} INFO - Running: ['***', 'tasks', 'run', 'nawy_real_estate_pipeline', 'convert_excel_seeds_to_csv', 'scheduled__2025-09-20T00:00:00+00:00', '--job-id', '301', '--raw', '--subdir', 'DAGS_FOLDER/nawy_dag.py', '--cfg-path', '/tmp/tmpjz7k_jt_']
[2025-09-21T13:42:06.182+0000] {standard_task_runner.py:105} INFO - Job 301: Subtask convert_excel_seeds_to_csv
[2025-09-21T13:42:06.270+0000] {task_command.py:467} INFO - Running <TaskInstance: nawy_real_estate_pipeline.convert_excel_seeds_to_csv scheduled__2025-09-20T00:00:00+00:00 [running]> on host b65782a7021d
[2025-09-21T13:42:06.685+0000] {taskinstance.py:3134} INFO - Exporting env vars: AIRFLOW_CTX_DAG_OWNER='***' AIRFLOW_CTX_DAG_ID='nawy_real_estate_pipeline' AIRFLOW_CTX_TASK_ID='convert_excel_seeds_to_csv' AIRFLOW_CTX_EXECUTION_DATE='2025-09-20T00:00:00+00:00' AIRFLOW_CTX_TRY_NUMBER='1' AIRFLOW_CTX_DAG_RUN_ID='scheduled__2025-09-20T00:00:00+00:00'
[2025-09-21T13:42:06.686+0000] {logging_mixin.py:190} INFO - Task instance is in running state
[2025-09-21T13:42:06.687+0000] {logging_mixin.py:190} INFO -  Previous state of the Task instance: queued
[2025-09-21T13:42:06.687+0000] {logging_mixin.py:190} INFO - Current task name:convert_excel_seeds_to_csv state:running start_date:2025-09-21 13:42:06.081914+00:00
[2025-09-21T13:42:06.688+0000] {logging_mixin.py:190} INFO - Dag name:nawy_real_estate_pipeline and current dag run status:running
[2025-09-21T13:42:06.689+0000] {taskinstance.py:732} INFO - ::endgroup::
[2025-09-21T13:42:06.695+0000] {python.py:240} INFO - Done. Returned value was: None
[2025-09-21T13:42:06.707+0000] {taskinstance.py:341} INFO - ::group::Post task execution logs
[2025-09-21T13:42:06.708+0000] {taskinstance.py:353} INFO - Marking task as SUCCESS. dag_id=nawy_real_estate_pipeline, task_id=convert_excel_seeds_to_csv, run_id=scheduled__2025-09-20T00:00:00+00:00, execution_date=20250920T000000, start_date=20250921T134206, end_date=20250921T134206
[2025-09-21T13:42:06.791+0000] {logging_mixin.py:190} INFO - Task instance in success state
[2025-09-21T13:42:06.792+0000] {logging_mixin.py:190} INFO -  Previous state of the Task instance: running
[2025-09-21T13:42:06.792+0000] {logging_mixin.py:190} INFO - Dag name:nawy_real_estate_pipeline queued_at:2025-09-21 13:40:37.371010+00:00
[2025-09-21T13:42:06.793+0000] {logging_mixin.py:190} INFO - Task hostname:b65782a7021d operator:PythonOperator
[2025-09-21T13:42:06.837+0000] {local_task_job_runner.py:266} INFO - Task exited with return code 0
[2025-09-21T13:42:06.868+0000] {taskinstance.py:3901} INFO - 1 downstream tasks scheduled from follow-on schedule check
[2025-09-21T13:42:06.903+0000] {local_task_job_runner.py:245} INFO - ::endgroup::
