[2025-09-21T14:28:22.292+0000] {local_task_job_runner.py:123} INFO - ::group::Pre task execution logs
[2025-09-21T14:28:22.316+0000] {taskinstance.py:2614} INFO - Dependencies all met for dep_context=non-requeueable deps ti=<TaskInstance: nawy_real_estate_pipeline.build_fact_and_dim_tables manual__2025-09-21T14:23:51.132040+00:00 [queued]>
[2025-09-21T14:28:22.325+0000] {taskinstance.py:2614} INFO - Dependencies all met for dep_context=requeueable deps ti=<TaskInstance: nawy_real_estate_pipeline.build_fact_and_dim_tables manual__2025-09-21T14:23:51.132040+00:00 [queued]>
[2025-09-21T14:28:22.326+0000] {taskinstance.py:2867} INFO - Starting attempt 1 of 1
[2025-09-21T14:28:22.370+0000] {taskinstance.py:2890} INFO - Executing <Task(BashOperator): build_fact_and_dim_tables> on 2025-09-21 14:23:51.132040+00:00
[2025-09-21T14:28:22.388+0000] {warnings.py:112} WARNING - /home/***/.local/lib/python3.12/site-packages/***/task/task_runner/standard_task_runner.py:70: DeprecationWarning: This process (pid=1193) is multi-threaded, use of fork() may lead to deadlocks in the child.
  pid = os.fork()

[2025-09-21T14:28:22.391+0000] {standard_task_runner.py:72} INFO - Started process 1195 to run task
[2025-09-21T14:28:22.393+0000] {standard_task_runner.py:104} INFO - Running: ['***', 'tasks', 'run', 'nawy_real_estate_pipeline', 'build_fact_and_dim_tables', 'manual__2025-09-21T14:23:51.132040+00:00', '--job-id', '337', '--raw', '--subdir', 'DAGS_FOLDER/nawy_dag.py', '--cfg-path', '/tmp/tmppr7b3naj']
[2025-09-21T14:28:22.395+0000] {standard_task_runner.py:105} INFO - Job 337: Subtask build_fact_and_dim_tables
[2025-09-21T14:28:22.482+0000] {task_command.py:467} INFO - Running <TaskInstance: nawy_real_estate_pipeline.build_fact_and_dim_tables manual__2025-09-21T14:23:51.132040+00:00 [running]> on host b65782a7021d
[2025-09-21T14:28:22.850+0000] {taskinstance.py:3134} INFO - Exporting env vars: AIRFLOW_CTX_DAG_OWNER='***' AIRFLOW_CTX_DAG_ID='nawy_real_estate_pipeline' AIRFLOW_CTX_TASK_ID='build_fact_and_dim_tables' AIRFLOW_CTX_EXECUTION_DATE='2025-09-21T14:23:51.132040+00:00' AIRFLOW_CTX_TRY_NUMBER='1' AIRFLOW_CTX_DAG_RUN_ID='manual__2025-09-21T14:23:51.132040+00:00'
[2025-09-21T14:28:22.851+0000] {logging_mixin.py:190} INFO - Task instance is in running state
[2025-09-21T14:28:22.852+0000] {logging_mixin.py:190} INFO -  Previous state of the Task instance: queued
[2025-09-21T14:28:22.852+0000] {logging_mixin.py:190} INFO - Current task name:build_fact_and_dim_tables state:running start_date:2025-09-21 14:28:22.317418+00:00
[2025-09-21T14:28:22.853+0000] {logging_mixin.py:190} INFO - Dag name:nawy_real_estate_pipeline and current dag run status:running
[2025-09-21T14:28:22.853+0000] {taskinstance.py:732} INFO - ::endgroup::
[2025-09-21T14:28:22.855+0000] {subprocess.py:78} INFO - Tmp dir root location: /tmp
[2025-09-21T14:28:22.857+0000] {subprocess.py:88} INFO - Running command: ['/usr/bin/bash', '-c', ' cd /opt/***/dags/../include/nawy_dbt_project && dbt run -m models/gold  ']
[2025-09-21T14:28:22.875+0000] {subprocess.py:99} INFO - Output:
[2025-09-21T14:28:25.793+0000] {subprocess.py:106} INFO - [0m14:28:25  Running with dbt=1.10.11
[2025-09-21T14:28:25.795+0000] {subprocess.py:106} INFO - [0m14:28:25  [[33mWARNING[0m]: Deprecated functionality
[2025-09-21T14:28:25.796+0000] {subprocess.py:106} INFO - Usage of `--models`, `--model`, and `-m` is deprecated in favor of `--select` or
[2025-09-21T14:28:25.797+0000] {subprocess.py:106} INFO - `-s`.
[2025-09-21T14:28:26.209+0000] {subprocess.py:106} INFO - [0m14:28:26  Registered adapter: postgres=1.9.1
[2025-09-21T14:28:28.906+0000] {subprocess.py:106} INFO - [0m14:28:28  Found 15 models, 1 snapshot, 2 seeds, 553 macros
[2025-09-21T14:28:28.917+0000] {subprocess.py:106} INFO - [0m14:28:28
[2025-09-21T14:28:28.918+0000] {subprocess.py:106} INFO - [0m14:28:28  Concurrency: 1 threads (target='dev')
[2025-09-21T14:28:28.919+0000] {subprocess.py:106} INFO - [0m14:28:28
[2025-09-21T14:28:29.380+0000] {subprocess.py:106} INFO - [0m14:28:29  1 of 11 START sql table model dwh.dim_contact_method ........................... [RUN]
[2025-09-21T14:28:29.867+0000] {subprocess.py:106} INFO - [0m14:28:29  1 of 11 OK created sql table model dwh.dim_contact_method ...................... [[32mSELECT 76[0m in 0.48s]
[2025-09-21T14:28:29.871+0000] {subprocess.py:106} INFO - [0m14:28:29  2 of 11 START sql table model dwh.dim_date ..................................... [RUN]
[2025-09-21T14:28:30.422+0000] {subprocess.py:106} INFO - [0m14:28:30  2 of 11 OK created sql table model dwh.dim_date ................................ [[32mSELECT 2199[0m in 0.55s]
[2025-09-21T14:28:30.427+0000] {subprocess.py:106} INFO - [0m14:28:30  3 of 11 START sql table model dwh.dim_lead_scd2 ................................ [RUN]
[2025-09-21T14:28:31.084+0000] {subprocess.py:106} INFO - [0m14:28:31  3 of 11 OK created sql table model dwh.dim_lead_scd2 ........................... [[32mSELECT 55845[0m in 0.65s]
[2025-09-21T14:28:31.089+0000] {subprocess.py:106} INFO - [0m14:28:31  4 of 11 START sql table model dwh.dim_lead_source .............................. [RUN]
[2025-09-21T14:28:31.285+0000] {subprocess.py:106} INFO - [0m14:28:31  4 of 11 OK created sql table model dwh.dim_lead_source ......................... [[32mSELECT 94[0m in 0.19s]
[2025-09-21T14:28:31.289+0000] {subprocess.py:106} INFO - [0m14:28:31  5 of 11 START sql table model dwh.dim_lead_type ................................ [RUN]
[2025-09-21T14:28:31.587+0000] {subprocess.py:106} INFO - [0m14:28:31  5 of 11 OK created sql table model dwh.dim_lead_type ........................... [[32mSELECT 10[0m in 0.29s]
[2025-09-21T14:28:31.590+0000] {subprocess.py:106} INFO - [0m14:28:31  6 of 11 START sql table model dwh.dim_location ................................. [RUN]
[2025-09-21T14:28:31.773+0000] {subprocess.py:106} INFO - [0m14:28:31  6 of 11 OK created sql table model dwh.dim_location ............................ [[32mSELECT 374[0m in 0.18s]
[2025-09-21T14:28:31.777+0000] {subprocess.py:106} INFO - [0m14:28:31  7 of 11 START sql table model dwh.dim_market_campaign .......................... [RUN]
[2025-09-21T14:28:32.118+0000] {subprocess.py:106} INFO - [0m14:28:32  7 of 11 OK created sql table model dwh.dim_market_campaign ..................... [[32mSELECT 1469[0m in 0.34s]
[2025-09-21T14:28:32.124+0000] {subprocess.py:106} INFO - [0m14:28:32  8 of 11 START sql table model dwh.dim_property_type ............................ [RUN]
[2025-09-21T14:28:32.337+0000] {subprocess.py:106} INFO - [0m14:28:32  8 of 11 OK created sql table model dwh.dim_property_type ....................... [[32mSELECT 14[0m in 0.21s]
[2025-09-21T14:28:32.343+0000] {subprocess.py:106} INFO - [0m14:28:32  9 of 11 START sql table model dwh.dim_sale_category ............................ [RUN]
[2025-09-21T14:28:32.501+0000] {subprocess.py:106} INFO - [0m14:28:32  9 of 11 OK created sql table model dwh.dim_sale_category ....................... [[32mSELECT 6[0m in 0.16s]
[2025-09-21T14:28:32.505+0000] {subprocess.py:106} INFO - [0m14:28:32  10 of 11 START sql table model dwh.leads_fact .................................. [RUN]
[2025-09-21T14:28:35.787+0000] {subprocess.py:106} INFO - [0m14:28:35  10 of 11 OK created sql table model dwh.leads_fact ............................. [[32mSELECT 55845[0m in 3.28s]
[2025-09-21T14:28:35.791+0000] {subprocess.py:106} INFO - [0m14:28:35  11 of 11 START sql table model dwh.sales_fact .................................. [RUN]
[2025-09-21T14:28:37.041+0000] {subprocess.py:106} INFO - [0m14:28:37  11 of 11 OK created sql table model dwh.sales_fact ............................. [[32mSELECT 1333[0m in 1.25s]
[2025-09-21T14:28:37.103+0000] {subprocess.py:106} INFO - [0m14:28:37
[2025-09-21T14:28:37.104+0000] {subprocess.py:106} INFO - [0m14:28:37  Finished running 11 table models in 0 hours 0 minutes and 8.18 seconds (8.18s).
[2025-09-21T14:28:37.220+0000] {subprocess.py:106} INFO - [0m14:28:37
[2025-09-21T14:28:37.221+0000] {subprocess.py:106} INFO - [0m14:28:37  [32mCompleted successfully[0m
[2025-09-21T14:28:37.222+0000] {subprocess.py:106} INFO - [0m14:28:37
[2025-09-21T14:28:37.223+0000] {subprocess.py:106} INFO - [0m14:28:37  Done. PASS=11 WARN=0 ERROR=0 SKIP=0 NO-OP=0 TOTAL=11
[2025-09-21T14:28:37.225+0000] {subprocess.py:106} INFO - [0m14:28:37  [[33mWARNING[0m][DeprecationsSummary]: Deprecated functionality
[2025-09-21T14:28:37.225+0000] {subprocess.py:106} INFO - Summary of encountered deprecations:
[2025-09-21T14:28:37.226+0000] {subprocess.py:106} INFO - - ModelParamUsageDeprecation: 1 occurrence
[2025-09-21T14:28:37.226+0000] {subprocess.py:106} INFO - To see all deprecation instances instead of just the first occurrence of each,
[2025-09-21T14:28:37.227+0000] {subprocess.py:106} INFO - run command again with the `--show-all-deprecations` flag. You may also need to
[2025-09-21T14:28:37.228+0000] {subprocess.py:106} INFO - run with `--no-partial-parse` as some deprecations are only encountered during
[2025-09-21T14:28:37.228+0000] {subprocess.py:106} INFO - parsing.
[2025-09-21T14:28:38.620+0000] {subprocess.py:110} INFO - Command exited with return code 0
[2025-09-21T14:28:38.690+0000] {taskinstance.py:341} INFO - ::group::Post task execution logs
[2025-09-21T14:28:38.691+0000] {taskinstance.py:353} INFO - Marking task as SUCCESS. dag_id=nawy_real_estate_pipeline, task_id=build_fact_and_dim_tables, run_id=manual__2025-09-21T14:23:51.132040+00:00, execution_date=20250921T142351, start_date=20250921T142822, end_date=20250921T142838
[2025-09-21T14:28:38.765+0000] {logging_mixin.py:190} INFO - Task instance in success state
[2025-09-21T14:28:38.765+0000] {logging_mixin.py:190} INFO -  Previous state of the Task instance: running
[2025-09-21T14:28:38.766+0000] {logging_mixin.py:190} INFO - Dag name:nawy_real_estate_pipeline queued_at:2025-09-21 14:23:51.171994+00:00
[2025-09-21T14:28:38.767+0000] {logging_mixin.py:190} INFO - Task hostname:b65782a7021d operator:BashOperator
[2025-09-21T14:28:38.795+0000] {local_task_job_runner.py:266} INFO - Task exited with return code 0
[2025-09-21T14:28:38.820+0000] {taskinstance.py:3901} INFO - 1 downstream tasks scheduled from follow-on schedule check
[2025-09-21T14:28:38.875+0000] {local_task_job_runner.py:245} INFO - ::endgroup::
