[2025-09-21T23:34:12.881+0000] {local_task_job_runner.py:123} INFO - ::group::Pre task execution logs
[2025-09-21T23:34:12.912+0000] {taskinstance.py:2614} INFO - Dependencies all met for dep_context=non-requeueable deps ti=<TaskInstance: nawy_real_estate_pipeline.soda_quality_checks_gold_layer manual__2025-09-20T08:09:14.175023+00:00 [queued]>
[2025-09-21T23:34:12.926+0000] {taskinstance.py:2614} INFO - Dependencies all met for dep_context=requeueable deps ti=<TaskInstance: nawy_real_estate_pipeline.soda_quality_checks_gold_layer manual__2025-09-20T08:09:14.175023+00:00 [queued]>
[2025-09-21T23:34:12.927+0000] {taskinstance.py:2867} INFO - Starting attempt 1 of 1
[2025-09-21T23:34:13.074+0000] {taskinstance.py:2890} INFO - Executing <Task(BashOperator): soda_quality_checks_gold_layer> on 2025-09-20 08:09:14.175023+00:00
[2025-09-21T23:34:13.081+0000] {warnings.py:112} WARNING - /home/***/.local/lib/python3.12/site-packages/***/task/task_runner/standard_task_runner.py:70: DeprecationWarning: This process (pid=936) is multi-threaded, use of fork() may lead to deadlocks in the child.
  pid = os.fork()

[2025-09-21T23:34:13.083+0000] {standard_task_runner.py:72} INFO - Started process 945 to run task
[2025-09-21T23:34:13.083+0000] {standard_task_runner.py:104} INFO - Running: ['***', 'tasks', 'run', 'nawy_real_estate_pipeline', 'soda_quality_checks_gold_layer', 'manual__2025-09-20T08:09:14.175023+00:00', '--job-id', '411', '--raw', '--subdir', 'DAGS_FOLDER/nawy_dag.py', '--cfg-path', '/tmp/tmp7r18b5wg']
[2025-09-21T23:34:13.084+0000] {standard_task_runner.py:105} INFO - Job 411: Subtask soda_quality_checks_gold_layer
[2025-09-21T23:34:13.160+0000] {task_command.py:467} INFO - Running <TaskInstance: nawy_real_estate_pipeline.soda_quality_checks_gold_layer manual__2025-09-20T08:09:14.175023+00:00 [running]> on host b65782a7021d
[2025-09-21T23:34:13.545+0000] {taskinstance.py:3134} INFO - Exporting env vars: AIRFLOW_CTX_DAG_OWNER='***' AIRFLOW_CTX_DAG_ID='nawy_real_estate_pipeline' AIRFLOW_CTX_TASK_ID='soda_quality_checks_gold_layer' AIRFLOW_CTX_EXECUTION_DATE='2025-09-20T08:09:14.175023+00:00' AIRFLOW_CTX_TRY_NUMBER='1' AIRFLOW_CTX_DAG_RUN_ID='manual__2025-09-20T08:09:14.175023+00:00'
[2025-09-21T23:34:13.546+0000] {logging_mixin.py:190} INFO - Task instance is in running state
[2025-09-21T23:34:13.546+0000] {logging_mixin.py:190} INFO -  Previous state of the Task instance: queued
[2025-09-21T23:34:13.547+0000] {logging_mixin.py:190} INFO - Current task name:soda_quality_checks_gold_layer state:running start_date:2025-09-21 23:34:12.913080+00:00
[2025-09-21T23:34:13.547+0000] {logging_mixin.py:190} INFO - Dag name:nawy_real_estate_pipeline and current dag run status:running
[2025-09-21T23:34:13.548+0000] {taskinstance.py:732} INFO - ::endgroup::
[2025-09-21T23:34:13.549+0000] {subprocess.py:78} INFO - Tmp dir root location: /tmp
[2025-09-21T23:34:13.610+0000] {subprocess.py:88} INFO - Running command: ['/usr/bin/bash', '-c', ' cd /opt/***/dags/../include/nawy_soda_project && soda scan  -d nawy_task_destination -c configuration.yml checks/gold || true']
[2025-09-21T23:34:13.623+0000] {subprocess.py:99} INFO - Output:
[2025-09-21T23:34:15.122+0000] {subprocess.py:106} INFO - [23:34:15] Soda Core 3.5.5
[2025-09-21T23:34:15.760+0000] {subprocess.py:106} INFO - [23:34:15] Using DefaultSampler
[2025-09-21T23:34:15.767+0000] {subprocess.py:106} INFO - [23:34:15] Using DefaultSampler
[2025-09-21T23:34:15.774+0000] {subprocess.py:106} INFO - [23:34:15] Using DefaultSampler
[2025-09-21T23:34:15.780+0000] {subprocess.py:106} INFO - [23:34:15] Using DefaultSampler
[2025-09-21T23:34:15.783+0000] {subprocess.py:106} INFO - [23:34:15] Using DefaultSampler
[2025-09-21T23:34:15.786+0000] {subprocess.py:106} INFO - [23:34:15] Using DefaultSampler
[2025-09-21T23:34:15.789+0000] {subprocess.py:106} INFO - [23:34:15] Using DefaultSampler
[2025-09-21T23:34:15.855+0000] {subprocess.py:106} INFO - [23:34:15] Using DefaultSampler
[2025-09-21T23:34:15.885+0000] {subprocess.py:106} INFO - [23:34:15] Using DefaultSampler
[2025-09-21T23:34:15.911+0000] {subprocess.py:106} INFO - [23:34:15] Using DefaultSampler
[2025-09-21T23:34:15.920+0000] {subprocess.py:106} INFO - [23:34:15] Using DefaultSampler
[2025-09-21T23:34:15.931+0000] {subprocess.py:106} INFO - [23:34:15] Using DefaultSampler
[2025-09-21T23:34:15.935+0000] {subprocess.py:106} INFO - [23:34:15] Using DefaultSampler
[2025-09-21T23:34:15.937+0000] {subprocess.py:106} INFO - [23:34:15] Using DefaultSampler
[2025-09-21T23:34:15.940+0000] {subprocess.py:106} INFO - [23:34:15] Using DefaultSampler
[2025-09-21T23:34:15.953+0000] {subprocess.py:106} INFO - [23:34:15] Using DefaultSampler
[2025-09-21T23:34:15.988+0000] {subprocess.py:106} INFO - [23:34:15] Using DefaultSampler
[2025-09-21T23:34:16.093+0000] {subprocess.py:106} INFO - [23:34:16] Using DefaultSampler
[2025-09-21T23:34:16.109+0000] {subprocess.py:106} INFO - [23:34:16] Using DefaultSampler
[2025-09-21T23:34:16.110+0000] {subprocess.py:106} INFO - [23:34:16] Scan summary:
[2025-09-21T23:34:16.110+0000] {subprocess.py:106} INFO - [23:34:16] 34/34 checks PASSED:
[2025-09-21T23:34:16.111+0000] {subprocess.py:106} INFO - [23:34:16]     sales_fact in nawy_task_destination
[2025-09-21T23:34:16.111+0000] {subprocess.py:106} INFO - [23:34:16]       every sale must have a valid lead_id map [PASSED]
[2025-09-21T23:34:16.112+0000] {subprocess.py:106} INFO - [23:34:16]       every sale must have a valid lead_type_id map [PASSED]
[2025-09-21T23:34:16.113+0000] {subprocess.py:106} INFO - [23:34:16]       every sale must have a valid lead_campaign_id map [PASSED]
[2025-09-21T23:34:16.113+0000] {subprocess.py:106} INFO - [23:34:16]       unit_value must be a non-negative number [PASSED]
[2025-09-21T23:34:16.114+0000] {subprocess.py:106} INFO - [23:34:16]       actual_value must be a  +  number [PASSED]
[2025-09-21T23:34:16.114+0000] {subprocess.py:106} INFO - [23:34:16]       expected_value must be + number [PASSED]
[2025-09-21T23:34:16.115+0000] {subprocess.py:106} INFO - [23:34:16]       years_of_payment must be + number [PASSED]
[2025-09-21T23:34:16.115+0000] {subprocess.py:106} INFO - [23:34:16]       id col cannot be null [PASSED]
[2025-09-21T23:34:16.116+0000] {subprocess.py:106} INFO - [23:34:16]       id must be unique [PASSED]
[2025-09-21T23:34:16.117+0000] {subprocess.py:106} INFO - [23:34:16]     leads_fact in nawy_task_destination
[2025-09-21T23:34:16.117+0000] {subprocess.py:106} INFO - [23:34:16]       every lead must have a valid lead_scd_id map [PASSED]
[2025-09-21T23:34:16.118+0000] {subprocess.py:106} INFO - [23:34:16]       every lead must have a valid lead_type_id map [PASSED]
[2025-09-21T23:34:16.118+0000] {subprocess.py:106} INFO - [23:34:16]       every lead must have a valid contact_method_id map [PASSED]
[2025-09-21T23:34:16.119+0000] {subprocess.py:106} INFO - [23:34:16]       customer_id should be a positive number [PASSED]
[2025-09-21T23:34:16.119+0000] {subprocess.py:106} INFO - [23:34:16]       user_id should be positive number [PASSED]
[2025-09-21T23:34:16.120+0000] {subprocess.py:106} INFO - [23:34:16]       id col cannot be null [PASSED]
[2025-09-21T23:34:16.120+0000] {subprocess.py:106} INFO - [23:34:16]       id must be unique [PASSED]
[2025-09-21T23:34:16.121+0000] {subprocess.py:106} INFO - [23:34:16]     dim_sale_category in nawy_task_destination
[2025-09-21T23:34:16.121+0000] {subprocess.py:106} INFO - [23:34:16]       category values must be lowercase [PASSED]
[2025-09-21T23:34:16.122+0000] {subprocess.py:106} INFO - [23:34:16]       category_id cannot be null [PASSED]
[2025-09-21T23:34:16.123+0000] {subprocess.py:106} INFO - [23:34:16]       category_id must be unique [PASSED]
[2025-09-21T23:34:16.123+0000] {subprocess.py:106} INFO - [23:34:16]     dim_property_type in nawy_task_destination
[2025-09-21T23:34:16.124+0000] {subprocess.py:106} INFO - [23:34:16]       type values must be lowercase [PASSED]
[2025-09-21T23:34:16.125+0000] {subprocess.py:106} INFO - [23:34:16]       property_type_id cannot be null [PASSED]
[2025-09-21T23:34:16.125+0000] {subprocess.py:106} INFO - [23:34:16]       property_type_id must be unique [PASSED]
[2025-09-21T23:34:16.126+0000] {subprocess.py:106} INFO - [23:34:16]     dim_lead_type in nawy_task_destination
[2025-09-21T23:34:16.127+0000] {subprocess.py:106} INFO - [23:34:16]       type values must be lowercase [PASSED]
[2025-09-21T23:34:16.127+0000] {subprocess.py:106} INFO - [23:34:16]       lead_type_id cannot be null [PASSED]
[2025-09-21T23:34:16.128+0000] {subprocess.py:106} INFO - [23:34:16]       lead_type_id must be unique [PASSED]
[2025-09-21T23:34:16.129+0000] {subprocess.py:106} INFO - [23:34:16]     dim_lead_scd2 in nawy_task_destination
[2025-09-21T23:34:16.129+0000] {subprocess.py:106} INFO - [23:34:16]       effective_date must be less than or equal to expiration_date [PASSED]
[2025-09-21T23:34:16.130+0000] {subprocess.py:106} INFO - [23:34:16]       Fatal Error: is_active flag must align with expiration_date [PASSED]
[2025-09-21T23:34:16.131+0000] {subprocess.py:106} INFO - [23:34:16]       status_name values must be lowercase [PASSED]
[2025-09-21T23:34:16.131+0000] {subprocess.py:106} INFO - [23:34:16]       Quality Error: last_contact_date cannot be in the future [PASSED]
[2025-09-21T23:34:16.132+0000] {subprocess.py:106} INFO - [23:34:16]        lead_scd_id cannot be null [PASSED]
[2025-09-21T23:34:16.133+0000] {subprocess.py:106} INFO - [23:34:16]        lead_scd_id must be unique [PASSED]
[2025-09-21T23:34:16.133+0000] {subprocess.py:106} INFO - [23:34:16]     dim_date in nawy_task_destination
[2025-09-21T23:34:16.134+0000] {subprocess.py:106} INFO - [23:34:16]       date_id cannot be null [PASSED]
[2025-09-21T23:34:16.135+0000] {subprocess.py:106} INFO - [23:34:16]       date_id must be unique [PASSED]
[2025-09-21T23:34:16.135+0000] {subprocess.py:106} INFO - [23:34:16]       Invalid weekday values [PASSED]
[2025-09-21T23:34:16.136+0000] {subprocess.py:106} INFO - [23:34:16] All is good. No failures. No warnings. No errors.
[2025-09-21T23:34:16.614+0000] {subprocess.py:110} INFO - Command exited with return code 0
[2025-09-21T23:34:16.763+0000] {taskinstance.py:341} INFO - ::group::Post task execution logs
[2025-09-21T23:34:16.764+0000] {taskinstance.py:353} INFO - Marking task as SUCCESS. dag_id=nawy_real_estate_pipeline, task_id=soda_quality_checks_gold_layer, run_id=manual__2025-09-20T08:09:14.175023+00:00, execution_date=20250920T080914, start_date=20250921T233412, end_date=20250921T233416
[2025-09-21T23:34:16.922+0000] {logging_mixin.py:190} INFO - Task instance in success state
[2025-09-21T23:34:16.923+0000] {logging_mixin.py:190} INFO -  Previous state of the Task instance: running
[2025-09-21T23:34:16.923+0000] {logging_mixin.py:190} INFO - Dag name:nawy_real_estate_pipeline queued_at:2025-09-21 23:03:47.690722+00:00
[2025-09-21T23:34:16.923+0000] {logging_mixin.py:190} INFO - Task hostname:b65782a7021d operator:BashOperator
[2025-09-21T23:34:16.948+0000] {local_task_job_runner.py:266} INFO - Task exited with return code 0
[2025-09-21T23:34:16.980+0000] {taskinstance.py:3901} INFO - 0 downstream tasks scheduled from follow-on schedule check
[2025-09-21T23:34:17.009+0000] {local_task_job_runner.py:245} INFO - ::endgroup::
