[2025-09-21T13:47:49.097+0000] {local_task_job_runner.py:123} INFO - ::group::Pre task execution logs
[2025-09-21T13:47:49.123+0000] {taskinstance.py:2614} INFO - Dependencies all met for dep_context=non-requeueable deps ti=<TaskInstance: nawy_real_estate_pipeline.build_fact_and_dim_tables manual__2025-09-21T13:43:16.523289+00:00 [queued]>
[2025-09-21T13:47:49.136+0000] {taskinstance.py:2614} INFO - Dependencies all met for dep_context=requeueable deps ti=<TaskInstance: nawy_real_estate_pipeline.build_fact_and_dim_tables manual__2025-09-21T13:43:16.523289+00:00 [queued]>
[2025-09-21T13:47:49.137+0000] {taskinstance.py:2867} INFO - Starting attempt 1 of 1
[2025-09-21T13:47:49.200+0000] {taskinstance.py:2890} INFO - Executing <Task(BashOperator): build_fact_and_dim_tables> on 2025-09-21 13:43:16.523289+00:00
[2025-09-21T13:47:49.210+0000] {warnings.py:112} WARNING - /home/***/.local/lib/python3.12/site-packages/***/task/task_runner/standard_task_runner.py:70: DeprecationWarning: This process (pid=362) is multi-threaded, use of fork() may lead to deadlocks in the child.
  pid = os.fork()

[2025-09-21T13:47:49.214+0000] {standard_task_runner.py:72} INFO - Started process 364 to run task
[2025-09-21T13:47:49.213+0000] {standard_task_runner.py:104} INFO - Running: ['***', 'tasks', 'run', 'nawy_real_estate_pipeline', 'build_fact_and_dim_tables', 'manual__2025-09-21T13:43:16.523289+00:00', '--job-id', '310', '--raw', '--subdir', 'DAGS_FOLDER/nawy_dag.py', '--cfg-path', '/tmp/tmp9fhkrzc8']
[2025-09-21T13:47:49.215+0000] {standard_task_runner.py:105} INFO - Job 310: Subtask build_fact_and_dim_tables
[2025-09-21T13:47:49.308+0000] {task_command.py:467} INFO - Running <TaskInstance: nawy_real_estate_pipeline.build_fact_and_dim_tables manual__2025-09-21T13:43:16.523289+00:00 [running]> on host b65782a7021d
[2025-09-21T13:47:49.771+0000] {taskinstance.py:3134} INFO - Exporting env vars: AIRFLOW_CTX_DAG_OWNER='***' AIRFLOW_CTX_DAG_ID='nawy_real_estate_pipeline' AIRFLOW_CTX_TASK_ID='build_fact_and_dim_tables' AIRFLOW_CTX_EXECUTION_DATE='2025-09-21T13:43:16.523289+00:00' AIRFLOW_CTX_TRY_NUMBER='1' AIRFLOW_CTX_DAG_RUN_ID='manual__2025-09-21T13:43:16.523289+00:00'
[2025-09-21T13:47:49.773+0000] {logging_mixin.py:190} INFO - Task instance is in running state
[2025-09-21T13:47:49.773+0000] {logging_mixin.py:190} INFO -  Previous state of the Task instance: queued
[2025-09-21T13:47:49.774+0000] {logging_mixin.py:190} INFO - Current task name:build_fact_and_dim_tables state:running start_date:2025-09-21 13:47:49.124316+00:00
[2025-09-21T13:47:49.775+0000] {logging_mixin.py:190} INFO - Dag name:nawy_real_estate_pipeline and current dag run status:running
[2025-09-21T13:47:49.776+0000] {taskinstance.py:732} INFO - ::endgroup::
[2025-09-21T13:47:49.777+0000] {subprocess.py:78} INFO - Tmp dir root location: /tmp
[2025-09-21T13:47:49.802+0000] {subprocess.py:88} INFO - Running command: ['/usr/bin/bash', '-c', ' cd /opt/***/dags/../include/nawy_dbt_project && dbt run -m models/gold  ']
[2025-09-21T13:47:49.826+0000] {subprocess.py:99} INFO - Output:
[2025-09-21T13:47:54.153+0000] {subprocess.py:106} INFO - [0m13:47:54  Running with dbt=1.10.11
[2025-09-21T13:47:54.157+0000] {subprocess.py:106} INFO - [0m13:47:54  [[33mWARNING[0m]: Deprecated functionality
[2025-09-21T13:47:54.158+0000] {subprocess.py:106} INFO - Usage of `--models`, `--model`, and `-m` is deprecated in favor of `--select` or
[2025-09-21T13:47:54.159+0000] {subprocess.py:106} INFO - `-s`.
[2025-09-21T13:47:54.783+0000] {subprocess.py:106} INFO - [0m13:47:54  Registered adapter: postgres=1.9.1
[2025-09-21T13:47:58.200+0000] {subprocess.py:106} INFO - [0m13:47:58  Found 15 models, 1 snapshot, 2 seeds, 553 macros
[2025-09-21T13:47:58.213+0000] {subprocess.py:106} INFO - [0m13:47:58
[2025-09-21T13:47:58.214+0000] {subprocess.py:106} INFO - [0m13:47:58  Concurrency: 1 threads (target='dev')
[2025-09-21T13:47:58.215+0000] {subprocess.py:106} INFO - [0m13:47:58
[2025-09-21T13:47:58.919+0000] {subprocess.py:106} INFO - [0m13:47:58  1 of 11 START sql table model dwh.dim_contact_method ........................... [RUN]
[2025-09-21T13:47:59.415+0000] {subprocess.py:106} INFO - [0m13:47:59  1 of 11 OK created sql table model dwh.dim_contact_method ...................... [[32mSELECT 76[0m in 0.49s]
[2025-09-21T13:47:59.419+0000] {subprocess.py:106} INFO - [0m13:47:59  2 of 11 START sql table model dwh.dim_date ..................................... [RUN]
[2025-09-21T13:47:59.873+0000] {subprocess.py:106} INFO - [0m13:47:59  2 of 11 OK created sql table model dwh.dim_date ................................ [[32mSELECT 2199[0m in 0.45s]
[2025-09-21T13:47:59.877+0000] {subprocess.py:106} INFO - [0m13:47:59  3 of 11 START sql table model dwh.dim_lead_scd2 ................................ [RUN]
[2025-09-21T13:48:00.674+0000] {subprocess.py:106} INFO - [0m13:48:00  3 of 11 OK created sql table model dwh.dim_lead_scd2 ........................... [[32mSELECT 55845[0m in 0.79s]
[2025-09-21T13:48:00.679+0000] {subprocess.py:106} INFO - [0m13:48:00  4 of 11 START sql table model dwh.dim_lead_source .............................. [RUN]
[2025-09-21T13:48:00.997+0000] {subprocess.py:106} INFO - [0m13:48:00  4 of 11 OK created sql table model dwh.dim_lead_source ......................... [[32mSELECT 94[0m in 0.31s]
[2025-09-21T13:48:01.002+0000] {subprocess.py:106} INFO - [0m13:48:01  5 of 11 START sql table model dwh.dim_lead_type ................................ [RUN]
[2025-09-21T13:48:01.341+0000] {subprocess.py:106} INFO - [0m13:48:01  5 of 11 OK created sql table model dwh.dim_lead_type ........................... [[32mSELECT 10[0m in 0.33s]
[2025-09-21T13:48:01.348+0000] {subprocess.py:106} INFO - [0m13:48:01  6 of 11 START sql table model dwh.dim_location ................................. [RUN]
[2025-09-21T13:48:01.602+0000] {subprocess.py:106} INFO - [0m13:48:01  6 of 11 OK created sql table model dwh.dim_location ............................ [[32mSELECT 374[0m in 0.25s]
[2025-09-21T13:48:01.607+0000] {subprocess.py:106} INFO - [0m13:48:01  7 of 11 START sql table model dwh.dim_market_campaign .......................... [RUN]
[2025-09-21T13:48:01.931+0000] {subprocess.py:106} INFO - [0m13:48:01  7 of 11 OK created sql table model dwh.dim_market_campaign ..................... [[32mSELECT 1469[0m in 0.32s]
[2025-09-21T13:48:01.936+0000] {subprocess.py:106} INFO - [0m13:48:01  8 of 11 START sql table model dwh.dim_property_type ............................ [RUN]
[2025-09-21T13:48:02.124+0000] {subprocess.py:106} INFO - [0m13:48:02  8 of 11 OK created sql table model dwh.dim_property_type ....................... [[32mSELECT 14[0m in 0.18s]
[2025-09-21T13:48:02.129+0000] {subprocess.py:106} INFO - [0m13:48:02  9 of 11 START sql table model dwh.dim_sale_category ............................ [RUN]
[2025-09-21T13:48:02.343+0000] {subprocess.py:106} INFO - [0m13:48:02  9 of 11 OK created sql table model dwh.dim_sale_category ....................... [[32mSELECT 6[0m in 0.21s]
[2025-09-21T13:48:02.349+0000] {subprocess.py:106} INFO - [0m13:48:02  10 of 11 START sql table model dwh.leads_fact .................................. [RUN]
[2025-09-21T13:48:05.417+0000] {subprocess.py:106} INFO - [0m13:48:05  10 of 11 OK created sql table model dwh.leads_fact ............................. [[32mSELECT 55845[0m in 3.07s]
[2025-09-21T13:48:05.422+0000] {subprocess.py:106} INFO - [0m13:48:05  11 of 11 START sql table model dwh.sales_fact .................................. [RUN]
[2025-09-21T13:48:06.994+0000] {subprocess.py:106} INFO - [0m13:48:06  11 of 11 OK created sql table model dwh.sales_fact ............................. [[32mSELECT 1333[0m in 1.57s]
[2025-09-21T13:48:07.076+0000] {subprocess.py:106} INFO - [0m13:48:07
[2025-09-21T13:48:07.077+0000] {subprocess.py:106} INFO - [0m13:48:07  Finished running 11 table models in 0 hours 0 minutes and 8.86 seconds (8.86s).
[2025-09-21T13:48:07.207+0000] {subprocess.py:106} INFO - [0m13:48:07
[2025-09-21T13:48:07.209+0000] {subprocess.py:106} INFO - [0m13:48:07  [32mCompleted successfully[0m
[2025-09-21T13:48:07.210+0000] {subprocess.py:106} INFO - [0m13:48:07
[2025-09-21T13:48:07.211+0000] {subprocess.py:106} INFO - [0m13:48:07  Done. PASS=11 WARN=0 ERROR=0 SKIP=0 NO-OP=0 TOTAL=11
[2025-09-21T13:48:07.213+0000] {subprocess.py:106} INFO - [0m13:48:07  [[33mWARNING[0m][DeprecationsSummary]: Deprecated functionality
[2025-09-21T13:48:07.213+0000] {subprocess.py:106} INFO - Summary of encountered deprecations:
[2025-09-21T13:48:07.214+0000] {subprocess.py:106} INFO - - ModelParamUsageDeprecation: 1 occurrence
[2025-09-21T13:48:07.215+0000] {subprocess.py:106} INFO - To see all deprecation instances instead of just the first occurrence of each,
[2025-09-21T13:48:07.216+0000] {subprocess.py:106} INFO - run command again with the `--show-all-deprecations` flag. You may also need to
[2025-09-21T13:48:07.216+0000] {subprocess.py:106} INFO - run with `--no-partial-parse` as some deprecations are only encountered during
[2025-09-21T13:48:07.217+0000] {subprocess.py:106} INFO - parsing.
[2025-09-21T13:48:08.704+0000] {subprocess.py:110} INFO - Command exited with return code 0
[2025-09-21T13:48:08.764+0000] {taskinstance.py:341} INFO - ::group::Post task execution logs
[2025-09-21T13:48:08.765+0000] {taskinstance.py:353} INFO - Marking task as SUCCESS. dag_id=nawy_real_estate_pipeline, task_id=build_fact_and_dim_tables, run_id=manual__2025-09-21T13:43:16.523289+00:00, execution_date=20250921T134316, start_date=20250921T134749, end_date=20250921T134808
[2025-09-21T13:48:08.843+0000] {logging_mixin.py:190} INFO - Task instance in success state
[2025-09-21T13:48:08.844+0000] {logging_mixin.py:190} INFO -  Previous state of the Task instance: running
[2025-09-21T13:48:08.845+0000] {logging_mixin.py:190} INFO - Dag name:nawy_real_estate_pipeline queued_at:2025-09-21 13:43:16.537366+00:00
[2025-09-21T13:48:08.845+0000] {logging_mixin.py:190} INFO - Task hostname:b65782a7021d operator:BashOperator
[2025-09-21T13:48:08.892+0000] {local_task_job_runner.py:266} INFO - Task exited with return code 0
[2025-09-21T13:48:08.922+0000] {taskinstance.py:3901} INFO - 1 downstream tasks scheduled from follow-on schedule check
[2025-09-21T13:48:08.946+0000] {local_task_job_runner.py:245} INFO - ::endgroup::
