[2025-09-21T13:47:08.808+0000] {local_task_job_runner.py:123} INFO - ::group::Pre task execution logs
[2025-09-21T13:47:08.835+0000] {taskinstance.py:2614} INFO - Dependencies all met for dep_context=non-requeueable deps ti=<TaskInstance: nawy_real_estate_pipeline.silver_layer_transformations manual__2025-09-21T13:43:16.523289+00:00 [queued]>
[2025-09-21T13:47:08.848+0000] {taskinstance.py:2614} INFO - Dependencies all met for dep_context=requeueable deps ti=<TaskInstance: nawy_real_estate_pipeline.silver_layer_transformations manual__2025-09-21T13:43:16.523289+00:00 [queued]>
[2025-09-21T13:47:08.849+0000] {taskinstance.py:2867} INFO - Starting attempt 1 of 1
[2025-09-21T13:47:08.890+0000] {taskinstance.py:2890} INFO - Executing <Task(BashOperator): silver_layer_transformations> on 2025-09-21 13:43:16.523289+00:00
[2025-09-21T13:47:08.898+0000] {warnings.py:112} WARNING - /home/***/.local/lib/python3.12/site-packages/***/task/task_runner/standard_task_runner.py:70: DeprecationWarning: This process (pid=319) is multi-threaded, use of fork() may lead to deadlocks in the child.
  pid = os.fork()

[2025-09-21T13:47:08.900+0000] {standard_task_runner.py:72} INFO - Started process 321 to run task
[2025-09-21T13:47:08.900+0000] {standard_task_runner.py:104} INFO - Running: ['***', 'tasks', 'run', 'nawy_real_estate_pipeline', 'silver_layer_transformations', 'manual__2025-09-21T13:43:16.523289+00:00', '--job-id', '307', '--raw', '--subdir', 'DAGS_FOLDER/nawy_dag.py', '--cfg-path', '/tmp/tmpljsac1ps']
[2025-09-21T13:47:08.902+0000] {standard_task_runner.py:105} INFO - Job 307: Subtask silver_layer_transformations
[2025-09-21T13:47:08.994+0000] {task_command.py:467} INFO - Running <TaskInstance: nawy_real_estate_pipeline.silver_layer_transformations manual__2025-09-21T13:43:16.523289+00:00 [running]> on host b65782a7021d
[2025-09-21T13:47:09.379+0000] {taskinstance.py:3134} INFO - Exporting env vars: AIRFLOW_CTX_DAG_OWNER='***' AIRFLOW_CTX_DAG_ID='nawy_real_estate_pipeline' AIRFLOW_CTX_TASK_ID='silver_layer_transformations' AIRFLOW_CTX_EXECUTION_DATE='2025-09-21T13:43:16.523289+00:00' AIRFLOW_CTX_TRY_NUMBER='1' AIRFLOW_CTX_DAG_RUN_ID='manual__2025-09-21T13:43:16.523289+00:00'
[2025-09-21T13:47:09.380+0000] {logging_mixin.py:190} INFO - Task instance is in running state
[2025-09-21T13:47:09.381+0000] {logging_mixin.py:190} INFO -  Previous state of the Task instance: queued
[2025-09-21T13:47:09.381+0000] {logging_mixin.py:190} INFO - Current task name:silver_layer_transformations state:running start_date:2025-09-21 13:47:08.836545+00:00
[2025-09-21T13:47:09.382+0000] {logging_mixin.py:190} INFO - Dag name:nawy_real_estate_pipeline and current dag run status:running
[2025-09-21T13:47:09.383+0000] {taskinstance.py:732} INFO - ::endgroup::
[2025-09-21T13:47:09.384+0000] {subprocess.py:78} INFO - Tmp dir root location: /tmp
[2025-09-21T13:47:09.413+0000] {subprocess.py:88} INFO - Running command: ['/usr/bin/bash', '-c', ' cd /opt/***/dags/../include/nawy_dbt_project && dbt run -m models/silver ']
[2025-09-21T13:47:09.427+0000] {subprocess.py:99} INFO - Output:
[2025-09-21T13:47:12.781+0000] {subprocess.py:106} INFO - [0m13:47:12  Running with dbt=1.10.11
[2025-09-21T13:47:12.783+0000] {subprocess.py:106} INFO - [0m13:47:12  [[33mWARNING[0m]: Deprecated functionality
[2025-09-21T13:47:12.784+0000] {subprocess.py:106} INFO - Usage of `--models`, `--model`, and `-m` is deprecated in favor of `--select` or
[2025-09-21T13:47:12.785+0000] {subprocess.py:106} INFO - `-s`.
[2025-09-21T13:47:13.242+0000] {subprocess.py:106} INFO - [0m13:47:13  Registered adapter: postgres=1.9.1
[2025-09-21T13:47:15.846+0000] {subprocess.py:106} INFO - [0m13:47:15  Found 15 models, 1 snapshot, 2 seeds, 553 macros
[2025-09-21T13:47:15.857+0000] {subprocess.py:106} INFO - [0m13:47:15
[2025-09-21T13:47:15.858+0000] {subprocess.py:106} INFO - [0m13:47:15  Concurrency: 1 threads (target='dev')
[2025-09-21T13:47:15.859+0000] {subprocess.py:106} INFO - [0m13:47:15
[2025-09-21T13:47:16.234+0000] {subprocess.py:106} INFO - [0m13:47:16  1 of 2 START sql table model dwh.leads_transformed ............................. [RUN]
[2025-09-21T13:47:17.498+0000] {subprocess.py:106} INFO - [0m13:47:17  1 of 2 OK created sql table model dwh.leads_transformed ........................ [[32mSELECT 55845[0m in 1.26s]
[2025-09-21T13:47:17.501+0000] {subprocess.py:106} INFO - [0m13:47:17  2 of 2 START sql table model dwh.sales_transformed ............................. [RUN]
[2025-09-21T13:47:17.716+0000] {subprocess.py:106} INFO - [0m13:47:17  2 of 2 OK created sql table model dwh.sales_transformed ........................ [[32mSELECT 1333[0m in 0.21s]
[2025-09-21T13:47:17.784+0000] {subprocess.py:106} INFO - [0m13:47:17
[2025-09-21T13:47:17.785+0000] {subprocess.py:106} INFO - [0m13:47:17  Finished running 2 table models in 0 hours 0 minutes and 1.92 seconds (1.92s).
[2025-09-21T13:47:17.892+0000] {subprocess.py:106} INFO - [0m13:47:17
[2025-09-21T13:47:17.893+0000] {subprocess.py:106} INFO - [0m13:47:17  [32mCompleted successfully[0m
[2025-09-21T13:47:17.894+0000] {subprocess.py:106} INFO - [0m13:47:17
[2025-09-21T13:47:17.895+0000] {subprocess.py:106} INFO - [0m13:47:17  Done. PASS=2 WARN=0 ERROR=0 SKIP=0 NO-OP=0 TOTAL=2
[2025-09-21T13:47:17.896+0000] {subprocess.py:106} INFO - [0m13:47:17  [[33mWARNING[0m][DeprecationsSummary]: Deprecated functionality
[2025-09-21T13:47:17.897+0000] {subprocess.py:106} INFO - Summary of encountered deprecations:
[2025-09-21T13:47:17.897+0000] {subprocess.py:106} INFO - - ModelParamUsageDeprecation: 1 occurrence
[2025-09-21T13:47:17.898+0000] {subprocess.py:106} INFO - To see all deprecation instances instead of just the first occurrence of each,
[2025-09-21T13:47:17.899+0000] {subprocess.py:106} INFO - run command again with the `--show-all-deprecations` flag. You may also need to
[2025-09-21T13:47:17.899+0000] {subprocess.py:106} INFO - run with `--no-partial-parse` as some deprecations are only encountered during
[2025-09-21T13:47:17.900+0000] {subprocess.py:106} INFO - parsing.
[2025-09-21T13:47:19.105+0000] {subprocess.py:110} INFO - Command exited with return code 0
[2025-09-21T13:47:19.188+0000] {taskinstance.py:341} INFO - ::group::Post task execution logs
[2025-09-21T13:47:19.189+0000] {taskinstance.py:353} INFO - Marking task as SUCCESS. dag_id=nawy_real_estate_pipeline, task_id=silver_layer_transformations, run_id=manual__2025-09-21T13:43:16.523289+00:00, execution_date=20250921T134316, start_date=20250921T134708, end_date=20250921T134719
[2025-09-21T13:47:19.281+0000] {logging_mixin.py:190} INFO - Task instance in success state
[2025-09-21T13:47:19.282+0000] {logging_mixin.py:190} INFO -  Previous state of the Task instance: running
[2025-09-21T13:47:19.282+0000] {logging_mixin.py:190} INFO - Dag name:nawy_real_estate_pipeline queued_at:2025-09-21 13:43:16.537366+00:00
[2025-09-21T13:47:19.283+0000] {logging_mixin.py:190} INFO - Task hostname:b65782a7021d operator:BashOperator
[2025-09-21T13:47:19.327+0000] {local_task_job_runner.py:266} INFO - Task exited with return code 0
[2025-09-21T13:47:19.367+0000] {taskinstance.py:3901} INFO - 1 downstream tasks scheduled from follow-on schedule check
[2025-09-21T13:47:19.398+0000] {local_task_job_runner.py:245} INFO - ::endgroup::
