[2025-09-21T14:12:53.180+0000] {local_task_job_runner.py:123} INFO - ::group::Pre task execution logs
[2025-09-21T14:12:53.205+0000] {taskinstance.py:2614} INFO - Dependencies all met for dep_context=non-requeueable deps ti=<TaskInstance: nawy_real_estate_pipeline.soda_quality_checks_silver_layer manual__2025-09-21T14:08:54.593600+00:00 [queued]>
[2025-09-21T14:12:53.216+0000] {taskinstance.py:2614} INFO - Dependencies all met for dep_context=requeueable deps ti=<TaskInstance: nawy_real_estate_pipeline.soda_quality_checks_silver_layer manual__2025-09-21T14:08:54.593600+00:00 [queued]>
[2025-09-21T14:12:53.217+0000] {taskinstance.py:2867} INFO - Starting attempt 1 of 1
[2025-09-21T14:12:53.261+0000] {taskinstance.py:2890} INFO - Executing <Task(BashOperator): soda_quality_checks_silver_layer> on 2025-09-21 14:08:54.593600+00:00
[2025-09-21T14:12:53.268+0000] {warnings.py:112} WARNING - /home/***/.local/lib/python3.12/site-packages/***/task/task_runner/standard_task_runner.py:70: DeprecationWarning: This process (pid=872) is multi-threaded, use of fork() may lead to deadlocks in the child.
  pid = os.fork()

[2025-09-21T14:12:53.271+0000] {standard_task_runner.py:72} INFO - Started process 874 to run task
[2025-09-21T14:12:53.272+0000] {standard_task_runner.py:104} INFO - Running: ['***', 'tasks', 'run', 'nawy_real_estate_pipeline', 'soda_quality_checks_silver_layer', 'manual__2025-09-21T14:08:54.593600+00:00', '--job-id', '326', '--raw', '--subdir', 'DAGS_FOLDER/nawy_dag.py', '--cfg-path', '/tmp/tmpzu8x_ifz']
[2025-09-21T14:12:53.273+0000] {standard_task_runner.py:105} INFO - Job 326: Subtask soda_quality_checks_silver_layer
[2025-09-21T14:12:53.349+0000] {task_command.py:467} INFO - Running <TaskInstance: nawy_real_estate_pipeline.soda_quality_checks_silver_layer manual__2025-09-21T14:08:54.593600+00:00 [running]> on host b65782a7021d
[2025-09-21T14:12:53.699+0000] {taskinstance.py:3134} INFO - Exporting env vars: AIRFLOW_CTX_DAG_OWNER='***' AIRFLOW_CTX_DAG_ID='nawy_real_estate_pipeline' AIRFLOW_CTX_TASK_ID='soda_quality_checks_silver_layer' AIRFLOW_CTX_EXECUTION_DATE='2025-09-21T14:08:54.593600+00:00' AIRFLOW_CTX_TRY_NUMBER='1' AIRFLOW_CTX_DAG_RUN_ID='manual__2025-09-21T14:08:54.593600+00:00'
[2025-09-21T14:12:53.700+0000] {logging_mixin.py:190} INFO - Task instance is in running state
[2025-09-21T14:12:53.701+0000] {logging_mixin.py:190} INFO -  Previous state of the Task instance: queued
[2025-09-21T14:12:53.702+0000] {logging_mixin.py:190} INFO - Current task name:soda_quality_checks_silver_layer state:running start_date:2025-09-21 14:12:53.206304+00:00
[2025-09-21T14:12:53.702+0000] {logging_mixin.py:190} INFO - Dag name:nawy_real_estate_pipeline and current dag run status:running
[2025-09-21T14:12:53.703+0000] {taskinstance.py:732} INFO - ::endgroup::
[2025-09-21T14:12:53.704+0000] {subprocess.py:78} INFO - Tmp dir root location: /tmp
[2025-09-21T14:12:53.706+0000] {subprocess.py:88} INFO - Running command: ['/usr/bin/bash', '-c', ' cd /opt/***/dags/../include/nawy_soda_project && soda scan  -d nawy_task_destination -c configuration.yml checks/silver || true']
[2025-09-21T14:12:53.719+0000] {subprocess.py:99} INFO - Output:
[2025-09-21T14:12:55.050+0000] {subprocess.py:106} INFO - [14:12:55] Soda Core 3.5.5
[2025-09-21T14:12:55.372+0000] {subprocess.py:106} INFO - [14:12:55] Using DefaultSampler
[2025-09-21T14:12:55.375+0000] {subprocess.py:106} INFO - [14:12:55] Using DefaultSampler
[2025-09-21T14:12:55.378+0000] {subprocess.py:106} INFO - [14:12:55] Using DefaultSampler
[2025-09-21T14:12:55.388+0000] {subprocess.py:106} INFO - [14:12:55] Using DefaultSampler
[2025-09-21T14:12:55.407+0000] {subprocess.py:106} INFO - [14:12:55] Using DefaultSampler
[2025-09-21T14:12:55.492+0000] {subprocess.py:106} INFO - [14:12:55] Using DefaultSampler
[2025-09-21T14:12:55.535+0000] {subprocess.py:106} INFO - [14:12:55] Using DefaultSampler
[2025-09-21T14:12:55.536+0000] {subprocess.py:106} INFO - [14:12:55] Scan summary:
[2025-09-21T14:12:55.537+0000] {subprocess.py:106} INFO - [14:12:55] 9/11 checks PASSED:
[2025-09-21T14:12:55.538+0000] {subprocess.py:106} INFO - [14:12:55]     sales_transformed in nawy_task_destination
[2025-09-21T14:12:55.538+0000] {subprocess.py:106} INFO - [14:12:55]        combination used in key generation must be unique per each record [PASSED]
[2025-09-21T14:12:55.539+0000] {subprocess.py:106} INFO - [14:12:55]       Finalized sales must have an actual_value [PASSED]
[2025-09-21T14:12:55.540+0000] {subprocess.py:106} INFO - [14:12:55]       Orphan sales entries (no lead_id) should not exist [PASSED]
[2025-09-21T14:12:55.540+0000] {subprocess.py:106} INFO - [14:12:55]       sale_id must be unique [PASSED]
[2025-09-21T14:12:55.541+0000] {subprocess.py:106} INFO - [14:12:55]     leads_transformed in nawy_task_destination
[2025-09-21T14:12:55.542+0000] {subprocess.py:106} INFO - [14:12:55]       last contact date cant be in the future [PASSED]
[2025-09-21T14:12:55.542+0000] {subprocess.py:106} INFO - [14:12:55]       all status names should be standardized to lowercase [PASSED]
[2025-09-21T14:12:55.543+0000] {subprocess.py:106} INFO - [14:12:55]       all lead_types should be standardized to lowercase [PASSED]
[2025-09-21T14:12:55.544+0000] {subprocess.py:106} INFO - [14:12:55]       lead_id cannot be null [PASSED]
[2025-09-21T14:12:55.544+0000] {subprocess.py:106} INFO - [14:12:55]       the value campaign ='(none)' is not valid here [PASSED]
[2025-09-21T14:12:55.545+0000] {subprocess.py:106} INFO - [14:12:55] 2/11 checks WARNED:
[2025-09-21T14:12:55.545+0000] {subprocess.py:106} INFO - [14:12:55]     sales_transformed in nawy_task_destination
[2025-09-21T14:12:55.546+0000] {subprocess.py:106} INFO - [14:12:55]       Contraction date must be after or on the reservation date [WARNED]
[2025-09-21T14:12:55.547+0000] {subprocess.py:106} INFO - [14:12:55]         value: 2
[2025-09-21T14:12:55.547+0000] {subprocess.py:106} INFO - [14:12:55]     leads_transformed in nawy_task_destination
[2025-09-21T14:12:55.548+0000] {subprocess.py:106} INFO - [14:12:55]       updated_at must be after or equal to the created timestamp [WARNED]
[2025-09-21T14:12:55.548+0000] {subprocess.py:106} INFO - [14:12:55]         value: 1
[2025-09-21T14:12:55.549+0000] {subprocess.py:106} INFO - [14:12:55] Only 2 warnings. 0 failures. 0 errors. 9 pass.
[2025-09-21T14:12:56.204+0000] {subprocess.py:110} INFO - Command exited with return code 0
[2025-09-21T14:12:56.276+0000] {taskinstance.py:341} INFO - ::group::Post task execution logs
[2025-09-21T14:12:56.277+0000] {taskinstance.py:353} INFO - Marking task as SUCCESS. dag_id=nawy_real_estate_pipeline, task_id=soda_quality_checks_silver_layer, run_id=manual__2025-09-21T14:08:54.593600+00:00, execution_date=20250921T140854, start_date=20250921T141253, end_date=20250921T141256
[2025-09-21T14:12:56.356+0000] {logging_mixin.py:190} INFO - Task instance in success state
[2025-09-21T14:12:56.357+0000] {logging_mixin.py:190} INFO -  Previous state of the Task instance: running
[2025-09-21T14:12:56.358+0000] {logging_mixin.py:190} INFO - Dag name:nawy_real_estate_pipeline queued_at:2025-09-21 14:08:54.611802+00:00
[2025-09-21T14:12:56.358+0000] {logging_mixin.py:190} INFO - Task hostname:b65782a7021d operator:BashOperator
[2025-09-21T14:12:56.408+0000] {local_task_job_runner.py:266} INFO - Task exited with return code 0
[2025-09-21T14:12:56.441+0000] {taskinstance.py:3901} INFO - 1 downstream tasks scheduled from follow-on schedule check
[2025-09-21T14:12:56.468+0000] {local_task_job_runner.py:245} INFO - ::endgroup::
