[2025-09-21T23:33:17.504+0000] {local_task_job_runner.py:123} INFO - ::group::Pre task execution logs
[2025-09-21T23:33:17.559+0000] {taskinstance.py:2614} INFO - Dependencies all met for dep_context=non-requeueable deps ti=<TaskInstance: nawy_real_estate_pipeline.build_scd2_table manual__2025-09-20T08:09:14.175023+00:00 [queued]>
[2025-09-21T23:33:17.579+0000] {taskinstance.py:2614} INFO - Dependencies all met for dep_context=requeueable deps ti=<TaskInstance: nawy_real_estate_pipeline.build_scd2_table manual__2025-09-20T08:09:14.175023+00:00 [queued]>
[2025-09-21T23:33:17.580+0000] {taskinstance.py:2867} INFO - Starting attempt 1 of 1
[2025-09-21T23:33:17.667+0000] {taskinstance.py:2890} INFO - Executing <Task(BashOperator): build_scd2_table> on 2025-09-20 08:09:14.175023+00:00
[2025-09-21T23:33:17.677+0000] {warnings.py:112} WARNING - /home/***/.local/lib/python3.12/site-packages/***/task/task_runner/standard_task_runner.py:70: DeprecationWarning: This process (pid=831) is multi-threaded, use of fork() may lead to deadlocks in the child.
  pid = os.fork()

[2025-09-21T23:33:17.680+0000] {standard_task_runner.py:72} INFO - Started process 837 to run task
[2025-09-21T23:33:17.680+0000] {standard_task_runner.py:104} INFO - Running: ['***', 'tasks', 'run', 'nawy_real_estate_pipeline', 'build_scd2_table', 'manual__2025-09-20T08:09:14.175023+00:00', '--job-id', '403', '--raw', '--subdir', 'DAGS_FOLDER/nawy_dag.py', '--cfg-path', '/tmp/tmpw29bqk89']
[2025-09-21T23:33:17.682+0000] {standard_task_runner.py:105} INFO - Job 403: Subtask build_scd2_table
[2025-09-21T23:33:17.800+0000] {task_command.py:467} INFO - Running <TaskInstance: nawy_real_estate_pipeline.build_scd2_table manual__2025-09-20T08:09:14.175023+00:00 [running]> on host b65782a7021d
[2025-09-21T23:33:18.311+0000] {taskinstance.py:3134} INFO - Exporting env vars: AIRFLOW_CTX_DAG_OWNER='***' AIRFLOW_CTX_DAG_ID='nawy_real_estate_pipeline' AIRFLOW_CTX_TASK_ID='build_scd2_table' AIRFLOW_CTX_EXECUTION_DATE='2025-09-20T08:09:14.175023+00:00' AIRFLOW_CTX_TRY_NUMBER='1' AIRFLOW_CTX_DAG_RUN_ID='manual__2025-09-20T08:09:14.175023+00:00'
[2025-09-21T23:33:18.312+0000] {logging_mixin.py:190} INFO - Task instance is in running state
[2025-09-21T23:33:18.313+0000] {logging_mixin.py:190} INFO -  Previous state of the Task instance: queued
[2025-09-21T23:33:18.313+0000] {logging_mixin.py:190} INFO - Current task name:build_scd2_table state:running start_date:2025-09-21 23:33:17.560818+00:00
[2025-09-21T23:33:18.314+0000] {logging_mixin.py:190} INFO - Dag name:nawy_real_estate_pipeline and current dag run status:running
[2025-09-21T23:33:18.314+0000] {taskinstance.py:732} INFO - ::endgroup::
[2025-09-21T23:33:18.315+0000] {subprocess.py:78} INFO - Tmp dir root location: /tmp
[2025-09-21T23:33:18.341+0000] {subprocess.py:88} INFO - Running command: ['/usr/bin/bash', '-c', ' cd /opt/***/dags/../include/nawy_dbt_project && dbt snapshot ']
[2025-09-21T23:33:18.365+0000] {subprocess.py:99} INFO - Output:
[2025-09-21T23:33:25.381+0000] {subprocess.py:106} INFO - [0m23:33:25  Running with dbt=1.10.11
[2025-09-21T23:33:26.043+0000] {subprocess.py:106} INFO - [0m23:33:26  Registered adapter: postgres=1.9.1
[2025-09-21T23:33:28.601+0000] {subprocess.py:106} INFO - [0m23:33:28  Found 15 models, 1 snapshot, 2 seeds, 553 macros
[2025-09-21T23:33:28.606+0000] {subprocess.py:106} INFO - [0m23:33:28
[2025-09-21T23:33:28.608+0000] {subprocess.py:106} INFO - [0m23:33:28  Concurrency: 1 threads (target='dev')
[2025-09-21T23:33:28.610+0000] {subprocess.py:106} INFO - [0m23:33:28
[2025-09-21T23:33:29.428+0000] {subprocess.py:106} INFO - [0m23:33:29  1 of 1 START snapshot dwh_snapshots.leads_dim_snapshot ......................... [RUN]
[2025-09-21T23:33:31.675+0000] {subprocess.py:106} INFO - [0m23:33:31  1 of 1 OK snapshotted dwh_snapshots.leads_dim_snapshot ......................... [[32mINSERT 0 0[0m in 2.24s]
[2025-09-21T23:33:31.780+0000] {subprocess.py:106} INFO - [0m23:33:31
[2025-09-21T23:33:31.781+0000] {subprocess.py:106} INFO - [0m23:33:31  Finished running 1 snapshot in 0 hours 0 minutes and 3.17 seconds (3.17s).
[2025-09-21T23:33:31.925+0000] {subprocess.py:106} INFO - [0m23:33:31
[2025-09-21T23:33:31.927+0000] {subprocess.py:106} INFO - [0m23:33:31  [32mCompleted successfully[0m
[2025-09-21T23:33:31.928+0000] {subprocess.py:106} INFO - [0m23:33:31
[2025-09-21T23:33:31.930+0000] {subprocess.py:106} INFO - [0m23:33:31  Done. PASS=1 WARN=0 ERROR=0 SKIP=0 NO-OP=0 TOTAL=1
[2025-09-21T23:33:33.164+0000] {subprocess.py:110} INFO - Command exited with return code 0
[2025-09-21T23:33:33.243+0000] {taskinstance.py:341} INFO - ::group::Post task execution logs
[2025-09-21T23:33:33.244+0000] {taskinstance.py:353} INFO - Marking task as SUCCESS. dag_id=nawy_real_estate_pipeline, task_id=build_scd2_table, run_id=manual__2025-09-20T08:09:14.175023+00:00, execution_date=20250920T080914, start_date=20250921T233317, end_date=20250921T233333
[2025-09-21T23:33:33.337+0000] {logging_mixin.py:190} INFO - Task instance in success state
[2025-09-21T23:33:33.337+0000] {logging_mixin.py:190} INFO -  Previous state of the Task instance: running
[2025-09-21T23:33:33.338+0000] {logging_mixin.py:190} INFO - Dag name:nawy_real_estate_pipeline queued_at:2025-09-21 23:03:47.690722+00:00
[2025-09-21T23:33:33.339+0000] {logging_mixin.py:190} INFO - Task hostname:b65782a7021d operator:BashOperator
[2025-09-21T23:33:33.395+0000] {local_task_job_runner.py:266} INFO - Task exited with return code 0
[2025-09-21T23:33:33.424+0000] {taskinstance.py:3901} INFO - 1 downstream tasks scheduled from follow-on schedule check
[2025-09-21T23:33:33.480+0000] {local_task_job_runner.py:245} INFO - ::endgroup::
