[2025-09-21T23:41:51.029+0000] {local_task_job_runner.py:123} INFO - ::group::Pre task execution logs
[2025-09-21T23:41:51.053+0000] {taskinstance.py:2614} INFO - Dependencies all met for dep_context=non-requeueable deps ti=<TaskInstance: nawy_real_estate_pipeline.build_fact_and_dim_tables manual__2025-09-21T23:37:30.907919+00:00 [queued]>
[2025-09-21T23:41:51.068+0000] {taskinstance.py:2614} INFO - Dependencies all met for dep_context=requeueable deps ti=<TaskInstance: nawy_real_estate_pipeline.build_fact_and_dim_tables manual__2025-09-21T23:37:30.907919+00:00 [queued]>
[2025-09-21T23:41:51.068+0000] {taskinstance.py:2867} INFO - Starting attempt 1 of 1
[2025-09-21T23:41:51.110+0000] {taskinstance.py:2890} INFO - Executing <Task(BashOperator): build_fact_and_dim_tables> on 2025-09-21 23:37:30.907919+00:00
[2025-09-21T23:41:51.118+0000] {warnings.py:112} WARNING - /home/***/.local/lib/python3.12/site-packages/***/task/task_runner/standard_task_runner.py:70: DeprecationWarning: This process (pid=1157) is multi-threaded, use of fork() may lead to deadlocks in the child.
  pid = os.fork()

[2025-09-21T23:41:51.119+0000] {standard_task_runner.py:72} INFO - Started process 1159 to run task
[2025-09-21T23:41:51.120+0000] {standard_task_runner.py:104} INFO - Running: ['***', 'tasks', 'run', 'nawy_real_estate_pipeline', 'build_fact_and_dim_tables', 'manual__2025-09-21T23:37:30.907919+00:00', '--job-id', '420', '--raw', '--subdir', 'DAGS_FOLDER/nawy_dag.py', '--cfg-path', '/tmp/tmp3dxb8od0']
[2025-09-21T23:41:51.121+0000] {standard_task_runner.py:105} INFO - Job 420: Subtask build_fact_and_dim_tables
[2025-09-21T23:41:51.196+0000] {task_command.py:467} INFO - Running <TaskInstance: nawy_real_estate_pipeline.build_fact_and_dim_tables manual__2025-09-21T23:37:30.907919+00:00 [running]> on host b65782a7021d
[2025-09-21T23:41:51.529+0000] {taskinstance.py:3134} INFO - Exporting env vars: AIRFLOW_CTX_DAG_OWNER='***' AIRFLOW_CTX_DAG_ID='nawy_real_estate_pipeline' AIRFLOW_CTX_TASK_ID='build_fact_and_dim_tables' AIRFLOW_CTX_EXECUTION_DATE='2025-09-21T23:37:30.907919+00:00' AIRFLOW_CTX_TRY_NUMBER='1' AIRFLOW_CTX_DAG_RUN_ID='manual__2025-09-21T23:37:30.907919+00:00'
[2025-09-21T23:41:51.535+0000] {logging_mixin.py:190} INFO - Task instance is in running state
[2025-09-21T23:41:51.536+0000] {logging_mixin.py:190} INFO -  Previous state of the Task instance: queued
[2025-09-21T23:41:51.537+0000] {logging_mixin.py:190} INFO - Current task name:build_fact_and_dim_tables state:running start_date:2025-09-21 23:41:51.054592+00:00
[2025-09-21T23:41:51.538+0000] {logging_mixin.py:190} INFO - Dag name:nawy_real_estate_pipeline and current dag run status:running
[2025-09-21T23:41:51.538+0000] {taskinstance.py:732} INFO - ::endgroup::
[2025-09-21T23:41:51.540+0000] {subprocess.py:78} INFO - Tmp dir root location: /tmp
[2025-09-21T23:41:51.566+0000] {subprocess.py:88} INFO - Running command: ['/usr/bin/bash', '-c', ' cd /opt/***/dags/../include/nawy_dbt_project && dbt run -m models/gold  ']
[2025-09-21T23:41:51.580+0000] {subprocess.py:99} INFO - Output:
[2025-09-21T23:41:54.432+0000] {subprocess.py:106} INFO - [0m23:41:54  Running with dbt=1.10.11
[2025-09-21T23:41:54.434+0000] {subprocess.py:106} INFO - [0m23:41:54  [[33mWARNING[0m]: Deprecated functionality
[2025-09-21T23:41:54.435+0000] {subprocess.py:106} INFO - Usage of `--models`, `--model`, and `-m` is deprecated in favor of `--select` or
[2025-09-21T23:41:54.435+0000] {subprocess.py:106} INFO - `-s`.
[2025-09-21T23:41:54.876+0000] {subprocess.py:106} INFO - [0m23:41:54  Registered adapter: postgres=1.9.1
[2025-09-21T23:41:57.346+0000] {subprocess.py:106} INFO - [0m23:41:57  Found 15 models, 1 snapshot, 2 seeds, 553 macros
[2025-09-21T23:41:57.357+0000] {subprocess.py:106} INFO - [0m23:41:57
[2025-09-21T23:41:57.358+0000] {subprocess.py:106} INFO - [0m23:41:57  Concurrency: 5 threads (target='dev')
[2025-09-21T23:41:57.359+0000] {subprocess.py:106} INFO - [0m23:41:57
[2025-09-21T23:41:57.710+0000] {subprocess.py:106} INFO - [0m23:41:57  1 of 11 START sql table model dwh.dim_contact_method ........................... [RUN]
[2025-09-21T23:41:57.712+0000] {subprocess.py:106} INFO - [0m23:41:57  2 of 11 START sql table model dwh.dim_date ..................................... [RUN]
[2025-09-21T23:41:57.714+0000] {subprocess.py:106} INFO - [0m23:41:57  3 of 11 START sql table model dwh.dim_lead_scd2 ................................ [RUN]
[2025-09-21T23:41:57.717+0000] {subprocess.py:106} INFO - [0m23:41:57  4 of 11 START sql table model dwh.dim_lead_source .............................. [RUN]
[2025-09-21T23:41:57.718+0000] {subprocess.py:106} INFO - [0m23:41:57  5 of 11 START sql table model dwh.dim_lead_type ................................ [RUN]
[2025-09-21T23:41:58.808+0000] {subprocess.py:106} INFO - [0m23:41:58  5 of 11 OK created sql table model dwh.dim_lead_type ........................... [[32mSELECT 10[0m in 1.08s]
[2025-09-21T23:41:58.811+0000] {subprocess.py:106} INFO - [0m23:41:58  4 of 11 OK created sql table model dwh.dim_lead_source ......................... [[32mSELECT 94[0m in 1.08s]
[2025-09-21T23:41:58.812+0000] {subprocess.py:106} INFO - [0m23:41:58  1 of 11 OK created sql table model dwh.dim_contact_method ...................... [[32mSELECT 76[0m in 1.09s]
[2025-09-21T23:41:58.831+0000] {subprocess.py:106} INFO - [0m23:41:58  6 of 11 START sql table model dwh.dim_location ................................. [RUN]
[2025-09-21T23:41:58.834+0000] {subprocess.py:106} INFO - [0m23:41:58  7 of 11 START sql table model dwh.dim_market_campaign .......................... [RUN]
[2025-09-21T23:41:58.836+0000] {subprocess.py:106} INFO - [0m23:41:58  8 of 11 START sql table model dwh.dim_property_type ............................ [RUN]
[2025-09-21T23:41:58.914+0000] {subprocess.py:106} INFO - [0m23:41:58  2 of 11 OK created sql table model dwh.dim_date ................................ [[32mSELECT 2199[0m in 1.19s]
[2025-09-21T23:41:58.916+0000] {subprocess.py:106} INFO - [0m23:41:58  3 of 11 OK created sql table model dwh.dim_lead_scd2 ........................... [[32mSELECT 55845[0m in 1.19s]
[2025-09-21T23:41:58.921+0000] {subprocess.py:106} INFO - [0m23:41:58  9 of 11 START sql table model dwh.dim_sale_category ............................ [RUN]
[2025-09-21T23:41:59.167+0000] {subprocess.py:106} INFO - [0m23:41:59  8 of 11 OK created sql table model dwh.dim_property_type ....................... [[32mSELECT 14[0m in 0.32s]
[2025-09-21T23:41:59.297+0000] {subprocess.py:106} INFO - [0m23:41:59  9 of 11 OK created sql table model dwh.dim_sale_category ....................... [[32mSELECT 6[0m in 0.36s]
[2025-09-21T23:41:59.340+0000] {subprocess.py:106} INFO - [0m23:41:59  6 of 11 OK created sql table model dwh.dim_location ............................ [[32mSELECT 374[0m in 0.50s]
[2025-09-21T23:41:59.369+0000] {subprocess.py:106} INFO - [0m23:41:59  7 of 11 OK created sql table model dwh.dim_market_campaign ..................... [[32mSELECT 1469[0m in 0.53s]
[2025-09-21T23:41:59.377+0000] {subprocess.py:106} INFO - [0m23:41:59  10 of 11 START sql table model dwh.leads_fact .................................. [RUN]
[2025-09-21T23:41:59.379+0000] {subprocess.py:106} INFO - [0m23:41:59  11 of 11 START sql table model dwh.sales_fact .................................. [RUN]
[2025-09-21T23:42:00.818+0000] {subprocess.py:106} INFO - [0m23:42:00  11 of 11 OK created sql table model dwh.sales_fact ............................. [[32mSELECT 1333[0m in 1.43s]
[2025-09-21T23:42:02.625+0000] {subprocess.py:106} INFO - [0m23:42:02  10 of 11 OK created sql table model dwh.leads_fact ............................. [[32mSELECT 55845[0m in 3.24s]
[2025-09-21T23:42:02.705+0000] {subprocess.py:106} INFO - [0m23:42:02
[2025-09-21T23:42:02.706+0000] {subprocess.py:106} INFO - [0m23:42:02  Finished running 11 table models in 0 hours 0 minutes and 5.34 seconds (5.34s).
[2025-09-21T23:42:02.823+0000] {subprocess.py:106} INFO - [0m23:42:02
[2025-09-21T23:42:02.824+0000] {subprocess.py:106} INFO - [0m23:42:02  [32mCompleted successfully[0m
[2025-09-21T23:42:02.825+0000] {subprocess.py:106} INFO - [0m23:42:02
[2025-09-21T23:42:02.826+0000] {subprocess.py:106} INFO - [0m23:42:02  Done. PASS=11 WARN=0 ERROR=0 SKIP=0 NO-OP=0 TOTAL=11
[2025-09-21T23:42:02.828+0000] {subprocess.py:106} INFO - [0m23:42:02  [[33mWARNING[0m][DeprecationsSummary]: Deprecated functionality
[2025-09-21T23:42:02.828+0000] {subprocess.py:106} INFO - Summary of encountered deprecations:
[2025-09-21T23:42:02.829+0000] {subprocess.py:106} INFO - - ModelParamUsageDeprecation: 1 occurrence
[2025-09-21T23:42:02.830+0000] {subprocess.py:106} INFO - To see all deprecation instances instead of just the first occurrence of each,
[2025-09-21T23:42:02.830+0000] {subprocess.py:106} INFO - run command again with the `--show-all-deprecations` flag. You may also need to
[2025-09-21T23:42:02.831+0000] {subprocess.py:106} INFO - run with `--no-partial-parse` as some deprecations are only encountered during
[2025-09-21T23:42:02.832+0000] {subprocess.py:106} INFO - parsing.
[2025-09-21T23:42:06.871+0000] {subprocess.py:110} INFO - Command exited with return code 0
[2025-09-21T23:42:07.837+0000] {taskinstance.py:341} INFO - ::group::Post task execution logs
[2025-09-21T23:42:07.838+0000] {taskinstance.py:353} INFO - Marking task as SUCCESS. dag_id=nawy_real_estate_pipeline, task_id=build_fact_and_dim_tables, run_id=manual__2025-09-21T23:37:30.907919+00:00, execution_date=20250921T233730, start_date=20250921T234151, end_date=20250921T234207
[2025-09-21T23:42:08.049+0000] {logging_mixin.py:190} INFO - Task instance in success state
[2025-09-21T23:42:08.050+0000] {logging_mixin.py:190} INFO -  Previous state of the Task instance: running
[2025-09-21T23:42:08.050+0000] {logging_mixin.py:190} INFO - Dag name:nawy_real_estate_pipeline queued_at:2025-09-21 23:37:30.922836+00:00
[2025-09-21T23:42:08.051+0000] {logging_mixin.py:190} INFO - Task hostname:b65782a7021d operator:BashOperator
[2025-09-21T23:42:08.093+0000] {local_task_job_runner.py:266} INFO - Task exited with return code 0
[2025-09-21T23:42:08.111+0000] {taskinstance.py:3901} INFO - 1 downstream tasks scheduled from follow-on schedule check
[2025-09-21T23:42:08.151+0000] {local_task_job_runner.py:245} INFO - ::endgroup::
