[2025-09-21T14:08:57.453+0000] {local_task_job_runner.py:123} INFO - ::group::Pre task execution logs
[2025-09-21T14:08:57.469+0000] {taskinstance.py:2614} INFO - Dependencies all met for dep_context=non-requeueable deps ti=<TaskInstance: nawy_real_estate_pipeline.installing_required_dependencies manual__2025-09-21T14:08:54.593600+00:00 [queued]>
[2025-09-21T14:08:57.476+0000] {taskinstance.py:2614} INFO - Dependencies all met for dep_context=requeueable deps ti=<TaskInstance: nawy_real_estate_pipeline.installing_required_dependencies manual__2025-09-21T14:08:54.593600+00:00 [queued]>
[2025-09-21T14:08:57.477+0000] {taskinstance.py:2867} INFO - Starting attempt 1 of 1
[2025-09-21T14:08:57.517+0000] {taskinstance.py:2890} INFO - Executing <Task(BashOperator): installing_required_dependencies> on 2025-09-21 14:08:54.593600+00:00
[2025-09-21T14:08:57.532+0000] {warnings.py:112} WARNING - /home/***/.local/lib/python3.12/site-packages/***/task/task_runner/standard_task_runner.py:70: DeprecationWarning: This process (pid=760) is multi-threaded, use of fork() may lead to deadlocks in the child.
  pid = os.fork()

[2025-09-21T14:08:57.535+0000] {standard_task_runner.py:72} INFO - Started process 762 to run task
[2025-09-21T14:08:57.536+0000] {standard_task_runner.py:104} INFO - Running: ['***', 'tasks', 'run', 'nawy_real_estate_pipeline', 'installing_required_dependencies', 'manual__2025-09-21T14:08:54.593600+00:00', '--job-id', '321', '--raw', '--subdir', 'DAGS_FOLDER/nawy_dag.py', '--cfg-path', '/tmp/tmpt85cf4__']
[2025-09-21T14:08:57.538+0000] {standard_task_runner.py:105} INFO - Job 321: Subtask installing_required_dependencies
[2025-09-21T14:08:57.629+0000] {task_command.py:467} INFO - Running <TaskInstance: nawy_real_estate_pipeline.installing_required_dependencies manual__2025-09-21T14:08:54.593600+00:00 [running]> on host b65782a7021d
[2025-09-21T14:08:57.996+0000] {taskinstance.py:3134} INFO - Exporting env vars: AIRFLOW_CTX_DAG_OWNER='***' AIRFLOW_CTX_DAG_ID='nawy_real_estate_pipeline' AIRFLOW_CTX_TASK_ID='installing_required_dependencies' AIRFLOW_CTX_EXECUTION_DATE='2025-09-21T14:08:54.593600+00:00' AIRFLOW_CTX_TRY_NUMBER='1' AIRFLOW_CTX_DAG_RUN_ID='manual__2025-09-21T14:08:54.593600+00:00'
[2025-09-21T14:08:57.997+0000] {logging_mixin.py:190} INFO - Task instance is in running state
[2025-09-21T14:08:57.997+0000] {logging_mixin.py:190} INFO -  Previous state of the Task instance: queued
[2025-09-21T14:08:57.998+0000] {logging_mixin.py:190} INFO - Current task name:installing_required_dependencies state:running start_date:2025-09-21 14:08:57.470112+00:00
[2025-09-21T14:08:57.998+0000] {logging_mixin.py:190} INFO - Dag name:nawy_real_estate_pipeline and current dag run status:running
[2025-09-21T14:08:57.999+0000] {taskinstance.py:732} INFO - ::endgroup::
[2025-09-21T14:08:58.000+0000] {subprocess.py:78} INFO - Tmp dir root location: /tmp
[2025-09-21T14:08:58.001+0000] {subprocess.py:88} INFO - Running command: ['/usr/bin/bash', '-c', ' cd /opt/***/dags/../include/nawy_dbt_project && dbt clean &&  dbt deps --no-version-check ']
[2025-09-21T14:08:58.012+0000] {subprocess.py:99} INFO - Output:
[2025-09-21T14:09:00.852+0000] {subprocess.py:106} INFO - [0m14:09:00  Running with dbt=1.10.11
[2025-09-21T14:09:01.116+0000] {subprocess.py:106} INFO - [0m14:09:01  Checking /opt/***/include/nawy_dbt_project/target/*
[2025-09-21T14:09:01.288+0000] {subprocess.py:106} INFO - [0m14:09:01  Cleaned /opt/***/include/nawy_dbt_project/target/*
[2025-09-21T14:09:01.289+0000] {subprocess.py:106} INFO - [0m14:09:01  Checking /opt/***/include/nawy_dbt_project/dbt_packages/*
[2025-09-21T14:09:01.822+0000] {subprocess.py:106} INFO - [0m14:09:01  Cleaned /opt/***/include/nawy_dbt_project/dbt_packages/*
[2025-09-21T14:09:01.823+0000] {subprocess.py:106} INFO - [0m14:09:01  Finished cleaning all paths.
[2025-09-21T14:09:05.987+0000] {subprocess.py:106} INFO - [0m14:09:05  Running with dbt=1.10.11
[2025-09-21T14:09:06.917+0000] {subprocess.py:106} INFO - [0m14:09:06  Installing dbt-labs/dbt_utils
[2025-09-21T14:09:12.735+0000] {subprocess.py:106} INFO - [0m14:09:12  Installed from version 1.3.0
[2025-09-21T14:09:12.735+0000] {subprocess.py:106} INFO - [0m14:09:12  Updated version available: 1.3.1
[2025-09-21T14:09:12.738+0000] {subprocess.py:106} INFO - [0m14:09:12
[2025-09-21T14:09:12.739+0000] {subprocess.py:106} INFO - [0m14:09:12  Updates available for packages: ['dbt-labs/dbt_utils']
[2025-09-21T14:09:12.739+0000] {subprocess.py:106} INFO - Update your versions in packages.yml, then run dbt deps
[2025-09-21T14:09:13.752+0000] {subprocess.py:110} INFO - Command exited with return code 0
[2025-09-21T14:09:13.847+0000] {taskinstance.py:341} INFO - ::group::Post task execution logs
[2025-09-21T14:09:13.848+0000] {taskinstance.py:353} INFO - Marking task as SUCCESS. dag_id=nawy_real_estate_pipeline, task_id=installing_required_dependencies, run_id=manual__2025-09-21T14:08:54.593600+00:00, execution_date=20250921T140854, start_date=20250921T140857, end_date=20250921T140913
[2025-09-21T14:09:13.934+0000] {logging_mixin.py:190} INFO - Task instance in success state
[2025-09-21T14:09:13.935+0000] {logging_mixin.py:190} INFO -  Previous state of the Task instance: running
[2025-09-21T14:09:13.935+0000] {logging_mixin.py:190} INFO - Dag name:nawy_real_estate_pipeline queued_at:2025-09-21 14:08:54.611802+00:00
[2025-09-21T14:09:13.936+0000] {logging_mixin.py:190} INFO - Task hostname:b65782a7021d operator:BashOperator
[2025-09-21T14:09:13.980+0000] {local_task_job_runner.py:266} INFO - Task exited with return code 0
[2025-09-21T14:09:14.012+0000] {taskinstance.py:3901} INFO - 1 downstream tasks scheduled from follow-on schedule check
[2025-09-21T14:09:14.043+0000] {local_task_job_runner.py:245} INFO - ::endgroup::
