[2025-09-21T14:12:59.114+0000] {local_task_job_runner.py:123} INFO - ::group::Pre task execution logs
[2025-09-21T14:12:59.142+0000] {taskinstance.py:2614} INFO - Dependencies all met for dep_context=non-requeueable deps ti=<TaskInstance: nawy_real_estate_pipeline.build_scd2_table manual__2025-09-21T14:08:54.593600+00:00 [queued]>
[2025-09-21T14:12:59.156+0000] {taskinstance.py:2614} INFO - Dependencies all met for dep_context=requeueable deps ti=<TaskInstance: nawy_real_estate_pipeline.build_scd2_table manual__2025-09-21T14:08:54.593600+00:00 [queued]>
[2025-09-21T14:12:59.157+0000] {taskinstance.py:2867} INFO - Starting attempt 1 of 1
[2025-09-21T14:12:59.209+0000] {taskinstance.py:2890} INFO - Executing <Task(BashOperator): build_scd2_table> on 2025-09-21 14:08:54.593600+00:00
[2025-09-21T14:12:59.217+0000] {warnings.py:112} WARNING - /home/***/.local/lib/python3.12/site-packages/***/task/task_runner/standard_task_runner.py:70: DeprecationWarning: This process (pid=882) is multi-threaded, use of fork() may lead to deadlocks in the child.
  pid = os.fork()

[2025-09-21T14:12:59.219+0000] {standard_task_runner.py:72} INFO - Started process 884 to run task
[2025-09-21T14:12:59.219+0000] {standard_task_runner.py:104} INFO - Running: ['***', 'tasks', 'run', 'nawy_real_estate_pipeline', 'build_scd2_table', 'manual__2025-09-21T14:08:54.593600+00:00', '--job-id', '327', '--raw', '--subdir', 'DAGS_FOLDER/nawy_dag.py', '--cfg-path', '/tmp/tmpdl3ys4w9']
[2025-09-21T14:12:59.221+0000] {standard_task_runner.py:105} INFO - Job 327: Subtask build_scd2_table
[2025-09-21T14:12:59.302+0000] {task_command.py:467} INFO - Running <TaskInstance: nawy_real_estate_pipeline.build_scd2_table manual__2025-09-21T14:08:54.593600+00:00 [running]> on host b65782a7021d
[2025-09-21T14:12:59.692+0000] {taskinstance.py:3134} INFO - Exporting env vars: AIRFLOW_CTX_DAG_OWNER='***' AIRFLOW_CTX_DAG_ID='nawy_real_estate_pipeline' AIRFLOW_CTX_TASK_ID='build_scd2_table' AIRFLOW_CTX_EXECUTION_DATE='2025-09-21T14:08:54.593600+00:00' AIRFLOW_CTX_TRY_NUMBER='1' AIRFLOW_CTX_DAG_RUN_ID='manual__2025-09-21T14:08:54.593600+00:00'
[2025-09-21T14:12:59.693+0000] {logging_mixin.py:190} INFO - Task instance is in running state
[2025-09-21T14:12:59.694+0000] {logging_mixin.py:190} INFO -  Previous state of the Task instance: queued
[2025-09-21T14:12:59.695+0000] {logging_mixin.py:190} INFO - Current task name:build_scd2_table state:running start_date:2025-09-21 14:12:59.143344+00:00
[2025-09-21T14:12:59.695+0000] {logging_mixin.py:190} INFO - Dag name:nawy_real_estate_pipeline and current dag run status:running
[2025-09-21T14:12:59.696+0000] {taskinstance.py:732} INFO - ::endgroup::
[2025-09-21T14:12:59.697+0000] {subprocess.py:78} INFO - Tmp dir root location: /tmp
[2025-09-21T14:12:59.699+0000] {subprocess.py:88} INFO - Running command: ['/usr/bin/bash', '-c', ' cd /opt/***/dags/../include/nawy_dbt_project && dbt snapshot ']
[2025-09-21T14:12:59.714+0000] {subprocess.py:99} INFO - Output:
[2025-09-21T14:13:02.743+0000] {subprocess.py:106} INFO - [0m14:13:02  Running with dbt=1.10.11
[2025-09-21T14:13:03.127+0000] {subprocess.py:106} INFO - [0m14:13:03  Registered adapter: postgres=1.9.1
[2025-09-21T14:13:06.318+0000] {subprocess.py:106} INFO - [0m14:13:06  Found 15 models, 1 snapshot, 2 seeds, 553 macros
[2025-09-21T14:13:06.323+0000] {subprocess.py:106} INFO - [0m14:13:06
[2025-09-21T14:13:06.324+0000] {subprocess.py:106} INFO - [0m14:13:06  Concurrency: 1 threads (target='dev')
[2025-09-21T14:13:06.325+0000] {subprocess.py:106} INFO - [0m14:13:06
[2025-09-21T14:13:06.837+0000] {subprocess.py:106} INFO - [0m14:13:06  1 of 1 START snapshot public.leads_dim_snapshot ................................ [RUN]
[2025-09-21T14:13:07.547+0000] {subprocess.py:106} INFO - [0m14:13:07  1 of 1 OK snapshotted public.leads_dim_snapshot ................................ [[32mINSERT 0 0[0m in 0.71s]
[2025-09-21T14:13:07.711+0000] {subprocess.py:106} INFO - [0m14:13:07
[2025-09-21T14:13:07.712+0000] {subprocess.py:106} INFO - [0m14:13:07  Finished running 1 snapshot in 0 hours 0 minutes and 1.39 seconds (1.39s).
[2025-09-21T14:13:07.813+0000] {subprocess.py:106} INFO - [0m14:13:07
[2025-09-21T14:13:07.814+0000] {subprocess.py:106} INFO - [0m14:13:07  [32mCompleted successfully[0m
[2025-09-21T14:13:07.815+0000] {subprocess.py:106} INFO - [0m14:13:07
[2025-09-21T14:13:07.816+0000] {subprocess.py:106} INFO - [0m14:13:07  Done. PASS=1 WARN=0 ERROR=0 SKIP=0 NO-OP=0 TOTAL=1
[2025-09-21T14:13:08.988+0000] {subprocess.py:110} INFO - Command exited with return code 0
[2025-09-21T14:13:09.047+0000] {taskinstance.py:341} INFO - ::group::Post task execution logs
[2025-09-21T14:13:09.048+0000] {taskinstance.py:353} INFO - Marking task as SUCCESS. dag_id=nawy_real_estate_pipeline, task_id=build_scd2_table, run_id=manual__2025-09-21T14:08:54.593600+00:00, execution_date=20250921T140854, start_date=20250921T141259, end_date=20250921T141309
[2025-09-21T14:13:09.131+0000] {logging_mixin.py:190} INFO - Task instance in success state
[2025-09-21T14:13:09.132+0000] {logging_mixin.py:190} INFO -  Previous state of the Task instance: running
[2025-09-21T14:13:09.132+0000] {logging_mixin.py:190} INFO - Dag name:nawy_real_estate_pipeline queued_at:2025-09-21 14:08:54.611802+00:00
[2025-09-21T14:13:09.133+0000] {logging_mixin.py:190} INFO - Task hostname:b65782a7021d operator:BashOperator
[2025-09-21T14:13:09.155+0000] {local_task_job_runner.py:266} INFO - Task exited with return code 0
[2025-09-21T14:13:09.180+0000] {taskinstance.py:3901} INFO - 1 downstream tasks scheduled from follow-on schedule check
[2025-09-21T14:13:09.208+0000] {local_task_job_runner.py:245} INFO - ::endgroup::
[2025-09-21T14:13:09.223+0000] {standard_task_runner.py:217} INFO - Process not found (most likely exited), stop collecting metrics
