[2025-09-21T23:22:22.072+0000] {local_task_job_runner.py:123} INFO - ::group::Pre task execution logs
[2025-09-21T23:22:22.105+0000] {taskinstance.py:2614} INFO - Dependencies all met for dep_context=non-requeueable deps ti=<TaskInstance: nawy_real_estate_pipeline.installing_required_dependencies manual__2025-09-20T08:06:05.264697+00:00 [queued]>
[2025-09-21T23:22:22.125+0000] {taskinstance.py:2614} INFO - Dependencies all met for dep_context=requeueable deps ti=<TaskInstance: nawy_real_estate_pipeline.installing_required_dependencies manual__2025-09-20T08:06:05.264697+00:00 [queued]>
[2025-09-21T23:22:22.127+0000] {taskinstance.py:2867} INFO - Starting attempt 2 of 2
[2025-09-21T23:22:22.350+0000] {taskinstance.py:2890} INFO - Executing <Task(BashOperator): installing_required_dependencies> on 2025-09-20 08:06:05.264697+00:00
[2025-09-21T23:22:22.360+0000] {warnings.py:112} WARNING - /home/***/.local/lib/python3.12/site-packages/***/task/task_runner/standard_task_runner.py:70: DeprecationWarning: This process (pid=450) is multi-threaded, use of fork() may lead to deadlocks in the child.
  pid = os.fork()

[2025-09-21T23:22:22.363+0000] {standard_task_runner.py:72} INFO - Started process 498 to run task
[2025-09-21T23:22:22.363+0000] {standard_task_runner.py:104} INFO - Running: ['***', 'tasks', 'run', 'nawy_real_estate_pipeline', 'installing_required_dependencies', 'manual__2025-09-20T08:06:05.264697+00:00', '--job-id', '387', '--raw', '--subdir', 'DAGS_FOLDER/nawy_dag.py', '--cfg-path', '/tmp/tmpfo4hlhwj']
[2025-09-21T23:22:22.365+0000] {standard_task_runner.py:105} INFO - Job 387: Subtask installing_required_dependencies
[2025-09-21T23:22:22.529+0000] {task_command.py:467} INFO - Running <TaskInstance: nawy_real_estate_pipeline.installing_required_dependencies manual__2025-09-20T08:06:05.264697+00:00 [running]> on host b65782a7021d
[2025-09-21T23:22:22.824+0000] {taskinstance.py:3134} INFO - Exporting env vars: AIRFLOW_CTX_DAG_OWNER='***' AIRFLOW_CTX_DAG_ID='nawy_real_estate_pipeline' AIRFLOW_CTX_TASK_ID='installing_required_dependencies' AIRFLOW_CTX_EXECUTION_DATE='2025-09-20T08:06:05.264697+00:00' AIRFLOW_CTX_TRY_NUMBER='2' AIRFLOW_CTX_DAG_RUN_ID='manual__2025-09-20T08:06:05.264697+00:00'
[2025-09-21T23:22:22.827+0000] {logging_mixin.py:190} INFO - Task instance is in running state
[2025-09-21T23:22:22.828+0000] {logging_mixin.py:190} INFO -  Previous state of the Task instance: queued
[2025-09-21T23:22:22.828+0000] {logging_mixin.py:190} INFO - Current task name:installing_required_dependencies state:running start_date:2025-09-21 23:22:22.107082+00:00
[2025-09-21T23:22:22.829+0000] {logging_mixin.py:190} INFO - Dag name:nawy_real_estate_pipeline and current dag run status:running
[2025-09-21T23:22:22.830+0000] {taskinstance.py:732} INFO - ::endgroup::
[2025-09-21T23:22:22.832+0000] {subprocess.py:78} INFO - Tmp dir root location: /tmp
[2025-09-21T23:22:22.851+0000] {subprocess.py:88} INFO - Running command: ['/usr/bin/bash', '-c', ' cd /opt/***/dags/../include/nawy_dbt_project && dbt clean &&  dbt deps --no-version-check ']
[2025-09-21T23:22:22.871+0000] {subprocess.py:99} INFO - Output:
[2025-09-21T23:22:29.317+0000] {subprocess.py:106} INFO - [0m23:22:29  Running with dbt=1.10.11
[2025-09-21T23:22:29.773+0000] {subprocess.py:106} INFO - [0m23:22:29  Checking /opt/***/include/nawy_dbt_project/dbt_packages/*
[2025-09-21T23:22:29.774+0000] {subprocess.py:106} INFO - [0m23:22:29  Cleaned /opt/***/include/nawy_dbt_project/dbt_packages/*
[2025-09-21T23:22:29.775+0000] {subprocess.py:106} INFO - [0m23:22:29  Checking /opt/***/include/nawy_dbt_project/target/*
[2025-09-21T23:22:29.776+0000] {subprocess.py:106} INFO - [0m23:22:29  Cleaned /opt/***/include/nawy_dbt_project/target/*
[2025-09-21T23:22:29.777+0000] {subprocess.py:106} INFO - [0m23:22:29  Finished cleaning all paths.
[2025-09-21T23:22:40.210+0000] {subprocess.py:106} INFO - [0m23:22:40  Running with dbt=1.10.11
[2025-09-21T23:22:41.782+0000] {subprocess.py:106} INFO - [0m23:22:41  Installing dbt-labs/dbt_utils
[2025-09-21T23:22:48.250+0000] {subprocess.py:106} INFO - [0m23:22:48  Installed from version 1.3.0
[2025-09-21T23:22:48.251+0000] {subprocess.py:106} INFO - [0m23:22:48  Updated version available: 1.3.1
[2025-09-21T23:22:48.253+0000] {subprocess.py:106} INFO - [0m23:22:48
[2025-09-21T23:22:48.254+0000] {subprocess.py:106} INFO - [0m23:22:48  Updates available for packages: ['dbt-labs/dbt_utils']
[2025-09-21T23:22:48.254+0000] {subprocess.py:106} INFO - Update your versions in packages.yml, then run dbt deps
[2025-09-21T23:22:49.535+0000] {subprocess.py:110} INFO - Command exited with return code 0
[2025-09-21T23:22:49.797+0000] {taskinstance.py:341} INFO - ::group::Post task execution logs
[2025-09-21T23:22:49.797+0000] {taskinstance.py:353} INFO - Marking task as SUCCESS. dag_id=nawy_real_estate_pipeline, task_id=installing_required_dependencies, run_id=manual__2025-09-20T08:06:05.264697+00:00, execution_date=20250920T080605, start_date=20250921T232222, end_date=20250921T232249
[2025-09-21T23:22:50.031+0000] {logging_mixin.py:190} INFO - Task instance in success state
[2025-09-21T23:22:50.032+0000] {logging_mixin.py:190} INFO -  Previous state of the Task instance: running
[2025-09-21T23:22:50.033+0000] {logging_mixin.py:190} INFO - Dag name:nawy_real_estate_pipeline queued_at:2025-09-21 23:03:47.690393+00:00
[2025-09-21T23:22:50.033+0000] {logging_mixin.py:190} INFO - Task hostname:b65782a7021d operator:BashOperator
[2025-09-21T23:22:50.083+0000] {local_task_job_runner.py:266} INFO - Task exited with return code 0
[2025-09-21T23:22:50.116+0000] {taskinstance.py:3901} INFO - 1 downstream tasks scheduled from follow-on schedule check
[2025-09-21T23:22:50.163+0000] {local_task_job_runner.py:245} INFO - ::endgroup::
