[2025-09-21T23:33:00.901+0000] {local_task_job_runner.py:123} INFO - ::group::Pre task execution logs
[2025-09-21T23:33:00.954+0000] {taskinstance.py:2614} INFO - Dependencies all met for dep_context=non-requeueable deps ti=<TaskInstance: nawy_real_estate_pipeline.soda_quality_checks_silver_layer manual__2025-09-20T08:06:05.264697+00:00 [queued]>
[2025-09-21T23:33:00.973+0000] {taskinstance.py:2614} INFO - Dependencies all met for dep_context=requeueable deps ti=<TaskInstance: nawy_real_estate_pipeline.soda_quality_checks_silver_layer manual__2025-09-20T08:06:05.264697+00:00 [queued]>
[2025-09-21T23:33:00.974+0000] {taskinstance.py:2867} INFO - Starting attempt 1 of 1
[2025-09-21T23:33:01.023+0000] {taskinstance.py:2890} INFO - Executing <Task(BashOperator): soda_quality_checks_silver_layer> on 2025-09-20 08:06:05.264697+00:00
[2025-09-21T23:33:01.033+0000] {warnings.py:112} WARNING - /home/***/.local/lib/python3.12/site-packages/***/task/task_runner/standard_task_runner.py:70: DeprecationWarning: This process (pid=791) is multi-threaded, use of fork() may lead to deadlocks in the child.
  pid = os.fork()

[2025-09-21T23:33:01.036+0000] {standard_task_runner.py:72} INFO - Started process 804 to run task
[2025-09-21T23:33:01.036+0000] {standard_task_runner.py:104} INFO - Running: ['***', 'tasks', 'run', 'nawy_real_estate_pipeline', 'soda_quality_checks_silver_layer', 'manual__2025-09-20T08:06:05.264697+00:00', '--job-id', '400', '--raw', '--subdir', 'DAGS_FOLDER/nawy_dag.py', '--cfg-path', '/tmp/tmpeqrhbldg']
[2025-09-21T23:33:01.038+0000] {standard_task_runner.py:105} INFO - Job 400: Subtask soda_quality_checks_silver_layer
[2025-09-21T23:33:01.148+0000] {task_command.py:467} INFO - Running <TaskInstance: nawy_real_estate_pipeline.soda_quality_checks_silver_layer manual__2025-09-20T08:06:05.264697+00:00 [running]> on host b65782a7021d
[2025-09-21T23:33:01.749+0000] {taskinstance.py:3134} INFO - Exporting env vars: AIRFLOW_CTX_DAG_OWNER='***' AIRFLOW_CTX_DAG_ID='nawy_real_estate_pipeline' AIRFLOW_CTX_TASK_ID='soda_quality_checks_silver_layer' AIRFLOW_CTX_EXECUTION_DATE='2025-09-20T08:06:05.264697+00:00' AIRFLOW_CTX_TRY_NUMBER='1' AIRFLOW_CTX_DAG_RUN_ID='manual__2025-09-20T08:06:05.264697+00:00'
[2025-09-21T23:33:01.751+0000] {logging_mixin.py:190} INFO - Task instance is in running state
[2025-09-21T23:33:01.752+0000] {logging_mixin.py:190} INFO -  Previous state of the Task instance: queued
[2025-09-21T23:33:01.753+0000] {logging_mixin.py:190} INFO - Current task name:soda_quality_checks_silver_layer state:running start_date:2025-09-21 23:33:00.955703+00:00
[2025-09-21T23:33:01.754+0000] {logging_mixin.py:190} INFO - Dag name:nawy_real_estate_pipeline and current dag run status:running
[2025-09-21T23:33:01.755+0000] {taskinstance.py:732} INFO - ::endgroup::
[2025-09-21T23:33:01.757+0000] {subprocess.py:78} INFO - Tmp dir root location: /tmp
[2025-09-21T23:33:01.781+0000] {subprocess.py:88} INFO - Running command: ['/usr/bin/bash', '-c', ' cd /opt/***/dags/../include/nawy_soda_project && soda scan  -d nawy_task_destination -c configuration.yml checks/silver || true']
[2025-09-21T23:33:01.802+0000] {subprocess.py:99} INFO - Output:
[2025-09-21T23:33:09.542+0000] {subprocess.py:106} INFO - [23:33:09] Soda Core 3.5.5
[2025-09-21T23:33:11.070+0000] {subprocess.py:106} INFO - [23:33:11] Using DefaultSampler
[2025-09-21T23:33:11.075+0000] {subprocess.py:106} INFO - [23:33:11] Using DefaultSampler
[2025-09-21T23:33:11.080+0000] {subprocess.py:106} INFO - [23:33:11] Using DefaultSampler
[2025-09-21T23:33:11.108+0000] {subprocess.py:106} INFO - [23:33:11] Using DefaultSampler
[2025-09-21T23:33:11.147+0000] {subprocess.py:106} INFO - [23:33:11] Using DefaultSampler
[2025-09-21T23:33:11.289+0000] {subprocess.py:106} INFO - [23:33:11] Using DefaultSampler
[2025-09-21T23:33:11.355+0000] {subprocess.py:106} INFO - [23:33:11] Using DefaultSampler
[2025-09-21T23:33:11.356+0000] {subprocess.py:106} INFO - [23:33:11] Scan summary:
[2025-09-21T23:33:11.357+0000] {subprocess.py:106} INFO - [23:33:11] 9/11 checks PASSED:
[2025-09-21T23:33:11.358+0000] {subprocess.py:106} INFO - [23:33:11]     sales_transformed in nawy_task_destination
[2025-09-21T23:33:11.359+0000] {subprocess.py:106} INFO - [23:33:11]        combination used in key generation must be unique per each record [PASSED]
[2025-09-21T23:33:11.361+0000] {subprocess.py:106} INFO - [23:33:11]       Finalized sales must have an actual_value [PASSED]
[2025-09-21T23:33:11.362+0000] {subprocess.py:106} INFO - [23:33:11]       Orphan sales entries (no lead_id) should not exist [PASSED]
[2025-09-21T23:33:11.363+0000] {subprocess.py:106} INFO - [23:33:11]       sale_id must be unique [PASSED]
[2025-09-21T23:33:11.364+0000] {subprocess.py:106} INFO - [23:33:11]     leads_transformed in nawy_task_destination
[2025-09-21T23:33:11.365+0000] {subprocess.py:106} INFO - [23:33:11]       last contact date cant be in the future [PASSED]
[2025-09-21T23:33:11.365+0000] {subprocess.py:106} INFO - [23:33:11]       all status names should be standardized to lowercase [PASSED]
[2025-09-21T23:33:11.366+0000] {subprocess.py:106} INFO - [23:33:11]       all lead_types should be standardized to lowercase [PASSED]
[2025-09-21T23:33:11.367+0000] {subprocess.py:106} INFO - [23:33:11]       lead_id cannot be null [PASSED]
[2025-09-21T23:33:11.368+0000] {subprocess.py:106} INFO - [23:33:11]       the value campaign ='(none)' is not valid here [PASSED]
[2025-09-21T23:33:11.369+0000] {subprocess.py:106} INFO - [23:33:11] 2/11 checks WARNED:
[2025-09-21T23:33:11.370+0000] {subprocess.py:106} INFO - [23:33:11]     sales_transformed in nawy_task_destination
[2025-09-21T23:33:11.370+0000] {subprocess.py:106} INFO - [23:33:11]       Contraction date must be after or on the reservation date [WARNED]
[2025-09-21T23:33:11.371+0000] {subprocess.py:106} INFO - [23:33:11]         value: 2
[2025-09-21T23:33:11.372+0000] {subprocess.py:106} INFO - [23:33:11]     leads_transformed in nawy_task_destination
[2025-09-21T23:33:11.372+0000] {subprocess.py:106} INFO - [23:33:11]       updated_at must be after or equal to the created timestamp [WARNED]
[2025-09-21T23:33:11.373+0000] {subprocess.py:106} INFO - [23:33:11]         value: 1
[2025-09-21T23:33:11.374+0000] {subprocess.py:106} INFO - [23:33:11] Only 2 warnings. 0 failures. 0 errors. 9 pass.
[2025-09-21T23:33:12.113+0000] {subprocess.py:110} INFO - Command exited with return code 0
[2025-09-21T23:33:12.215+0000] {taskinstance.py:341} INFO - ::group::Post task execution logs
[2025-09-21T23:33:12.216+0000] {taskinstance.py:353} INFO - Marking task as SUCCESS. dag_id=nawy_real_estate_pipeline, task_id=soda_quality_checks_silver_layer, run_id=manual__2025-09-20T08:06:05.264697+00:00, execution_date=20250920T080605, start_date=20250921T233300, end_date=20250921T233312
[2025-09-21T23:33:12.311+0000] {logging_mixin.py:190} INFO - Task instance in success state
[2025-09-21T23:33:12.312+0000] {logging_mixin.py:190} INFO -  Previous state of the Task instance: running
[2025-09-21T23:33:12.312+0000] {logging_mixin.py:190} INFO - Dag name:nawy_real_estate_pipeline queued_at:2025-09-21 23:03:47.690393+00:00
[2025-09-21T23:33:12.313+0000] {logging_mixin.py:190} INFO - Task hostname:b65782a7021d operator:BashOperator
[2025-09-21T23:33:12.337+0000] {local_task_job_runner.py:266} INFO - Task exited with return code 0
[2025-09-21T23:33:12.389+0000] {taskinstance.py:3901} INFO - 1 downstream tasks scheduled from follow-on schedule check
[2025-09-21T23:33:12.443+0000] {local_task_job_runner.py:245} INFO - ::endgroup::
