[2025-09-21T23:40:59.213+0000] {local_task_job_runner.py:123} INFO - ::group::Pre task execution logs
[2025-09-21T23:40:59.233+0000] {taskinstance.py:2614} INFO - Dependencies all met for dep_context=non-requeueable deps ti=<TaskInstance: nawy_real_estate_pipeline.loading_data_into_staging_layer manual__2025-09-21T23:37:30.907919+00:00 [queued]>
[2025-09-21T23:40:59.243+0000] {taskinstance.py:2614} INFO - Dependencies all met for dep_context=requeueable deps ti=<TaskInstance: nawy_real_estate_pipeline.loading_data_into_staging_layer manual__2025-09-21T23:37:30.907919+00:00 [queued]>
[2025-09-21T23:40:59.243+0000] {taskinstance.py:2867} INFO - Starting attempt 1 of 1
[2025-09-21T23:40:59.276+0000] {taskinstance.py:2890} INFO - Executing <Task(BashOperator): loading_data_into_staging_layer> on 2025-09-21 23:37:30.907919+00:00
[2025-09-21T23:40:59.284+0000] {warnings.py:112} WARNING - /home/***/.local/lib/python3.12/site-packages/***/task/task_runner/standard_task_runner.py:70: DeprecationWarning: This process (pid=1083) is multi-threaded, use of fork() may lead to deadlocks in the child.
  pid = os.fork()

[2025-09-21T23:40:59.286+0000] {standard_task_runner.py:72} INFO - Started process 1085 to run task
[2025-09-21T23:40:59.286+0000] {standard_task_runner.py:104} INFO - Running: ['***', 'tasks', 'run', 'nawy_real_estate_pipeline', 'loading_data_into_staging_layer', 'manual__2025-09-21T23:37:30.907919+00:00', '--job-id', '416', '--raw', '--subdir', 'DAGS_FOLDER/nawy_dag.py', '--cfg-path', '/tmp/tmpd6t9dtxr']
[2025-09-21T23:40:59.288+0000] {standard_task_runner.py:105} INFO - Job 416: Subtask loading_data_into_staging_layer
[2025-09-21T23:40:59.358+0000] {task_command.py:467} INFO - Running <TaskInstance: nawy_real_estate_pipeline.loading_data_into_staging_layer manual__2025-09-21T23:37:30.907919+00:00 [running]> on host b65782a7021d
[2025-09-21T23:40:59.678+0000] {taskinstance.py:3134} INFO - Exporting env vars: AIRFLOW_CTX_DAG_OWNER='***' AIRFLOW_CTX_DAG_ID='nawy_real_estate_pipeline' AIRFLOW_CTX_TASK_ID='loading_data_into_staging_layer' AIRFLOW_CTX_EXECUTION_DATE='2025-09-21T23:37:30.907919+00:00' AIRFLOW_CTX_TRY_NUMBER='1' AIRFLOW_CTX_DAG_RUN_ID='manual__2025-09-21T23:37:30.907919+00:00'
[2025-09-21T23:40:59.679+0000] {logging_mixin.py:190} INFO - Task instance is in running state
[2025-09-21T23:40:59.679+0000] {logging_mixin.py:190} INFO -  Previous state of the Task instance: queued
[2025-09-21T23:40:59.680+0000] {logging_mixin.py:190} INFO - Current task name:loading_data_into_staging_layer state:running start_date:2025-09-21 23:40:59.234607+00:00
[2025-09-21T23:40:59.681+0000] {logging_mixin.py:190} INFO - Dag name:nawy_real_estate_pipeline and current dag run status:running
[2025-09-21T23:40:59.681+0000] {taskinstance.py:732} INFO - ::endgroup::
[2025-09-21T23:40:59.682+0000] {subprocess.py:78} INFO - Tmp dir root location: /tmp
[2025-09-21T23:40:59.708+0000] {subprocess.py:88} INFO - Running command: ['/usr/bin/bash', '-c', ' cd /opt/***/dags/../include/nawy_dbt_project && dbt run -m models/bronze  ']
[2025-09-21T23:40:59.719+0000] {subprocess.py:99} INFO - Output:
[2025-09-21T23:41:02.539+0000] {subprocess.py:106} INFO - [0m23:41:02  Running with dbt=1.10.11
[2025-09-21T23:41:02.542+0000] {subprocess.py:106} INFO - [0m23:41:02  [[33mWARNING[0m]: Deprecated functionality
[2025-09-21T23:41:02.542+0000] {subprocess.py:106} INFO - Usage of `--models`, `--model`, and `-m` is deprecated in favor of `--select` or
[2025-09-21T23:41:02.543+0000] {subprocess.py:106} INFO - `-s`.
[2025-09-21T23:41:02.990+0000] {subprocess.py:106} INFO - [0m23:41:02  Registered adapter: postgres=1.9.1
[2025-09-21T23:41:05.076+0000] {subprocess.py:106} INFO - [0m23:41:05  Found 15 models, 1 snapshot, 2 seeds, 553 macros
[2025-09-21T23:41:05.086+0000] {subprocess.py:106} INFO - [0m23:41:05
[2025-09-21T23:41:05.087+0000] {subprocess.py:106} INFO - [0m23:41:05  Concurrency: 5 threads (target='dev')
[2025-09-21T23:41:05.088+0000] {subprocess.py:106} INFO - [0m23:41:05
[2025-09-21T23:41:05.458+0000] {subprocess.py:106} INFO - [0m23:41:05  1 of 2 START sql table model dwh.leads_stg ..................................... [RUN]
[2025-09-21T23:41:05.459+0000] {subprocess.py:106} INFO - [0m23:41:05  2 of 2 START sql table model dwh.sales_stg ..................................... [RUN]
[2025-09-21T23:41:05.740+0000] {subprocess.py:106} INFO - [0m23:41:05  2 of 2 OK created sql table model dwh.sales_stg ................................ [[32mSELECT 1567[0m in 0.28s]
[2025-09-21T23:41:06.461+0000] {subprocess.py:106} INFO - [0m23:41:06  1 of 2 OK created sql table model dwh.leads_stg ................................ [[32mSELECT 55924[0m in 1.00s]
[2025-09-21T23:41:06.541+0000] {subprocess.py:106} INFO - [0m23:41:06
[2025-09-21T23:41:06.542+0000] {subprocess.py:106} INFO - [0m23:41:06  Finished running 2 table models in 0 hours 0 minutes and 1.45 seconds (1.45s).
[2025-09-21T23:41:06.629+0000] {subprocess.py:106} INFO - [0m23:41:06
[2025-09-21T23:41:06.630+0000] {subprocess.py:106} INFO - [0m23:41:06  [32mCompleted successfully[0m
[2025-09-21T23:41:06.631+0000] {subprocess.py:106} INFO - [0m23:41:06
[2025-09-21T23:41:06.632+0000] {subprocess.py:106} INFO - [0m23:41:06  Done. PASS=2 WARN=0 ERROR=0 SKIP=0 NO-OP=0 TOTAL=2
[2025-09-21T23:41:06.633+0000] {subprocess.py:106} INFO - [0m23:41:06  [[33mWARNING[0m][DeprecationsSummary]: Deprecated functionality
[2025-09-21T23:41:06.634+0000] {subprocess.py:106} INFO - Summary of encountered deprecations:
[2025-09-21T23:41:06.634+0000] {subprocess.py:106} INFO - - ModelParamUsageDeprecation: 1 occurrence
[2025-09-21T23:41:06.635+0000] {subprocess.py:106} INFO - To see all deprecation instances instead of just the first occurrence of each,
[2025-09-21T23:41:06.635+0000] {subprocess.py:106} INFO - run command again with the `--show-all-deprecations` flag. You may also need to
[2025-09-21T23:41:06.636+0000] {subprocess.py:106} INFO - run with `--no-partial-parse` as some deprecations are only encountered during
[2025-09-21T23:41:06.636+0000] {subprocess.py:106} INFO - parsing.
[2025-09-21T23:41:08.248+0000] {subprocess.py:110} INFO - Command exited with return code 0
[2025-09-21T23:41:08.293+0000] {taskinstance.py:341} INFO - ::group::Post task execution logs
[2025-09-21T23:41:08.294+0000] {taskinstance.py:353} INFO - Marking task as SUCCESS. dag_id=nawy_real_estate_pipeline, task_id=loading_data_into_staging_layer, run_id=manual__2025-09-21T23:37:30.907919+00:00, execution_date=20250921T233730, start_date=20250921T234059, end_date=20250921T234108
[2025-09-21T23:41:08.367+0000] {logging_mixin.py:190} INFO - Task instance in success state
[2025-09-21T23:41:08.368+0000] {logging_mixin.py:190} INFO -  Previous state of the Task instance: running
[2025-09-21T23:41:08.368+0000] {logging_mixin.py:190} INFO - Dag name:nawy_real_estate_pipeline queued_at:2025-09-21 23:37:30.922836+00:00
[2025-09-21T23:41:08.369+0000] {logging_mixin.py:190} INFO - Task hostname:b65782a7021d operator:BashOperator
[2025-09-21T23:41:08.387+0000] {local_task_job_runner.py:266} INFO - Task exited with return code 0
[2025-09-21T23:41:08.416+0000] {taskinstance.py:3901} INFO - 1 downstream tasks scheduled from follow-on schedule check
[2025-09-21T23:41:08.446+0000] {local_task_job_runner.py:245} INFO - ::endgroup::
