[2025-09-21T23:21:32.053+0000] {local_task_job_runner.py:123} INFO - ::group::Pre task execution logs
[2025-09-21T23:21:32.193+0000] {taskinstance.py:2614} INFO - Dependencies all met for dep_context=non-requeueable deps ti=<TaskInstance: nawy_real_estate_pipeline.ingesting_data_from_sheets manual__2025-09-20T00:06:51.916768+00:00 [queued]>
[2025-09-21T23:21:32.224+0000] {taskinstance.py:2614} INFO - Dependencies all met for dep_context=requeueable deps ti=<TaskInstance: nawy_real_estate_pipeline.ingesting_data_from_sheets manual__2025-09-20T00:06:51.916768+00:00 [queued]>
[2025-09-21T23:21:32.229+0000] {taskinstance.py:2867} INFO - Starting attempt 2 of 2
[2025-09-21T23:21:32.494+0000] {taskinstance.py:2890} INFO - Executing <Task(BashOperator): ingesting_data_from_sheets> on 2025-09-20 00:06:51.916768+00:00
[2025-09-21T23:21:32.504+0000] {warnings.py:112} WARNING - /home/***/.local/lib/python3.12/site-packages/***/task/task_runner/standard_task_runner.py:70: DeprecationWarning: This process (pid=327) is multi-threaded, use of fork() may lead to deadlocks in the child.
  pid = os.fork()

[2025-09-21T23:21:32.508+0000] {standard_task_runner.py:72} INFO - Started process 373 to run task
[2025-09-21T23:21:32.522+0000] {standard_task_runner.py:104} INFO - Running: ['***', 'tasks', 'run', 'nawy_real_estate_pipeline', 'ingesting_data_from_sheets', 'manual__2025-09-20T00:06:51.916768+00:00', '--job-id', '375', '--raw', '--subdir', 'DAGS_FOLDER/nawy_dag.py', '--cfg-path', '/tmp/tmpl7_5xury']
[2025-09-21T23:21:32.525+0000] {standard_task_runner.py:105} INFO - Job 375: Subtask ingesting_data_from_sheets
[2025-09-21T23:21:33.553+0000] {task_command.py:467} INFO - Running <TaskInstance: nawy_real_estate_pipeline.ingesting_data_from_sheets manual__2025-09-20T00:06:51.916768+00:00 [running]> on host b65782a7021d
[2025-09-21T23:21:34.471+0000] {taskinstance.py:3134} INFO - Exporting env vars: AIRFLOW_CTX_DAG_OWNER='***' AIRFLOW_CTX_DAG_ID='nawy_real_estate_pipeline' AIRFLOW_CTX_TASK_ID='ingesting_data_from_sheets' AIRFLOW_CTX_EXECUTION_DATE='2025-09-20T00:06:51.916768+00:00' AIRFLOW_CTX_TRY_NUMBER='2' AIRFLOW_CTX_DAG_RUN_ID='manual__2025-09-20T00:06:51.916768+00:00'
[2025-09-21T23:21:34.472+0000] {logging_mixin.py:190} INFO - Task instance is in running state
[2025-09-21T23:21:34.473+0000] {logging_mixin.py:190} INFO -  Previous state of the Task instance: queued
[2025-09-21T23:21:34.473+0000] {logging_mixin.py:190} INFO - Current task name:ingesting_data_from_sheets state:running start_date:2025-09-21 23:21:32.196306+00:00
[2025-09-21T23:21:34.474+0000] {logging_mixin.py:190} INFO - Dag name:nawy_real_estate_pipeline and current dag run status:running
[2025-09-21T23:21:34.474+0000] {taskinstance.py:732} INFO - ::endgroup::
[2025-09-21T23:21:34.476+0000] {subprocess.py:78} INFO - Tmp dir root location: /tmp
[2025-09-21T23:21:34.477+0000] {subprocess.py:88} INFO - Running command: ['/usr/bin/bash', '-c', ' cd /opt/***/dags/../include/nawy_dbt_project && dbt seed  ']
[2025-09-21T23:21:34.488+0000] {subprocess.py:99} INFO - Output:
[2025-09-21T23:21:44.907+0000] {subprocess.py:106} INFO - [0m23:21:44  Running with dbt=1.10.11
[2025-09-21T23:21:46.966+0000] {subprocess.py:106} INFO - [0m23:21:46  Registered adapter: postgres=1.9.1
[2025-09-21T23:21:47.724+0000] {subprocess.py:106} INFO - [0m23:21:47  Unable to do partial parsing because saved manifest not found. Starting full parse.
[2025-09-21T23:21:59.917+0000] {subprocess.py:106} INFO - [0m23:21:59  Encountered an error:
[2025-09-21T23:21:59.918+0000] {subprocess.py:106} INFO - [Errno 2] No such file or directory: '/opt/***/include/nawy_dbt_project/dbt_packages/dbt-utils-1.3.0/dbt_project.yml'
[2025-09-21T23:21:59.949+0000] {subprocess.py:106} INFO - [0m23:21:59  Traceback (most recent call last):
[2025-09-21T23:21:59.950+0000] {subprocess.py:106} INFO -   File "/home/***/.local/lib/python3.12/site-packages/dbt/cli/requires.py", line 178, in wrapper
[2025-09-21T23:21:59.950+0000] {subprocess.py:106} INFO -     result, success = func(*args, **kwargs)
[2025-09-21T23:21:59.951+0000] {subprocess.py:106} INFO -                       ^^^^^^^^^^^^^^^^^^^^^
[2025-09-21T23:21:59.951+0000] {subprocess.py:106} INFO -   File "/home/***/.local/lib/python3.12/site-packages/dbt/cli/requires.py", line 128, in wrapper
[2025-09-21T23:21:59.952+0000] {subprocess.py:106} INFO -     return func(*args, **kwargs)
[2025-09-21T23:21:59.952+0000] {subprocess.py:106} INFO -            ^^^^^^^^^^^^^^^^^^^^^
[2025-09-21T23:21:59.953+0000] {subprocess.py:106} INFO -   File "/home/***/.local/lib/python3.12/site-packages/dbt/cli/requires.py", line 272, in wrapper
[2025-09-21T23:21:59.953+0000] {subprocess.py:106} INFO -     return func(*args, **kwargs)
[2025-09-21T23:21:59.954+0000] {subprocess.py:106} INFO -            ^^^^^^^^^^^^^^^^^^^^^
[2025-09-21T23:21:59.954+0000] {subprocess.py:106} INFO -   File "/home/***/.local/lib/python3.12/site-packages/dbt/cli/requires.py", line 303, in wrapper
[2025-09-21T23:21:59.955+0000] {subprocess.py:106} INFO -     return func(*args, **kwargs)
[2025-09-21T23:21:59.956+0000] {subprocess.py:106} INFO -            ^^^^^^^^^^^^^^^^^^^^^
[2025-09-21T23:21:59.956+0000] {subprocess.py:106} INFO -   File "/home/***/.local/lib/python3.12/site-packages/dbt/cli/requires.py", line 350, in wrapper
[2025-09-21T23:21:59.957+0000] {subprocess.py:106} INFO -     return func(*args, **kwargs)
[2025-09-21T23:21:59.957+0000] {subprocess.py:106} INFO -            ^^^^^^^^^^^^^^^^^^^^^
[2025-09-21T23:21:59.958+0000] {subprocess.py:106} INFO -   File "/home/***/.local/lib/python3.12/site-packages/dbt/cli/requires.py", line 389, in wrapper
[2025-09-21T23:21:59.959+0000] {subprocess.py:106} INFO -     setup_manifest(ctx, write=write, write_perf_info=write_perf_info)
[2025-09-21T23:21:59.960+0000] {subprocess.py:106} INFO -   File "/home/***/.local/lib/python3.12/site-packages/dbt/cli/requires.py", line 416, in setup_manifest
[2025-09-21T23:21:59.960+0000] {subprocess.py:106} INFO -     ctx.obj["manifest"] = parse_manifest(
[2025-09-21T23:21:59.961+0000] {subprocess.py:106} INFO -                           ^^^^^^^^^^^^^^^
[2025-09-21T23:21:59.962+0000] {subprocess.py:106} INFO -   File "/home/***/.local/lib/python3.12/site-packages/dbt/parser/manifest.py", line 2123, in parse_manifest
[2025-09-21T23:21:59.963+0000] {subprocess.py:106} INFO -     manifest = ManifestLoader.get_full_manifest(
[2025-09-21T23:21:59.964+0000] {subprocess.py:106} INFO -                ^^^^^^^^^^^^^^^^^^^^^^^^^^^^^^^^^
[2025-09-21T23:21:59.964+0000] {subprocess.py:106} INFO -   File "/home/***/.local/lib/python3.12/site-packages/dbt/parser/manifest.py", line 320, in get_full_manifest
[2025-09-21T23:21:59.965+0000] {subprocess.py:106} INFO -     manifest = loader.load()
[2025-09-21T23:21:59.966+0000] {subprocess.py:106} INFO -                ^^^^^^^^^^^^^
[2025-09-21T23:21:59.967+0000] {subprocess.py:106} INFO -   File "/home/***/.local/lib/python3.12/site-packages/dbt/parser/manifest.py", line 425, in load
[2025-09-21T23:21:59.968+0000] {subprocess.py:106} INFO -     self.parse_project(
[2025-09-21T23:21:59.968+0000] {subprocess.py:106} INFO -   File "/home/***/.local/lib/python3.12/site-packages/dbt/parser/manifest.py", line 769, in parse_project
[2025-09-21T23:21:59.969+0000] {subprocess.py:106} INFO -     file = load_source_file(path, ParseFileType.Hook, project.project_name, {})
[2025-09-21T23:21:59.969+0000] {subprocess.py:106} INFO -            ^^^^^^^^^^^^^^^^^^^^^^^^^^^^^^^^^^^^^^^^^^^^^^^^^^^^^^^^^^^^^^^^^^^^
[2025-09-21T23:21:59.970+0000] {subprocess.py:106} INFO -   File "/home/***/.local/lib/python3.12/site-packages/dbt/parser/read_files.py", line 84, in load_source_file
[2025-09-21T23:21:59.971+0000] {subprocess.py:106} INFO -     file_contents = load_file_contents(path.absolute_path, strip=True)
[2025-09-21T23:21:59.971+0000] {subprocess.py:106} INFO -                     ^^^^^^^^^^^^^^^^^^^^^^^^^^^^^^^^^^^^^^^^^^^^^^^^^^
[2025-09-21T23:21:59.972+0000] {subprocess.py:106} INFO -   File "/home/***/.local/lib/python3.12/site-packages/dbt_common/record.py", line 512, in record_replay_wrapper
[2025-09-21T23:21:59.973+0000] {subprocess.py:106} INFO -     return func_to_record(*call_args, **kwargs)
[2025-09-21T23:21:59.973+0000] {subprocess.py:106} INFO -            ^^^^^^^^^^^^^^^^^^^^^^^^^^^^^^^^^^^^
[2025-09-21T23:21:59.974+0000] {subprocess.py:106} INFO -   File "/home/***/.local/lib/python3.12/site-packages/dbt_common/clients/system.py", line 177, in load_file_contents
[2025-09-21T23:21:59.975+0000] {subprocess.py:106} INFO -     with open(path, "rb") as handle:
[2025-09-21T23:21:59.975+0000] {subprocess.py:106} INFO -          ^^^^^^^^^^^^^^^^
[2025-09-21T23:21:59.976+0000] {subprocess.py:106} INFO - FileNotFoundError: [Errno 2] No such file or directory: '/opt/***/include/nawy_dbt_project/dbt_packages/dbt-utils-1.3.0/dbt_project.yml'
[2025-09-21T23:21:59.977+0000] {subprocess.py:106} INFO - 
[2025-09-21T23:22:03.787+0000] {subprocess.py:110} INFO - Command exited with return code 2
[2025-09-21T23:22:03.807+0000] {taskinstance.py:3313} ERROR - Task failed with exception
Traceback (most recent call last):
  File "/home/airflow/.local/lib/python3.12/site-packages/airflow/models/taskinstance.py", line 768, in _execute_task
    result = _execute_callable(context=context, **execute_callable_kwargs)
             ^^^^^^^^^^^^^^^^^^^^^^^^^^^^^^^^^^^^^^^^^^^^^^^^^^^^^^^^^^^^^
  File "/home/airflow/.local/lib/python3.12/site-packages/airflow/models/taskinstance.py", line 734, in _execute_callable
    return ExecutionCallableRunner(
           ^^^^^^^^^^^^^^^^^^^^^^^^
  File "/home/airflow/.local/lib/python3.12/site-packages/airflow/utils/operator_helpers.py", line 252, in run
    return self.func(*args, **kwargs)
           ^^^^^^^^^^^^^^^^^^^^^^^^^^
  File "/home/airflow/.local/lib/python3.12/site-packages/airflow/models/baseoperator.py", line 424, in wrapper
    return func(self, *args, **kwargs)
           ^^^^^^^^^^^^^^^^^^^^^^^^^^^
  File "/home/airflow/.local/lib/python3.12/site-packages/airflow/operators/bash.py", line 276, in execute
    raise AirflowException(
airflow.exceptions.AirflowException: Bash command failed. The command returned a non-zero exit code 2.
[2025-09-21T23:22:03.813+0000] {logging_mixin.py:190} INFO - Task instance in failure state
[2025-09-21T23:22:03.813+0000] {logging_mixin.py:190} INFO - Task start:2025-09-21 23:21:32.196306+00:00 end:2025-09-21 23:22:03.812389+00:00 duration:31.616083
[2025-09-21T23:22:03.814+0000] {logging_mixin.py:190} INFO - Task:<Task(BashOperator): ingesting_data_from_sheets> dag:<DAG: nawy_real_estate_pipeline> dagrun:<DagRun nawy_real_estate_pipeline @ 2025-09-20 00:06:51.916768+00:00: manual__2025-09-20T00:06:51.916768+00:00, state:running, queued_at: 2025-09-21 23:03:47.690271+00:00. externally triggered: True>
[2025-09-21T23:22:03.815+0000] {logging_mixin.py:190} INFO - Failure caused by Bash command failed. The command returned a non-zero exit code 2.
[2025-09-21T23:22:03.816+0000] {taskinstance.py:1226} INFO - Marking task as FAILED. dag_id=nawy_real_estate_pipeline, task_id=ingesting_data_from_sheets, run_id=manual__2025-09-20T00:06:51.916768+00:00, execution_date=20250920T000651, start_date=20250921T232132, end_date=20250921T232203
[2025-09-21T23:22:04.152+0000] {taskinstance.py:341} INFO - ::group::Post task execution logs
[2025-09-21T23:22:04.153+0000] {standard_task_runner.py:124} ERROR - Failed to execute job 375 for task ingesting_data_from_sheets (Bash command failed. The command returned a non-zero exit code 2.; 373)
Traceback (most recent call last):
  File "/home/airflow/.local/lib/python3.12/site-packages/airflow/task/task_runner/standard_task_runner.py", line 117, in _start_by_fork
    ret = args.func(args, dag=self.dag)
          ^^^^^^^^^^^^^^^^^^^^^^^^^^^^^
  File "/home/airflow/.local/lib/python3.12/site-packages/airflow/cli/cli_config.py", line 49, in command
    return func(*args, **kwargs)
           ^^^^^^^^^^^^^^^^^^^^^
  File "/home/airflow/.local/lib/python3.12/site-packages/airflow/utils/cli.py", line 116, in wrapper
    return f(*args, **kwargs)
           ^^^^^^^^^^^^^^^^^^
  File "/home/airflow/.local/lib/python3.12/site-packages/airflow/cli/commands/task_command.py", line 483, in task_run
    task_return_code = _run_task_by_selected_method(args, _dag, ti)
                       ^^^^^^^^^^^^^^^^^^^^^^^^^^^^^^^^^^^^^^^^^^^^
  File "/home/airflow/.local/lib/python3.12/site-packages/airflow/cli/commands/task_command.py", line 256, in _run_task_by_selected_method
    return _run_raw_task(args, ti)
           ^^^^^^^^^^^^^^^^^^^^^^^
  File "/home/airflow/.local/lib/python3.12/site-packages/airflow/cli/commands/task_command.py", line 341, in _run_raw_task
    return ti._run_raw_task(
           ^^^^^^^^^^^^^^^^^
  File "/home/airflow/.local/lib/python3.12/site-packages/airflow/utils/session.py", line 97, in wrapper
    return func(*args, session=session, **kwargs)
           ^^^^^^^^^^^^^^^^^^^^^^^^^^^^^^^^^^^^^^
  File "/home/airflow/.local/lib/python3.12/site-packages/airflow/models/taskinstance.py", line 3006, in _run_raw_task
    return _run_raw_task(
           ^^^^^^^^^^^^^^
  File "/home/airflow/.local/lib/python3.12/site-packages/airflow/models/taskinstance.py", line 274, in _run_raw_task
    TaskInstance._execute_task_with_callbacks(
  File "/home/airflow/.local/lib/python3.12/site-packages/airflow/models/taskinstance.py", line 3161, in _execute_task_with_callbacks
    result = self._execute_task(context, task_orig)
             ^^^^^^^^^^^^^^^^^^^^^^^^^^^^^^^^^^^^^^
  File "/home/airflow/.local/lib/python3.12/site-packages/airflow/models/taskinstance.py", line 3185, in _execute_task
    return _execute_task(self, context, task_orig)
           ^^^^^^^^^^^^^^^^^^^^^^^^^^^^^^^^^^^^^^^
  File "/home/airflow/.local/lib/python3.12/site-packages/airflow/models/taskinstance.py", line 768, in _execute_task
    result = _execute_callable(context=context, **execute_callable_kwargs)
             ^^^^^^^^^^^^^^^^^^^^^^^^^^^^^^^^^^^^^^^^^^^^^^^^^^^^^^^^^^^^^
  File "/home/airflow/.local/lib/python3.12/site-packages/airflow/models/taskinstance.py", line 734, in _execute_callable
    return ExecutionCallableRunner(
           ^^^^^^^^^^^^^^^^^^^^^^^^
  File "/home/airflow/.local/lib/python3.12/site-packages/airflow/utils/operator_helpers.py", line 252, in run
    return self.func(*args, **kwargs)
           ^^^^^^^^^^^^^^^^^^^^^^^^^^
  File "/home/airflow/.local/lib/python3.12/site-packages/airflow/models/baseoperator.py", line 424, in wrapper
    return func(self, *args, **kwargs)
           ^^^^^^^^^^^^^^^^^^^^^^^^^^^
  File "/home/airflow/.local/lib/python3.12/site-packages/airflow/operators/bash.py", line 276, in execute
    raise AirflowException(
airflow.exceptions.AirflowException: Bash command failed. The command returned a non-zero exit code 2.
[2025-09-21T23:22:04.190+0000] {local_task_job_runner.py:266} INFO - Task exited with return code 1
[2025-09-21T23:22:04.250+0000] {taskinstance.py:3901} INFO - 0 downstream tasks scheduled from follow-on schedule check
[2025-09-21T23:22:04.491+0000] {local_task_job_runner.py:245} INFO - ::endgroup::
