[2025-09-21T23:33:02.635+0000] {local_task_job_runner.py:123} INFO - ::group::Pre task execution logs
[2025-09-21T23:33:02.670+0000] {taskinstance.py:2614} INFO - Dependencies all met for dep_context=non-requeueable deps ti=<TaskInstance: nawy_real_estate_pipeline.soda_quality_checks_silver_layer manual__2025-09-20T08:09:14.175023+00:00 [queued]>
[2025-09-21T23:33:02.688+0000] {taskinstance.py:2614} INFO - Dependencies all met for dep_context=requeueable deps ti=<TaskInstance: nawy_real_estate_pipeline.soda_quality_checks_silver_layer manual__2025-09-20T08:09:14.175023+00:00 [queued]>
[2025-09-21T23:33:02.689+0000] {taskinstance.py:2867} INFO - Starting attempt 1 of 1
[2025-09-21T23:33:02.824+0000] {taskinstance.py:2890} INFO - Executing <Task(BashOperator): soda_quality_checks_silver_layer> on 2025-09-20 08:09:14.175023+00:00
[2025-09-21T23:33:02.845+0000] {warnings.py:112} WARNING - /home/***/.local/lib/python3.12/site-packages/***/task/task_runner/standard_task_runner.py:70: DeprecationWarning: This process (pid=801) is multi-threaded, use of fork() may lead to deadlocks in the child.
  pid = os.fork()

[2025-09-21T23:33:02.849+0000] {standard_task_runner.py:104} INFO - Running: ['***', 'tasks', 'run', 'nawy_real_estate_pipeline', 'soda_quality_checks_silver_layer', 'manual__2025-09-20T08:09:14.175023+00:00', '--job-id', '402', '--raw', '--subdir', 'DAGS_FOLDER/nawy_dag.py', '--cfg-path', '/tmp/tmpvigb0lm8']
[2025-09-21T23:33:02.861+0000] {standard_task_runner.py:72} INFO - Started process 810 to run task
[2025-09-21T23:33:02.861+0000] {standard_task_runner.py:105} INFO - Job 402: Subtask soda_quality_checks_silver_layer
[2025-09-21T23:33:03.026+0000] {task_command.py:467} INFO - Running <TaskInstance: nawy_real_estate_pipeline.soda_quality_checks_silver_layer manual__2025-09-20T08:09:14.175023+00:00 [running]> on host b65782a7021d
[2025-09-21T23:33:03.723+0000] {taskinstance.py:3134} INFO - Exporting env vars: AIRFLOW_CTX_DAG_OWNER='***' AIRFLOW_CTX_DAG_ID='nawy_real_estate_pipeline' AIRFLOW_CTX_TASK_ID='soda_quality_checks_silver_layer' AIRFLOW_CTX_EXECUTION_DATE='2025-09-20T08:09:14.175023+00:00' AIRFLOW_CTX_TRY_NUMBER='1' AIRFLOW_CTX_DAG_RUN_ID='manual__2025-09-20T08:09:14.175023+00:00'
[2025-09-21T23:33:03.725+0000] {logging_mixin.py:190} INFO - Task instance is in running state
[2025-09-21T23:33:03.725+0000] {logging_mixin.py:190} INFO -  Previous state of the Task instance: queued
[2025-09-21T23:33:03.726+0000] {logging_mixin.py:190} INFO - Current task name:soda_quality_checks_silver_layer state:running start_date:2025-09-21 23:33:02.671678+00:00
[2025-09-21T23:33:03.726+0000] {logging_mixin.py:190} INFO - Dag name:nawy_real_estate_pipeline and current dag run status:running
[2025-09-21T23:33:03.727+0000] {taskinstance.py:732} INFO - ::endgroup::
[2025-09-21T23:33:03.728+0000] {subprocess.py:78} INFO - Tmp dir root location: /tmp
[2025-09-21T23:33:03.750+0000] {subprocess.py:88} INFO - Running command: ['/usr/bin/bash', '-c', ' cd /opt/***/dags/../include/nawy_soda_project && soda scan  -d nawy_task_destination -c configuration.yml checks/silver || true']
[2025-09-21T23:33:03.770+0000] {subprocess.py:99} INFO - Output:
[2025-09-21T23:33:09.542+0000] {subprocess.py:106} INFO - [23:33:09] Soda Core 3.5.5
[2025-09-21T23:33:11.070+0000] {subprocess.py:106} INFO - [23:33:11] Using DefaultSampler
[2025-09-21T23:33:11.076+0000] {subprocess.py:106} INFO - [23:33:11] Using DefaultSampler
[2025-09-21T23:33:11.082+0000] {subprocess.py:106} INFO - [23:33:11] Using DefaultSampler
[2025-09-21T23:33:11.110+0000] {subprocess.py:106} INFO - [23:33:11] Using DefaultSampler
[2025-09-21T23:33:11.140+0000] {subprocess.py:106} INFO - [23:33:11] Using DefaultSampler
[2025-09-21T23:33:11.280+0000] {subprocess.py:106} INFO - [23:33:11] Using DefaultSampler
[2025-09-21T23:33:11.347+0000] {subprocess.py:106} INFO - [23:33:11] Using DefaultSampler
[2025-09-21T23:33:11.348+0000] {subprocess.py:106} INFO - [23:33:11] Scan summary:
[2025-09-21T23:33:11.350+0000] {subprocess.py:106} INFO - [23:33:11] 9/11 checks PASSED:
[2025-09-21T23:33:11.350+0000] {subprocess.py:106} INFO - [23:33:11]     sales_transformed in nawy_task_destination
[2025-09-21T23:33:11.352+0000] {subprocess.py:106} INFO - [23:33:11]        combination used in key generation must be unique per each record [PASSED]
[2025-09-21T23:33:11.353+0000] {subprocess.py:106} INFO - [23:33:11]       Finalized sales must have an actual_value [PASSED]
[2025-09-21T23:33:11.354+0000] {subprocess.py:106} INFO - [23:33:11]       Orphan sales entries (no lead_id) should not exist [PASSED]
[2025-09-21T23:33:11.355+0000] {subprocess.py:106} INFO - [23:33:11]       sale_id must be unique [PASSED]
[2025-09-21T23:33:11.356+0000] {subprocess.py:106} INFO - [23:33:11]     leads_transformed in nawy_task_destination
[2025-09-21T23:33:11.357+0000] {subprocess.py:106} INFO - [23:33:11]       last contact date cant be in the future [PASSED]
[2025-09-21T23:33:11.358+0000] {subprocess.py:106} INFO - [23:33:11]       all status names should be standardized to lowercase [PASSED]
[2025-09-21T23:33:11.359+0000] {subprocess.py:106} INFO - [23:33:11]       all lead_types should be standardized to lowercase [PASSED]
[2025-09-21T23:33:11.359+0000] {subprocess.py:106} INFO - [23:33:11]       lead_id cannot be null [PASSED]
[2025-09-21T23:33:11.361+0000] {subprocess.py:106} INFO - [23:33:11]       the value campaign ='(none)' is not valid here [PASSED]
[2025-09-21T23:33:11.361+0000] {subprocess.py:106} INFO - [23:33:11] 2/11 checks WARNED:
[2025-09-21T23:33:11.362+0000] {subprocess.py:106} INFO - [23:33:11]     sales_transformed in nawy_task_destination
[2025-09-21T23:33:11.363+0000] {subprocess.py:106} INFO - [23:33:11]       Contraction date must be after or on the reservation date [WARNED]
[2025-09-21T23:33:11.364+0000] {subprocess.py:106} INFO - [23:33:11]         value: 2
[2025-09-21T23:33:11.365+0000] {subprocess.py:106} INFO - [23:33:11]     leads_transformed in nawy_task_destination
[2025-09-21T23:33:11.366+0000] {subprocess.py:106} INFO - [23:33:11]       updated_at must be after or equal to the created timestamp [WARNED]
[2025-09-21T23:33:11.366+0000] {subprocess.py:106} INFO - [23:33:11]         value: 1
[2025-09-21T23:33:11.367+0000] {subprocess.py:106} INFO - [23:33:11] Only 2 warnings. 0 failures. 0 errors. 9 pass.
[2025-09-21T23:33:12.111+0000] {subprocess.py:110} INFO - Command exited with return code 0
[2025-09-21T23:33:12.190+0000] {taskinstance.py:341} INFO - ::group::Post task execution logs
[2025-09-21T23:33:12.191+0000] {taskinstance.py:353} INFO - Marking task as SUCCESS. dag_id=nawy_real_estate_pipeline, task_id=soda_quality_checks_silver_layer, run_id=manual__2025-09-20T08:09:14.175023+00:00, execution_date=20250920T080914, start_date=20250921T233302, end_date=20250921T233312
[2025-09-21T23:33:12.277+0000] {logging_mixin.py:190} INFO - Task instance in success state
[2025-09-21T23:33:12.278+0000] {logging_mixin.py:190} INFO -  Previous state of the Task instance: running
[2025-09-21T23:33:12.279+0000] {logging_mixin.py:190} INFO - Dag name:nawy_real_estate_pipeline queued_at:2025-09-21 23:03:47.690722+00:00
[2025-09-21T23:33:12.280+0000] {logging_mixin.py:190} INFO - Task hostname:b65782a7021d operator:BashOperator
[2025-09-21T23:33:12.305+0000] {local_task_job_runner.py:266} INFO - Task exited with return code 0
[2025-09-21T23:33:12.352+0000] {taskinstance.py:3901} INFO - 1 downstream tasks scheduled from follow-on schedule check
[2025-09-21T23:33:12.375+0000] {local_task_job_runner.py:245} INFO - ::endgroup::
