[2025-09-22T00:00:01.886+0000] {local_task_job_runner.py:123} INFO - ::group::Pre task execution logs
[2025-09-22T00:00:01.901+0000] {taskinstance.py:2614} INFO - Dependencies all met for dep_context=non-requeueable deps ti=<TaskInstance: nawy_real_estate_pipeline.installing_required_dependencies scheduled__2025-09-21T00:00:00+00:00 [queued]>
[2025-09-22T00:00:01.908+0000] {taskinstance.py:2614} INFO - Dependencies all met for dep_context=requeueable deps ti=<TaskInstance: nawy_real_estate_pipeline.installing_required_dependencies scheduled__2025-09-21T00:00:00+00:00 [queued]>
[2025-09-22T00:00:01.909+0000] {taskinstance.py:2867} INFO - Starting attempt 1 of 1
[2025-09-22T00:00:01.949+0000] {taskinstance.py:2890} INFO - Executing <Task(BashOperator): installing_required_dependencies> on 2025-09-21 00:00:00+00:00
[2025-09-22T00:00:01.955+0000] {warnings.py:112} WARNING - /home/***/.local/lib/python3.12/site-packages/***/task/task_runner/standard_task_runner.py:70: DeprecationWarning: This process (pid=1403) is multi-threaded, use of fork() may lead to deadlocks in the child.
  pid = os.fork()

[2025-09-22T00:00:01.957+0000] {standard_task_runner.py:72} INFO - Started process 1405 to run task
[2025-09-22T00:00:01.957+0000] {standard_task_runner.py:104} INFO - Running: ['***', 'tasks', 'run', 'nawy_real_estate_pipeline', 'installing_required_dependencies', 'scheduled__2025-09-21T00:00:00+00:00', '--job-id', '422', '--raw', '--subdir', 'DAGS_FOLDER/nawy_dag.py', '--cfg-path', '/tmp/tmpamtokx65']
[2025-09-22T00:00:01.958+0000] {standard_task_runner.py:105} INFO - Job 422: Subtask installing_required_dependencies
[2025-09-22T00:00:02.024+0000] {task_command.py:467} INFO - Running <TaskInstance: nawy_real_estate_pipeline.installing_required_dependencies scheduled__2025-09-21T00:00:00+00:00 [running]> on host b65782a7021d
[2025-09-22T00:00:02.355+0000] {taskinstance.py:3134} INFO - Exporting env vars: AIRFLOW_CTX_DAG_OWNER='***' AIRFLOW_CTX_DAG_ID='nawy_real_estate_pipeline' AIRFLOW_CTX_TASK_ID='installing_required_dependencies' AIRFLOW_CTX_EXECUTION_DATE='2025-09-21T00:00:00+00:00' AIRFLOW_CTX_TRY_NUMBER='1' AIRFLOW_CTX_DAG_RUN_ID='scheduled__2025-09-21T00:00:00+00:00'
[2025-09-22T00:00:02.356+0000] {logging_mixin.py:190} INFO - Task instance is in running state
[2025-09-22T00:00:02.357+0000] {logging_mixin.py:190} INFO -  Previous state of the Task instance: queued
[2025-09-22T00:00:02.357+0000] {logging_mixin.py:190} INFO - Current task name:installing_required_dependencies state:running start_date:2025-09-22 00:00:01.901860+00:00
[2025-09-22T00:00:02.358+0000] {logging_mixin.py:190} INFO - Dag name:nawy_real_estate_pipeline and current dag run status:running
[2025-09-22T00:00:02.359+0000] {taskinstance.py:732} INFO - ::endgroup::
[2025-09-22T00:00:02.360+0000] {subprocess.py:78} INFO - Tmp dir root location: /tmp
[2025-09-22T00:00:02.361+0000] {subprocess.py:88} INFO - Running command: ['/usr/bin/bash', '-c', ' cd /opt/***/dags/../include/nawy_dbt_project && dbt clean &&  dbt deps --no-version-check ']
[2025-09-22T00:00:02.370+0000] {subprocess.py:99} INFO - Output:
[2025-09-22T00:00:04.836+0000] {subprocess.py:106} INFO - [0m00:00:04  Running with dbt=1.10.11
[2025-09-22T00:00:05.054+0000] {subprocess.py:106} INFO - [0m00:00:05  Checking /opt/***/include/nawy_dbt_project/dbt_packages/*
[2025-09-22T00:00:05.395+0000] {subprocess.py:106} INFO - [0m00:00:05  Cleaned /opt/***/include/nawy_dbt_project/dbt_packages/*
[2025-09-22T00:00:05.396+0000] {subprocess.py:106} INFO - [0m00:00:05  Checking /opt/***/include/nawy_dbt_project/target/*
[2025-09-22T00:00:05.497+0000] {subprocess.py:106} INFO - [0m00:00:05  Cleaned /opt/***/include/nawy_dbt_project/target/*
[2025-09-22T00:00:05.497+0000] {subprocess.py:106} INFO - [0m00:00:05  Finished cleaning all paths.
[2025-09-22T00:00:09.566+0000] {subprocess.py:106} INFO - [0m00:00:09  Running with dbt=1.10.11
[2025-09-22T00:00:10.350+0000] {subprocess.py:106} INFO - [0m00:00:10  Installing dbt-labs/dbt_utils
[2025-09-22T00:00:16.739+0000] {subprocess.py:106} INFO - [0m00:00:16  Installed from version 1.3.0
[2025-09-22T00:00:16.740+0000] {subprocess.py:106} INFO - [0m00:00:16  Updated version available: 1.3.1
[2025-09-22T00:00:16.741+0000] {subprocess.py:106} INFO - [0m00:00:16
[2025-09-22T00:00:16.742+0000] {subprocess.py:106} INFO - [0m00:00:16  Updates available for packages: ['dbt-labs/dbt_utils']
[2025-09-22T00:00:16.743+0000] {subprocess.py:106} INFO - Update your versions in packages.yml, then run dbt deps
[2025-09-22T00:00:17.694+0000] {subprocess.py:110} INFO - Command exited with return code 0
[2025-09-22T00:00:17.754+0000] {taskinstance.py:341} INFO - ::group::Post task execution logs
[2025-09-22T00:00:17.755+0000] {taskinstance.py:353} INFO - Marking task as SUCCESS. dag_id=nawy_real_estate_pipeline, task_id=installing_required_dependencies, run_id=scheduled__2025-09-21T00:00:00+00:00, execution_date=20250921T000000, start_date=20250922T000001, end_date=20250922T000017
[2025-09-22T00:00:17.833+0000] {logging_mixin.py:190} INFO - Task instance in success state
[2025-09-22T00:00:17.834+0000] {logging_mixin.py:190} INFO -  Previous state of the Task instance: running
[2025-09-22T00:00:17.834+0000] {logging_mixin.py:190} INFO - Dag name:nawy_real_estate_pipeline queued_at:2025-09-22 00:00:00.042341+00:00
[2025-09-22T00:00:17.835+0000] {logging_mixin.py:190} INFO - Task hostname:b65782a7021d operator:BashOperator
[2025-09-22T00:00:17.877+0000] {local_task_job_runner.py:266} INFO - Task exited with return code 0
[2025-09-22T00:00:17.926+0000] {taskinstance.py:3901} INFO - 1 downstream tasks scheduled from follow-on schedule check
[2025-09-22T00:00:17.960+0000] {local_task_job_runner.py:245} INFO - ::endgroup::
