[2025-09-21T23:33:37.464+0000] {local_task_job_runner.py:123} INFO - ::group::Pre task execution logs
[2025-09-21T23:33:37.501+0000] {taskinstance.py:2614} INFO - Dependencies all met for dep_context=non-requeueable deps ti=<TaskInstance: nawy_real_estate_pipeline.build_fact_and_dim_tables manual__2025-09-20T08:09:14.175023+00:00 [queued]>
[2025-09-21T23:33:37.514+0000] {taskinstance.py:2614} INFO - Dependencies all met for dep_context=requeueable deps ti=<TaskInstance: nawy_real_estate_pipeline.build_fact_and_dim_tables manual__2025-09-20T08:09:14.175023+00:00 [queued]>
[2025-09-21T23:33:37.515+0000] {taskinstance.py:2867} INFO - Starting attempt 1 of 1
[2025-09-21T23:33:38.627+0000] {taskinstance.py:2890} INFO - Executing <Task(BashOperator): build_fact_and_dim_tables> on 2025-09-20 08:09:14.175023+00:00
[2025-09-21T23:33:38.636+0000] {warnings.py:112} WARNING - /home/***/.local/lib/python3.12/site-packages/***/task/task_runner/standard_task_runner.py:70: DeprecationWarning: This process (pid=872) is multi-threaded, use of fork() may lead to deadlocks in the child.
  pid = os.fork()

[2025-09-21T23:33:38.638+0000] {standard_task_runner.py:72} INFO - Started process 885 to run task
[2025-09-21T23:33:38.639+0000] {standard_task_runner.py:104} INFO - Running: ['***', 'tasks', 'run', 'nawy_real_estate_pipeline', 'build_fact_and_dim_tables', 'manual__2025-09-20T08:09:14.175023+00:00', '--job-id', '408', '--raw', '--subdir', 'DAGS_FOLDER/nawy_dag.py', '--cfg-path', '/tmp/tmpeype7_on']
[2025-09-21T23:33:38.641+0000] {standard_task_runner.py:105} INFO - Job 408: Subtask build_fact_and_dim_tables
[2025-09-21T23:33:38.739+0000] {task_command.py:467} INFO - Running <TaskInstance: nawy_real_estate_pipeline.build_fact_and_dim_tables manual__2025-09-20T08:09:14.175023+00:00 [running]> on host b65782a7021d
[2025-09-21T23:33:39.164+0000] {taskinstance.py:3134} INFO - Exporting env vars: AIRFLOW_CTX_DAG_OWNER='***' AIRFLOW_CTX_DAG_ID='nawy_real_estate_pipeline' AIRFLOW_CTX_TASK_ID='build_fact_and_dim_tables' AIRFLOW_CTX_EXECUTION_DATE='2025-09-20T08:09:14.175023+00:00' AIRFLOW_CTX_TRY_NUMBER='1' AIRFLOW_CTX_DAG_RUN_ID='manual__2025-09-20T08:09:14.175023+00:00'
[2025-09-21T23:33:39.165+0000] {logging_mixin.py:190} INFO - Task instance is in running state
[2025-09-21T23:33:39.166+0000] {logging_mixin.py:190} INFO -  Previous state of the Task instance: queued
[2025-09-21T23:33:39.167+0000] {logging_mixin.py:190} INFO - Current task name:build_fact_and_dim_tables state:running start_date:2025-09-21 23:33:37.502122+00:00
[2025-09-21T23:33:39.167+0000] {logging_mixin.py:190} INFO - Dag name:nawy_real_estate_pipeline and current dag run status:running
[2025-09-21T23:33:39.168+0000] {taskinstance.py:732} INFO - ::endgroup::
[2025-09-21T23:33:39.169+0000] {subprocess.py:78} INFO - Tmp dir root location: /tmp
[2025-09-21T23:33:39.172+0000] {subprocess.py:88} INFO - Running command: ['/usr/bin/bash', '-c', ' cd /opt/***/dags/../include/nawy_dbt_project && dbt run -m models/gold  ']
[2025-09-21T23:33:39.191+0000] {subprocess.py:99} INFO - Output:
[2025-09-21T23:33:43.796+0000] {subprocess.py:106} INFO - [0m23:33:43  Running with dbt=1.10.11
[2025-09-21T23:33:43.800+0000] {subprocess.py:106} INFO - [0m23:33:43  [[33mWARNING[0m]: Deprecated functionality
[2025-09-21T23:33:43.802+0000] {subprocess.py:106} INFO - Usage of `--models`, `--model`, and `-m` is deprecated in favor of `--select` or
[2025-09-21T23:33:43.803+0000] {subprocess.py:106} INFO - `-s`.
[2025-09-21T23:33:44.520+0000] {subprocess.py:106} INFO - [0m23:33:44  Registered adapter: postgres=1.9.1
[2025-09-21T23:33:47.349+0000] {subprocess.py:106} INFO - [0m23:33:47  Found 15 models, 1 snapshot, 2 seeds, 553 macros
[2025-09-21T23:33:47.364+0000] {subprocess.py:106} INFO - [0m23:33:47
[2025-09-21T23:33:47.365+0000] {subprocess.py:106} INFO - [0m23:33:47  Concurrency: 1 threads (target='dev')
[2025-09-21T23:33:47.366+0000] {subprocess.py:106} INFO - [0m23:33:47
[2025-09-21T23:33:47.916+0000] {subprocess.py:106} INFO - [0m23:33:47  1 of 11 START sql table model dwh.dim_contact_method ........................... [RUN]
[2025-09-21T23:33:48.545+0000] {subprocess.py:106} INFO - [0m23:33:48  1 of 11 OK created sql table model dwh.dim_contact_method ...................... [[32mSELECT 76[0m in 0.62s]
[2025-09-21T23:33:48.549+0000] {subprocess.py:106} INFO - [0m23:33:48  2 of 11 START sql table model dwh.dim_date ..................................... [RUN]
[2025-09-21T23:33:49.549+0000] {subprocess.py:106} INFO - [0m23:33:49  2 of 11 OK created sql table model dwh.dim_date ................................ [[32mSELECT 2199[0m in 1.00s]
[2025-09-21T23:33:49.554+0000] {subprocess.py:106} INFO - [0m23:33:49  3 of 11 START sql table model dwh.dim_lead_scd2 ................................ [RUN]
[2025-09-21T23:33:50.043+0000] {subprocess.py:106} INFO - [0m23:33:50  3 of 11 OK created sql table model dwh.dim_lead_scd2 ........................... [[32mSELECT 55845[0m in 0.49s]
[2025-09-21T23:33:50.050+0000] {subprocess.py:106} INFO - [0m23:33:50  4 of 11 START sql table model dwh.dim_lead_source .............................. [RUN]
[2025-09-21T23:33:50.352+0000] {subprocess.py:106} INFO - [0m23:33:50  4 of 11 OK created sql table model dwh.dim_lead_source ......................... [[32mSELECT 94[0m in 0.30s]
[2025-09-21T23:33:50.358+0000] {subprocess.py:106} INFO - [0m23:33:50  5 of 11 START sql table model dwh.dim_lead_type ................................ [RUN]
[2025-09-21T23:33:50.638+0000] {subprocess.py:106} INFO - [0m23:33:50  5 of 11 OK created sql table model dwh.dim_lead_type ........................... [[32mSELECT 10[0m in 0.28s]
[2025-09-21T23:33:50.643+0000] {subprocess.py:106} INFO - [0m23:33:50  6 of 11 START sql table model dwh.dim_location ................................. [RUN]
[2025-09-21T23:33:50.931+0000] {subprocess.py:106} INFO - [0m23:33:50  6 of 11 OK created sql table model dwh.dim_location ............................ [[32mSELECT 374[0m in 0.29s]
[2025-09-21T23:33:50.935+0000] {subprocess.py:106} INFO - [0m23:33:50  7 of 11 START sql table model dwh.dim_market_campaign .......................... [RUN]
[2025-09-21T23:33:51.277+0000] {subprocess.py:106} INFO - [0m23:33:51  7 of 11 OK created sql table model dwh.dim_market_campaign ..................... [[32mSELECT 1469[0m in 0.34s]
[2025-09-21T23:33:51.283+0000] {subprocess.py:106} INFO - [0m23:33:51  8 of 11 START sql table model dwh.dim_property_type ............................ [RUN]
[2025-09-21T23:33:51.607+0000] {subprocess.py:106} INFO - [0m23:33:51  8 of 11 OK created sql table model dwh.dim_property_type ....................... [[32mSELECT 14[0m in 0.32s]
[2025-09-21T23:33:51.612+0000] {subprocess.py:106} INFO - [0m23:33:51  9 of 11 START sql table model dwh.dim_sale_category ............................ [RUN]
[2025-09-21T23:33:51.835+0000] {subprocess.py:106} INFO - [0m23:33:51  9 of 11 OK created sql table model dwh.dim_sale_category ....................... [[32mSELECT 6[0m in 0.22s]
[2025-09-21T23:33:51.841+0000] {subprocess.py:106} INFO - [0m23:33:51  10 of 11 START sql table model dwh.leads_fact .................................. [RUN]
[2025-09-21T23:34:02.364+0000] {subprocess.py:106} INFO - [0m23:34:02  10 of 11 OK created sql table model dwh.leads_fact ............................. [[32mSELECT 55845[0m in 10.52s]
[2025-09-21T23:34:02.371+0000] {subprocess.py:106} INFO - [0m23:34:02  11 of 11 START sql table model dwh.sales_fact .................................. [RUN]
[2025-09-21T23:34:05.338+0000] {subprocess.py:106} INFO - [0m23:34:05  11 of 11 OK created sql table model dwh.sales_fact ............................. [[32mSELECT 1333[0m in 2.96s]
[2025-09-21T23:34:05.517+0000] {subprocess.py:106} INFO - [0m23:34:05
[2025-09-21T23:34:05.518+0000] {subprocess.py:106} INFO - [0m23:34:05  Finished running 11 table models in 0 hours 0 minutes and 18.15 seconds (18.15s).
[2025-09-21T23:34:05.665+0000] {subprocess.py:106} INFO - [0m23:34:05
[2025-09-21T23:34:05.666+0000] {subprocess.py:106} INFO - [0m23:34:05  [32mCompleted successfully[0m
[2025-09-21T23:34:05.668+0000] {subprocess.py:106} INFO - [0m23:34:05
[2025-09-21T23:34:05.669+0000] {subprocess.py:106} INFO - [0m23:34:05  Done. PASS=11 WARN=0 ERROR=0 SKIP=0 NO-OP=0 TOTAL=11
[2025-09-21T23:34:05.671+0000] {subprocess.py:106} INFO - [0m23:34:05  [[33mWARNING[0m][DeprecationsSummary]: Deprecated functionality
[2025-09-21T23:34:05.671+0000] {subprocess.py:106} INFO - Summary of encountered deprecations:
[2025-09-21T23:34:05.672+0000] {subprocess.py:106} INFO - - ModelParamUsageDeprecation: 1 occurrence
[2025-09-21T23:34:05.673+0000] {subprocess.py:106} INFO - To see all deprecation instances instead of just the first occurrence of each,
[2025-09-21T23:34:05.674+0000] {subprocess.py:106} INFO - run command again with the `--show-all-deprecations` flag. You may also need to
[2025-09-21T23:34:05.674+0000] {subprocess.py:106} INFO - run with `--no-partial-parse` as some deprecations are only encountered during
[2025-09-21T23:34:05.675+0000] {subprocess.py:106} INFO - parsing.
[2025-09-21T23:34:08.550+0000] {subprocess.py:110} INFO - Command exited with return code 0
[2025-09-21T23:34:09.465+0000] {taskinstance.py:341} INFO - ::group::Post task execution logs
[2025-09-21T23:34:09.466+0000] {taskinstance.py:353} INFO - Marking task as SUCCESS. dag_id=nawy_real_estate_pipeline, task_id=build_fact_and_dim_tables, run_id=manual__2025-09-20T08:09:14.175023+00:00, execution_date=20250920T080914, start_date=20250921T233337, end_date=20250921T233409
[2025-09-21T23:34:09.693+0000] {logging_mixin.py:190} INFO - Task instance in success state
[2025-09-21T23:34:09.694+0000] {logging_mixin.py:190} INFO -  Previous state of the Task instance: running
[2025-09-21T23:34:09.694+0000] {logging_mixin.py:190} INFO - Dag name:nawy_real_estate_pipeline queued_at:2025-09-21 23:03:47.690722+00:00
[2025-09-21T23:34:09.695+0000] {logging_mixin.py:190} INFO - Task hostname:b65782a7021d operator:BashOperator
[2025-09-21T23:34:09.726+0000] {local_task_job_runner.py:266} INFO - Task exited with return code 0
[2025-09-21T23:34:09.753+0000] {taskinstance.py:3901} INFO - 1 downstream tasks scheduled from follow-on schedule check
[2025-09-21T23:34:09.784+0000] {local_task_job_runner.py:245} INFO - ::endgroup::
