[2025-09-21T13:47:35.004+0000] {local_task_job_runner.py:123} INFO - ::group::Pre task execution logs
[2025-09-21T13:47:35.033+0000] {taskinstance.py:2614} INFO - Dependencies all met for dep_context=non-requeueable deps ti=<TaskInstance: nawy_real_estate_pipeline.build_scd2_table manual__2025-09-21T13:43:16.523289+00:00 [queued]>
[2025-09-21T13:47:35.046+0000] {taskinstance.py:2614} INFO - Dependencies all met for dep_context=requeueable deps ti=<TaskInstance: nawy_real_estate_pipeline.build_scd2_table manual__2025-09-21T13:43:16.523289+00:00 [queued]>
[2025-09-21T13:47:35.047+0000] {taskinstance.py:2867} INFO - Starting attempt 1 of 1
[2025-09-21T13:47:35.107+0000] {taskinstance.py:2890} INFO - Executing <Task(BashOperator): build_scd2_table> on 2025-09-21 13:43:16.523289+00:00
[2025-09-21T13:47:35.117+0000] {warnings.py:112} WARNING - /home/***/.local/lib/python3.12/site-packages/***/task/task_runner/standard_task_runner.py:70: DeprecationWarning: This process (pid=349) is multi-threaded, use of fork() may lead to deadlocks in the child.
  pid = os.fork()

[2025-09-21T13:47:35.119+0000] {standard_task_runner.py:72} INFO - Started process 351 to run task
[2025-09-21T13:47:35.119+0000] {standard_task_runner.py:104} INFO - Running: ['***', 'tasks', 'run', 'nawy_real_estate_pipeline', 'build_scd2_table', 'manual__2025-09-21T13:43:16.523289+00:00', '--job-id', '309', '--raw', '--subdir', 'DAGS_FOLDER/nawy_dag.py', '--cfg-path', '/tmp/tmpt5ma9lrd']
[2025-09-21T13:47:35.121+0000] {standard_task_runner.py:105} INFO - Job 309: Subtask build_scd2_table
[2025-09-21T13:47:35.215+0000] {task_command.py:467} INFO - Running <TaskInstance: nawy_real_estate_pipeline.build_scd2_table manual__2025-09-21T13:43:16.523289+00:00 [running]> on host b65782a7021d
[2025-09-21T13:47:35.637+0000] {taskinstance.py:3134} INFO - Exporting env vars: AIRFLOW_CTX_DAG_OWNER='***' AIRFLOW_CTX_DAG_ID='nawy_real_estate_pipeline' AIRFLOW_CTX_TASK_ID='build_scd2_table' AIRFLOW_CTX_EXECUTION_DATE='2025-09-21T13:43:16.523289+00:00' AIRFLOW_CTX_TRY_NUMBER='1' AIRFLOW_CTX_DAG_RUN_ID='manual__2025-09-21T13:43:16.523289+00:00'
[2025-09-21T13:47:35.638+0000] {logging_mixin.py:190} INFO - Task instance is in running state
[2025-09-21T13:47:35.638+0000] {logging_mixin.py:190} INFO -  Previous state of the Task instance: queued
[2025-09-21T13:47:35.639+0000] {logging_mixin.py:190} INFO - Current task name:build_scd2_table state:running start_date:2025-09-21 13:47:35.034650+00:00
[2025-09-21T13:47:35.640+0000] {logging_mixin.py:190} INFO - Dag name:nawy_real_estate_pipeline and current dag run status:running
[2025-09-21T13:47:35.640+0000] {taskinstance.py:732} INFO - ::endgroup::
[2025-09-21T13:47:35.642+0000] {subprocess.py:78} INFO - Tmp dir root location: /tmp
[2025-09-21T13:47:35.670+0000] {subprocess.py:88} INFO - Running command: ['/usr/bin/bash', '-c', ' cd /opt/***/dags/../include/nawy_dbt_project && dbt snapshot ']
[2025-09-21T13:47:35.689+0000] {subprocess.py:99} INFO - Output:
[2025-09-21T13:47:39.048+0000] {subprocess.py:106} INFO - [0m13:47:39  Running with dbt=1.10.11
[2025-09-21T13:47:39.507+0000] {subprocess.py:106} INFO - [0m13:47:39  Registered adapter: postgres=1.9.1
[2025-09-21T13:47:42.636+0000] {subprocess.py:106} INFO - [0m13:47:42  Found 15 models, 1 snapshot, 2 seeds, 553 macros
[2025-09-21T13:47:42.642+0000] {subprocess.py:106} INFO - [0m13:47:42
[2025-09-21T13:47:42.643+0000] {subprocess.py:106} INFO - [0m13:47:42  Concurrency: 1 threads (target='dev')
[2025-09-21T13:47:42.644+0000] {subprocess.py:106} INFO - [0m13:47:42
[2025-09-21T13:47:43.251+0000] {subprocess.py:106} INFO - [0m13:47:43  1 of 1 START snapshot public.leads_dim_snapshot ................................ [RUN]
[2025-09-21T13:47:44.711+0000] {subprocess.py:106} INFO - [0m13:47:44  1 of 1 OK snapshotted public.leads_dim_snapshot ................................ [[32mINSERT 0 0[0m in 1.45s]
[2025-09-21T13:47:44.979+0000] {subprocess.py:106} INFO - [0m13:47:44
[2025-09-21T13:47:44.980+0000] {subprocess.py:106} INFO - [0m13:47:44  Finished running 1 snapshot in 0 hours 0 minutes and 2.33 seconds (2.33s).
[2025-09-21T13:47:45.114+0000] {subprocess.py:106} INFO - [0m13:47:45
[2025-09-21T13:47:45.116+0000] {subprocess.py:106} INFO - [0m13:47:45  [32mCompleted successfully[0m
[2025-09-21T13:47:45.117+0000] {subprocess.py:106} INFO - [0m13:47:45
[2025-09-21T13:47:45.118+0000] {subprocess.py:106} INFO - [0m13:47:45  Done. PASS=1 WARN=0 ERROR=0 SKIP=0 NO-OP=0 TOTAL=1
[2025-09-21T13:47:46.215+0000] {subprocess.py:110} INFO - Command exited with return code 0
[2025-09-21T13:47:46.298+0000] {taskinstance.py:341} INFO - ::group::Post task execution logs
[2025-09-21T13:47:46.298+0000] {taskinstance.py:353} INFO - Marking task as SUCCESS. dag_id=nawy_real_estate_pipeline, task_id=build_scd2_table, run_id=manual__2025-09-21T13:43:16.523289+00:00, execution_date=20250921T134316, start_date=20250921T134735, end_date=20250921T134746
[2025-09-21T13:47:46.426+0000] {logging_mixin.py:190} INFO - Task instance in success state
[2025-09-21T13:47:46.427+0000] {logging_mixin.py:190} INFO -  Previous state of the Task instance: running
[2025-09-21T13:47:46.428+0000] {logging_mixin.py:190} INFO - Dag name:nawy_real_estate_pipeline queued_at:2025-09-21 13:43:16.537366+00:00
[2025-09-21T13:47:46.428+0000] {logging_mixin.py:190} INFO - Task hostname:b65782a7021d operator:BashOperator
[2025-09-21T13:47:46.477+0000] {local_task_job_runner.py:266} INFO - Task exited with return code 0
[2025-09-21T13:47:46.509+0000] {taskinstance.py:3901} INFO - 1 downstream tasks scheduled from follow-on schedule check
[2025-09-21T13:47:46.541+0000] {local_task_job_runner.py:245} INFO - ::endgroup::
