[2025-09-21T23:25:27.697+0000] {local_task_job_runner.py:123} INFO - ::group::Pre task execution logs
[2025-09-21T23:25:27.724+0000] {taskinstance.py:2614} INFO - Dependencies all met for dep_context=non-requeueable deps ti=<TaskInstance: nawy_real_estate_pipeline.ingesting_data_from_sheets manual__2025-09-21T14:23:51.132040+00:00 [queued]>
[2025-09-21T23:25:27.735+0000] {taskinstance.py:2614} INFO - Dependencies all met for dep_context=requeueable deps ti=<TaskInstance: nawy_real_estate_pipeline.ingesting_data_from_sheets manual__2025-09-21T14:23:51.132040+00:00 [queued]>
[2025-09-21T23:25:27.736+0000] {taskinstance.py:2867} INFO - Starting attempt 2 of 2
[2025-09-21T23:25:27.779+0000] {taskinstance.py:2890} INFO - Executing <Task(BashOperator): ingesting_data_from_sheets> on 2025-09-21 14:23:51.132040+00:00
[2025-09-21T23:25:27.786+0000] {warnings.py:112} WARNING - /home/***/.local/lib/python3.12/site-packages/***/task/task_runner/standard_task_runner.py:70: DeprecationWarning: This process (pid=617) is multi-threaded, use of fork() may lead to deadlocks in the child.
  pid = os.fork()

[2025-09-21T23:25:27.787+0000] {standard_task_runner.py:72} INFO - Started process 619 to run task
[2025-09-21T23:25:27.788+0000] {standard_task_runner.py:104} INFO - Running: ['***', 'tasks', 'run', 'nawy_real_estate_pipeline', 'ingesting_data_from_sheets', 'manual__2025-09-21T14:23:51.132040+00:00', '--job-id', '394', '--raw', '--subdir', 'DAGS_FOLDER/nawy_dag.py', '--cfg-path', '/tmp/tmpthe42ik9']
[2025-09-21T23:25:27.789+0000] {standard_task_runner.py:105} INFO - Job 394: Subtask ingesting_data_from_sheets
[2025-09-21T23:25:27.860+0000] {task_command.py:467} INFO - Running <TaskInstance: nawy_real_estate_pipeline.ingesting_data_from_sheets manual__2025-09-21T14:23:51.132040+00:00 [running]> on host b65782a7021d
[2025-09-21T23:25:28.180+0000] {taskinstance.py:3134} INFO - Exporting env vars: AIRFLOW_CTX_DAG_OWNER='***' AIRFLOW_CTX_DAG_ID='nawy_real_estate_pipeline' AIRFLOW_CTX_TASK_ID='ingesting_data_from_sheets' AIRFLOW_CTX_EXECUTION_DATE='2025-09-21T14:23:51.132040+00:00' AIRFLOW_CTX_TRY_NUMBER='2' AIRFLOW_CTX_DAG_RUN_ID='manual__2025-09-21T14:23:51.132040+00:00'
[2025-09-21T23:25:28.182+0000] {logging_mixin.py:190} INFO - Task instance is in running state
[2025-09-21T23:25:28.182+0000] {logging_mixin.py:190} INFO -  Previous state of the Task instance: queued
[2025-09-21T23:25:28.183+0000] {logging_mixin.py:190} INFO - Current task name:ingesting_data_from_sheets state:running start_date:2025-09-21 23:25:27.725664+00:00
[2025-09-21T23:25:28.184+0000] {logging_mixin.py:190} INFO - Dag name:nawy_real_estate_pipeline and current dag run status:running
[2025-09-21T23:25:28.184+0000] {taskinstance.py:732} INFO - ::endgroup::
[2025-09-21T23:25:28.185+0000] {subprocess.py:78} INFO - Tmp dir root location: /tmp
[2025-09-21T23:25:28.208+0000] {subprocess.py:88} INFO - Running command: ['/usr/bin/bash', '-c', ' cd /opt/***/dags/../include/nawy_dbt_project && dbt seed  ']
[2025-09-21T23:25:28.219+0000] {subprocess.py:99} INFO - Output:
[2025-09-21T23:25:31.398+0000] {subprocess.py:106} INFO - [0m23:25:31  Running with dbt=1.10.11
[2025-09-21T23:25:31.878+0000] {subprocess.py:106} INFO - [0m23:25:31  Registered adapter: postgres=1.9.1
[2025-09-21T23:25:32.067+0000] {subprocess.py:106} INFO - [0m23:25:32  Unable to do partial parsing because saved manifest not found. Starting full parse.
[2025-09-21T23:25:38.249+0000] {subprocess.py:106} INFO - [0m23:25:38  Found 15 models, 1 snapshot, 2 seeds, 553 macros
[2025-09-21T23:25:38.254+0000] {subprocess.py:106} INFO - [0m23:25:38
[2025-09-21T23:25:38.255+0000] {subprocess.py:106} INFO - [0m23:25:38  Concurrency: 1 threads (target='dev')
[2025-09-21T23:25:38.256+0000] {subprocess.py:106} INFO - [0m23:25:38
[2025-09-21T23:25:38.932+0000] {subprocess.py:106} INFO - [0m23:25:38  1 of 2 START seed file dwh_seeds.de_leads ...................................... [RUN]
[2025-09-21T23:32:28.885+0000] {subprocess.py:106} INFO - [0m23:32:28  1 of 2 OK loaded seed file dwh_seeds.de_leads .................................. [[32mINSERT 55924[0m in 409.95s]
[2025-09-21T23:32:28.890+0000] {subprocess.py:106} INFO - [0m23:32:28  2 of 2 START seed file dwh_seeds.de_sales ...................................... [RUN]
[2025-09-21T23:32:32.150+0000] {subprocess.py:106} INFO - [0m23:32:32  2 of 2 OK loaded seed file dwh_seeds.de_sales .................................. [[32mINSERT 1567[0m in 3.26s]
[2025-09-21T23:32:32.219+0000] {subprocess.py:106} INFO - [0m23:32:32
[2025-09-21T23:32:32.220+0000] {subprocess.py:106} INFO - [0m23:32:32  Finished running 2 seeds in 0 hours 6 minutes and 53.96 seconds (413.96s).
[2025-09-21T23:32:32.345+0000] {subprocess.py:106} INFO - [0m23:32:32
[2025-09-21T23:32:32.347+0000] {subprocess.py:106} INFO - [0m23:32:32  [32mCompleted successfully[0m
[2025-09-21T23:32:32.349+0000] {subprocess.py:106} INFO - [0m23:32:32
[2025-09-21T23:32:32.351+0000] {subprocess.py:106} INFO - [0m23:32:32  Done. PASS=2 WARN=0 ERROR=0 SKIP=0 NO-OP=0 TOTAL=2
[2025-09-21T23:32:33.589+0000] {subprocess.py:110} INFO - Command exited with return code 0
[2025-09-21T23:32:33.706+0000] {taskinstance.py:341} INFO - ::group::Post task execution logs
[2025-09-21T23:32:33.708+0000] {taskinstance.py:353} INFO - Marking task as SUCCESS. dag_id=nawy_real_estate_pipeline, task_id=ingesting_data_from_sheets, run_id=manual__2025-09-21T14:23:51.132040+00:00, execution_date=20250921T142351, start_date=20250921T232527, end_date=20250921T233233
[2025-09-21T23:32:33.830+0000] {logging_mixin.py:190} INFO - Task instance in success state
[2025-09-21T23:32:33.830+0000] {logging_mixin.py:190} INFO -  Previous state of the Task instance: running
[2025-09-21T23:32:33.831+0000] {logging_mixin.py:190} INFO - Dag name:nawy_real_estate_pipeline queued_at:2025-09-21 23:24:57.150382+00:00
[2025-09-21T23:32:33.832+0000] {logging_mixin.py:190} INFO - Task hostname:b65782a7021d operator:BashOperator
[2025-09-21T23:32:33.860+0000] {local_task_job_runner.py:266} INFO - Task exited with return code 0
[2025-09-21T23:32:33.905+0000] {taskinstance.py:3901} INFO - 1 downstream tasks scheduled from follow-on schedule check
[2025-09-21T23:32:33.934+0000] {local_task_job_runner.py:245} INFO - ::endgroup::
