[2025-09-22T00:03:29.609+0000] {local_task_job_runner.py:123} INFO - ::group::Pre task execution logs
[2025-09-22T00:03:29.626+0000] {taskinstance.py:2614} INFO - Dependencies all met for dep_context=non-requeueable deps ti=<TaskInstance: nawy_real_estate_pipeline.loading_data_into_staging_layer scheduled__2025-09-21T00:00:00+00:00 [queued]>
[2025-09-22T00:03:29.634+0000] {taskinstance.py:2614} INFO - Dependencies all met for dep_context=requeueable deps ti=<TaskInstance: nawy_real_estate_pipeline.loading_data_into_staging_layer scheduled__2025-09-21T00:00:00+00:00 [queued]>
[2025-09-22T00:03:29.634+0000] {taskinstance.py:2867} INFO - Starting attempt 1 of 1
[2025-09-22T00:03:29.669+0000] {taskinstance.py:2890} INFO - Executing <Task(BashOperator): loading_data_into_staging_layer> on 2025-09-21 00:00:00+00:00
[2025-09-22T00:03:29.674+0000] {warnings.py:112} WARNING - /home/***/.local/lib/python3.12/site-packages/***/task/task_runner/standard_task_runner.py:70: DeprecationWarning: This process (pid=1489) is multi-threaded, use of fork() may lead to deadlocks in the child.
  pid = os.fork()

[2025-09-22T00:03:29.676+0000] {standard_task_runner.py:72} INFO - Started process 1491 to run task
[2025-09-22T00:03:29.676+0000] {standard_task_runner.py:104} INFO - Running: ['***', 'tasks', 'run', 'nawy_real_estate_pipeline', 'loading_data_into_staging_layer', 'scheduled__2025-09-21T00:00:00+00:00', '--job-id', '425', '--raw', '--subdir', 'DAGS_FOLDER/nawy_dag.py', '--cfg-path', '/tmp/tmpmw6lx27e']
[2025-09-22T00:03:29.677+0000] {standard_task_runner.py:105} INFO - Job 425: Subtask loading_data_into_staging_layer
[2025-09-22T00:03:29.892+0000] {task_command.py:467} INFO - Running <TaskInstance: nawy_real_estate_pipeline.loading_data_into_staging_layer scheduled__2025-09-21T00:00:00+00:00 [running]> on host b65782a7021d
[2025-09-22T00:03:30.569+0000] {taskinstance.py:3134} INFO - Exporting env vars: AIRFLOW_CTX_DAG_OWNER='***' AIRFLOW_CTX_DAG_ID='nawy_real_estate_pipeline' AIRFLOW_CTX_TASK_ID='loading_data_into_staging_layer' AIRFLOW_CTX_EXECUTION_DATE='2025-09-21T00:00:00+00:00' AIRFLOW_CTX_TRY_NUMBER='1' AIRFLOW_CTX_DAG_RUN_ID='scheduled__2025-09-21T00:00:00+00:00'
[2025-09-22T00:03:30.571+0000] {logging_mixin.py:190} INFO - Task instance is in running state
[2025-09-22T00:03:30.572+0000] {logging_mixin.py:190} INFO -  Previous state of the Task instance: queued
[2025-09-22T00:03:30.574+0000] {logging_mixin.py:190} INFO - Current task name:loading_data_into_staging_layer state:running start_date:2025-09-22 00:03:29.627071+00:00
[2025-09-22T00:03:30.575+0000] {logging_mixin.py:190} INFO - Dag name:nawy_real_estate_pipeline and current dag run status:running
[2025-09-22T00:03:30.576+0000] {taskinstance.py:732} INFO - ::endgroup::
[2025-09-22T00:03:30.578+0000] {subprocess.py:78} INFO - Tmp dir root location: /tmp
[2025-09-22T00:03:30.580+0000] {subprocess.py:88} INFO - Running command: ['/usr/bin/bash', '-c', ' cd /opt/***/dags/../include/nawy_dbt_project && dbt run -m models/bronze  ']
[2025-09-22T00:03:30.595+0000] {subprocess.py:99} INFO - Output:
[2025-09-22T00:03:33.101+0000] {subprocess.py:106} INFO - [0m00:03:33  Running with dbt=1.10.11
[2025-09-22T00:03:33.103+0000] {subprocess.py:106} INFO - [0m00:03:33  [[33mWARNING[0m]: Deprecated functionality
[2025-09-22T00:03:33.104+0000] {subprocess.py:106} INFO - Usage of `--models`, `--model`, and `-m` is deprecated in favor of `--select` or
[2025-09-22T00:03:33.104+0000] {subprocess.py:106} INFO - `-s`.
[2025-09-22T00:03:33.463+0000] {subprocess.py:106} INFO - [0m00:03:33  Registered adapter: postgres=1.9.1
[2025-09-22T00:03:35.467+0000] {subprocess.py:106} INFO - [0m00:03:35  Found 15 models, 1 snapshot, 2 seeds, 553 macros
[2025-09-22T00:03:35.476+0000] {subprocess.py:106} INFO - [0m00:03:35
[2025-09-22T00:03:35.477+0000] {subprocess.py:106} INFO - [0m00:03:35  Concurrency: 5 threads (target='dev')
[2025-09-22T00:03:35.478+0000] {subprocess.py:106} INFO - [0m00:03:35
[2025-09-22T00:03:35.859+0000] {subprocess.py:106} INFO - [0m00:03:35  1 of 2 START sql table model dwh.leads_stg ..................................... [RUN]
[2025-09-22T00:03:35.860+0000] {subprocess.py:106} INFO - [0m00:03:35  2 of 2 START sql table model dwh.sales_stg ..................................... [RUN]
[2025-09-22T00:03:36.196+0000] {subprocess.py:106} INFO - [0m00:03:36  2 of 2 OK created sql table model dwh.sales_stg ................................ [[32mSELECT 1567[0m in 0.33s]
[2025-09-22T00:03:36.326+0000] {subprocess.py:106} INFO - [0m00:03:36  1 of 2 OK created sql table model dwh.leads_stg ................................ [[32mSELECT 55924[0m in 0.46s]
[2025-09-22T00:03:36.389+0000] {subprocess.py:106} INFO - [0m00:03:36
[2025-09-22T00:03:36.390+0000] {subprocess.py:106} INFO - [0m00:03:36  Finished running 2 table models in 0 hours 0 minutes and 0.91 seconds (0.91s).
[2025-09-22T00:03:36.481+0000] {subprocess.py:106} INFO - [0m00:03:36
[2025-09-22T00:03:36.482+0000] {subprocess.py:106} INFO - [0m00:03:36  [32mCompleted successfully[0m
[2025-09-22T00:03:36.483+0000] {subprocess.py:106} INFO - [0m00:03:36
[2025-09-22T00:03:36.484+0000] {subprocess.py:106} INFO - [0m00:03:36  Done. PASS=2 WARN=0 ERROR=0 SKIP=0 NO-OP=0 TOTAL=2
[2025-09-22T00:03:36.485+0000] {subprocess.py:106} INFO - [0m00:03:36  [[33mWARNING[0m][DeprecationsSummary]: Deprecated functionality
[2025-09-22T00:03:36.485+0000] {subprocess.py:106} INFO - Summary of encountered deprecations:
[2025-09-22T00:03:36.486+0000] {subprocess.py:106} INFO - - ModelParamUsageDeprecation: 1 occurrence
[2025-09-22T00:03:36.486+0000] {subprocess.py:106} INFO - To see all deprecation instances instead of just the first occurrence of each,
[2025-09-22T00:03:36.486+0000] {subprocess.py:106} INFO - run command again with the `--show-all-deprecations` flag. You may also need to
[2025-09-22T00:03:36.487+0000] {subprocess.py:106} INFO - run with `--no-partial-parse` as some deprecations are only encountered during
[2025-09-22T00:03:36.487+0000] {subprocess.py:106} INFO - parsing.
[2025-09-22T00:03:40.447+0000] {subprocess.py:110} INFO - Command exited with return code 0
[2025-09-22T00:03:40.504+0000] {taskinstance.py:341} INFO - ::group::Post task execution logs
[2025-09-22T00:03:40.505+0000] {taskinstance.py:353} INFO - Marking task as SUCCESS. dag_id=nawy_real_estate_pipeline, task_id=loading_data_into_staging_layer, run_id=scheduled__2025-09-21T00:00:00+00:00, execution_date=20250921T000000, start_date=20250922T000329, end_date=20250922T000340
[2025-09-22T00:03:40.608+0000] {logging_mixin.py:190} INFO - Task instance in success state
[2025-09-22T00:03:40.609+0000] {logging_mixin.py:190} INFO -  Previous state of the Task instance: running
[2025-09-22T00:03:40.610+0000] {logging_mixin.py:190} INFO - Dag name:nawy_real_estate_pipeline queued_at:2025-09-22 00:00:00.042341+00:00
[2025-09-22T00:03:40.610+0000] {logging_mixin.py:190} INFO - Task hostname:b65782a7021d operator:BashOperator
[2025-09-22T00:03:40.647+0000] {local_task_job_runner.py:266} INFO - Task exited with return code 0
[2025-09-22T00:03:40.673+0000] {taskinstance.py:3901} INFO - 1 downstream tasks scheduled from follow-on schedule check
[2025-09-22T00:03:40.718+0000] {local_task_job_runner.py:245} INFO - ::endgroup::
