[2025-09-21T14:00:14.540+0000] {local_task_job_runner.py:123} INFO - ::group::Pre task execution logs
[2025-09-21T14:00:14.564+0000] {taskinstance.py:2614} INFO - Dependencies all met for dep_context=non-requeueable deps ti=<TaskInstance: nawy_real_estate_pipeline.build_scd2_table manual__2025-09-21T13:56:02.427086+00:00 [queued]>
[2025-09-21T14:00:14.574+0000] {taskinstance.py:2614} INFO - Dependencies all met for dep_context=requeueable deps ti=<TaskInstance: nawy_real_estate_pipeline.build_scd2_table manual__2025-09-21T13:56:02.427086+00:00 [queued]>
[2025-09-21T14:00:14.575+0000] {taskinstance.py:2867} INFO - Starting attempt 1 of 1
[2025-09-21T14:00:14.614+0000] {taskinstance.py:2890} INFO - Executing <Task(BashOperator): build_scd2_table> on 2025-09-21 13:56:02.427086+00:00
[2025-09-21T14:00:14.623+0000] {warnings.py:112} WARNING - /home/***/.local/lib/python3.12/site-packages/***/task/task_runner/standard_task_runner.py:70: DeprecationWarning: This process (pid=612) is multi-threaded, use of fork() may lead to deadlocks in the child.
  pid = os.fork()

[2025-09-21T14:00:14.626+0000] {standard_task_runner.py:72} INFO - Started process 614 to run task
[2025-09-21T14:00:14.626+0000] {standard_task_runner.py:104} INFO - Running: ['***', 'tasks', 'run', 'nawy_real_estate_pipeline', 'build_scd2_table', 'manual__2025-09-21T13:56:02.427086+00:00', '--job-id', '318', '--raw', '--subdir', 'DAGS_FOLDER/nawy_dag.py', '--cfg-path', '/tmp/tmpe8j36z86']
[2025-09-21T14:00:14.628+0000] {standard_task_runner.py:105} INFO - Job 318: Subtask build_scd2_table
[2025-09-21T14:00:14.711+0000] {task_command.py:467} INFO - Running <TaskInstance: nawy_real_estate_pipeline.build_scd2_table manual__2025-09-21T13:56:02.427086+00:00 [running]> on host b65782a7021d
[2025-09-21T14:00:15.173+0000] {taskinstance.py:3134} INFO - Exporting env vars: AIRFLOW_CTX_DAG_OWNER='***' AIRFLOW_CTX_DAG_ID='nawy_real_estate_pipeline' AIRFLOW_CTX_TASK_ID='build_scd2_table' AIRFLOW_CTX_EXECUTION_DATE='2025-09-21T13:56:02.427086+00:00' AIRFLOW_CTX_TRY_NUMBER='1' AIRFLOW_CTX_DAG_RUN_ID='manual__2025-09-21T13:56:02.427086+00:00'
[2025-09-21T14:00:15.175+0000] {logging_mixin.py:190} INFO - Task instance is in running state
[2025-09-21T14:00:15.176+0000] {logging_mixin.py:190} INFO -  Previous state of the Task instance: queued
[2025-09-21T14:00:15.177+0000] {logging_mixin.py:190} INFO - Current task name:build_scd2_table state:running start_date:2025-09-21 14:00:14.565037+00:00
[2025-09-21T14:00:15.178+0000] {logging_mixin.py:190} INFO - Dag name:nawy_real_estate_pipeline and current dag run status:running
[2025-09-21T14:00:15.178+0000] {taskinstance.py:732} INFO - ::endgroup::
[2025-09-21T14:00:15.180+0000] {subprocess.py:78} INFO - Tmp dir root location: /tmp
[2025-09-21T14:00:15.209+0000] {subprocess.py:88} INFO - Running command: ['/usr/bin/bash', '-c', ' cd /opt/***/dags/../include/nawy_dbt_project && dbt snapshot ']
[2025-09-21T14:00:15.223+0000] {subprocess.py:99} INFO - Output:
[2025-09-21T14:00:18.487+0000] {subprocess.py:106} INFO - [0m14:00:18  Running with dbt=1.10.11
[2025-09-21T14:00:19.013+0000] {subprocess.py:106} INFO - [0m14:00:19  Registered adapter: postgres=1.9.1
[2025-09-21T14:00:21.943+0000] {subprocess.py:106} INFO - [0m14:00:21  Found 15 models, 1 snapshot, 2 seeds, 553 macros
[2025-09-21T14:00:21.948+0000] {subprocess.py:106} INFO - [0m14:00:21
[2025-09-21T14:00:21.949+0000] {subprocess.py:106} INFO - [0m14:00:21  Concurrency: 1 threads (target='dev')
[2025-09-21T14:00:21.950+0000] {subprocess.py:106} INFO - [0m14:00:21
[2025-09-21T14:00:22.580+0000] {subprocess.py:106} INFO - [0m14:00:22  1 of 1 START snapshot public.leads_dim_snapshot ................................ [RUN]
[2025-09-21T14:00:23.530+0000] {subprocess.py:106} INFO - [0m14:00:23  1 of 1 OK snapshotted public.leads_dim_snapshot ................................ [[32mINSERT 0 0[0m in 0.94s]
[2025-09-21T14:00:23.625+0000] {subprocess.py:106} INFO - [0m14:00:23
[2025-09-21T14:00:23.626+0000] {subprocess.py:106} INFO - [0m14:00:23  Finished running 1 snapshot in 0 hours 0 minutes and 1.67 seconds (1.67s).
[2025-09-21T14:00:23.742+0000] {subprocess.py:106} INFO - [0m14:00:23
[2025-09-21T14:00:23.743+0000] {subprocess.py:106} INFO - [0m14:00:23  [32mCompleted successfully[0m
[2025-09-21T14:00:23.744+0000] {subprocess.py:106} INFO - [0m14:00:23
[2025-09-21T14:00:23.746+0000] {subprocess.py:106} INFO - [0m14:00:23  Done. PASS=1 WARN=0 ERROR=0 SKIP=0 NO-OP=0 TOTAL=1
[2025-09-21T14:00:24.979+0000] {subprocess.py:110} INFO - Command exited with return code 0
[2025-09-21T14:00:25.036+0000] {taskinstance.py:341} INFO - ::group::Post task execution logs
[2025-09-21T14:00:25.037+0000] {taskinstance.py:353} INFO - Marking task as SUCCESS. dag_id=nawy_real_estate_pipeline, task_id=build_scd2_table, run_id=manual__2025-09-21T13:56:02.427086+00:00, execution_date=20250921T135602, start_date=20250921T140014, end_date=20250921T140025
[2025-09-21T14:00:25.116+0000] {logging_mixin.py:190} INFO - Task instance in success state
[2025-09-21T14:00:25.117+0000] {logging_mixin.py:190} INFO -  Previous state of the Task instance: running
[2025-09-21T14:00:25.118+0000] {logging_mixin.py:190} INFO - Dag name:nawy_real_estate_pipeline queued_at:2025-09-21 13:56:02.453367+00:00
[2025-09-21T14:00:25.118+0000] {logging_mixin.py:190} INFO - Task hostname:b65782a7021d operator:BashOperator
[2025-09-21T14:00:25.143+0000] {local_task_job_runner.py:266} INFO - Task exited with return code 0
[2025-09-21T14:00:25.175+0000] {taskinstance.py:3901} INFO - 1 downstream tasks scheduled from follow-on schedule check
[2025-09-21T14:00:25.203+0000] {local_task_job_runner.py:245} INFO - ::endgroup::
