[2025-09-21T23:17:44.722+0000] {local_task_job_runner.py:123} INFO - ::group::Pre task execution logs
[2025-09-21T23:17:44.753+0000] {taskinstance.py:2614} INFO - Dependencies all met for dep_context=non-requeueable deps ti=<TaskInstance: nawy_real_estate_pipeline.installing_required_dependencies manual__2025-09-19T23:35:43.137554+00:00 [queued]>
[2025-09-21T23:17:44.777+0000] {taskinstance.py:2614} INFO - Dependencies all met for dep_context=requeueable deps ti=<TaskInstance: nawy_real_estate_pipeline.installing_required_dependencies manual__2025-09-19T23:35:43.137554+00:00 [queued]>
[2025-09-21T23:17:44.779+0000] {taskinstance.py:2867} INFO - Starting attempt 2 of 2
[2025-09-21T23:17:44.938+0000] {taskinstance.py:2890} INFO - Executing <Task(BashOperator): installing_required_dependencies> on 2025-09-19 23:35:43.137554+00:00
[2025-09-21T23:17:44.958+0000] {standard_task_runner.py:104} INFO - Running: ['***', 'tasks', 'run', 'nawy_real_estate_pipeline', 'installing_required_dependencies', 'manual__2025-09-19T23:35:43.137554+00:00', '--job-id', '348', '--raw', '--subdir', 'DAGS_FOLDER/nawy_dag.py', '--cfg-path', '/tmp/tmpap5nzngf']
[2025-09-21T23:17:44.960+0000] {standard_task_runner.py:105} INFO - Job 348: Subtask installing_required_dependencies
[2025-09-21T23:17:44.962+0000] {warnings.py:112} WARNING - /home/***/.local/lib/python3.12/site-packages/***/task/task_runner/standard_task_runner.py:70: DeprecationWarning: This process (pid=109) is multi-threaded, use of fork() may lead to deadlocks in the child.
  pid = os.fork()

[2025-09-21T23:17:44.966+0000] {standard_task_runner.py:72} INFO - Started process 138 to run task
[2025-09-21T23:17:45.163+0000] {task_command.py:467} INFO - Running <TaskInstance: nawy_real_estate_pipeline.installing_required_dependencies manual__2025-09-19T23:35:43.137554+00:00 [running]> on host b65782a7021d
[2025-09-21T23:17:46.559+0000] {taskinstance.py:3134} INFO - Exporting env vars: AIRFLOW_CTX_DAG_OWNER='***' AIRFLOW_CTX_DAG_ID='nawy_real_estate_pipeline' AIRFLOW_CTX_TASK_ID='installing_required_dependencies' AIRFLOW_CTX_EXECUTION_DATE='2025-09-19T23:35:43.137554+00:00' AIRFLOW_CTX_TRY_NUMBER='2' AIRFLOW_CTX_DAG_RUN_ID='manual__2025-09-19T23:35:43.137554+00:00'
[2025-09-21T23:17:46.562+0000] {logging_mixin.py:190} INFO - Task instance is in running state
[2025-09-21T23:17:46.563+0000] {logging_mixin.py:190} INFO -  Previous state of the Task instance: queued
[2025-09-21T23:17:46.564+0000] {logging_mixin.py:190} INFO - Current task name:installing_required_dependencies state:running start_date:2025-09-21 23:17:44.754151+00:00
[2025-09-21T23:17:46.564+0000] {logging_mixin.py:190} INFO - Dag name:nawy_real_estate_pipeline and current dag run status:running
[2025-09-21T23:17:46.565+0000] {taskinstance.py:732} INFO - ::endgroup::
[2025-09-21T23:17:46.566+0000] {subprocess.py:78} INFO - Tmp dir root location: /tmp
[2025-09-21T23:17:46.567+0000] {subprocess.py:88} INFO - Running command: ['/usr/bin/bash', '-c', ' cd /opt/***/dags/../include/nawy_dbt_project && dbt clean &&  dbt deps --no-version-check ']
[2025-09-21T23:17:46.587+0000] {subprocess.py:99} INFO - Output:
[2025-09-21T23:19:09.712+0000] {subprocess.py:106} INFO - [0m23:19:09  Running with dbt=1.10.11
[2025-09-21T23:19:46.374+0000] {subprocess.py:106} INFO - [0m23:19:46  Checking /opt/***/include/nawy_dbt_project/dbt_packages/*
[2025-09-21T23:19:49.120+0000] {subprocess.py:106} INFO - [0m23:19:49  Cleaned /opt/***/include/nawy_dbt_project/dbt_packages/*
[2025-09-21T23:19:49.122+0000] {subprocess.py:106} INFO - [0m23:19:49  Checking /opt/***/include/nawy_dbt_project/target/*
[2025-09-21T23:19:49.128+0000] {subprocess.py:106} INFO - [0m23:19:49  Cleaned /opt/***/include/nawy_dbt_project/target/*
[2025-09-21T23:19:49.129+0000] {subprocess.py:106} INFO - [0m23:19:49  Finished cleaning all paths.
[2025-09-21T23:20:49.525+0000] {subprocess.py:106} INFO - [0m23:20:49  Running with dbt=1.10.11
[2025-09-21T23:20:54.617+0000] {subprocess.py:106} INFO - [0m23:20:54  Installing dbt-labs/dbt_utils
[2025-09-21T23:21:05.703+0000] {subprocess.py:106} INFO - [0m23:21:05  Installed from version 1.3.0
[2025-09-21T23:21:05.705+0000] {subprocess.py:106} INFO - [0m23:21:05  Updated version available: 1.3.1
[2025-09-21T23:21:05.708+0000] {subprocess.py:106} INFO - [0m23:21:05
[2025-09-21T23:21:05.713+0000] {subprocess.py:106} INFO - [0m23:21:05  Updates available for packages: ['dbt-labs/dbt_utils']
[2025-09-21T23:21:05.715+0000] {subprocess.py:106} INFO - Update your versions in packages.yml, then run dbt deps
[2025-09-21T23:21:06.892+0000] {subprocess.py:110} INFO - Command exited with return code 0
[2025-09-21T23:21:07.564+0000] {taskinstance.py:341} INFO - ::group::Post task execution logs
[2025-09-21T23:21:07.565+0000] {taskinstance.py:353} INFO - Marking task as SUCCESS. dag_id=nawy_real_estate_pipeline, task_id=installing_required_dependencies, run_id=manual__2025-09-19T23:35:43.137554+00:00, execution_date=20250919T233543, start_date=20250921T231744, end_date=20250921T232107
[2025-09-21T23:21:07.880+0000] {logging_mixin.py:190} INFO - Task instance in success state
[2025-09-21T23:21:07.880+0000] {logging_mixin.py:190} INFO -  Previous state of the Task instance: running
[2025-09-21T23:21:07.881+0000] {logging_mixin.py:190} INFO - Dag name:nawy_real_estate_pipeline queued_at:2025-09-21 23:03:47.690344+00:00
[2025-09-21T23:21:07.882+0000] {logging_mixin.py:190} INFO - Task hostname:b65782a7021d operator:BashOperator
[2025-09-21T23:21:07.910+0000] {local_task_job_runner.py:266} INFO - Task exited with return code 0
[2025-09-21T23:21:07.964+0000] {taskinstance.py:3901} INFO - 1 downstream tasks scheduled from follow-on schedule check
[2025-09-21T23:21:08.046+0000] {local_task_job_runner.py:245} INFO - ::endgroup::
