[2025-09-22T00:00:25.704+0000] {processor.py:186} INFO - Started process (PID=5288) to work on /opt/airflow/dags/nawy_dag.py
[2025-09-22T00:00:25.704+0000] {processor.py:914} INFO - Processing file /opt/airflow/dags/nawy_dag.py for tasks to queue
[2025-09-22T00:00:25.706+0000] {logging_mixin.py:190} INFO - [2025-09-22T00:00:25.706+0000] {dagbag.py:588} INFO - Filling up the DagBag from /opt/airflow/dags/nawy_dag.py
[2025-09-22T00:00:25.730+0000] {processor.py:925} INFO - DAG(s) 'nawy_real_estate_pipeline' retrieved from /opt/airflow/dags/nawy_dag.py
[2025-09-22T00:00:25.753+0000] {logging_mixin.py:190} INFO - [2025-09-22T00:00:25.752+0000] {dag.py:3239} INFO - Sync 1 DAGs
[2025-09-22T00:00:25.778+0000] {logging_mixin.py:190} INFO - [2025-09-22T00:00:25.777+0000] {dag.py:4180} INFO - Setting next_dagrun for nawy_real_estate_pipeline to 2025-09-22 00:00:00+00:00, run_after=2025-09-23 00:00:00+00:00
[2025-09-22T00:00:25.844+0000] {processor.py:208} INFO - Processing /opt/airflow/dags/nawy_dag.py took 0.146 seconds
[2025-09-22T00:00:58.004+0000] {processor.py:186} INFO - Started process (PID=5352) to work on /opt/airflow/dags/nawy_dag.py
[2025-09-22T00:00:58.005+0000] {processor.py:914} INFO - Processing file /opt/airflow/dags/nawy_dag.py for tasks to queue
[2025-09-22T00:00:58.008+0000] {logging_mixin.py:190} INFO - [2025-09-22T00:00:58.008+0000] {dagbag.py:588} INFO - Filling up the DagBag from /opt/airflow/dags/nawy_dag.py
[2025-09-22T00:00:58.036+0000] {processor.py:925} INFO - DAG(s) 'nawy_real_estate_pipeline' retrieved from /opt/airflow/dags/nawy_dag.py
[2025-09-22T00:00:58.067+0000] {logging_mixin.py:190} INFO - [2025-09-22T00:00:58.066+0000] {dag.py:3239} INFO - Sync 1 DAGs
[2025-09-22T00:00:58.095+0000] {logging_mixin.py:190} INFO - [2025-09-22T00:00:58.095+0000] {dag.py:4180} INFO - Setting next_dagrun for nawy_real_estate_pipeline to 2025-09-22 00:00:00+00:00, run_after=2025-09-23 00:00:00+00:00
[2025-09-22T00:00:58.155+0000] {processor.py:208} INFO - Processing /opt/airflow/dags/nawy_dag.py took 0.157 seconds
[2025-09-22T00:01:29.859+0000] {processor.py:186} INFO - Started process (PID=5416) to work on /opt/airflow/dags/nawy_dag.py
[2025-09-22T00:01:29.860+0000] {processor.py:914} INFO - Processing file /opt/airflow/dags/nawy_dag.py for tasks to queue
[2025-09-22T00:01:29.863+0000] {logging_mixin.py:190} INFO - [2025-09-22T00:01:29.863+0000] {dagbag.py:588} INFO - Filling up the DagBag from /opt/airflow/dags/nawy_dag.py
[2025-09-22T00:01:29.893+0000] {processor.py:925} INFO - DAG(s) 'nawy_real_estate_pipeline' retrieved from /opt/airflow/dags/nawy_dag.py
[2025-09-22T00:01:29.923+0000] {logging_mixin.py:190} INFO - [2025-09-22T00:01:29.922+0000] {dag.py:3239} INFO - Sync 1 DAGs
[2025-09-22T00:01:29.950+0000] {logging_mixin.py:190} INFO - [2025-09-22T00:01:29.950+0000] {dag.py:4180} INFO - Setting next_dagrun for nawy_real_estate_pipeline to 2025-09-22 00:00:00+00:00, run_after=2025-09-23 00:00:00+00:00
[2025-09-22T00:01:30.000+0000] {processor.py:208} INFO - Processing /opt/airflow/dags/nawy_dag.py took 0.147 seconds
[2025-09-22T00:02:02.097+0000] {processor.py:186} INFO - Started process (PID=5480) to work on /opt/airflow/dags/nawy_dag.py
[2025-09-22T00:02:02.098+0000] {processor.py:914} INFO - Processing file /opt/airflow/dags/nawy_dag.py for tasks to queue
[2025-09-22T00:02:02.100+0000] {logging_mixin.py:190} INFO - [2025-09-22T00:02:02.100+0000] {dagbag.py:588} INFO - Filling up the DagBag from /opt/airflow/dags/nawy_dag.py
[2025-09-22T00:02:02.127+0000] {processor.py:925} INFO - DAG(s) 'nawy_real_estate_pipeline' retrieved from /opt/airflow/dags/nawy_dag.py
[2025-09-22T00:02:02.151+0000] {logging_mixin.py:190} INFO - [2025-09-22T00:02:02.151+0000] {dag.py:3239} INFO - Sync 1 DAGs
[2025-09-22T00:02:02.178+0000] {logging_mixin.py:190} INFO - [2025-09-22T00:02:02.178+0000] {dag.py:4180} INFO - Setting next_dagrun for nawy_real_estate_pipeline to 2025-09-22 00:00:00+00:00, run_after=2025-09-23 00:00:00+00:00
[2025-09-22T00:02:02.228+0000] {processor.py:208} INFO - Processing /opt/airflow/dags/nawy_dag.py took 0.137 seconds
[2025-09-22T00:02:34.372+0000] {processor.py:186} INFO - Started process (PID=5544) to work on /opt/airflow/dags/nawy_dag.py
[2025-09-22T00:02:34.374+0000] {processor.py:914} INFO - Processing file /opt/airflow/dags/nawy_dag.py for tasks to queue
[2025-09-22T00:02:34.376+0000] {logging_mixin.py:190} INFO - [2025-09-22T00:02:34.376+0000] {dagbag.py:588} INFO - Filling up the DagBag from /opt/airflow/dags/nawy_dag.py
[2025-09-22T00:02:34.406+0000] {processor.py:925} INFO - DAG(s) 'nawy_real_estate_pipeline' retrieved from /opt/airflow/dags/nawy_dag.py
[2025-09-22T00:02:34.434+0000] {logging_mixin.py:190} INFO - [2025-09-22T00:02:34.434+0000] {dag.py:3239} INFO - Sync 1 DAGs
[2025-09-22T00:02:34.465+0000] {logging_mixin.py:190} INFO - [2025-09-22T00:02:34.465+0000] {dag.py:4180} INFO - Setting next_dagrun for nawy_real_estate_pipeline to 2025-09-22 00:00:00+00:00, run_after=2025-09-23 00:00:00+00:00
[2025-09-22T00:02:34.530+0000] {processor.py:208} INFO - Processing /opt/airflow/dags/nawy_dag.py took 0.165 seconds
[2025-09-22T00:03:07.447+0000] {processor.py:186} INFO - Started process (PID=5608) to work on /opt/airflow/dags/nawy_dag.py
[2025-09-22T00:03:07.448+0000] {processor.py:914} INFO - Processing file /opt/airflow/dags/nawy_dag.py for tasks to queue
[2025-09-22T00:03:07.451+0000] {logging_mixin.py:190} INFO - [2025-09-22T00:03:07.450+0000] {dagbag.py:588} INFO - Filling up the DagBag from /opt/airflow/dags/nawy_dag.py
[2025-09-22T00:03:07.477+0000] {processor.py:925} INFO - DAG(s) 'nawy_real_estate_pipeline' retrieved from /opt/airflow/dags/nawy_dag.py
[2025-09-22T00:03:07.504+0000] {logging_mixin.py:190} INFO - [2025-09-22T00:03:07.503+0000] {dag.py:3239} INFO - Sync 1 DAGs
[2025-09-22T00:03:07.531+0000] {logging_mixin.py:190} INFO - [2025-09-22T00:03:07.530+0000] {dag.py:4180} INFO - Setting next_dagrun for nawy_real_estate_pipeline to 2025-09-22 00:00:00+00:00, run_after=2025-09-23 00:00:00+00:00
[2025-09-22T00:03:07.574+0000] {processor.py:208} INFO - Processing /opt/airflow/dags/nawy_dag.py took 0.135 seconds
[2025-09-22T00:03:39.726+0000] {processor.py:186} INFO - Started process (PID=5672) to work on /opt/airflow/dags/nawy_dag.py
[2025-09-22T00:03:39.727+0000] {processor.py:914} INFO - Processing file /opt/airflow/dags/nawy_dag.py for tasks to queue
[2025-09-22T00:03:39.728+0000] {logging_mixin.py:190} INFO - [2025-09-22T00:03:39.728+0000] {dagbag.py:588} INFO - Filling up the DagBag from /opt/airflow/dags/nawy_dag.py
[2025-09-22T00:03:39.750+0000] {processor.py:925} INFO - DAG(s) 'nawy_real_estate_pipeline' retrieved from /opt/airflow/dags/nawy_dag.py
[2025-09-22T00:03:39.770+0000] {logging_mixin.py:190} INFO - [2025-09-22T00:03:39.769+0000] {dag.py:3239} INFO - Sync 1 DAGs
[2025-09-22T00:03:39.790+0000] {logging_mixin.py:190} INFO - [2025-09-22T00:03:39.789+0000] {dag.py:4180} INFO - Setting next_dagrun for nawy_real_estate_pipeline to 2025-09-22 00:00:00+00:00, run_after=2025-09-23 00:00:00+00:00
[2025-09-22T00:03:39.839+0000] {processor.py:208} INFO - Processing /opt/airflow/dags/nawy_dag.py took 0.117 seconds
[2025-09-22T00:04:12.418+0000] {processor.py:186} INFO - Started process (PID=5736) to work on /opt/airflow/dags/nawy_dag.py
[2025-09-22T00:04:12.419+0000] {processor.py:914} INFO - Processing file /opt/airflow/dags/nawy_dag.py for tasks to queue
[2025-09-22T00:04:12.421+0000] {logging_mixin.py:190} INFO - [2025-09-22T00:04:12.421+0000] {dagbag.py:588} INFO - Filling up the DagBag from /opt/airflow/dags/nawy_dag.py
[2025-09-22T00:04:12.448+0000] {processor.py:925} INFO - DAG(s) 'nawy_real_estate_pipeline' retrieved from /opt/airflow/dags/nawy_dag.py
[2025-09-22T00:04:12.469+0000] {logging_mixin.py:190} INFO - [2025-09-22T00:04:12.469+0000] {dag.py:3239} INFO - Sync 1 DAGs
[2025-09-22T00:04:12.495+0000] {logging_mixin.py:190} INFO - [2025-09-22T00:04:12.495+0000] {dag.py:4180} INFO - Setting next_dagrun for nawy_real_estate_pipeline to 2025-09-22 00:00:00+00:00, run_after=2025-09-23 00:00:00+00:00
[2025-09-22T00:04:12.546+0000] {processor.py:208} INFO - Processing /opt/airflow/dags/nawy_dag.py took 0.134 seconds
[2025-09-22T00:04:45.485+0000] {processor.py:186} INFO - Started process (PID=5800) to work on /opt/airflow/dags/nawy_dag.py
[2025-09-22T00:04:45.486+0000] {processor.py:914} INFO - Processing file /opt/airflow/dags/nawy_dag.py for tasks to queue
[2025-09-22T00:04:45.488+0000] {logging_mixin.py:190} INFO - [2025-09-22T00:04:45.488+0000] {dagbag.py:588} INFO - Filling up the DagBag from /opt/airflow/dags/nawy_dag.py
[2025-09-22T00:04:45.510+0000] {processor.py:925} INFO - DAG(s) 'nawy_real_estate_pipeline' retrieved from /opt/airflow/dags/nawy_dag.py
[2025-09-22T00:04:45.530+0000] {logging_mixin.py:190} INFO - [2025-09-22T00:04:45.529+0000] {dag.py:3239} INFO - Sync 1 DAGs
[2025-09-22T00:04:45.550+0000] {logging_mixin.py:190} INFO - [2025-09-22T00:04:45.550+0000] {dag.py:4180} INFO - Setting next_dagrun for nawy_real_estate_pipeline to 2025-09-22 00:00:00+00:00, run_after=2025-09-23 00:00:00+00:00
[2025-09-22T00:04:45.608+0000] {processor.py:208} INFO - Processing /opt/airflow/dags/nawy_dag.py took 0.128 seconds
[2025-09-22T00:05:17.738+0000] {processor.py:186} INFO - Started process (PID=5864) to work on /opt/airflow/dags/nawy_dag.py
[2025-09-22T00:05:17.739+0000] {processor.py:914} INFO - Processing file /opt/airflow/dags/nawy_dag.py for tasks to queue
[2025-09-22T00:05:17.741+0000] {logging_mixin.py:190} INFO - [2025-09-22T00:05:17.740+0000] {dagbag.py:588} INFO - Filling up the DagBag from /opt/airflow/dags/nawy_dag.py
[2025-09-22T00:05:17.764+0000] {processor.py:925} INFO - DAG(s) 'nawy_real_estate_pipeline' retrieved from /opt/airflow/dags/nawy_dag.py
[2025-09-22T00:05:17.783+0000] {logging_mixin.py:190} INFO - [2025-09-22T00:05:17.783+0000] {dag.py:3239} INFO - Sync 1 DAGs
[2025-09-22T00:05:17.804+0000] {logging_mixin.py:190} INFO - [2025-09-22T00:05:17.804+0000] {dag.py:4180} INFO - Setting next_dagrun for nawy_real_estate_pipeline to 2025-09-22 00:00:00+00:00, run_after=2025-09-23 00:00:00+00:00
[2025-09-22T00:05:17.872+0000] {processor.py:208} INFO - Processing /opt/airflow/dags/nawy_dag.py took 0.139 seconds
[2025-09-22T00:05:50.311+0000] {processor.py:186} INFO - Started process (PID=5928) to work on /opt/airflow/dags/nawy_dag.py
[2025-09-22T00:05:50.312+0000] {processor.py:914} INFO - Processing file /opt/airflow/dags/nawy_dag.py for tasks to queue
[2025-09-22T00:05:50.314+0000] {logging_mixin.py:190} INFO - [2025-09-22T00:05:50.313+0000] {dagbag.py:588} INFO - Filling up the DagBag from /opt/airflow/dags/nawy_dag.py
[2025-09-22T00:05:50.334+0000] {processor.py:925} INFO - DAG(s) 'nawy_real_estate_pipeline' retrieved from /opt/airflow/dags/nawy_dag.py
[2025-09-22T00:05:50.353+0000] {logging_mixin.py:190} INFO - [2025-09-22T00:05:50.353+0000] {dag.py:3239} INFO - Sync 1 DAGs
[2025-09-22T00:05:50.375+0000] {logging_mixin.py:190} INFO - [2025-09-22T00:05:50.374+0000] {dag.py:4180} INFO - Setting next_dagrun for nawy_real_estate_pipeline to 2025-09-22 00:00:00+00:00, run_after=2025-09-23 00:00:00+00:00
[2025-09-22T00:05:50.427+0000] {processor.py:208} INFO - Processing /opt/airflow/dags/nawy_dag.py took 0.121 seconds
[2025-09-22T00:06:22.999+0000] {processor.py:186} INFO - Started process (PID=5992) to work on /opt/airflow/dags/nawy_dag.py
[2025-09-22T00:06:23.000+0000] {processor.py:914} INFO - Processing file /opt/airflow/dags/nawy_dag.py for tasks to queue
[2025-09-22T00:06:23.002+0000] {logging_mixin.py:190} INFO - [2025-09-22T00:06:23.002+0000] {dagbag.py:588} INFO - Filling up the DagBag from /opt/airflow/dags/nawy_dag.py
[2025-09-22T00:06:23.024+0000] {processor.py:925} INFO - DAG(s) 'nawy_real_estate_pipeline' retrieved from /opt/airflow/dags/nawy_dag.py
[2025-09-22T00:06:23.042+0000] {logging_mixin.py:190} INFO - [2025-09-22T00:06:23.042+0000] {dag.py:3239} INFO - Sync 1 DAGs
[2025-09-22T00:06:23.061+0000] {logging_mixin.py:190} INFO - [2025-09-22T00:06:23.061+0000] {dag.py:4180} INFO - Setting next_dagrun for nawy_real_estate_pipeline to 2025-09-22 00:00:00+00:00, run_after=2025-09-23 00:00:00+00:00
[2025-09-22T00:06:23.112+0000] {processor.py:208} INFO - Processing /opt/airflow/dags/nawy_dag.py took 0.119 seconds
[2025-09-22T00:06:55.899+0000] {processor.py:186} INFO - Started process (PID=6056) to work on /opt/airflow/dags/nawy_dag.py
[2025-09-22T00:06:55.900+0000] {processor.py:914} INFO - Processing file /opt/airflow/dags/nawy_dag.py for tasks to queue
[2025-09-22T00:06:55.902+0000] {logging_mixin.py:190} INFO - [2025-09-22T00:06:55.902+0000] {dagbag.py:588} INFO - Filling up the DagBag from /opt/airflow/dags/nawy_dag.py
[2025-09-22T00:06:55.926+0000] {processor.py:925} INFO - DAG(s) 'nawy_real_estate_pipeline' retrieved from /opt/airflow/dags/nawy_dag.py
[2025-09-22T00:06:55.946+0000] {logging_mixin.py:190} INFO - [2025-09-22T00:06:55.946+0000] {dag.py:3239} INFO - Sync 1 DAGs
[2025-09-22T00:06:55.968+0000] {logging_mixin.py:190} INFO - [2025-09-22T00:06:55.968+0000] {dag.py:4180} INFO - Setting next_dagrun for nawy_real_estate_pipeline to 2025-09-22 00:00:00+00:00, run_after=2025-09-23 00:00:00+00:00
[2025-09-22T00:06:56.018+0000] {processor.py:208} INFO - Processing /opt/airflow/dags/nawy_dag.py took 0.124 seconds
[2025-09-22T00:07:28.392+0000] {processor.py:186} INFO - Started process (PID=6121) to work on /opt/airflow/dags/nawy_dag.py
[2025-09-22T00:07:28.393+0000] {processor.py:914} INFO - Processing file /opt/airflow/dags/nawy_dag.py for tasks to queue
[2025-09-22T00:07:28.395+0000] {logging_mixin.py:190} INFO - [2025-09-22T00:07:28.395+0000] {dagbag.py:588} INFO - Filling up the DagBag from /opt/airflow/dags/nawy_dag.py
[2025-09-22T00:07:28.418+0000] {processor.py:925} INFO - DAG(s) 'nawy_real_estate_pipeline' retrieved from /opt/airflow/dags/nawy_dag.py
[2025-09-22T00:07:28.438+0000] {logging_mixin.py:190} INFO - [2025-09-22T00:07:28.438+0000] {dag.py:3239} INFO - Sync 1 DAGs
[2025-09-22T00:07:28.460+0000] {logging_mixin.py:190} INFO - [2025-09-22T00:07:28.460+0000] {dag.py:4180} INFO - Setting next_dagrun for nawy_real_estate_pipeline to 2025-09-22 00:00:00+00:00, run_after=2025-09-23 00:00:00+00:00
[2025-09-22T00:07:28.515+0000] {processor.py:208} INFO - Processing /opt/airflow/dags/nawy_dag.py took 0.128 seconds
[2025-09-22T00:08:01.516+0000] {processor.py:186} INFO - Started process (PID=6185) to work on /opt/airflow/dags/nawy_dag.py
[2025-09-22T00:08:01.517+0000] {processor.py:914} INFO - Processing file /opt/airflow/dags/nawy_dag.py for tasks to queue
[2025-09-22T00:08:01.519+0000] {logging_mixin.py:190} INFO - [2025-09-22T00:08:01.519+0000] {dagbag.py:588} INFO - Filling up the DagBag from /opt/airflow/dags/nawy_dag.py
[2025-09-22T00:08:01.541+0000] {processor.py:925} INFO - DAG(s) 'nawy_real_estate_pipeline' retrieved from /opt/airflow/dags/nawy_dag.py
[2025-09-22T00:08:01.561+0000] {logging_mixin.py:190} INFO - [2025-09-22T00:08:01.561+0000] {dag.py:3239} INFO - Sync 1 DAGs
[2025-09-22T00:08:01.583+0000] {logging_mixin.py:190} INFO - [2025-09-22T00:08:01.583+0000] {dag.py:4180} INFO - Setting next_dagrun for nawy_real_estate_pipeline to 2025-09-22 00:00:00+00:00, run_after=2025-09-23 00:00:00+00:00
[2025-09-22T00:08:02.132+0000] {processor.py:208} INFO - Processing /opt/airflow/dags/nawy_dag.py took 0.621 seconds
[2025-09-22T00:08:34.762+0000] {processor.py:186} INFO - Started process (PID=6249) to work on /opt/airflow/dags/nawy_dag.py
[2025-09-22T00:08:34.763+0000] {processor.py:914} INFO - Processing file /opt/airflow/dags/nawy_dag.py for tasks to queue
[2025-09-22T00:08:34.765+0000] {logging_mixin.py:190} INFO - [2025-09-22T00:08:34.765+0000] {dagbag.py:588} INFO - Filling up the DagBag from /opt/airflow/dags/nawy_dag.py
[2025-09-22T00:08:34.787+0000] {processor.py:925} INFO - DAG(s) 'nawy_real_estate_pipeline' retrieved from /opt/airflow/dags/nawy_dag.py
[2025-09-22T00:08:34.804+0000] {logging_mixin.py:190} INFO - [2025-09-22T00:08:34.804+0000] {dag.py:3239} INFO - Sync 1 DAGs
[2025-09-22T00:08:34.824+0000] {logging_mixin.py:190} INFO - [2025-09-22T00:08:34.824+0000] {dag.py:4180} INFO - Setting next_dagrun for nawy_real_estate_pipeline to 2025-09-22 00:00:00+00:00, run_after=2025-09-23 00:00:00+00:00
[2025-09-22T00:08:34.863+0000] {processor.py:208} INFO - Processing /opt/airflow/dags/nawy_dag.py took 0.106 seconds
[2025-09-22T00:09:05.255+0000] {processor.py:186} INFO - Started process (PID=6313) to work on /opt/airflow/dags/nawy_dag.py
[2025-09-22T00:09:05.256+0000] {processor.py:914} INFO - Processing file /opt/airflow/dags/nawy_dag.py for tasks to queue
[2025-09-22T00:09:05.258+0000] {logging_mixin.py:190} INFO - [2025-09-22T00:09:05.258+0000] {dagbag.py:588} INFO - Filling up the DagBag from /opt/airflow/dags/nawy_dag.py
[2025-09-22T00:09:05.285+0000] {processor.py:925} INFO - DAG(s) 'nawy_real_estate_pipeline' retrieved from /opt/airflow/dags/nawy_dag.py
[2025-09-22T00:09:05.303+0000] {logging_mixin.py:190} INFO - [2025-09-22T00:09:05.302+0000] {dag.py:3239} INFO - Sync 1 DAGs
[2025-09-22T00:09:05.321+0000] {logging_mixin.py:190} INFO - [2025-09-22T00:09:05.321+0000] {dag.py:4180} INFO - Setting next_dagrun for nawy_real_estate_pipeline to 2025-09-22 00:00:00+00:00, run_after=2025-09-23 00:00:00+00:00
[2025-09-22T00:09:05.371+0000] {processor.py:208} INFO - Processing /opt/airflow/dags/nawy_dag.py took 0.120 seconds
[2025-09-22T00:09:35.410+0000] {processor.py:186} INFO - Started process (PID=6378) to work on /opt/airflow/dags/nawy_dag.py
[2025-09-22T00:09:35.410+0000] {processor.py:914} INFO - Processing file /opt/airflow/dags/nawy_dag.py for tasks to queue
[2025-09-22T00:09:35.412+0000] {logging_mixin.py:190} INFO - [2025-09-22T00:09:35.412+0000] {dagbag.py:588} INFO - Filling up the DagBag from /opt/airflow/dags/nawy_dag.py
[2025-09-22T00:09:35.434+0000] {processor.py:925} INFO - DAG(s) 'nawy_real_estate_pipeline' retrieved from /opt/airflow/dags/nawy_dag.py
[2025-09-22T00:09:35.454+0000] {logging_mixin.py:190} INFO - [2025-09-22T00:09:35.454+0000] {dag.py:3239} INFO - Sync 1 DAGs
[2025-09-22T00:09:35.474+0000] {logging_mixin.py:190} INFO - [2025-09-22T00:09:35.474+0000] {dag.py:4180} INFO - Setting next_dagrun for nawy_real_estate_pipeline to 2025-09-22 00:00:00+00:00, run_after=2025-09-23 00:00:00+00:00
[2025-09-22T00:09:35.517+0000] {processor.py:208} INFO - Processing /opt/airflow/dags/nawy_dag.py took 0.112 seconds
[2025-09-22T00:10:06.167+0000] {processor.py:186} INFO - Started process (PID=6441) to work on /opt/airflow/dags/nawy_dag.py
[2025-09-22T00:10:06.248+0000] {processor.py:914} INFO - Processing file /opt/airflow/dags/nawy_dag.py for tasks to queue
[2025-09-22T00:10:06.250+0000] {logging_mixin.py:190} INFO - [2025-09-22T00:10:06.249+0000] {dagbag.py:588} INFO - Filling up the DagBag from /opt/airflow/dags/nawy_dag.py
[2025-09-22T00:10:06.272+0000] {processor.py:925} INFO - DAG(s) 'nawy_real_estate_pipeline' retrieved from /opt/airflow/dags/nawy_dag.py
[2025-09-22T00:10:06.289+0000] {logging_mixin.py:190} INFO - [2025-09-22T00:10:06.289+0000] {dag.py:3239} INFO - Sync 1 DAGs
[2025-09-22T00:10:06.308+0000] {logging_mixin.py:190} INFO - [2025-09-22T00:10:06.308+0000] {dag.py:4180} INFO - Setting next_dagrun for nawy_real_estate_pipeline to 2025-09-22 00:00:00+00:00, run_after=2025-09-23 00:00:00+00:00
[2025-09-22T00:10:06.359+0000] {processor.py:208} INFO - Processing /opt/airflow/dags/nawy_dag.py took 0.197 seconds
[2025-09-22T00:10:36.589+0000] {processor.py:186} INFO - Started process (PID=6505) to work on /opt/airflow/dags/nawy_dag.py
[2025-09-22T00:10:36.589+0000] {processor.py:914} INFO - Processing file /opt/airflow/dags/nawy_dag.py for tasks to queue
[2025-09-22T00:10:36.591+0000] {logging_mixin.py:190} INFO - [2025-09-22T00:10:36.591+0000] {dagbag.py:588} INFO - Filling up the DagBag from /opt/airflow/dags/nawy_dag.py
[2025-09-22T00:10:36.611+0000] {processor.py:925} INFO - DAG(s) 'nawy_real_estate_pipeline' retrieved from /opt/airflow/dags/nawy_dag.py
[2025-09-22T00:10:36.629+0000] {logging_mixin.py:190} INFO - [2025-09-22T00:10:36.628+0000] {dag.py:3239} INFO - Sync 1 DAGs
[2025-09-22T00:10:36.649+0000] {logging_mixin.py:190} INFO - [2025-09-22T00:10:36.649+0000] {dag.py:4180} INFO - Setting next_dagrun for nawy_real_estate_pipeline to 2025-09-22 00:00:00+00:00, run_after=2025-09-23 00:00:00+00:00
[2025-09-22T00:10:36.699+0000] {processor.py:208} INFO - Processing /opt/airflow/dags/nawy_dag.py took 0.115 seconds
[2025-09-22T00:11:07.193+0000] {processor.py:186} INFO - Started process (PID=6569) to work on /opt/airflow/dags/nawy_dag.py
[2025-09-22T00:11:07.194+0000] {processor.py:914} INFO - Processing file /opt/airflow/dags/nawy_dag.py for tasks to queue
[2025-09-22T00:11:07.195+0000] {logging_mixin.py:190} INFO - [2025-09-22T00:11:07.195+0000] {dagbag.py:588} INFO - Filling up the DagBag from /opt/airflow/dags/nawy_dag.py
[2025-09-22T00:11:07.216+0000] {processor.py:925} INFO - DAG(s) 'nawy_real_estate_pipeline' retrieved from /opt/airflow/dags/nawy_dag.py
[2025-09-22T00:11:07.233+0000] {logging_mixin.py:190} INFO - [2025-09-22T00:11:07.233+0000] {dag.py:3239} INFO - Sync 1 DAGs
[2025-09-22T00:11:07.254+0000] {logging_mixin.py:190} INFO - [2025-09-22T00:11:07.254+0000] {dag.py:4180} INFO - Setting next_dagrun for nawy_real_estate_pipeline to 2025-09-22 00:00:00+00:00, run_after=2025-09-23 00:00:00+00:00
[2025-09-22T00:11:07.310+0000] {processor.py:208} INFO - Processing /opt/airflow/dags/nawy_dag.py took 0.122 seconds
[2025-09-22T00:11:38.012+0000] {processor.py:186} INFO - Started process (PID=6633) to work on /opt/airflow/dags/nawy_dag.py
[2025-09-22T00:11:38.013+0000] {processor.py:914} INFO - Processing file /opt/airflow/dags/nawy_dag.py for tasks to queue
[2025-09-22T00:11:38.015+0000] {logging_mixin.py:190} INFO - [2025-09-22T00:11:38.015+0000] {dagbag.py:588} INFO - Filling up the DagBag from /opt/airflow/dags/nawy_dag.py
[2025-09-22T00:11:38.037+0000] {processor.py:925} INFO - DAG(s) 'nawy_real_estate_pipeline' retrieved from /opt/airflow/dags/nawy_dag.py
[2025-09-22T00:11:38.055+0000] {logging_mixin.py:190} INFO - [2025-09-22T00:11:38.054+0000] {dag.py:3239} INFO - Sync 1 DAGs
[2025-09-22T00:11:38.075+0000] {logging_mixin.py:190} INFO - [2025-09-22T00:11:38.075+0000] {dag.py:4180} INFO - Setting next_dagrun for nawy_real_estate_pipeline to 2025-09-22 00:00:00+00:00, run_after=2025-09-23 00:00:00+00:00
[2025-09-22T00:11:38.126+0000] {processor.py:208} INFO - Processing /opt/airflow/dags/nawy_dag.py took 0.119 seconds
[2025-09-22T00:12:08.628+0000] {processor.py:186} INFO - Started process (PID=6697) to work on /opt/airflow/dags/nawy_dag.py
[2025-09-22T00:12:08.629+0000] {processor.py:914} INFO - Processing file /opt/airflow/dags/nawy_dag.py for tasks to queue
[2025-09-22T00:12:08.631+0000] {logging_mixin.py:190} INFO - [2025-09-22T00:12:08.631+0000] {dagbag.py:588} INFO - Filling up the DagBag from /opt/airflow/dags/nawy_dag.py
[2025-09-22T00:12:08.655+0000] {processor.py:925} INFO - DAG(s) 'nawy_real_estate_pipeline' retrieved from /opt/airflow/dags/nawy_dag.py
[2025-09-22T00:12:08.674+0000] {logging_mixin.py:190} INFO - [2025-09-22T00:12:08.674+0000] {dag.py:3239} INFO - Sync 1 DAGs
[2025-09-22T00:12:08.694+0000] {logging_mixin.py:190} INFO - [2025-09-22T00:12:08.694+0000] {dag.py:4180} INFO - Setting next_dagrun for nawy_real_estate_pipeline to 2025-09-22 00:00:00+00:00, run_after=2025-09-23 00:00:00+00:00
[2025-09-22T00:12:08.742+0000] {processor.py:208} INFO - Processing /opt/airflow/dags/nawy_dag.py took 0.118 seconds
[2025-09-22T00:12:39.291+0000] {processor.py:186} INFO - Started process (PID=6761) to work on /opt/airflow/dags/nawy_dag.py
[2025-09-22T00:12:39.292+0000] {processor.py:914} INFO - Processing file /opt/airflow/dags/nawy_dag.py for tasks to queue
[2025-09-22T00:12:39.294+0000] {logging_mixin.py:190} INFO - [2025-09-22T00:12:39.293+0000] {dagbag.py:588} INFO - Filling up the DagBag from /opt/airflow/dags/nawy_dag.py
[2025-09-22T00:12:39.319+0000] {processor.py:925} INFO - DAG(s) 'nawy_real_estate_pipeline' retrieved from /opt/airflow/dags/nawy_dag.py
[2025-09-22T00:12:39.339+0000] {logging_mixin.py:190} INFO - [2025-09-22T00:12:39.339+0000] {dag.py:3239} INFO - Sync 1 DAGs
[2025-09-22T00:12:39.364+0000] {logging_mixin.py:190} INFO - [2025-09-22T00:12:39.364+0000] {dag.py:4180} INFO - Setting next_dagrun for nawy_real_estate_pipeline to 2025-09-22 00:00:00+00:00, run_after=2025-09-23 00:00:00+00:00
[2025-09-22T00:12:39.421+0000] {processor.py:208} INFO - Processing /opt/airflow/dags/nawy_dag.py took 0.135 seconds
[2025-09-22T00:13:10.476+0000] {processor.py:186} INFO - Started process (PID=6825) to work on /opt/airflow/dags/nawy_dag.py
[2025-09-22T00:13:10.477+0000] {processor.py:914} INFO - Processing file /opt/airflow/dags/nawy_dag.py for tasks to queue
[2025-09-22T00:13:10.479+0000] {logging_mixin.py:190} INFO - [2025-09-22T00:13:10.479+0000] {dagbag.py:588} INFO - Filling up the DagBag from /opt/airflow/dags/nawy_dag.py
[2025-09-22T00:13:10.504+0000] {processor.py:925} INFO - DAG(s) 'nawy_real_estate_pipeline' retrieved from /opt/airflow/dags/nawy_dag.py
[2025-09-22T00:13:10.524+0000] {logging_mixin.py:190} INFO - [2025-09-22T00:13:10.524+0000] {dag.py:3239} INFO - Sync 1 DAGs
[2025-09-22T00:13:10.547+0000] {logging_mixin.py:190} INFO - [2025-09-22T00:13:10.547+0000] {dag.py:4180} INFO - Setting next_dagrun for nawy_real_estate_pipeline to 2025-09-22 00:00:00+00:00, run_after=2025-09-23 00:00:00+00:00
[2025-09-22T00:13:10.624+0000] {processor.py:208} INFO - Processing /opt/airflow/dags/nawy_dag.py took 0.154 seconds
[2025-09-22T00:13:41.023+0000] {processor.py:186} INFO - Started process (PID=6889) to work on /opt/airflow/dags/nawy_dag.py
[2025-09-22T00:13:41.024+0000] {processor.py:914} INFO - Processing file /opt/airflow/dags/nawy_dag.py for tasks to queue
[2025-09-22T00:13:41.026+0000] {logging_mixin.py:190} INFO - [2025-09-22T00:13:41.025+0000] {dagbag.py:588} INFO - Filling up the DagBag from /opt/airflow/dags/nawy_dag.py
[2025-09-22T00:13:41.050+0000] {processor.py:925} INFO - DAG(s) 'nawy_real_estate_pipeline' retrieved from /opt/airflow/dags/nawy_dag.py
[2025-09-22T00:13:41.069+0000] {logging_mixin.py:190} INFO - [2025-09-22T00:13:41.068+0000] {dag.py:3239} INFO - Sync 1 DAGs
[2025-09-22T00:13:41.089+0000] {logging_mixin.py:190} INFO - [2025-09-22T00:13:41.089+0000] {dag.py:4180} INFO - Setting next_dagrun for nawy_real_estate_pipeline to 2025-09-22 00:00:00+00:00, run_after=2025-09-23 00:00:00+00:00
[2025-09-22T00:13:41.143+0000] {processor.py:208} INFO - Processing /opt/airflow/dags/nawy_dag.py took 0.125 seconds
[2025-09-22T00:14:11.181+0000] {processor.py:186} INFO - Started process (PID=6954) to work on /opt/airflow/dags/nawy_dag.py
[2025-09-22T00:14:11.182+0000] {processor.py:914} INFO - Processing file /opt/airflow/dags/nawy_dag.py for tasks to queue
[2025-09-22T00:14:11.184+0000] {logging_mixin.py:190} INFO - [2025-09-22T00:14:11.184+0000] {dagbag.py:588} INFO - Filling up the DagBag from /opt/airflow/dags/nawy_dag.py
[2025-09-22T00:14:11.210+0000] {processor.py:925} INFO - DAG(s) 'nawy_real_estate_pipeline' retrieved from /opt/airflow/dags/nawy_dag.py
[2025-09-22T00:14:11.229+0000] {logging_mixin.py:190} INFO - [2025-09-22T00:14:11.229+0000] {dag.py:3239} INFO - Sync 1 DAGs
[2025-09-22T00:14:11.250+0000] {logging_mixin.py:190} INFO - [2025-09-22T00:14:11.250+0000] {dag.py:4180} INFO - Setting next_dagrun for nawy_real_estate_pipeline to 2025-09-22 00:00:00+00:00, run_after=2025-09-23 00:00:00+00:00
[2025-09-22T00:14:11.290+0000] {processor.py:208} INFO - Processing /opt/airflow/dags/nawy_dag.py took 0.114 seconds
[2025-09-22T00:14:42.054+0000] {processor.py:186} INFO - Started process (PID=7017) to work on /opt/airflow/dags/nawy_dag.py
[2025-09-22T00:14:42.055+0000] {processor.py:914} INFO - Processing file /opt/airflow/dags/nawy_dag.py for tasks to queue
[2025-09-22T00:14:42.057+0000] {logging_mixin.py:190} INFO - [2025-09-22T00:14:42.057+0000] {dagbag.py:588} INFO - Filling up the DagBag from /opt/airflow/dags/nawy_dag.py
[2025-09-22T00:14:42.081+0000] {processor.py:925} INFO - DAG(s) 'nawy_real_estate_pipeline' retrieved from /opt/airflow/dags/nawy_dag.py
[2025-09-22T00:14:42.101+0000] {logging_mixin.py:190} INFO - [2025-09-22T00:14:42.101+0000] {dag.py:3239} INFO - Sync 1 DAGs
[2025-09-22T00:14:42.122+0000] {logging_mixin.py:190} INFO - [2025-09-22T00:14:42.122+0000] {dag.py:4180} INFO - Setting next_dagrun for nawy_real_estate_pipeline to 2025-09-22 00:00:00+00:00, run_after=2025-09-23 00:00:00+00:00
[2025-09-22T00:14:42.167+0000] {processor.py:208} INFO - Processing /opt/airflow/dags/nawy_dag.py took 0.119 seconds
[2025-09-22T00:15:12.496+0000] {processor.py:186} INFO - Started process (PID=7081) to work on /opt/airflow/dags/nawy_dag.py
[2025-09-22T00:15:12.497+0000] {processor.py:914} INFO - Processing file /opt/airflow/dags/nawy_dag.py for tasks to queue
[2025-09-22T00:15:12.498+0000] {logging_mixin.py:190} INFO - [2025-09-22T00:15:12.498+0000] {dagbag.py:588} INFO - Filling up the DagBag from /opt/airflow/dags/nawy_dag.py
[2025-09-22T00:15:12.520+0000] {processor.py:925} INFO - DAG(s) 'nawy_real_estate_pipeline' retrieved from /opt/airflow/dags/nawy_dag.py
[2025-09-22T00:15:12.540+0000] {logging_mixin.py:190} INFO - [2025-09-22T00:15:12.539+0000] {dag.py:3239} INFO - Sync 1 DAGs
[2025-09-22T00:15:12.560+0000] {logging_mixin.py:190} INFO - [2025-09-22T00:15:12.560+0000] {dag.py:4180} INFO - Setting next_dagrun for nawy_real_estate_pipeline to 2025-09-22 00:00:00+00:00, run_after=2025-09-23 00:00:00+00:00
[2025-09-22T00:15:12.622+0000] {processor.py:208} INFO - Processing /opt/airflow/dags/nawy_dag.py took 0.131 seconds
[2025-09-22T00:15:43.140+0000] {processor.py:186} INFO - Started process (PID=7145) to work on /opt/airflow/dags/nawy_dag.py
[2025-09-22T00:15:43.142+0000] {processor.py:914} INFO - Processing file /opt/airflow/dags/nawy_dag.py for tasks to queue
[2025-09-22T00:15:43.144+0000] {logging_mixin.py:190} INFO - [2025-09-22T00:15:43.144+0000] {dagbag.py:588} INFO - Filling up the DagBag from /opt/airflow/dags/nawy_dag.py
[2025-09-22T00:15:43.172+0000] {processor.py:925} INFO - DAG(s) 'nawy_real_estate_pipeline' retrieved from /opt/airflow/dags/nawy_dag.py
[2025-09-22T00:15:43.195+0000] {logging_mixin.py:190} INFO - [2025-09-22T00:15:43.194+0000] {dag.py:3239} INFO - Sync 1 DAGs
[2025-09-22T00:15:43.225+0000] {logging_mixin.py:190} INFO - [2025-09-22T00:15:43.225+0000] {dag.py:4180} INFO - Setting next_dagrun for nawy_real_estate_pipeline to 2025-09-22 00:00:00+00:00, run_after=2025-09-23 00:00:00+00:00
[2025-09-22T00:15:43.272+0000] {processor.py:208} INFO - Processing /opt/airflow/dags/nawy_dag.py took 0.139 seconds
[2025-09-22T00:16:13.606+0000] {processor.py:186} INFO - Started process (PID=7209) to work on /opt/airflow/dags/nawy_dag.py
[2025-09-22T00:16:13.607+0000] {processor.py:914} INFO - Processing file /opt/airflow/dags/nawy_dag.py for tasks to queue
[2025-09-22T00:16:13.609+0000] {logging_mixin.py:190} INFO - [2025-09-22T00:16:13.609+0000] {dagbag.py:588} INFO - Filling up the DagBag from /opt/airflow/dags/nawy_dag.py
[2025-09-22T00:16:13.634+0000] {processor.py:925} INFO - DAG(s) 'nawy_real_estate_pipeline' retrieved from /opt/airflow/dags/nawy_dag.py
[2025-09-22T00:16:13.660+0000] {logging_mixin.py:190} INFO - [2025-09-22T00:16:13.660+0000] {dag.py:3239} INFO - Sync 1 DAGs
[2025-09-22T00:16:13.686+0000] {logging_mixin.py:190} INFO - [2025-09-22T00:16:13.685+0000] {dag.py:4180} INFO - Setting next_dagrun for nawy_real_estate_pipeline to 2025-09-22 00:00:00+00:00, run_after=2025-09-23 00:00:00+00:00
[2025-09-22T00:16:13.744+0000] {processor.py:208} INFO - Processing /opt/airflow/dags/nawy_dag.py took 0.144 seconds
[2025-09-22T00:16:44.184+0000] {processor.py:186} INFO - Started process (PID=7273) to work on /opt/airflow/dags/nawy_dag.py
[2025-09-22T00:16:44.185+0000] {processor.py:914} INFO - Processing file /opt/airflow/dags/nawy_dag.py for tasks to queue
[2025-09-22T00:16:44.187+0000] {logging_mixin.py:190} INFO - [2025-09-22T00:16:44.187+0000] {dagbag.py:588} INFO - Filling up the DagBag from /opt/airflow/dags/nawy_dag.py
[2025-09-22T00:16:44.209+0000] {processor.py:925} INFO - DAG(s) 'nawy_real_estate_pipeline' retrieved from /opt/airflow/dags/nawy_dag.py
[2025-09-22T00:16:44.227+0000] {logging_mixin.py:190} INFO - [2025-09-22T00:16:44.227+0000] {dag.py:3239} INFO - Sync 1 DAGs
[2025-09-22T00:16:44.248+0000] {logging_mixin.py:190} INFO - [2025-09-22T00:16:44.248+0000] {dag.py:4180} INFO - Setting next_dagrun for nawy_real_estate_pipeline to 2025-09-22 00:00:00+00:00, run_after=2025-09-23 00:00:00+00:00
[2025-09-22T00:16:44.335+0000] {processor.py:208} INFO - Processing /opt/airflow/dags/nawy_dag.py took 0.155 seconds
[2025-09-22T00:17:14.453+0000] {processor.py:186} INFO - Started process (PID=7337) to work on /opt/airflow/dags/nawy_dag.py
[2025-09-22T00:17:14.454+0000] {processor.py:914} INFO - Processing file /opt/airflow/dags/nawy_dag.py for tasks to queue
[2025-09-22T00:17:14.456+0000] {logging_mixin.py:190} INFO - [2025-09-22T00:17:14.456+0000] {dagbag.py:588} INFO - Filling up the DagBag from /opt/airflow/dags/nawy_dag.py
[2025-09-22T00:17:14.483+0000] {processor.py:925} INFO - DAG(s) 'nawy_real_estate_pipeline' retrieved from /opt/airflow/dags/nawy_dag.py
[2025-09-22T00:17:14.506+0000] {logging_mixin.py:190} INFO - [2025-09-22T00:17:14.506+0000] {dag.py:3239} INFO - Sync 1 DAGs
[2025-09-22T00:17:14.534+0000] {logging_mixin.py:190} INFO - [2025-09-22T00:17:14.534+0000] {dag.py:4180} INFO - Setting next_dagrun for nawy_real_estate_pipeline to 2025-09-22 00:00:00+00:00, run_after=2025-09-23 00:00:00+00:00
[2025-09-22T00:17:14.592+0000] {processor.py:208} INFO - Processing /opt/airflow/dags/nawy_dag.py took 0.145 seconds
[2025-09-22T00:17:44.670+0000] {processor.py:186} INFO - Started process (PID=7401) to work on /opt/airflow/dags/nawy_dag.py
[2025-09-22T00:17:44.671+0000] {processor.py:914} INFO - Processing file /opt/airflow/dags/nawy_dag.py for tasks to queue
[2025-09-22T00:17:44.673+0000] {logging_mixin.py:190} INFO - [2025-09-22T00:17:44.672+0000] {dagbag.py:588} INFO - Filling up the DagBag from /opt/airflow/dags/nawy_dag.py
[2025-09-22T00:17:44.699+0000] {processor.py:925} INFO - DAG(s) 'nawy_real_estate_pipeline' retrieved from /opt/airflow/dags/nawy_dag.py
[2025-09-22T00:17:44.721+0000] {logging_mixin.py:190} INFO - [2025-09-22T00:17:44.720+0000] {dag.py:3239} INFO - Sync 1 DAGs
[2025-09-22T00:17:44.744+0000] {logging_mixin.py:190} INFO - [2025-09-22T00:17:44.744+0000] {dag.py:4180} INFO - Setting next_dagrun for nawy_real_estate_pipeline to 2025-09-22 00:00:00+00:00, run_after=2025-09-23 00:00:00+00:00
[2025-09-22T00:17:44.796+0000] {processor.py:208} INFO - Processing /opt/airflow/dags/nawy_dag.py took 0.132 seconds
[2025-09-22T00:18:14.909+0000] {processor.py:186} INFO - Started process (PID=7465) to work on /opt/airflow/dags/nawy_dag.py
[2025-09-22T00:18:14.910+0000] {processor.py:914} INFO - Processing file /opt/airflow/dags/nawy_dag.py for tasks to queue
[2025-09-22T00:18:14.912+0000] {logging_mixin.py:190} INFO - [2025-09-22T00:18:14.912+0000] {dagbag.py:588} INFO - Filling up the DagBag from /opt/airflow/dags/nawy_dag.py
[2025-09-22T00:18:14.936+0000] {processor.py:925} INFO - DAG(s) 'nawy_real_estate_pipeline' retrieved from /opt/airflow/dags/nawy_dag.py
[2025-09-22T00:18:14.960+0000] {logging_mixin.py:190} INFO - [2025-09-22T00:18:14.960+0000] {dag.py:3239} INFO - Sync 1 DAGs
[2025-09-22T00:18:14.986+0000] {logging_mixin.py:190} INFO - [2025-09-22T00:18:14.986+0000] {dag.py:4180} INFO - Setting next_dagrun for nawy_real_estate_pipeline to 2025-09-22 00:00:00+00:00, run_after=2025-09-23 00:00:00+00:00
[2025-09-22T00:18:15.039+0000] {processor.py:208} INFO - Processing /opt/airflow/dags/nawy_dag.py took 0.136 seconds
[2025-09-22T00:18:45.217+0000] {processor.py:186} INFO - Started process (PID=7529) to work on /opt/airflow/dags/nawy_dag.py
[2025-09-22T00:18:45.218+0000] {processor.py:914} INFO - Processing file /opt/airflow/dags/nawy_dag.py for tasks to queue
[2025-09-22T00:18:45.220+0000] {logging_mixin.py:190} INFO - [2025-09-22T00:18:45.220+0000] {dagbag.py:588} INFO - Filling up the DagBag from /opt/airflow/dags/nawy_dag.py
[2025-09-22T00:18:45.243+0000] {processor.py:925} INFO - DAG(s) 'nawy_real_estate_pipeline' retrieved from /opt/airflow/dags/nawy_dag.py
[2025-09-22T00:18:45.262+0000] {logging_mixin.py:190} INFO - [2025-09-22T00:18:45.262+0000] {dag.py:3239} INFO - Sync 1 DAGs
[2025-09-22T00:18:45.283+0000] {logging_mixin.py:190} INFO - [2025-09-22T00:18:45.282+0000] {dag.py:4180} INFO - Setting next_dagrun for nawy_real_estate_pipeline to 2025-09-22 00:00:00+00:00, run_after=2025-09-23 00:00:00+00:00
[2025-09-22T00:18:45.335+0000] {processor.py:208} INFO - Processing /opt/airflow/dags/nawy_dag.py took 0.123 seconds
[2025-09-22T00:19:15.530+0000] {processor.py:186} INFO - Started process (PID=7593) to work on /opt/airflow/dags/nawy_dag.py
[2025-09-22T00:19:15.530+0000] {processor.py:914} INFO - Processing file /opt/airflow/dags/nawy_dag.py for tasks to queue
[2025-09-22T00:19:15.532+0000] {logging_mixin.py:190} INFO - [2025-09-22T00:19:15.532+0000] {dagbag.py:588} INFO - Filling up the DagBag from /opt/airflow/dags/nawy_dag.py
[2025-09-22T00:19:15.556+0000] {processor.py:925} INFO - DAG(s) 'nawy_real_estate_pipeline' retrieved from /opt/airflow/dags/nawy_dag.py
[2025-09-22T00:19:15.578+0000] {logging_mixin.py:190} INFO - [2025-09-22T00:19:15.578+0000] {dag.py:3239} INFO - Sync 1 DAGs
[2025-09-22T00:19:15.603+0000] {logging_mixin.py:190} INFO - [2025-09-22T00:19:15.603+0000] {dag.py:4180} INFO - Setting next_dagrun for nawy_real_estate_pipeline to 2025-09-22 00:00:00+00:00, run_after=2025-09-23 00:00:00+00:00
[2025-09-22T00:19:15.661+0000] {processor.py:208} INFO - Processing /opt/airflow/dags/nawy_dag.py took 0.136 seconds
[2025-09-22T00:19:46.262+0000] {processor.py:186} INFO - Started process (PID=7657) to work on /opt/airflow/dags/nawy_dag.py
[2025-09-22T00:19:46.262+0000] {processor.py:914} INFO - Processing file /opt/airflow/dags/nawy_dag.py for tasks to queue
[2025-09-22T00:19:46.264+0000] {logging_mixin.py:190} INFO - [2025-09-22T00:19:46.264+0000] {dagbag.py:588} INFO - Filling up the DagBag from /opt/airflow/dags/nawy_dag.py
[2025-09-22T00:19:46.286+0000] {processor.py:925} INFO - DAG(s) 'nawy_real_estate_pipeline' retrieved from /opt/airflow/dags/nawy_dag.py
[2025-09-22T00:19:46.306+0000] {logging_mixin.py:190} INFO - [2025-09-22T00:19:46.306+0000] {dag.py:3239} INFO - Sync 1 DAGs
[2025-09-22T00:19:46.330+0000] {logging_mixin.py:190} INFO - [2025-09-22T00:19:46.330+0000] {dag.py:4180} INFO - Setting next_dagrun for nawy_real_estate_pipeline to 2025-09-22 00:00:00+00:00, run_after=2025-09-23 00:00:00+00:00
[2025-09-22T00:19:46.402+0000] {processor.py:208} INFO - Processing /opt/airflow/dags/nawy_dag.py took 0.146 seconds
[2025-09-22T00:20:16.602+0000] {processor.py:186} INFO - Started process (PID=7721) to work on /opt/airflow/dags/nawy_dag.py
[2025-09-22T00:20:16.603+0000] {processor.py:914} INFO - Processing file /opt/airflow/dags/nawy_dag.py for tasks to queue
[2025-09-22T00:20:16.605+0000] {logging_mixin.py:190} INFO - [2025-09-22T00:20:16.604+0000] {dagbag.py:588} INFO - Filling up the DagBag from /opt/airflow/dags/nawy_dag.py
[2025-09-22T00:20:16.631+0000] {processor.py:925} INFO - DAG(s) 'nawy_real_estate_pipeline' retrieved from /opt/airflow/dags/nawy_dag.py
[2025-09-22T00:20:16.650+0000] {logging_mixin.py:190} INFO - [2025-09-22T00:20:16.650+0000] {dag.py:3239} INFO - Sync 1 DAGs
[2025-09-22T00:20:16.671+0000] {logging_mixin.py:190} INFO - [2025-09-22T00:20:16.671+0000] {dag.py:4180} INFO - Setting next_dagrun for nawy_real_estate_pipeline to 2025-09-22 00:00:00+00:00, run_after=2025-09-23 00:00:00+00:00
[2025-09-22T00:20:16.727+0000] {processor.py:208} INFO - Processing /opt/airflow/dags/nawy_dag.py took 0.131 seconds
[2025-09-22T00:20:46.810+0000] {processor.py:186} INFO - Started process (PID=7785) to work on /opt/airflow/dags/nawy_dag.py
[2025-09-22T00:20:46.811+0000] {processor.py:914} INFO - Processing file /opt/airflow/dags/nawy_dag.py for tasks to queue
[2025-09-22T00:20:46.813+0000] {logging_mixin.py:190} INFO - [2025-09-22T00:20:46.812+0000] {dagbag.py:588} INFO - Filling up the DagBag from /opt/airflow/dags/nawy_dag.py
[2025-09-22T00:20:46.836+0000] {processor.py:925} INFO - DAG(s) 'nawy_real_estate_pipeline' retrieved from /opt/airflow/dags/nawy_dag.py
[2025-09-22T00:20:46.855+0000] {logging_mixin.py:190} INFO - [2025-09-22T00:20:46.855+0000] {dag.py:3239} INFO - Sync 1 DAGs
[2025-09-22T00:20:46.876+0000] {logging_mixin.py:190} INFO - [2025-09-22T00:20:46.876+0000] {dag.py:4180} INFO - Setting next_dagrun for nawy_real_estate_pipeline to 2025-09-22 00:00:00+00:00, run_after=2025-09-23 00:00:00+00:00
[2025-09-22T00:20:47.245+0000] {processor.py:208} INFO - Processing /opt/airflow/dags/nawy_dag.py took 0.440 seconds
[2025-09-22T00:21:17.337+0000] {processor.py:186} INFO - Started process (PID=7849) to work on /opt/airflow/dags/nawy_dag.py
[2025-09-22T00:21:17.338+0000] {processor.py:914} INFO - Processing file /opt/airflow/dags/nawy_dag.py for tasks to queue
[2025-09-22T00:21:17.340+0000] {logging_mixin.py:190} INFO - [2025-09-22T00:21:17.339+0000] {dagbag.py:588} INFO - Filling up the DagBag from /opt/airflow/dags/nawy_dag.py
[2025-09-22T00:21:17.360+0000] {processor.py:925} INFO - DAG(s) 'nawy_real_estate_pipeline' retrieved from /opt/airflow/dags/nawy_dag.py
[2025-09-22T00:21:17.379+0000] {logging_mixin.py:190} INFO - [2025-09-22T00:21:17.378+0000] {dag.py:3239} INFO - Sync 1 DAGs
[2025-09-22T00:21:17.400+0000] {logging_mixin.py:190} INFO - [2025-09-22T00:21:17.399+0000] {dag.py:4180} INFO - Setting next_dagrun for nawy_real_estate_pipeline to 2025-09-22 00:00:00+00:00, run_after=2025-09-23 00:00:00+00:00
[2025-09-22T00:21:17.451+0000] {processor.py:208} INFO - Processing /opt/airflow/dags/nawy_dag.py took 0.120 seconds
[2025-09-22T00:21:47.612+0000] {processor.py:186} INFO - Started process (PID=7912) to work on /opt/airflow/dags/nawy_dag.py
[2025-09-22T00:21:47.612+0000] {processor.py:914} INFO - Processing file /opt/airflow/dags/nawy_dag.py for tasks to queue
[2025-09-22T00:21:47.614+0000] {logging_mixin.py:190} INFO - [2025-09-22T00:21:47.614+0000] {dagbag.py:588} INFO - Filling up the DagBag from /opt/airflow/dags/nawy_dag.py
[2025-09-22T00:21:47.641+0000] {processor.py:925} INFO - DAG(s) 'nawy_real_estate_pipeline' retrieved from /opt/airflow/dags/nawy_dag.py
[2025-09-22T00:21:47.661+0000] {logging_mixin.py:190} INFO - [2025-09-22T00:21:47.661+0000] {dag.py:3239} INFO - Sync 1 DAGs
[2025-09-22T00:21:47.682+0000] {logging_mixin.py:190} INFO - [2025-09-22T00:21:47.682+0000] {dag.py:4180} INFO - Setting next_dagrun for nawy_real_estate_pipeline to 2025-09-22 00:00:00+00:00, run_after=2025-09-23 00:00:00+00:00
[2025-09-22T00:21:48.108+0000] {processor.py:208} INFO - Processing /opt/airflow/dags/nawy_dag.py took 0.502 seconds
[2025-09-22T00:22:18.343+0000] {processor.py:186} INFO - Started process (PID=7976) to work on /opt/airflow/dags/nawy_dag.py
[2025-09-22T00:22:18.344+0000] {processor.py:914} INFO - Processing file /opt/airflow/dags/nawy_dag.py for tasks to queue
[2025-09-22T00:22:18.346+0000] {logging_mixin.py:190} INFO - [2025-09-22T00:22:18.346+0000] {dagbag.py:588} INFO - Filling up the DagBag from /opt/airflow/dags/nawy_dag.py
[2025-09-22T00:22:18.371+0000] {processor.py:925} INFO - DAG(s) 'nawy_real_estate_pipeline' retrieved from /opt/airflow/dags/nawy_dag.py
[2025-09-22T00:22:18.390+0000] {logging_mixin.py:190} INFO - [2025-09-22T00:22:18.390+0000] {dag.py:3239} INFO - Sync 1 DAGs
[2025-09-22T00:22:18.412+0000] {logging_mixin.py:190} INFO - [2025-09-22T00:22:18.412+0000] {dag.py:4180} INFO - Setting next_dagrun for nawy_real_estate_pipeline to 2025-09-22 00:00:00+00:00, run_after=2025-09-23 00:00:00+00:00
[2025-09-22T00:22:18.459+0000] {processor.py:208} INFO - Processing /opt/airflow/dags/nawy_dag.py took 0.120 seconds
[2025-09-22T00:22:49.731+0000] {processor.py:186} INFO - Started process (PID=8040) to work on /opt/airflow/dags/nawy_dag.py
[2025-09-22T00:22:49.732+0000] {processor.py:914} INFO - Processing file /opt/airflow/dags/nawy_dag.py for tasks to queue
[2025-09-22T00:22:49.733+0000] {logging_mixin.py:190} INFO - [2025-09-22T00:22:49.733+0000] {dagbag.py:588} INFO - Filling up the DagBag from /opt/airflow/dags/nawy_dag.py
[2025-09-22T00:22:49.755+0000] {processor.py:925} INFO - DAG(s) 'nawy_real_estate_pipeline' retrieved from /opt/airflow/dags/nawy_dag.py
[2025-09-22T00:22:49.774+0000] {logging_mixin.py:190} INFO - [2025-09-22T00:22:49.774+0000] {dag.py:3239} INFO - Sync 1 DAGs
[2025-09-22T00:22:49.796+0000] {logging_mixin.py:190} INFO - [2025-09-22T00:22:49.796+0000] {dag.py:4180} INFO - Setting next_dagrun for nawy_real_estate_pipeline to 2025-09-22 00:00:00+00:00, run_after=2025-09-23 00:00:00+00:00
[2025-09-22T00:22:49.876+0000] {processor.py:208} INFO - Processing /opt/airflow/dags/nawy_dag.py took 0.151 seconds
[2025-09-22T00:23:19.936+0000] {processor.py:186} INFO - Started process (PID=8095) to work on /opt/airflow/dags/nawy_dag.py
[2025-09-22T00:23:19.937+0000] {processor.py:914} INFO - Processing file /opt/airflow/dags/nawy_dag.py for tasks to queue
[2025-09-22T00:23:19.939+0000] {logging_mixin.py:190} INFO - [2025-09-22T00:23:19.939+0000] {dagbag.py:588} INFO - Filling up the DagBag from /opt/airflow/dags/nawy_dag.py
[2025-09-22T00:23:19.970+0000] {processor.py:925} INFO - DAG(s) 'nawy_real_estate_pipeline' retrieved from /opt/airflow/dags/nawy_dag.py
[2025-09-22T00:23:19.989+0000] {logging_mixin.py:190} INFO - [2025-09-22T00:23:19.989+0000] {dag.py:3239} INFO - Sync 1 DAGs
[2025-09-22T00:23:20.011+0000] {logging_mixin.py:190} INFO - [2025-09-22T00:23:20.010+0000] {dag.py:4180} INFO - Setting next_dagrun for nawy_real_estate_pipeline to 2025-09-22 00:00:00+00:00, run_after=2025-09-23 00:00:00+00:00
[2025-09-22T00:23:20.854+0000] {processor.py:208} INFO - Processing /opt/airflow/dags/nawy_dag.py took 0.923 seconds
[2025-09-22T00:23:51.362+0000] {processor.py:186} INFO - Started process (PID=8158) to work on /opt/airflow/dags/nawy_dag.py
[2025-09-22T00:23:51.363+0000] {processor.py:914} INFO - Processing file /opt/airflow/dags/nawy_dag.py for tasks to queue
[2025-09-22T00:23:51.365+0000] {logging_mixin.py:190} INFO - [2025-09-22T00:23:51.365+0000] {dagbag.py:588} INFO - Filling up the DagBag from /opt/airflow/dags/nawy_dag.py
[2025-09-22T00:23:51.389+0000] {processor.py:925} INFO - DAG(s) 'nawy_real_estate_pipeline' retrieved from /opt/airflow/dags/nawy_dag.py
[2025-09-22T00:23:51.409+0000] {logging_mixin.py:190} INFO - [2025-09-22T00:23:51.409+0000] {dag.py:3239} INFO - Sync 1 DAGs
[2025-09-22T00:23:51.430+0000] {logging_mixin.py:190} INFO - [2025-09-22T00:23:51.430+0000] {dag.py:4180} INFO - Setting next_dagrun for nawy_real_estate_pipeline to 2025-09-22 00:00:00+00:00, run_after=2025-09-23 00:00:00+00:00
[2025-09-22T00:23:51.494+0000] {processor.py:208} INFO - Processing /opt/airflow/dags/nawy_dag.py took 0.137 seconds
[2025-09-22T00:24:21.992+0000] {processor.py:186} INFO - Started process (PID=8220) to work on /opt/airflow/dags/nawy_dag.py
[2025-09-22T00:24:21.993+0000] {processor.py:914} INFO - Processing file /opt/airflow/dags/nawy_dag.py for tasks to queue
[2025-09-22T00:24:21.995+0000] {logging_mixin.py:190} INFO - [2025-09-22T00:24:21.994+0000] {dagbag.py:588} INFO - Filling up the DagBag from /opt/airflow/dags/nawy_dag.py
[2025-09-22T00:24:22.016+0000] {processor.py:925} INFO - DAG(s) 'nawy_real_estate_pipeline' retrieved from /opt/airflow/dags/nawy_dag.py
[2025-09-22T00:24:22.036+0000] {logging_mixin.py:190} INFO - [2025-09-22T00:24:22.036+0000] {dag.py:3239} INFO - Sync 1 DAGs
[2025-09-22T00:24:22.057+0000] {logging_mixin.py:190} INFO - [2025-09-22T00:24:22.057+0000] {dag.py:4180} INFO - Setting next_dagrun for nawy_real_estate_pipeline to 2025-09-22 00:00:00+00:00, run_after=2025-09-23 00:00:00+00:00
[2025-09-22T00:24:22.115+0000] {processor.py:208} INFO - Processing /opt/airflow/dags/nawy_dag.py took 0.128 seconds
[2025-09-22T00:24:53.052+0000] {processor.py:186} INFO - Started process (PID=8284) to work on /opt/airflow/dags/nawy_dag.py
[2025-09-22T00:24:53.052+0000] {processor.py:914} INFO - Processing file /opt/airflow/dags/nawy_dag.py for tasks to queue
[2025-09-22T00:24:53.055+0000] {logging_mixin.py:190} INFO - [2025-09-22T00:24:53.054+0000] {dagbag.py:588} INFO - Filling up the DagBag from /opt/airflow/dags/nawy_dag.py
[2025-09-22T00:24:53.082+0000] {processor.py:925} INFO - DAG(s) 'nawy_real_estate_pipeline' retrieved from /opt/airflow/dags/nawy_dag.py
[2025-09-22T00:24:53.101+0000] {logging_mixin.py:190} INFO - [2025-09-22T00:24:53.101+0000] {dag.py:3239} INFO - Sync 1 DAGs
[2025-09-22T00:24:53.122+0000] {logging_mixin.py:190} INFO - [2025-09-22T00:24:53.122+0000] {dag.py:4180} INFO - Setting next_dagrun for nawy_real_estate_pipeline to 2025-09-22 00:00:00+00:00, run_after=2025-09-23 00:00:00+00:00
[2025-09-22T00:24:53.180+0000] {processor.py:208} INFO - Processing /opt/airflow/dags/nawy_dag.py took 0.134 seconds
[2025-09-22T00:25:24.031+0000] {processor.py:186} INFO - Started process (PID=8348) to work on /opt/airflow/dags/nawy_dag.py
[2025-09-22T00:25:24.032+0000] {processor.py:914} INFO - Processing file /opt/airflow/dags/nawy_dag.py for tasks to queue
[2025-09-22T00:25:24.034+0000] {logging_mixin.py:190} INFO - [2025-09-22T00:25:24.033+0000] {dagbag.py:588} INFO - Filling up the DagBag from /opt/airflow/dags/nawy_dag.py
[2025-09-22T00:25:24.054+0000] {processor.py:925} INFO - DAG(s) 'nawy_real_estate_pipeline' retrieved from /opt/airflow/dags/nawy_dag.py
[2025-09-22T00:25:24.075+0000] {logging_mixin.py:190} INFO - [2025-09-22T00:25:24.075+0000] {dag.py:3239} INFO - Sync 1 DAGs
[2025-09-22T00:25:24.098+0000] {logging_mixin.py:190} INFO - [2025-09-22T00:25:24.098+0000] {dag.py:4180} INFO - Setting next_dagrun for nawy_real_estate_pipeline to 2025-09-22 00:00:00+00:00, run_after=2025-09-23 00:00:00+00:00
[2025-09-22T00:25:24.154+0000] {processor.py:208} INFO - Processing /opt/airflow/dags/nawy_dag.py took 0.128 seconds
[2025-09-22T00:25:54.287+0000] {processor.py:186} INFO - Started process (PID=8413) to work on /opt/airflow/dags/nawy_dag.py
[2025-09-22T00:25:54.288+0000] {processor.py:914} INFO - Processing file /opt/airflow/dags/nawy_dag.py for tasks to queue
[2025-09-22T00:25:54.290+0000] {logging_mixin.py:190} INFO - [2025-09-22T00:25:54.290+0000] {dagbag.py:588} INFO - Filling up the DagBag from /opt/airflow/dags/nawy_dag.py
[2025-09-22T00:25:54.312+0000] {processor.py:925} INFO - DAG(s) 'nawy_real_estate_pipeline' retrieved from /opt/airflow/dags/nawy_dag.py
[2025-09-22T00:25:54.332+0000] {logging_mixin.py:190} INFO - [2025-09-22T00:25:54.332+0000] {dag.py:3239} INFO - Sync 1 DAGs
[2025-09-22T00:25:54.355+0000] {logging_mixin.py:190} INFO - [2025-09-22T00:25:54.355+0000] {dag.py:4180} INFO - Setting next_dagrun for nawy_real_estate_pipeline to 2025-09-22 00:00:00+00:00, run_after=2025-09-23 00:00:00+00:00
[2025-09-22T00:25:54.394+0000] {processor.py:208} INFO - Processing /opt/airflow/dags/nawy_dag.py took 0.114 seconds
[2025-09-22T00:26:25.079+0000] {processor.py:186} INFO - Started process (PID=8476) to work on /opt/airflow/dags/nawy_dag.py
[2025-09-22T00:26:25.081+0000] {processor.py:914} INFO - Processing file /opt/airflow/dags/nawy_dag.py for tasks to queue
[2025-09-22T00:26:25.084+0000] {logging_mixin.py:190} INFO - [2025-09-22T00:26:25.083+0000] {dagbag.py:588} INFO - Filling up the DagBag from /opt/airflow/dags/nawy_dag.py
[2025-09-22T00:26:25.106+0000] {processor.py:925} INFO - DAG(s) 'nawy_real_estate_pipeline' retrieved from /opt/airflow/dags/nawy_dag.py
[2025-09-22T00:26:25.129+0000] {logging_mixin.py:190} INFO - [2025-09-22T00:26:25.129+0000] {dag.py:3239} INFO - Sync 1 DAGs
[2025-09-22T00:26:25.155+0000] {logging_mixin.py:190} INFO - [2025-09-22T00:26:25.155+0000] {dag.py:4180} INFO - Setting next_dagrun for nawy_real_estate_pipeline to 2025-09-22 00:00:00+00:00, run_after=2025-09-23 00:00:00+00:00
[2025-09-22T00:26:25.201+0000] {processor.py:208} INFO - Processing /opt/airflow/dags/nawy_dag.py took 0.128 seconds
[2025-09-22T00:26:55.455+0000] {processor.py:186} INFO - Started process (PID=8538) to work on /opt/airflow/dags/nawy_dag.py
[2025-09-22T00:26:55.456+0000] {processor.py:914} INFO - Processing file /opt/airflow/dags/nawy_dag.py for tasks to queue
[2025-09-22T00:26:55.458+0000] {logging_mixin.py:190} INFO - [2025-09-22T00:26:55.457+0000] {dagbag.py:588} INFO - Filling up the DagBag from /opt/airflow/dags/nawy_dag.py
[2025-09-22T00:26:55.482+0000] {processor.py:925} INFO - DAG(s) 'nawy_real_estate_pipeline' retrieved from /opt/airflow/dags/nawy_dag.py
[2025-09-22T00:26:55.501+0000] {logging_mixin.py:190} INFO - [2025-09-22T00:26:55.501+0000] {dag.py:3239} INFO - Sync 1 DAGs
[2025-09-22T00:26:55.522+0000] {logging_mixin.py:190} INFO - [2025-09-22T00:26:55.522+0000] {dag.py:4180} INFO - Setting next_dagrun for nawy_real_estate_pipeline to 2025-09-22 00:00:00+00:00, run_after=2025-09-23 00:00:00+00:00
[2025-09-22T00:26:55.570+0000] {processor.py:208} INFO - Processing /opt/airflow/dags/nawy_dag.py took 0.120 seconds
[2025-09-22T00:27:25.971+0000] {processor.py:186} INFO - Started process (PID=8598) to work on /opt/airflow/dags/nawy_dag.py
[2025-09-22T00:27:25.972+0000] {processor.py:914} INFO - Processing file /opt/airflow/dags/nawy_dag.py for tasks to queue
[2025-09-22T00:27:25.974+0000] {logging_mixin.py:190} INFO - [2025-09-22T00:27:25.973+0000] {dagbag.py:588} INFO - Filling up the DagBag from /opt/airflow/dags/nawy_dag.py
[2025-09-22T00:27:25.996+0000] {processor.py:925} INFO - DAG(s) 'nawy_real_estate_pipeline' retrieved from /opt/airflow/dags/nawy_dag.py
[2025-09-22T00:27:26.015+0000] {logging_mixin.py:190} INFO - [2025-09-22T00:27:26.015+0000] {dag.py:3239} INFO - Sync 1 DAGs
[2025-09-22T00:27:26.036+0000] {logging_mixin.py:190} INFO - [2025-09-22T00:27:26.036+0000] {dag.py:4180} INFO - Setting next_dagrun for nawy_real_estate_pipeline to 2025-09-22 00:00:00+00:00, run_after=2025-09-23 00:00:00+00:00
[2025-09-22T00:27:26.083+0000] {processor.py:208} INFO - Processing /opt/airflow/dags/nawy_dag.py took 0.117 seconds
[2025-09-22T00:27:56.228+0000] {processor.py:186} INFO - Started process (PID=8659) to work on /opt/airflow/dags/nawy_dag.py
[2025-09-22T00:27:56.228+0000] {processor.py:914} INFO - Processing file /opt/airflow/dags/nawy_dag.py for tasks to queue
[2025-09-22T00:27:56.231+0000] {logging_mixin.py:190} INFO - [2025-09-22T00:27:56.230+0000] {dagbag.py:588} INFO - Filling up the DagBag from /opt/airflow/dags/nawy_dag.py
[2025-09-22T00:27:56.252+0000] {processor.py:925} INFO - DAG(s) 'nawy_real_estate_pipeline' retrieved from /opt/airflow/dags/nawy_dag.py
[2025-09-22T00:27:56.273+0000] {logging_mixin.py:190} INFO - [2025-09-22T00:27:56.273+0000] {dag.py:3239} INFO - Sync 1 DAGs
[2025-09-22T00:27:56.294+0000] {logging_mixin.py:190} INFO - [2025-09-22T00:27:56.294+0000] {dag.py:4180} INFO - Setting next_dagrun for nawy_real_estate_pipeline to 2025-09-22 00:00:00+00:00, run_after=2025-09-23 00:00:00+00:00
[2025-09-22T00:27:56.353+0000] {processor.py:208} INFO - Processing /opt/airflow/dags/nawy_dag.py took 0.131 seconds
[2025-09-22T00:28:26.974+0000] {processor.py:186} INFO - Started process (PID=8723) to work on /opt/airflow/dags/nawy_dag.py
[2025-09-22T00:28:26.975+0000] {processor.py:914} INFO - Processing file /opt/airflow/dags/nawy_dag.py for tasks to queue
[2025-09-22T00:28:26.978+0000] {logging_mixin.py:190} INFO - [2025-09-22T00:28:26.977+0000] {dagbag.py:588} INFO - Filling up the DagBag from /opt/airflow/dags/nawy_dag.py
[2025-09-22T00:28:27.001+0000] {processor.py:925} INFO - DAG(s) 'nawy_real_estate_pipeline' retrieved from /opt/airflow/dags/nawy_dag.py
[2025-09-22T00:28:27.022+0000] {logging_mixin.py:190} INFO - [2025-09-22T00:28:27.022+0000] {dag.py:3239} INFO - Sync 1 DAGs
[2025-09-22T00:28:27.044+0000] {logging_mixin.py:190} INFO - [2025-09-22T00:28:27.044+0000] {dag.py:4180} INFO - Setting next_dagrun for nawy_real_estate_pipeline to 2025-09-22 00:00:00+00:00, run_after=2025-09-23 00:00:00+00:00
[2025-09-22T00:28:27.104+0000] {processor.py:208} INFO - Processing /opt/airflow/dags/nawy_dag.py took 0.137 seconds
[2025-09-22T00:28:57.667+0000] {processor.py:186} INFO - Started process (PID=8787) to work on /opt/airflow/dags/nawy_dag.py
[2025-09-22T00:28:57.668+0000] {processor.py:914} INFO - Processing file /opt/airflow/dags/nawy_dag.py for tasks to queue
[2025-09-22T00:28:57.670+0000] {logging_mixin.py:190} INFO - [2025-09-22T00:28:57.670+0000] {dagbag.py:588} INFO - Filling up the DagBag from /opt/airflow/dags/nawy_dag.py
[2025-09-22T00:28:57.695+0000] {processor.py:925} INFO - DAG(s) 'nawy_real_estate_pipeline' retrieved from /opt/airflow/dags/nawy_dag.py
[2025-09-22T00:28:57.715+0000] {logging_mixin.py:190} INFO - [2025-09-22T00:28:57.715+0000] {dag.py:3239} INFO - Sync 1 DAGs
[2025-09-22T00:28:57.737+0000] {logging_mixin.py:190} INFO - [2025-09-22T00:28:57.737+0000] {dag.py:4180} INFO - Setting next_dagrun for nawy_real_estate_pipeline to 2025-09-22 00:00:00+00:00, run_after=2025-09-23 00:00:00+00:00
[2025-09-22T00:28:57.794+0000] {processor.py:208} INFO - Processing /opt/airflow/dags/nawy_dag.py took 0.132 seconds
[2025-09-22T00:29:28.255+0000] {processor.py:186} INFO - Started process (PID=8851) to work on /opt/airflow/dags/nawy_dag.py
[2025-09-22T00:29:28.255+0000] {processor.py:914} INFO - Processing file /opt/airflow/dags/nawy_dag.py for tasks to queue
[2025-09-22T00:29:28.257+0000] {logging_mixin.py:190} INFO - [2025-09-22T00:29:28.257+0000] {dagbag.py:588} INFO - Filling up the DagBag from /opt/airflow/dags/nawy_dag.py
[2025-09-22T00:29:28.283+0000] {processor.py:925} INFO - DAG(s) 'nawy_real_estate_pipeline' retrieved from /opt/airflow/dags/nawy_dag.py
[2025-09-22T00:29:28.303+0000] {logging_mixin.py:190} INFO - [2025-09-22T00:29:28.303+0000] {dag.py:3239} INFO - Sync 1 DAGs
[2025-09-22T00:29:28.325+0000] {logging_mixin.py:190} INFO - [2025-09-22T00:29:28.324+0000] {dag.py:4180} INFO - Setting next_dagrun for nawy_real_estate_pipeline to 2025-09-22 00:00:00+00:00, run_after=2025-09-23 00:00:00+00:00
[2025-09-22T00:29:28.369+0000] {processor.py:208} INFO - Processing /opt/airflow/dags/nawy_dag.py took 0.120 seconds
[2025-09-22T00:29:58.551+0000] {processor.py:186} INFO - Started process (PID=8916) to work on /opt/airflow/dags/nawy_dag.py
[2025-09-22T00:29:58.552+0000] {processor.py:914} INFO - Processing file /opt/airflow/dags/nawy_dag.py for tasks to queue
[2025-09-22T00:29:58.554+0000] {logging_mixin.py:190} INFO - [2025-09-22T00:29:58.554+0000] {dagbag.py:588} INFO - Filling up the DagBag from /opt/airflow/dags/nawy_dag.py
[2025-09-22T00:29:58.576+0000] {processor.py:925} INFO - DAG(s) 'nawy_real_estate_pipeline' retrieved from /opt/airflow/dags/nawy_dag.py
[2025-09-22T00:29:58.596+0000] {logging_mixin.py:190} INFO - [2025-09-22T00:29:58.596+0000] {dag.py:3239} INFO - Sync 1 DAGs
[2025-09-22T00:29:58.618+0000] {logging_mixin.py:190} INFO - [2025-09-22T00:29:58.617+0000] {dag.py:4180} INFO - Setting next_dagrun for nawy_real_estate_pipeline to 2025-09-22 00:00:00+00:00, run_after=2025-09-23 00:00:00+00:00
[2025-09-22T00:29:58.655+0000] {processor.py:208} INFO - Processing /opt/airflow/dags/nawy_dag.py took 0.108 seconds
[2025-09-22T00:30:28.820+0000] {processor.py:186} INFO - Started process (PID=8979) to work on /opt/airflow/dags/nawy_dag.py
[2025-09-22T00:30:28.821+0000] {processor.py:914} INFO - Processing file /opt/airflow/dags/nawy_dag.py for tasks to queue
[2025-09-22T00:30:28.823+0000] {logging_mixin.py:190} INFO - [2025-09-22T00:30:28.822+0000] {dagbag.py:588} INFO - Filling up the DagBag from /opt/airflow/dags/nawy_dag.py
[2025-09-22T00:30:28.848+0000] {processor.py:925} INFO - DAG(s) 'nawy_real_estate_pipeline' retrieved from /opt/airflow/dags/nawy_dag.py
[2025-09-22T00:30:28.867+0000] {logging_mixin.py:190} INFO - [2025-09-22T00:30:28.867+0000] {dag.py:3239} INFO - Sync 1 DAGs
[2025-09-22T00:30:28.888+0000] {logging_mixin.py:190} INFO - [2025-09-22T00:30:28.888+0000] {dag.py:4180} INFO - Setting next_dagrun for nawy_real_estate_pipeline to 2025-09-22 00:00:00+00:00, run_after=2025-09-23 00:00:00+00:00
[2025-09-22T00:30:28.944+0000] {processor.py:208} INFO - Processing /opt/airflow/dags/nawy_dag.py took 0.129 seconds
[2025-09-22T00:30:59.265+0000] {processor.py:186} INFO - Started process (PID=9043) to work on /opt/airflow/dags/nawy_dag.py
[2025-09-22T00:30:59.266+0000] {processor.py:914} INFO - Processing file /opt/airflow/dags/nawy_dag.py for tasks to queue
[2025-09-22T00:30:59.268+0000] {logging_mixin.py:190} INFO - [2025-09-22T00:30:59.268+0000] {dagbag.py:588} INFO - Filling up the DagBag from /opt/airflow/dags/nawy_dag.py
[2025-09-22T00:30:59.293+0000] {processor.py:925} INFO - DAG(s) 'nawy_real_estate_pipeline' retrieved from /opt/airflow/dags/nawy_dag.py
[2025-09-22T00:30:59.312+0000] {logging_mixin.py:190} INFO - [2025-09-22T00:30:59.312+0000] {dag.py:3239} INFO - Sync 1 DAGs
[2025-09-22T00:30:59.333+0000] {logging_mixin.py:190} INFO - [2025-09-22T00:30:59.333+0000] {dag.py:4180} INFO - Setting next_dagrun for nawy_real_estate_pipeline to 2025-09-22 00:00:00+00:00, run_after=2025-09-23 00:00:00+00:00
[2025-09-22T00:30:59.381+0000] {processor.py:208} INFO - Processing /opt/airflow/dags/nawy_dag.py took 0.121 seconds
[2025-09-22T00:31:29.707+0000] {processor.py:186} INFO - Started process (PID=9107) to work on /opt/airflow/dags/nawy_dag.py
[2025-09-22T00:31:29.708+0000] {processor.py:914} INFO - Processing file /opt/airflow/dags/nawy_dag.py for tasks to queue
[2025-09-22T00:31:29.710+0000] {logging_mixin.py:190} INFO - [2025-09-22T00:31:29.710+0000] {dagbag.py:588} INFO - Filling up the DagBag from /opt/airflow/dags/nawy_dag.py
[2025-09-22T00:31:29.743+0000] {processor.py:925} INFO - DAG(s) 'nawy_real_estate_pipeline' retrieved from /opt/airflow/dags/nawy_dag.py
[2025-09-22T00:31:29.764+0000] {logging_mixin.py:190} INFO - [2025-09-22T00:31:29.764+0000] {dag.py:3239} INFO - Sync 1 DAGs
[2025-09-22T00:31:29.786+0000] {logging_mixin.py:190} INFO - [2025-09-22T00:31:29.786+0000] {dag.py:4180} INFO - Setting next_dagrun for nawy_real_estate_pipeline to 2025-09-22 00:00:00+00:00, run_after=2025-09-23 00:00:00+00:00
[2025-09-22T00:31:29.839+0000] {processor.py:208} INFO - Processing /opt/airflow/dags/nawy_dag.py took 0.138 seconds
[2025-09-22T00:32:00.052+0000] {processor.py:186} INFO - Started process (PID=9171) to work on /opt/airflow/dags/nawy_dag.py
[2025-09-22T00:32:00.058+0000] {processor.py:914} INFO - Processing file /opt/airflow/dags/nawy_dag.py for tasks to queue
[2025-09-22T00:32:00.062+0000] {logging_mixin.py:190} INFO - [2025-09-22T00:32:00.061+0000] {dagbag.py:588} INFO - Filling up the DagBag from /opt/airflow/dags/nawy_dag.py
[2025-09-22T00:32:00.117+0000] {processor.py:925} INFO - DAG(s) 'nawy_real_estate_pipeline' retrieved from /opt/airflow/dags/nawy_dag.py
[2025-09-22T00:32:00.148+0000] {logging_mixin.py:190} INFO - [2025-09-22T00:32:00.147+0000] {dag.py:3239} INFO - Sync 1 DAGs
[2025-09-22T00:32:00.186+0000] {logging_mixin.py:190} INFO - [2025-09-22T00:32:00.185+0000] {dag.py:4180} INFO - Setting next_dagrun for nawy_real_estate_pipeline to 2025-09-22 00:00:00+00:00, run_after=2025-09-23 00:00:00+00:00
[2025-09-22T00:32:00.235+0000] {processor.py:208} INFO - Processing /opt/airflow/dags/nawy_dag.py took 0.188 seconds
[2025-09-22T00:32:30.626+0000] {processor.py:186} INFO - Started process (PID=9235) to work on /opt/airflow/dags/nawy_dag.py
[2025-09-22T00:32:30.627+0000] {processor.py:914} INFO - Processing file /opt/airflow/dags/nawy_dag.py for tasks to queue
[2025-09-22T00:32:30.629+0000] {logging_mixin.py:190} INFO - [2025-09-22T00:32:30.629+0000] {dagbag.py:588} INFO - Filling up the DagBag from /opt/airflow/dags/nawy_dag.py
[2025-09-22T00:32:30.656+0000] {processor.py:925} INFO - DAG(s) 'nawy_real_estate_pipeline' retrieved from /opt/airflow/dags/nawy_dag.py
[2025-09-22T00:32:30.678+0000] {logging_mixin.py:190} INFO - [2025-09-22T00:32:30.678+0000] {dag.py:3239} INFO - Sync 1 DAGs
[2025-09-22T00:32:30.699+0000] {logging_mixin.py:190} INFO - [2025-09-22T00:32:30.699+0000] {dag.py:4180} INFO - Setting next_dagrun for nawy_real_estate_pipeline to 2025-09-22 00:00:00+00:00, run_after=2025-09-23 00:00:00+00:00
[2025-09-22T00:32:30.742+0000] {processor.py:208} INFO - Processing /opt/airflow/dags/nawy_dag.py took 0.121 seconds
[2025-09-22T00:33:00.927+0000] {processor.py:186} INFO - Started process (PID=9300) to work on /opt/airflow/dags/nawy_dag.py
[2025-09-22T00:33:00.928+0000] {processor.py:914} INFO - Processing file /opt/airflow/dags/nawy_dag.py for tasks to queue
[2025-09-22T00:33:00.930+0000] {logging_mixin.py:190} INFO - [2025-09-22T00:33:00.930+0000] {dagbag.py:588} INFO - Filling up the DagBag from /opt/airflow/dags/nawy_dag.py
[2025-09-22T00:33:00.955+0000] {processor.py:925} INFO - DAG(s) 'nawy_real_estate_pipeline' retrieved from /opt/airflow/dags/nawy_dag.py
[2025-09-22T00:33:00.976+0000] {logging_mixin.py:190} INFO - [2025-09-22T00:33:00.976+0000] {dag.py:3239} INFO - Sync 1 DAGs
[2025-09-22T00:33:00.999+0000] {logging_mixin.py:190} INFO - [2025-09-22T00:33:00.999+0000] {dag.py:4180} INFO - Setting next_dagrun for nawy_real_estate_pipeline to 2025-09-22 00:00:00+00:00, run_after=2025-09-23 00:00:00+00:00
[2025-09-22T00:33:01.041+0000] {processor.py:208} INFO - Processing /opt/airflow/dags/nawy_dag.py took 0.120 seconds
[2025-09-22T00:33:31.167+0000] {processor.py:186} INFO - Started process (PID=9364) to work on /opt/airflow/dags/nawy_dag.py
[2025-09-22T00:33:31.168+0000] {processor.py:914} INFO - Processing file /opt/airflow/dags/nawy_dag.py for tasks to queue
[2025-09-22T00:33:31.170+0000] {logging_mixin.py:190} INFO - [2025-09-22T00:33:31.170+0000] {dagbag.py:588} INFO - Filling up the DagBag from /opt/airflow/dags/nawy_dag.py
[2025-09-22T00:33:31.192+0000] {processor.py:925} INFO - DAG(s) 'nawy_real_estate_pipeline' retrieved from /opt/airflow/dags/nawy_dag.py
[2025-09-22T00:33:31.211+0000] {logging_mixin.py:190} INFO - [2025-09-22T00:33:31.211+0000] {dag.py:3239} INFO - Sync 1 DAGs
[2025-09-22T00:33:31.232+0000] {logging_mixin.py:190} INFO - [2025-09-22T00:33:31.231+0000] {dag.py:4180} INFO - Setting next_dagrun for nawy_real_estate_pipeline to 2025-09-22 00:00:00+00:00, run_after=2025-09-23 00:00:00+00:00
[2025-09-22T00:33:31.279+0000] {processor.py:208} INFO - Processing /opt/airflow/dags/nawy_dag.py took 0.118 seconds
[2025-09-22T00:34:01.711+0000] {processor.py:186} INFO - Started process (PID=9427) to work on /opt/airflow/dags/nawy_dag.py
[2025-09-22T00:34:01.712+0000] {processor.py:914} INFO - Processing file /opt/airflow/dags/nawy_dag.py for tasks to queue
[2025-09-22T00:34:01.714+0000] {logging_mixin.py:190} INFO - [2025-09-22T00:34:01.714+0000] {dagbag.py:588} INFO - Filling up the DagBag from /opt/airflow/dags/nawy_dag.py
[2025-09-22T00:34:01.735+0000] {processor.py:925} INFO - DAG(s) 'nawy_real_estate_pipeline' retrieved from /opt/airflow/dags/nawy_dag.py
[2025-09-22T00:34:01.755+0000] {logging_mixin.py:190} INFO - [2025-09-22T00:34:01.755+0000] {dag.py:3239} INFO - Sync 1 DAGs
[2025-09-22T00:34:01.777+0000] {logging_mixin.py:190} INFO - [2025-09-22T00:34:01.777+0000] {dag.py:4180} INFO - Setting next_dagrun for nawy_real_estate_pipeline to 2025-09-22 00:00:00+00:00, run_after=2025-09-23 00:00:00+00:00
[2025-09-22T00:34:01.866+0000] {processor.py:208} INFO - Processing /opt/airflow/dags/nawy_dag.py took 0.160 seconds
[2025-09-22T00:34:32.080+0000] {processor.py:186} INFO - Started process (PID=9491) to work on /opt/airflow/dags/nawy_dag.py
[2025-09-22T00:34:32.081+0000] {processor.py:914} INFO - Processing file /opt/airflow/dags/nawy_dag.py for tasks to queue
[2025-09-22T00:34:32.083+0000] {logging_mixin.py:190} INFO - [2025-09-22T00:34:32.082+0000] {dagbag.py:588} INFO - Filling up the DagBag from /opt/airflow/dags/nawy_dag.py
[2025-09-22T00:34:32.109+0000] {processor.py:925} INFO - DAG(s) 'nawy_real_estate_pipeline' retrieved from /opt/airflow/dags/nawy_dag.py
[2025-09-22T00:34:32.129+0000] {logging_mixin.py:190} INFO - [2025-09-22T00:34:32.129+0000] {dag.py:3239} INFO - Sync 1 DAGs
[2025-09-22T00:34:32.151+0000] {logging_mixin.py:190} INFO - [2025-09-22T00:34:32.150+0000] {dag.py:4180} INFO - Setting next_dagrun for nawy_real_estate_pipeline to 2025-09-22 00:00:00+00:00, run_after=2025-09-23 00:00:00+00:00
[2025-09-22T00:34:32.209+0000] {processor.py:208} INFO - Processing /opt/airflow/dags/nawy_dag.py took 0.135 seconds
[2025-09-22T00:35:02.297+0000] {processor.py:186} INFO - Started process (PID=9555) to work on /opt/airflow/dags/nawy_dag.py
[2025-09-22T00:35:02.298+0000] {processor.py:914} INFO - Processing file /opt/airflow/dags/nawy_dag.py for tasks to queue
[2025-09-22T00:35:02.300+0000] {logging_mixin.py:190} INFO - [2025-09-22T00:35:02.300+0000] {dagbag.py:588} INFO - Filling up the DagBag from /opt/airflow/dags/nawy_dag.py
[2025-09-22T00:35:02.323+0000] {processor.py:925} INFO - DAG(s) 'nawy_real_estate_pipeline' retrieved from /opt/airflow/dags/nawy_dag.py
[2025-09-22T00:35:02.342+0000] {logging_mixin.py:190} INFO - [2025-09-22T00:35:02.342+0000] {dag.py:3239} INFO - Sync 1 DAGs
[2025-09-22T00:35:02.364+0000] {logging_mixin.py:190} INFO - [2025-09-22T00:35:02.364+0000] {dag.py:4180} INFO - Setting next_dagrun for nawy_real_estate_pipeline to 2025-09-22 00:00:00+00:00, run_after=2025-09-23 00:00:00+00:00
[2025-09-22T00:35:02.449+0000] {processor.py:208} INFO - Processing /opt/airflow/dags/nawy_dag.py took 0.157 seconds
[2025-09-22T00:35:33.049+0000] {processor.py:186} INFO - Started process (PID=9619) to work on /opt/airflow/dags/nawy_dag.py
[2025-09-22T00:35:33.050+0000] {processor.py:914} INFO - Processing file /opt/airflow/dags/nawy_dag.py for tasks to queue
[2025-09-22T00:35:33.052+0000] {logging_mixin.py:190} INFO - [2025-09-22T00:35:33.051+0000] {dagbag.py:588} INFO - Filling up the DagBag from /opt/airflow/dags/nawy_dag.py
[2025-09-22T00:35:33.077+0000] {processor.py:925} INFO - DAG(s) 'nawy_real_estate_pipeline' retrieved from /opt/airflow/dags/nawy_dag.py
[2025-09-22T00:35:33.098+0000] {logging_mixin.py:190} INFO - [2025-09-22T00:35:33.097+0000] {dag.py:3239} INFO - Sync 1 DAGs
[2025-09-22T00:35:33.119+0000] {logging_mixin.py:190} INFO - [2025-09-22T00:35:33.119+0000] {dag.py:4180} INFO - Setting next_dagrun for nawy_real_estate_pipeline to 2025-09-22 00:00:00+00:00, run_after=2025-09-23 00:00:00+00:00
[2025-09-22T00:35:33.199+0000] {processor.py:208} INFO - Processing /opt/airflow/dags/nawy_dag.py took 0.156 seconds
[2025-09-22T00:36:03.329+0000] {processor.py:186} INFO - Started process (PID=9683) to work on /opt/airflow/dags/nawy_dag.py
[2025-09-22T00:36:03.330+0000] {processor.py:914} INFO - Processing file /opt/airflow/dags/nawy_dag.py for tasks to queue
[2025-09-22T00:36:03.332+0000] {logging_mixin.py:190} INFO - [2025-09-22T00:36:03.332+0000] {dagbag.py:588} INFO - Filling up the DagBag from /opt/airflow/dags/nawy_dag.py
[2025-09-22T00:36:03.358+0000] {processor.py:925} INFO - DAG(s) 'nawy_real_estate_pipeline' retrieved from /opt/airflow/dags/nawy_dag.py
[2025-09-22T00:36:03.378+0000] {logging_mixin.py:190} INFO - [2025-09-22T00:36:03.377+0000] {dag.py:3239} INFO - Sync 1 DAGs
[2025-09-22T00:36:03.400+0000] {logging_mixin.py:190} INFO - [2025-09-22T00:36:03.400+0000] {dag.py:4180} INFO - Setting next_dagrun for nawy_real_estate_pipeline to 2025-09-22 00:00:00+00:00, run_after=2025-09-23 00:00:00+00:00
[2025-09-22T00:36:03.456+0000] {processor.py:208} INFO - Processing /opt/airflow/dags/nawy_dag.py took 0.132 seconds
