[2025-09-21T23:21:14.683+0000] {local_task_job_runner.py:123} INFO - ::group::Pre task execution logs
[2025-09-21T23:21:14.704+0000] {taskinstance.py:2614} INFO - Dependencies all met for dep_context=non-requeueable deps ti=<TaskInstance: nawy_real_estate_pipeline.installing_required_dependencies manual__2025-09-20T00:32:42.999536+00:00 [queued]>
[2025-09-21T23:21:14.713+0000] {taskinstance.py:2614} INFO - Dependencies all met for dep_context=requeueable deps ti=<TaskInstance: nawy_real_estate_pipeline.installing_required_dependencies manual__2025-09-20T00:32:42.999536+00:00 [queued]>
[2025-09-21T23:21:14.714+0000] {taskinstance.py:2867} INFO - Starting attempt 1 of 1
[2025-09-21T23:21:14.839+0000] {taskinstance.py:2890} INFO - Executing <Task(BashOperator): installing_required_dependencies> on 2025-09-20 00:32:42.999536+00:00
[2025-09-21T23:21:14.846+0000] {warnings.py:112} WARNING - /home/***/.local/lib/python3.12/site-packages/***/task/task_runner/standard_task_runner.py:70: DeprecationWarning: This process (pid=269) is multi-threaded, use of fork() may lead to deadlocks in the child.
  pid = os.fork()

[2025-09-21T23:21:14.848+0000] {standard_task_runner.py:72} INFO - Started process 279 to run task
[2025-09-21T23:21:14.849+0000] {standard_task_runner.py:104} INFO - Running: ['***', 'tasks', 'run', 'nawy_real_estate_pipeline', 'installing_required_dependencies', 'manual__2025-09-20T00:32:42.999536+00:00', '--job-id', '359', '--raw', '--subdir', 'DAGS_FOLDER/nawy_dag.py', '--cfg-path', '/tmp/tmpbr9xrlkj']
[2025-09-21T23:21:14.851+0000] {standard_task_runner.py:105} INFO - Job 359: Subtask installing_required_dependencies
[2025-09-21T23:21:15.004+0000] {task_command.py:467} INFO - Running <TaskInstance: nawy_real_estate_pipeline.installing_required_dependencies manual__2025-09-20T00:32:42.999536+00:00 [running]> on host b65782a7021d
[2025-09-21T23:21:15.291+0000] {taskinstance.py:3134} INFO - Exporting env vars: AIRFLOW_CTX_DAG_OWNER='***' AIRFLOW_CTX_DAG_ID='nawy_real_estate_pipeline' AIRFLOW_CTX_TASK_ID='installing_required_dependencies' AIRFLOW_CTX_EXECUTION_DATE='2025-09-20T00:32:42.999536+00:00' AIRFLOW_CTX_TRY_NUMBER='1' AIRFLOW_CTX_DAG_RUN_ID='manual__2025-09-20T00:32:42.999536+00:00'
[2025-09-21T23:21:15.293+0000] {logging_mixin.py:190} INFO - Task instance is in running state
[2025-09-21T23:21:15.294+0000] {logging_mixin.py:190} INFO -  Previous state of the Task instance: queued
[2025-09-21T23:21:15.294+0000] {logging_mixin.py:190} INFO - Current task name:installing_required_dependencies state:running start_date:2025-09-21 23:21:14.704744+00:00
[2025-09-21T23:21:15.295+0000] {logging_mixin.py:190} INFO - Dag name:nawy_real_estate_pipeline and current dag run status:running
[2025-09-21T23:21:15.296+0000] {taskinstance.py:732} INFO - ::endgroup::
[2025-09-21T23:21:15.297+0000] {subprocess.py:78} INFO - Tmp dir root location: /tmp
[2025-09-21T23:21:15.367+0000] {subprocess.py:88} INFO - Running command: ['/usr/bin/bash', '-c', ' cd /opt/***/dags/../include/nawy_dbt_project && dbt clean &&  dbt deps --no-version-check ']
[2025-09-21T23:21:15.381+0000] {subprocess.py:99} INFO - Output:
[2025-09-21T23:21:21.497+0000] {subprocess.py:106} INFO - [0m23:21:21  Running with dbt=1.10.11
[2025-09-21T23:21:22.104+0000] {subprocess.py:106} INFO - [0m23:21:22  Checking /opt/***/include/nawy_dbt_project/dbt_packages/*
[2025-09-21T23:21:22.899+0000] {subprocess.py:106} INFO - [0m23:21:22  Cleaned /opt/***/include/nawy_dbt_project/dbt_packages/*
[2025-09-21T23:21:22.900+0000] {subprocess.py:106} INFO - [0m23:21:22  Checking /opt/***/include/nawy_dbt_project/target/*
[2025-09-21T23:21:22.905+0000] {subprocess.py:106} INFO - [0m23:21:22  Cleaned /opt/***/include/nawy_dbt_project/target/*
[2025-09-21T23:21:22.906+0000] {subprocess.py:106} INFO - [0m23:21:22  Finished cleaning all paths.
[2025-09-21T23:21:34.171+0000] {subprocess.py:106} INFO - [0m23:21:34  Running with dbt=1.10.11
[2025-09-21T23:21:35.277+0000] {subprocess.py:106} INFO - [0m23:21:35  Installing dbt-labs/dbt_utils
[2025-09-21T23:21:44.143+0000] {subprocess.py:106} INFO - [0m23:21:44  Installed from version 1.3.0
[2025-09-21T23:21:44.145+0000] {subprocess.py:106} INFO - [0m23:21:44  Updated version available: 1.3.1
[2025-09-21T23:21:44.148+0000] {subprocess.py:106} INFO - [0m23:21:44
[2025-09-21T23:21:44.149+0000] {subprocess.py:106} INFO - [0m23:21:44  Updates available for packages: ['dbt-labs/dbt_utils']
[2025-09-21T23:21:44.150+0000] {subprocess.py:106} INFO - Update your versions in packages.yml, then run dbt deps
[2025-09-21T23:21:45.509+0000] {subprocess.py:110} INFO - Command exited with return code 0
[2025-09-21T23:21:46.248+0000] {taskinstance.py:341} INFO - ::group::Post task execution logs
[2025-09-21T23:21:46.255+0000] {taskinstance.py:353} INFO - Marking task as SUCCESS. dag_id=nawy_real_estate_pipeline, task_id=installing_required_dependencies, run_id=manual__2025-09-20T00:32:42.999536+00:00, execution_date=20250920T003242, start_date=20250921T232114, end_date=20250921T232146
[2025-09-21T23:21:46.788+0000] {logging_mixin.py:190} INFO - Task instance in success state
[2025-09-21T23:21:46.789+0000] {logging_mixin.py:190} INFO -  Previous state of the Task instance: running
[2025-09-21T23:21:46.790+0000] {logging_mixin.py:190} INFO - Dag name:nawy_real_estate_pipeline queued_at:2025-09-21 23:03:47.690417+00:00
[2025-09-21T23:21:46.792+0000] {logging_mixin.py:190} INFO - Task hostname:b65782a7021d operator:BashOperator
[2025-09-21T23:21:46.869+0000] {local_task_job_runner.py:266} INFO - Task exited with return code 0
[2025-09-21T23:21:47.006+0000] {taskinstance.py:3901} INFO - 1 downstream tasks scheduled from follow-on schedule check
[2025-09-21T23:21:47.095+0000] {local_task_job_runner.py:245} INFO - ::endgroup::
