[2025-09-21T23:41:28.721+0000] {local_task_job_runner.py:123} INFO - ::group::Pre task execution logs
[2025-09-21T23:41:28.756+0000] {taskinstance.py:2614} INFO - Dependencies all met for dep_context=non-requeueable deps ti=<TaskInstance: nawy_real_estate_pipeline.soda_quality_checks_silver_layer manual__2025-09-21T23:37:30.907919+00:00 [queued]>
[2025-09-21T23:41:28.772+0000] {taskinstance.py:2614} INFO - Dependencies all met for dep_context=requeueable deps ti=<TaskInstance: nawy_real_estate_pipeline.soda_quality_checks_silver_layer manual__2025-09-21T23:37:30.907919+00:00 [queued]>
[2025-09-21T23:41:28.773+0000] {taskinstance.py:2867} INFO - Starting attempt 1 of 1
[2025-09-21T23:41:28.838+0000] {taskinstance.py:2890} INFO - Executing <Task(BashOperator): soda_quality_checks_silver_layer> on 2025-09-21 23:37:30.907919+00:00
[2025-09-21T23:41:28.847+0000] {warnings.py:112} WARNING - /home/***/.local/lib/python3.12/site-packages/***/task/task_runner/standard_task_runner.py:70: DeprecationWarning: This process (pid=1121) is multi-threaded, use of fork() may lead to deadlocks in the child.
  pid = os.fork()

[2025-09-21T23:41:28.849+0000] {standard_task_runner.py:72} INFO - Started process 1130 to run task
[2025-09-21T23:41:28.850+0000] {standard_task_runner.py:104} INFO - Running: ['***', 'tasks', 'run', 'nawy_real_estate_pipeline', 'soda_quality_checks_silver_layer', 'manual__2025-09-21T23:37:30.907919+00:00', '--job-id', '418', '--raw', '--subdir', 'DAGS_FOLDER/nawy_dag.py', '--cfg-path', '/tmp/tmpilszm7k9']
[2025-09-21T23:41:28.852+0000] {standard_task_runner.py:105} INFO - Job 418: Subtask soda_quality_checks_silver_layer
[2025-09-21T23:41:28.963+0000] {task_command.py:467} INFO - Running <TaskInstance: nawy_real_estate_pipeline.soda_quality_checks_silver_layer manual__2025-09-21T23:37:30.907919+00:00 [running]> on host b65782a7021d
[2025-09-21T23:41:29.525+0000] {taskinstance.py:3134} INFO - Exporting env vars: AIRFLOW_CTX_DAG_OWNER='***' AIRFLOW_CTX_DAG_ID='nawy_real_estate_pipeline' AIRFLOW_CTX_TASK_ID='soda_quality_checks_silver_layer' AIRFLOW_CTX_EXECUTION_DATE='2025-09-21T23:37:30.907919+00:00' AIRFLOW_CTX_TRY_NUMBER='1' AIRFLOW_CTX_DAG_RUN_ID='manual__2025-09-21T23:37:30.907919+00:00'
[2025-09-21T23:41:29.526+0000] {logging_mixin.py:190} INFO - Task instance is in running state
[2025-09-21T23:41:29.526+0000] {logging_mixin.py:190} INFO -  Previous state of the Task instance: queued
[2025-09-21T23:41:29.527+0000] {logging_mixin.py:190} INFO - Current task name:soda_quality_checks_silver_layer state:running start_date:2025-09-21 23:41:28.757840+00:00
[2025-09-21T23:41:29.527+0000] {logging_mixin.py:190} INFO - Dag name:nawy_real_estate_pipeline and current dag run status:running
[2025-09-21T23:41:29.528+0000] {taskinstance.py:732} INFO - ::endgroup::
[2025-09-21T23:41:29.529+0000] {subprocess.py:78} INFO - Tmp dir root location: /tmp
[2025-09-21T23:41:29.552+0000] {subprocess.py:88} INFO - Running command: ['/usr/bin/bash', '-c', ' cd /opt/***/dags/../include/nawy_soda_project && soda scan  -d nawy_task_destination -c configuration.yml checks/silver || true']
[2025-09-21T23:41:29.566+0000] {subprocess.py:99} INFO - Output:
[2025-09-21T23:41:31.192+0000] {subprocess.py:106} INFO - [23:41:31] Soda Core 3.5.5
[2025-09-21T23:41:31.499+0000] {subprocess.py:106} INFO - [23:41:31] Using DefaultSampler
[2025-09-21T23:41:31.505+0000] {subprocess.py:106} INFO - [23:41:31] Using DefaultSampler
[2025-09-21T23:41:31.509+0000] {subprocess.py:106} INFO - [23:41:31] Using DefaultSampler
[2025-09-21T23:41:31.521+0000] {subprocess.py:106} INFO - [23:41:31] Using DefaultSampler
[2025-09-21T23:41:31.552+0000] {subprocess.py:106} INFO - [23:41:31] Using DefaultSampler
[2025-09-21T23:41:31.661+0000] {subprocess.py:106} INFO - [23:41:31] Using DefaultSampler
[2025-09-21T23:41:31.743+0000] {subprocess.py:106} INFO - [23:41:31] Using DefaultSampler
[2025-09-21T23:41:31.744+0000] {subprocess.py:106} INFO - [23:41:31] Scan summary:
[2025-09-21T23:41:31.745+0000] {subprocess.py:106} INFO - [23:41:31] 9/11 checks PASSED:
[2025-09-21T23:41:31.746+0000] {subprocess.py:106} INFO - [23:41:31]     sales_transformed in nawy_task_destination
[2025-09-21T23:41:31.747+0000] {subprocess.py:106} INFO - [23:41:31]        combination used in key generation must be unique per each record [PASSED]
[2025-09-21T23:41:31.748+0000] {subprocess.py:106} INFO - [23:41:31]       Finalized sales must have an actual_value [PASSED]
[2025-09-21T23:41:31.749+0000] {subprocess.py:106} INFO - [23:41:31]       Orphan sales entries (no lead_id) should not exist [PASSED]
[2025-09-21T23:41:31.750+0000] {subprocess.py:106} INFO - [23:41:31]       sale_id must be unique [PASSED]
[2025-09-21T23:41:31.751+0000] {subprocess.py:106} INFO - [23:41:31]     leads_transformed in nawy_task_destination
[2025-09-21T23:41:31.752+0000] {subprocess.py:106} INFO - [23:41:31]       last contact date cant be in the future [PASSED]
[2025-09-21T23:41:31.753+0000] {subprocess.py:106} INFO - [23:41:31]       all status names should be standardized to lowercase [PASSED]
[2025-09-21T23:41:31.754+0000] {subprocess.py:106} INFO - [23:41:31]       all lead_types should be standardized to lowercase [PASSED]
[2025-09-21T23:41:31.755+0000] {subprocess.py:106} INFO - [23:41:31]       lead_id cannot be null [PASSED]
[2025-09-21T23:41:31.755+0000] {subprocess.py:106} INFO - [23:41:31]       the value campaign ='(none)' is not valid here [PASSED]
[2025-09-21T23:41:31.756+0000] {subprocess.py:106} INFO - [23:41:31] 2/11 checks WARNED:
[2025-09-21T23:41:31.757+0000] {subprocess.py:106} INFO - [23:41:31]     sales_transformed in nawy_task_destination
[2025-09-21T23:41:31.757+0000] {subprocess.py:106} INFO - [23:41:31]       Contraction date must be after or on the reservation date [WARNED]
[2025-09-21T23:41:31.758+0000] {subprocess.py:106} INFO - [23:41:31]         value: 2
[2025-09-21T23:41:31.759+0000] {subprocess.py:106} INFO - [23:41:31]     leads_transformed in nawy_task_destination
[2025-09-21T23:41:31.759+0000] {subprocess.py:106} INFO - [23:41:31]       updated_at must be after or equal to the created timestamp [WARNED]
[2025-09-21T23:41:31.760+0000] {subprocess.py:106} INFO - [23:41:31]         value: 1
[2025-09-21T23:41:31.760+0000] {subprocess.py:106} INFO - [23:41:31] Only 2 warnings. 0 failures. 0 errors. 9 pass.
[2025-09-21T23:41:33.521+0000] {subprocess.py:110} INFO - Command exited with return code 0
[2025-09-21T23:41:33.635+0000] {taskinstance.py:341} INFO - ::group::Post task execution logs
[2025-09-21T23:41:33.636+0000] {taskinstance.py:353} INFO - Marking task as SUCCESS. dag_id=nawy_real_estate_pipeline, task_id=soda_quality_checks_silver_layer, run_id=manual__2025-09-21T23:37:30.907919+00:00, execution_date=20250921T233730, start_date=20250921T234128, end_date=20250921T234133
[2025-09-21T23:41:33.754+0000] {logging_mixin.py:190} INFO - Task instance in success state
[2025-09-21T23:41:33.755+0000] {logging_mixin.py:190} INFO -  Previous state of the Task instance: running
[2025-09-21T23:41:33.756+0000] {logging_mixin.py:190} INFO - Dag name:nawy_real_estate_pipeline queued_at:2025-09-21 23:37:30.922836+00:00
[2025-09-21T23:41:33.757+0000] {logging_mixin.py:190} INFO - Task hostname:b65782a7021d operator:BashOperator
[2025-09-21T23:41:33.812+0000] {local_task_job_runner.py:266} INFO - Task exited with return code 0
[2025-09-21T23:41:33.849+0000] {taskinstance.py:3901} INFO - 1 downstream tasks scheduled from follow-on schedule check
[2025-09-21T23:41:33.878+0000] {local_task_job_runner.py:245} INFO - ::endgroup::
